<?xml version="1.0" encoding="UTF-8"?>
<testsuite xmlns:xsi="http://www.w3.org/2001/XMLSchema-instance" xsi:noNamespaceSchemaLocation="https://maven.apache.org/surefire/maven-surefire-plugin/xsd/surefire-test-report-3.0.xsd" version="3.0" name="GetOrderUserTest" time="4.585" tests="2" errors="0" skipped="0" failures="0">
  <properties>
    <property name="sun.desktop" value="windows"/>
    <property name="awt.toolkit" value="sun.awt.windows.WToolkit"/>
    <property name="java.specification.version" value="11"/>
    <property name="sun.cpu.isalist" value="amd64"/>
    <property name="sun.jnu.encoding" value="Cp1251"/>
    <property name="java.class.path" value="D:\projects\Diplom\Diplom_2\target\test-classes;D:\projects\Diplom\Diplom_2\target\classes;C:\Users\User\.m2\repository\junit\junit\4.13.2\junit-4.13.2.jar;C:\Users\User\.m2\repository\org\hamcrest\hamcrest-core\1.3\hamcrest-core-1.3.jar;C:\Users\User\.m2\repository\io\rest-assured\rest-assured\5.4.0\rest-assured-5.4.0.jar;C:\Users\User\.m2\repository\org\apache\groovy\groovy\4.0.16\groovy-4.0.16.jar;C:\Users\User\.m2\repository\org\apache\groovy\groovy-xml\4.0.16\groovy-xml-4.0.16.jar;C:\Users\User\.m2\repository\org\apache\httpcomponents\httpclient\4.5.13\httpclient-4.5.13.jar;C:\Users\User\.m2\repository\org\apache\httpcomponents\httpcore\4.4.13\httpcore-4.4.13.jar;C:\Users\User\.m2\repository\commons-logging\commons-logging\1.2\commons-logging-1.2.jar;C:\Users\User\.m2\repository\commons-codec\commons-codec\1.11\commons-codec-1.11.jar;C:\Users\User\.m2\repository\org\apache\httpcomponents\httpmime\4.5.13\httpmime-4.5.13.jar;C:\Users\User\.m2\repository\org\hamcrest\hamcrest\2.2\hamcrest-2.2.jar;C:\Users\User\.m2\repository\org\ccil\cowan\tagsoup\tagsoup\1.2.1\tagsoup-1.2.1.jar;C:\Users\User\.m2\repository\io\rest-assured\json-path\5.4.0\json-path-5.4.0.jar;C:\Users\User\.m2\repository\org\apache\groovy\groovy-json\4.0.16\groovy-json-4.0.16.jar;C:\Users\User\.m2\repository\io\rest-assured\rest-assured-common\5.4.0\rest-assured-common-5.4.0.jar;C:\Users\User\.m2\repository\io\rest-assured\xml-path\5.4.0\xml-path-5.4.0.jar;C:\Users\User\.m2\repository\org\apache\commons\commons-lang3\3.11\commons-lang3-3.11.jar;C:\Users\User\.m2\repository\io\qameta\allure\allure-junit4\2.15.0\allure-junit4-2.15.0.jar;C:\Users\User\.m2\repository\io\qameta\allure\allure-java-commons\2.15.0\allure-java-commons-2.15.0.jar;C:\Users\User\.m2\repository\org\slf4j\slf4j-api\1.7.30\slf4j-api-1.7.30.jar;C:\Users\User\.m2\repository\io\qameta\allure\allure-model\2.15.0\allure-model-2.15.0.jar;C:\Users\User\.m2\repository\io\qameta\allure\allure-rest-assured\2.15.0\allure-rest-assured-2.15.0.jar;C:\Users\User\.m2\repository\io\qameta\allure\allure-attachments\2.15.0\allure-attachments-2.15.0.jar;C:\Users\User\.m2\repository\org\freemarker\freemarker\2.3.31\freemarker-2.3.31.jar;C:\Users\User\.m2\repository\org\projectlombok\lombok\1.18.32\lombok-1.18.32.jar;C:\Users\User\.m2\repository\com\google\code\gson\gson\2.11.0\gson-2.11.0.jar;C:\Users\User\.m2\repository\com\google\errorprone\error_prone_annotations\2.27.0\error_prone_annotations-2.27.0.jar;"/>
    <property name="java.vm.vendor" value="Amazon.com Inc."/>
    <property name="sun.arch.data.model" value="64"/>
    <property name="user.variant" value=""/>
    <property name="java.vendor.url" value="https://aws.amazon.com/corretto/"/>
    <property name="user.timezone" value="Europe/Moscow"/>
    <property name="java.vm.specification.version" value="11"/>
    <property name="os.name" value="Windows 10"/>
    <property name="sun.java.launcher" value="SUN_STANDARD"/>
    <property name="user.country" value="RU"/>
    <property name="sun.boot.library.path" value="C:\Program Files\Amazon Corretto\jdk11.0.22_7\bin"/>
    <property name="sun.java.command" value="C:\Users\User\AppData\Local\Temp\surefire6552429497858181900\surefirebooter-20240630182716301_3.jar C:\Users\User\AppData\Local\Temp\surefire6552429497858181900 2024-06-30T18-27-15_670-jvmRun1 surefire-20240630182716301_1tmp surefire_0-20240630182716301_2tmp"/>
    <property name="jdk.debug" value="release"/>
    <property name="surefire.test.class.path" value="D:\projects\Diplom\Diplom_2\target\test-classes;D:\projects\Diplom\Diplom_2\target\classes;C:\Users\User\.m2\repository\junit\junit\4.13.2\junit-4.13.2.jar;C:\Users\User\.m2\repository\org\hamcrest\hamcrest-core\1.3\hamcrest-core-1.3.jar;C:\Users\User\.m2\repository\io\rest-assured\rest-assured\5.4.0\rest-assured-5.4.0.jar;C:\Users\User\.m2\repository\org\apache\groovy\groovy\4.0.16\groovy-4.0.16.jar;C:\Users\User\.m2\repository\org\apache\groovy\groovy-xml\4.0.16\groovy-xml-4.0.16.jar;C:\Users\User\.m2\repository\org\apache\httpcomponents\httpclient\4.5.13\httpclient-4.5.13.jar;C:\Users\User\.m2\repository\org\apache\httpcomponents\httpcore\4.4.13\httpcore-4.4.13.jar;C:\Users\User\.m2\repository\commons-logging\commons-logging\1.2\commons-logging-1.2.jar;C:\Users\User\.m2\repository\commons-codec\commons-codec\1.11\commons-codec-1.11.jar;C:\Users\User\.m2\repository\org\apache\httpcomponents\httpmime\4.5.13\httpmime-4.5.13.jar;C:\Users\User\.m2\repository\org\hamcrest\hamcrest\2.2\hamcrest-2.2.jar;C:\Users\User\.m2\repository\org\ccil\cowan\tagsoup\tagsoup\1.2.1\tagsoup-1.2.1.jar;C:\Users\User\.m2\repository\io\rest-assured\json-path\5.4.0\json-path-5.4.0.jar;C:\Users\User\.m2\repository\org\apache\groovy\groovy-json\4.0.16\groovy-json-4.0.16.jar;C:\Users\User\.m2\repository\io\rest-assured\rest-assured-common\5.4.0\rest-assured-common-5.4.0.jar;C:\Users\User\.m2\repository\io\rest-assured\xml-path\5.4.0\xml-path-5.4.0.jar;C:\Users\User\.m2\repository\org\apache\commons\commons-lang3\3.11\commons-lang3-3.11.jar;C:\Users\User\.m2\repository\io\qameta\allure\allure-junit4\2.15.0\allure-junit4-2.15.0.jar;C:\Users\User\.m2\repository\io\qameta\allure\allure-java-commons\2.15.0\allure-java-commons-2.15.0.jar;C:\Users\User\.m2\repository\org\slf4j\slf4j-api\1.7.30\slf4j-api-1.7.30.jar;C:\Users\User\.m2\repository\io\qameta\allure\allure-model\2.15.0\allure-model-2.15.0.jar;C:\Users\User\.m2\repository\io\qameta\allure\allure-rest-assured\2.15.0\allure-rest-assured-2.15.0.jar;C:\Users\User\.m2\repository\io\qameta\allure\allure-attachments\2.15.0\allure-attachments-2.15.0.jar;C:\Users\User\.m2\repository\org\freemarker\freemarker\2.3.31\freemarker-2.3.31.jar;C:\Users\User\.m2\repository\org\projectlombok\lombok\1.18.32\lombok-1.18.32.jar;C:\Users\User\.m2\repository\com\google\code\gson\gson\2.11.0\gson-2.11.0.jar;C:\Users\User\.m2\repository\com\google\errorprone\error_prone_annotations\2.27.0\error_prone_annotations-2.27.0.jar;"/>
    <property name="sun.cpu.endian" value="little"/>
    <property name="allure.results.directory" value="D:\projects\Diplom\Diplom_2\target/allure-results"/>
    <property name="user.home" value="C:\Users\User"/>
    <property name="user.language" value="ru"/>
    <property name="java.specification.vendor" value="Oracle Corporation"/>
    <property name="java.version.date" value="2024-01-16"/>
    <property name="java.home" value="C:\Program Files\Amazon Corretto\jdk11.0.22_7"/>
    <property name="file.separator" value="\"/>
    <property name="basedir" value="D:\projects\Diplom\Diplom_2"/>
    <property name="java.vm.compressedOopsMode" value="32-bit"/>
    <property name="line.separator" value="&#10;"/>
    <property name="java.specification.name" value="Java Platform API Specification"/>
    <property name="java.vm.specification.vendor" value="Oracle Corporation"/>
    <property name="java.awt.graphicsenv" value="sun.awt.Win32GraphicsEnvironment"/>
    <property name="surefire.real.class.path" value="C:\Users\User\AppData\Local\Temp\surefire6552429497858181900\surefirebooter-20240630182716301_3.jar"/>
    <property name="user.script" value=""/>
    <property name="sun.management.compiler" value="HotSpot 64-Bit Tiered Compilers"/>
    <property name="java.runtime.version" value="11.0.22+7-LTS"/>
    <property name="user.name" value="User"/>
    <property name="path.separator" value=";"/>
    <property name="os.version" value="10.0"/>
    <property name="java.runtime.name" value="OpenJDK Runtime Environment"/>
    <property name="file.encoding" value="Cp1251"/>
    <property name="java.vm.name" value="OpenJDK 64-Bit Server VM"/>
    <property name="java.vendor.version" value="Corretto-11.0.22.7.1"/>
    <property name="localRepository" value="C:\Users\User\.m2\repository"/>
    <property name="java.vendor.url.bug" value="https://github.com/corretto/corretto-11/issues/"/>
    <property name="java.io.tmpdir" value="C:\Users\User\AppData\Local\Temp\"/>
    <property name="idea.version" value="2023.3.4"/>
    <property name="java.version" value="11.0.22"/>
    <property name="user.dir" value="D:\projects\Diplom\Diplom_2"/>
    <property name="os.arch" value="amd64"/>
    <property name="java.vm.specification.name" value="Java Virtual Machine Specification"/>
    <property name="java.awt.printerjob" value="sun.awt.windows.WPrinterJob"/>
    <property name="sun.os.patch.level" value=""/>
    <property name="java.library.path" value="C:\Program Files\Amazon Corretto\jdk11.0.22_7\bin;C:\Windows\Sun\Java\bin;C:\Windows\system32;C:\Windows;C:\Program Files\Amazon Corretto\jdk11.0.22_7\bin;C:\Program Files\Common Files\Oracle\Java\javapath;C:\ProgramData\Oracle\Java\javapath;C:\Windows\system32;C:\Windows;C:\Windows\System32\Wbem;C:\Windows\System32\WindowsPowerShell\v1.0\;C:\Windows\System32\OpenSSH\;C:\Program Files (x86)\Intel\Intel(R) Management Engine Components\DAL;C:\Program Files\Intel\Intel(R) Management Engine Components\DAL;C:\Program Files\TortoiseGit\bin;C:\Program Files\apache-maven-3.9.6\bin;C:\Program Files\Git\cmd;C:\Program Files\Git\mingw64\bin;C:\Program Files\Git\usr\bin;C:\WebDriver\bin;C:\allure-2.29.0\bin;C:\Users\User\AppData\Local\Microsoft\WindowsApps;C:\Users\User\AppData\Local\Programs\Fiddler;C:\Users\User\AppData\Local\GitHubDesktop\bin;C:\Program Files\Docker Toolbox;."/>
    <property name="java.vm.info" value="mixed mode"/>
    <property name="java.vendor" value="Amazon.com Inc."/>
    <property name="java.vm.version" value="11.0.22+7-LTS"/>
    <property name="java.specification.maintenance.version" value="2"/>
    <property name="sun.io.unicode.encoding" value="UnicodeLittle"/>
    <property name="java.class.version" value="55.0"/>
  </properties>
  <testcase name="getOrderIngridientNotAuthUser" classname="GetOrderUserTest" time="1.518">
    <system-out><![CDATA[Request method:	POST
Request URI:	https://stellarburgers.nomoreparties.site/api/auth/register
Proxy:			<none>
Request params:	<none>
Query params:	<none>
Form params:	<none>
Path params:	<none>
Headers:		Accept=*/*
				Content-Type=application/json
Cookies:		<none>
Multiparts:		<none>
Body:
{
    "email": "PYGxqjhBLF@ya.ru",
    "password": "rPOxyODxdc",
    "name": "OyQVkCuPHL"
}
Request method:	POST
Request URI:	https://stellarburgers.nomoreparties.site/api/auth/register
Proxy:			<none>
Request params:	<none>
Query params:	<none>
Form params:	<none>
Path params:	<none>
Headers:		Accept=*/*
				Content-Type=application/json
Cookies:		<none>
Multiparts:		<none>
Body:
{
    "email": "PYGxqjhBLF@ya.ru",
    "password": "rPOxyODxdc",
    "name": "OyQVkCuPHL"
}
Request method:	POST
Request URI:	https://stellarburgers.nomoreparties.site/api/auth/register
Proxy:			<none>
Request params:	<none>
Query params:	<none>
Form params:	<none>
Path params:	<none>
Headers:		Accept=*/*
				Content-Type=application/json
Cookies:		<none>
Multiparts:		<none>
Body:
{
    "email": "PYGxqjhBLF@ya.ru",
    "password": "rPOxyODxdc",
    "name": "OyQVkCuPHL"
}
Request method:	POST
Request URI:	https://stellarburgers.nomoreparties.site/api/auth/register
Proxy:			<none>
Request params:	<none>
Query params:	<none>
Form params:	<none>
Path params:	<none>
Headers:		Accept=*/*
				Content-Type=application/json
Cookies:		<none>
Multiparts:		<none>
Body:
{
    "email": "PYGxqjhBLF@ya.ru",
    "password": "rPOxyODxdc",
    "name": "OyQVkCuPHL"
}
Request method:	POST
Request URI:	https://stellarburgers.nomoreparties.site/api/auth/register
Proxy:			<none>
Request params:	<none>
Query params:	<none>
Form params:	<none>
Path params:	<none>
Headers:		Accept=*/*
				Content-Type=application/json
Cookies:		<none>
Multiparts:		<none>
Body:
{
    "email": "PYGxqjhBLF@ya.ru",
    "password": "rPOxyODxdc",
    "name": "OyQVkCuPHL"
}
Request method:	POST
Request URI:	https://stellarburgers.nomoreparties.site/api/auth/register
Proxy:			<none>
Request params:	<none>
Query params:	<none>
Form params:	<none>
Path params:	<none>
Headers:		Accept=*/*
				Content-Type=application/json
Cookies:		<none>
Multiparts:		<none>
Body:
{
    "email": "PYGxqjhBLF@ya.ru",
    "password": "rPOxyODxdc",
    "name": "OyQVkCuPHL"
}
Request method:	POST
Request URI:	https://stellarburgers.nomoreparties.site/api/auth/register
Proxy:			<none>
Request params:	<none>
Query params:	<none>
Form params:	<none>
Path params:	<none>
Headers:		Accept=*/*
				Content-Type=application/json
Cookies:		<none>
Multiparts:		<none>
Body:
{
    "email": "PYGxqjhBLF@ya.ru",
    "password": "rPOxyODxdc",
    "name": "OyQVkCuPHL"
}
Request method:	POST
Request URI:	https://stellarburgers.nomoreparties.site/api/auth/register
Proxy:			<none>
Request params:	<none>
Query params:	<none>
Form params:	<none>
Path params:	<none>
Headers:		Accept=*/*
				Content-Type=application/json
Cookies:		<none>
Multiparts:		<none>
Body:
{
    "email": "PYGxqjhBLF@ya.ru",
    "password": "rPOxyODxdc",
    "name": "OyQVkCuPHL"
}
Request method:	POST
Request URI:	https://stellarburgers.nomoreparties.site/api/auth/register
Proxy:			<none>
Request params:	<none>
Query params:	<none>
Form params:	<none>
Path params:	<none>
Headers:		Accept=*/*
				Content-Type=application/json
Cookies:		<none>
Multiparts:		<none>
Body:
{
    "email": "PYGxqjhBLF@ya.ru",
    "password": "rPOxyODxdc",
    "name": "OyQVkCuPHL"
}
Request method:	POST
Request URI:	https://stellarburgers.nomoreparties.site/api/auth/register
Proxy:			<none>
Request params:	<none>
Query params:	<none>
Form params:	<none>
Path params:	<none>
Headers:		Accept=*/*
				Content-Type=application/json
Cookies:		<none>
Multiparts:		<none>
Body:
{
    "email": "PYGxqjhBLF@ya.ru",
    "password": "rPOxyODxdc",
    "name": "OyQVkCuPHL"
}
Request method:	POST
Request URI:	https://stellarburgers.nomoreparties.site/api/auth/register
Proxy:			<none>
Request params:	<none>
Query params:	<none>
Form params:	<none>
Path params:	<none>
Headers:		Accept=*/*
				Content-Type=application/json
Cookies:		<none>
Multiparts:		<none>
Body:
{
    "email": "PYGxqjhBLF@ya.ru",
    "password": "rPOxyODxdc",
    "name": "OyQVkCuPHL"
}
Request method:	POST
Request URI:	https://stellarburgers.nomoreparties.site/api/auth/register
Proxy:			<none>
Request params:	<none>
Query params:	<none>
Form params:	<none>
Path params:	<none>
Headers:		Accept=*/*
				Content-Type=application/json
Cookies:		<none>
Multiparts:		<none>
Body:
{
    "email": "PYGxqjhBLF@ya.ru",
    "password": "rPOxyODxdc",
    "name": "OyQVkCuPHL"
}
Request method:	POST
Request URI:	https://stellarburgers.nomoreparties.site/api/auth/register
Proxy:			<none>
Request params:	<none>
Query params:	<none>
Form params:	<none>
Path params:	<none>
Headers:		Accept=*/*
				Content-Type=application/json
Cookies:		<none>
Multiparts:		<none>
Body:
{
    "email": "PYGxqjhBLF@ya.ru",
    "password": "rPOxyODxdc",
    "name": "OyQVkCuPHL"
}
Request method:	POST
Request URI:	https://stellarburgers.nomoreparties.site/api/auth/register
Proxy:			<none>
Request params:	<none>
Query params:	<none>
Form params:	<none>
Path params:	<none>
Headers:		Accept=*/*
				Content-Type=application/json
Cookies:		<none>
Multiparts:		<none>
Body:
{
    "email": "PYGxqjhBLF@ya.ru",
    "password": "rPOxyODxdc",
    "name": "OyQVkCuPHL"
}
Request method:	POST
Request URI:	https://stellarburgers.nomoreparties.site/api/auth/register
Proxy:			<none>
Request params:	<none>
Query params:	<none>
Form params:	<none>
Path params:	<none>
Headers:		Accept=*/*
				Content-Type=application/json
Cookies:		<none>
Multiparts:		<none>
Body:
{
    "email": "PYGxqjhBLF@ya.ru",
    "password": "rPOxyODxdc",
    "name": "OyQVkCuPHL"
}
Request method:	POST
Request URI:	https://stellarburgers.nomoreparties.site/api/auth/register
Proxy:			<none>
Request params:	<none>
Query params:	<none>
Form params:	<none>
Path params:	<none>
Headers:		Accept=*/*
				Content-Type=application/json
Cookies:		<none>
Multiparts:		<none>
Body:
{
    "email": "PYGxqjhBLF@ya.ru",
    "password": "rPOxyODxdc",
    "name": "OyQVkCuPHL"
}
Request method:	POST
Request URI:	https://stellarburgers.nomoreparties.site/api/auth/register
Proxy:			<none>
Request params:	<none>
Query params:	<none>
Form params:	<none>
Path params:	<none>
Headers:		Accept=*/*
				Content-Type=application/json
Cookies:		<none>
Multiparts:		<none>
Body:
{
    "email": "PYGxqjhBLF@ya.ru",
    "password": "rPOxyODxdc",
    "name": "OyQVkCuPHL"
}
Request method:	POST
Request URI:	https://stellarburgers.nomoreparties.site/api/auth/register
Proxy:			<none>
Request params:	<none>
Query params:	<none>
Form params:	<none>
Path params:	<none>
Headers:		Accept=*/*
				Content-Type=application/json
Cookies:		<none>
Multiparts:		<none>
Body:
{
    "email": "PYGxqjhBLF@ya.ru",
    "password": "rPOxyODxdc",
    "name": "OyQVkCuPHL"
}
HTTP/1.1 200 OK
Date: Sun, 30 Jun 2024 15:27:40 GMT
Content-Type: application/json; charset=utf-8
Transfer-Encoding: chunked
Connection: keep-alive
X-Powered-By: Express
Access-Control-Allow-Origin: *
authorization: Bearer eyJhbGciOiJIUzI1NiIsInR5cCI6IkpXVCJ9.eyJpZCI6IjY2ODE3OTZjOWVkMjgwMDAxYjQ1OTYwNSIsImlhdCI6MTcxOTc2MTI2MCwiZXhwIjoxNzE5NzYyNDYwfQ.K94_ZEDvfGVzze52iGwYj0dZ2ww62rFJgkxDj08or8Y
ETag: W/"16d-JKufPCs6+CaHvsxx25FV+pU3I/0"
CF-Cache-Status: DYNAMIC
Report-To: {"endpoints":[{"url":"https:\/\/a.nel.cloudflare.com\/report\/v4?s=JWAknpKKct%2FhBwgx9Wz0LUZWbNchrSTfxdTUCYwIrJtY0XTSlIFya%2FLsqu1UPChUeE%2BswX6X5Etx5uYBbiZZieoOmuSGs7bf6eSaf5rwQW38JzX9Jh157ujfQ%2FeaTgoOnm8rfJQsjBJ9av40nAASTWC3VaM%3D"}],"group":"cf-nel","max_age":604800}
NEL: {"success_fraction":0,"report_to":"cf-nel","max_age":604800}
Server: cloudflare
CF-RAY: 89bf2e844f8d63ea-LHR
Content-Encoding: gzip
alt-svc: h3=":443"; ma=86400

{
    "success": true,
    "user": {
        "email": "pygxqjhblf@ya.ru",
        "name": "OyQVkCuPHL"
    },
    "accessToken": "Bearer eyJhbGciOiJIUzI1NiIsInR5cCI6IkpXVCJ9.eyJpZCI6IjY2ODE3OTZjOWVkMjgwMDAxYjQ1OTYwNSIsImlhdCI6MTcxOTc2MTI2MCwiZXhwIjoxNzE5NzYyNDYwfQ.K94_ZEDvfGVzze52iGwYj0dZ2ww62rFJgkxDj08or8Y",
    "refreshToken": "438cb80b6599b19dd79d02f8aa1c9e6eef7fff33ec126108ff45eb1a08d58b69f1a8732e72f82d5e"
}
HTTP/1.1 200 OK
Date: Sun, 30 Jun 2024 15:27:40 GMT
Content-Type: application/json; charset=utf-8
Transfer-Encoding: chunked
Connection: keep-alive
X-Powered-By: Express
Access-Control-Allow-Origin: *
authorization: Bearer eyJhbGciOiJIUzI1NiIsInR5cCI6IkpXVCJ9.eyJpZCI6IjY2ODE3OTZjOWVkMjgwMDAxYjQ1OTYwNSIsImlhdCI6MTcxOTc2MTI2MCwiZXhwIjoxNzE5NzYyNDYwfQ.K94_ZEDvfGVzze52iGwYj0dZ2ww62rFJgkxDj08or8Y
ETag: W/"16d-JKufPCs6+CaHvsxx25FV+pU3I/0"
CF-Cache-Status: DYNAMIC
Report-To: {"endpoints":[{"url":"https:\/\/a.nel.cloudflare.com\/report\/v4?s=JWAknpKKct%2FhBwgx9Wz0LUZWbNchrSTfxdTUCYwIrJtY0XTSlIFya%2FLsqu1UPChUeE%2BswX6X5Etx5uYBbiZZieoOmuSGs7bf6eSaf5rwQW38JzX9Jh157ujfQ%2FeaTgoOnm8rfJQsjBJ9av40nAASTWC3VaM%3D"}],"group":"cf-nel","max_age":604800}
NEL: {"success_fraction":0,"report_to":"cf-nel","max_age":604800}
Server: cloudflare
CF-RAY: 89bf2e844f8d63ea-LHR
Content-Encoding: gzip
alt-svc: h3=":443"; ma=86400

{
    "success": true,
    "user": {
        "email": "pygxqjhblf@ya.ru",
        "name": "OyQVkCuPHL"
    },
    "accessToken": "Bearer eyJhbGciOiJIUzI1NiIsInR5cCI6IkpXVCJ9.eyJpZCI6IjY2ODE3OTZjOWVkMjgwMDAxYjQ1OTYwNSIsImlhdCI6MTcxOTc2MTI2MCwiZXhwIjoxNzE5NzYyNDYwfQ.K94_ZEDvfGVzze52iGwYj0dZ2ww62rFJgkxDj08or8Y",
    "refreshToken": "438cb80b6599b19dd79d02f8aa1c9e6eef7fff33ec126108ff45eb1a08d58b69f1a8732e72f82d5e"
}
HTTP/1.1 200 OK
Date: Sun, 30 Jun 2024 15:27:40 GMT
Content-Type: application/json; charset=utf-8
Transfer-Encoding: chunked
Connection: keep-alive
X-Powered-By: Express
Access-Control-Allow-Origin: *
authorization: Bearer eyJhbGciOiJIUzI1NiIsInR5cCI6IkpXVCJ9.eyJpZCI6IjY2ODE3OTZjOWVkMjgwMDAxYjQ1OTYwNSIsImlhdCI6MTcxOTc2MTI2MCwiZXhwIjoxNzE5NzYyNDYwfQ.K94_ZEDvfGVzze52iGwYj0dZ2ww62rFJgkxDj08or8Y
ETag: W/"16d-JKufPCs6+CaHvsxx25FV+pU3I/0"
CF-Cache-Status: DYNAMIC
Report-To: {"endpoints":[{"url":"https:\/\/a.nel.cloudflare.com\/report\/v4?s=JWAknpKKct%2FhBwgx9Wz0LUZWbNchrSTfxdTUCYwIrJtY0XTSlIFya%2FLsqu1UPChUeE%2BswX6X5Etx5uYBbiZZieoOmuSGs7bf6eSaf5rwQW38JzX9Jh157ujfQ%2FeaTgoOnm8rfJQsjBJ9av40nAASTWC3VaM%3D"}],"group":"cf-nel","max_age":604800}
NEL: {"success_fraction":0,"report_to":"cf-nel","max_age":604800}
Server: cloudflare
CF-RAY: 89bf2e844f8d63ea-LHR
Content-Encoding: gzip
alt-svc: h3=":443"; ma=86400

{
    "success": true,
    "user": {
        "email": "pygxqjhblf@ya.ru",
        "name": "OyQVkCuPHL"
    },
    "accessToken": "Bearer eyJhbGciOiJIUzI1NiIsInR5cCI6IkpXVCJ9.eyJpZCI6IjY2ODE3OTZjOWVkMjgwMDAxYjQ1OTYwNSIsImlhdCI6MTcxOTc2MTI2MCwiZXhwIjoxNzE5NzYyNDYwfQ.K94_ZEDvfGVzze52iGwYj0dZ2ww62rFJgkxDj08or8Y",
    "refreshToken": "438cb80b6599b19dd79d02f8aa1c9e6eef7fff33ec126108ff45eb1a08d58b69f1a8732e72f82d5e"
}
HTTP/1.1 200 OK
Date: Sun, 30 Jun 2024 15:27:40 GMT
Content-Type: application/json; charset=utf-8
Transfer-Encoding: chunked
Connection: keep-alive
X-Powered-By: Express
Access-Control-Allow-Origin: *
authorization: Bearer eyJhbGciOiJIUzI1NiIsInR5cCI6IkpXVCJ9.eyJpZCI6IjY2ODE3OTZjOWVkMjgwMDAxYjQ1OTYwNSIsImlhdCI6MTcxOTc2MTI2MCwiZXhwIjoxNzE5NzYyNDYwfQ.K94_ZEDvfGVzze52iGwYj0dZ2ww62rFJgkxDj08or8Y
ETag: W/"16d-JKufPCs6+CaHvsxx25FV+pU3I/0"
CF-Cache-Status: DYNAMIC
Report-To: {"endpoints":[{"url":"https:\/\/a.nel.cloudflare.com\/report\/v4?s=JWAknpKKct%2FhBwgx9Wz0LUZWbNchrSTfxdTUCYwIrJtY0XTSlIFya%2FLsqu1UPChUeE%2BswX6X5Etx5uYBbiZZieoOmuSGs7bf6eSaf5rwQW38JzX9Jh157ujfQ%2FeaTgoOnm8rfJQsjBJ9av40nAASTWC3VaM%3D"}],"group":"cf-nel","max_age":604800}
NEL: {"success_fraction":0,"report_to":"cf-nel","max_age":604800}
Server: cloudflare
CF-RAY: 89bf2e844f8d63ea-LHR
Content-Encoding: gzip
alt-svc: h3=":443"; ma=86400

{
    "success": true,
    "user": {
        "email": "pygxqjhblf@ya.ru",
        "name": "OyQVkCuPHL"
    },
    "accessToken": "Bearer eyJhbGciOiJIUzI1NiIsInR5cCI6IkpXVCJ9.eyJpZCI6IjY2ODE3OTZjOWVkMjgwMDAxYjQ1OTYwNSIsImlhdCI6MTcxOTc2MTI2MCwiZXhwIjoxNzE5NzYyNDYwfQ.K94_ZEDvfGVzze52iGwYj0dZ2ww62rFJgkxDj08or8Y",
    "refreshToken": "438cb80b6599b19dd79d02f8aa1c9e6eef7fff33ec126108ff45eb1a08d58b69f1a8732e72f82d5e"
}
HTTP/1.1 200 OK
Date: Sun, 30 Jun 2024 15:27:40 GMT
Content-Type: application/json; charset=utf-8
Transfer-Encoding: chunked
Connection: keep-alive
X-Powered-By: Express
Access-Control-Allow-Origin: *
authorization: Bearer eyJhbGciOiJIUzI1NiIsInR5cCI6IkpXVCJ9.eyJpZCI6IjY2ODE3OTZjOWVkMjgwMDAxYjQ1OTYwNSIsImlhdCI6MTcxOTc2MTI2MCwiZXhwIjoxNzE5NzYyNDYwfQ.K94_ZEDvfGVzze52iGwYj0dZ2ww62rFJgkxDj08or8Y
ETag: W/"16d-JKufPCs6+CaHvsxx25FV+pU3I/0"
CF-Cache-Status: DYNAMIC
Report-To: {"endpoints":[{"url":"https:\/\/a.nel.cloudflare.com\/report\/v4?s=JWAknpKKct%2FhBwgx9Wz0LUZWbNchrSTfxdTUCYwIrJtY0XTSlIFya%2FLsqu1UPChUeE%2BswX6X5Etx5uYBbiZZieoOmuSGs7bf6eSaf5rwQW38JzX9Jh157ujfQ%2FeaTgoOnm8rfJQsjBJ9av40nAASTWC3VaM%3D"}],"group":"cf-nel","max_age":604800}
NEL: {"success_fraction":0,"report_to":"cf-nel","max_age":604800}
Server: cloudflare
CF-RAY: 89bf2e844f8d63ea-LHR
Content-Encoding: gzip
alt-svc: h3=":443"; ma=86400

{
    "success": true,
    "user": {
        "email": "pygxqjhblf@ya.ru",
        "name": "OyQVkCuPHL"
    },
    "accessToken": "Bearer eyJhbGciOiJIUzI1NiIsInR5cCI6IkpXVCJ9.eyJpZCI6IjY2ODE3OTZjOWVkMjgwMDAxYjQ1OTYwNSIsImlhdCI6MTcxOTc2MTI2MCwiZXhwIjoxNzE5NzYyNDYwfQ.K94_ZEDvfGVzze52iGwYj0dZ2ww62rFJgkxDj08or8Y",
    "refreshToken": "438cb80b6599b19dd79d02f8aa1c9e6eef7fff33ec126108ff45eb1a08d58b69f1a8732e72f82d5e"
}
HTTP/1.1 200 OK
Date: Sun, 30 Jun 2024 15:27:40 GMT
Content-Type: application/json; charset=utf-8
Transfer-Encoding: chunked
Connection: keep-alive
X-Powered-By: Express
Access-Control-Allow-Origin: *
authorization: Bearer eyJhbGciOiJIUzI1NiIsInR5cCI6IkpXVCJ9.eyJpZCI6IjY2ODE3OTZjOWVkMjgwMDAxYjQ1OTYwNSIsImlhdCI6MTcxOTc2MTI2MCwiZXhwIjoxNzE5NzYyNDYwfQ.K94_ZEDvfGVzze52iGwYj0dZ2ww62rFJgkxDj08or8Y
ETag: W/"16d-JKufPCs6+CaHvsxx25FV+pU3I/0"
CF-Cache-Status: DYNAMIC
Report-To: {"endpoints":[{"url":"https:\/\/a.nel.cloudflare.com\/report\/v4?s=JWAknpKKct%2FhBwgx9Wz0LUZWbNchrSTfxdTUCYwIrJtY0XTSlIFya%2FLsqu1UPChUeE%2BswX6X5Etx5uYBbiZZieoOmuSGs7bf6eSaf5rwQW38JzX9Jh157ujfQ%2FeaTgoOnm8rfJQsjBJ9av40nAASTWC3VaM%3D"}],"group":"cf-nel","max_age":604800}
NEL: {"success_fraction":0,"report_to":"cf-nel","max_age":604800}
Server: cloudflare
CF-RAY: 89bf2e844f8d63ea-LHR
Content-Encoding: gzip
alt-svc: h3=":443"; ma=86400

{
    "success": true,
    "user": {
        "email": "pygxqjhblf@ya.ru",
        "name": "OyQVkCuPHL"
    },
    "accessToken": "Bearer eyJhbGciOiJIUzI1NiIsInR5cCI6IkpXVCJ9.eyJpZCI6IjY2ODE3OTZjOWVkMjgwMDAxYjQ1OTYwNSIsImlhdCI6MTcxOTc2MTI2MCwiZXhwIjoxNzE5NzYyNDYwfQ.K94_ZEDvfGVzze52iGwYj0dZ2ww62rFJgkxDj08or8Y",
    "refreshToken": "438cb80b6599b19dd79d02f8aa1c9e6eef7fff33ec126108ff45eb1a08d58b69f1a8732e72f82d5e"
}
HTTP/1.1 200 OK
Date: Sun, 30 Jun 2024 15:27:40 GMT
Content-Type: application/json; charset=utf-8
Transfer-Encoding: chunked
Connection: keep-alive
X-Powered-By: Express
Access-Control-Allow-Origin: *
authorization: Bearer eyJhbGciOiJIUzI1NiIsInR5cCI6IkpXVCJ9.eyJpZCI6IjY2ODE3OTZjOWVkMjgwMDAxYjQ1OTYwNSIsImlhdCI6MTcxOTc2MTI2MCwiZXhwIjoxNzE5NzYyNDYwfQ.K94_ZEDvfGVzze52iGwYj0dZ2ww62rFJgkxDj08or8Y
ETag: W/"16d-JKufPCs6+CaHvsxx25FV+pU3I/0"
CF-Cache-Status: DYNAMIC
Report-To: {"endpoints":[{"url":"https:\/\/a.nel.cloudflare.com\/report\/v4?s=JWAknpKKct%2FhBwgx9Wz0LUZWbNchrSTfxdTUCYwIrJtY0XTSlIFya%2FLsqu1UPChUeE%2BswX6X5Etx5uYBbiZZieoOmuSGs7bf6eSaf5rwQW38JzX9Jh157ujfQ%2FeaTgoOnm8rfJQsjBJ9av40nAASTWC3VaM%3D"}],"group":"cf-nel","max_age":604800}
NEL: {"success_fraction":0,"report_to":"cf-nel","max_age":604800}
Server: cloudflare
CF-RAY: 89bf2e844f8d63ea-LHR
Content-Encoding: gzip
alt-svc: h3=":443"; ma=86400

{
    "success": true,
    "user": {
        "email": "pygxqjhblf@ya.ru",
        "name": "OyQVkCuPHL"
    },
    "accessToken": "Bearer eyJhbGciOiJIUzI1NiIsInR5cCI6IkpXVCJ9.eyJpZCI6IjY2ODE3OTZjOWVkMjgwMDAxYjQ1OTYwNSIsImlhdCI6MTcxOTc2MTI2MCwiZXhwIjoxNzE5NzYyNDYwfQ.K94_ZEDvfGVzze52iGwYj0dZ2ww62rFJgkxDj08or8Y",
    "refreshToken": "438cb80b6599b19dd79d02f8aa1c9e6eef7fff33ec126108ff45eb1a08d58b69f1a8732e72f82d5e"
}
HTTP/1.1 200 OK
Date: Sun, 30 Jun 2024 15:27:40 GMT
Content-Type: application/json; charset=utf-8
Transfer-Encoding: chunked
Connection: keep-alive
X-Powered-By: Express
Access-Control-Allow-Origin: *
authorization: Bearer eyJhbGciOiJIUzI1NiIsInR5cCI6IkpXVCJ9.eyJpZCI6IjY2ODE3OTZjOWVkMjgwMDAxYjQ1OTYwNSIsImlhdCI6MTcxOTc2MTI2MCwiZXhwIjoxNzE5NzYyNDYwfQ.K94_ZEDvfGVzze52iGwYj0dZ2ww62rFJgkxDj08or8Y
ETag: W/"16d-JKufPCs6+CaHvsxx25FV+pU3I/0"
CF-Cache-Status: DYNAMIC
Report-To: {"endpoints":[{"url":"https:\/\/a.nel.cloudflare.com\/report\/v4?s=JWAknpKKct%2FhBwgx9Wz0LUZWbNchrSTfxdTUCYwIrJtY0XTSlIFya%2FLsqu1UPChUeE%2BswX6X5Etx5uYBbiZZieoOmuSGs7bf6eSaf5rwQW38JzX9Jh157ujfQ%2FeaTgoOnm8rfJQsjBJ9av40nAASTWC3VaM%3D"}],"group":"cf-nel","max_age":604800}
NEL: {"success_fraction":0,"report_to":"cf-nel","max_age":604800}
Server: cloudflare
CF-RAY: 89bf2e844f8d63ea-LHR
Content-Encoding: gzip
alt-svc: h3=":443"; ma=86400

{
    "success": true,
    "user": {
        "email": "pygxqjhblf@ya.ru",
        "name": "OyQVkCuPHL"
    },
    "accessToken": "Bearer eyJhbGciOiJIUzI1NiIsInR5cCI6IkpXVCJ9.eyJpZCI6IjY2ODE3OTZjOWVkMjgwMDAxYjQ1OTYwNSIsImlhdCI6MTcxOTc2MTI2MCwiZXhwIjoxNzE5NzYyNDYwfQ.K94_ZEDvfGVzze52iGwYj0dZ2ww62rFJgkxDj08or8Y",
    "refreshToken": "438cb80b6599b19dd79d02f8aa1c9e6eef7fff33ec126108ff45eb1a08d58b69f1a8732e72f82d5e"
}
HTTP/1.1 200 OK
Date: Sun, 30 Jun 2024 15:27:40 GMT
Content-Type: application/json; charset=utf-8
Transfer-Encoding: chunked
Connection: keep-alive
X-Powered-By: Express
Access-Control-Allow-Origin: *
authorization: Bearer eyJhbGciOiJIUzI1NiIsInR5cCI6IkpXVCJ9.eyJpZCI6IjY2ODE3OTZjOWVkMjgwMDAxYjQ1OTYwNSIsImlhdCI6MTcxOTc2MTI2MCwiZXhwIjoxNzE5NzYyNDYwfQ.K94_ZEDvfGVzze52iGwYj0dZ2ww62rFJgkxDj08or8Y
ETag: W/"16d-JKufPCs6+CaHvsxx25FV+pU3I/0"
CF-Cache-Status: DYNAMIC
Report-To: {"endpoints":[{"url":"https:\/\/a.nel.cloudflare.com\/report\/v4?s=JWAknpKKct%2FhBwgx9Wz0LUZWbNchrSTfxdTUCYwIrJtY0XTSlIFya%2FLsqu1UPChUeE%2BswX6X5Etx5uYBbiZZieoOmuSGs7bf6eSaf5rwQW38JzX9Jh157ujfQ%2FeaTgoOnm8rfJQsjBJ9av40nAASTWC3VaM%3D"}],"group":"cf-nel","max_age":604800}
NEL: {"success_fraction":0,"report_to":"cf-nel","max_age":604800}
Server: cloudflare
CF-RAY: 89bf2e844f8d63ea-LHR
Content-Encoding: gzip
alt-svc: h3=":443"; ma=86400

{
    "success": true,
    "user": {
        "email": "pygxqjhblf@ya.ru",
        "name": "OyQVkCuPHL"
    },
    "accessToken": "Bearer eyJhbGciOiJIUzI1NiIsInR5cCI6IkpXVCJ9.eyJpZCI6IjY2ODE3OTZjOWVkMjgwMDAxYjQ1OTYwNSIsImlhdCI6MTcxOTc2MTI2MCwiZXhwIjoxNzE5NzYyNDYwfQ.K94_ZEDvfGVzze52iGwYj0dZ2ww62rFJgkxDj08or8Y",
    "refreshToken": "438cb80b6599b19dd79d02f8aa1c9e6eef7fff33ec126108ff45eb1a08d58b69f1a8732e72f82d5e"
}
HTTP/1.1 200 OK
Date: Sun, 30 Jun 2024 15:27:40 GMT
Content-Type: application/json; charset=utf-8
Transfer-Encoding: chunked
Connection: keep-alive
X-Powered-By: Express
Access-Control-Allow-Origin: *
authorization: Bearer eyJhbGciOiJIUzI1NiIsInR5cCI6IkpXVCJ9.eyJpZCI6IjY2ODE3OTZjOWVkMjgwMDAxYjQ1OTYwNSIsImlhdCI6MTcxOTc2MTI2MCwiZXhwIjoxNzE5NzYyNDYwfQ.K94_ZEDvfGVzze52iGwYj0dZ2ww62rFJgkxDj08or8Y
ETag: W/"16d-JKufPCs6+CaHvsxx25FV+pU3I/0"
CF-Cache-Status: DYNAMIC
Report-To: {"endpoints":[{"url":"https:\/\/a.nel.cloudflare.com\/report\/v4?s=JWAknpKKct%2FhBwgx9Wz0LUZWbNchrSTfxdTUCYwIrJtY0XTSlIFya%2FLsqu1UPChUeE%2BswX6X5Etx5uYBbiZZieoOmuSGs7bf6eSaf5rwQW38JzX9Jh157ujfQ%2FeaTgoOnm8rfJQsjBJ9av40nAASTWC3VaM%3D"}],"group":"cf-nel","max_age":604800}
NEL: {"success_fraction":0,"report_to":"cf-nel","max_age":604800}
Server: cloudflare
CF-RAY: 89bf2e844f8d63ea-LHR
Content-Encoding: gzip
alt-svc: h3=":443"; ma=86400

{
    "success": true,
    "user": {
        "email": "pygxqjhblf@ya.ru",
        "name": "OyQVkCuPHL"
    },
    "accessToken": "Bearer eyJhbGciOiJIUzI1NiIsInR5cCI6IkpXVCJ9.eyJpZCI6IjY2ODE3OTZjOWVkMjgwMDAxYjQ1OTYwNSIsImlhdCI6MTcxOTc2MTI2MCwiZXhwIjoxNzE5NzYyNDYwfQ.K94_ZEDvfGVzze52iGwYj0dZ2ww62rFJgkxDj08or8Y",
    "refreshToken": "438cb80b6599b19dd79d02f8aa1c9e6eef7fff33ec126108ff45eb1a08d58b69f1a8732e72f82d5e"
}
HTTP/1.1 200 OK
Date: Sun, 30 Jun 2024 15:27:40 GMT
Content-Type: application/json; charset=utf-8
Transfer-Encoding: chunked
Connection: keep-alive
X-Powered-By: Express
Access-Control-Allow-Origin: *
authorization: Bearer eyJhbGciOiJIUzI1NiIsInR5cCI6IkpXVCJ9.eyJpZCI6IjY2ODE3OTZjOWVkMjgwMDAxYjQ1OTYwNSIsImlhdCI6MTcxOTc2MTI2MCwiZXhwIjoxNzE5NzYyNDYwfQ.K94_ZEDvfGVzze52iGwYj0dZ2ww62rFJgkxDj08or8Y
ETag: W/"16d-JKufPCs6+CaHvsxx25FV+pU3I/0"
CF-Cache-Status: DYNAMIC
Report-To: {"endpoints":[{"url":"https:\/\/a.nel.cloudflare.com\/report\/v4?s=JWAknpKKct%2FhBwgx9Wz0LUZWbNchrSTfxdTUCYwIrJtY0XTSlIFya%2FLsqu1UPChUeE%2BswX6X5Etx5uYBbiZZieoOmuSGs7bf6eSaf5rwQW38JzX9Jh157ujfQ%2FeaTgoOnm8rfJQsjBJ9av40nAASTWC3VaM%3D"}],"group":"cf-nel","max_age":604800}
NEL: {"success_fraction":0,"report_to":"cf-nel","max_age":604800}
Server: cloudflare
CF-RAY: 89bf2e844f8d63ea-LHR
Content-Encoding: gzip
alt-svc: h3=":443"; ma=86400

{
    "success": true,
    "user": {
        "email": "pygxqjhblf@ya.ru",
        "name": "OyQVkCuPHL"
    },
    "accessToken": "Bearer eyJhbGciOiJIUzI1NiIsInR5cCI6IkpXVCJ9.eyJpZCI6IjY2ODE3OTZjOWVkMjgwMDAxYjQ1OTYwNSIsImlhdCI6MTcxOTc2MTI2MCwiZXhwIjoxNzE5NzYyNDYwfQ.K94_ZEDvfGVzze52iGwYj0dZ2ww62rFJgkxDj08or8Y",
    "refreshToken": "438cb80b6599b19dd79d02f8aa1c9e6eef7fff33ec126108ff45eb1a08d58b69f1a8732e72f82d5e"
}
HTTP/1.1 200 OK
Date: Sun, 30 Jun 2024 15:27:40 GMT
Content-Type: application/json; charset=utf-8
Transfer-Encoding: chunked
Connection: keep-alive
X-Powered-By: Express
Access-Control-Allow-Origin: *
authorization: Bearer eyJhbGciOiJIUzI1NiIsInR5cCI6IkpXVCJ9.eyJpZCI6IjY2ODE3OTZjOWVkMjgwMDAxYjQ1OTYwNSIsImlhdCI6MTcxOTc2MTI2MCwiZXhwIjoxNzE5NzYyNDYwfQ.K94_ZEDvfGVzze52iGwYj0dZ2ww62rFJgkxDj08or8Y
ETag: W/"16d-JKufPCs6+CaHvsxx25FV+pU3I/0"
CF-Cache-Status: DYNAMIC
Report-To: {"endpoints":[{"url":"https:\/\/a.nel.cloudflare.com\/report\/v4?s=JWAknpKKct%2FhBwgx9Wz0LUZWbNchrSTfxdTUCYwIrJtY0XTSlIFya%2FLsqu1UPChUeE%2BswX6X5Etx5uYBbiZZieoOmuSGs7bf6eSaf5rwQW38JzX9Jh157ujfQ%2FeaTgoOnm8rfJQsjBJ9av40nAASTWC3VaM%3D"}],"group":"cf-nel","max_age":604800}
NEL: {"success_fraction":0,"report_to":"cf-nel","max_age":604800}
Server: cloudflare
CF-RAY: 89bf2e844f8d63ea-LHR
Content-Encoding: gzip
alt-svc: h3=":443"; ma=86400

{
    "success": true,
    "user": {
        "email": "pygxqjhblf@ya.ru",
        "name": "OyQVkCuPHL"
    },
    "accessToken": "Bearer eyJhbGciOiJIUzI1NiIsInR5cCI6IkpXVCJ9.eyJpZCI6IjY2ODE3OTZjOWVkMjgwMDAxYjQ1OTYwNSIsImlhdCI6MTcxOTc2MTI2MCwiZXhwIjoxNzE5NzYyNDYwfQ.K94_ZEDvfGVzze52iGwYj0dZ2ww62rFJgkxDj08or8Y",
    "refreshToken": "438cb80b6599b19dd79d02f8aa1c9e6eef7fff33ec126108ff45eb1a08d58b69f1a8732e72f82d5e"
}
HTTP/1.1 200 OK
Date: Sun, 30 Jun 2024 15:27:40 GMT
Content-Type: application/json; charset=utf-8
Transfer-Encoding: chunked
Connection: keep-alive
X-Powered-By: Express
Access-Control-Allow-Origin: *
authorization: Bearer eyJhbGciOiJIUzI1NiIsInR5cCI6IkpXVCJ9.eyJpZCI6IjY2ODE3OTZjOWVkMjgwMDAxYjQ1OTYwNSIsImlhdCI6MTcxOTc2MTI2MCwiZXhwIjoxNzE5NzYyNDYwfQ.K94_ZEDvfGVzze52iGwYj0dZ2ww62rFJgkxDj08or8Y
ETag: W/"16d-JKufPCs6+CaHvsxx25FV+pU3I/0"
CF-Cache-Status: DYNAMIC
Report-To: {"endpoints":[{"url":"https:\/\/a.nel.cloudflare.com\/report\/v4?s=JWAknpKKct%2FhBwgx9Wz0LUZWbNchrSTfxdTUCYwIrJtY0XTSlIFya%2FLsqu1UPChUeE%2BswX6X5Etx5uYBbiZZieoOmuSGs7bf6eSaf5rwQW38JzX9Jh157ujfQ%2FeaTgoOnm8rfJQsjBJ9av40nAASTWC3VaM%3D"}],"group":"cf-nel","max_age":604800}
NEL: {"success_fraction":0,"report_to":"cf-nel","max_age":604800}
Server: cloudflare
CF-RAY: 89bf2e844f8d63ea-LHR
Content-Encoding: gzip
alt-svc: h3=":443"; ma=86400

{
    "success": true,
    "user": {
        "email": "pygxqjhblf@ya.ru",
        "name": "OyQVkCuPHL"
    },
    "accessToken": "Bearer eyJhbGciOiJIUzI1NiIsInR5cCI6IkpXVCJ9.eyJpZCI6IjY2ODE3OTZjOWVkMjgwMDAxYjQ1OTYwNSIsImlhdCI6MTcxOTc2MTI2MCwiZXhwIjoxNzE5NzYyNDYwfQ.K94_ZEDvfGVzze52iGwYj0dZ2ww62rFJgkxDj08or8Y",
    "refreshToken": "438cb80b6599b19dd79d02f8aa1c9e6eef7fff33ec126108ff45eb1a08d58b69f1a8732e72f82d5e"
}
HTTP/1.1 200 OK
Date: Sun, 30 Jun 2024 15:27:40 GMT
Content-Type: application/json; charset=utf-8
Transfer-Encoding: chunked
Connection: keep-alive
X-Powered-By: Express
Access-Control-Allow-Origin: *
authorization: Bearer eyJhbGciOiJIUzI1NiIsInR5cCI6IkpXVCJ9.eyJpZCI6IjY2ODE3OTZjOWVkMjgwMDAxYjQ1OTYwNSIsImlhdCI6MTcxOTc2MTI2MCwiZXhwIjoxNzE5NzYyNDYwfQ.K94_ZEDvfGVzze52iGwYj0dZ2ww62rFJgkxDj08or8Y
ETag: W/"16d-JKufPCs6+CaHvsxx25FV+pU3I/0"
CF-Cache-Status: DYNAMIC
Report-To: {"endpoints":[{"url":"https:\/\/a.nel.cloudflare.com\/report\/v4?s=JWAknpKKct%2FhBwgx9Wz0LUZWbNchrSTfxdTUCYwIrJtY0XTSlIFya%2FLsqu1UPChUeE%2BswX6X5Etx5uYBbiZZieoOmuSGs7bf6eSaf5rwQW38JzX9Jh157ujfQ%2FeaTgoOnm8rfJQsjBJ9av40nAASTWC3VaM%3D"}],"group":"cf-nel","max_age":604800}
NEL: {"success_fraction":0,"report_to":"cf-nel","max_age":604800}
Server: cloudflare
CF-RAY: 89bf2e844f8d63ea-LHR
Content-Encoding: gzip
alt-svc: h3=":443"; ma=86400

{
    "success": true,
    "user": {
        "email": "pygxqjhblf@ya.ru",
        "name": "OyQVkCuPHL"
    },
    "accessToken": "Bearer eyJhbGciOiJIUzI1NiIsInR5cCI6IkpXVCJ9.eyJpZCI6IjY2ODE3OTZjOWVkMjgwMDAxYjQ1OTYwNSIsImlhdCI6MTcxOTc2MTI2MCwiZXhwIjoxNzE5NzYyNDYwfQ.K94_ZEDvfGVzze52iGwYj0dZ2ww62rFJgkxDj08or8Y",
    "refreshToken": "438cb80b6599b19dd79d02f8aa1c9e6eef7fff33ec126108ff45eb1a08d58b69f1a8732e72f82d5e"
}
HTTP/1.1 200 OK
Date: Sun, 30 Jun 2024 15:27:40 GMT
Content-Type: application/json; charset=utf-8
Transfer-Encoding: chunked
Connection: keep-alive
X-Powered-By: Express
Access-Control-Allow-Origin: *
authorization: Bearer eyJhbGciOiJIUzI1NiIsInR5cCI6IkpXVCJ9.eyJpZCI6IjY2ODE3OTZjOWVkMjgwMDAxYjQ1OTYwNSIsImlhdCI6MTcxOTc2MTI2MCwiZXhwIjoxNzE5NzYyNDYwfQ.K94_ZEDvfGVzze52iGwYj0dZ2ww62rFJgkxDj08or8Y
ETag: W/"16d-JKufPCs6+CaHvsxx25FV+pU3I/0"
CF-Cache-Status: DYNAMIC
Report-To: {"endpoints":[{"url":"https:\/\/a.nel.cloudflare.com\/report\/v4?s=JWAknpKKct%2FhBwgx9Wz0LUZWbNchrSTfxdTUCYwIrJtY0XTSlIFya%2FLsqu1UPChUeE%2BswX6X5Etx5uYBbiZZieoOmuSGs7bf6eSaf5rwQW38JzX9Jh157ujfQ%2FeaTgoOnm8rfJQsjBJ9av40nAASTWC3VaM%3D"}],"group":"cf-nel","max_age":604800}
NEL: {"success_fraction":0,"report_to":"cf-nel","max_age":604800}
Server: cloudflare
CF-RAY: 89bf2e844f8d63ea-LHR
Content-Encoding: gzip
alt-svc: h3=":443"; ma=86400

{
    "success": true,
    "user": {
        "email": "pygxqjhblf@ya.ru",
        "name": "OyQVkCuPHL"
    },
    "accessToken": "Bearer eyJhbGciOiJIUzI1NiIsInR5cCI6IkpXVCJ9.eyJpZCI6IjY2ODE3OTZjOWVkMjgwMDAxYjQ1OTYwNSIsImlhdCI6MTcxOTc2MTI2MCwiZXhwIjoxNzE5NzYyNDYwfQ.K94_ZEDvfGVzze52iGwYj0dZ2ww62rFJgkxDj08or8Y",
    "refreshToken": "438cb80b6599b19dd79d02f8aa1c9e6eef7fff33ec126108ff45eb1a08d58b69f1a8732e72f82d5e"
}
HTTP/1.1 200 OK
Date: Sun, 30 Jun 2024 15:27:40 GMT
Content-Type: application/json; charset=utf-8
Transfer-Encoding: chunked
Connection: keep-alive
X-Powered-By: Express
Access-Control-Allow-Origin: *
authorization: Bearer eyJhbGciOiJIUzI1NiIsInR5cCI6IkpXVCJ9.eyJpZCI6IjY2ODE3OTZjOWVkMjgwMDAxYjQ1OTYwNSIsImlhdCI6MTcxOTc2MTI2MCwiZXhwIjoxNzE5NzYyNDYwfQ.K94_ZEDvfGVzze52iGwYj0dZ2ww62rFJgkxDj08or8Y
ETag: W/"16d-JKufPCs6+CaHvsxx25FV+pU3I/0"
CF-Cache-Status: DYNAMIC
Report-To: {"endpoints":[{"url":"https:\/\/a.nel.cloudflare.com\/report\/v4?s=JWAknpKKct%2FhBwgx9Wz0LUZWbNchrSTfxdTUCYwIrJtY0XTSlIFya%2FLsqu1UPChUeE%2BswX6X5Etx5uYBbiZZieoOmuSGs7bf6eSaf5rwQW38JzX9Jh157ujfQ%2FeaTgoOnm8rfJQsjBJ9av40nAASTWC3VaM%3D"}],"group":"cf-nel","max_age":604800}
NEL: {"success_fraction":0,"report_to":"cf-nel","max_age":604800}
Server: cloudflare
CF-RAY: 89bf2e844f8d63ea-LHR
Content-Encoding: gzip
alt-svc: h3=":443"; ma=86400

{
    "success": true,
    "user": {
        "email": "pygxqjhblf@ya.ru",
        "name": "OyQVkCuPHL"
    },
    "accessToken": "Bearer eyJhbGciOiJIUzI1NiIsInR5cCI6IkpXVCJ9.eyJpZCI6IjY2ODE3OTZjOWVkMjgwMDAxYjQ1OTYwNSIsImlhdCI6MTcxOTc2MTI2MCwiZXhwIjoxNzE5NzYyNDYwfQ.K94_ZEDvfGVzze52iGwYj0dZ2ww62rFJgkxDj08or8Y",
    "refreshToken": "438cb80b6599b19dd79d02f8aa1c9e6eef7fff33ec126108ff45eb1a08d58b69f1a8732e72f82d5e"
}
HTTP/1.1 200 OK
Date: Sun, 30 Jun 2024 15:27:40 GMT
Content-Type: application/json; charset=utf-8
Transfer-Encoding: chunked
Connection: keep-alive
X-Powered-By: Express
Access-Control-Allow-Origin: *
authorization: Bearer eyJhbGciOiJIUzI1NiIsInR5cCI6IkpXVCJ9.eyJpZCI6IjY2ODE3OTZjOWVkMjgwMDAxYjQ1OTYwNSIsImlhdCI6MTcxOTc2MTI2MCwiZXhwIjoxNzE5NzYyNDYwfQ.K94_ZEDvfGVzze52iGwYj0dZ2ww62rFJgkxDj08or8Y
ETag: W/"16d-JKufPCs6+CaHvsxx25FV+pU3I/0"
CF-Cache-Status: DYNAMIC
Report-To: {"endpoints":[{"url":"https:\/\/a.nel.cloudflare.com\/report\/v4?s=JWAknpKKct%2FhBwgx9Wz0LUZWbNchrSTfxdTUCYwIrJtY0XTSlIFya%2FLsqu1UPChUeE%2BswX6X5Etx5uYBbiZZieoOmuSGs7bf6eSaf5rwQW38JzX9Jh157ujfQ%2FeaTgoOnm8rfJQsjBJ9av40nAASTWC3VaM%3D"}],"group":"cf-nel","max_age":604800}
NEL: {"success_fraction":0,"report_to":"cf-nel","max_age":604800}
Server: cloudflare
CF-RAY: 89bf2e844f8d63ea-LHR
Content-Encoding: gzip
alt-svc: h3=":443"; ma=86400

{
    "success": true,
    "user": {
        "email": "pygxqjhblf@ya.ru",
        "name": "OyQVkCuPHL"
    },
    "accessToken": "Bearer eyJhbGciOiJIUzI1NiIsInR5cCI6IkpXVCJ9.eyJpZCI6IjY2ODE3OTZjOWVkMjgwMDAxYjQ1OTYwNSIsImlhdCI6MTcxOTc2MTI2MCwiZXhwIjoxNzE5NzYyNDYwfQ.K94_ZEDvfGVzze52iGwYj0dZ2ww62rFJgkxDj08or8Y",
    "refreshToken": "438cb80b6599b19dd79d02f8aa1c9e6eef7fff33ec126108ff45eb1a08d58b69f1a8732e72f82d5e"
}
HTTP/1.1 200 OK
Date: Sun, 30 Jun 2024 15:27:40 GMT
Content-Type: application/json; charset=utf-8
Transfer-Encoding: chunked
Connection: keep-alive
X-Powered-By: Express
Access-Control-Allow-Origin: *
authorization: Bearer eyJhbGciOiJIUzI1NiIsInR5cCI6IkpXVCJ9.eyJpZCI6IjY2ODE3OTZjOWVkMjgwMDAxYjQ1OTYwNSIsImlhdCI6MTcxOTc2MTI2MCwiZXhwIjoxNzE5NzYyNDYwfQ.K94_ZEDvfGVzze52iGwYj0dZ2ww62rFJgkxDj08or8Y
ETag: W/"16d-JKufPCs6+CaHvsxx25FV+pU3I/0"
CF-Cache-Status: DYNAMIC
Report-To: {"endpoints":[{"url":"https:\/\/a.nel.cloudflare.com\/report\/v4?s=JWAknpKKct%2FhBwgx9Wz0LUZWbNchrSTfxdTUCYwIrJtY0XTSlIFya%2FLsqu1UPChUeE%2BswX6X5Etx5uYBbiZZieoOmuSGs7bf6eSaf5rwQW38JzX9Jh157ujfQ%2FeaTgoOnm8rfJQsjBJ9av40nAASTWC3VaM%3D"}],"group":"cf-nel","max_age":604800}
NEL: {"success_fraction":0,"report_to":"cf-nel","max_age":604800}
Server: cloudflare
CF-RAY: 89bf2e844f8d63ea-LHR
Content-Encoding: gzip
alt-svc: h3=":443"; ma=86400

{
    "success": true,
    "user": {
        "email": "pygxqjhblf@ya.ru",
        "name": "OyQVkCuPHL"
    },
    "accessToken": "Bearer eyJhbGciOiJIUzI1NiIsInR5cCI6IkpXVCJ9.eyJpZCI6IjY2ODE3OTZjOWVkMjgwMDAxYjQ1OTYwNSIsImlhdCI6MTcxOTc2MTI2MCwiZXhwIjoxNzE5NzYyNDYwfQ.K94_ZEDvfGVzze52iGwYj0dZ2ww62rFJgkxDj08or8Y",
    "refreshToken": "438cb80b6599b19dd79d02f8aa1c9e6eef7fff33ec126108ff45eb1a08d58b69f1a8732e72f82d5e"
}
Request method:	POST
Request URI:	https://stellarburgers.nomoreparties.site/api/auth/login
Proxy:			<none>
Request params:	<none>
Query params:	<none>
Form params:	<none>
Path params:	<none>
Headers:		Accept=*/*
				Content-Type=application/json
Cookies:		<none>
Multiparts:		<none>
Body:
{
    "email": "PYGxqjhBLF@ya.ru",
    "password": "rPOxyODxdc",
    "name": "OyQVkCuPHL"
}
Request method:	POST
Request URI:	https://stellarburgers.nomoreparties.site/api/auth/login
Proxy:			<none>
Request params:	<none>
Query params:	<none>
Form params:	<none>
Path params:	<none>
Headers:		Accept=*/*
				Content-Type=application/json
Cookies:		<none>
Multiparts:		<none>
Body:
{
    "email": "PYGxqjhBLF@ya.ru",
    "password": "rPOxyODxdc",
    "name": "OyQVkCuPHL"
}
Request method:	POST
Request URI:	https://stellarburgers.nomoreparties.site/api/auth/login
Proxy:			<none>
Request params:	<none>
Query params:	<none>
Form params:	<none>
Path params:	<none>
Headers:		Accept=*/*
				Content-Type=application/json
Cookies:		<none>
Multiparts:		<none>
Body:
{
    "email": "PYGxqjhBLF@ya.ru",
    "password": "rPOxyODxdc",
    "name": "OyQVkCuPHL"
}
Request method:	POST
Request URI:	https://stellarburgers.nomoreparties.site/api/auth/login
Proxy:			<none>
Request params:	<none>
Query params:	<none>
Form params:	<none>
Path params:	<none>
Headers:		Accept=*/*
				Content-Type=application/json
Cookies:		<none>
Multiparts:		<none>
Body:
{
    "email": "PYGxqjhBLF@ya.ru",
    "password": "rPOxyODxdc",
    "name": "OyQVkCuPHL"
}
Request method:	POST
Request URI:	https://stellarburgers.nomoreparties.site/api/auth/login
Proxy:			<none>
Request params:	<none>
Query params:	<none>
Form params:	<none>
Path params:	<none>
Headers:		Accept=*/*
				Content-Type=application/json
Cookies:		<none>
Multiparts:		<none>
Body:
{
    "email": "PYGxqjhBLF@ya.ru",
    "password": "rPOxyODxdc",
    "name": "OyQVkCuPHL"
}
Request method:	POST
Request URI:	https://stellarburgers.nomoreparties.site/api/auth/login
Proxy:			<none>
Request params:	<none>
Query params:	<none>
Form params:	<none>
Path params:	<none>
Headers:		Accept=*/*
				Content-Type=application/json
Cookies:		<none>
Multiparts:		<none>
Body:
{
    "email": "PYGxqjhBLF@ya.ru",
    "password": "rPOxyODxdc",
    "name": "OyQVkCuPHL"
}
Request method:	POST
Request URI:	https://stellarburgers.nomoreparties.site/api/auth/login
Proxy:			<none>
Request params:	<none>
Query params:	<none>
Form params:	<none>
Path params:	<none>
Headers:		Accept=*/*
				Content-Type=application/json
Cookies:		<none>
Multiparts:		<none>
Body:
{
    "email": "PYGxqjhBLF@ya.ru",
    "password": "rPOxyODxdc",
    "name": "OyQVkCuPHL"
}
Request method:	POST
Request URI:	https://stellarburgers.nomoreparties.site/api/auth/login
Proxy:			<none>
Request params:	<none>
Query params:	<none>
Form params:	<none>
Path params:	<none>
Headers:		Accept=*/*
				Content-Type=application/json
Cookies:		<none>
Multiparts:		<none>
Body:
{
    "email": "PYGxqjhBLF@ya.ru",
    "password": "rPOxyODxdc",
    "name": "OyQVkCuPHL"
}
Request method:	POST
Request URI:	https://stellarburgers.nomoreparties.site/api/auth/login
Proxy:			<none>
Request params:	<none>
Query params:	<none>
Form params:	<none>
Path params:	<none>
Headers:		Accept=*/*
				Content-Type=application/json
Cookies:		<none>
Multiparts:		<none>
Body:
{
    "email": "PYGxqjhBLF@ya.ru",
    "password": "rPOxyODxdc",
    "name": "OyQVkCuPHL"
}
Request method:	POST
Request URI:	https://stellarburgers.nomoreparties.site/api/auth/login
Proxy:			<none>
Request params:	<none>
Query params:	<none>
Form params:	<none>
Path params:	<none>
Headers:		Accept=*/*
				Content-Type=application/json
Cookies:		<none>
Multiparts:		<none>
Body:
{
    "email": "PYGxqjhBLF@ya.ru",
    "password": "rPOxyODxdc",
    "name": "OyQVkCuPHL"
}
Request method:	POST
Request URI:	https://stellarburgers.nomoreparties.site/api/auth/login
Proxy:			<none>
Request params:	<none>
Query params:	<none>
Form params:	<none>
Path params:	<none>
Headers:		Accept=*/*
				Content-Type=application/json
Cookies:		<none>
Multiparts:		<none>
Body:
{
    "email": "PYGxqjhBLF@ya.ru",
    "password": "rPOxyODxdc",
    "name": "OyQVkCuPHL"
}
Request method:	POST
Request URI:	https://stellarburgers.nomoreparties.site/api/auth/login
Proxy:			<none>
Request params:	<none>
Query params:	<none>
Form params:	<none>
Path params:	<none>
Headers:		Accept=*/*
				Content-Type=application/json
Cookies:		<none>
Multiparts:		<none>
Body:
{
    "email": "PYGxqjhBLF@ya.ru",
    "password": "rPOxyODxdc",
    "name": "OyQVkCuPHL"
}
Request method:	POST
Request URI:	https://stellarburgers.nomoreparties.site/api/auth/login
Proxy:			<none>
Request params:	<none>
Query params:	<none>
Form params:	<none>
Path params:	<none>
Headers:		Accept=*/*
				Content-Type=application/json
Cookies:		<none>
Multiparts:		<none>
Body:
{
    "email": "PYGxqjhBLF@ya.ru",
    "password": "rPOxyODxdc",
    "name": "OyQVkCuPHL"
}
Request method:	POST
Request URI:	https://stellarburgers.nomoreparties.site/api/auth/login
Proxy:			<none>
Request params:	<none>
Query params:	<none>
Form params:	<none>
Path params:	<none>
Headers:		Accept=*/*
				Content-Type=application/json
Cookies:		<none>
Multiparts:		<none>
Body:
{
    "email": "PYGxqjhBLF@ya.ru",
    "password": "rPOxyODxdc",
    "name": "OyQVkCuPHL"
}
Request method:	POST
Request URI:	https://stellarburgers.nomoreparties.site/api/auth/login
Proxy:			<none>
Request params:	<none>
Query params:	<none>
Form params:	<none>
Path params:	<none>
Headers:		Accept=*/*
				Content-Type=application/json
Cookies:		<none>
Multiparts:		<none>
Body:
{
    "email": "PYGxqjhBLF@ya.ru",
    "password": "rPOxyODxdc",
    "name": "OyQVkCuPHL"
}
Request method:	POST
Request URI:	https://stellarburgers.nomoreparties.site/api/auth/login
Proxy:			<none>
Request params:	<none>
Query params:	<none>
Form params:	<none>
Path params:	<none>
Headers:		Accept=*/*
				Content-Type=application/json
Cookies:		<none>
Multiparts:		<none>
Body:
{
    "email": "PYGxqjhBLF@ya.ru",
    "password": "rPOxyODxdc",
    "name": "OyQVkCuPHL"
}
Request method:	POST
Request URI:	https://stellarburgers.nomoreparties.site/api/auth/login
Proxy:			<none>
Request params:	<none>
Query params:	<none>
Form params:	<none>
Path params:	<none>
Headers:		Accept=*/*
				Content-Type=application/json
Cookies:		<none>
Multiparts:		<none>
Body:
{
    "email": "PYGxqjhBLF@ya.ru",
    "password": "rPOxyODxdc",
    "name": "OyQVkCuPHL"
}
Request method:	POST
Request URI:	https://stellarburgers.nomoreparties.site/api/auth/login
Proxy:			<none>
Request params:	<none>
Query params:	<none>
Form params:	<none>
Path params:	<none>
Headers:		Accept=*/*
				Content-Type=application/json
Cookies:		<none>
Multiparts:		<none>
Body:
{
    "email": "PYGxqjhBLF@ya.ru",
    "password": "rPOxyODxdc",
    "name": "OyQVkCuPHL"
}
HTTP/1.1 200 OK
Date: Sun, 30 Jun 2024 15:27:40 GMT
Content-Type: application/json; charset=utf-8
Transfer-Encoding: chunked
Connection: keep-alive
X-Powered-By: Express
Access-Control-Allow-Origin: *
ETag: W/"16d-DD3Iqh1Lk6i3Jv9IdIu2372qj+g"
CF-Cache-Status: DYNAMIC
Report-To: {"endpoints":[{"url":"https:\/\/a.nel.cloudflare.com\/report\/v4?s=TD4US2LapPoMi1PQAdzIRwaCxDXeTGx6YxU3AVjUeXyW114xVEtq3H6d2qEdEc4YIklSiktbCyjxOsXncQMKqpLxvTrhbeUbLXr6mYpR8kb%2B%2B53P3OLkdbu6vIrilR2b1yy%2FpLwhftS0NJMmXMuPvUeMjec%3D"}],"group":"cf-nel","max_age":604800}
NEL: {"success_fraction":0,"report_to":"cf-nel","max_age":604800}
Server: cloudflare
CF-RAY: 89bf2e868ead1c08-AMS
Content-Encoding: gzip
alt-svc: h3=":443"; ma=86400

{
    "success": true,
    "accessToken": "Bearer eyJhbGciOiJIUzI1NiIsInR5cCI6IkpXVCJ9.eyJpZCI6IjY2ODE3OTZjOWVkMjgwMDAxYjQ1OTYwNSIsImlhdCI6MTcxOTc2MTI2MCwiZXhwIjoxNzE5NzYyNDYwfQ.K94_ZEDvfGVzze52iGwYj0dZ2ww62rFJgkxDj08or8Y",
    "refreshToken": "c786bbf054bc13ecd9097d714f3736f65cd379d78af580fed994e50f3b01d14de9525b9845c7359b",
    "user": {
        "email": "pygxqjhblf@ya.ru",
        "name": "OyQVkCuPHL"
    }
}
HTTP/1.1 200 OK
Date: Sun, 30 Jun 2024 15:27:40 GMT
Content-Type: application/json; charset=utf-8
Transfer-Encoding: chunked
Connection: keep-alive
X-Powered-By: Express
Access-Control-Allow-Origin: *
ETag: W/"16d-DD3Iqh1Lk6i3Jv9IdIu2372qj+g"
CF-Cache-Status: DYNAMIC
Report-To: {"endpoints":[{"url":"https:\/\/a.nel.cloudflare.com\/report\/v4?s=TD4US2LapPoMi1PQAdzIRwaCxDXeTGx6YxU3AVjUeXyW114xVEtq3H6d2qEdEc4YIklSiktbCyjxOsXncQMKqpLxvTrhbeUbLXr6mYpR8kb%2B%2B53P3OLkdbu6vIrilR2b1yy%2FpLwhftS0NJMmXMuPvUeMjec%3D"}],"group":"cf-nel","max_age":604800}
NEL: {"success_fraction":0,"report_to":"cf-nel","max_age":604800}
Server: cloudflare
CF-RAY: 89bf2e868ead1c08-AMS
Content-Encoding: gzip
alt-svc: h3=":443"; ma=86400

{
    "success": true,
    "accessToken": "Bearer eyJhbGciOiJIUzI1NiIsInR5cCI6IkpXVCJ9.eyJpZCI6IjY2ODE3OTZjOWVkMjgwMDAxYjQ1OTYwNSIsImlhdCI6MTcxOTc2MTI2MCwiZXhwIjoxNzE5NzYyNDYwfQ.K94_ZEDvfGVzze52iGwYj0dZ2ww62rFJgkxDj08or8Y",
    "refreshToken": "c786bbf054bc13ecd9097d714f3736f65cd379d78af580fed994e50f3b01d14de9525b9845c7359b",
    "user": {
        "email": "pygxqjhblf@ya.ru",
        "name": "OyQVkCuPHL"
    }
}
HTTP/1.1 200 OK
Date: Sun, 30 Jun 2024 15:27:40 GMT
Content-Type: application/json; charset=utf-8
Transfer-Encoding: chunked
Connection: keep-alive
X-Powered-By: Express
Access-Control-Allow-Origin: *
ETag: W/"16d-DD3Iqh1Lk6i3Jv9IdIu2372qj+g"
CF-Cache-Status: DYNAMIC
Report-To: {"endpoints":[{"url":"https:\/\/a.nel.cloudflare.com\/report\/v4?s=TD4US2LapPoMi1PQAdzIRwaCxDXeTGx6YxU3AVjUeXyW114xVEtq3H6d2qEdEc4YIklSiktbCyjxOsXncQMKqpLxvTrhbeUbLXr6mYpR8kb%2B%2B53P3OLkdbu6vIrilR2b1yy%2FpLwhftS0NJMmXMuPvUeMjec%3D"}],"group":"cf-nel","max_age":604800}
NEL: {"success_fraction":0,"report_to":"cf-nel","max_age":604800}
Server: cloudflare
CF-RAY: 89bf2e868ead1c08-AMS
Content-Encoding: gzip
alt-svc: h3=":443"; ma=86400

{
    "success": true,
    "accessToken": "Bearer eyJhbGciOiJIUzI1NiIsInR5cCI6IkpXVCJ9.eyJpZCI6IjY2ODE3OTZjOWVkMjgwMDAxYjQ1OTYwNSIsImlhdCI6MTcxOTc2MTI2MCwiZXhwIjoxNzE5NzYyNDYwfQ.K94_ZEDvfGVzze52iGwYj0dZ2ww62rFJgkxDj08or8Y",
    "refreshToken": "c786bbf054bc13ecd9097d714f3736f65cd379d78af580fed994e50f3b01d14de9525b9845c7359b",
    "user": {
        "email": "pygxqjhblf@ya.ru",
        "name": "OyQVkCuPHL"
    }
}
HTTP/1.1 200 OK
Date: Sun, 30 Jun 2024 15:27:40 GMT
Content-Type: application/json; charset=utf-8
Transfer-Encoding: chunked
Connection: keep-alive
X-Powered-By: Express
Access-Control-Allow-Origin: *
ETag: W/"16d-DD3Iqh1Lk6i3Jv9IdIu2372qj+g"
CF-Cache-Status: DYNAMIC
Report-To: {"endpoints":[{"url":"https:\/\/a.nel.cloudflare.com\/report\/v4?s=TD4US2LapPoMi1PQAdzIRwaCxDXeTGx6YxU3AVjUeXyW114xVEtq3H6d2qEdEc4YIklSiktbCyjxOsXncQMKqpLxvTrhbeUbLXr6mYpR8kb%2B%2B53P3OLkdbu6vIrilR2b1yy%2FpLwhftS0NJMmXMuPvUeMjec%3D"}],"group":"cf-nel","max_age":604800}
NEL: {"success_fraction":0,"report_to":"cf-nel","max_age":604800}
Server: cloudflare
CF-RAY: 89bf2e868ead1c08-AMS
Content-Encoding: gzip
alt-svc: h3=":443"; ma=86400

{
    "success": true,
    "accessToken": "Bearer eyJhbGciOiJIUzI1NiIsInR5cCI6IkpXVCJ9.eyJpZCI6IjY2ODE3OTZjOWVkMjgwMDAxYjQ1OTYwNSIsImlhdCI6MTcxOTc2MTI2MCwiZXhwIjoxNzE5NzYyNDYwfQ.K94_ZEDvfGVzze52iGwYj0dZ2ww62rFJgkxDj08or8Y",
    "refreshToken": "c786bbf054bc13ecd9097d714f3736f65cd379d78af580fed994e50f3b01d14de9525b9845c7359b",
    "user": {
        "email": "pygxqjhblf@ya.ru",
        "name": "OyQVkCuPHL"
    }
}
HTTP/1.1 200 OK
Date: Sun, 30 Jun 2024 15:27:40 GMT
Content-Type: application/json; charset=utf-8
Transfer-Encoding: chunked
Connection: keep-alive
X-Powered-By: Express
Access-Control-Allow-Origin: *
ETag: W/"16d-DD3Iqh1Lk6i3Jv9IdIu2372qj+g"
CF-Cache-Status: DYNAMIC
Report-To: {"endpoints":[{"url":"https:\/\/a.nel.cloudflare.com\/report\/v4?s=TD4US2LapPoMi1PQAdzIRwaCxDXeTGx6YxU3AVjUeXyW114xVEtq3H6d2qEdEc4YIklSiktbCyjxOsXncQMKqpLxvTrhbeUbLXr6mYpR8kb%2B%2B53P3OLkdbu6vIrilR2b1yy%2FpLwhftS0NJMmXMuPvUeMjec%3D"}],"group":"cf-nel","max_age":604800}
NEL: {"success_fraction":0,"report_to":"cf-nel","max_age":604800}
Server: cloudflare
CF-RAY: 89bf2e868ead1c08-AMS
Content-Encoding: gzip
alt-svc: h3=":443"; ma=86400

{
    "success": true,
    "accessToken": "Bearer eyJhbGciOiJIUzI1NiIsInR5cCI6IkpXVCJ9.eyJpZCI6IjY2ODE3OTZjOWVkMjgwMDAxYjQ1OTYwNSIsImlhdCI6MTcxOTc2MTI2MCwiZXhwIjoxNzE5NzYyNDYwfQ.K94_ZEDvfGVzze52iGwYj0dZ2ww62rFJgkxDj08or8Y",
    "refreshToken": "c786bbf054bc13ecd9097d714f3736f65cd379d78af580fed994e50f3b01d14de9525b9845c7359b",
    "user": {
        "email": "pygxqjhblf@ya.ru",
        "name": "OyQVkCuPHL"
    }
}
HTTP/1.1 200 OK
Date: Sun, 30 Jun 2024 15:27:40 GMT
Content-Type: application/json; charset=utf-8
Transfer-Encoding: chunked
Connection: keep-alive
X-Powered-By: Express
Access-Control-Allow-Origin: *
ETag: W/"16d-DD3Iqh1Lk6i3Jv9IdIu2372qj+g"
CF-Cache-Status: DYNAMIC
Report-To: {"endpoints":[{"url":"https:\/\/a.nel.cloudflare.com\/report\/v4?s=TD4US2LapPoMi1PQAdzIRwaCxDXeTGx6YxU3AVjUeXyW114xVEtq3H6d2qEdEc4YIklSiktbCyjxOsXncQMKqpLxvTrhbeUbLXr6mYpR8kb%2B%2B53P3OLkdbu6vIrilR2b1yy%2FpLwhftS0NJMmXMuPvUeMjec%3D"}],"group":"cf-nel","max_age":604800}
NEL: {"success_fraction":0,"report_to":"cf-nel","max_age":604800}
Server: cloudflare
CF-RAY: 89bf2e868ead1c08-AMS
Content-Encoding: gzip
alt-svc: h3=":443"; ma=86400

{
    "success": true,
    "accessToken": "Bearer eyJhbGciOiJIUzI1NiIsInR5cCI6IkpXVCJ9.eyJpZCI6IjY2ODE3OTZjOWVkMjgwMDAxYjQ1OTYwNSIsImlhdCI6MTcxOTc2MTI2MCwiZXhwIjoxNzE5NzYyNDYwfQ.K94_ZEDvfGVzze52iGwYj0dZ2ww62rFJgkxDj08or8Y",
    "refreshToken": "c786bbf054bc13ecd9097d714f3736f65cd379d78af580fed994e50f3b01d14de9525b9845c7359b",
    "user": {
        "email": "pygxqjhblf@ya.ru",
        "name": "OyQVkCuPHL"
    }
}
HTTP/1.1 200 OK
Date: Sun, 30 Jun 2024 15:27:40 GMT
Content-Type: application/json; charset=utf-8
Transfer-Encoding: chunked
Connection: keep-alive
X-Powered-By: Express
Access-Control-Allow-Origin: *
ETag: W/"16d-DD3Iqh1Lk6i3Jv9IdIu2372qj+g"
CF-Cache-Status: DYNAMIC
Report-To: {"endpoints":[{"url":"https:\/\/a.nel.cloudflare.com\/report\/v4?s=TD4US2LapPoMi1PQAdzIRwaCxDXeTGx6YxU3AVjUeXyW114xVEtq3H6d2qEdEc4YIklSiktbCyjxOsXncQMKqpLxvTrhbeUbLXr6mYpR8kb%2B%2B53P3OLkdbu6vIrilR2b1yy%2FpLwhftS0NJMmXMuPvUeMjec%3D"}],"group":"cf-nel","max_age":604800}
NEL: {"success_fraction":0,"report_to":"cf-nel","max_age":604800}
Server: cloudflare
CF-RAY: 89bf2e868ead1c08-AMS
Content-Encoding: gzip
alt-svc: h3=":443"; ma=86400

{
    "success": true,
    "accessToken": "Bearer eyJhbGciOiJIUzI1NiIsInR5cCI6IkpXVCJ9.eyJpZCI6IjY2ODE3OTZjOWVkMjgwMDAxYjQ1OTYwNSIsImlhdCI6MTcxOTc2MTI2MCwiZXhwIjoxNzE5NzYyNDYwfQ.K94_ZEDvfGVzze52iGwYj0dZ2ww62rFJgkxDj08or8Y",
    "refreshToken": "c786bbf054bc13ecd9097d714f3736f65cd379d78af580fed994e50f3b01d14de9525b9845c7359b",
    "user": {
        "email": "pygxqjhblf@ya.ru",
        "name": "OyQVkCuPHL"
    }
}
HTTP/1.1 200 OK
Date: Sun, 30 Jun 2024 15:27:40 GMT
Content-Type: application/json; charset=utf-8
Transfer-Encoding: chunked
Connection: keep-alive
X-Powered-By: Express
Access-Control-Allow-Origin: *
ETag: W/"16d-DD3Iqh1Lk6i3Jv9IdIu2372qj+g"
CF-Cache-Status: DYNAMIC
Report-To: {"endpoints":[{"url":"https:\/\/a.nel.cloudflare.com\/report\/v4?s=TD4US2LapPoMi1PQAdzIRwaCxDXeTGx6YxU3AVjUeXyW114xVEtq3H6d2qEdEc4YIklSiktbCyjxOsXncQMKqpLxvTrhbeUbLXr6mYpR8kb%2B%2B53P3OLkdbu6vIrilR2b1yy%2FpLwhftS0NJMmXMuPvUeMjec%3D"}],"group":"cf-nel","max_age":604800}
NEL: {"success_fraction":0,"report_to":"cf-nel","max_age":604800}
Server: cloudflare
CF-RAY: 89bf2e868ead1c08-AMS
Content-Encoding: gzip
alt-svc: h3=":443"; ma=86400

{
    "success": true,
    "accessToken": "Bearer eyJhbGciOiJIUzI1NiIsInR5cCI6IkpXVCJ9.eyJpZCI6IjY2ODE3OTZjOWVkMjgwMDAxYjQ1OTYwNSIsImlhdCI6MTcxOTc2MTI2MCwiZXhwIjoxNzE5NzYyNDYwfQ.K94_ZEDvfGVzze52iGwYj0dZ2ww62rFJgkxDj08or8Y",
    "refreshToken": "c786bbf054bc13ecd9097d714f3736f65cd379d78af580fed994e50f3b01d14de9525b9845c7359b",
    "user": {
        "email": "pygxqjhblf@ya.ru",
        "name": "OyQVkCuPHL"
    }
}
HTTP/1.1 200 OK
Date: Sun, 30 Jun 2024 15:27:40 GMT
Content-Type: application/json; charset=utf-8
Transfer-Encoding: chunked
Connection: keep-alive
X-Powered-By: Express
Access-Control-Allow-Origin: *
ETag: W/"16d-DD3Iqh1Lk6i3Jv9IdIu2372qj+g"
CF-Cache-Status: DYNAMIC
Report-To: {"endpoints":[{"url":"https:\/\/a.nel.cloudflare.com\/report\/v4?s=TD4US2LapPoMi1PQAdzIRwaCxDXeTGx6YxU3AVjUeXyW114xVEtq3H6d2qEdEc4YIklSiktbCyjxOsXncQMKqpLxvTrhbeUbLXr6mYpR8kb%2B%2B53P3OLkdbu6vIrilR2b1yy%2FpLwhftS0NJMmXMuPvUeMjec%3D"}],"group":"cf-nel","max_age":604800}
NEL: {"success_fraction":0,"report_to":"cf-nel","max_age":604800}
Server: cloudflare
CF-RAY: 89bf2e868ead1c08-AMS
Content-Encoding: gzip
alt-svc: h3=":443"; ma=86400

{
    "success": true,
    "accessToken": "Bearer eyJhbGciOiJIUzI1NiIsInR5cCI6IkpXVCJ9.eyJpZCI6IjY2ODE3OTZjOWVkMjgwMDAxYjQ1OTYwNSIsImlhdCI6MTcxOTc2MTI2MCwiZXhwIjoxNzE5NzYyNDYwfQ.K94_ZEDvfGVzze52iGwYj0dZ2ww62rFJgkxDj08or8Y",
    "refreshToken": "c786bbf054bc13ecd9097d714f3736f65cd379d78af580fed994e50f3b01d14de9525b9845c7359b",
    "user": {
        "email": "pygxqjhblf@ya.ru",
        "name": "OyQVkCuPHL"
    }
}
HTTP/1.1 200 OK
Date: Sun, 30 Jun 2024 15:27:40 GMT
Content-Type: application/json; charset=utf-8
Transfer-Encoding: chunked
Connection: keep-alive
X-Powered-By: Express
Access-Control-Allow-Origin: *
ETag: W/"16d-DD3Iqh1Lk6i3Jv9IdIu2372qj+g"
CF-Cache-Status: DYNAMIC
Report-To: {"endpoints":[{"url":"https:\/\/a.nel.cloudflare.com\/report\/v4?s=TD4US2LapPoMi1PQAdzIRwaCxDXeTGx6YxU3AVjUeXyW114xVEtq3H6d2qEdEc4YIklSiktbCyjxOsXncQMKqpLxvTrhbeUbLXr6mYpR8kb%2B%2B53P3OLkdbu6vIrilR2b1yy%2FpLwhftS0NJMmXMuPvUeMjec%3D"}],"group":"cf-nel","max_age":604800}
NEL: {"success_fraction":0,"report_to":"cf-nel","max_age":604800}
Server: cloudflare
CF-RAY: 89bf2e868ead1c08-AMS
Content-Encoding: gzip
alt-svc: h3=":443"; ma=86400

{
    "success": true,
    "accessToken": "Bearer eyJhbGciOiJIUzI1NiIsInR5cCI6IkpXVCJ9.eyJpZCI6IjY2ODE3OTZjOWVkMjgwMDAxYjQ1OTYwNSIsImlhdCI6MTcxOTc2MTI2MCwiZXhwIjoxNzE5NzYyNDYwfQ.K94_ZEDvfGVzze52iGwYj0dZ2ww62rFJgkxDj08or8Y",
    "refreshToken": "c786bbf054bc13ecd9097d714f3736f65cd379d78af580fed994e50f3b01d14de9525b9845c7359b",
    "user": {
        "email": "pygxqjhblf@ya.ru",
        "name": "OyQVkCuPHL"
    }
}
HTTP/1.1 200 OK
Date: Sun, 30 Jun 2024 15:27:40 GMT
Content-Type: application/json; charset=utf-8
Transfer-Encoding: chunked
Connection: keep-alive
X-Powered-By: Express
Access-Control-Allow-Origin: *
ETag: W/"16d-DD3Iqh1Lk6i3Jv9IdIu2372qj+g"
CF-Cache-Status: DYNAMIC
Report-To: {"endpoints":[{"url":"https:\/\/a.nel.cloudflare.com\/report\/v4?s=TD4US2LapPoMi1PQAdzIRwaCxDXeTGx6YxU3AVjUeXyW114xVEtq3H6d2qEdEc4YIklSiktbCyjxOsXncQMKqpLxvTrhbeUbLXr6mYpR8kb%2B%2B53P3OLkdbu6vIrilR2b1yy%2FpLwhftS0NJMmXMuPvUeMjec%3D"}],"group":"cf-nel","max_age":604800}
NEL: {"success_fraction":0,"report_to":"cf-nel","max_age":604800}
Server: cloudflare
CF-RAY: 89bf2e868ead1c08-AMS
Content-Encoding: gzip
alt-svc: h3=":443"; ma=86400

{
    "success": true,
    "accessToken": "Bearer eyJhbGciOiJIUzI1NiIsInR5cCI6IkpXVCJ9.eyJpZCI6IjY2ODE3OTZjOWVkMjgwMDAxYjQ1OTYwNSIsImlhdCI6MTcxOTc2MTI2MCwiZXhwIjoxNzE5NzYyNDYwfQ.K94_ZEDvfGVzze52iGwYj0dZ2ww62rFJgkxDj08or8Y",
    "refreshToken": "c786bbf054bc13ecd9097d714f3736f65cd379d78af580fed994e50f3b01d14de9525b9845c7359b",
    "user": {
        "email": "pygxqjhblf@ya.ru",
        "name": "OyQVkCuPHL"
    }
}
HTTP/1.1 200 OK
Date: Sun, 30 Jun 2024 15:27:40 GMT
Content-Type: application/json; charset=utf-8
Transfer-Encoding: chunked
Connection: keep-alive
X-Powered-By: Express
Access-Control-Allow-Origin: *
ETag: W/"16d-DD3Iqh1Lk6i3Jv9IdIu2372qj+g"
CF-Cache-Status: DYNAMIC
Report-To: {"endpoints":[{"url":"https:\/\/a.nel.cloudflare.com\/report\/v4?s=TD4US2LapPoMi1PQAdzIRwaCxDXeTGx6YxU3AVjUeXyW114xVEtq3H6d2qEdEc4YIklSiktbCyjxOsXncQMKqpLxvTrhbeUbLXr6mYpR8kb%2B%2B53P3OLkdbu6vIrilR2b1yy%2FpLwhftS0NJMmXMuPvUeMjec%3D"}],"group":"cf-nel","max_age":604800}
NEL: {"success_fraction":0,"report_to":"cf-nel","max_age":604800}
Server: cloudflare
CF-RAY: 89bf2e868ead1c08-AMS
Content-Encoding: gzip
alt-svc: h3=":443"; ma=86400

{
    "success": true,
    "accessToken": "Bearer eyJhbGciOiJIUzI1NiIsInR5cCI6IkpXVCJ9.eyJpZCI6IjY2ODE3OTZjOWVkMjgwMDAxYjQ1OTYwNSIsImlhdCI6MTcxOTc2MTI2MCwiZXhwIjoxNzE5NzYyNDYwfQ.K94_ZEDvfGVzze52iGwYj0dZ2ww62rFJgkxDj08or8Y",
    "refreshToken": "c786bbf054bc13ecd9097d714f3736f65cd379d78af580fed994e50f3b01d14de9525b9845c7359b",
    "user": {
        "email": "pygxqjhblf@ya.ru",
        "name": "OyQVkCuPHL"
    }
}
HTTP/1.1 200 OK
Date: Sun, 30 Jun 2024 15:27:40 GMT
Content-Type: application/json; charset=utf-8
Transfer-Encoding: chunked
Connection: keep-alive
X-Powered-By: Express
Access-Control-Allow-Origin: *
ETag: W/"16d-DD3Iqh1Lk6i3Jv9IdIu2372qj+g"
CF-Cache-Status: DYNAMIC
Report-To: {"endpoints":[{"url":"https:\/\/a.nel.cloudflare.com\/report\/v4?s=TD4US2LapPoMi1PQAdzIRwaCxDXeTGx6YxU3AVjUeXyW114xVEtq3H6d2qEdEc4YIklSiktbCyjxOsXncQMKqpLxvTrhbeUbLXr6mYpR8kb%2B%2B53P3OLkdbu6vIrilR2b1yy%2FpLwhftS0NJMmXMuPvUeMjec%3D"}],"group":"cf-nel","max_age":604800}
NEL: {"success_fraction":0,"report_to":"cf-nel","max_age":604800}
Server: cloudflare
CF-RAY: 89bf2e868ead1c08-AMS
Content-Encoding: gzip
alt-svc: h3=":443"; ma=86400

{
    "success": true,
    "accessToken": "Bearer eyJhbGciOiJIUzI1NiIsInR5cCI6IkpXVCJ9.eyJpZCI6IjY2ODE3OTZjOWVkMjgwMDAxYjQ1OTYwNSIsImlhdCI6MTcxOTc2MTI2MCwiZXhwIjoxNzE5NzYyNDYwfQ.K94_ZEDvfGVzze52iGwYj0dZ2ww62rFJgkxDj08or8Y",
    "refreshToken": "c786bbf054bc13ecd9097d714f3736f65cd379d78af580fed994e50f3b01d14de9525b9845c7359b",
    "user": {
        "email": "pygxqjhblf@ya.ru",
        "name": "OyQVkCuPHL"
    }
}
HTTP/1.1 200 OK
Date: Sun, 30 Jun 2024 15:27:40 GMT
Content-Type: application/json; charset=utf-8
Transfer-Encoding: chunked
Connection: keep-alive
X-Powered-By: Express
Access-Control-Allow-Origin: *
ETag: W/"16d-DD3Iqh1Lk6i3Jv9IdIu2372qj+g"
CF-Cache-Status: DYNAMIC
Report-To: {"endpoints":[{"url":"https:\/\/a.nel.cloudflare.com\/report\/v4?s=TD4US2LapPoMi1PQAdzIRwaCxDXeTGx6YxU3AVjUeXyW114xVEtq3H6d2qEdEc4YIklSiktbCyjxOsXncQMKqpLxvTrhbeUbLXr6mYpR8kb%2B%2B53P3OLkdbu6vIrilR2b1yy%2FpLwhftS0NJMmXMuPvUeMjec%3D"}],"group":"cf-nel","max_age":604800}
NEL: {"success_fraction":0,"report_to":"cf-nel","max_age":604800}
Server: cloudflare
CF-RAY: 89bf2e868ead1c08-AMS
Content-Encoding: gzip
alt-svc: h3=":443"; ma=86400

{
    "success": true,
    "accessToken": "Bearer eyJhbGciOiJIUzI1NiIsInR5cCI6IkpXVCJ9.eyJpZCI6IjY2ODE3OTZjOWVkMjgwMDAxYjQ1OTYwNSIsImlhdCI6MTcxOTc2MTI2MCwiZXhwIjoxNzE5NzYyNDYwfQ.K94_ZEDvfGVzze52iGwYj0dZ2ww62rFJgkxDj08or8Y",
    "refreshToken": "c786bbf054bc13ecd9097d714f3736f65cd379d78af580fed994e50f3b01d14de9525b9845c7359b",
    "user": {
        "email": "pygxqjhblf@ya.ru",
        "name": "OyQVkCuPHL"
    }
}
HTTP/1.1 200 OK
Date: Sun, 30 Jun 2024 15:27:40 GMT
Content-Type: application/json; charset=utf-8
Transfer-Encoding: chunked
Connection: keep-alive
X-Powered-By: Express
Access-Control-Allow-Origin: *
ETag: W/"16d-DD3Iqh1Lk6i3Jv9IdIu2372qj+g"
CF-Cache-Status: DYNAMIC
Report-To: {"endpoints":[{"url":"https:\/\/a.nel.cloudflare.com\/report\/v4?s=TD4US2LapPoMi1PQAdzIRwaCxDXeTGx6YxU3AVjUeXyW114xVEtq3H6d2qEdEc4YIklSiktbCyjxOsXncQMKqpLxvTrhbeUbLXr6mYpR8kb%2B%2B53P3OLkdbu6vIrilR2b1yy%2FpLwhftS0NJMmXMuPvUeMjec%3D"}],"group":"cf-nel","max_age":604800}
NEL: {"success_fraction":0,"report_to":"cf-nel","max_age":604800}
Server: cloudflare
CF-RAY: 89bf2e868ead1c08-AMS
Content-Encoding: gzip
alt-svc: h3=":443"; ma=86400

{
    "success": true,
    "accessToken": "Bearer eyJhbGciOiJIUzI1NiIsInR5cCI6IkpXVCJ9.eyJpZCI6IjY2ODE3OTZjOWVkMjgwMDAxYjQ1OTYwNSIsImlhdCI6MTcxOTc2MTI2MCwiZXhwIjoxNzE5NzYyNDYwfQ.K94_ZEDvfGVzze52iGwYj0dZ2ww62rFJgkxDj08or8Y",
    "refreshToken": "c786bbf054bc13ecd9097d714f3736f65cd379d78af580fed994e50f3b01d14de9525b9845c7359b",
    "user": {
        "email": "pygxqjhblf@ya.ru",
        "name": "OyQVkCuPHL"
    }
}
HTTP/1.1 200 OK
Date: Sun, 30 Jun 2024 15:27:40 GMT
Content-Type: application/json; charset=utf-8
Transfer-Encoding: chunked
Connection: keep-alive
X-Powered-By: Express
Access-Control-Allow-Origin: *
ETag: W/"16d-DD3Iqh1Lk6i3Jv9IdIu2372qj+g"
CF-Cache-Status: DYNAMIC
Report-To: {"endpoints":[{"url":"https:\/\/a.nel.cloudflare.com\/report\/v4?s=TD4US2LapPoMi1PQAdzIRwaCxDXeTGx6YxU3AVjUeXyW114xVEtq3H6d2qEdEc4YIklSiktbCyjxOsXncQMKqpLxvTrhbeUbLXr6mYpR8kb%2B%2B53P3OLkdbu6vIrilR2b1yy%2FpLwhftS0NJMmXMuPvUeMjec%3D"}],"group":"cf-nel","max_age":604800}
NEL: {"success_fraction":0,"report_to":"cf-nel","max_age":604800}
Server: cloudflare
CF-RAY: 89bf2e868ead1c08-AMS
Content-Encoding: gzip
alt-svc: h3=":443"; ma=86400

{
    "success": true,
    "accessToken": "Bearer eyJhbGciOiJIUzI1NiIsInR5cCI6IkpXVCJ9.eyJpZCI6IjY2ODE3OTZjOWVkMjgwMDAxYjQ1OTYwNSIsImlhdCI6MTcxOTc2MTI2MCwiZXhwIjoxNzE5NzYyNDYwfQ.K94_ZEDvfGVzze52iGwYj0dZ2ww62rFJgkxDj08or8Y",
    "refreshToken": "c786bbf054bc13ecd9097d714f3736f65cd379d78af580fed994e50f3b01d14de9525b9845c7359b",
    "user": {
        "email": "pygxqjhblf@ya.ru",
        "name": "OyQVkCuPHL"
    }
}
HTTP/1.1 200 OK
Date: Sun, 30 Jun 2024 15:27:40 GMT
Content-Type: application/json; charset=utf-8
Transfer-Encoding: chunked
Connection: keep-alive
X-Powered-By: Express
Access-Control-Allow-Origin: *
ETag: W/"16d-DD3Iqh1Lk6i3Jv9IdIu2372qj+g"
CF-Cache-Status: DYNAMIC
Report-To: {"endpoints":[{"url":"https:\/\/a.nel.cloudflare.com\/report\/v4?s=TD4US2LapPoMi1PQAdzIRwaCxDXeTGx6YxU3AVjUeXyW114xVEtq3H6d2qEdEc4YIklSiktbCyjxOsXncQMKqpLxvTrhbeUbLXr6mYpR8kb%2B%2B53P3OLkdbu6vIrilR2b1yy%2FpLwhftS0NJMmXMuPvUeMjec%3D"}],"group":"cf-nel","max_age":604800}
NEL: {"success_fraction":0,"report_to":"cf-nel","max_age":604800}
Server: cloudflare
CF-RAY: 89bf2e868ead1c08-AMS
Content-Encoding: gzip
alt-svc: h3=":443"; ma=86400

{
    "success": true,
    "accessToken": "Bearer eyJhbGciOiJIUzI1NiIsInR5cCI6IkpXVCJ9.eyJpZCI6IjY2ODE3OTZjOWVkMjgwMDAxYjQ1OTYwNSIsImlhdCI6MTcxOTc2MTI2MCwiZXhwIjoxNzE5NzYyNDYwfQ.K94_ZEDvfGVzze52iGwYj0dZ2ww62rFJgkxDj08or8Y",
    "refreshToken": "c786bbf054bc13ecd9097d714f3736f65cd379d78af580fed994e50f3b01d14de9525b9845c7359b",
    "user": {
        "email": "pygxqjhblf@ya.ru",
        "name": "OyQVkCuPHL"
    }
}
HTTP/1.1 200 OK
Date: Sun, 30 Jun 2024 15:27:40 GMT
Content-Type: application/json; charset=utf-8
Transfer-Encoding: chunked
Connection: keep-alive
X-Powered-By: Express
Access-Control-Allow-Origin: *
ETag: W/"16d-DD3Iqh1Lk6i3Jv9IdIu2372qj+g"
CF-Cache-Status: DYNAMIC
Report-To: {"endpoints":[{"url":"https:\/\/a.nel.cloudflare.com\/report\/v4?s=TD4US2LapPoMi1PQAdzIRwaCxDXeTGx6YxU3AVjUeXyW114xVEtq3H6d2qEdEc4YIklSiktbCyjxOsXncQMKqpLxvTrhbeUbLXr6mYpR8kb%2B%2B53P3OLkdbu6vIrilR2b1yy%2FpLwhftS0NJMmXMuPvUeMjec%3D"}],"group":"cf-nel","max_age":604800}
NEL: {"success_fraction":0,"report_to":"cf-nel","max_age":604800}
Server: cloudflare
CF-RAY: 89bf2e868ead1c08-AMS
Content-Encoding: gzip
alt-svc: h3=":443"; ma=86400

{
    "success": true,
    "accessToken": "Bearer eyJhbGciOiJIUzI1NiIsInR5cCI6IkpXVCJ9.eyJpZCI6IjY2ODE3OTZjOWVkMjgwMDAxYjQ1OTYwNSIsImlhdCI6MTcxOTc2MTI2MCwiZXhwIjoxNzE5NzYyNDYwfQ.K94_ZEDvfGVzze52iGwYj0dZ2ww62rFJgkxDj08or8Y",
    "refreshToken": "c786bbf054bc13ecd9097d714f3736f65cd379d78af580fed994e50f3b01d14de9525b9845c7359b",
    "user": {
        "email": "pygxqjhblf@ya.ru",
        "name": "OyQVkCuPHL"
    }
}
Request method:	GET
Request URI:	https://stellarburgers.nomoreparties.site/api/orders
Proxy:			<none>
Request params:	<none>
Query params:	<none>
Form params:	<none>
Path params:	<none>
Headers:		authorization=
				Accept=*/*
				Content-Type=application/json
Cookies:		<none>
Multiparts:		<none>
Body:			<none>
Request method:	GET
Request URI:	https://stellarburgers.nomoreparties.site/api/orders
Proxy:			<none>
Request params:	<none>
Query params:	<none>
Form params:	<none>
Path params:	<none>
Headers:		authorization=
				Accept=*/*
				Content-Type=application/json
Cookies:		<none>
Multiparts:		<none>
Body:			<none>
Request method:	GET
Request URI:	https://stellarburgers.nomoreparties.site/api/orders
Proxy:			<none>
Request params:	<none>
Query params:	<none>
Form params:	<none>
Path params:	<none>
Headers:		authorization=
				Accept=*/*
				Content-Type=application/json
Cookies:		<none>
Multiparts:		<none>
Body:			<none>
Request method:	GET
Request URI:	https://stellarburgers.nomoreparties.site/api/orders
Proxy:			<none>
Request params:	<none>
Query params:	<none>
Form params:	<none>
Path params:	<none>
Headers:		authorization=
				Accept=*/*
				Content-Type=application/json
Cookies:		<none>
Multiparts:		<none>
Body:			<none>
Request method:	GET
Request URI:	https://stellarburgers.nomoreparties.site/api/orders
Proxy:			<none>
Request params:	<none>
Query params:	<none>
Form params:	<none>
Path params:	<none>
Headers:		authorization=
				Accept=*/*
				Content-Type=application/json
Cookies:		<none>
Multiparts:		<none>
Body:			<none>
Request method:	GET
Request URI:	https://stellarburgers.nomoreparties.site/api/orders
Proxy:			<none>
Request params:	<none>
Query params:	<none>
Form params:	<none>
Path params:	<none>
Headers:		authorization=
				Accept=*/*
				Content-Type=application/json
Cookies:		<none>
Multiparts:		<none>
Body:			<none>
Request method:	GET
Request URI:	https://stellarburgers.nomoreparties.site/api/orders
Proxy:			<none>
Request params:	<none>
Query params:	<none>
Form params:	<none>
Path params:	<none>
Headers:		authorization=
				Accept=*/*
				Content-Type=application/json
Cookies:		<none>
Multiparts:		<none>
Body:			<none>
Request method:	GET
Request URI:	https://stellarburgers.nomoreparties.site/api/orders
Proxy:			<none>
Request params:	<none>
Query params:	<none>
Form params:	<none>
Path params:	<none>
Headers:		authorization=
				Accept=*/*
				Content-Type=application/json
Cookies:		<none>
Multiparts:		<none>
Body:			<none>
Request method:	GET
Request URI:	https://stellarburgers.nomoreparties.site/api/orders
Proxy:			<none>
Request params:	<none>
Query params:	<none>
Form params:	<none>
Path params:	<none>
Headers:		authorization=
				Accept=*/*
				Content-Type=application/json
Cookies:		<none>
Multiparts:		<none>
Body:			<none>
Request method:	GET
Request URI:	https://stellarburgers.nomoreparties.site/api/orders
Proxy:			<none>
Request params:	<none>
Query params:	<none>
Form params:	<none>
Path params:	<none>
Headers:		authorization=
				Accept=*/*
				Content-Type=application/json
Cookies:		<none>
Multiparts:		<none>
Body:			<none>
Request method:	GET
Request URI:	https://stellarburgers.nomoreparties.site/api/orders
Proxy:			<none>
Request params:	<none>
Query params:	<none>
Form params:	<none>
Path params:	<none>
Headers:		authorization=
				Accept=*/*
				Content-Type=application/json
Cookies:		<none>
Multiparts:		<none>
Body:			<none>
Request method:	GET
Request URI:	https://stellarburgers.nomoreparties.site/api/orders
Proxy:			<none>
Request params:	<none>
Query params:	<none>
Form params:	<none>
Path params:	<none>
Headers:		authorization=
				Accept=*/*
				Content-Type=application/json
Cookies:		<none>
Multiparts:		<none>
Body:			<none>
Request method:	GET
Request URI:	https://stellarburgers.nomoreparties.site/api/orders
Proxy:			<none>
Request params:	<none>
Query params:	<none>
Form params:	<none>
Path params:	<none>
Headers:		authorization=
				Accept=*/*
				Content-Type=application/json
Cookies:		<none>
Multiparts:		<none>
Body:			<none>
Request method:	GET
Request URI:	https://stellarburgers.nomoreparties.site/api/orders
Proxy:			<none>
Request params:	<none>
Query params:	<none>
Form params:	<none>
Path params:	<none>
Headers:		authorization=
				Accept=*/*
				Content-Type=application/json
Cookies:		<none>
Multiparts:		<none>
Body:			<none>
Request method:	GET
Request URI:	https://stellarburgers.nomoreparties.site/api/orders
Proxy:			<none>
Request params:	<none>
Query params:	<none>
Form params:	<none>
Path params:	<none>
Headers:		authorization=
				Accept=*/*
				Content-Type=application/json
Cookies:		<none>
Multiparts:		<none>
Body:			<none>
Request method:	GET
Request URI:	https://stellarburgers.nomoreparties.site/api/orders
Proxy:			<none>
Request params:	<none>
Query params:	<none>
Form params:	<none>
Path params:	<none>
Headers:		authorization=
				Accept=*/*
				Content-Type=application/json
Cookies:		<none>
Multiparts:		<none>
Body:			<none>
Request method:	GET
Request URI:	https://stellarburgers.nomoreparties.site/api/orders
Proxy:			<none>
Request params:	<none>
Query params:	<none>
Form params:	<none>
Path params:	<none>
Headers:		authorization=
				Accept=*/*
				Content-Type=application/json
Cookies:		<none>
Multiparts:		<none>
Body:			<none>
Request method:	GET
Request URI:	https://stellarburgers.nomoreparties.site/api/orders
Proxy:			<none>
Request params:	<none>
Query params:	<none>
Form params:	<none>
Path params:	<none>
Headers:		authorization=
				Accept=*/*
				Content-Type=application/json
Cookies:		<none>
Multiparts:		<none>
Body:			<none>
Request method:	GET
Request URI:	https://stellarburgers.nomoreparties.site/api/orders
Proxy:			<none>
Request params:	<none>
Query params:	<none>
Form params:	<none>
Path params:	<none>
Headers:		authorization=
				Accept=*/*
				Content-Type=application/json
Cookies:		<none>
Multiparts:		<none>
Body:			<none>
HTTP/1.1 401 Unauthorized
Date: Sun, 30 Jun 2024 15:27:40 GMT
Content-Type: application/json; charset=utf-8
Content-Length: 54
Connection: keep-alive
X-Powered-By: Express
Access-Control-Allow-Origin: *
ETag: W/"36-9ndkQYJpZ8s0sMN790Nuh0MLq/U"
CF-Cache-Status: DYNAMIC
Report-To: {"endpoints":[{"url":"https:\/\/a.nel.cloudflare.com\/report\/v4?s=qqYCxYOdFQLc15IqxtErP7Agt%2B3nANsUs%2BGZvqyvblONsDIcfNgjNnGmKeCHOXnQvpBHfFowaZgUZUgl3QmBp5ttw5vko6X2VQs3VNPGdjGmLU%2B2w3MwvgI2Pr%2Fe6aJqizumBGAyZD32zrRu7SN9LWODPrA%3D"}],"group":"cf-nel","max_age":604800}
NEL: {"success_fraction":0,"report_to":"cf-nel","max_age":604800}
Server: cloudflare
CF-RAY: 89bf2e88b83e9719-AMS
alt-svc: h3=":443"; ma=86400

{
    "success": false,
    "message": "You should be authorised"
}
HTTP/1.1 401 Unauthorized
Date: Sun, 30 Jun 2024 15:27:40 GMT
Content-Type: application/json; charset=utf-8
Content-Length: 54
Connection: keep-alive
X-Powered-By: Express
Access-Control-Allow-Origin: *
ETag: W/"36-9ndkQYJpZ8s0sMN790Nuh0MLq/U"
CF-Cache-Status: DYNAMIC
Report-To: {"endpoints":[{"url":"https:\/\/a.nel.cloudflare.com\/report\/v4?s=qqYCxYOdFQLc15IqxtErP7Agt%2B3nANsUs%2BGZvqyvblONsDIcfNgjNnGmKeCHOXnQvpBHfFowaZgUZUgl3QmBp5ttw5vko6X2VQs3VNPGdjGmLU%2B2w3MwvgI2Pr%2Fe6aJqizumBGAyZD32zrRu7SN9LWODPrA%3D"}],"group":"cf-nel","max_age":604800}
NEL: {"success_fraction":0,"report_to":"cf-nel","max_age":604800}
Server: cloudflare
CF-RAY: 89bf2e88b83e9719-AMS
alt-svc: h3=":443"; ma=86400

{
    "success": false,
    "message": "You should be authorised"
}
HTTP/1.1 401 Unauthorized
Date: Sun, 30 Jun 2024 15:27:40 GMT
Content-Type: application/json; charset=utf-8
Content-Length: 54
Connection: keep-alive
X-Powered-By: Express
Access-Control-Allow-Origin: *
ETag: W/"36-9ndkQYJpZ8s0sMN790Nuh0MLq/U"
CF-Cache-Status: DYNAMIC
Report-To: {"endpoints":[{"url":"https:\/\/a.nel.cloudflare.com\/report\/v4?s=qqYCxYOdFQLc15IqxtErP7Agt%2B3nANsUs%2BGZvqyvblONsDIcfNgjNnGmKeCHOXnQvpBHfFowaZgUZUgl3QmBp5ttw5vko6X2VQs3VNPGdjGmLU%2B2w3MwvgI2Pr%2Fe6aJqizumBGAyZD32zrRu7SN9LWODPrA%3D"}],"group":"cf-nel","max_age":604800}
NEL: {"success_fraction":0,"report_to":"cf-nel","max_age":604800}
Server: cloudflare
CF-RAY: 89bf2e88b83e9719-AMS
alt-svc: h3=":443"; ma=86400

{
    "success": false,
    "message": "You should be authorised"
}
HTTP/1.1 401 Unauthorized
Date: Sun, 30 Jun 2024 15:27:40 GMT
Content-Type: application/json; charset=utf-8
Content-Length: 54
Connection: keep-alive
X-Powered-By: Express
Access-Control-Allow-Origin: *
ETag: W/"36-9ndkQYJpZ8s0sMN790Nuh0MLq/U"
CF-Cache-Status: DYNAMIC
Report-To: {"endpoints":[{"url":"https:\/\/a.nel.cloudflare.com\/report\/v4?s=qqYCxYOdFQLc15IqxtErP7Agt%2B3nANsUs%2BGZvqyvblONsDIcfNgjNnGmKeCHOXnQvpBHfFowaZgUZUgl3QmBp5ttw5vko6X2VQs3VNPGdjGmLU%2B2w3MwvgI2Pr%2Fe6aJqizumBGAyZD32zrRu7SN9LWODPrA%3D"}],"group":"cf-nel","max_age":604800}
NEL: {"success_fraction":0,"report_to":"cf-nel","max_age":604800}
Server: cloudflare
CF-RAY: 89bf2e88b83e9719-AMS
alt-svc: h3=":443"; ma=86400

{
    "success": false,
    "message": "You should be authorised"
}
HTTP/1.1 401 Unauthorized
Date: Sun, 30 Jun 2024 15:27:40 GMT
Content-Type: application/json; charset=utf-8
Content-Length: 54
Connection: keep-alive
X-Powered-By: Express
Access-Control-Allow-Origin: *
ETag: W/"36-9ndkQYJpZ8s0sMN790Nuh0MLq/U"
CF-Cache-Status: DYNAMIC
Report-To: {"endpoints":[{"url":"https:\/\/a.nel.cloudflare.com\/report\/v4?s=qqYCxYOdFQLc15IqxtErP7Agt%2B3nANsUs%2BGZvqyvblONsDIcfNgjNnGmKeCHOXnQvpBHfFowaZgUZUgl3QmBp5ttw5vko6X2VQs3VNPGdjGmLU%2B2w3MwvgI2Pr%2Fe6aJqizumBGAyZD32zrRu7SN9LWODPrA%3D"}],"group":"cf-nel","max_age":604800}
NEL: {"success_fraction":0,"report_to":"cf-nel","max_age":604800}
Server: cloudflare
CF-RAY: 89bf2e88b83e9719-AMS
alt-svc: h3=":443"; ma=86400

{
    "success": false,
    "message": "You should be authorised"
}
HTTP/1.1 401 Unauthorized
Date: Sun, 30 Jun 2024 15:27:40 GMT
Content-Type: application/json; charset=utf-8
Content-Length: 54
Connection: keep-alive
X-Powered-By: Express
Access-Control-Allow-Origin: *
ETag: W/"36-9ndkQYJpZ8s0sMN790Nuh0MLq/U"
CF-Cache-Status: DYNAMIC
Report-To: {"endpoints":[{"url":"https:\/\/a.nel.cloudflare.com\/report\/v4?s=qqYCxYOdFQLc15IqxtErP7Agt%2B3nANsUs%2BGZvqyvblONsDIcfNgjNnGmKeCHOXnQvpBHfFowaZgUZUgl3QmBp5ttw5vko6X2VQs3VNPGdjGmLU%2B2w3MwvgI2Pr%2Fe6aJqizumBGAyZD32zrRu7SN9LWODPrA%3D"}],"group":"cf-nel","max_age":604800}
NEL: {"success_fraction":0,"report_to":"cf-nel","max_age":604800}
Server: cloudflare
CF-RAY: 89bf2e88b83e9719-AMS
alt-svc: h3=":443"; ma=86400

{
    "success": false,
    "message": "You should be authorised"
}
HTTP/1.1 401 Unauthorized
Date: Sun, 30 Jun 2024 15:27:40 GMT
Content-Type: application/json; charset=utf-8
Content-Length: 54
Connection: keep-alive
X-Powered-By: Express
Access-Control-Allow-Origin: *
ETag: W/"36-9ndkQYJpZ8s0sMN790Nuh0MLq/U"
CF-Cache-Status: DYNAMIC
Report-To: {"endpoints":[{"url":"https:\/\/a.nel.cloudflare.com\/report\/v4?s=qqYCxYOdFQLc15IqxtErP7Agt%2B3nANsUs%2BGZvqyvblONsDIcfNgjNnGmKeCHOXnQvpBHfFowaZgUZUgl3QmBp5ttw5vko6X2VQs3VNPGdjGmLU%2B2w3MwvgI2Pr%2Fe6aJqizumBGAyZD32zrRu7SN9LWODPrA%3D"}],"group":"cf-nel","max_age":604800}
NEL: {"success_fraction":0,"report_to":"cf-nel","max_age":604800}
Server: cloudflare
CF-RAY: 89bf2e88b83e9719-AMS
alt-svc: h3=":443"; ma=86400

{
    "success": false,
    "message": "You should be authorised"
}
HTTP/1.1 401 Unauthorized
Date: Sun, 30 Jun 2024 15:27:40 GMT
Content-Type: application/json; charset=utf-8
Content-Length: 54
Connection: keep-alive
X-Powered-By: Express
Access-Control-Allow-Origin: *
ETag: W/"36-9ndkQYJpZ8s0sMN790Nuh0MLq/U"
CF-Cache-Status: DYNAMIC
Report-To: {"endpoints":[{"url":"https:\/\/a.nel.cloudflare.com\/report\/v4?s=qqYCxYOdFQLc15IqxtErP7Agt%2B3nANsUs%2BGZvqyvblONsDIcfNgjNnGmKeCHOXnQvpBHfFowaZgUZUgl3QmBp5ttw5vko6X2VQs3VNPGdjGmLU%2B2w3MwvgI2Pr%2Fe6aJqizumBGAyZD32zrRu7SN9LWODPrA%3D"}],"group":"cf-nel","max_age":604800}
NEL: {"success_fraction":0,"report_to":"cf-nel","max_age":604800}
Server: cloudflare
CF-RAY: 89bf2e88b83e9719-AMS
alt-svc: h3=":443"; ma=86400

{
    "success": false,
    "message": "You should be authorised"
}
HTTP/1.1 401 Unauthorized
Date: Sun, 30 Jun 2024 15:27:40 GMT
Content-Type: application/json; charset=utf-8
Content-Length: 54
Connection: keep-alive
X-Powered-By: Express
Access-Control-Allow-Origin: *
ETag: W/"36-9ndkQYJpZ8s0sMN790Nuh0MLq/U"
CF-Cache-Status: DYNAMIC
Report-To: {"endpoints":[{"url":"https:\/\/a.nel.cloudflare.com\/report\/v4?s=qqYCxYOdFQLc15IqxtErP7Agt%2B3nANsUs%2BGZvqyvblONsDIcfNgjNnGmKeCHOXnQvpBHfFowaZgUZUgl3QmBp5ttw5vko6X2VQs3VNPGdjGmLU%2B2w3MwvgI2Pr%2Fe6aJqizumBGAyZD32zrRu7SN9LWODPrA%3D"}],"group":"cf-nel","max_age":604800}
NEL: {"success_fraction":0,"report_to":"cf-nel","max_age":604800}
Server: cloudflare
CF-RAY: 89bf2e88b83e9719-AMS
alt-svc: h3=":443"; ma=86400

{
    "success": false,
    "message": "You should be authorised"
}
HTTP/1.1 401 Unauthorized
Date: Sun, 30 Jun 2024 15:27:40 GMT
Content-Type: application/json; charset=utf-8
Content-Length: 54
Connection: keep-alive
X-Powered-By: Express
Access-Control-Allow-Origin: *
ETag: W/"36-9ndkQYJpZ8s0sMN790Nuh0MLq/U"
CF-Cache-Status: DYNAMIC
Report-To: {"endpoints":[{"url":"https:\/\/a.nel.cloudflare.com\/report\/v4?s=qqYCxYOdFQLc15IqxtErP7Agt%2B3nANsUs%2BGZvqyvblONsDIcfNgjNnGmKeCHOXnQvpBHfFowaZgUZUgl3QmBp5ttw5vko6X2VQs3VNPGdjGmLU%2B2w3MwvgI2Pr%2Fe6aJqizumBGAyZD32zrRu7SN9LWODPrA%3D"}],"group":"cf-nel","max_age":604800}
NEL: {"success_fraction":0,"report_to":"cf-nel","max_age":604800}
Server: cloudflare
CF-RAY: 89bf2e88b83e9719-AMS
alt-svc: h3=":443"; ma=86400

{
    "success": false,
    "message": "You should be authorised"
}
HTTP/1.1 401 Unauthorized
Date: Sun, 30 Jun 2024 15:27:40 GMT
Content-Type: application/json; charset=utf-8
Content-Length: 54
Connection: keep-alive
X-Powered-By: Express
Access-Control-Allow-Origin: *
ETag: W/"36-9ndkQYJpZ8s0sMN790Nuh0MLq/U"
CF-Cache-Status: DYNAMIC
Report-To: {"endpoints":[{"url":"https:\/\/a.nel.cloudflare.com\/report\/v4?s=qqYCxYOdFQLc15IqxtErP7Agt%2B3nANsUs%2BGZvqyvblONsDIcfNgjNnGmKeCHOXnQvpBHfFowaZgUZUgl3QmBp5ttw5vko6X2VQs3VNPGdjGmLU%2B2w3MwvgI2Pr%2Fe6aJqizumBGAyZD32zrRu7SN9LWODPrA%3D"}],"group":"cf-nel","max_age":604800}
NEL: {"success_fraction":0,"report_to":"cf-nel","max_age":604800}
Server: cloudflare
CF-RAY: 89bf2e88b83e9719-AMS
alt-svc: h3=":443"; ma=86400

{
    "success": false,
    "message": "You should be authorised"
}
HTTP/1.1 401 Unauthorized
Date: Sun, 30 Jun 2024 15:27:40 GMT
Content-Type: application/json; charset=utf-8
Content-Length: 54
Connection: keep-alive
X-Powered-By: Express
Access-Control-Allow-Origin: *
ETag: W/"36-9ndkQYJpZ8s0sMN790Nuh0MLq/U"
CF-Cache-Status: DYNAMIC
Report-To: {"endpoints":[{"url":"https:\/\/a.nel.cloudflare.com\/report\/v4?s=qqYCxYOdFQLc15IqxtErP7Agt%2B3nANsUs%2BGZvqyvblONsDIcfNgjNnGmKeCHOXnQvpBHfFowaZgUZUgl3QmBp5ttw5vko6X2VQs3VNPGdjGmLU%2B2w3MwvgI2Pr%2Fe6aJqizumBGAyZD32zrRu7SN9LWODPrA%3D"}],"group":"cf-nel","max_age":604800}
NEL: {"success_fraction":0,"report_to":"cf-nel","max_age":604800}
Server: cloudflare
CF-RAY: 89bf2e88b83e9719-AMS
alt-svc: h3=":443"; ma=86400

{
    "success": false,
    "message": "You should be authorised"
}
HTTP/1.1 401 Unauthorized
Date: Sun, 30 Jun 2024 15:27:40 GMT
Content-Type: application/json; charset=utf-8
Content-Length: 54
Connection: keep-alive
X-Powered-By: Express
Access-Control-Allow-Origin: *
ETag: W/"36-9ndkQYJpZ8s0sMN790Nuh0MLq/U"
CF-Cache-Status: DYNAMIC
Report-To: {"endpoints":[{"url":"https:\/\/a.nel.cloudflare.com\/report\/v4?s=qqYCxYOdFQLc15IqxtErP7Agt%2B3nANsUs%2BGZvqyvblONsDIcfNgjNnGmKeCHOXnQvpBHfFowaZgUZUgl3QmBp5ttw5vko6X2VQs3VNPGdjGmLU%2B2w3MwvgI2Pr%2Fe6aJqizumBGAyZD32zrRu7SN9LWODPrA%3D"}],"group":"cf-nel","max_age":604800}
NEL: {"success_fraction":0,"report_to":"cf-nel","max_age":604800}
Server: cloudflare
CF-RAY: 89bf2e88b83e9719-AMS
alt-svc: h3=":443"; ma=86400

{
    "success": false,
    "message": "You should be authorised"
}
HTTP/1.1 401 Unauthorized
Date: Sun, 30 Jun 2024 15:27:40 GMT
Content-Type: application/json; charset=utf-8
Content-Length: 54
Connection: keep-alive
X-Powered-By: Express
Access-Control-Allow-Origin: *
ETag: W/"36-9ndkQYJpZ8s0sMN790Nuh0MLq/U"
CF-Cache-Status: DYNAMIC
Report-To: {"endpoints":[{"url":"https:\/\/a.nel.cloudflare.com\/report\/v4?s=qqYCxYOdFQLc15IqxtErP7Agt%2B3nANsUs%2BGZvqyvblONsDIcfNgjNnGmKeCHOXnQvpBHfFowaZgUZUgl3QmBp5ttw5vko6X2VQs3VNPGdjGmLU%2B2w3MwvgI2Pr%2Fe6aJqizumBGAyZD32zrRu7SN9LWODPrA%3D"}],"group":"cf-nel","max_age":604800}
NEL: {"success_fraction":0,"report_to":"cf-nel","max_age":604800}
Server: cloudflare
CF-RAY: 89bf2e88b83e9719-AMS
alt-svc: h3=":443"; ma=86400

{
    "success": false,
    "message": "You should be authorised"
}
HTTP/1.1 401 Unauthorized
Date: Sun, 30 Jun 2024 15:27:40 GMT
Content-Type: application/json; charset=utf-8
Content-Length: 54
Connection: keep-alive
X-Powered-By: Express
Access-Control-Allow-Origin: *
ETag: W/"36-9ndkQYJpZ8s0sMN790Nuh0MLq/U"
CF-Cache-Status: DYNAMIC
Report-To: {"endpoints":[{"url":"https:\/\/a.nel.cloudflare.com\/report\/v4?s=qqYCxYOdFQLc15IqxtErP7Agt%2B3nANsUs%2BGZvqyvblONsDIcfNgjNnGmKeCHOXnQvpBHfFowaZgUZUgl3QmBp5ttw5vko6X2VQs3VNPGdjGmLU%2B2w3MwvgI2Pr%2Fe6aJqizumBGAyZD32zrRu7SN9LWODPrA%3D"}],"group":"cf-nel","max_age":604800}
NEL: {"success_fraction":0,"report_to":"cf-nel","max_age":604800}
Server: cloudflare
CF-RAY: 89bf2e88b83e9719-AMS
alt-svc: h3=":443"; ma=86400

{
    "success": false,
    "message": "You should be authorised"
}
HTTP/1.1 401 Unauthorized
Date: Sun, 30 Jun 2024 15:27:40 GMT
Content-Type: application/json; charset=utf-8
Content-Length: 54
Connection: keep-alive
X-Powered-By: Express
Access-Control-Allow-Origin: *
ETag: W/"36-9ndkQYJpZ8s0sMN790Nuh0MLq/U"
CF-Cache-Status: DYNAMIC
Report-To: {"endpoints":[{"url":"https:\/\/a.nel.cloudflare.com\/report\/v4?s=qqYCxYOdFQLc15IqxtErP7Agt%2B3nANsUs%2BGZvqyvblONsDIcfNgjNnGmKeCHOXnQvpBHfFowaZgUZUgl3QmBp5ttw5vko6X2VQs3VNPGdjGmLU%2B2w3MwvgI2Pr%2Fe6aJqizumBGAyZD32zrRu7SN9LWODPrA%3D"}],"group":"cf-nel","max_age":604800}
NEL: {"success_fraction":0,"report_to":"cf-nel","max_age":604800}
Server: cloudflare
CF-RAY: 89bf2e88b83e9719-AMS
alt-svc: h3=":443"; ma=86400

{
    "success": false,
    "message": "You should be authorised"
}
HTTP/1.1 401 Unauthorized
Date: Sun, 30 Jun 2024 15:27:40 GMT
Content-Type: application/json; charset=utf-8
Content-Length: 54
Connection: keep-alive
X-Powered-By: Express
Access-Control-Allow-Origin: *
ETag: W/"36-9ndkQYJpZ8s0sMN790Nuh0MLq/U"
CF-Cache-Status: DYNAMIC
Report-To: {"endpoints":[{"url":"https:\/\/a.nel.cloudflare.com\/report\/v4?s=qqYCxYOdFQLc15IqxtErP7Agt%2B3nANsUs%2BGZvqyvblONsDIcfNgjNnGmKeCHOXnQvpBHfFowaZgUZUgl3QmBp5ttw5vko6X2VQs3VNPGdjGmLU%2B2w3MwvgI2Pr%2Fe6aJqizumBGAyZD32zrRu7SN9LWODPrA%3D"}],"group":"cf-nel","max_age":604800}
NEL: {"success_fraction":0,"report_to":"cf-nel","max_age":604800}
Server: cloudflare
CF-RAY: 89bf2e88b83e9719-AMS
alt-svc: h3=":443"; ma=86400

{
    "success": false,
    "message": "You should be authorised"
}
HTTP/1.1 401 Unauthorized
Date: Sun, 30 Jun 2024 15:27:40 GMT
Content-Type: application/json; charset=utf-8
Content-Length: 54
Connection: keep-alive
X-Powered-By: Express
Access-Control-Allow-Origin: *
ETag: W/"36-9ndkQYJpZ8s0sMN790Nuh0MLq/U"
CF-Cache-Status: DYNAMIC
Report-To: {"endpoints":[{"url":"https:\/\/a.nel.cloudflare.com\/report\/v4?s=qqYCxYOdFQLc15IqxtErP7Agt%2B3nANsUs%2BGZvqyvblONsDIcfNgjNnGmKeCHOXnQvpBHfFowaZgUZUgl3QmBp5ttw5vko6X2VQs3VNPGdjGmLU%2B2w3MwvgI2Pr%2Fe6aJqizumBGAyZD32zrRu7SN9LWODPrA%3D"}],"group":"cf-nel","max_age":604800}
NEL: {"success_fraction":0,"report_to":"cf-nel","max_age":604800}
Server: cloudflare
CF-RAY: 89bf2e88b83e9719-AMS
alt-svc: h3=":443"; ma=86400

{
    "success": false,
    "message": "You should be authorised"
}
HTTP/1.1 401 Unauthorized
Date: Sun, 30 Jun 2024 15:27:40 GMT
Content-Type: application/json; charset=utf-8
Content-Length: 54
Connection: keep-alive
X-Powered-By: Express
Access-Control-Allow-Origin: *
ETag: W/"36-9ndkQYJpZ8s0sMN790Nuh0MLq/U"
CF-Cache-Status: DYNAMIC
Report-To: {"endpoints":[{"url":"https:\/\/a.nel.cloudflare.com\/report\/v4?s=qqYCxYOdFQLc15IqxtErP7Agt%2B3nANsUs%2BGZvqyvblONsDIcfNgjNnGmKeCHOXnQvpBHfFowaZgUZUgl3QmBp5ttw5vko6X2VQs3VNPGdjGmLU%2B2w3MwvgI2Pr%2Fe6aJqizumBGAyZD32zrRu7SN9LWODPrA%3D"}],"group":"cf-nel","max_age":604800}
NEL: {"success_fraction":0,"report_to":"cf-nel","max_age":604800}
Server: cloudflare
CF-RAY: 89bf2e88b83e9719-AMS
alt-svc: h3=":443"; ma=86400

{
    "success": false,
    "message": "You should be authorised"
}
Request method:	DELETE
Request URI:	https://stellarburgers.nomoreparties.site/api/auth/user
Proxy:			<none>
Request params:	<none>
Query params:	<none>
Form params:	<none>
Path params:	<none>
Headers:		authorization=Bearer eyJhbGciOiJIUzI1NiIsInR5cCI6IkpXVCJ9.eyJpZCI6IjY2ODE3OTZjOWVkMjgwMDAxYjQ1OTYwNSIsImlhdCI6MTcxOTc2MTI2MCwiZXhwIjoxNzE5NzYyNDYwfQ.K94_ZEDvfGVzze52iGwYj0dZ2ww62rFJgkxDj08or8Y
				Accept=*/*
				Content-Type=application/json
Cookies:		<none>
Multiparts:		<none>
Body:			<none>
Request method:	DELETE
Request URI:	https://stellarburgers.nomoreparties.site/api/auth/user
Proxy:			<none>
Request params:	<none>
Query params:	<none>
Form params:	<none>
Path params:	<none>
Headers:		authorization=Bearer eyJhbGciOiJIUzI1NiIsInR5cCI6IkpXVCJ9.eyJpZCI6IjY2ODE3OTZjOWVkMjgwMDAxYjQ1OTYwNSIsImlhdCI6MTcxOTc2MTI2MCwiZXhwIjoxNzE5NzYyNDYwfQ.K94_ZEDvfGVzze52iGwYj0dZ2ww62rFJgkxDj08or8Y
				Accept=*/*
				Content-Type=application/json
Cookies:		<none>
Multiparts:		<none>
Body:			<none>
Request method:	DELETE
Request URI:	https://stellarburgers.nomoreparties.site/api/auth/user
Proxy:			<none>
Request params:	<none>
Query params:	<none>
Form params:	<none>
Path params:	<none>
Headers:		authorization=Bearer eyJhbGciOiJIUzI1NiIsInR5cCI6IkpXVCJ9.eyJpZCI6IjY2ODE3OTZjOWVkMjgwMDAxYjQ1OTYwNSIsImlhdCI6MTcxOTc2MTI2MCwiZXhwIjoxNzE5NzYyNDYwfQ.K94_ZEDvfGVzze52iGwYj0dZ2ww62rFJgkxDj08or8Y
				Accept=*/*
				Content-Type=application/json
Cookies:		<none>
Multiparts:		<none>
Body:			<none>
Request method:	DELETE
Request URI:	https://stellarburgers.nomoreparties.site/api/auth/user
Proxy:			<none>
Request params:	<none>
Query params:	<none>
Form params:	<none>
Path params:	<none>
Headers:		authorization=Bearer eyJhbGciOiJIUzI1NiIsInR5cCI6IkpXVCJ9.eyJpZCI6IjY2ODE3OTZjOWVkMjgwMDAxYjQ1OTYwNSIsImlhdCI6MTcxOTc2MTI2MCwiZXhwIjoxNzE5NzYyNDYwfQ.K94_ZEDvfGVzze52iGwYj0dZ2ww62rFJgkxDj08or8Y
				Accept=*/*
				Content-Type=application/json
Cookies:		<none>
Multiparts:		<none>
Body:			<none>
Request method:	DELETE
Request URI:	https://stellarburgers.nomoreparties.site/api/auth/user
Proxy:			<none>
Request params:	<none>
Query params:	<none>
Form params:	<none>
Path params:	<none>
Headers:		authorization=Bearer eyJhbGciOiJIUzI1NiIsInR5cCI6IkpXVCJ9.eyJpZCI6IjY2ODE3OTZjOWVkMjgwMDAxYjQ1OTYwNSIsImlhdCI6MTcxOTc2MTI2MCwiZXhwIjoxNzE5NzYyNDYwfQ.K94_ZEDvfGVzze52iGwYj0dZ2ww62rFJgkxDj08or8Y
				Accept=*/*
				Content-Type=application/json
Cookies:		<none>
Multiparts:		<none>
Body:			<none>
Request method:	DELETE
Request URI:	https://stellarburgers.nomoreparties.site/api/auth/user
Proxy:			<none>
Request params:	<none>
Query params:	<none>
Form params:	<none>
Path params:	<none>
Headers:		authorization=Bearer eyJhbGciOiJIUzI1NiIsInR5cCI6IkpXVCJ9.eyJpZCI6IjY2ODE3OTZjOWVkMjgwMDAxYjQ1OTYwNSIsImlhdCI6MTcxOTc2MTI2MCwiZXhwIjoxNzE5NzYyNDYwfQ.K94_ZEDvfGVzze52iGwYj0dZ2ww62rFJgkxDj08or8Y
				Accept=*/*
				Content-Type=application/json
Cookies:		<none>
Multiparts:		<none>
Body:			<none>
Request method:	DELETE
Request URI:	https://stellarburgers.nomoreparties.site/api/auth/user
Proxy:			<none>
Request params:	<none>
Query params:	<none>
Form params:	<none>
Path params:	<none>
Headers:		authorization=Bearer eyJhbGciOiJIUzI1NiIsInR5cCI6IkpXVCJ9.eyJpZCI6IjY2ODE3OTZjOWVkMjgwMDAxYjQ1OTYwNSIsImlhdCI6MTcxOTc2MTI2MCwiZXhwIjoxNzE5NzYyNDYwfQ.K94_ZEDvfGVzze52iGwYj0dZ2ww62rFJgkxDj08or8Y
				Accept=*/*
				Content-Type=application/json
Cookies:		<none>
Multiparts:		<none>
Body:			<none>
Request method:	DELETE
Request URI:	https://stellarburgers.nomoreparties.site/api/auth/user
Proxy:			<none>
Request params:	<none>
Query params:	<none>
Form params:	<none>
Path params:	<none>
Headers:		authorization=Bearer eyJhbGciOiJIUzI1NiIsInR5cCI6IkpXVCJ9.eyJpZCI6IjY2ODE3OTZjOWVkMjgwMDAxYjQ1OTYwNSIsImlhdCI6MTcxOTc2MTI2MCwiZXhwIjoxNzE5NzYyNDYwfQ.K94_ZEDvfGVzze52iGwYj0dZ2ww62rFJgkxDj08or8Y
				Accept=*/*
				Content-Type=application/json
Cookies:		<none>
Multiparts:		<none>
Body:			<none>
Request method:	DELETE
Request URI:	https://stellarburgers.nomoreparties.site/api/auth/user
Proxy:			<none>
Request params:	<none>
Query params:	<none>
Form params:	<none>
Path params:	<none>
Headers:		authorization=Bearer eyJhbGciOiJIUzI1NiIsInR5cCI6IkpXVCJ9.eyJpZCI6IjY2ODE3OTZjOWVkMjgwMDAxYjQ1OTYwNSIsImlhdCI6MTcxOTc2MTI2MCwiZXhwIjoxNzE5NzYyNDYwfQ.K94_ZEDvfGVzze52iGwYj0dZ2ww62rFJgkxDj08or8Y
				Accept=*/*
				Content-Type=application/json
Cookies:		<none>
Multiparts:		<none>
Body:			<none>
Request method:	DELETE
Request URI:	https://stellarburgers.nomoreparties.site/api/auth/user
Proxy:			<none>
Request params:	<none>
Query params:	<none>
Form params:	<none>
Path params:	<none>
Headers:		authorization=Bearer eyJhbGciOiJIUzI1NiIsInR5cCI6IkpXVCJ9.eyJpZCI6IjY2ODE3OTZjOWVkMjgwMDAxYjQ1OTYwNSIsImlhdCI6MTcxOTc2MTI2MCwiZXhwIjoxNzE5NzYyNDYwfQ.K94_ZEDvfGVzze52iGwYj0dZ2ww62rFJgkxDj08or8Y
				Accept=*/*
				Content-Type=application/json
Cookies:		<none>
Multiparts:		<none>
Body:			<none>
Request method:	DELETE
Request URI:	https://stellarburgers.nomoreparties.site/api/auth/user
Proxy:			<none>
Request params:	<none>
Query params:	<none>
Form params:	<none>
Path params:	<none>
Headers:		authorization=Bearer eyJhbGciOiJIUzI1NiIsInR5cCI6IkpXVCJ9.eyJpZCI6IjY2ODE3OTZjOWVkMjgwMDAxYjQ1OTYwNSIsImlhdCI6MTcxOTc2MTI2MCwiZXhwIjoxNzE5NzYyNDYwfQ.K94_ZEDvfGVzze52iGwYj0dZ2ww62rFJgkxDj08or8Y
				Accept=*/*
				Content-Type=application/json
Cookies:		<none>
Multiparts:		<none>
Body:			<none>
Request method:	DELETE
Request URI:	https://stellarburgers.nomoreparties.site/api/auth/user
Proxy:			<none>
Request params:	<none>
Query params:	<none>
Form params:	<none>
Path params:	<none>
Headers:		authorization=Bearer eyJhbGciOiJIUzI1NiIsInR5cCI6IkpXVCJ9.eyJpZCI6IjY2ODE3OTZjOWVkMjgwMDAxYjQ1OTYwNSIsImlhdCI6MTcxOTc2MTI2MCwiZXhwIjoxNzE5NzYyNDYwfQ.K94_ZEDvfGVzze52iGwYj0dZ2ww62rFJgkxDj08or8Y
				Accept=*/*
				Content-Type=application/json
Cookies:		<none>
Multiparts:		<none>
Body:			<none>
Request method:	DELETE
Request URI:	https://stellarburgers.nomoreparties.site/api/auth/user
Proxy:			<none>
Request params:	<none>
Query params:	<none>
Form params:	<none>
Path params:	<none>
Headers:		authorization=Bearer eyJhbGciOiJIUzI1NiIsInR5cCI6IkpXVCJ9.eyJpZCI6IjY2ODE3OTZjOWVkMjgwMDAxYjQ1OTYwNSIsImlhdCI6MTcxOTc2MTI2MCwiZXhwIjoxNzE5NzYyNDYwfQ.K94_ZEDvfGVzze52iGwYj0dZ2ww62rFJgkxDj08or8Y
				Accept=*/*
				Content-Type=application/json
Cookies:		<none>
Multiparts:		<none>
Body:			<none>
Request method:	DELETE
Request URI:	https://stellarburgers.nomoreparties.site/api/auth/user
Proxy:			<none>
Request params:	<none>
Query params:	<none>
Form params:	<none>
Path params:	<none>
Headers:		authorization=Bearer eyJhbGciOiJIUzI1NiIsInR5cCI6IkpXVCJ9.eyJpZCI6IjY2ODE3OTZjOWVkMjgwMDAxYjQ1OTYwNSIsImlhdCI6MTcxOTc2MTI2MCwiZXhwIjoxNzE5NzYyNDYwfQ.K94_ZEDvfGVzze52iGwYj0dZ2ww62rFJgkxDj08or8Y
				Accept=*/*
				Content-Type=application/json
Cookies:		<none>
Multiparts:		<none>
Body:			<none>
Request method:	DELETE
Request URI:	https://stellarburgers.nomoreparties.site/api/auth/user
Proxy:			<none>
Request params:	<none>
Query params:	<none>
Form params:	<none>
Path params:	<none>
Headers:		authorization=Bearer eyJhbGciOiJIUzI1NiIsInR5cCI6IkpXVCJ9.eyJpZCI6IjY2ODE3OTZjOWVkMjgwMDAxYjQ1OTYwNSIsImlhdCI6MTcxOTc2MTI2MCwiZXhwIjoxNzE5NzYyNDYwfQ.K94_ZEDvfGVzze52iGwYj0dZ2ww62rFJgkxDj08or8Y
				Accept=*/*
				Content-Type=application/json
Cookies:		<none>
Multiparts:		<none>
Body:			<none>
Request method:	DELETE
Request URI:	https://stellarburgers.nomoreparties.site/api/auth/user
Proxy:			<none>
Request params:	<none>
Query params:	<none>
Form params:	<none>
Path params:	<none>
Headers:		authorization=Bearer eyJhbGciOiJIUzI1NiIsInR5cCI6IkpXVCJ9.eyJpZCI6IjY2ODE3OTZjOWVkMjgwMDAxYjQ1OTYwNSIsImlhdCI6MTcxOTc2MTI2MCwiZXhwIjoxNzE5NzYyNDYwfQ.K94_ZEDvfGVzze52iGwYj0dZ2ww62rFJgkxDj08or8Y
				Accept=*/*
				Content-Type=application/json
Cookies:		<none>
Multiparts:		<none>
Body:			<none>
Request method:	DELETE
Request URI:	https://stellarburgers.nomoreparties.site/api/auth/user
Proxy:			<none>
Request params:	<none>
Query params:	<none>
Form params:	<none>
Path params:	<none>
Headers:		authorization=Bearer eyJhbGciOiJIUzI1NiIsInR5cCI6IkpXVCJ9.eyJpZCI6IjY2ODE3OTZjOWVkMjgwMDAxYjQ1OTYwNSIsImlhdCI6MTcxOTc2MTI2MCwiZXhwIjoxNzE5NzYyNDYwfQ.K94_ZEDvfGVzze52iGwYj0dZ2ww62rFJgkxDj08or8Y
				Accept=*/*
				Content-Type=application/json
Cookies:		<none>
Multiparts:		<none>
Body:			<none>
Request method:	DELETE
Request URI:	https://stellarburgers.nomoreparties.site/api/auth/user
Proxy:			<none>
Request params:	<none>
Query params:	<none>
Form params:	<none>
Path params:	<none>
Headers:		authorization=Bearer eyJhbGciOiJIUzI1NiIsInR5cCI6IkpXVCJ9.eyJpZCI6IjY2ODE3OTZjOWVkMjgwMDAxYjQ1OTYwNSIsImlhdCI6MTcxOTc2MTI2MCwiZXhwIjoxNzE5NzYyNDYwfQ.K94_ZEDvfGVzze52iGwYj0dZ2ww62rFJgkxDj08or8Y
				Accept=*/*
				Content-Type=application/json
Cookies:		<none>
Multiparts:		<none>
Body:			<none>
Request method:	DELETE
Request URI:	https://stellarburgers.nomoreparties.site/api/auth/user
Proxy:			<none>
Request params:	<none>
Query params:	<none>
Form params:	<none>
Path params:	<none>
Headers:		authorization=Bearer eyJhbGciOiJIUzI1NiIsInR5cCI6IkpXVCJ9.eyJpZCI6IjY2ODE3OTZjOWVkMjgwMDAxYjQ1OTYwNSIsImlhdCI6MTcxOTc2MTI2MCwiZXhwIjoxNzE5NzYyNDYwfQ.K94_ZEDvfGVzze52iGwYj0dZ2ww62rFJgkxDj08or8Y
				Accept=*/*
				Content-Type=application/json
Cookies:		<none>
Multiparts:		<none>
Body:			<none>
Request method:	DELETE
Request URI:	https://stellarburgers.nomoreparties.site/api/auth/user
Proxy:			<none>
Request params:	<none>
Query params:	<none>
Form params:	<none>
Path params:	<none>
Headers:		authorization=Bearer eyJhbGciOiJIUzI1NiIsInR5cCI6IkpXVCJ9.eyJpZCI6IjY2ODE3OTZjOWVkMjgwMDAxYjQ1OTYwNSIsImlhdCI6MTcxOTc2MTI2MCwiZXhwIjoxNzE5NzYyNDYwfQ.K94_ZEDvfGVzze52iGwYj0dZ2ww62rFJgkxDj08or8Y
				Accept=*/*
				Content-Type=application/json
Cookies:		<none>
Multiparts:		<none>
Body:			<none>
HTTP/1.1 202 Accepted
Date: Sun, 30 Jun 2024 15:27:41 GMT
Content-Type: application/json; charset=utf-8
Content-Length: 54
Connection: keep-alive
X-Powered-By: Express
Access-Control-Allow-Origin: *
ETag: W/"36-hDmZnQ3Ou/ynnqAeC6TYmyseuzY"
CF-Cache-Status: DYNAMIC
Report-To: {"endpoints":[{"url":"https:\/\/a.nel.cloudflare.com\/report\/v4?s=4fNA7rrWriKoC3J9BtgyS1CsKoSzcXCVvNui3vFwqbs0FpcFysMDCh%2FHeeix8XSNA0blAAyXeN8Z7%2FJy8GsfFFpUyIiQZRGXM8sDp2zZ133FLTfXZLOaI1%2Bq1w%2F5cTLmRO1eeXb%2BcZsezJSkUXq3ApQrY3Y%3D"}],"group":"cf-nel","max_age":604800}
NEL: {"success_fraction":0,"report_to":"cf-nel","max_age":604800}
Server: cloudflare
CF-RAY: 89bf2e8a683979c1-LHR
alt-svc: h3=":443"; ma=86400

{
    "success": true,
    "message": "User successfully removed"
}
HTTP/1.1 202 Accepted
Date: Sun, 30 Jun 2024 15:27:41 GMT
Content-Type: application/json; charset=utf-8
Content-Length: 54
Connection: keep-alive
X-Powered-By: Express
Access-Control-Allow-Origin: *
ETag: W/"36-hDmZnQ3Ou/ynnqAeC6TYmyseuzY"
CF-Cache-Status: DYNAMIC
Report-To: {"endpoints":[{"url":"https:\/\/a.nel.cloudflare.com\/report\/v4?s=4fNA7rrWriKoC3J9BtgyS1CsKoSzcXCVvNui3vFwqbs0FpcFysMDCh%2FHeeix8XSNA0blAAyXeN8Z7%2FJy8GsfFFpUyIiQZRGXM8sDp2zZ133FLTfXZLOaI1%2Bq1w%2F5cTLmRO1eeXb%2BcZsezJSkUXq3ApQrY3Y%3D"}],"group":"cf-nel","max_age":604800}
NEL: {"success_fraction":0,"report_to":"cf-nel","max_age":604800}
Server: cloudflare
CF-RAY: 89bf2e8a683979c1-LHR
alt-svc: h3=":443"; ma=86400

{
    "success": true,
    "message": "User successfully removed"
}
HTTP/1.1 202 Accepted
Date: Sun, 30 Jun 2024 15:27:41 GMT
Content-Type: application/json; charset=utf-8
Content-Length: 54
Connection: keep-alive
X-Powered-By: Express
Access-Control-Allow-Origin: *
ETag: W/"36-hDmZnQ3Ou/ynnqAeC6TYmyseuzY"
CF-Cache-Status: DYNAMIC
Report-To: {"endpoints":[{"url":"https:\/\/a.nel.cloudflare.com\/report\/v4?s=4fNA7rrWriKoC3J9BtgyS1CsKoSzcXCVvNui3vFwqbs0FpcFysMDCh%2FHeeix8XSNA0blAAyXeN8Z7%2FJy8GsfFFpUyIiQZRGXM8sDp2zZ133FLTfXZLOaI1%2Bq1w%2F5cTLmRO1eeXb%2BcZsezJSkUXq3ApQrY3Y%3D"}],"group":"cf-nel","max_age":604800}
NEL: {"success_fraction":0,"report_to":"cf-nel","max_age":604800}
Server: cloudflare
CF-RAY: 89bf2e8a683979c1-LHR
alt-svc: h3=":443"; ma=86400

{
    "success": true,
    "message": "User successfully removed"
}
HTTP/1.1 202 Accepted
Date: Sun, 30 Jun 2024 15:27:41 GMT
Content-Type: application/json; charset=utf-8
Content-Length: 54
Connection: keep-alive
X-Powered-By: Express
Access-Control-Allow-Origin: *
ETag: W/"36-hDmZnQ3Ou/ynnqAeC6TYmyseuzY"
CF-Cache-Status: DYNAMIC
Report-To: {"endpoints":[{"url":"https:\/\/a.nel.cloudflare.com\/report\/v4?s=4fNA7rrWriKoC3J9BtgyS1CsKoSzcXCVvNui3vFwqbs0FpcFysMDCh%2FHeeix8XSNA0blAAyXeN8Z7%2FJy8GsfFFpUyIiQZRGXM8sDp2zZ133FLTfXZLOaI1%2Bq1w%2F5cTLmRO1eeXb%2BcZsezJSkUXq3ApQrY3Y%3D"}],"group":"cf-nel","max_age":604800}
NEL: {"success_fraction":0,"report_to":"cf-nel","max_age":604800}
Server: cloudflare
CF-RAY: 89bf2e8a683979c1-LHR
alt-svc: h3=":443"; ma=86400

{
    "success": true,
    "message": "User successfully removed"
}
HTTP/1.1 202 Accepted
Date: Sun, 30 Jun 2024 15:27:41 GMT
Content-Type: application/json; charset=utf-8
Content-Length: 54
Connection: keep-alive
X-Powered-By: Express
Access-Control-Allow-Origin: *
ETag: W/"36-hDmZnQ3Ou/ynnqAeC6TYmyseuzY"
CF-Cache-Status: DYNAMIC
Report-To: {"endpoints":[{"url":"https:\/\/a.nel.cloudflare.com\/report\/v4?s=4fNA7rrWriKoC3J9BtgyS1CsKoSzcXCVvNui3vFwqbs0FpcFysMDCh%2FHeeix8XSNA0blAAyXeN8Z7%2FJy8GsfFFpUyIiQZRGXM8sDp2zZ133FLTfXZLOaI1%2Bq1w%2F5cTLmRO1eeXb%2BcZsezJSkUXq3ApQrY3Y%3D"}],"group":"cf-nel","max_age":604800}
NEL: {"success_fraction":0,"report_to":"cf-nel","max_age":604800}
Server: cloudflare
CF-RAY: 89bf2e8a683979c1-LHR
alt-svc: h3=":443"; ma=86400

{
    "success": true,
    "message": "User successfully removed"
}
HTTP/1.1 202 Accepted
Date: Sun, 30 Jun 2024 15:27:41 GMT
Content-Type: application/json; charset=utf-8
Content-Length: 54
Connection: keep-alive
X-Powered-By: Express
Access-Control-Allow-Origin: *
ETag: W/"36-hDmZnQ3Ou/ynnqAeC6TYmyseuzY"
CF-Cache-Status: DYNAMIC
Report-To: {"endpoints":[{"url":"https:\/\/a.nel.cloudflare.com\/report\/v4?s=4fNA7rrWriKoC3J9BtgyS1CsKoSzcXCVvNui3vFwqbs0FpcFysMDCh%2FHeeix8XSNA0blAAyXeN8Z7%2FJy8GsfFFpUyIiQZRGXM8sDp2zZ133FLTfXZLOaI1%2Bq1w%2F5cTLmRO1eeXb%2BcZsezJSkUXq3ApQrY3Y%3D"}],"group":"cf-nel","max_age":604800}
NEL: {"success_fraction":0,"report_to":"cf-nel","max_age":604800}
Server: cloudflare
CF-RAY: 89bf2e8a683979c1-LHR
alt-svc: h3=":443"; ma=86400

{
    "success": true,
    "message": "User successfully removed"
}
HTTP/1.1 202 Accepted
Date: Sun, 30 Jun 2024 15:27:41 GMT
Content-Type: application/json; charset=utf-8
Content-Length: 54
Connection: keep-alive
X-Powered-By: Express
Access-Control-Allow-Origin: *
ETag: W/"36-hDmZnQ3Ou/ynnqAeC6TYmyseuzY"
CF-Cache-Status: DYNAMIC
Report-To: {"endpoints":[{"url":"https:\/\/a.nel.cloudflare.com\/report\/v4?s=4fNA7rrWriKoC3J9BtgyS1CsKoSzcXCVvNui3vFwqbs0FpcFysMDCh%2FHeeix8XSNA0blAAyXeN8Z7%2FJy8GsfFFpUyIiQZRGXM8sDp2zZ133FLTfXZLOaI1%2Bq1w%2F5cTLmRO1eeXb%2BcZsezJSkUXq3ApQrY3Y%3D"}],"group":"cf-nel","max_age":604800}
NEL: {"success_fraction":0,"report_to":"cf-nel","max_age":604800}
Server: cloudflare
CF-RAY: 89bf2e8a683979c1-LHR
alt-svc: h3=":443"; ma=86400

{
    "success": true,
    "message": "User successfully removed"
}
HTTP/1.1 202 Accepted
Date: Sun, 30 Jun 2024 15:27:41 GMT
Content-Type: application/json; charset=utf-8
Content-Length: 54
Connection: keep-alive
X-Powered-By: Express
Access-Control-Allow-Origin: *
ETag: W/"36-hDmZnQ3Ou/ynnqAeC6TYmyseuzY"
CF-Cache-Status: DYNAMIC
Report-To: {"endpoints":[{"url":"https:\/\/a.nel.cloudflare.com\/report\/v4?s=4fNA7rrWriKoC3J9BtgyS1CsKoSzcXCVvNui3vFwqbs0FpcFysMDCh%2FHeeix8XSNA0blAAyXeN8Z7%2FJy8GsfFFpUyIiQZRGXM8sDp2zZ133FLTfXZLOaI1%2Bq1w%2F5cTLmRO1eeXb%2BcZsezJSkUXq3ApQrY3Y%3D"}],"group":"cf-nel","max_age":604800}
NEL: {"success_fraction":0,"report_to":"cf-nel","max_age":604800}
Server: cloudflare
CF-RAY: 89bf2e8a683979c1-LHR
alt-svc: h3=":443"; ma=86400

{
    "success": true,
    "message": "User successfully removed"
}
HTTP/1.1 202 Accepted
Date: Sun, 30 Jun 2024 15:27:41 GMT
Content-Type: application/json; charset=utf-8
Content-Length: 54
Connection: keep-alive
X-Powered-By: Express
Access-Control-Allow-Origin: *
ETag: W/"36-hDmZnQ3Ou/ynnqAeC6TYmyseuzY"
CF-Cache-Status: DYNAMIC
Report-To: {"endpoints":[{"url":"https:\/\/a.nel.cloudflare.com\/report\/v4?s=4fNA7rrWriKoC3J9BtgyS1CsKoSzcXCVvNui3vFwqbs0FpcFysMDCh%2FHeeix8XSNA0blAAyXeN8Z7%2FJy8GsfFFpUyIiQZRGXM8sDp2zZ133FLTfXZLOaI1%2Bq1w%2F5cTLmRO1eeXb%2BcZsezJSkUXq3ApQrY3Y%3D"}],"group":"cf-nel","max_age":604800}
NEL: {"success_fraction":0,"report_to":"cf-nel","max_age":604800}
Server: cloudflare
CF-RAY: 89bf2e8a683979c1-LHR
alt-svc: h3=":443"; ma=86400

{
    "success": true,
    "message": "User successfully removed"
}
HTTP/1.1 202 Accepted
Date: Sun, 30 Jun 2024 15:27:41 GMT
Content-Type: application/json; charset=utf-8
Content-Length: 54
Connection: keep-alive
X-Powered-By: Express
Access-Control-Allow-Origin: *
ETag: W/"36-hDmZnQ3Ou/ynnqAeC6TYmyseuzY"
CF-Cache-Status: DYNAMIC
Report-To: {"endpoints":[{"url":"https:\/\/a.nel.cloudflare.com\/report\/v4?s=4fNA7rrWriKoC3J9BtgyS1CsKoSzcXCVvNui3vFwqbs0FpcFysMDCh%2FHeeix8XSNA0blAAyXeN8Z7%2FJy8GsfFFpUyIiQZRGXM8sDp2zZ133FLTfXZLOaI1%2Bq1w%2F5cTLmRO1eeXb%2BcZsezJSkUXq3ApQrY3Y%3D"}],"group":"cf-nel","max_age":604800}
NEL: {"success_fraction":0,"report_to":"cf-nel","max_age":604800}
Server: cloudflare
CF-RAY: 89bf2e8a683979c1-LHR
alt-svc: h3=":443"; ma=86400

{
    "success": true,
    "message": "User successfully removed"
}
HTTP/1.1 202 Accepted
Date: Sun, 30 Jun 2024 15:27:41 GMT
Content-Type: application/json; charset=utf-8
Content-Length: 54
Connection: keep-alive
X-Powered-By: Express
Access-Control-Allow-Origin: *
ETag: W/"36-hDmZnQ3Ou/ynnqAeC6TYmyseuzY"
CF-Cache-Status: DYNAMIC
Report-To: {"endpoints":[{"url":"https:\/\/a.nel.cloudflare.com\/report\/v4?s=4fNA7rrWriKoC3J9BtgyS1CsKoSzcXCVvNui3vFwqbs0FpcFysMDCh%2FHeeix8XSNA0blAAyXeN8Z7%2FJy8GsfFFpUyIiQZRGXM8sDp2zZ133FLTfXZLOaI1%2Bq1w%2F5cTLmRO1eeXb%2BcZsezJSkUXq3ApQrY3Y%3D"}],"group":"cf-nel","max_age":604800}
NEL: {"success_fraction":0,"report_to":"cf-nel","max_age":604800}
Server: cloudflare
CF-RAY: 89bf2e8a683979c1-LHR
alt-svc: h3=":443"; ma=86400

{
    "success": true,
    "message": "User successfully removed"
}
HTTP/1.1 202 Accepted
Date: Sun, 30 Jun 2024 15:27:41 GMT
Content-Type: application/json; charset=utf-8
Content-Length: 54
Connection: keep-alive
X-Powered-By: Express
Access-Control-Allow-Origin: *
ETag: W/"36-hDmZnQ3Ou/ynnqAeC6TYmyseuzY"
CF-Cache-Status: DYNAMIC
Report-To: {"endpoints":[{"url":"https:\/\/a.nel.cloudflare.com\/report\/v4?s=4fNA7rrWriKoC3J9BtgyS1CsKoSzcXCVvNui3vFwqbs0FpcFysMDCh%2FHeeix8XSNA0blAAyXeN8Z7%2FJy8GsfFFpUyIiQZRGXM8sDp2zZ133FLTfXZLOaI1%2Bq1w%2F5cTLmRO1eeXb%2BcZsezJSkUXq3ApQrY3Y%3D"}],"group":"cf-nel","max_age":604800}
NEL: {"success_fraction":0,"report_to":"cf-nel","max_age":604800}
Server: cloudflare
CF-RAY: 89bf2e8a683979c1-LHR
alt-svc: h3=":443"; ma=86400

{
    "success": true,
    "message": "User successfully removed"
}
HTTP/1.1 202 Accepted
Date: Sun, 30 Jun 2024 15:27:41 GMT
Content-Type: application/json; charset=utf-8
Content-Length: 54
Connection: keep-alive
X-Powered-By: Express
Access-Control-Allow-Origin: *
ETag: W/"36-hDmZnQ3Ou/ynnqAeC6TYmyseuzY"
CF-Cache-Status: DYNAMIC
Report-To: {"endpoints":[{"url":"https:\/\/a.nel.cloudflare.com\/report\/v4?s=4fNA7rrWriKoC3J9BtgyS1CsKoSzcXCVvNui3vFwqbs0FpcFysMDCh%2FHeeix8XSNA0blAAyXeN8Z7%2FJy8GsfFFpUyIiQZRGXM8sDp2zZ133FLTfXZLOaI1%2Bq1w%2F5cTLmRO1eeXb%2BcZsezJSkUXq3ApQrY3Y%3D"}],"group":"cf-nel","max_age":604800}
NEL: {"success_fraction":0,"report_to":"cf-nel","max_age":604800}
Server: cloudflare
CF-RAY: 89bf2e8a683979c1-LHR
alt-svc: h3=":443"; ma=86400

{
    "success": true,
    "message": "User successfully removed"
}
HTTP/1.1 202 Accepted
Date: Sun, 30 Jun 2024 15:27:41 GMT
Content-Type: application/json; charset=utf-8
Content-Length: 54
Connection: keep-alive
X-Powered-By: Express
Access-Control-Allow-Origin: *
ETag: W/"36-hDmZnQ3Ou/ynnqAeC6TYmyseuzY"
CF-Cache-Status: DYNAMIC
Report-To: {"endpoints":[{"url":"https:\/\/a.nel.cloudflare.com\/report\/v4?s=4fNA7rrWriKoC3J9BtgyS1CsKoSzcXCVvNui3vFwqbs0FpcFysMDCh%2FHeeix8XSNA0blAAyXeN8Z7%2FJy8GsfFFpUyIiQZRGXM8sDp2zZ133FLTfXZLOaI1%2Bq1w%2F5cTLmRO1eeXb%2BcZsezJSkUXq3ApQrY3Y%3D"}],"group":"cf-nel","max_age":604800}
NEL: {"success_fraction":0,"report_to":"cf-nel","max_age":604800}
Server: cloudflare
CF-RAY: 89bf2e8a683979c1-LHR
alt-svc: h3=":443"; ma=86400

{
    "success": true,
    "message": "User successfully removed"
}
HTTP/1.1 202 Accepted
Date: Sun, 30 Jun 2024 15:27:41 GMT
Content-Type: application/json; charset=utf-8
Content-Length: 54
Connection: keep-alive
X-Powered-By: Express
Access-Control-Allow-Origin: *
ETag: W/"36-hDmZnQ3Ou/ynnqAeC6TYmyseuzY"
CF-Cache-Status: DYNAMIC
Report-To: {"endpoints":[{"url":"https:\/\/a.nel.cloudflare.com\/report\/v4?s=4fNA7rrWriKoC3J9BtgyS1CsKoSzcXCVvNui3vFwqbs0FpcFysMDCh%2FHeeix8XSNA0blAAyXeN8Z7%2FJy8GsfFFpUyIiQZRGXM8sDp2zZ133FLTfXZLOaI1%2Bq1w%2F5cTLmRO1eeXb%2BcZsezJSkUXq3ApQrY3Y%3D"}],"group":"cf-nel","max_age":604800}
NEL: {"success_fraction":0,"report_to":"cf-nel","max_age":604800}
Server: cloudflare
CF-RAY: 89bf2e8a683979c1-LHR
alt-svc: h3=":443"; ma=86400

{
    "success": true,
    "message": "User successfully removed"
}
HTTP/1.1 202 Accepted
Date: Sun, 30 Jun 2024 15:27:41 GMT
Content-Type: application/json; charset=utf-8
Content-Length: 54
Connection: keep-alive
X-Powered-By: Express
Access-Control-Allow-Origin: *
ETag: W/"36-hDmZnQ3Ou/ynnqAeC6TYmyseuzY"
CF-Cache-Status: DYNAMIC
Report-To: {"endpoints":[{"url":"https:\/\/a.nel.cloudflare.com\/report\/v4?s=4fNA7rrWriKoC3J9BtgyS1CsKoSzcXCVvNui3vFwqbs0FpcFysMDCh%2FHeeix8XSNA0blAAyXeN8Z7%2FJy8GsfFFpUyIiQZRGXM8sDp2zZ133FLTfXZLOaI1%2Bq1w%2F5cTLmRO1eeXb%2BcZsezJSkUXq3ApQrY3Y%3D"}],"group":"cf-nel","max_age":604800}
NEL: {"success_fraction":0,"report_to":"cf-nel","max_age":604800}
Server: cloudflare
CF-RAY: 89bf2e8a683979c1-LHR
alt-svc: h3=":443"; ma=86400

{
    "success": true,
    "message": "User successfully removed"
}
HTTP/1.1 202 Accepted
Date: Sun, 30 Jun 2024 15:27:41 GMT
Content-Type: application/json; charset=utf-8
Content-Length: 54
Connection: keep-alive
X-Powered-By: Express
Access-Control-Allow-Origin: *
ETag: W/"36-hDmZnQ3Ou/ynnqAeC6TYmyseuzY"
CF-Cache-Status: DYNAMIC
Report-To: {"endpoints":[{"url":"https:\/\/a.nel.cloudflare.com\/report\/v4?s=4fNA7rrWriKoC3J9BtgyS1CsKoSzcXCVvNui3vFwqbs0FpcFysMDCh%2FHeeix8XSNA0blAAyXeN8Z7%2FJy8GsfFFpUyIiQZRGXM8sDp2zZ133FLTfXZLOaI1%2Bq1w%2F5cTLmRO1eeXb%2BcZsezJSkUXq3ApQrY3Y%3D"}],"group":"cf-nel","max_age":604800}
NEL: {"success_fraction":0,"report_to":"cf-nel","max_age":604800}
Server: cloudflare
CF-RAY: 89bf2e8a683979c1-LHR
alt-svc: h3=":443"; ma=86400

{
    "success": true,
    "message": "User successfully removed"
}
HTTP/1.1 202 Accepted
Date: Sun, 30 Jun 2024 15:27:41 GMT
Content-Type: application/json; charset=utf-8
Content-Length: 54
Connection: keep-alive
X-Powered-By: Express
Access-Control-Allow-Origin: *
ETag: W/"36-hDmZnQ3Ou/ynnqAeC6TYmyseuzY"
CF-Cache-Status: DYNAMIC
Report-To: {"endpoints":[{"url":"https:\/\/a.nel.cloudflare.com\/report\/v4?s=4fNA7rrWriKoC3J9BtgyS1CsKoSzcXCVvNui3vFwqbs0FpcFysMDCh%2FHeeix8XSNA0blAAyXeN8Z7%2FJy8GsfFFpUyIiQZRGXM8sDp2zZ133FLTfXZLOaI1%2Bq1w%2F5cTLmRO1eeXb%2BcZsezJSkUXq3ApQrY3Y%3D"}],"group":"cf-nel","max_age":604800}
NEL: {"success_fraction":0,"report_to":"cf-nel","max_age":604800}
Server: cloudflare
CF-RAY: 89bf2e8a683979c1-LHR
alt-svc: h3=":443"; ma=86400

{
    "success": true,
    "message": "User successfully removed"
}
HTTP/1.1 202 Accepted
Date: Sun, 30 Jun 2024 15:27:41 GMT
Content-Type: application/json; charset=utf-8
Content-Length: 54
Connection: keep-alive
X-Powered-By: Express
Access-Control-Allow-Origin: *
ETag: W/"36-hDmZnQ3Ou/ynnqAeC6TYmyseuzY"
CF-Cache-Status: DYNAMIC
Report-To: {"endpoints":[{"url":"https:\/\/a.nel.cloudflare.com\/report\/v4?s=4fNA7rrWriKoC3J9BtgyS1CsKoSzcXCVvNui3vFwqbs0FpcFysMDCh%2FHeeix8XSNA0blAAyXeN8Z7%2FJy8GsfFFpUyIiQZRGXM8sDp2zZ133FLTfXZLOaI1%2Bq1w%2F5cTLmRO1eeXb%2BcZsezJSkUXq3ApQrY3Y%3D"}],"group":"cf-nel","max_age":604800}
NEL: {"success_fraction":0,"report_to":"cf-nel","max_age":604800}
Server: cloudflare
CF-RAY: 89bf2e8a683979c1-LHR
alt-svc: h3=":443"; ma=86400

{
    "success": true,
    "message": "User successfully removed"
}
HTTP/1.1 202 Accepted
Date: Sun, 30 Jun 2024 15:27:41 GMT
Content-Type: application/json; charset=utf-8
Content-Length: 54
Connection: keep-alive
X-Powered-By: Express
Access-Control-Allow-Origin: *
ETag: W/"36-hDmZnQ3Ou/ynnqAeC6TYmyseuzY"
CF-Cache-Status: DYNAMIC
Report-To: {"endpoints":[{"url":"https:\/\/a.nel.cloudflare.com\/report\/v4?s=4fNA7rrWriKoC3J9BtgyS1CsKoSzcXCVvNui3vFwqbs0FpcFysMDCh%2FHeeix8XSNA0blAAyXeN8Z7%2FJy8GsfFFpUyIiQZRGXM8sDp2zZ133FLTfXZLOaI1%2Bq1w%2F5cTLmRO1eeXb%2BcZsezJSkUXq3ApQrY3Y%3D"}],"group":"cf-nel","max_age":604800}
NEL: {"success_fraction":0,"report_to":"cf-nel","max_age":604800}
Server: cloudflare
CF-RAY: 89bf2e8a683979c1-LHR
alt-svc: h3=":443"; ma=86400

{
    "success": true,
    "message": "User successfully removed"
}
]]></system-out>
  </testcase>
  <testcase name="getOrderAuthUserIngridient" classname="GetOrderUserTest" time="3.067">
    <system-out><![CDATA[Request method:	POST
Request URI:	https://stellarburgers.nomoreparties.site/api/auth/register
Proxy:			<none>
Request params:	<none>
Query params:	<none>
Form params:	<none>
Path params:	<none>
Headers:		Accept=*/*
				Content-Type=application/json
Cookies:		<none>
Multiparts:		<none>
Body:
{
    "email": "xbbDfkjaNA@ya.ru",
    "password": "iXoQFVKGTc",
    "name": "dMhoZejIey"
}
Request method:	POST
Request URI:	https://stellarburgers.nomoreparties.site/api/auth/register
Proxy:			<none>
Request params:	<none>
Query params:	<none>
Form params:	<none>
Path params:	<none>
Headers:		Accept=*/*
				Content-Type=application/json
Cookies:		<none>
Multiparts:		<none>
Body:
{
    "email": "xbbDfkjaNA@ya.ru",
    "password": "iXoQFVKGTc",
    "name": "dMhoZejIey"
}
Request method:	POST
Request URI:	https://stellarburgers.nomoreparties.site/api/auth/register
Proxy:			<none>
Request params:	<none>
Query params:	<none>
Form params:	<none>
Path params:	<none>
Headers:		Accept=*/*
				Content-Type=application/json
Cookies:		<none>
Multiparts:		<none>
Body:
{
    "email": "xbbDfkjaNA@ya.ru",
    "password": "iXoQFVKGTc",
    "name": "dMhoZejIey"
}
Request method:	POST
Request URI:	https://stellarburgers.nomoreparties.site/api/auth/register
Proxy:			<none>
Request params:	<none>
Query params:	<none>
Form params:	<none>
Path params:	<none>
Headers:		Accept=*/*
				Content-Type=application/json
Cookies:		<none>
Multiparts:		<none>
Body:
{
    "email": "xbbDfkjaNA@ya.ru",
    "password": "iXoQFVKGTc",
    "name": "dMhoZejIey"
}
Request method:	POST
Request URI:	https://stellarburgers.nomoreparties.site/api/auth/register
Proxy:			<none>
Request params:	<none>
Query params:	<none>
Form params:	<none>
Path params:	<none>
Headers:		Accept=*/*
				Content-Type=application/json
Cookies:		<none>
Multiparts:		<none>
Body:
{
    "email": "xbbDfkjaNA@ya.ru",
    "password": "iXoQFVKGTc",
    "name": "dMhoZejIey"
}
Request method:	POST
Request URI:	https://stellarburgers.nomoreparties.site/api/auth/register
Proxy:			<none>
Request params:	<none>
Query params:	<none>
Form params:	<none>
Path params:	<none>
Headers:		Accept=*/*
				Content-Type=application/json
Cookies:		<none>
Multiparts:		<none>
Body:
{
    "email": "xbbDfkjaNA@ya.ru",
    "password": "iXoQFVKGTc",
    "name": "dMhoZejIey"
}
Request method:	POST
Request URI:	https://stellarburgers.nomoreparties.site/api/auth/register
Proxy:			<none>
Request params:	<none>
Query params:	<none>
Form params:	<none>
Path params:	<none>
Headers:		Accept=*/*
				Content-Type=application/json
Cookies:		<none>
Multiparts:		<none>
Body:
{
    "email": "xbbDfkjaNA@ya.ru",
    "password": "iXoQFVKGTc",
    "name": "dMhoZejIey"
}
Request method:	POST
Request URI:	https://stellarburgers.nomoreparties.site/api/auth/register
Proxy:			<none>
Request params:	<none>
Query params:	<none>
Form params:	<none>
Path params:	<none>
Headers:		Accept=*/*
				Content-Type=application/json
Cookies:		<none>
Multiparts:		<none>
Body:
{
    "email": "xbbDfkjaNA@ya.ru",
    "password": "iXoQFVKGTc",
    "name": "dMhoZejIey"
}
Request method:	POST
Request URI:	https://stellarburgers.nomoreparties.site/api/auth/register
Proxy:			<none>
Request params:	<none>
Query params:	<none>
Form params:	<none>
Path params:	<none>
Headers:		Accept=*/*
				Content-Type=application/json
Cookies:		<none>
Multiparts:		<none>
Body:
{
    "email": "xbbDfkjaNA@ya.ru",
    "password": "iXoQFVKGTc",
    "name": "dMhoZejIey"
}
Request method:	POST
Request URI:	https://stellarburgers.nomoreparties.site/api/auth/register
Proxy:			<none>
Request params:	<none>
Query params:	<none>
Form params:	<none>
Path params:	<none>
Headers:		Accept=*/*
				Content-Type=application/json
Cookies:		<none>
Multiparts:		<none>
Body:
{
    "email": "xbbDfkjaNA@ya.ru",
    "password": "iXoQFVKGTc",
    "name": "dMhoZejIey"
}
Request method:	POST
Request URI:	https://stellarburgers.nomoreparties.site/api/auth/register
Proxy:			<none>
Request params:	<none>
Query params:	<none>
Form params:	<none>
Path params:	<none>
Headers:		Accept=*/*
				Content-Type=application/json
Cookies:		<none>
Multiparts:		<none>
Body:
{
    "email": "xbbDfkjaNA@ya.ru",
    "password": "iXoQFVKGTc",
    "name": "dMhoZejIey"
}
Request method:	POST
Request URI:	https://stellarburgers.nomoreparties.site/api/auth/register
Proxy:			<none>
Request params:	<none>
Query params:	<none>
Form params:	<none>
Path params:	<none>
Headers:		Accept=*/*
				Content-Type=application/json
Cookies:		<none>
Multiparts:		<none>
Body:
{
    "email": "xbbDfkjaNA@ya.ru",
    "password": "iXoQFVKGTc",
    "name": "dMhoZejIey"
}
Request method:	POST
Request URI:	https://stellarburgers.nomoreparties.site/api/auth/register
Proxy:			<none>
Request params:	<none>
Query params:	<none>
Form params:	<none>
Path params:	<none>
Headers:		Accept=*/*
				Content-Type=application/json
Cookies:		<none>
Multiparts:		<none>
Body:
{
    "email": "xbbDfkjaNA@ya.ru",
    "password": "iXoQFVKGTc",
    "name": "dMhoZejIey"
}
Request method:	POST
Request URI:	https://stellarburgers.nomoreparties.site/api/auth/register
Proxy:			<none>
Request params:	<none>
Query params:	<none>
Form params:	<none>
Path params:	<none>
Headers:		Accept=*/*
				Content-Type=application/json
Cookies:		<none>
Multiparts:		<none>
Body:
{
    "email": "xbbDfkjaNA@ya.ru",
    "password": "iXoQFVKGTc",
    "name": "dMhoZejIey"
}
Request method:	POST
Request URI:	https://stellarburgers.nomoreparties.site/api/auth/register
Proxy:			<none>
Request params:	<none>
Query params:	<none>
Form params:	<none>
Path params:	<none>
Headers:		Accept=*/*
				Content-Type=application/json
Cookies:		<none>
Multiparts:		<none>
Body:
{
    "email": "xbbDfkjaNA@ya.ru",
    "password": "iXoQFVKGTc",
    "name": "dMhoZejIey"
}
Request method:	POST
Request URI:	https://stellarburgers.nomoreparties.site/api/auth/register
Proxy:			<none>
Request params:	<none>
Query params:	<none>
Form params:	<none>
Path params:	<none>
Headers:		Accept=*/*
				Content-Type=application/json
Cookies:		<none>
Multiparts:		<none>
Body:
{
    "email": "xbbDfkjaNA@ya.ru",
    "password": "iXoQFVKGTc",
    "name": "dMhoZejIey"
}
Request method:	POST
Request URI:	https://stellarburgers.nomoreparties.site/api/auth/register
Proxy:			<none>
Request params:	<none>
Query params:	<none>
Form params:	<none>
Path params:	<none>
Headers:		Accept=*/*
				Content-Type=application/json
Cookies:		<none>
Multiparts:		<none>
Body:
{
    "email": "xbbDfkjaNA@ya.ru",
    "password": "iXoQFVKGTc",
    "name": "dMhoZejIey"
}
Request method:	POST
Request URI:	https://stellarburgers.nomoreparties.site/api/auth/register
Proxy:			<none>
Request params:	<none>
Query params:	<none>
Form params:	<none>
Path params:	<none>
Headers:		Accept=*/*
				Content-Type=application/json
Cookies:		<none>
Multiparts:		<none>
Body:
{
    "email": "xbbDfkjaNA@ya.ru",
    "password": "iXoQFVKGTc",
    "name": "dMhoZejIey"
}
Request method:	POST
Request URI:	https://stellarburgers.nomoreparties.site/api/auth/register
Proxy:			<none>
Request params:	<none>
Query params:	<none>
Form params:	<none>
Path params:	<none>
Headers:		Accept=*/*
				Content-Type=application/json
Cookies:		<none>
Multiparts:		<none>
Body:
{
    "email": "xbbDfkjaNA@ya.ru",
    "password": "iXoQFVKGTc",
    "name": "dMhoZejIey"
}
Request method:	POST
Request URI:	https://stellarburgers.nomoreparties.site/api/auth/register
Proxy:			<none>
Request params:	<none>
Query params:	<none>
Form params:	<none>
Path params:	<none>
Headers:		Accept=*/*
				Content-Type=application/json
Cookies:		<none>
Multiparts:		<none>
Body:
{
    "email": "xbbDfkjaNA@ya.ru",
    "password": "iXoQFVKGTc",
    "name": "dMhoZejIey"
}
HTTP/1.1 200 OK
Date: Sun, 30 Jun 2024 15:27:41 GMT
Content-Type: application/json; charset=utf-8
Transfer-Encoding: chunked
Connection: keep-alive
X-Powered-By: Express
Access-Control-Allow-Origin: *
authorization: Bearer eyJhbGciOiJIUzI1NiIsInR5cCI6IkpXVCJ9.eyJpZCI6IjY2ODE3OTZkOWVkMjgwMDAxYjQ1OTYwOCIsImlhdCI6MTcxOTc2MTI2MSwiZXhwIjoxNzE5NzYyNDYxfQ.8oDrtfxmFJsQ0C1PAVmuiKh9rjLCMkEZkV2EWoZN628
ETag: W/"16d-WsxGBE6q73QPgpp2wrNR6FSOtPs"
CF-Cache-Status: DYNAMIC
Report-To: {"endpoints":[{"url":"https:\/\/a.nel.cloudflare.com\/report\/v4?s=OmGIt9g3kOLIuwiHcUU6Zx6r%2BtMKkMu%2BBF0annJTzijL9zxO6da7TGbe7ZJhNlix0XHvnQRFa%2ByQMQx3nqkXJbL2iJj9M8KnJMcuJvqi4MEuijRTWVTKvxi4cd7ObmEByia%2BpJ3fviOfyNcDuLA9IMZU0Q0%3D"}],"group":"cf-nel","max_age":604800}
NEL: {"success_fraction":0,"report_to":"cf-nel","max_age":604800}
Server: cloudflare
CF-RAY: 89bf2e8d9afc719d-RIX
Content-Encoding: gzip
alt-svc: h3=":443"; ma=86400

{
    "success": true,
    "user": {
        "email": "xbbdfkjana@ya.ru",
        "name": "dMhoZejIey"
    },
    "accessToken": "Bearer eyJhbGciOiJIUzI1NiIsInR5cCI6IkpXVCJ9.eyJpZCI6IjY2ODE3OTZkOWVkMjgwMDAxYjQ1OTYwOCIsImlhdCI6MTcxOTc2MTI2MSwiZXhwIjoxNzE5NzYyNDYxfQ.8oDrtfxmFJsQ0C1PAVmuiKh9rjLCMkEZkV2EWoZN628",
    "refreshToken": "bd3cb90908bdd82afc6813af24e73d83f6a92358a7cdc4974a4efe601d610d81f147e7609a60ee39"
}
HTTP/1.1 200 OK
Date: Sun, 30 Jun 2024 15:27:41 GMT
Content-Type: application/json; charset=utf-8
Transfer-Encoding: chunked
Connection: keep-alive
X-Powered-By: Express
Access-Control-Allow-Origin: *
authorization: Bearer eyJhbGciOiJIUzI1NiIsInR5cCI6IkpXVCJ9.eyJpZCI6IjY2ODE3OTZkOWVkMjgwMDAxYjQ1OTYwOCIsImlhdCI6MTcxOTc2MTI2MSwiZXhwIjoxNzE5NzYyNDYxfQ.8oDrtfxmFJsQ0C1PAVmuiKh9rjLCMkEZkV2EWoZN628
ETag: W/"16d-WsxGBE6q73QPgpp2wrNR6FSOtPs"
CF-Cache-Status: DYNAMIC
Report-To: {"endpoints":[{"url":"https:\/\/a.nel.cloudflare.com\/report\/v4?s=OmGIt9g3kOLIuwiHcUU6Zx6r%2BtMKkMu%2BBF0annJTzijL9zxO6da7TGbe7ZJhNlix0XHvnQRFa%2ByQMQx3nqkXJbL2iJj9M8KnJMcuJvqi4MEuijRTWVTKvxi4cd7ObmEByia%2BpJ3fviOfyNcDuLA9IMZU0Q0%3D"}],"group":"cf-nel","max_age":604800}
NEL: {"success_fraction":0,"report_to":"cf-nel","max_age":604800}
Server: cloudflare
CF-RAY: 89bf2e8d9afc719d-RIX
Content-Encoding: gzip
alt-svc: h3=":443"; ma=86400

{
    "success": true,
    "user": {
        "email": "xbbdfkjana@ya.ru",
        "name": "dMhoZejIey"
    },
    "accessToken": "Bearer eyJhbGciOiJIUzI1NiIsInR5cCI6IkpXVCJ9.eyJpZCI6IjY2ODE3OTZkOWVkMjgwMDAxYjQ1OTYwOCIsImlhdCI6MTcxOTc2MTI2MSwiZXhwIjoxNzE5NzYyNDYxfQ.8oDrtfxmFJsQ0C1PAVmuiKh9rjLCMkEZkV2EWoZN628",
    "refreshToken": "bd3cb90908bdd82afc6813af24e73d83f6a92358a7cdc4974a4efe601d610d81f147e7609a60ee39"
}
HTTP/1.1 200 OK
Date: Sun, 30 Jun 2024 15:27:41 GMT
Content-Type: application/json; charset=utf-8
Transfer-Encoding: chunked
Connection: keep-alive
X-Powered-By: Express
Access-Control-Allow-Origin: *
authorization: Bearer eyJhbGciOiJIUzI1NiIsInR5cCI6IkpXVCJ9.eyJpZCI6IjY2ODE3OTZkOWVkMjgwMDAxYjQ1OTYwOCIsImlhdCI6MTcxOTc2MTI2MSwiZXhwIjoxNzE5NzYyNDYxfQ.8oDrtfxmFJsQ0C1PAVmuiKh9rjLCMkEZkV2EWoZN628
ETag: W/"16d-WsxGBE6q73QPgpp2wrNR6FSOtPs"
CF-Cache-Status: DYNAMIC
Report-To: {"endpoints":[{"url":"https:\/\/a.nel.cloudflare.com\/report\/v4?s=OmGIt9g3kOLIuwiHcUU6Zx6r%2BtMKkMu%2BBF0annJTzijL9zxO6da7TGbe7ZJhNlix0XHvnQRFa%2ByQMQx3nqkXJbL2iJj9M8KnJMcuJvqi4MEuijRTWVTKvxi4cd7ObmEByia%2BpJ3fviOfyNcDuLA9IMZU0Q0%3D"}],"group":"cf-nel","max_age":604800}
NEL: {"success_fraction":0,"report_to":"cf-nel","max_age":604800}
Server: cloudflare
CF-RAY: 89bf2e8d9afc719d-RIX
Content-Encoding: gzip
alt-svc: h3=":443"; ma=86400

{
    "success": true,
    "user": {
        "email": "xbbdfkjana@ya.ru",
        "name": "dMhoZejIey"
    },
    "accessToken": "Bearer eyJhbGciOiJIUzI1NiIsInR5cCI6IkpXVCJ9.eyJpZCI6IjY2ODE3OTZkOWVkMjgwMDAxYjQ1OTYwOCIsImlhdCI6MTcxOTc2MTI2MSwiZXhwIjoxNzE5NzYyNDYxfQ.8oDrtfxmFJsQ0C1PAVmuiKh9rjLCMkEZkV2EWoZN628",
    "refreshToken": "bd3cb90908bdd82afc6813af24e73d83f6a92358a7cdc4974a4efe601d610d81f147e7609a60ee39"
}
HTTP/1.1 200 OK
Date: Sun, 30 Jun 2024 15:27:41 GMT
Content-Type: application/json; charset=utf-8
Transfer-Encoding: chunked
Connection: keep-alive
X-Powered-By: Express
Access-Control-Allow-Origin: *
authorization: Bearer eyJhbGciOiJIUzI1NiIsInR5cCI6IkpXVCJ9.eyJpZCI6IjY2ODE3OTZkOWVkMjgwMDAxYjQ1OTYwOCIsImlhdCI6MTcxOTc2MTI2MSwiZXhwIjoxNzE5NzYyNDYxfQ.8oDrtfxmFJsQ0C1PAVmuiKh9rjLCMkEZkV2EWoZN628
ETag: W/"16d-WsxGBE6q73QPgpp2wrNR6FSOtPs"
CF-Cache-Status: DYNAMIC
Report-To: {"endpoints":[{"url":"https:\/\/a.nel.cloudflare.com\/report\/v4?s=OmGIt9g3kOLIuwiHcUU6Zx6r%2BtMKkMu%2BBF0annJTzijL9zxO6da7TGbe7ZJhNlix0XHvnQRFa%2ByQMQx3nqkXJbL2iJj9M8KnJMcuJvqi4MEuijRTWVTKvxi4cd7ObmEByia%2BpJ3fviOfyNcDuLA9IMZU0Q0%3D"}],"group":"cf-nel","max_age":604800}
NEL: {"success_fraction":0,"report_to":"cf-nel","max_age":604800}
Server: cloudflare
CF-RAY: 89bf2e8d9afc719d-RIX
Content-Encoding: gzip
alt-svc: h3=":443"; ma=86400

{
    "success": true,
    "user": {
        "email": "xbbdfkjana@ya.ru",
        "name": "dMhoZejIey"
    },
    "accessToken": "Bearer eyJhbGciOiJIUzI1NiIsInR5cCI6IkpXVCJ9.eyJpZCI6IjY2ODE3OTZkOWVkMjgwMDAxYjQ1OTYwOCIsImlhdCI6MTcxOTc2MTI2MSwiZXhwIjoxNzE5NzYyNDYxfQ.8oDrtfxmFJsQ0C1PAVmuiKh9rjLCMkEZkV2EWoZN628",
    "refreshToken": "bd3cb90908bdd82afc6813af24e73d83f6a92358a7cdc4974a4efe601d610d81f147e7609a60ee39"
}
HTTP/1.1 200 OK
Date: Sun, 30 Jun 2024 15:27:41 GMT
Content-Type: application/json; charset=utf-8
Transfer-Encoding: chunked
Connection: keep-alive
X-Powered-By: Express
Access-Control-Allow-Origin: *
authorization: Bearer eyJhbGciOiJIUzI1NiIsInR5cCI6IkpXVCJ9.eyJpZCI6IjY2ODE3OTZkOWVkMjgwMDAxYjQ1OTYwOCIsImlhdCI6MTcxOTc2MTI2MSwiZXhwIjoxNzE5NzYyNDYxfQ.8oDrtfxmFJsQ0C1PAVmuiKh9rjLCMkEZkV2EWoZN628
ETag: W/"16d-WsxGBE6q73QPgpp2wrNR6FSOtPs"
CF-Cache-Status: DYNAMIC
Report-To: {"endpoints":[{"url":"https:\/\/a.nel.cloudflare.com\/report\/v4?s=OmGIt9g3kOLIuwiHcUU6Zx6r%2BtMKkMu%2BBF0annJTzijL9zxO6da7TGbe7ZJhNlix0XHvnQRFa%2ByQMQx3nqkXJbL2iJj9M8KnJMcuJvqi4MEuijRTWVTKvxi4cd7ObmEByia%2BpJ3fviOfyNcDuLA9IMZU0Q0%3D"}],"group":"cf-nel","max_age":604800}
NEL: {"success_fraction":0,"report_to":"cf-nel","max_age":604800}
Server: cloudflare
CF-RAY: 89bf2e8d9afc719d-RIX
Content-Encoding: gzip
alt-svc: h3=":443"; ma=86400

{
    "success": true,
    "user": {
        "email": "xbbdfkjana@ya.ru",
        "name": "dMhoZejIey"
    },
    "accessToken": "Bearer eyJhbGciOiJIUzI1NiIsInR5cCI6IkpXVCJ9.eyJpZCI6IjY2ODE3OTZkOWVkMjgwMDAxYjQ1OTYwOCIsImlhdCI6MTcxOTc2MTI2MSwiZXhwIjoxNzE5NzYyNDYxfQ.8oDrtfxmFJsQ0C1PAVmuiKh9rjLCMkEZkV2EWoZN628",
    "refreshToken": "bd3cb90908bdd82afc6813af24e73d83f6a92358a7cdc4974a4efe601d610d81f147e7609a60ee39"
}
HTTP/1.1 200 OK
Date: Sun, 30 Jun 2024 15:27:41 GMT
Content-Type: application/json; charset=utf-8
Transfer-Encoding: chunked
Connection: keep-alive
X-Powered-By: Express
Access-Control-Allow-Origin: *
authorization: Bearer eyJhbGciOiJIUzI1NiIsInR5cCI6IkpXVCJ9.eyJpZCI6IjY2ODE3OTZkOWVkMjgwMDAxYjQ1OTYwOCIsImlhdCI6MTcxOTc2MTI2MSwiZXhwIjoxNzE5NzYyNDYxfQ.8oDrtfxmFJsQ0C1PAVmuiKh9rjLCMkEZkV2EWoZN628
ETag: W/"16d-WsxGBE6q73QPgpp2wrNR6FSOtPs"
CF-Cache-Status: DYNAMIC
Report-To: {"endpoints":[{"url":"https:\/\/a.nel.cloudflare.com\/report\/v4?s=OmGIt9g3kOLIuwiHcUU6Zx6r%2BtMKkMu%2BBF0annJTzijL9zxO6da7TGbe7ZJhNlix0XHvnQRFa%2ByQMQx3nqkXJbL2iJj9M8KnJMcuJvqi4MEuijRTWVTKvxi4cd7ObmEByia%2BpJ3fviOfyNcDuLA9IMZU0Q0%3D"}],"group":"cf-nel","max_age":604800}
NEL: {"success_fraction":0,"report_to":"cf-nel","max_age":604800}
Server: cloudflare
CF-RAY: 89bf2e8d9afc719d-RIX
Content-Encoding: gzip
alt-svc: h3=":443"; ma=86400

{
    "success": true,
    "user": {
        "email": "xbbdfkjana@ya.ru",
        "name": "dMhoZejIey"
    },
    "accessToken": "Bearer eyJhbGciOiJIUzI1NiIsInR5cCI6IkpXVCJ9.eyJpZCI6IjY2ODE3OTZkOWVkMjgwMDAxYjQ1OTYwOCIsImlhdCI6MTcxOTc2MTI2MSwiZXhwIjoxNzE5NzYyNDYxfQ.8oDrtfxmFJsQ0C1PAVmuiKh9rjLCMkEZkV2EWoZN628",
    "refreshToken": "bd3cb90908bdd82afc6813af24e73d83f6a92358a7cdc4974a4efe601d610d81f147e7609a60ee39"
}
HTTP/1.1 200 OK
Date: Sun, 30 Jun 2024 15:27:41 GMT
Content-Type: application/json; charset=utf-8
Transfer-Encoding: chunked
Connection: keep-alive
X-Powered-By: Express
Access-Control-Allow-Origin: *
authorization: Bearer eyJhbGciOiJIUzI1NiIsInR5cCI6IkpXVCJ9.eyJpZCI6IjY2ODE3OTZkOWVkMjgwMDAxYjQ1OTYwOCIsImlhdCI6MTcxOTc2MTI2MSwiZXhwIjoxNzE5NzYyNDYxfQ.8oDrtfxmFJsQ0C1PAVmuiKh9rjLCMkEZkV2EWoZN628
ETag: W/"16d-WsxGBE6q73QPgpp2wrNR6FSOtPs"
CF-Cache-Status: DYNAMIC
Report-To: {"endpoints":[{"url":"https:\/\/a.nel.cloudflare.com\/report\/v4?s=OmGIt9g3kOLIuwiHcUU6Zx6r%2BtMKkMu%2BBF0annJTzijL9zxO6da7TGbe7ZJhNlix0XHvnQRFa%2ByQMQx3nqkXJbL2iJj9M8KnJMcuJvqi4MEuijRTWVTKvxi4cd7ObmEByia%2BpJ3fviOfyNcDuLA9IMZU0Q0%3D"}],"group":"cf-nel","max_age":604800}
NEL: {"success_fraction":0,"report_to":"cf-nel","max_age":604800}
Server: cloudflare
CF-RAY: 89bf2e8d9afc719d-RIX
Content-Encoding: gzip
alt-svc: h3=":443"; ma=86400

{
    "success": true,
    "user": {
        "email": "xbbdfkjana@ya.ru",
        "name": "dMhoZejIey"
    },
    "accessToken": "Bearer eyJhbGciOiJIUzI1NiIsInR5cCI6IkpXVCJ9.eyJpZCI6IjY2ODE3OTZkOWVkMjgwMDAxYjQ1OTYwOCIsImlhdCI6MTcxOTc2MTI2MSwiZXhwIjoxNzE5NzYyNDYxfQ.8oDrtfxmFJsQ0C1PAVmuiKh9rjLCMkEZkV2EWoZN628",
    "refreshToken": "bd3cb90908bdd82afc6813af24e73d83f6a92358a7cdc4974a4efe601d610d81f147e7609a60ee39"
}
HTTP/1.1 200 OK
Date: Sun, 30 Jun 2024 15:27:41 GMT
Content-Type: application/json; charset=utf-8
Transfer-Encoding: chunked
Connection: keep-alive
X-Powered-By: Express
Access-Control-Allow-Origin: *
authorization: Bearer eyJhbGciOiJIUzI1NiIsInR5cCI6IkpXVCJ9.eyJpZCI6IjY2ODE3OTZkOWVkMjgwMDAxYjQ1OTYwOCIsImlhdCI6MTcxOTc2MTI2MSwiZXhwIjoxNzE5NzYyNDYxfQ.8oDrtfxmFJsQ0C1PAVmuiKh9rjLCMkEZkV2EWoZN628
ETag: W/"16d-WsxGBE6q73QPgpp2wrNR6FSOtPs"
CF-Cache-Status: DYNAMIC
Report-To: {"endpoints":[{"url":"https:\/\/a.nel.cloudflare.com\/report\/v4?s=OmGIt9g3kOLIuwiHcUU6Zx6r%2BtMKkMu%2BBF0annJTzijL9zxO6da7TGbe7ZJhNlix0XHvnQRFa%2ByQMQx3nqkXJbL2iJj9M8KnJMcuJvqi4MEuijRTWVTKvxi4cd7ObmEByia%2BpJ3fviOfyNcDuLA9IMZU0Q0%3D"}],"group":"cf-nel","max_age":604800}
NEL: {"success_fraction":0,"report_to":"cf-nel","max_age":604800}
Server: cloudflare
CF-RAY: 89bf2e8d9afc719d-RIX
Content-Encoding: gzip
alt-svc: h3=":443"; ma=86400

{
    "success": true,
    "user": {
        "email": "xbbdfkjana@ya.ru",
        "name": "dMhoZejIey"
    },
    "accessToken": "Bearer eyJhbGciOiJIUzI1NiIsInR5cCI6IkpXVCJ9.eyJpZCI6IjY2ODE3OTZkOWVkMjgwMDAxYjQ1OTYwOCIsImlhdCI6MTcxOTc2MTI2MSwiZXhwIjoxNzE5NzYyNDYxfQ.8oDrtfxmFJsQ0C1PAVmuiKh9rjLCMkEZkV2EWoZN628",
    "refreshToken": "bd3cb90908bdd82afc6813af24e73d83f6a92358a7cdc4974a4efe601d610d81f147e7609a60ee39"
}
HTTP/1.1 200 OK
Date: Sun, 30 Jun 2024 15:27:41 GMT
Content-Type: application/json; charset=utf-8
Transfer-Encoding: chunked
Connection: keep-alive
X-Powered-By: Express
Access-Control-Allow-Origin: *
authorization: Bearer eyJhbGciOiJIUzI1NiIsInR5cCI6IkpXVCJ9.eyJpZCI6IjY2ODE3OTZkOWVkMjgwMDAxYjQ1OTYwOCIsImlhdCI6MTcxOTc2MTI2MSwiZXhwIjoxNzE5NzYyNDYxfQ.8oDrtfxmFJsQ0C1PAVmuiKh9rjLCMkEZkV2EWoZN628
ETag: W/"16d-WsxGBE6q73QPgpp2wrNR6FSOtPs"
CF-Cache-Status: DYNAMIC
Report-To: {"endpoints":[{"url":"https:\/\/a.nel.cloudflare.com\/report\/v4?s=OmGIt9g3kOLIuwiHcUU6Zx6r%2BtMKkMu%2BBF0annJTzijL9zxO6da7TGbe7ZJhNlix0XHvnQRFa%2ByQMQx3nqkXJbL2iJj9M8KnJMcuJvqi4MEuijRTWVTKvxi4cd7ObmEByia%2BpJ3fviOfyNcDuLA9IMZU0Q0%3D"}],"group":"cf-nel","max_age":604800}
NEL: {"success_fraction":0,"report_to":"cf-nel","max_age":604800}
Server: cloudflare
CF-RAY: 89bf2e8d9afc719d-RIX
Content-Encoding: gzip
alt-svc: h3=":443"; ma=86400

{
    "success": true,
    "user": {
        "email": "xbbdfkjana@ya.ru",
        "name": "dMhoZejIey"
    },
    "accessToken": "Bearer eyJhbGciOiJIUzI1NiIsInR5cCI6IkpXVCJ9.eyJpZCI6IjY2ODE3OTZkOWVkMjgwMDAxYjQ1OTYwOCIsImlhdCI6MTcxOTc2MTI2MSwiZXhwIjoxNzE5NzYyNDYxfQ.8oDrtfxmFJsQ0C1PAVmuiKh9rjLCMkEZkV2EWoZN628",
    "refreshToken": "bd3cb90908bdd82afc6813af24e73d83f6a92358a7cdc4974a4efe601d610d81f147e7609a60ee39"
}
HTTP/1.1 200 OK
Date: Sun, 30 Jun 2024 15:27:41 GMT
Content-Type: application/json; charset=utf-8
Transfer-Encoding: chunked
Connection: keep-alive
X-Powered-By: Express
Access-Control-Allow-Origin: *
authorization: Bearer eyJhbGciOiJIUzI1NiIsInR5cCI6IkpXVCJ9.eyJpZCI6IjY2ODE3OTZkOWVkMjgwMDAxYjQ1OTYwOCIsImlhdCI6MTcxOTc2MTI2MSwiZXhwIjoxNzE5NzYyNDYxfQ.8oDrtfxmFJsQ0C1PAVmuiKh9rjLCMkEZkV2EWoZN628
ETag: W/"16d-WsxGBE6q73QPgpp2wrNR6FSOtPs"
CF-Cache-Status: DYNAMIC
Report-To: {"endpoints":[{"url":"https:\/\/a.nel.cloudflare.com\/report\/v4?s=OmGIt9g3kOLIuwiHcUU6Zx6r%2BtMKkMu%2BBF0annJTzijL9zxO6da7TGbe7ZJhNlix0XHvnQRFa%2ByQMQx3nqkXJbL2iJj9M8KnJMcuJvqi4MEuijRTWVTKvxi4cd7ObmEByia%2BpJ3fviOfyNcDuLA9IMZU0Q0%3D"}],"group":"cf-nel","max_age":604800}
NEL: {"success_fraction":0,"report_to":"cf-nel","max_age":604800}
Server: cloudflare
CF-RAY: 89bf2e8d9afc719d-RIX
Content-Encoding: gzip
alt-svc: h3=":443"; ma=86400

{
    "success": true,
    "user": {
        "email": "xbbdfkjana@ya.ru",
        "name": "dMhoZejIey"
    },
    "accessToken": "Bearer eyJhbGciOiJIUzI1NiIsInR5cCI6IkpXVCJ9.eyJpZCI6IjY2ODE3OTZkOWVkMjgwMDAxYjQ1OTYwOCIsImlhdCI6MTcxOTc2MTI2MSwiZXhwIjoxNzE5NzYyNDYxfQ.8oDrtfxmFJsQ0C1PAVmuiKh9rjLCMkEZkV2EWoZN628",
    "refreshToken": "bd3cb90908bdd82afc6813af24e73d83f6a92358a7cdc4974a4efe601d610d81f147e7609a60ee39"
}
HTTP/1.1 200 OK
Date: Sun, 30 Jun 2024 15:27:41 GMT
Content-Type: application/json; charset=utf-8
Transfer-Encoding: chunked
Connection: keep-alive
X-Powered-By: Express
Access-Control-Allow-Origin: *
authorization: Bearer eyJhbGciOiJIUzI1NiIsInR5cCI6IkpXVCJ9.eyJpZCI6IjY2ODE3OTZkOWVkMjgwMDAxYjQ1OTYwOCIsImlhdCI6MTcxOTc2MTI2MSwiZXhwIjoxNzE5NzYyNDYxfQ.8oDrtfxmFJsQ0C1PAVmuiKh9rjLCMkEZkV2EWoZN628
ETag: W/"16d-WsxGBE6q73QPgpp2wrNR6FSOtPs"
CF-Cache-Status: DYNAMIC
Report-To: {"endpoints":[{"url":"https:\/\/a.nel.cloudflare.com\/report\/v4?s=OmGIt9g3kOLIuwiHcUU6Zx6r%2BtMKkMu%2BBF0annJTzijL9zxO6da7TGbe7ZJhNlix0XHvnQRFa%2ByQMQx3nqkXJbL2iJj9M8KnJMcuJvqi4MEuijRTWVTKvxi4cd7ObmEByia%2BpJ3fviOfyNcDuLA9IMZU0Q0%3D"}],"group":"cf-nel","max_age":604800}
NEL: {"success_fraction":0,"report_to":"cf-nel","max_age":604800}
Server: cloudflare
CF-RAY: 89bf2e8d9afc719d-RIX
Content-Encoding: gzip
alt-svc: h3=":443"; ma=86400

{
    "success": true,
    "user": {
        "email": "xbbdfkjana@ya.ru",
        "name": "dMhoZejIey"
    },
    "accessToken": "Bearer eyJhbGciOiJIUzI1NiIsInR5cCI6IkpXVCJ9.eyJpZCI6IjY2ODE3OTZkOWVkMjgwMDAxYjQ1OTYwOCIsImlhdCI6MTcxOTc2MTI2MSwiZXhwIjoxNzE5NzYyNDYxfQ.8oDrtfxmFJsQ0C1PAVmuiKh9rjLCMkEZkV2EWoZN628",
    "refreshToken": "bd3cb90908bdd82afc6813af24e73d83f6a92358a7cdc4974a4efe601d610d81f147e7609a60ee39"
}
HTTP/1.1 200 OK
Date: Sun, 30 Jun 2024 15:27:41 GMT
Content-Type: application/json; charset=utf-8
Transfer-Encoding: chunked
Connection: keep-alive
X-Powered-By: Express
Access-Control-Allow-Origin: *
authorization: Bearer eyJhbGciOiJIUzI1NiIsInR5cCI6IkpXVCJ9.eyJpZCI6IjY2ODE3OTZkOWVkMjgwMDAxYjQ1OTYwOCIsImlhdCI6MTcxOTc2MTI2MSwiZXhwIjoxNzE5NzYyNDYxfQ.8oDrtfxmFJsQ0C1PAVmuiKh9rjLCMkEZkV2EWoZN628
ETag: W/"16d-WsxGBE6q73QPgpp2wrNR6FSOtPs"
CF-Cache-Status: DYNAMIC
Report-To: {"endpoints":[{"url":"https:\/\/a.nel.cloudflare.com\/report\/v4?s=OmGIt9g3kOLIuwiHcUU6Zx6r%2BtMKkMu%2BBF0annJTzijL9zxO6da7TGbe7ZJhNlix0XHvnQRFa%2ByQMQx3nqkXJbL2iJj9M8KnJMcuJvqi4MEuijRTWVTKvxi4cd7ObmEByia%2BpJ3fviOfyNcDuLA9IMZU0Q0%3D"}],"group":"cf-nel","max_age":604800}
NEL: {"success_fraction":0,"report_to":"cf-nel","max_age":604800}
Server: cloudflare
CF-RAY: 89bf2e8d9afc719d-RIX
Content-Encoding: gzip
alt-svc: h3=":443"; ma=86400

{
    "success": true,
    "user": {
        "email": "xbbdfkjana@ya.ru",
        "name": "dMhoZejIey"
    },
    "accessToken": "Bearer eyJhbGciOiJIUzI1NiIsInR5cCI6IkpXVCJ9.eyJpZCI6IjY2ODE3OTZkOWVkMjgwMDAxYjQ1OTYwOCIsImlhdCI6MTcxOTc2MTI2MSwiZXhwIjoxNzE5NzYyNDYxfQ.8oDrtfxmFJsQ0C1PAVmuiKh9rjLCMkEZkV2EWoZN628",
    "refreshToken": "bd3cb90908bdd82afc6813af24e73d83f6a92358a7cdc4974a4efe601d610d81f147e7609a60ee39"
}
HTTP/1.1 200 OK
Date: Sun, 30 Jun 2024 15:27:41 GMT
Content-Type: application/json; charset=utf-8
Transfer-Encoding: chunked
Connection: keep-alive
X-Powered-By: Express
Access-Control-Allow-Origin: *
authorization: Bearer eyJhbGciOiJIUzI1NiIsInR5cCI6IkpXVCJ9.eyJpZCI6IjY2ODE3OTZkOWVkMjgwMDAxYjQ1OTYwOCIsImlhdCI6MTcxOTc2MTI2MSwiZXhwIjoxNzE5NzYyNDYxfQ.8oDrtfxmFJsQ0C1PAVmuiKh9rjLCMkEZkV2EWoZN628
ETag: W/"16d-WsxGBE6q73QPgpp2wrNR6FSOtPs"
CF-Cache-Status: DYNAMIC
Report-To: {"endpoints":[{"url":"https:\/\/a.nel.cloudflare.com\/report\/v4?s=OmGIt9g3kOLIuwiHcUU6Zx6r%2BtMKkMu%2BBF0annJTzijL9zxO6da7TGbe7ZJhNlix0XHvnQRFa%2ByQMQx3nqkXJbL2iJj9M8KnJMcuJvqi4MEuijRTWVTKvxi4cd7ObmEByia%2BpJ3fviOfyNcDuLA9IMZU0Q0%3D"}],"group":"cf-nel","max_age":604800}
NEL: {"success_fraction":0,"report_to":"cf-nel","max_age":604800}
Server: cloudflare
CF-RAY: 89bf2e8d9afc719d-RIX
Content-Encoding: gzip
alt-svc: h3=":443"; ma=86400

{
    "success": true,
    "user": {
        "email": "xbbdfkjana@ya.ru",
        "name": "dMhoZejIey"
    },
    "accessToken": "Bearer eyJhbGciOiJIUzI1NiIsInR5cCI6IkpXVCJ9.eyJpZCI6IjY2ODE3OTZkOWVkMjgwMDAxYjQ1OTYwOCIsImlhdCI6MTcxOTc2MTI2MSwiZXhwIjoxNzE5NzYyNDYxfQ.8oDrtfxmFJsQ0C1PAVmuiKh9rjLCMkEZkV2EWoZN628",
    "refreshToken": "bd3cb90908bdd82afc6813af24e73d83f6a92358a7cdc4974a4efe601d610d81f147e7609a60ee39"
}
HTTP/1.1 200 OK
Date: Sun, 30 Jun 2024 15:27:41 GMT
Content-Type: application/json; charset=utf-8
Transfer-Encoding: chunked
Connection: keep-alive
X-Powered-By: Express
Access-Control-Allow-Origin: *
authorization: Bearer eyJhbGciOiJIUzI1NiIsInR5cCI6IkpXVCJ9.eyJpZCI6IjY2ODE3OTZkOWVkMjgwMDAxYjQ1OTYwOCIsImlhdCI6MTcxOTc2MTI2MSwiZXhwIjoxNzE5NzYyNDYxfQ.8oDrtfxmFJsQ0C1PAVmuiKh9rjLCMkEZkV2EWoZN628
ETag: W/"16d-WsxGBE6q73QPgpp2wrNR6FSOtPs"
CF-Cache-Status: DYNAMIC
Report-To: {"endpoints":[{"url":"https:\/\/a.nel.cloudflare.com\/report\/v4?s=OmGIt9g3kOLIuwiHcUU6Zx6r%2BtMKkMu%2BBF0annJTzijL9zxO6da7TGbe7ZJhNlix0XHvnQRFa%2ByQMQx3nqkXJbL2iJj9M8KnJMcuJvqi4MEuijRTWVTKvxi4cd7ObmEByia%2BpJ3fviOfyNcDuLA9IMZU0Q0%3D"}],"group":"cf-nel","max_age":604800}
NEL: {"success_fraction":0,"report_to":"cf-nel","max_age":604800}
Server: cloudflare
CF-RAY: 89bf2e8d9afc719d-RIX
Content-Encoding: gzip
alt-svc: h3=":443"; ma=86400

{
    "success": true,
    "user": {
        "email": "xbbdfkjana@ya.ru",
        "name": "dMhoZejIey"
    },
    "accessToken": "Bearer eyJhbGciOiJIUzI1NiIsInR5cCI6IkpXVCJ9.eyJpZCI6IjY2ODE3OTZkOWVkMjgwMDAxYjQ1OTYwOCIsImlhdCI6MTcxOTc2MTI2MSwiZXhwIjoxNzE5NzYyNDYxfQ.8oDrtfxmFJsQ0C1PAVmuiKh9rjLCMkEZkV2EWoZN628",
    "refreshToken": "bd3cb90908bdd82afc6813af24e73d83f6a92358a7cdc4974a4efe601d610d81f147e7609a60ee39"
}
HTTP/1.1 200 OK
Date: Sun, 30 Jun 2024 15:27:41 GMT
Content-Type: application/json; charset=utf-8
Transfer-Encoding: chunked
Connection: keep-alive
X-Powered-By: Express
Access-Control-Allow-Origin: *
authorization: Bearer eyJhbGciOiJIUzI1NiIsInR5cCI6IkpXVCJ9.eyJpZCI6IjY2ODE3OTZkOWVkMjgwMDAxYjQ1OTYwOCIsImlhdCI6MTcxOTc2MTI2MSwiZXhwIjoxNzE5NzYyNDYxfQ.8oDrtfxmFJsQ0C1PAVmuiKh9rjLCMkEZkV2EWoZN628
ETag: W/"16d-WsxGBE6q73QPgpp2wrNR6FSOtPs"
CF-Cache-Status: DYNAMIC
Report-To: {"endpoints":[{"url":"https:\/\/a.nel.cloudflare.com\/report\/v4?s=OmGIt9g3kOLIuwiHcUU6Zx6r%2BtMKkMu%2BBF0annJTzijL9zxO6da7TGbe7ZJhNlix0XHvnQRFa%2ByQMQx3nqkXJbL2iJj9M8KnJMcuJvqi4MEuijRTWVTKvxi4cd7ObmEByia%2BpJ3fviOfyNcDuLA9IMZU0Q0%3D"}],"group":"cf-nel","max_age":604800}
NEL: {"success_fraction":0,"report_to":"cf-nel","max_age":604800}
Server: cloudflare
CF-RAY: 89bf2e8d9afc719d-RIX
Content-Encoding: gzip
alt-svc: h3=":443"; ma=86400

{
    "success": true,
    "user": {
        "email": "xbbdfkjana@ya.ru",
        "name": "dMhoZejIey"
    },
    "accessToken": "Bearer eyJhbGciOiJIUzI1NiIsInR5cCI6IkpXVCJ9.eyJpZCI6IjY2ODE3OTZkOWVkMjgwMDAxYjQ1OTYwOCIsImlhdCI6MTcxOTc2MTI2MSwiZXhwIjoxNzE5NzYyNDYxfQ.8oDrtfxmFJsQ0C1PAVmuiKh9rjLCMkEZkV2EWoZN628",
    "refreshToken": "bd3cb90908bdd82afc6813af24e73d83f6a92358a7cdc4974a4efe601d610d81f147e7609a60ee39"
}
HTTP/1.1 200 OK
Date: Sun, 30 Jun 2024 15:27:41 GMT
Content-Type: application/json; charset=utf-8
Transfer-Encoding: chunked
Connection: keep-alive
X-Powered-By: Express
Access-Control-Allow-Origin: *
authorization: Bearer eyJhbGciOiJIUzI1NiIsInR5cCI6IkpXVCJ9.eyJpZCI6IjY2ODE3OTZkOWVkMjgwMDAxYjQ1OTYwOCIsImlhdCI6MTcxOTc2MTI2MSwiZXhwIjoxNzE5NzYyNDYxfQ.8oDrtfxmFJsQ0C1PAVmuiKh9rjLCMkEZkV2EWoZN628
ETag: W/"16d-WsxGBE6q73QPgpp2wrNR6FSOtPs"
CF-Cache-Status: DYNAMIC
Report-To: {"endpoints":[{"url":"https:\/\/a.nel.cloudflare.com\/report\/v4?s=OmGIt9g3kOLIuwiHcUU6Zx6r%2BtMKkMu%2BBF0annJTzijL9zxO6da7TGbe7ZJhNlix0XHvnQRFa%2ByQMQx3nqkXJbL2iJj9M8KnJMcuJvqi4MEuijRTWVTKvxi4cd7ObmEByia%2BpJ3fviOfyNcDuLA9IMZU0Q0%3D"}],"group":"cf-nel","max_age":604800}
NEL: {"success_fraction":0,"report_to":"cf-nel","max_age":604800}
Server: cloudflare
CF-RAY: 89bf2e8d9afc719d-RIX
Content-Encoding: gzip
alt-svc: h3=":443"; ma=86400

{
    "success": true,
    "user": {
        "email": "xbbdfkjana@ya.ru",
        "name": "dMhoZejIey"
    },
    "accessToken": "Bearer eyJhbGciOiJIUzI1NiIsInR5cCI6IkpXVCJ9.eyJpZCI6IjY2ODE3OTZkOWVkMjgwMDAxYjQ1OTYwOCIsImlhdCI6MTcxOTc2MTI2MSwiZXhwIjoxNzE5NzYyNDYxfQ.8oDrtfxmFJsQ0C1PAVmuiKh9rjLCMkEZkV2EWoZN628",
    "refreshToken": "bd3cb90908bdd82afc6813af24e73d83f6a92358a7cdc4974a4efe601d610d81f147e7609a60ee39"
}
HTTP/1.1 200 OK
Date: Sun, 30 Jun 2024 15:27:41 GMT
Content-Type: application/json; charset=utf-8
Transfer-Encoding: chunked
Connection: keep-alive
X-Powered-By: Express
Access-Control-Allow-Origin: *
authorization: Bearer eyJhbGciOiJIUzI1NiIsInR5cCI6IkpXVCJ9.eyJpZCI6IjY2ODE3OTZkOWVkMjgwMDAxYjQ1OTYwOCIsImlhdCI6MTcxOTc2MTI2MSwiZXhwIjoxNzE5NzYyNDYxfQ.8oDrtfxmFJsQ0C1PAVmuiKh9rjLCMkEZkV2EWoZN628
ETag: W/"16d-WsxGBE6q73QPgpp2wrNR6FSOtPs"
CF-Cache-Status: DYNAMIC
Report-To: {"endpoints":[{"url":"https:\/\/a.nel.cloudflare.com\/report\/v4?s=OmGIt9g3kOLIuwiHcUU6Zx6r%2BtMKkMu%2BBF0annJTzijL9zxO6da7TGbe7ZJhNlix0XHvnQRFa%2ByQMQx3nqkXJbL2iJj9M8KnJMcuJvqi4MEuijRTWVTKvxi4cd7ObmEByia%2BpJ3fviOfyNcDuLA9IMZU0Q0%3D"}],"group":"cf-nel","max_age":604800}
NEL: {"success_fraction":0,"report_to":"cf-nel","max_age":604800}
Server: cloudflare
CF-RAY: 89bf2e8d9afc719d-RIX
Content-Encoding: gzip
alt-svc: h3=":443"; ma=86400

{
    "success": true,
    "user": {
        "email": "xbbdfkjana@ya.ru",
        "name": "dMhoZejIey"
    },
    "accessToken": "Bearer eyJhbGciOiJIUzI1NiIsInR5cCI6IkpXVCJ9.eyJpZCI6IjY2ODE3OTZkOWVkMjgwMDAxYjQ1OTYwOCIsImlhdCI6MTcxOTc2MTI2MSwiZXhwIjoxNzE5NzYyNDYxfQ.8oDrtfxmFJsQ0C1PAVmuiKh9rjLCMkEZkV2EWoZN628",
    "refreshToken": "bd3cb90908bdd82afc6813af24e73d83f6a92358a7cdc4974a4efe601d610d81f147e7609a60ee39"
}
HTTP/1.1 200 OK
Date: Sun, 30 Jun 2024 15:27:41 GMT
Content-Type: application/json; charset=utf-8
Transfer-Encoding: chunked
Connection: keep-alive
X-Powered-By: Express
Access-Control-Allow-Origin: *
authorization: Bearer eyJhbGciOiJIUzI1NiIsInR5cCI6IkpXVCJ9.eyJpZCI6IjY2ODE3OTZkOWVkMjgwMDAxYjQ1OTYwOCIsImlhdCI6MTcxOTc2MTI2MSwiZXhwIjoxNzE5NzYyNDYxfQ.8oDrtfxmFJsQ0C1PAVmuiKh9rjLCMkEZkV2EWoZN628
ETag: W/"16d-WsxGBE6q73QPgpp2wrNR6FSOtPs"
CF-Cache-Status: DYNAMIC
Report-To: {"endpoints":[{"url":"https:\/\/a.nel.cloudflare.com\/report\/v4?s=OmGIt9g3kOLIuwiHcUU6Zx6r%2BtMKkMu%2BBF0annJTzijL9zxO6da7TGbe7ZJhNlix0XHvnQRFa%2ByQMQx3nqkXJbL2iJj9M8KnJMcuJvqi4MEuijRTWVTKvxi4cd7ObmEByia%2BpJ3fviOfyNcDuLA9IMZU0Q0%3D"}],"group":"cf-nel","max_age":604800}
NEL: {"success_fraction":0,"report_to":"cf-nel","max_age":604800}
Server: cloudflare
CF-RAY: 89bf2e8d9afc719d-RIX
Content-Encoding: gzip
alt-svc: h3=":443"; ma=86400

{
    "success": true,
    "user": {
        "email": "xbbdfkjana@ya.ru",
        "name": "dMhoZejIey"
    },
    "accessToken": "Bearer eyJhbGciOiJIUzI1NiIsInR5cCI6IkpXVCJ9.eyJpZCI6IjY2ODE3OTZkOWVkMjgwMDAxYjQ1OTYwOCIsImlhdCI6MTcxOTc2MTI2MSwiZXhwIjoxNzE5NzYyNDYxfQ.8oDrtfxmFJsQ0C1PAVmuiKh9rjLCMkEZkV2EWoZN628",
    "refreshToken": "bd3cb90908bdd82afc6813af24e73d83f6a92358a7cdc4974a4efe601d610d81f147e7609a60ee39"
}
HTTP/1.1 200 OK
Date: Sun, 30 Jun 2024 15:27:41 GMT
Content-Type: application/json; charset=utf-8
Transfer-Encoding: chunked
Connection: keep-alive
X-Powered-By: Express
Access-Control-Allow-Origin: *
authorization: Bearer eyJhbGciOiJIUzI1NiIsInR5cCI6IkpXVCJ9.eyJpZCI6IjY2ODE3OTZkOWVkMjgwMDAxYjQ1OTYwOCIsImlhdCI6MTcxOTc2MTI2MSwiZXhwIjoxNzE5NzYyNDYxfQ.8oDrtfxmFJsQ0C1PAVmuiKh9rjLCMkEZkV2EWoZN628
ETag: W/"16d-WsxGBE6q73QPgpp2wrNR6FSOtPs"
CF-Cache-Status: DYNAMIC
Report-To: {"endpoints":[{"url":"https:\/\/a.nel.cloudflare.com\/report\/v4?s=OmGIt9g3kOLIuwiHcUU6Zx6r%2BtMKkMu%2BBF0annJTzijL9zxO6da7TGbe7ZJhNlix0XHvnQRFa%2ByQMQx3nqkXJbL2iJj9M8KnJMcuJvqi4MEuijRTWVTKvxi4cd7ObmEByia%2BpJ3fviOfyNcDuLA9IMZU0Q0%3D"}],"group":"cf-nel","max_age":604800}
NEL: {"success_fraction":0,"report_to":"cf-nel","max_age":604800}
Server: cloudflare
CF-RAY: 89bf2e8d9afc719d-RIX
Content-Encoding: gzip
alt-svc: h3=":443"; ma=86400

{
    "success": true,
    "user": {
        "email": "xbbdfkjana@ya.ru",
        "name": "dMhoZejIey"
    },
    "accessToken": "Bearer eyJhbGciOiJIUzI1NiIsInR5cCI6IkpXVCJ9.eyJpZCI6IjY2ODE3OTZkOWVkMjgwMDAxYjQ1OTYwOCIsImlhdCI6MTcxOTc2MTI2MSwiZXhwIjoxNzE5NzYyNDYxfQ.8oDrtfxmFJsQ0C1PAVmuiKh9rjLCMkEZkV2EWoZN628",
    "refreshToken": "bd3cb90908bdd82afc6813af24e73d83f6a92358a7cdc4974a4efe601d610d81f147e7609a60ee39"
}
HTTP/1.1 200 OK
Date: Sun, 30 Jun 2024 15:27:41 GMT
Content-Type: application/json; charset=utf-8
Transfer-Encoding: chunked
Connection: keep-alive
X-Powered-By: Express
Access-Control-Allow-Origin: *
authorization: Bearer eyJhbGciOiJIUzI1NiIsInR5cCI6IkpXVCJ9.eyJpZCI6IjY2ODE3OTZkOWVkMjgwMDAxYjQ1OTYwOCIsImlhdCI6MTcxOTc2MTI2MSwiZXhwIjoxNzE5NzYyNDYxfQ.8oDrtfxmFJsQ0C1PAVmuiKh9rjLCMkEZkV2EWoZN628
ETag: W/"16d-WsxGBE6q73QPgpp2wrNR6FSOtPs"
CF-Cache-Status: DYNAMIC
Report-To: {"endpoints":[{"url":"https:\/\/a.nel.cloudflare.com\/report\/v4?s=OmGIt9g3kOLIuwiHcUU6Zx6r%2BtMKkMu%2BBF0annJTzijL9zxO6da7TGbe7ZJhNlix0XHvnQRFa%2ByQMQx3nqkXJbL2iJj9M8KnJMcuJvqi4MEuijRTWVTKvxi4cd7ObmEByia%2BpJ3fviOfyNcDuLA9IMZU0Q0%3D"}],"group":"cf-nel","max_age":604800}
NEL: {"success_fraction":0,"report_to":"cf-nel","max_age":604800}
Server: cloudflare
CF-RAY: 89bf2e8d9afc719d-RIX
Content-Encoding: gzip
alt-svc: h3=":443"; ma=86400

{
    "success": true,
    "user": {
        "email": "xbbdfkjana@ya.ru",
        "name": "dMhoZejIey"
    },
    "accessToken": "Bearer eyJhbGciOiJIUzI1NiIsInR5cCI6IkpXVCJ9.eyJpZCI6IjY2ODE3OTZkOWVkMjgwMDAxYjQ1OTYwOCIsImlhdCI6MTcxOTc2MTI2MSwiZXhwIjoxNzE5NzYyNDYxfQ.8oDrtfxmFJsQ0C1PAVmuiKh9rjLCMkEZkV2EWoZN628",
    "refreshToken": "bd3cb90908bdd82afc6813af24e73d83f6a92358a7cdc4974a4efe601d610d81f147e7609a60ee39"
}
Request method:	POST
Request URI:	https://stellarburgers.nomoreparties.site/api/auth/login
Proxy:			<none>
Request params:	<none>
Query params:	<none>
Form params:	<none>
Path params:	<none>
Headers:		Accept=*/*
				Content-Type=application/json
Cookies:		<none>
Multiparts:		<none>
Body:
{
    "email": "xbbDfkjaNA@ya.ru",
    "password": "iXoQFVKGTc",
    "name": "dMhoZejIey"
}
Request method:	POST
Request URI:	https://stellarburgers.nomoreparties.site/api/auth/login
Proxy:			<none>
Request params:	<none>
Query params:	<none>
Form params:	<none>
Path params:	<none>
Headers:		Accept=*/*
				Content-Type=application/json
Cookies:		<none>
Multiparts:		<none>
Body:
{
    "email": "xbbDfkjaNA@ya.ru",
    "password": "iXoQFVKGTc",
    "name": "dMhoZejIey"
}
Request method:	POST
Request URI:	https://stellarburgers.nomoreparties.site/api/auth/login
Proxy:			<none>
Request params:	<none>
Query params:	<none>
Form params:	<none>
Path params:	<none>
Headers:		Accept=*/*
				Content-Type=application/json
Cookies:		<none>
Multiparts:		<none>
Body:
{
    "email": "xbbDfkjaNA@ya.ru",
    "password": "iXoQFVKGTc",
    "name": "dMhoZejIey"
}
Request method:	POST
Request URI:	https://stellarburgers.nomoreparties.site/api/auth/login
Proxy:			<none>
Request params:	<none>
Query params:	<none>
Form params:	<none>
Path params:	<none>
Headers:		Accept=*/*
				Content-Type=application/json
Cookies:		<none>
Multiparts:		<none>
Body:
{
    "email": "xbbDfkjaNA@ya.ru",
    "password": "iXoQFVKGTc",
    "name": "dMhoZejIey"
}
Request method:	POST
Request URI:	https://stellarburgers.nomoreparties.site/api/auth/login
Proxy:			<none>
Request params:	<none>
Query params:	<none>
Form params:	<none>
Path params:	<none>
Headers:		Accept=*/*
				Content-Type=application/json
Cookies:		<none>
Multiparts:		<none>
Body:
{
    "email": "xbbDfkjaNA@ya.ru",
    "password": "iXoQFVKGTc",
    "name": "dMhoZejIey"
}
Request method:	POST
Request URI:	https://stellarburgers.nomoreparties.site/api/auth/login
Proxy:			<none>
Request params:	<none>
Query params:	<none>
Form params:	<none>
Path params:	<none>
Headers:		Accept=*/*
				Content-Type=application/json
Cookies:		<none>
Multiparts:		<none>
Body:
{
    "email": "xbbDfkjaNA@ya.ru",
    "password": "iXoQFVKGTc",
    "name": "dMhoZejIey"
}
Request method:	POST
Request URI:	https://stellarburgers.nomoreparties.site/api/auth/login
Proxy:			<none>
Request params:	<none>
Query params:	<none>
Form params:	<none>
Path params:	<none>
Headers:		Accept=*/*
				Content-Type=application/json
Cookies:		<none>
Multiparts:		<none>
Body:
{
    "email": "xbbDfkjaNA@ya.ru",
    "password": "iXoQFVKGTc",
    "name": "dMhoZejIey"
}
Request method:	POST
Request URI:	https://stellarburgers.nomoreparties.site/api/auth/login
Proxy:			<none>
Request params:	<none>
Query params:	<none>
Form params:	<none>
Path params:	<none>
Headers:		Accept=*/*
				Content-Type=application/json
Cookies:		<none>
Multiparts:		<none>
Body:
{
    "email": "xbbDfkjaNA@ya.ru",
    "password": "iXoQFVKGTc",
    "name": "dMhoZejIey"
}
Request method:	POST
Request URI:	https://stellarburgers.nomoreparties.site/api/auth/login
Proxy:			<none>
Request params:	<none>
Query params:	<none>
Form params:	<none>
Path params:	<none>
Headers:		Accept=*/*
				Content-Type=application/json
Cookies:		<none>
Multiparts:		<none>
Body:
{
    "email": "xbbDfkjaNA@ya.ru",
    "password": "iXoQFVKGTc",
    "name": "dMhoZejIey"
}
Request method:	POST
Request URI:	https://stellarburgers.nomoreparties.site/api/auth/login
Proxy:			<none>
Request params:	<none>
Query params:	<none>
Form params:	<none>
Path params:	<none>
Headers:		Accept=*/*
				Content-Type=application/json
Cookies:		<none>
Multiparts:		<none>
Body:
{
    "email": "xbbDfkjaNA@ya.ru",
    "password": "iXoQFVKGTc",
    "name": "dMhoZejIey"
}
Request method:	POST
Request URI:	https://stellarburgers.nomoreparties.site/api/auth/login
Proxy:			<none>
Request params:	<none>
Query params:	<none>
Form params:	<none>
Path params:	<none>
Headers:		Accept=*/*
				Content-Type=application/json
Cookies:		<none>
Multiparts:		<none>
Body:
{
    "email": "xbbDfkjaNA@ya.ru",
    "password": "iXoQFVKGTc",
    "name": "dMhoZejIey"
}
Request method:	POST
Request URI:	https://stellarburgers.nomoreparties.site/api/auth/login
Proxy:			<none>
Request params:	<none>
Query params:	<none>
Form params:	<none>
Path params:	<none>
Headers:		Accept=*/*
				Content-Type=application/json
Cookies:		<none>
Multiparts:		<none>
Body:
{
    "email": "xbbDfkjaNA@ya.ru",
    "password": "iXoQFVKGTc",
    "name": "dMhoZejIey"
}
Request method:	POST
Request URI:	https://stellarburgers.nomoreparties.site/api/auth/login
Proxy:			<none>
Request params:	<none>
Query params:	<none>
Form params:	<none>
Path params:	<none>
Headers:		Accept=*/*
				Content-Type=application/json
Cookies:		<none>
Multiparts:		<none>
Body:
{
    "email": "xbbDfkjaNA@ya.ru",
    "password": "iXoQFVKGTc",
    "name": "dMhoZejIey"
}
Request method:	POST
Request URI:	https://stellarburgers.nomoreparties.site/api/auth/login
Proxy:			<none>
Request params:	<none>
Query params:	<none>
Form params:	<none>
Path params:	<none>
Headers:		Accept=*/*
				Content-Type=application/json
Cookies:		<none>
Multiparts:		<none>
Body:
{
    "email": "xbbDfkjaNA@ya.ru",
    "password": "iXoQFVKGTc",
    "name": "dMhoZejIey"
}
Request method:	POST
Request URI:	https://stellarburgers.nomoreparties.site/api/auth/login
Proxy:			<none>
Request params:	<none>
Query params:	<none>
Form params:	<none>
Path params:	<none>
Headers:		Accept=*/*
				Content-Type=application/json
Cookies:		<none>
Multiparts:		<none>
Body:
{
    "email": "xbbDfkjaNA@ya.ru",
    "password": "iXoQFVKGTc",
    "name": "dMhoZejIey"
}
Request method:	POST
Request URI:	https://stellarburgers.nomoreparties.site/api/auth/login
Proxy:			<none>
Request params:	<none>
Query params:	<none>
Form params:	<none>
Path params:	<none>
Headers:		Accept=*/*
				Content-Type=application/json
Cookies:		<none>
Multiparts:		<none>
Body:
{
    "email": "xbbDfkjaNA@ya.ru",
    "password": "iXoQFVKGTc",
    "name": "dMhoZejIey"
}
Request method:	POST
Request URI:	https://stellarburgers.nomoreparties.site/api/auth/login
Proxy:			<none>
Request params:	<none>
Query params:	<none>
Form params:	<none>
Path params:	<none>
Headers:		Accept=*/*
				Content-Type=application/json
Cookies:		<none>
Multiparts:		<none>
Body:
{
    "email": "xbbDfkjaNA@ya.ru",
    "password": "iXoQFVKGTc",
    "name": "dMhoZejIey"
}
Request method:	POST
Request URI:	https://stellarburgers.nomoreparties.site/api/auth/login
Proxy:			<none>
Request params:	<none>
Query params:	<none>
Form params:	<none>
Path params:	<none>
Headers:		Accept=*/*
				Content-Type=application/json
Cookies:		<none>
Multiparts:		<none>
Body:
{
    "email": "xbbDfkjaNA@ya.ru",
    "password": "iXoQFVKGTc",
    "name": "dMhoZejIey"
}
Request method:	POST
Request URI:	https://stellarburgers.nomoreparties.site/api/auth/login
Proxy:			<none>
Request params:	<none>
Query params:	<none>
Form params:	<none>
Path params:	<none>
Headers:		Accept=*/*
				Content-Type=application/json
Cookies:		<none>
Multiparts:		<none>
Body:
{
    "email": "xbbDfkjaNA@ya.ru",
    "password": "iXoQFVKGTc",
    "name": "dMhoZejIey"
}
Request method:	POST
Request URI:	https://stellarburgers.nomoreparties.site/api/auth/login
Proxy:			<none>
Request params:	<none>
Query params:	<none>
Form params:	<none>
Path params:	<none>
Headers:		Accept=*/*
				Content-Type=application/json
Cookies:		<none>
Multiparts:		<none>
Body:
{
    "email": "xbbDfkjaNA@ya.ru",
    "password": "iXoQFVKGTc",
    "name": "dMhoZejIey"
}
HTTP/1.1 200 OK
Date: Sun, 30 Jun 2024 15:27:42 GMT
Content-Type: application/json; charset=utf-8
Transfer-Encoding: chunked
Connection: keep-alive
X-Powered-By: Express
Access-Control-Allow-Origin: *
ETag: W/"16d-WZ+AuIKelQDpzEnD/9pWtRSPO70"
CF-Cache-Status: DYNAMIC
Report-To: {"endpoints":[{"url":"https:\/\/a.nel.cloudflare.com\/report\/v4?s=B8gKnNxfTd2JzW0UWDP9%2FvfuVl1eY8i1uGNVq143W9hlYvX1jOO1kqefpee%2BAG5jIWdjvGa1kTa7hrY0SELCuAM8wvLG8mEvvu7eFIffftnlqrk3nEUSQj3dm0xnRb1QuS5jQvF3omJJ2c6e2YZIMijrKdw%3D"}],"group":"cf-nel","max_age":604800}
NEL: {"success_fraction":0,"report_to":"cf-nel","max_age":604800}
Server: cloudflare
CF-RAY: 89bf2e8f6c49652d-LHR
Content-Encoding: gzip
alt-svc: h3=":443"; ma=86400

{
    "success": true,
    "accessToken": "Bearer eyJhbGciOiJIUzI1NiIsInR5cCI6IkpXVCJ9.eyJpZCI6IjY2ODE3OTZkOWVkMjgwMDAxYjQ1OTYwOCIsImlhdCI6MTcxOTc2MTI2MiwiZXhwIjoxNzE5NzYyNDYyfQ.CiJkEcUCjLUl13BhkE-9kNao77E7ChpQI8ZcwCgRfOQ",
    "refreshToken": "719032100718c533b82bca7b76d861484cbe586dbf29a9a0f5de5948ad70380f0651aef960ac2d2a",
    "user": {
        "email": "xbbdfkjana@ya.ru",
        "name": "dMhoZejIey"
    }
}
HTTP/1.1 200 OK
Date: Sun, 30 Jun 2024 15:27:42 GMT
Content-Type: application/json; charset=utf-8
Transfer-Encoding: chunked
Connection: keep-alive
X-Powered-By: Express
Access-Control-Allow-Origin: *
ETag: W/"16d-WZ+AuIKelQDpzEnD/9pWtRSPO70"
CF-Cache-Status: DYNAMIC
Report-To: {"endpoints":[{"url":"https:\/\/a.nel.cloudflare.com\/report\/v4?s=B8gKnNxfTd2JzW0UWDP9%2FvfuVl1eY8i1uGNVq143W9hlYvX1jOO1kqefpee%2BAG5jIWdjvGa1kTa7hrY0SELCuAM8wvLG8mEvvu7eFIffftnlqrk3nEUSQj3dm0xnRb1QuS5jQvF3omJJ2c6e2YZIMijrKdw%3D"}],"group":"cf-nel","max_age":604800}
NEL: {"success_fraction":0,"report_to":"cf-nel","max_age":604800}
Server: cloudflare
CF-RAY: 89bf2e8f6c49652d-LHR
Content-Encoding: gzip
alt-svc: h3=":443"; ma=86400

{
    "success": true,
    "accessToken": "Bearer eyJhbGciOiJIUzI1NiIsInR5cCI6IkpXVCJ9.eyJpZCI6IjY2ODE3OTZkOWVkMjgwMDAxYjQ1OTYwOCIsImlhdCI6MTcxOTc2MTI2MiwiZXhwIjoxNzE5NzYyNDYyfQ.CiJkEcUCjLUl13BhkE-9kNao77E7ChpQI8ZcwCgRfOQ",
    "refreshToken": "719032100718c533b82bca7b76d861484cbe586dbf29a9a0f5de5948ad70380f0651aef960ac2d2a",
    "user": {
        "email": "xbbdfkjana@ya.ru",
        "name": "dMhoZejIey"
    }
}
HTTP/1.1 200 OK
Date: Sun, 30 Jun 2024 15:27:42 GMT
Content-Type: application/json; charset=utf-8
Transfer-Encoding: chunked
Connection: keep-alive
X-Powered-By: Express
Access-Control-Allow-Origin: *
ETag: W/"16d-WZ+AuIKelQDpzEnD/9pWtRSPO70"
CF-Cache-Status: DYNAMIC
Report-To: {"endpoints":[{"url":"https:\/\/a.nel.cloudflare.com\/report\/v4?s=B8gKnNxfTd2JzW0UWDP9%2FvfuVl1eY8i1uGNVq143W9hlYvX1jOO1kqefpee%2BAG5jIWdjvGa1kTa7hrY0SELCuAM8wvLG8mEvvu7eFIffftnlqrk3nEUSQj3dm0xnRb1QuS5jQvF3omJJ2c6e2YZIMijrKdw%3D"}],"group":"cf-nel","max_age":604800}
NEL: {"success_fraction":0,"report_to":"cf-nel","max_age":604800}
Server: cloudflare
CF-RAY: 89bf2e8f6c49652d-LHR
Content-Encoding: gzip
alt-svc: h3=":443"; ma=86400

{
    "success": true,
    "accessToken": "Bearer eyJhbGciOiJIUzI1NiIsInR5cCI6IkpXVCJ9.eyJpZCI6IjY2ODE3OTZkOWVkMjgwMDAxYjQ1OTYwOCIsImlhdCI6MTcxOTc2MTI2MiwiZXhwIjoxNzE5NzYyNDYyfQ.CiJkEcUCjLUl13BhkE-9kNao77E7ChpQI8ZcwCgRfOQ",
    "refreshToken": "719032100718c533b82bca7b76d861484cbe586dbf29a9a0f5de5948ad70380f0651aef960ac2d2a",
    "user": {
        "email": "xbbdfkjana@ya.ru",
        "name": "dMhoZejIey"
    }
}
HTTP/1.1 200 OK
Date: Sun, 30 Jun 2024 15:27:42 GMT
Content-Type: application/json; charset=utf-8
Transfer-Encoding: chunked
Connection: keep-alive
X-Powered-By: Express
Access-Control-Allow-Origin: *
ETag: W/"16d-WZ+AuIKelQDpzEnD/9pWtRSPO70"
CF-Cache-Status: DYNAMIC
Report-To: {"endpoints":[{"url":"https:\/\/a.nel.cloudflare.com\/report\/v4?s=B8gKnNxfTd2JzW0UWDP9%2FvfuVl1eY8i1uGNVq143W9hlYvX1jOO1kqefpee%2BAG5jIWdjvGa1kTa7hrY0SELCuAM8wvLG8mEvvu7eFIffftnlqrk3nEUSQj3dm0xnRb1QuS5jQvF3omJJ2c6e2YZIMijrKdw%3D"}],"group":"cf-nel","max_age":604800}
NEL: {"success_fraction":0,"report_to":"cf-nel","max_age":604800}
Server: cloudflare
CF-RAY: 89bf2e8f6c49652d-LHR
Content-Encoding: gzip
alt-svc: h3=":443"; ma=86400

{
    "success": true,
    "accessToken": "Bearer eyJhbGciOiJIUzI1NiIsInR5cCI6IkpXVCJ9.eyJpZCI6IjY2ODE3OTZkOWVkMjgwMDAxYjQ1OTYwOCIsImlhdCI6MTcxOTc2MTI2MiwiZXhwIjoxNzE5NzYyNDYyfQ.CiJkEcUCjLUl13BhkE-9kNao77E7ChpQI8ZcwCgRfOQ",
    "refreshToken": "719032100718c533b82bca7b76d861484cbe586dbf29a9a0f5de5948ad70380f0651aef960ac2d2a",
    "user": {
        "email": "xbbdfkjana@ya.ru",
        "name": "dMhoZejIey"
    }
}
HTTP/1.1 200 OK
Date: Sun, 30 Jun 2024 15:27:42 GMT
Content-Type: application/json; charset=utf-8
Transfer-Encoding: chunked
Connection: keep-alive
X-Powered-By: Express
Access-Control-Allow-Origin: *
ETag: W/"16d-WZ+AuIKelQDpzEnD/9pWtRSPO70"
CF-Cache-Status: DYNAMIC
Report-To: {"endpoints":[{"url":"https:\/\/a.nel.cloudflare.com\/report\/v4?s=B8gKnNxfTd2JzW0UWDP9%2FvfuVl1eY8i1uGNVq143W9hlYvX1jOO1kqefpee%2BAG5jIWdjvGa1kTa7hrY0SELCuAM8wvLG8mEvvu7eFIffftnlqrk3nEUSQj3dm0xnRb1QuS5jQvF3omJJ2c6e2YZIMijrKdw%3D"}],"group":"cf-nel","max_age":604800}
NEL: {"success_fraction":0,"report_to":"cf-nel","max_age":604800}
Server: cloudflare
CF-RAY: 89bf2e8f6c49652d-LHR
Content-Encoding: gzip
alt-svc: h3=":443"; ma=86400

{
    "success": true,
    "accessToken": "Bearer eyJhbGciOiJIUzI1NiIsInR5cCI6IkpXVCJ9.eyJpZCI6IjY2ODE3OTZkOWVkMjgwMDAxYjQ1OTYwOCIsImlhdCI6MTcxOTc2MTI2MiwiZXhwIjoxNzE5NzYyNDYyfQ.CiJkEcUCjLUl13BhkE-9kNao77E7ChpQI8ZcwCgRfOQ",
    "refreshToken": "719032100718c533b82bca7b76d861484cbe586dbf29a9a0f5de5948ad70380f0651aef960ac2d2a",
    "user": {
        "email": "xbbdfkjana@ya.ru",
        "name": "dMhoZejIey"
    }
}
HTTP/1.1 200 OK
Date: Sun, 30 Jun 2024 15:27:42 GMT
Content-Type: application/json; charset=utf-8
Transfer-Encoding: chunked
Connection: keep-alive
X-Powered-By: Express
Access-Control-Allow-Origin: *
ETag: W/"16d-WZ+AuIKelQDpzEnD/9pWtRSPO70"
CF-Cache-Status: DYNAMIC
Report-To: {"endpoints":[{"url":"https:\/\/a.nel.cloudflare.com\/report\/v4?s=B8gKnNxfTd2JzW0UWDP9%2FvfuVl1eY8i1uGNVq143W9hlYvX1jOO1kqefpee%2BAG5jIWdjvGa1kTa7hrY0SELCuAM8wvLG8mEvvu7eFIffftnlqrk3nEUSQj3dm0xnRb1QuS5jQvF3omJJ2c6e2YZIMijrKdw%3D"}],"group":"cf-nel","max_age":604800}
NEL: {"success_fraction":0,"report_to":"cf-nel","max_age":604800}
Server: cloudflare
CF-RAY: 89bf2e8f6c49652d-LHR
Content-Encoding: gzip
alt-svc: h3=":443"; ma=86400

{
    "success": true,
    "accessToken": "Bearer eyJhbGciOiJIUzI1NiIsInR5cCI6IkpXVCJ9.eyJpZCI6IjY2ODE3OTZkOWVkMjgwMDAxYjQ1OTYwOCIsImlhdCI6MTcxOTc2MTI2MiwiZXhwIjoxNzE5NzYyNDYyfQ.CiJkEcUCjLUl13BhkE-9kNao77E7ChpQI8ZcwCgRfOQ",
    "refreshToken": "719032100718c533b82bca7b76d861484cbe586dbf29a9a0f5de5948ad70380f0651aef960ac2d2a",
    "user": {
        "email": "xbbdfkjana@ya.ru",
        "name": "dMhoZejIey"
    }
}
HTTP/1.1 200 OK
Date: Sun, 30 Jun 2024 15:27:42 GMT
Content-Type: application/json; charset=utf-8
Transfer-Encoding: chunked
Connection: keep-alive
X-Powered-By: Express
Access-Control-Allow-Origin: *
ETag: W/"16d-WZ+AuIKelQDpzEnD/9pWtRSPO70"
CF-Cache-Status: DYNAMIC
Report-To: {"endpoints":[{"url":"https:\/\/a.nel.cloudflare.com\/report\/v4?s=B8gKnNxfTd2JzW0UWDP9%2FvfuVl1eY8i1uGNVq143W9hlYvX1jOO1kqefpee%2BAG5jIWdjvGa1kTa7hrY0SELCuAM8wvLG8mEvvu7eFIffftnlqrk3nEUSQj3dm0xnRb1QuS5jQvF3omJJ2c6e2YZIMijrKdw%3D"}],"group":"cf-nel","max_age":604800}
NEL: {"success_fraction":0,"report_to":"cf-nel","max_age":604800}
Server: cloudflare
CF-RAY: 89bf2e8f6c49652d-LHR
Content-Encoding: gzip
alt-svc: h3=":443"; ma=86400

{
    "success": true,
    "accessToken": "Bearer eyJhbGciOiJIUzI1NiIsInR5cCI6IkpXVCJ9.eyJpZCI6IjY2ODE3OTZkOWVkMjgwMDAxYjQ1OTYwOCIsImlhdCI6MTcxOTc2MTI2MiwiZXhwIjoxNzE5NzYyNDYyfQ.CiJkEcUCjLUl13BhkE-9kNao77E7ChpQI8ZcwCgRfOQ",
    "refreshToken": "719032100718c533b82bca7b76d861484cbe586dbf29a9a0f5de5948ad70380f0651aef960ac2d2a",
    "user": {
        "email": "xbbdfkjana@ya.ru",
        "name": "dMhoZejIey"
    }
}
HTTP/1.1 200 OK
Date: Sun, 30 Jun 2024 15:27:42 GMT
Content-Type: application/json; charset=utf-8
Transfer-Encoding: chunked
Connection: keep-alive
X-Powered-By: Express
Access-Control-Allow-Origin: *
ETag: W/"16d-WZ+AuIKelQDpzEnD/9pWtRSPO70"
CF-Cache-Status: DYNAMIC
Report-To: {"endpoints":[{"url":"https:\/\/a.nel.cloudflare.com\/report\/v4?s=B8gKnNxfTd2JzW0UWDP9%2FvfuVl1eY8i1uGNVq143W9hlYvX1jOO1kqefpee%2BAG5jIWdjvGa1kTa7hrY0SELCuAM8wvLG8mEvvu7eFIffftnlqrk3nEUSQj3dm0xnRb1QuS5jQvF3omJJ2c6e2YZIMijrKdw%3D"}],"group":"cf-nel","max_age":604800}
NEL: {"success_fraction":0,"report_to":"cf-nel","max_age":604800}
Server: cloudflare
CF-RAY: 89bf2e8f6c49652d-LHR
Content-Encoding: gzip
alt-svc: h3=":443"; ma=86400

{
    "success": true,
    "accessToken": "Bearer eyJhbGciOiJIUzI1NiIsInR5cCI6IkpXVCJ9.eyJpZCI6IjY2ODE3OTZkOWVkMjgwMDAxYjQ1OTYwOCIsImlhdCI6MTcxOTc2MTI2MiwiZXhwIjoxNzE5NzYyNDYyfQ.CiJkEcUCjLUl13BhkE-9kNao77E7ChpQI8ZcwCgRfOQ",
    "refreshToken": "719032100718c533b82bca7b76d861484cbe586dbf29a9a0f5de5948ad70380f0651aef960ac2d2a",
    "user": {
        "email": "xbbdfkjana@ya.ru",
        "name": "dMhoZejIey"
    }
}
HTTP/1.1 200 OK
Date: Sun, 30 Jun 2024 15:27:42 GMT
Content-Type: application/json; charset=utf-8
Transfer-Encoding: chunked
Connection: keep-alive
X-Powered-By: Express
Access-Control-Allow-Origin: *
ETag: W/"16d-WZ+AuIKelQDpzEnD/9pWtRSPO70"
CF-Cache-Status: DYNAMIC
Report-To: {"endpoints":[{"url":"https:\/\/a.nel.cloudflare.com\/report\/v4?s=B8gKnNxfTd2JzW0UWDP9%2FvfuVl1eY8i1uGNVq143W9hlYvX1jOO1kqefpee%2BAG5jIWdjvGa1kTa7hrY0SELCuAM8wvLG8mEvvu7eFIffftnlqrk3nEUSQj3dm0xnRb1QuS5jQvF3omJJ2c6e2YZIMijrKdw%3D"}],"group":"cf-nel","max_age":604800}
NEL: {"success_fraction":0,"report_to":"cf-nel","max_age":604800}
Server: cloudflare
CF-RAY: 89bf2e8f6c49652d-LHR
Content-Encoding: gzip
alt-svc: h3=":443"; ma=86400

{
    "success": true,
    "accessToken": "Bearer eyJhbGciOiJIUzI1NiIsInR5cCI6IkpXVCJ9.eyJpZCI6IjY2ODE3OTZkOWVkMjgwMDAxYjQ1OTYwOCIsImlhdCI6MTcxOTc2MTI2MiwiZXhwIjoxNzE5NzYyNDYyfQ.CiJkEcUCjLUl13BhkE-9kNao77E7ChpQI8ZcwCgRfOQ",
    "refreshToken": "719032100718c533b82bca7b76d861484cbe586dbf29a9a0f5de5948ad70380f0651aef960ac2d2a",
    "user": {
        "email": "xbbdfkjana@ya.ru",
        "name": "dMhoZejIey"
    }
}
HTTP/1.1 200 OK
Date: Sun, 30 Jun 2024 15:27:42 GMT
Content-Type: application/json; charset=utf-8
Transfer-Encoding: chunked
Connection: keep-alive
X-Powered-By: Express
Access-Control-Allow-Origin: *
ETag: W/"16d-WZ+AuIKelQDpzEnD/9pWtRSPO70"
CF-Cache-Status: DYNAMIC
Report-To: {"endpoints":[{"url":"https:\/\/a.nel.cloudflare.com\/report\/v4?s=B8gKnNxfTd2JzW0UWDP9%2FvfuVl1eY8i1uGNVq143W9hlYvX1jOO1kqefpee%2BAG5jIWdjvGa1kTa7hrY0SELCuAM8wvLG8mEvvu7eFIffftnlqrk3nEUSQj3dm0xnRb1QuS5jQvF3omJJ2c6e2YZIMijrKdw%3D"}],"group":"cf-nel","max_age":604800}
NEL: {"success_fraction":0,"report_to":"cf-nel","max_age":604800}
Server: cloudflare
CF-RAY: 89bf2e8f6c49652d-LHR
Content-Encoding: gzip
alt-svc: h3=":443"; ma=86400

{
    "success": true,
    "accessToken": "Bearer eyJhbGciOiJIUzI1NiIsInR5cCI6IkpXVCJ9.eyJpZCI6IjY2ODE3OTZkOWVkMjgwMDAxYjQ1OTYwOCIsImlhdCI6MTcxOTc2MTI2MiwiZXhwIjoxNzE5NzYyNDYyfQ.CiJkEcUCjLUl13BhkE-9kNao77E7ChpQI8ZcwCgRfOQ",
    "refreshToken": "719032100718c533b82bca7b76d861484cbe586dbf29a9a0f5de5948ad70380f0651aef960ac2d2a",
    "user": {
        "email": "xbbdfkjana@ya.ru",
        "name": "dMhoZejIey"
    }
}
HTTP/1.1 200 OK
Date: Sun, 30 Jun 2024 15:27:42 GMT
Content-Type: application/json; charset=utf-8
Transfer-Encoding: chunked
Connection: keep-alive
X-Powered-By: Express
Access-Control-Allow-Origin: *
ETag: W/"16d-WZ+AuIKelQDpzEnD/9pWtRSPO70"
CF-Cache-Status: DYNAMIC
Report-To: {"endpoints":[{"url":"https:\/\/a.nel.cloudflare.com\/report\/v4?s=B8gKnNxfTd2JzW0UWDP9%2FvfuVl1eY8i1uGNVq143W9hlYvX1jOO1kqefpee%2BAG5jIWdjvGa1kTa7hrY0SELCuAM8wvLG8mEvvu7eFIffftnlqrk3nEUSQj3dm0xnRb1QuS5jQvF3omJJ2c6e2YZIMijrKdw%3D"}],"group":"cf-nel","max_age":604800}
NEL: {"success_fraction":0,"report_to":"cf-nel","max_age":604800}
Server: cloudflare
CF-RAY: 89bf2e8f6c49652d-LHR
Content-Encoding: gzip
alt-svc: h3=":443"; ma=86400

{
    "success": true,
    "accessToken": "Bearer eyJhbGciOiJIUzI1NiIsInR5cCI6IkpXVCJ9.eyJpZCI6IjY2ODE3OTZkOWVkMjgwMDAxYjQ1OTYwOCIsImlhdCI6MTcxOTc2MTI2MiwiZXhwIjoxNzE5NzYyNDYyfQ.CiJkEcUCjLUl13BhkE-9kNao77E7ChpQI8ZcwCgRfOQ",
    "refreshToken": "719032100718c533b82bca7b76d861484cbe586dbf29a9a0f5de5948ad70380f0651aef960ac2d2a",
    "user": {
        "email": "xbbdfkjana@ya.ru",
        "name": "dMhoZejIey"
    }
}
HTTP/1.1 200 OK
Date: Sun, 30 Jun 2024 15:27:42 GMT
Content-Type: application/json; charset=utf-8
Transfer-Encoding: chunked
Connection: keep-alive
X-Powered-By: Express
Access-Control-Allow-Origin: *
ETag: W/"16d-WZ+AuIKelQDpzEnD/9pWtRSPO70"
CF-Cache-Status: DYNAMIC
Report-To: {"endpoints":[{"url":"https:\/\/a.nel.cloudflare.com\/report\/v4?s=B8gKnNxfTd2JzW0UWDP9%2FvfuVl1eY8i1uGNVq143W9hlYvX1jOO1kqefpee%2BAG5jIWdjvGa1kTa7hrY0SELCuAM8wvLG8mEvvu7eFIffftnlqrk3nEUSQj3dm0xnRb1QuS5jQvF3omJJ2c6e2YZIMijrKdw%3D"}],"group":"cf-nel","max_age":604800}
NEL: {"success_fraction":0,"report_to":"cf-nel","max_age":604800}
Server: cloudflare
CF-RAY: 89bf2e8f6c49652d-LHR
Content-Encoding: gzip
alt-svc: h3=":443"; ma=86400

{
    "success": true,
    "accessToken": "Bearer eyJhbGciOiJIUzI1NiIsInR5cCI6IkpXVCJ9.eyJpZCI6IjY2ODE3OTZkOWVkMjgwMDAxYjQ1OTYwOCIsImlhdCI6MTcxOTc2MTI2MiwiZXhwIjoxNzE5NzYyNDYyfQ.CiJkEcUCjLUl13BhkE-9kNao77E7ChpQI8ZcwCgRfOQ",
    "refreshToken": "719032100718c533b82bca7b76d861484cbe586dbf29a9a0f5de5948ad70380f0651aef960ac2d2a",
    "user": {
        "email": "xbbdfkjana@ya.ru",
        "name": "dMhoZejIey"
    }
}
HTTP/1.1 200 OK
Date: Sun, 30 Jun 2024 15:27:42 GMT
Content-Type: application/json; charset=utf-8
Transfer-Encoding: chunked
Connection: keep-alive
X-Powered-By: Express
Access-Control-Allow-Origin: *
ETag: W/"16d-WZ+AuIKelQDpzEnD/9pWtRSPO70"
CF-Cache-Status: DYNAMIC
Report-To: {"endpoints":[{"url":"https:\/\/a.nel.cloudflare.com\/report\/v4?s=B8gKnNxfTd2JzW0UWDP9%2FvfuVl1eY8i1uGNVq143W9hlYvX1jOO1kqefpee%2BAG5jIWdjvGa1kTa7hrY0SELCuAM8wvLG8mEvvu7eFIffftnlqrk3nEUSQj3dm0xnRb1QuS5jQvF3omJJ2c6e2YZIMijrKdw%3D"}],"group":"cf-nel","max_age":604800}
NEL: {"success_fraction":0,"report_to":"cf-nel","max_age":604800}
Server: cloudflare
CF-RAY: 89bf2e8f6c49652d-LHR
Content-Encoding: gzip
alt-svc: h3=":443"; ma=86400

{
    "success": true,
    "accessToken": "Bearer eyJhbGciOiJIUzI1NiIsInR5cCI6IkpXVCJ9.eyJpZCI6IjY2ODE3OTZkOWVkMjgwMDAxYjQ1OTYwOCIsImlhdCI6MTcxOTc2MTI2MiwiZXhwIjoxNzE5NzYyNDYyfQ.CiJkEcUCjLUl13BhkE-9kNao77E7ChpQI8ZcwCgRfOQ",
    "refreshToken": "719032100718c533b82bca7b76d861484cbe586dbf29a9a0f5de5948ad70380f0651aef960ac2d2a",
    "user": {
        "email": "xbbdfkjana@ya.ru",
        "name": "dMhoZejIey"
    }
}
HTTP/1.1 200 OK
Date: Sun, 30 Jun 2024 15:27:42 GMT
Content-Type: application/json; charset=utf-8
Transfer-Encoding: chunked
Connection: keep-alive
X-Powered-By: Express
Access-Control-Allow-Origin: *
ETag: W/"16d-WZ+AuIKelQDpzEnD/9pWtRSPO70"
CF-Cache-Status: DYNAMIC
Report-To: {"endpoints":[{"url":"https:\/\/a.nel.cloudflare.com\/report\/v4?s=B8gKnNxfTd2JzW0UWDP9%2FvfuVl1eY8i1uGNVq143W9hlYvX1jOO1kqefpee%2BAG5jIWdjvGa1kTa7hrY0SELCuAM8wvLG8mEvvu7eFIffftnlqrk3nEUSQj3dm0xnRb1QuS5jQvF3omJJ2c6e2YZIMijrKdw%3D"}],"group":"cf-nel","max_age":604800}
NEL: {"success_fraction":0,"report_to":"cf-nel","max_age":604800}
Server: cloudflare
CF-RAY: 89bf2e8f6c49652d-LHR
Content-Encoding: gzip
alt-svc: h3=":443"; ma=86400

{
    "success": true,
    "accessToken": "Bearer eyJhbGciOiJIUzI1NiIsInR5cCI6IkpXVCJ9.eyJpZCI6IjY2ODE3OTZkOWVkMjgwMDAxYjQ1OTYwOCIsImlhdCI6MTcxOTc2MTI2MiwiZXhwIjoxNzE5NzYyNDYyfQ.CiJkEcUCjLUl13BhkE-9kNao77E7ChpQI8ZcwCgRfOQ",
    "refreshToken": "719032100718c533b82bca7b76d861484cbe586dbf29a9a0f5de5948ad70380f0651aef960ac2d2a",
    "user": {
        "email": "xbbdfkjana@ya.ru",
        "name": "dMhoZejIey"
    }
}
HTTP/1.1 200 OK
Date: Sun, 30 Jun 2024 15:27:42 GMT
Content-Type: application/json; charset=utf-8
Transfer-Encoding: chunked
Connection: keep-alive
X-Powered-By: Express
Access-Control-Allow-Origin: *
ETag: W/"16d-WZ+AuIKelQDpzEnD/9pWtRSPO70"
CF-Cache-Status: DYNAMIC
Report-To: {"endpoints":[{"url":"https:\/\/a.nel.cloudflare.com\/report\/v4?s=B8gKnNxfTd2JzW0UWDP9%2FvfuVl1eY8i1uGNVq143W9hlYvX1jOO1kqefpee%2BAG5jIWdjvGa1kTa7hrY0SELCuAM8wvLG8mEvvu7eFIffftnlqrk3nEUSQj3dm0xnRb1QuS5jQvF3omJJ2c6e2YZIMijrKdw%3D"}],"group":"cf-nel","max_age":604800}
NEL: {"success_fraction":0,"report_to":"cf-nel","max_age":604800}
Server: cloudflare
CF-RAY: 89bf2e8f6c49652d-LHR
Content-Encoding: gzip
alt-svc: h3=":443"; ma=86400

{
    "success": true,
    "accessToken": "Bearer eyJhbGciOiJIUzI1NiIsInR5cCI6IkpXVCJ9.eyJpZCI6IjY2ODE3OTZkOWVkMjgwMDAxYjQ1OTYwOCIsImlhdCI6MTcxOTc2MTI2MiwiZXhwIjoxNzE5NzYyNDYyfQ.CiJkEcUCjLUl13BhkE-9kNao77E7ChpQI8ZcwCgRfOQ",
    "refreshToken": "719032100718c533b82bca7b76d861484cbe586dbf29a9a0f5de5948ad70380f0651aef960ac2d2a",
    "user": {
        "email": "xbbdfkjana@ya.ru",
        "name": "dMhoZejIey"
    }
}
HTTP/1.1 200 OK
Date: Sun, 30 Jun 2024 15:27:42 GMT
Content-Type: application/json; charset=utf-8
Transfer-Encoding: chunked
Connection: keep-alive
X-Powered-By: Express
Access-Control-Allow-Origin: *
ETag: W/"16d-WZ+AuIKelQDpzEnD/9pWtRSPO70"
CF-Cache-Status: DYNAMIC
Report-To: {"endpoints":[{"url":"https:\/\/a.nel.cloudflare.com\/report\/v4?s=B8gKnNxfTd2JzW0UWDP9%2FvfuVl1eY8i1uGNVq143W9hlYvX1jOO1kqefpee%2BAG5jIWdjvGa1kTa7hrY0SELCuAM8wvLG8mEvvu7eFIffftnlqrk3nEUSQj3dm0xnRb1QuS5jQvF3omJJ2c6e2YZIMijrKdw%3D"}],"group":"cf-nel","max_age":604800}
NEL: {"success_fraction":0,"report_to":"cf-nel","max_age":604800}
Server: cloudflare
CF-RAY: 89bf2e8f6c49652d-LHR
Content-Encoding: gzip
alt-svc: h3=":443"; ma=86400

{
    "success": true,
    "accessToken": "Bearer eyJhbGciOiJIUzI1NiIsInR5cCI6IkpXVCJ9.eyJpZCI6IjY2ODE3OTZkOWVkMjgwMDAxYjQ1OTYwOCIsImlhdCI6MTcxOTc2MTI2MiwiZXhwIjoxNzE5NzYyNDYyfQ.CiJkEcUCjLUl13BhkE-9kNao77E7ChpQI8ZcwCgRfOQ",
    "refreshToken": "719032100718c533b82bca7b76d861484cbe586dbf29a9a0f5de5948ad70380f0651aef960ac2d2a",
    "user": {
        "email": "xbbdfkjana@ya.ru",
        "name": "dMhoZejIey"
    }
}
HTTP/1.1 200 OK
Date: Sun, 30 Jun 2024 15:27:42 GMT
Content-Type: application/json; charset=utf-8
Transfer-Encoding: chunked
Connection: keep-alive
X-Powered-By: Express
Access-Control-Allow-Origin: *
ETag: W/"16d-WZ+AuIKelQDpzEnD/9pWtRSPO70"
CF-Cache-Status: DYNAMIC
Report-To: {"endpoints":[{"url":"https:\/\/a.nel.cloudflare.com\/report\/v4?s=B8gKnNxfTd2JzW0UWDP9%2FvfuVl1eY8i1uGNVq143W9hlYvX1jOO1kqefpee%2BAG5jIWdjvGa1kTa7hrY0SELCuAM8wvLG8mEvvu7eFIffftnlqrk3nEUSQj3dm0xnRb1QuS5jQvF3omJJ2c6e2YZIMijrKdw%3D"}],"group":"cf-nel","max_age":604800}
NEL: {"success_fraction":0,"report_to":"cf-nel","max_age":604800}
Server: cloudflare
CF-RAY: 89bf2e8f6c49652d-LHR
Content-Encoding: gzip
alt-svc: h3=":443"; ma=86400

{
    "success": true,
    "accessToken": "Bearer eyJhbGciOiJIUzI1NiIsInR5cCI6IkpXVCJ9.eyJpZCI6IjY2ODE3OTZkOWVkMjgwMDAxYjQ1OTYwOCIsImlhdCI6MTcxOTc2MTI2MiwiZXhwIjoxNzE5NzYyNDYyfQ.CiJkEcUCjLUl13BhkE-9kNao77E7ChpQI8ZcwCgRfOQ",
    "refreshToken": "719032100718c533b82bca7b76d861484cbe586dbf29a9a0f5de5948ad70380f0651aef960ac2d2a",
    "user": {
        "email": "xbbdfkjana@ya.ru",
        "name": "dMhoZejIey"
    }
}
HTTP/1.1 200 OK
Date: Sun, 30 Jun 2024 15:27:42 GMT
Content-Type: application/json; charset=utf-8
Transfer-Encoding: chunked
Connection: keep-alive
X-Powered-By: Express
Access-Control-Allow-Origin: *
ETag: W/"16d-WZ+AuIKelQDpzEnD/9pWtRSPO70"
CF-Cache-Status: DYNAMIC
Report-To: {"endpoints":[{"url":"https:\/\/a.nel.cloudflare.com\/report\/v4?s=B8gKnNxfTd2JzW0UWDP9%2FvfuVl1eY8i1uGNVq143W9hlYvX1jOO1kqefpee%2BAG5jIWdjvGa1kTa7hrY0SELCuAM8wvLG8mEvvu7eFIffftnlqrk3nEUSQj3dm0xnRb1QuS5jQvF3omJJ2c6e2YZIMijrKdw%3D"}],"group":"cf-nel","max_age":604800}
NEL: {"success_fraction":0,"report_to":"cf-nel","max_age":604800}
Server: cloudflare
CF-RAY: 89bf2e8f6c49652d-LHR
Content-Encoding: gzip
alt-svc: h3=":443"; ma=86400

{
    "success": true,
    "accessToken": "Bearer eyJhbGciOiJIUzI1NiIsInR5cCI6IkpXVCJ9.eyJpZCI6IjY2ODE3OTZkOWVkMjgwMDAxYjQ1OTYwOCIsImlhdCI6MTcxOTc2MTI2MiwiZXhwIjoxNzE5NzYyNDYyfQ.CiJkEcUCjLUl13BhkE-9kNao77E7ChpQI8ZcwCgRfOQ",
    "refreshToken": "719032100718c533b82bca7b76d861484cbe586dbf29a9a0f5de5948ad70380f0651aef960ac2d2a",
    "user": {
        "email": "xbbdfkjana@ya.ru",
        "name": "dMhoZejIey"
    }
}
HTTP/1.1 200 OK
Date: Sun, 30 Jun 2024 15:27:42 GMT
Content-Type: application/json; charset=utf-8
Transfer-Encoding: chunked
Connection: keep-alive
X-Powered-By: Express
Access-Control-Allow-Origin: *
ETag: W/"16d-WZ+AuIKelQDpzEnD/9pWtRSPO70"
CF-Cache-Status: DYNAMIC
Report-To: {"endpoints":[{"url":"https:\/\/a.nel.cloudflare.com\/report\/v4?s=B8gKnNxfTd2JzW0UWDP9%2FvfuVl1eY8i1uGNVq143W9hlYvX1jOO1kqefpee%2BAG5jIWdjvGa1kTa7hrY0SELCuAM8wvLG8mEvvu7eFIffftnlqrk3nEUSQj3dm0xnRb1QuS5jQvF3omJJ2c6e2YZIMijrKdw%3D"}],"group":"cf-nel","max_age":604800}
NEL: {"success_fraction":0,"report_to":"cf-nel","max_age":604800}
Server: cloudflare
CF-RAY: 89bf2e8f6c49652d-LHR
Content-Encoding: gzip
alt-svc: h3=":443"; ma=86400

{
    "success": true,
    "accessToken": "Bearer eyJhbGciOiJIUzI1NiIsInR5cCI6IkpXVCJ9.eyJpZCI6IjY2ODE3OTZkOWVkMjgwMDAxYjQ1OTYwOCIsImlhdCI6MTcxOTc2MTI2MiwiZXhwIjoxNzE5NzYyNDYyfQ.CiJkEcUCjLUl13BhkE-9kNao77E7ChpQI8ZcwCgRfOQ",
    "refreshToken": "719032100718c533b82bca7b76d861484cbe586dbf29a9a0f5de5948ad70380f0651aef960ac2d2a",
    "user": {
        "email": "xbbdfkjana@ya.ru",
        "name": "dMhoZejIey"
    }
}
HTTP/1.1 200 OK
Date: Sun, 30 Jun 2024 15:27:42 GMT
Content-Type: application/json; charset=utf-8
Transfer-Encoding: chunked
Connection: keep-alive
X-Powered-By: Express
Access-Control-Allow-Origin: *
ETag: W/"16d-WZ+AuIKelQDpzEnD/9pWtRSPO70"
CF-Cache-Status: DYNAMIC
Report-To: {"endpoints":[{"url":"https:\/\/a.nel.cloudflare.com\/report\/v4?s=B8gKnNxfTd2JzW0UWDP9%2FvfuVl1eY8i1uGNVq143W9hlYvX1jOO1kqefpee%2BAG5jIWdjvGa1kTa7hrY0SELCuAM8wvLG8mEvvu7eFIffftnlqrk3nEUSQj3dm0xnRb1QuS5jQvF3omJJ2c6e2YZIMijrKdw%3D"}],"group":"cf-nel","max_age":604800}
NEL: {"success_fraction":0,"report_to":"cf-nel","max_age":604800}
Server: cloudflare
CF-RAY: 89bf2e8f6c49652d-LHR
Content-Encoding: gzip
alt-svc: h3=":443"; ma=86400

{
    "success": true,
    "accessToken": "Bearer eyJhbGciOiJIUzI1NiIsInR5cCI6IkpXVCJ9.eyJpZCI6IjY2ODE3OTZkOWVkMjgwMDAxYjQ1OTYwOCIsImlhdCI6MTcxOTc2MTI2MiwiZXhwIjoxNzE5NzYyNDYyfQ.CiJkEcUCjLUl13BhkE-9kNao77E7ChpQI8ZcwCgRfOQ",
    "refreshToken": "719032100718c533b82bca7b76d861484cbe586dbf29a9a0f5de5948ad70380f0651aef960ac2d2a",
    "user": {
        "email": "xbbdfkjana@ya.ru",
        "name": "dMhoZejIey"
    }
}
Request method:	GET
Request URI:	https://stellarburgers.nomoreparties.site/api/ingredients
Proxy:			<none>
Request params:	<none>
Query params:	<none>
Form params:	<none>
Path params:	<none>
Headers:		Accept=*/*
				Content-Type=application/json
Cookies:		<none>
Multiparts:		<none>
Body:			<none>
Request method:	GET
Request URI:	https://stellarburgers.nomoreparties.site/api/ingredients
Proxy:			<none>
Request params:	<none>
Query params:	<none>
Form params:	<none>
Path params:	<none>
Headers:		Accept=*/*
				Content-Type=application/json
Cookies:		<none>
Multiparts:		<none>
Body:			<none>
Request method:	GET
Request URI:	https://stellarburgers.nomoreparties.site/api/ingredients
Proxy:			<none>
Request params:	<none>
Query params:	<none>
Form params:	<none>
Path params:	<none>
Headers:		Accept=*/*
				Content-Type=application/json
Cookies:		<none>
Multiparts:		<none>
Body:			<none>
Request method:	GET
Request URI:	https://stellarburgers.nomoreparties.site/api/ingredients
Proxy:			<none>
Request params:	<none>
Query params:	<none>
Form params:	<none>
Path params:	<none>
Headers:		Accept=*/*
				Content-Type=application/json
Cookies:		<none>
Multiparts:		<none>
Body:			<none>
Request method:	GET
Request URI:	https://stellarburgers.nomoreparties.site/api/ingredients
Proxy:			<none>
Request params:	<none>
Query params:	<none>
Form params:	<none>
Path params:	<none>
Headers:		Accept=*/*
				Content-Type=application/json
Cookies:		<none>
Multiparts:		<none>
Body:			<none>
Request method:	GET
Request URI:	https://stellarburgers.nomoreparties.site/api/ingredients
Proxy:			<none>
Request params:	<none>
Query params:	<none>
Form params:	<none>
Path params:	<none>
Headers:		Accept=*/*
				Content-Type=application/json
Cookies:		<none>
Multiparts:		<none>
Body:			<none>
Request method:	GET
Request URI:	https://stellarburgers.nomoreparties.site/api/ingredients
Proxy:			<none>
Request params:	<none>
Query params:	<none>
Form params:	<none>
Path params:	<none>
Headers:		Accept=*/*
				Content-Type=application/json
Cookies:		<none>
Multiparts:		<none>
Body:			<none>
Request method:	GET
Request URI:	https://stellarburgers.nomoreparties.site/api/ingredients
Proxy:			<none>
Request params:	<none>
Query params:	<none>
Form params:	<none>
Path params:	<none>
Headers:		Accept=*/*
				Content-Type=application/json
Cookies:		<none>
Multiparts:		<none>
Body:			<none>
Request method:	GET
Request URI:	https://stellarburgers.nomoreparties.site/api/ingredients
Proxy:			<none>
Request params:	<none>
Query params:	<none>
Form params:	<none>
Path params:	<none>
Headers:		Accept=*/*
				Content-Type=application/json
Cookies:		<none>
Multiparts:		<none>
Body:			<none>
Request method:	GET
Request URI:	https://stellarburgers.nomoreparties.site/api/ingredients
Proxy:			<none>
Request params:	<none>
Query params:	<none>
Form params:	<none>
Path params:	<none>
Headers:		Accept=*/*
				Content-Type=application/json
Cookies:		<none>
Multiparts:		<none>
Body:			<none>
Request method:	GET
Request URI:	https://stellarburgers.nomoreparties.site/api/ingredients
Proxy:			<none>
Request params:	<none>
Query params:	<none>
Form params:	<none>
Path params:	<none>
Headers:		Accept=*/*
				Content-Type=application/json
Cookies:		<none>
Multiparts:		<none>
Body:			<none>
Request method:	GET
Request URI:	https://stellarburgers.nomoreparties.site/api/ingredients
Proxy:			<none>
Request params:	<none>
Query params:	<none>
Form params:	<none>
Path params:	<none>
Headers:		Accept=*/*
				Content-Type=application/json
Cookies:		<none>
Multiparts:		<none>
Body:			<none>
Request method:	GET
Request URI:	https://stellarburgers.nomoreparties.site/api/ingredients
Proxy:			<none>
Request params:	<none>
Query params:	<none>
Form params:	<none>
Path params:	<none>
Headers:		Accept=*/*
				Content-Type=application/json
Cookies:		<none>
Multiparts:		<none>
Body:			<none>
Request method:	GET
Request URI:	https://stellarburgers.nomoreparties.site/api/ingredients
Proxy:			<none>
Request params:	<none>
Query params:	<none>
Form params:	<none>
Path params:	<none>
Headers:		Accept=*/*
				Content-Type=application/json
Cookies:		<none>
Multiparts:		<none>
Body:			<none>
Request method:	GET
Request URI:	https://stellarburgers.nomoreparties.site/api/ingredients
Proxy:			<none>
Request params:	<none>
Query params:	<none>
Form params:	<none>
Path params:	<none>
Headers:		Accept=*/*
				Content-Type=application/json
Cookies:		<none>
Multiparts:		<none>
Body:			<none>
Request method:	GET
Request URI:	https://stellarburgers.nomoreparties.site/api/ingredients
Proxy:			<none>
Request params:	<none>
Query params:	<none>
Form params:	<none>
Path params:	<none>
Headers:		Accept=*/*
				Content-Type=application/json
Cookies:		<none>
Multiparts:		<none>
Body:			<none>
Request method:	GET
Request URI:	https://stellarburgers.nomoreparties.site/api/ingredients
Proxy:			<none>
Request params:	<none>
Query params:	<none>
Form params:	<none>
Path params:	<none>
Headers:		Accept=*/*
				Content-Type=application/json
Cookies:		<none>
Multiparts:		<none>
Body:			<none>
Request method:	GET
Request URI:	https://stellarburgers.nomoreparties.site/api/ingredients
Proxy:			<none>
Request params:	<none>
Query params:	<none>
Form params:	<none>
Path params:	<none>
Headers:		Accept=*/*
				Content-Type=application/json
Cookies:		<none>
Multiparts:		<none>
Body:			<none>
Request method:	GET
Request URI:	https://stellarburgers.nomoreparties.site/api/ingredients
Proxy:			<none>
Request params:	<none>
Query params:	<none>
Form params:	<none>
Path params:	<none>
Headers:		Accept=*/*
				Content-Type=application/json
Cookies:		<none>
Multiparts:		<none>
Body:			<none>
Request method:	GET
Request URI:	https://stellarburgers.nomoreparties.site/api/ingredients
Proxy:			<none>
Request params:	<none>
Query params:	<none>
Form params:	<none>
Path params:	<none>
Headers:		Accept=*/*
				Content-Type=application/json
Cookies:		<none>
Multiparts:		<none>
Body:			<none>
Request method:	GET
Request URI:	https://stellarburgers.nomoreparties.site/api/ingredients
Proxy:			<none>
Request params:	<none>
Query params:	<none>
Form params:	<none>
Path params:	<none>
Headers:		Accept=*/*
				Content-Type=application/json
Cookies:		<none>
Multiparts:		<none>
Body:			<none>
HTTP/1.1 200 OK
Date: Sun, 30 Jun 2024 15:27:42 GMT
Content-Type: application/json; charset=utf-8
Transfer-Encoding: chunked
Connection: keep-alive
X-Powered-By: Express
Access-Control-Allow-Origin: *
ETag: W/"1745-LHZ7D8kBZWcbCGljCoPXtjB5CeA"
CF-Cache-Status: DYNAMIC
Report-To: {"endpoints":[{"url":"https:\/\/a.nel.cloudflare.com\/report\/v4?s=fjBTlJu04GsfzDpgH9157GyMYWoW9zBLGDoEO6KZsJoJmbHkYjvfrS4NCqjOytagm6q4aXuwHrSH%2BYYTP2WSanN2aUSjgc7TiLSaVol%2Bi1bdpulczyC4qx6fkmwLL9oyQnEzi1bh2pOAmEUpnqK%2B%2FRBhOD4%3D"}],"group":"cf-nel","max_age":604800}
NEL: {"success_fraction":0,"report_to":"cf-nel","max_age":604800}
Server: cloudflare
CF-RAY: 89bf2e912e5e9d9d-DME
Content-Encoding: gzip
alt-svc: h3=":443"; ma=86400

{
    "success": true,
    "data": [
        {
            "_id": "61c0c5a71d1f82001bdaaa6d",
            "name": "Флюоресцентная булка R2-D3",
            "type": "bun",
            "proteins": 44,
            "fat": 26,
            "carbohydrates": 85,
            "calories": 643,
            "price": 988,
            "image": "https://code.s3.yandex.net/react/code/bun-01.png",
            "image_mobile": "https://code.s3.yandex.net/react/code/bun-01-mobile.png",
            "image_large": "https://code.s3.yandex.net/react/code/bun-01-large.png",
            "__v": 0
        },
        {
            "_id": "61c0c5a71d1f82001bdaaa6f",
            "name": "Мясо бессмертных моллюсков Protostomia",
            "type": "main",
            "proteins": 433,
            "fat": 244,
            "carbohydrates": 33,
            "calories": 420,
            "price": 1337,
            "image": "https://code.s3.yandex.net/react/code/meat-02.png",
            "image_mobile": "https://code.s3.yandex.net/react/code/meat-02-mobile.png",
            "image_large": "https://code.s3.yandex.net/react/code/meat-02-large.png",
            "__v": 0
        },
        {
            "_id": "61c0c5a71d1f82001bdaaa70",
            "name": "Говяжий метеорит (отбивная)",
            "type": "main",
            "proteins": 800,
            "fat": 800,
            "carbohydrates": 300,
            "calories": 2674,
            "price": 3000,
            "image": "https://code.s3.yandex.net/react/code/meat-04.png",
            "image_mobile": "https://code.s3.yandex.net/react/code/meat-04-mobile.png",
            "image_large": "https://code.s3.yandex.net/react/code/meat-04-large.png",
            "__v": 0
        },
        {
            "_id": "61c0c5a71d1f82001bdaaa71",
            "name": "Биокотлета из марсианской Магнолии",
            "type": "main",
            "proteins": 420,
            "fat": 142,
            "carbohydrates": 242,
            "calories": 4242,
            "price": 424,
            "image": "https://code.s3.yandex.net/react/code/meat-01.png",
            "image_mobile": "https://code.s3.yandex.net/react/code/meat-01-mobile.png",
            "image_large": "https://code.s3.yandex.net/react/code/meat-01-large.png",
            "__v": 0
        },
        {
            "_id": "61c0c5a71d1f82001bdaaa72",
            "name": "Соус Spicy-X",
            "type": "sauce",
            "proteins": 30,
            "fat": 20,
            "carbohydrates": 40,
            "calories": 30,
            "price": 90,
            "image": "https://code.s3.yandex.net/react/code/sauce-02.png",
            "image_mobile": "https://code.s3.yandex.net/react/code/sauce-02-mobile.png",
            "image_large": "https://code.s3.yandex.net/react/code/sauce-02-large.png",
            "__v": 0
        },
        {
            "_id": "61c0c5a71d1f82001bdaaa6e",
            "name": "Филе Люминесцентного тетраодонтимформа",
            "type": "main",
            "proteins": 44,
            "fat": 26,
            "carbohydrates": 85,
            "calories": 643,
            "price": 988,
            "image": "https://code.s3.yandex.net/react/code/meat-03.png",
            "image_mobile": "https://code.s3.yandex.net/react/code/meat-03-mobile.png",
            "image_large": "https://code.s3.yandex.net/react/code/meat-03-large.png",
            "__v": 0
        },
        {
            "_id": "61c0c5a71d1f82001bdaaa73",
            "name": "Соус фирменный Space Sauce",
            "type": "sauce",
            "proteins": 50,
            "fat": 22,
            "carbohydrates": 11,
            "calories": 14,
            "price": 80,
            "image": "https://code.s3.yandex.net/react/code/sauce-04.png",
            "image_mobile": "https://code.s3.yandex.net/react/code/sauce-04-mobile.png",
            "image_large": "https://code.s3.yandex.net/react/code/sauce-04-large.png",
            "__v": 0
        },
        {
            "_id": "61c0c5a71d1f82001bdaaa74",
            "name": "Соус традиционный галактический",
            "type": "sauce",
            "proteins": 42,
            "fat": 24,
            "carbohydrates": 42,
            "calories": 99,
            "price": 15,
            "image": "https://code.s3.yandex.net/react/code/sauce-03.png",
            "image_mobile": "https://code.s3.yandex.net/react/code/sauce-03-mobile.png",
            "image_large": "https://code.s3.yandex.net/react/code/sauce-03-large.png",
            "__v": 0
        },
        {
            "_id": "61c0c5a71d1f82001bdaaa6c",
            "name": "Краторная булка N-200i",
            "type": "bun",
            "proteins": 80,
            "fat": 24,
            "carbohydrates": 53,
            "calories": 420,
            "price": 1255,
            "image": "https://code.s3.yandex.net/react/code/bun-02.png",
            "image_mobile": "https://code.s3.yandex.net/react/code/bun-02-mobile.png",
            "image_large": "https://code.s3.yandex.net/react/code/bun-02-large.png",
            "__v": 0
        },
        {
            "_id": "61c0c5a71d1f82001bdaaa75",
            "name": "Соус с шипами Антарианского плоскоходца",
            "type": "sauce",
            "proteins": 101,
            "fat": 99,
            "carbohydrates": 100,
            "calories": 100,
            "price": 88,
            "image": "https://code.s3.yandex.net/react/code/sauce-01.png",
            "image_mobile": "https://code.s3.yandex.net/react/code/sauce-01-mobile.png",
            "image_large": "https://code.s3.yandex.net/react/code/sauce-01-large.png",
            "__v": 0
        },
        {
            "_id": "61c0c5a71d1f82001bdaaa76",
            "name": "Хрустящие минеральные кольца",
            "type": "main",
            "proteins": 808,
            "fat": 689,
            "carbohydrates": 609,
            "calories": 986,
            "price": 300,
            "image": "https://code.s3.yandex.net/react/code/mineral_rings.png",
            "image_mobile": "https://code.s3.yandex.net/react/code/mineral_rings-mobile.png",
            "image_large": "https://code.s3.yandex.net/react/code/mineral_rings-large.png",
            "__v": 0
        },
        {
            "_id": "61c0c5a71d1f82001bdaaa77",
            "name": "Плоды Фалленианского дерева",
            "type": "main",
            "proteins": 20,
            "fat": 5,
            "carbohydrates": 55,
            "calories": 77,
            "price": 874,
            "image": "https://code.s3.yandex.net/react/code/sp_1.png",
            "image_mobile": "https://code.s3.yandex.net/react/code/sp_1-mobile.png",
            "image_large": "https://code.s3.yandex.net/react/code/sp_1-large.png",
            "__v": 0
        },
        {
            "_id": "61c0c5a71d1f82001bdaaa78",
            "name": "Кристаллы марсианских альфа-сахаридов",
            "type": "main",
            "proteins": 234,
            "fat": 432,
            "carbohydrates": 111,
            "calories": 189,
            "price": 762,
            "image": "https://code.s3.yandex.net/react/code/core.png",
            "image_mobile": "https://code.s3.yandex.net/react/code/core-mobile.png",
            "image_large": "https://code.s3.yandex.net/react/code/core-large.png",
            "__v": 0
        },
        {
            "_id": "61c0c5a71d1f82001bdaaa79",
            "name": "Мини-салат Экзо-Плантаго",
            "type": "main",
            "proteins": 1,
            "fat": 2,
            "carbohydrates": 3,
            "calories": 6,
            "price": 4400,
            "image": "https://code.s3.yandex.net/react/code/salad.png",
            "image_mobile": "https://code.s3.yandex.net/react/code/salad-mobile.png",
            "image_large": "https://code.s3.yandex.net/react/code/salad-large.png",
            "__v": 0
        },
        {
            "_id": "61c0c5a71d1f82001bdaaa7a",
            "name": "Сыр с астероидной плесенью",
            "type": "main",
            "proteins": 84,
            "fat": 48,
            "carbohydrates": 420,
            "calories": 3377,
            "price": 4142,
            "image": "https://code.s3.yandex.net/react/code/cheese.png",
            "image_mobile": "https://code.s3.yandex.net/react/code/cheese-mobile.png",
            "image_large": "https://code.s3.yandex.net/react/code/cheese-large.png",
            "__v": 0
        }
    ]
}
HTTP/1.1 200 OK
Date: Sun, 30 Jun 2024 15:27:42 GMT
Content-Type: application/json; charset=utf-8
Transfer-Encoding: chunked
Connection: keep-alive
X-Powered-By: Express
Access-Control-Allow-Origin: *
ETag: W/"1745-LHZ7D8kBZWcbCGljCoPXtjB5CeA"
CF-Cache-Status: DYNAMIC
Report-To: {"endpoints":[{"url":"https:\/\/a.nel.cloudflare.com\/report\/v4?s=fjBTlJu04GsfzDpgH9157GyMYWoW9zBLGDoEO6KZsJoJmbHkYjvfrS4NCqjOytagm6q4aXuwHrSH%2BYYTP2WSanN2aUSjgc7TiLSaVol%2Bi1bdpulczyC4qx6fkmwLL9oyQnEzi1bh2pOAmEUpnqK%2B%2FRBhOD4%3D"}],"group":"cf-nel","max_age":604800}
NEL: {"success_fraction":0,"report_to":"cf-nel","max_age":604800}
Server: cloudflare
CF-RAY: 89bf2e912e5e9d9d-DME
Content-Encoding: gzip
alt-svc: h3=":443"; ma=86400

{
    "success": true,
    "data": [
        {
            "_id": "61c0c5a71d1f82001bdaaa6d",
            "name": "Флюоресцентная булка R2-D3",
            "type": "bun",
            "proteins": 44,
            "fat": 26,
            "carbohydrates": 85,
            "calories": 643,
            "price": 988,
            "image": "https://code.s3.yandex.net/react/code/bun-01.png",
            "image_mobile": "https://code.s3.yandex.net/react/code/bun-01-mobile.png",
            "image_large": "https://code.s3.yandex.net/react/code/bun-01-large.png",
            "__v": 0
        },
        {
            "_id": "61c0c5a71d1f82001bdaaa6f",
            "name": "Мясо бессмертных моллюсков Protostomia",
            "type": "main",
            "proteins": 433,
            "fat": 244,
            "carbohydrates": 33,
            "calories": 420,
            "price": 1337,
            "image": "https://code.s3.yandex.net/react/code/meat-02.png",
            "image_mobile": "https://code.s3.yandex.net/react/code/meat-02-mobile.png",
            "image_large": "https://code.s3.yandex.net/react/code/meat-02-large.png",
            "__v": 0
        },
        {
            "_id": "61c0c5a71d1f82001bdaaa70",
            "name": "Говяжий метеорит (отбивная)",
            "type": "main",
            "proteins": 800,
            "fat": 800,
            "carbohydrates": 300,
            "calories": 2674,
            "price": 3000,
            "image": "https://code.s3.yandex.net/react/code/meat-04.png",
            "image_mobile": "https://code.s3.yandex.net/react/code/meat-04-mobile.png",
            "image_large": "https://code.s3.yandex.net/react/code/meat-04-large.png",
            "__v": 0
        },
        {
            "_id": "61c0c5a71d1f82001bdaaa71",
            "name": "Биокотлета из марсианской Магнолии",
            "type": "main",
            "proteins": 420,
            "fat": 142,
            "carbohydrates": 242,
            "calories": 4242,
            "price": 424,
            "image": "https://code.s3.yandex.net/react/code/meat-01.png",
            "image_mobile": "https://code.s3.yandex.net/react/code/meat-01-mobile.png",
            "image_large": "https://code.s3.yandex.net/react/code/meat-01-large.png",
            "__v": 0
        },
        {
            "_id": "61c0c5a71d1f82001bdaaa72",
            "name": "Соус Spicy-X",
            "type": "sauce",
            "proteins": 30,
            "fat": 20,
            "carbohydrates": 40,
            "calories": 30,
            "price": 90,
            "image": "https://code.s3.yandex.net/react/code/sauce-02.png",
            "image_mobile": "https://code.s3.yandex.net/react/code/sauce-02-mobile.png",
            "image_large": "https://code.s3.yandex.net/react/code/sauce-02-large.png",
            "__v": 0
        },
        {
            "_id": "61c0c5a71d1f82001bdaaa6e",
            "name": "Филе Люминесцентного тетраодонтимформа",
            "type": "main",
            "proteins": 44,
            "fat": 26,
            "carbohydrates": 85,
            "calories": 643,
            "price": 988,
            "image": "https://code.s3.yandex.net/react/code/meat-03.png",
            "image_mobile": "https://code.s3.yandex.net/react/code/meat-03-mobile.png",
            "image_large": "https://code.s3.yandex.net/react/code/meat-03-large.png",
            "__v": 0
        },
        {
            "_id": "61c0c5a71d1f82001bdaaa73",
            "name": "Соус фирменный Space Sauce",
            "type": "sauce",
            "proteins": 50,
            "fat": 22,
            "carbohydrates": 11,
            "calories": 14,
            "price": 80,
            "image": "https://code.s3.yandex.net/react/code/sauce-04.png",
            "image_mobile": "https://code.s3.yandex.net/react/code/sauce-04-mobile.png",
            "image_large": "https://code.s3.yandex.net/react/code/sauce-04-large.png",
            "__v": 0
        },
        {
            "_id": "61c0c5a71d1f82001bdaaa74",
            "name": "Соус традиционный галактический",
            "type": "sauce",
            "proteins": 42,
            "fat": 24,
            "carbohydrates": 42,
            "calories": 99,
            "price": 15,
            "image": "https://code.s3.yandex.net/react/code/sauce-03.png",
            "image_mobile": "https://code.s3.yandex.net/react/code/sauce-03-mobile.png",
            "image_large": "https://code.s3.yandex.net/react/code/sauce-03-large.png",
            "__v": 0
        },
        {
            "_id": "61c0c5a71d1f82001bdaaa6c",
            "name": "Краторная булка N-200i",
            "type": "bun",
            "proteins": 80,
            "fat": 24,
            "carbohydrates": 53,
            "calories": 420,
            "price": 1255,
            "image": "https://code.s3.yandex.net/react/code/bun-02.png",
            "image_mobile": "https://code.s3.yandex.net/react/code/bun-02-mobile.png",
            "image_large": "https://code.s3.yandex.net/react/code/bun-02-large.png",
            "__v": 0
        },
        {
            "_id": "61c0c5a71d1f82001bdaaa75",
            "name": "Соус с шипами Антарианского плоскоходца",
            "type": "sauce",
            "proteins": 101,
            "fat": 99,
            "carbohydrates": 100,
            "calories": 100,
            "price": 88,
            "image": "https://code.s3.yandex.net/react/code/sauce-01.png",
            "image_mobile": "https://code.s3.yandex.net/react/code/sauce-01-mobile.png",
            "image_large": "https://code.s3.yandex.net/react/code/sauce-01-large.png",
            "__v": 0
        },
        {
            "_id": "61c0c5a71d1f82001bdaaa76",
            "name": "Хрустящие минеральные кольца",
            "type": "main",
            "proteins": 808,
            "fat": 689,
            "carbohydrates": 609,
            "calories": 986,
            "price": 300,
            "image": "https://code.s3.yandex.net/react/code/mineral_rings.png",
            "image_mobile": "https://code.s3.yandex.net/react/code/mineral_rings-mobile.png",
            "image_large": "https://code.s3.yandex.net/react/code/mineral_rings-large.png",
            "__v": 0
        },
        {
            "_id": "61c0c5a71d1f82001bdaaa77",
            "name": "Плоды Фалленианского дерева",
            "type": "main",
            "proteins": 20,
            "fat": 5,
            "carbohydrates": 55,
            "calories": 77,
            "price": 874,
            "image": "https://code.s3.yandex.net/react/code/sp_1.png",
            "image_mobile": "https://code.s3.yandex.net/react/code/sp_1-mobile.png",
            "image_large": "https://code.s3.yandex.net/react/code/sp_1-large.png",
            "__v": 0
        },
        {
            "_id": "61c0c5a71d1f82001bdaaa78",
            "name": "Кристаллы марсианских альфа-сахаридов",
            "type": "main",
            "proteins": 234,
            "fat": 432,
            "carbohydrates": 111,
            "calories": 189,
            "price": 762,
            "image": "https://code.s3.yandex.net/react/code/core.png",
            "image_mobile": "https://code.s3.yandex.net/react/code/core-mobile.png",
            "image_large": "https://code.s3.yandex.net/react/code/core-large.png",
            "__v": 0
        },
        {
            "_id": "61c0c5a71d1f82001bdaaa79",
            "name": "Мини-салат Экзо-Плантаго",
            "type": "main",
            "proteins": 1,
            "fat": 2,
            "carbohydrates": 3,
            "calories": 6,
            "price": 4400,
            "image": "https://code.s3.yandex.net/react/code/salad.png",
            "image_mobile": "https://code.s3.yandex.net/react/code/salad-mobile.png",
            "image_large": "https://code.s3.yandex.net/react/code/salad-large.png",
            "__v": 0
        },
        {
            "_id": "61c0c5a71d1f82001bdaaa7a",
            "name": "Сыр с астероидной плесенью",
            "type": "main",
            "proteins": 84,
            "fat": 48,
            "carbohydrates": 420,
            "calories": 3377,
            "price": 4142,
            "image": "https://code.s3.yandex.net/react/code/cheese.png",
            "image_mobile": "https://code.s3.yandex.net/react/code/cheese-mobile.png",
            "image_large": "https://code.s3.yandex.net/react/code/cheese-large.png",
            "__v": 0
        }
    ]
}
HTTP/1.1 200 OK
Date: Sun, 30 Jun 2024 15:27:42 GMT
Content-Type: application/json; charset=utf-8
Transfer-Encoding: chunked
Connection: keep-alive
X-Powered-By: Express
Access-Control-Allow-Origin: *
ETag: W/"1745-LHZ7D8kBZWcbCGljCoPXtjB5CeA"
CF-Cache-Status: DYNAMIC
Report-To: {"endpoints":[{"url":"https:\/\/a.nel.cloudflare.com\/report\/v4?s=fjBTlJu04GsfzDpgH9157GyMYWoW9zBLGDoEO6KZsJoJmbHkYjvfrS4NCqjOytagm6q4aXuwHrSH%2BYYTP2WSanN2aUSjgc7TiLSaVol%2Bi1bdpulczyC4qx6fkmwLL9oyQnEzi1bh2pOAmEUpnqK%2B%2FRBhOD4%3D"}],"group":"cf-nel","max_age":604800}
NEL: {"success_fraction":0,"report_to":"cf-nel","max_age":604800}
Server: cloudflare
CF-RAY: 89bf2e912e5e9d9d-DME
Content-Encoding: gzip
alt-svc: h3=":443"; ma=86400

{
    "success": true,
    "data": [
        {
            "_id": "61c0c5a71d1f82001bdaaa6d",
            "name": "Флюоресцентная булка R2-D3",
            "type": "bun",
            "proteins": 44,
            "fat": 26,
            "carbohydrates": 85,
            "calories": 643,
            "price": 988,
            "image": "https://code.s3.yandex.net/react/code/bun-01.png",
            "image_mobile": "https://code.s3.yandex.net/react/code/bun-01-mobile.png",
            "image_large": "https://code.s3.yandex.net/react/code/bun-01-large.png",
            "__v": 0
        },
        {
            "_id": "61c0c5a71d1f82001bdaaa6f",
            "name": "Мясо бессмертных моллюсков Protostomia",
            "type": "main",
            "proteins": 433,
            "fat": 244,
            "carbohydrates": 33,
            "calories": 420,
            "price": 1337,
            "image": "https://code.s3.yandex.net/react/code/meat-02.png",
            "image_mobile": "https://code.s3.yandex.net/react/code/meat-02-mobile.png",
            "image_large": "https://code.s3.yandex.net/react/code/meat-02-large.png",
            "__v": 0
        },
        {
            "_id": "61c0c5a71d1f82001bdaaa70",
            "name": "Говяжий метеорит (отбивная)",
            "type": "main",
            "proteins": 800,
            "fat": 800,
            "carbohydrates": 300,
            "calories": 2674,
            "price": 3000,
            "image": "https://code.s3.yandex.net/react/code/meat-04.png",
            "image_mobile": "https://code.s3.yandex.net/react/code/meat-04-mobile.png",
            "image_large": "https://code.s3.yandex.net/react/code/meat-04-large.png",
            "__v": 0
        },
        {
            "_id": "61c0c5a71d1f82001bdaaa71",
            "name": "Биокотлета из марсианской Магнолии",
            "type": "main",
            "proteins": 420,
            "fat": 142,
            "carbohydrates": 242,
            "calories": 4242,
            "price": 424,
            "image": "https://code.s3.yandex.net/react/code/meat-01.png",
            "image_mobile": "https://code.s3.yandex.net/react/code/meat-01-mobile.png",
            "image_large": "https://code.s3.yandex.net/react/code/meat-01-large.png",
            "__v": 0
        },
        {
            "_id": "61c0c5a71d1f82001bdaaa72",
            "name": "Соус Spicy-X",
            "type": "sauce",
            "proteins": 30,
            "fat": 20,
            "carbohydrates": 40,
            "calories": 30,
            "price": 90,
            "image": "https://code.s3.yandex.net/react/code/sauce-02.png",
            "image_mobile": "https://code.s3.yandex.net/react/code/sauce-02-mobile.png",
            "image_large": "https://code.s3.yandex.net/react/code/sauce-02-large.png",
            "__v": 0
        },
        {
            "_id": "61c0c5a71d1f82001bdaaa6e",
            "name": "Филе Люминесцентного тетраодонтимформа",
            "type": "main",
            "proteins": 44,
            "fat": 26,
            "carbohydrates": 85,
            "calories": 643,
            "price": 988,
            "image": "https://code.s3.yandex.net/react/code/meat-03.png",
            "image_mobile": "https://code.s3.yandex.net/react/code/meat-03-mobile.png",
            "image_large": "https://code.s3.yandex.net/react/code/meat-03-large.png",
            "__v": 0
        },
        {
            "_id": "61c0c5a71d1f82001bdaaa73",
            "name": "Соус фирменный Space Sauce",
            "type": "sauce",
            "proteins": 50,
            "fat": 22,
            "carbohydrates": 11,
            "calories": 14,
            "price": 80,
            "image": "https://code.s3.yandex.net/react/code/sauce-04.png",
            "image_mobile": "https://code.s3.yandex.net/react/code/sauce-04-mobile.png",
            "image_large": "https://code.s3.yandex.net/react/code/sauce-04-large.png",
            "__v": 0
        },
        {
            "_id": "61c0c5a71d1f82001bdaaa74",
            "name": "Соус традиционный галактический",
            "type": "sauce",
            "proteins": 42,
            "fat": 24,
            "carbohydrates": 42,
            "calories": 99,
            "price": 15,
            "image": "https://code.s3.yandex.net/react/code/sauce-03.png",
            "image_mobile": "https://code.s3.yandex.net/react/code/sauce-03-mobile.png",
            "image_large": "https://code.s3.yandex.net/react/code/sauce-03-large.png",
            "__v": 0
        },
        {
            "_id": "61c0c5a71d1f82001bdaaa6c",
            "name": "Краторная булка N-200i",
            "type": "bun",
            "proteins": 80,
            "fat": 24,
            "carbohydrates": 53,
            "calories": 420,
            "price": 1255,
            "image": "https://code.s3.yandex.net/react/code/bun-02.png",
            "image_mobile": "https://code.s3.yandex.net/react/code/bun-02-mobile.png",
            "image_large": "https://code.s3.yandex.net/react/code/bun-02-large.png",
            "__v": 0
        },
        {
            "_id": "61c0c5a71d1f82001bdaaa75",
            "name": "Соус с шипами Антарианского плоскоходца",
            "type": "sauce",
            "proteins": 101,
            "fat": 99,
            "carbohydrates": 100,
            "calories": 100,
            "price": 88,
            "image": "https://code.s3.yandex.net/react/code/sauce-01.png",
            "image_mobile": "https://code.s3.yandex.net/react/code/sauce-01-mobile.png",
            "image_large": "https://code.s3.yandex.net/react/code/sauce-01-large.png",
            "__v": 0
        },
        {
            "_id": "61c0c5a71d1f82001bdaaa76",
            "name": "Хрустящие минеральные кольца",
            "type": "main",
            "proteins": 808,
            "fat": 689,
            "carbohydrates": 609,
            "calories": 986,
            "price": 300,
            "image": "https://code.s3.yandex.net/react/code/mineral_rings.png",
            "image_mobile": "https://code.s3.yandex.net/react/code/mineral_rings-mobile.png",
            "image_large": "https://code.s3.yandex.net/react/code/mineral_rings-large.png",
            "__v": 0
        },
        {
            "_id": "61c0c5a71d1f82001bdaaa77",
            "name": "Плоды Фалленианского дерева",
            "type": "main",
            "proteins": 20,
            "fat": 5,
            "carbohydrates": 55,
            "calories": 77,
            "price": 874,
            "image": "https://code.s3.yandex.net/react/code/sp_1.png",
            "image_mobile": "https://code.s3.yandex.net/react/code/sp_1-mobile.png",
            "image_large": "https://code.s3.yandex.net/react/code/sp_1-large.png",
            "__v": 0
        },
        {
            "_id": "61c0c5a71d1f82001bdaaa78",
            "name": "Кристаллы марсианских альфа-сахаридов",
            "type": "main",
            "proteins": 234,
            "fat": 432,
            "carbohydrates": 111,
            "calories": 189,
            "price": 762,
            "image": "https://code.s3.yandex.net/react/code/core.png",
            "image_mobile": "https://code.s3.yandex.net/react/code/core-mobile.png",
            "image_large": "https://code.s3.yandex.net/react/code/core-large.png",
            "__v": 0
        },
        {
            "_id": "61c0c5a71d1f82001bdaaa79",
            "name": "Мини-салат Экзо-Плантаго",
            "type": "main",
            "proteins": 1,
            "fat": 2,
            "carbohydrates": 3,
            "calories": 6,
            "price": 4400,
            "image": "https://code.s3.yandex.net/react/code/salad.png",
            "image_mobile": "https://code.s3.yandex.net/react/code/salad-mobile.png",
            "image_large": "https://code.s3.yandex.net/react/code/salad-large.png",
            "__v": 0
        },
        {
            "_id": "61c0c5a71d1f82001bdaaa7a",
            "name": "Сыр с астероидной плесенью",
            "type": "main",
            "proteins": 84,
            "fat": 48,
            "carbohydrates": 420,
            "calories": 3377,
            "price": 4142,
            "image": "https://code.s3.yandex.net/react/code/cheese.png",
            "image_mobile": "https://code.s3.yandex.net/react/code/cheese-mobile.png",
            "image_large": "https://code.s3.yandex.net/react/code/cheese-large.png",
            "__v": 0
        }
    ]
}
HTTP/1.1 200 OK
Date: Sun, 30 Jun 2024 15:27:42 GMT
Content-Type: application/json; charset=utf-8
Transfer-Encoding: chunked
Connection: keep-alive
X-Powered-By: Express
Access-Control-Allow-Origin: *
ETag: W/"1745-LHZ7D8kBZWcbCGljCoPXtjB5CeA"
CF-Cache-Status: DYNAMIC
Report-To: {"endpoints":[{"url":"https:\/\/a.nel.cloudflare.com\/report\/v4?s=fjBTlJu04GsfzDpgH9157GyMYWoW9zBLGDoEO6KZsJoJmbHkYjvfrS4NCqjOytagm6q4aXuwHrSH%2BYYTP2WSanN2aUSjgc7TiLSaVol%2Bi1bdpulczyC4qx6fkmwLL9oyQnEzi1bh2pOAmEUpnqK%2B%2FRBhOD4%3D"}],"group":"cf-nel","max_age":604800}
NEL: {"success_fraction":0,"report_to":"cf-nel","max_age":604800}
Server: cloudflare
CF-RAY: 89bf2e912e5e9d9d-DME
Content-Encoding: gzip
alt-svc: h3=":443"; ma=86400

{
    "success": true,
    "data": [
        {
            "_id": "61c0c5a71d1f82001bdaaa6d",
            "name": "Флюоресцентная булка R2-D3",
            "type": "bun",
            "proteins": 44,
            "fat": 26,
            "carbohydrates": 85,
            "calories": 643,
            "price": 988,
            "image": "https://code.s3.yandex.net/react/code/bun-01.png",
            "image_mobile": "https://code.s3.yandex.net/react/code/bun-01-mobile.png",
            "image_large": "https://code.s3.yandex.net/react/code/bun-01-large.png",
            "__v": 0
        },
        {
            "_id": "61c0c5a71d1f82001bdaaa6f",
            "name": "Мясо бессмертных моллюсков Protostomia",
            "type": "main",
            "proteins": 433,
            "fat": 244,
            "carbohydrates": 33,
            "calories": 420,
            "price": 1337,
            "image": "https://code.s3.yandex.net/react/code/meat-02.png",
            "image_mobile": "https://code.s3.yandex.net/react/code/meat-02-mobile.png",
            "image_large": "https://code.s3.yandex.net/react/code/meat-02-large.png",
            "__v": 0
        },
        {
            "_id": "61c0c5a71d1f82001bdaaa70",
            "name": "Говяжий метеорит (отбивная)",
            "type": "main",
            "proteins": 800,
            "fat": 800,
            "carbohydrates": 300,
            "calories": 2674,
            "price": 3000,
            "image": "https://code.s3.yandex.net/react/code/meat-04.png",
            "image_mobile": "https://code.s3.yandex.net/react/code/meat-04-mobile.png",
            "image_large": "https://code.s3.yandex.net/react/code/meat-04-large.png",
            "__v": 0
        },
        {
            "_id": "61c0c5a71d1f82001bdaaa71",
            "name": "Биокотлета из марсианской Магнолии",
            "type": "main",
            "proteins": 420,
            "fat": 142,
            "carbohydrates": 242,
            "calories": 4242,
            "price": 424,
            "image": "https://code.s3.yandex.net/react/code/meat-01.png",
            "image_mobile": "https://code.s3.yandex.net/react/code/meat-01-mobile.png",
            "image_large": "https://code.s3.yandex.net/react/code/meat-01-large.png",
            "__v": 0
        },
        {
            "_id": "61c0c5a71d1f82001bdaaa72",
            "name": "Соус Spicy-X",
            "type": "sauce",
            "proteins": 30,
            "fat": 20,
            "carbohydrates": 40,
            "calories": 30,
            "price": 90,
            "image": "https://code.s3.yandex.net/react/code/sauce-02.png",
            "image_mobile": "https://code.s3.yandex.net/react/code/sauce-02-mobile.png",
            "image_large": "https://code.s3.yandex.net/react/code/sauce-02-large.png",
            "__v": 0
        },
        {
            "_id": "61c0c5a71d1f82001bdaaa6e",
            "name": "Филе Люминесцентного тетраодонтимформа",
            "type": "main",
            "proteins": 44,
            "fat": 26,
            "carbohydrates": 85,
            "calories": 643,
            "price": 988,
            "image": "https://code.s3.yandex.net/react/code/meat-03.png",
            "image_mobile": "https://code.s3.yandex.net/react/code/meat-03-mobile.png",
            "image_large": "https://code.s3.yandex.net/react/code/meat-03-large.png",
            "__v": 0
        },
        {
            "_id": "61c0c5a71d1f82001bdaaa73",
            "name": "Соус фирменный Space Sauce",
            "type": "sauce",
            "proteins": 50,
            "fat": 22,
            "carbohydrates": 11,
            "calories": 14,
            "price": 80,
            "image": "https://code.s3.yandex.net/react/code/sauce-04.png",
            "image_mobile": "https://code.s3.yandex.net/react/code/sauce-04-mobile.png",
            "image_large": "https://code.s3.yandex.net/react/code/sauce-04-large.png",
            "__v": 0
        },
        {
            "_id": "61c0c5a71d1f82001bdaaa74",
            "name": "Соус традиционный галактический",
            "type": "sauce",
            "proteins": 42,
            "fat": 24,
            "carbohydrates": 42,
            "calories": 99,
            "price": 15,
            "image": "https://code.s3.yandex.net/react/code/sauce-03.png",
            "image_mobile": "https://code.s3.yandex.net/react/code/sauce-03-mobile.png",
            "image_large": "https://code.s3.yandex.net/react/code/sauce-03-large.png",
            "__v": 0
        },
        {
            "_id": "61c0c5a71d1f82001bdaaa6c",
            "name": "Краторная булка N-200i",
            "type": "bun",
            "proteins": 80,
            "fat": 24,
            "carbohydrates": 53,
            "calories": 420,
            "price": 1255,
            "image": "https://code.s3.yandex.net/react/code/bun-02.png",
            "image_mobile": "https://code.s3.yandex.net/react/code/bun-02-mobile.png",
            "image_large": "https://code.s3.yandex.net/react/code/bun-02-large.png",
            "__v": 0
        },
        {
            "_id": "61c0c5a71d1f82001bdaaa75",
            "name": "Соус с шипами Антарианского плоскоходца",
            "type": "sauce",
            "proteins": 101,
            "fat": 99,
            "carbohydrates": 100,
            "calories": 100,
            "price": 88,
            "image": "https://code.s3.yandex.net/react/code/sauce-01.png",
            "image_mobile": "https://code.s3.yandex.net/react/code/sauce-01-mobile.png",
            "image_large": "https://code.s3.yandex.net/react/code/sauce-01-large.png",
            "__v": 0
        },
        {
            "_id": "61c0c5a71d1f82001bdaaa76",
            "name": "Хрустящие минеральные кольца",
            "type": "main",
            "proteins": 808,
            "fat": 689,
            "carbohydrates": 609,
            "calories": 986,
            "price": 300,
            "image": "https://code.s3.yandex.net/react/code/mineral_rings.png",
            "image_mobile": "https://code.s3.yandex.net/react/code/mineral_rings-mobile.png",
            "image_large": "https://code.s3.yandex.net/react/code/mineral_rings-large.png",
            "__v": 0
        },
        {
            "_id": "61c0c5a71d1f82001bdaaa77",
            "name": "Плоды Фалленианского дерева",
            "type": "main",
            "proteins": 20,
            "fat": 5,
            "carbohydrates": 55,
            "calories": 77,
            "price": 874,
            "image": "https://code.s3.yandex.net/react/code/sp_1.png",
            "image_mobile": "https://code.s3.yandex.net/react/code/sp_1-mobile.png",
            "image_large": "https://code.s3.yandex.net/react/code/sp_1-large.png",
            "__v": 0
        },
        {
            "_id": "61c0c5a71d1f82001bdaaa78",
            "name": "Кристаллы марсианских альфа-сахаридов",
            "type": "main",
            "proteins": 234,
            "fat": 432,
            "carbohydrates": 111,
            "calories": 189,
            "price": 762,
            "image": "https://code.s3.yandex.net/react/code/core.png",
            "image_mobile": "https://code.s3.yandex.net/react/code/core-mobile.png",
            "image_large": "https://code.s3.yandex.net/react/code/core-large.png",
            "__v": 0
        },
        {
            "_id": "61c0c5a71d1f82001bdaaa79",
            "name": "Мини-салат Экзо-Плантаго",
            "type": "main",
            "proteins": 1,
            "fat": 2,
            "carbohydrates": 3,
            "calories": 6,
            "price": 4400,
            "image": "https://code.s3.yandex.net/react/code/salad.png",
            "image_mobile": "https://code.s3.yandex.net/react/code/salad-mobile.png",
            "image_large": "https://code.s3.yandex.net/react/code/salad-large.png",
            "__v": 0
        },
        {
            "_id": "61c0c5a71d1f82001bdaaa7a",
            "name": "Сыр с астероидной плесенью",
            "type": "main",
            "proteins": 84,
            "fat": 48,
            "carbohydrates": 420,
            "calories": 3377,
            "price": 4142,
            "image": "https://code.s3.yandex.net/react/code/cheese.png",
            "image_mobile": "https://code.s3.yandex.net/react/code/cheese-mobile.png",
            "image_large": "https://code.s3.yandex.net/react/code/cheese-large.png",
            "__v": 0
        }
    ]
}
HTTP/1.1 200 OK
Date: Sun, 30 Jun 2024 15:27:42 GMT
Content-Type: application/json; charset=utf-8
Transfer-Encoding: chunked
Connection: keep-alive
X-Powered-By: Express
Access-Control-Allow-Origin: *
ETag: W/"1745-LHZ7D8kBZWcbCGljCoPXtjB5CeA"
CF-Cache-Status: DYNAMIC
Report-To: {"endpoints":[{"url":"https:\/\/a.nel.cloudflare.com\/report\/v4?s=fjBTlJu04GsfzDpgH9157GyMYWoW9zBLGDoEO6KZsJoJmbHkYjvfrS4NCqjOytagm6q4aXuwHrSH%2BYYTP2WSanN2aUSjgc7TiLSaVol%2Bi1bdpulczyC4qx6fkmwLL9oyQnEzi1bh2pOAmEUpnqK%2B%2FRBhOD4%3D"}],"group":"cf-nel","max_age":604800}
NEL: {"success_fraction":0,"report_to":"cf-nel","max_age":604800}
Server: cloudflare
CF-RAY: 89bf2e912e5e9d9d-DME
Content-Encoding: gzip
alt-svc: h3=":443"; ma=86400

{
    "success": true,
    "data": [
        {
            "_id": "61c0c5a71d1f82001bdaaa6d",
            "name": "Флюоресцентная булка R2-D3",
            "type": "bun",
            "proteins": 44,
            "fat": 26,
            "carbohydrates": 85,
            "calories": 643,
            "price": 988,
            "image": "https://code.s3.yandex.net/react/code/bun-01.png",
            "image_mobile": "https://code.s3.yandex.net/react/code/bun-01-mobile.png",
            "image_large": "https://code.s3.yandex.net/react/code/bun-01-large.png",
            "__v": 0
        },
        {
            "_id": "61c0c5a71d1f82001bdaaa6f",
            "name": "Мясо бессмертных моллюсков Protostomia",
            "type": "main",
            "proteins": 433,
            "fat": 244,
            "carbohydrates": 33,
            "calories": 420,
            "price": 1337,
            "image": "https://code.s3.yandex.net/react/code/meat-02.png",
            "image_mobile": "https://code.s3.yandex.net/react/code/meat-02-mobile.png",
            "image_large": "https://code.s3.yandex.net/react/code/meat-02-large.png",
            "__v": 0
        },
        {
            "_id": "61c0c5a71d1f82001bdaaa70",
            "name": "Говяжий метеорит (отбивная)",
            "type": "main",
            "proteins": 800,
            "fat": 800,
            "carbohydrates": 300,
            "calories": 2674,
            "price": 3000,
            "image": "https://code.s3.yandex.net/react/code/meat-04.png",
            "image_mobile": "https://code.s3.yandex.net/react/code/meat-04-mobile.png",
            "image_large": "https://code.s3.yandex.net/react/code/meat-04-large.png",
            "__v": 0
        },
        {
            "_id": "61c0c5a71d1f82001bdaaa71",
            "name": "Биокотлета из марсианской Магнолии",
            "type": "main",
            "proteins": 420,
            "fat": 142,
            "carbohydrates": 242,
            "calories": 4242,
            "price": 424,
            "image": "https://code.s3.yandex.net/react/code/meat-01.png",
            "image_mobile": "https://code.s3.yandex.net/react/code/meat-01-mobile.png",
            "image_large": "https://code.s3.yandex.net/react/code/meat-01-large.png",
            "__v": 0
        },
        {
            "_id": "61c0c5a71d1f82001bdaaa72",
            "name": "Соус Spicy-X",
            "type": "sauce",
            "proteins": 30,
            "fat": 20,
            "carbohydrates": 40,
            "calories": 30,
            "price": 90,
            "image": "https://code.s3.yandex.net/react/code/sauce-02.png",
            "image_mobile": "https://code.s3.yandex.net/react/code/sauce-02-mobile.png",
            "image_large": "https://code.s3.yandex.net/react/code/sauce-02-large.png",
            "__v": 0
        },
        {
            "_id": "61c0c5a71d1f82001bdaaa6e",
            "name": "Филе Люминесцентного тетраодонтимформа",
            "type": "main",
            "proteins": 44,
            "fat": 26,
            "carbohydrates": 85,
            "calories": 643,
            "price": 988,
            "image": "https://code.s3.yandex.net/react/code/meat-03.png",
            "image_mobile": "https://code.s3.yandex.net/react/code/meat-03-mobile.png",
            "image_large": "https://code.s3.yandex.net/react/code/meat-03-large.png",
            "__v": 0
        },
        {
            "_id": "61c0c5a71d1f82001bdaaa73",
            "name": "Соус фирменный Space Sauce",
            "type": "sauce",
            "proteins": 50,
            "fat": 22,
            "carbohydrates": 11,
            "calories": 14,
            "price": 80,
            "image": "https://code.s3.yandex.net/react/code/sauce-04.png",
            "image_mobile": "https://code.s3.yandex.net/react/code/sauce-04-mobile.png",
            "image_large": "https://code.s3.yandex.net/react/code/sauce-04-large.png",
            "__v": 0
        },
        {
            "_id": "61c0c5a71d1f82001bdaaa74",
            "name": "Соус традиционный галактический",
            "type": "sauce",
            "proteins": 42,
            "fat": 24,
            "carbohydrates": 42,
            "calories": 99,
            "price": 15,
            "image": "https://code.s3.yandex.net/react/code/sauce-03.png",
            "image_mobile": "https://code.s3.yandex.net/react/code/sauce-03-mobile.png",
            "image_large": "https://code.s3.yandex.net/react/code/sauce-03-large.png",
            "__v": 0
        },
        {
            "_id": "61c0c5a71d1f82001bdaaa6c",
            "name": "Краторная булка N-200i",
            "type": "bun",
            "proteins": 80,
            "fat": 24,
            "carbohydrates": 53,
            "calories": 420,
            "price": 1255,
            "image": "https://code.s3.yandex.net/react/code/bun-02.png",
            "image_mobile": "https://code.s3.yandex.net/react/code/bun-02-mobile.png",
            "image_large": "https://code.s3.yandex.net/react/code/bun-02-large.png",
            "__v": 0
        },
        {
            "_id": "61c0c5a71d1f82001bdaaa75",
            "name": "Соус с шипами Антарианского плоскоходца",
            "type": "sauce",
            "proteins": 101,
            "fat": 99,
            "carbohydrates": 100,
            "calories": 100,
            "price": 88,
            "image": "https://code.s3.yandex.net/react/code/sauce-01.png",
            "image_mobile": "https://code.s3.yandex.net/react/code/sauce-01-mobile.png",
            "image_large": "https://code.s3.yandex.net/react/code/sauce-01-large.png",
            "__v": 0
        },
        {
            "_id": "61c0c5a71d1f82001bdaaa76",
            "name": "Хрустящие минеральные кольца",
            "type": "main",
            "proteins": 808,
            "fat": 689,
            "carbohydrates": 609,
            "calories": 986,
            "price": 300,
            "image": "https://code.s3.yandex.net/react/code/mineral_rings.png",
            "image_mobile": "https://code.s3.yandex.net/react/code/mineral_rings-mobile.png",
            "image_large": "https://code.s3.yandex.net/react/code/mineral_rings-large.png",
            "__v": 0
        },
        {
            "_id": "61c0c5a71d1f82001bdaaa77",
            "name": "Плоды Фалленианского дерева",
            "type": "main",
            "proteins": 20,
            "fat": 5,
            "carbohydrates": 55,
            "calories": 77,
            "price": 874,
            "image": "https://code.s3.yandex.net/react/code/sp_1.png",
            "image_mobile": "https://code.s3.yandex.net/react/code/sp_1-mobile.png",
            "image_large": "https://code.s3.yandex.net/react/code/sp_1-large.png",
            "__v": 0
        },
        {
            "_id": "61c0c5a71d1f82001bdaaa78",
            "name": "Кристаллы марсианских альфа-сахаридов",
            "type": "main",
            "proteins": 234,
            "fat": 432,
            "carbohydrates": 111,
            "calories": 189,
            "price": 762,
            "image": "https://code.s3.yandex.net/react/code/core.png",
            "image_mobile": "https://code.s3.yandex.net/react/code/core-mobile.png",
            "image_large": "https://code.s3.yandex.net/react/code/core-large.png",
            "__v": 0
        },
        {
            "_id": "61c0c5a71d1f82001bdaaa79",
            "name": "Мини-салат Экзо-Плантаго",
            "type": "main",
            "proteins": 1,
            "fat": 2,
            "carbohydrates": 3,
            "calories": 6,
            "price": 4400,
            "image": "https://code.s3.yandex.net/react/code/salad.png",
            "image_mobile": "https://code.s3.yandex.net/react/code/salad-mobile.png",
            "image_large": "https://code.s3.yandex.net/react/code/salad-large.png",
            "__v": 0
        },
        {
            "_id": "61c0c5a71d1f82001bdaaa7a",
            "name": "Сыр с астероидной плесенью",
            "type": "main",
            "proteins": 84,
            "fat": 48,
            "carbohydrates": 420,
            "calories": 3377,
            "price": 4142,
            "image": "https://code.s3.yandex.net/react/code/cheese.png",
            "image_mobile": "https://code.s3.yandex.net/react/code/cheese-mobile.png",
            "image_large": "https://code.s3.yandex.net/react/code/cheese-large.png",
            "__v": 0
        }
    ]
}
HTTP/1.1 200 OK
Date: Sun, 30 Jun 2024 15:27:42 GMT
Content-Type: application/json; charset=utf-8
Transfer-Encoding: chunked
Connection: keep-alive
X-Powered-By: Express
Access-Control-Allow-Origin: *
ETag: W/"1745-LHZ7D8kBZWcbCGljCoPXtjB5CeA"
CF-Cache-Status: DYNAMIC
Report-To: {"endpoints":[{"url":"https:\/\/a.nel.cloudflare.com\/report\/v4?s=fjBTlJu04GsfzDpgH9157GyMYWoW9zBLGDoEO6KZsJoJmbHkYjvfrS4NCqjOytagm6q4aXuwHrSH%2BYYTP2WSanN2aUSjgc7TiLSaVol%2Bi1bdpulczyC4qx6fkmwLL9oyQnEzi1bh2pOAmEUpnqK%2B%2FRBhOD4%3D"}],"group":"cf-nel","max_age":604800}
NEL: {"success_fraction":0,"report_to":"cf-nel","max_age":604800}
Server: cloudflare
CF-RAY: 89bf2e912e5e9d9d-DME
Content-Encoding: gzip
alt-svc: h3=":443"; ma=86400

{
    "success": true,
    "data": [
        {
            "_id": "61c0c5a71d1f82001bdaaa6d",
            "name": "Флюоресцентная булка R2-D3",
            "type": "bun",
            "proteins": 44,
            "fat": 26,
            "carbohydrates": 85,
            "calories": 643,
            "price": 988,
            "image": "https://code.s3.yandex.net/react/code/bun-01.png",
            "image_mobile": "https://code.s3.yandex.net/react/code/bun-01-mobile.png",
            "image_large": "https://code.s3.yandex.net/react/code/bun-01-large.png",
            "__v": 0
        },
        {
            "_id": "61c0c5a71d1f82001bdaaa6f",
            "name": "Мясо бессмертных моллюсков Protostomia",
            "type": "main",
            "proteins": 433,
            "fat": 244,
            "carbohydrates": 33,
            "calories": 420,
            "price": 1337,
            "image": "https://code.s3.yandex.net/react/code/meat-02.png",
            "image_mobile": "https://code.s3.yandex.net/react/code/meat-02-mobile.png",
            "image_large": "https://code.s3.yandex.net/react/code/meat-02-large.png",
            "__v": 0
        },
        {
            "_id": "61c0c5a71d1f82001bdaaa70",
            "name": "Говяжий метеорит (отбивная)",
            "type": "main",
            "proteins": 800,
            "fat": 800,
            "carbohydrates": 300,
            "calories": 2674,
            "price": 3000,
            "image": "https://code.s3.yandex.net/react/code/meat-04.png",
            "image_mobile": "https://code.s3.yandex.net/react/code/meat-04-mobile.png",
            "image_large": "https://code.s3.yandex.net/react/code/meat-04-large.png",
            "__v": 0
        },
        {
            "_id": "61c0c5a71d1f82001bdaaa71",
            "name": "Биокотлета из марсианской Магнолии",
            "type": "main",
            "proteins": 420,
            "fat": 142,
            "carbohydrates": 242,
            "calories": 4242,
            "price": 424,
            "image": "https://code.s3.yandex.net/react/code/meat-01.png",
            "image_mobile": "https://code.s3.yandex.net/react/code/meat-01-mobile.png",
            "image_large": "https://code.s3.yandex.net/react/code/meat-01-large.png",
            "__v": 0
        },
        {
            "_id": "61c0c5a71d1f82001bdaaa72",
            "name": "Соус Spicy-X",
            "type": "sauce",
            "proteins": 30,
            "fat": 20,
            "carbohydrates": 40,
            "calories": 30,
            "price": 90,
            "image": "https://code.s3.yandex.net/react/code/sauce-02.png",
            "image_mobile": "https://code.s3.yandex.net/react/code/sauce-02-mobile.png",
            "image_large": "https://code.s3.yandex.net/react/code/sauce-02-large.png",
            "__v": 0
        },
        {
            "_id": "61c0c5a71d1f82001bdaaa6e",
            "name": "Филе Люминесцентного тетраодонтимформа",
            "type": "main",
            "proteins": 44,
            "fat": 26,
            "carbohydrates": 85,
            "calories": 643,
            "price": 988,
            "image": "https://code.s3.yandex.net/react/code/meat-03.png",
            "image_mobile": "https://code.s3.yandex.net/react/code/meat-03-mobile.png",
            "image_large": "https://code.s3.yandex.net/react/code/meat-03-large.png",
            "__v": 0
        },
        {
            "_id": "61c0c5a71d1f82001bdaaa73",
            "name": "Соус фирменный Space Sauce",
            "type": "sauce",
            "proteins": 50,
            "fat": 22,
            "carbohydrates": 11,
            "calories": 14,
            "price": 80,
            "image": "https://code.s3.yandex.net/react/code/sauce-04.png",
            "image_mobile": "https://code.s3.yandex.net/react/code/sauce-04-mobile.png",
            "image_large": "https://code.s3.yandex.net/react/code/sauce-04-large.png",
            "__v": 0
        },
        {
            "_id": "61c0c5a71d1f82001bdaaa74",
            "name": "Соус традиционный галактический",
            "type": "sauce",
            "proteins": 42,
            "fat": 24,
            "carbohydrates": 42,
            "calories": 99,
            "price": 15,
            "image": "https://code.s3.yandex.net/react/code/sauce-03.png",
            "image_mobile": "https://code.s3.yandex.net/react/code/sauce-03-mobile.png",
            "image_large": "https://code.s3.yandex.net/react/code/sauce-03-large.png",
            "__v": 0
        },
        {
            "_id": "61c0c5a71d1f82001bdaaa6c",
            "name": "Краторная булка N-200i",
            "type": "bun",
            "proteins": 80,
            "fat": 24,
            "carbohydrates": 53,
            "calories": 420,
            "price": 1255,
            "image": "https://code.s3.yandex.net/react/code/bun-02.png",
            "image_mobile": "https://code.s3.yandex.net/react/code/bun-02-mobile.png",
            "image_large": "https://code.s3.yandex.net/react/code/bun-02-large.png",
            "__v": 0
        },
        {
            "_id": "61c0c5a71d1f82001bdaaa75",
            "name": "Соус с шипами Антарианского плоскоходца",
            "type": "sauce",
            "proteins": 101,
            "fat": 99,
            "carbohydrates": 100,
            "calories": 100,
            "price": 88,
            "image": "https://code.s3.yandex.net/react/code/sauce-01.png",
            "image_mobile": "https://code.s3.yandex.net/react/code/sauce-01-mobile.png",
            "image_large": "https://code.s3.yandex.net/react/code/sauce-01-large.png",
            "__v": 0
        },
        {
            "_id": "61c0c5a71d1f82001bdaaa76",
            "name": "Хрустящие минеральные кольца",
            "type": "main",
            "proteins": 808,
            "fat": 689,
            "carbohydrates": 609,
            "calories": 986,
            "price": 300,
            "image": "https://code.s3.yandex.net/react/code/mineral_rings.png",
            "image_mobile": "https://code.s3.yandex.net/react/code/mineral_rings-mobile.png",
            "image_large": "https://code.s3.yandex.net/react/code/mineral_rings-large.png",
            "__v": 0
        },
        {
            "_id": "61c0c5a71d1f82001bdaaa77",
            "name": "Плоды Фалленианского дерева",
            "type": "main",
            "proteins": 20,
            "fat": 5,
            "carbohydrates": 55,
            "calories": 77,
            "price": 874,
            "image": "https://code.s3.yandex.net/react/code/sp_1.png",
            "image_mobile": "https://code.s3.yandex.net/react/code/sp_1-mobile.png",
            "image_large": "https://code.s3.yandex.net/react/code/sp_1-large.png",
            "__v": 0
        },
        {
            "_id": "61c0c5a71d1f82001bdaaa78",
            "name": "Кристаллы марсианских альфа-сахаридов",
            "type": "main",
            "proteins": 234,
            "fat": 432,
            "carbohydrates": 111,
            "calories": 189,
            "price": 762,
            "image": "https://code.s3.yandex.net/react/code/core.png",
            "image_mobile": "https://code.s3.yandex.net/react/code/core-mobile.png",
            "image_large": "https://code.s3.yandex.net/react/code/core-large.png",
            "__v": 0
        },
        {
            "_id": "61c0c5a71d1f82001bdaaa79",
            "name": "Мини-салат Экзо-Плантаго",
            "type": "main",
            "proteins": 1,
            "fat": 2,
            "carbohydrates": 3,
            "calories": 6,
            "price": 4400,
            "image": "https://code.s3.yandex.net/react/code/salad.png",
            "image_mobile": "https://code.s3.yandex.net/react/code/salad-mobile.png",
            "image_large": "https://code.s3.yandex.net/react/code/salad-large.png",
            "__v": 0
        },
        {
            "_id": "61c0c5a71d1f82001bdaaa7a",
            "name": "Сыр с астероидной плесенью",
            "type": "main",
            "proteins": 84,
            "fat": 48,
            "carbohydrates": 420,
            "calories": 3377,
            "price": 4142,
            "image": "https://code.s3.yandex.net/react/code/cheese.png",
            "image_mobile": "https://code.s3.yandex.net/react/code/cheese-mobile.png",
            "image_large": "https://code.s3.yandex.net/react/code/cheese-large.png",
            "__v": 0
        }
    ]
}
HTTP/1.1 200 OK
Date: Sun, 30 Jun 2024 15:27:42 GMT
Content-Type: application/json; charset=utf-8
Transfer-Encoding: chunked
Connection: keep-alive
X-Powered-By: Express
Access-Control-Allow-Origin: *
ETag: W/"1745-LHZ7D8kBZWcbCGljCoPXtjB5CeA"
CF-Cache-Status: DYNAMIC
Report-To: {"endpoints":[{"url":"https:\/\/a.nel.cloudflare.com\/report\/v4?s=fjBTlJu04GsfzDpgH9157GyMYWoW9zBLGDoEO6KZsJoJmbHkYjvfrS4NCqjOytagm6q4aXuwHrSH%2BYYTP2WSanN2aUSjgc7TiLSaVol%2Bi1bdpulczyC4qx6fkmwLL9oyQnEzi1bh2pOAmEUpnqK%2B%2FRBhOD4%3D"}],"group":"cf-nel","max_age":604800}
NEL: {"success_fraction":0,"report_to":"cf-nel","max_age":604800}
Server: cloudflare
CF-RAY: 89bf2e912e5e9d9d-DME
Content-Encoding: gzip
alt-svc: h3=":443"; ma=86400

{
    "success": true,
    "data": [
        {
            "_id": "61c0c5a71d1f82001bdaaa6d",
            "name": "Флюоресцентная булка R2-D3",
            "type": "bun",
            "proteins": 44,
            "fat": 26,
            "carbohydrates": 85,
            "calories": 643,
            "price": 988,
            "image": "https://code.s3.yandex.net/react/code/bun-01.png",
            "image_mobile": "https://code.s3.yandex.net/react/code/bun-01-mobile.png",
            "image_large": "https://code.s3.yandex.net/react/code/bun-01-large.png",
            "__v": 0
        },
        {
            "_id": "61c0c5a71d1f82001bdaaa6f",
            "name": "Мясо бессмертных моллюсков Protostomia",
            "type": "main",
            "proteins": 433,
            "fat": 244,
            "carbohydrates": 33,
            "calories": 420,
            "price": 1337,
            "image": "https://code.s3.yandex.net/react/code/meat-02.png",
            "image_mobile": "https://code.s3.yandex.net/react/code/meat-02-mobile.png",
            "image_large": "https://code.s3.yandex.net/react/code/meat-02-large.png",
            "__v": 0
        },
        {
            "_id": "61c0c5a71d1f82001bdaaa70",
            "name": "Говяжий метеорит (отбивная)",
            "type": "main",
            "proteins": 800,
            "fat": 800,
            "carbohydrates": 300,
            "calories": 2674,
            "price": 3000,
            "image": "https://code.s3.yandex.net/react/code/meat-04.png",
            "image_mobile": "https://code.s3.yandex.net/react/code/meat-04-mobile.png",
            "image_large": "https://code.s3.yandex.net/react/code/meat-04-large.png",
            "__v": 0
        },
        {
            "_id": "61c0c5a71d1f82001bdaaa71",
            "name": "Биокотлета из марсианской Магнолии",
            "type": "main",
            "proteins": 420,
            "fat": 142,
            "carbohydrates": 242,
            "calories": 4242,
            "price": 424,
            "image": "https://code.s3.yandex.net/react/code/meat-01.png",
            "image_mobile": "https://code.s3.yandex.net/react/code/meat-01-mobile.png",
            "image_large": "https://code.s3.yandex.net/react/code/meat-01-large.png",
            "__v": 0
        },
        {
            "_id": "61c0c5a71d1f82001bdaaa72",
            "name": "Соус Spicy-X",
            "type": "sauce",
            "proteins": 30,
            "fat": 20,
            "carbohydrates": 40,
            "calories": 30,
            "price": 90,
            "image": "https://code.s3.yandex.net/react/code/sauce-02.png",
            "image_mobile": "https://code.s3.yandex.net/react/code/sauce-02-mobile.png",
            "image_large": "https://code.s3.yandex.net/react/code/sauce-02-large.png",
            "__v": 0
        },
        {
            "_id": "61c0c5a71d1f82001bdaaa6e",
            "name": "Филе Люминесцентного тетраодонтимформа",
            "type": "main",
            "proteins": 44,
            "fat": 26,
            "carbohydrates": 85,
            "calories": 643,
            "price": 988,
            "image": "https://code.s3.yandex.net/react/code/meat-03.png",
            "image_mobile": "https://code.s3.yandex.net/react/code/meat-03-mobile.png",
            "image_large": "https://code.s3.yandex.net/react/code/meat-03-large.png",
            "__v": 0
        },
        {
            "_id": "61c0c5a71d1f82001bdaaa73",
            "name": "Соус фирменный Space Sauce",
            "type": "sauce",
            "proteins": 50,
            "fat": 22,
            "carbohydrates": 11,
            "calories": 14,
            "price": 80,
            "image": "https://code.s3.yandex.net/react/code/sauce-04.png",
            "image_mobile": "https://code.s3.yandex.net/react/code/sauce-04-mobile.png",
            "image_large": "https://code.s3.yandex.net/react/code/sauce-04-large.png",
            "__v": 0
        },
        {
            "_id": "61c0c5a71d1f82001bdaaa74",
            "name": "Соус традиционный галактический",
            "type": "sauce",
            "proteins": 42,
            "fat": 24,
            "carbohydrates": 42,
            "calories": 99,
            "price": 15,
            "image": "https://code.s3.yandex.net/react/code/sauce-03.png",
            "image_mobile": "https://code.s3.yandex.net/react/code/sauce-03-mobile.png",
            "image_large": "https://code.s3.yandex.net/react/code/sauce-03-large.png",
            "__v": 0
        },
        {
            "_id": "61c0c5a71d1f82001bdaaa6c",
            "name": "Краторная булка N-200i",
            "type": "bun",
            "proteins": 80,
            "fat": 24,
            "carbohydrates": 53,
            "calories": 420,
            "price": 1255,
            "image": "https://code.s3.yandex.net/react/code/bun-02.png",
            "image_mobile": "https://code.s3.yandex.net/react/code/bun-02-mobile.png",
            "image_large": "https://code.s3.yandex.net/react/code/bun-02-large.png",
            "__v": 0
        },
        {
            "_id": "61c0c5a71d1f82001bdaaa75",
            "name": "Соус с шипами Антарианского плоскоходца",
            "type": "sauce",
            "proteins": 101,
            "fat": 99,
            "carbohydrates": 100,
            "calories": 100,
            "price": 88,
            "image": "https://code.s3.yandex.net/react/code/sauce-01.png",
            "image_mobile": "https://code.s3.yandex.net/react/code/sauce-01-mobile.png",
            "image_large": "https://code.s3.yandex.net/react/code/sauce-01-large.png",
            "__v": 0
        },
        {
            "_id": "61c0c5a71d1f82001bdaaa76",
            "name": "Хрустящие минеральные кольца",
            "type": "main",
            "proteins": 808,
            "fat": 689,
            "carbohydrates": 609,
            "calories": 986,
            "price": 300,
            "image": "https://code.s3.yandex.net/react/code/mineral_rings.png",
            "image_mobile": "https://code.s3.yandex.net/react/code/mineral_rings-mobile.png",
            "image_large": "https://code.s3.yandex.net/react/code/mineral_rings-large.png",
            "__v": 0
        },
        {
            "_id": "61c0c5a71d1f82001bdaaa77",
            "name": "Плоды Фалленианского дерева",
            "type": "main",
            "proteins": 20,
            "fat": 5,
            "carbohydrates": 55,
            "calories": 77,
            "price": 874,
            "image": "https://code.s3.yandex.net/react/code/sp_1.png",
            "image_mobile": "https://code.s3.yandex.net/react/code/sp_1-mobile.png",
            "image_large": "https://code.s3.yandex.net/react/code/sp_1-large.png",
            "__v": 0
        },
        {
            "_id": "61c0c5a71d1f82001bdaaa78",
            "name": "Кристаллы марсианских альфа-сахаридов",
            "type": "main",
            "proteins": 234,
            "fat": 432,
            "carbohydrates": 111,
            "calories": 189,
            "price": 762,
            "image": "https://code.s3.yandex.net/react/code/core.png",
            "image_mobile": "https://code.s3.yandex.net/react/code/core-mobile.png",
            "image_large": "https://code.s3.yandex.net/react/code/core-large.png",
            "__v": 0
        },
        {
            "_id": "61c0c5a71d1f82001bdaaa79",
            "name": "Мини-салат Экзо-Плантаго",
            "type": "main",
            "proteins": 1,
            "fat": 2,
            "carbohydrates": 3,
            "calories": 6,
            "price": 4400,
            "image": "https://code.s3.yandex.net/react/code/salad.png",
            "image_mobile": "https://code.s3.yandex.net/react/code/salad-mobile.png",
            "image_large": "https://code.s3.yandex.net/react/code/salad-large.png",
            "__v": 0
        },
        {
            "_id": "61c0c5a71d1f82001bdaaa7a",
            "name": "Сыр с астероидной плесенью",
            "type": "main",
            "proteins": 84,
            "fat": 48,
            "carbohydrates": 420,
            "calories": 3377,
            "price": 4142,
            "image": "https://code.s3.yandex.net/react/code/cheese.png",
            "image_mobile": "https://code.s3.yandex.net/react/code/cheese-mobile.png",
            "image_large": "https://code.s3.yandex.net/react/code/cheese-large.png",
            "__v": 0
        }
    ]
}
HTTP/1.1 200 OK
Date: Sun, 30 Jun 2024 15:27:42 GMT
Content-Type: application/json; charset=utf-8
Transfer-Encoding: chunked
Connection: keep-alive
X-Powered-By: Express
Access-Control-Allow-Origin: *
ETag: W/"1745-LHZ7D8kBZWcbCGljCoPXtjB5CeA"
CF-Cache-Status: DYNAMIC
Report-To: {"endpoints":[{"url":"https:\/\/a.nel.cloudflare.com\/report\/v4?s=fjBTlJu04GsfzDpgH9157GyMYWoW9zBLGDoEO6KZsJoJmbHkYjvfrS4NCqjOytagm6q4aXuwHrSH%2BYYTP2WSanN2aUSjgc7TiLSaVol%2Bi1bdpulczyC4qx6fkmwLL9oyQnEzi1bh2pOAmEUpnqK%2B%2FRBhOD4%3D"}],"group":"cf-nel","max_age":604800}
NEL: {"success_fraction":0,"report_to":"cf-nel","max_age":604800}
Server: cloudflare
CF-RAY: 89bf2e912e5e9d9d-DME
Content-Encoding: gzip
alt-svc: h3=":443"; ma=86400

{
    "success": true,
    "data": [
        {
            "_id": "61c0c5a71d1f82001bdaaa6d",
            "name": "Флюоресцентная булка R2-D3",
            "type": "bun",
            "proteins": 44,
            "fat": 26,
            "carbohydrates": 85,
            "calories": 643,
            "price": 988,
            "image": "https://code.s3.yandex.net/react/code/bun-01.png",
            "image_mobile": "https://code.s3.yandex.net/react/code/bun-01-mobile.png",
            "image_large": "https://code.s3.yandex.net/react/code/bun-01-large.png",
            "__v": 0
        },
        {
            "_id": "61c0c5a71d1f82001bdaaa6f",
            "name": "Мясо бессмертных моллюсков Protostomia",
            "type": "main",
            "proteins": 433,
            "fat": 244,
            "carbohydrates": 33,
            "calories": 420,
            "price": 1337,
            "image": "https://code.s3.yandex.net/react/code/meat-02.png",
            "image_mobile": "https://code.s3.yandex.net/react/code/meat-02-mobile.png",
            "image_large": "https://code.s3.yandex.net/react/code/meat-02-large.png",
            "__v": 0
        },
        {
            "_id": "61c0c5a71d1f82001bdaaa70",
            "name": "Говяжий метеорит (отбивная)",
            "type": "main",
            "proteins": 800,
            "fat": 800,
            "carbohydrates": 300,
            "calories": 2674,
            "price": 3000,
            "image": "https://code.s3.yandex.net/react/code/meat-04.png",
            "image_mobile": "https://code.s3.yandex.net/react/code/meat-04-mobile.png",
            "image_large": "https://code.s3.yandex.net/react/code/meat-04-large.png",
            "__v": 0
        },
        {
            "_id": "61c0c5a71d1f82001bdaaa71",
            "name": "Биокотлета из марсианской Магнолии",
            "type": "main",
            "proteins": 420,
            "fat": 142,
            "carbohydrates": 242,
            "calories": 4242,
            "price": 424,
            "image": "https://code.s3.yandex.net/react/code/meat-01.png",
            "image_mobile": "https://code.s3.yandex.net/react/code/meat-01-mobile.png",
            "image_large": "https://code.s3.yandex.net/react/code/meat-01-large.png",
            "__v": 0
        },
        {
            "_id": "61c0c5a71d1f82001bdaaa72",
            "name": "Соус Spicy-X",
            "type": "sauce",
            "proteins": 30,
            "fat": 20,
            "carbohydrates": 40,
            "calories": 30,
            "price": 90,
            "image": "https://code.s3.yandex.net/react/code/sauce-02.png",
            "image_mobile": "https://code.s3.yandex.net/react/code/sauce-02-mobile.png",
            "image_large": "https://code.s3.yandex.net/react/code/sauce-02-large.png",
            "__v": 0
        },
        {
            "_id": "61c0c5a71d1f82001bdaaa6e",
            "name": "Филе Люминесцентного тетраодонтимформа",
            "type": "main",
            "proteins": 44,
            "fat": 26,
            "carbohydrates": 85,
            "calories": 643,
            "price": 988,
            "image": "https://code.s3.yandex.net/react/code/meat-03.png",
            "image_mobile": "https://code.s3.yandex.net/react/code/meat-03-mobile.png",
            "image_large": "https://code.s3.yandex.net/react/code/meat-03-large.png",
            "__v": 0
        },
        {
            "_id": "61c0c5a71d1f82001bdaaa73",
            "name": "Соус фирменный Space Sauce",
            "type": "sauce",
            "proteins": 50,
            "fat": 22,
            "carbohydrates": 11,
            "calories": 14,
            "price": 80,
            "image": "https://code.s3.yandex.net/react/code/sauce-04.png",
            "image_mobile": "https://code.s3.yandex.net/react/code/sauce-04-mobile.png",
            "image_large": "https://code.s3.yandex.net/react/code/sauce-04-large.png",
            "__v": 0
        },
        {
            "_id": "61c0c5a71d1f82001bdaaa74",
            "name": "Соус традиционный галактический",
            "type": "sauce",
            "proteins": 42,
            "fat": 24,
            "carbohydrates": 42,
            "calories": 99,
            "price": 15,
            "image": "https://code.s3.yandex.net/react/code/sauce-03.png",
            "image_mobile": "https://code.s3.yandex.net/react/code/sauce-03-mobile.png",
            "image_large": "https://code.s3.yandex.net/react/code/sauce-03-large.png",
            "__v": 0
        },
        {
            "_id": "61c0c5a71d1f82001bdaaa6c",
            "name": "Краторная булка N-200i",
            "type": "bun",
            "proteins": 80,
            "fat": 24,
            "carbohydrates": 53,
            "calories": 420,
            "price": 1255,
            "image": "https://code.s3.yandex.net/react/code/bun-02.png",
            "image_mobile": "https://code.s3.yandex.net/react/code/bun-02-mobile.png",
            "image_large": "https://code.s3.yandex.net/react/code/bun-02-large.png",
            "__v": 0
        },
        {
            "_id": "61c0c5a71d1f82001bdaaa75",
            "name": "Соус с шипами Антарианского плоскоходца",
            "type": "sauce",
            "proteins": 101,
            "fat": 99,
            "carbohydrates": 100,
            "calories": 100,
            "price": 88,
            "image": "https://code.s3.yandex.net/react/code/sauce-01.png",
            "image_mobile": "https://code.s3.yandex.net/react/code/sauce-01-mobile.png",
            "image_large": "https://code.s3.yandex.net/react/code/sauce-01-large.png",
            "__v": 0
        },
        {
            "_id": "61c0c5a71d1f82001bdaaa76",
            "name": "Хрустящие минеральные кольца",
            "type": "main",
            "proteins": 808,
            "fat": 689,
            "carbohydrates": 609,
            "calories": 986,
            "price": 300,
            "image": "https://code.s3.yandex.net/react/code/mineral_rings.png",
            "image_mobile": "https://code.s3.yandex.net/react/code/mineral_rings-mobile.png",
            "image_large": "https://code.s3.yandex.net/react/code/mineral_rings-large.png",
            "__v": 0
        },
        {
            "_id": "61c0c5a71d1f82001bdaaa77",
            "name": "Плоды Фалленианского дерева",
            "type": "main",
            "proteins": 20,
            "fat": 5,
            "carbohydrates": 55,
            "calories": 77,
            "price": 874,
            "image": "https://code.s3.yandex.net/react/code/sp_1.png",
            "image_mobile": "https://code.s3.yandex.net/react/code/sp_1-mobile.png",
            "image_large": "https://code.s3.yandex.net/react/code/sp_1-large.png",
            "__v": 0
        },
        {
            "_id": "61c0c5a71d1f82001bdaaa78",
            "name": "Кристаллы марсианских альфа-сахаридов",
            "type": "main",
            "proteins": 234,
            "fat": 432,
            "carbohydrates": 111,
            "calories": 189,
            "price": 762,
            "image": "https://code.s3.yandex.net/react/code/core.png",
            "image_mobile": "https://code.s3.yandex.net/react/code/core-mobile.png",
            "image_large": "https://code.s3.yandex.net/react/code/core-large.png",
            "__v": 0
        },
        {
            "_id": "61c0c5a71d1f82001bdaaa79",
            "name": "Мини-салат Экзо-Плантаго",
            "type": "main",
            "proteins": 1,
            "fat": 2,
            "carbohydrates": 3,
            "calories": 6,
            "price": 4400,
            "image": "https://code.s3.yandex.net/react/code/salad.png",
            "image_mobile": "https://code.s3.yandex.net/react/code/salad-mobile.png",
            "image_large": "https://code.s3.yandex.net/react/code/salad-large.png",
            "__v": 0
        },
        {
            "_id": "61c0c5a71d1f82001bdaaa7a",
            "name": "Сыр с астероидной плесенью",
            "type": "main",
            "proteins": 84,
            "fat": 48,
            "carbohydrates": 420,
            "calories": 3377,
            "price": 4142,
            "image": "https://code.s3.yandex.net/react/code/cheese.png",
            "image_mobile": "https://code.s3.yandex.net/react/code/cheese-mobile.png",
            "image_large": "https://code.s3.yandex.net/react/code/cheese-large.png",
            "__v": 0
        }
    ]
}
HTTP/1.1 200 OK
Date: Sun, 30 Jun 2024 15:27:42 GMT
Content-Type: application/json; charset=utf-8
Transfer-Encoding: chunked
Connection: keep-alive
X-Powered-By: Express
Access-Control-Allow-Origin: *
ETag: W/"1745-LHZ7D8kBZWcbCGljCoPXtjB5CeA"
CF-Cache-Status: DYNAMIC
Report-To: {"endpoints":[{"url":"https:\/\/a.nel.cloudflare.com\/report\/v4?s=fjBTlJu04GsfzDpgH9157GyMYWoW9zBLGDoEO6KZsJoJmbHkYjvfrS4NCqjOytagm6q4aXuwHrSH%2BYYTP2WSanN2aUSjgc7TiLSaVol%2Bi1bdpulczyC4qx6fkmwLL9oyQnEzi1bh2pOAmEUpnqK%2B%2FRBhOD4%3D"}],"group":"cf-nel","max_age":604800}
NEL: {"success_fraction":0,"report_to":"cf-nel","max_age":604800}
Server: cloudflare
CF-RAY: 89bf2e912e5e9d9d-DME
Content-Encoding: gzip
alt-svc: h3=":443"; ma=86400

{
    "success": true,
    "data": [
        {
            "_id": "61c0c5a71d1f82001bdaaa6d",
            "name": "Флюоресцентная булка R2-D3",
            "type": "bun",
            "proteins": 44,
            "fat": 26,
            "carbohydrates": 85,
            "calories": 643,
            "price": 988,
            "image": "https://code.s3.yandex.net/react/code/bun-01.png",
            "image_mobile": "https://code.s3.yandex.net/react/code/bun-01-mobile.png",
            "image_large": "https://code.s3.yandex.net/react/code/bun-01-large.png",
            "__v": 0
        },
        {
            "_id": "61c0c5a71d1f82001bdaaa6f",
            "name": "Мясо бессмертных моллюсков Protostomia",
            "type": "main",
            "proteins": 433,
            "fat": 244,
            "carbohydrates": 33,
            "calories": 420,
            "price": 1337,
            "image": "https://code.s3.yandex.net/react/code/meat-02.png",
            "image_mobile": "https://code.s3.yandex.net/react/code/meat-02-mobile.png",
            "image_large": "https://code.s3.yandex.net/react/code/meat-02-large.png",
            "__v": 0
        },
        {
            "_id": "61c0c5a71d1f82001bdaaa70",
            "name": "Говяжий метеорит (отбивная)",
            "type": "main",
            "proteins": 800,
            "fat": 800,
            "carbohydrates": 300,
            "calories": 2674,
            "price": 3000,
            "image": "https://code.s3.yandex.net/react/code/meat-04.png",
            "image_mobile": "https://code.s3.yandex.net/react/code/meat-04-mobile.png",
            "image_large": "https://code.s3.yandex.net/react/code/meat-04-large.png",
            "__v": 0
        },
        {
            "_id": "61c0c5a71d1f82001bdaaa71",
            "name": "Биокотлета из марсианской Магнолии",
            "type": "main",
            "proteins": 420,
            "fat": 142,
            "carbohydrates": 242,
            "calories": 4242,
            "price": 424,
            "image": "https://code.s3.yandex.net/react/code/meat-01.png",
            "image_mobile": "https://code.s3.yandex.net/react/code/meat-01-mobile.png",
            "image_large": "https://code.s3.yandex.net/react/code/meat-01-large.png",
            "__v": 0
        },
        {
            "_id": "61c0c5a71d1f82001bdaaa72",
            "name": "Соус Spicy-X",
            "type": "sauce",
            "proteins": 30,
            "fat": 20,
            "carbohydrates": 40,
            "calories": 30,
            "price": 90,
            "image": "https://code.s3.yandex.net/react/code/sauce-02.png",
            "image_mobile": "https://code.s3.yandex.net/react/code/sauce-02-mobile.png",
            "image_large": "https://code.s3.yandex.net/react/code/sauce-02-large.png",
            "__v": 0
        },
        {
            "_id": "61c0c5a71d1f82001bdaaa6e",
            "name": "Филе Люминесцентного тетраодонтимформа",
            "type": "main",
            "proteins": 44,
            "fat": 26,
            "carbohydrates": 85,
            "calories": 643,
            "price": 988,
            "image": "https://code.s3.yandex.net/react/code/meat-03.png",
            "image_mobile": "https://code.s3.yandex.net/react/code/meat-03-mobile.png",
            "image_large": "https://code.s3.yandex.net/react/code/meat-03-large.png",
            "__v": 0
        },
        {
            "_id": "61c0c5a71d1f82001bdaaa73",
            "name": "Соус фирменный Space Sauce",
            "type": "sauce",
            "proteins": 50,
            "fat": 22,
            "carbohydrates": 11,
            "calories": 14,
            "price": 80,
            "image": "https://code.s3.yandex.net/react/code/sauce-04.png",
            "image_mobile": "https://code.s3.yandex.net/react/code/sauce-04-mobile.png",
            "image_large": "https://code.s3.yandex.net/react/code/sauce-04-large.png",
            "__v": 0
        },
        {
            "_id": "61c0c5a71d1f82001bdaaa74",
            "name": "Соус традиционный галактический",
            "type": "sauce",
            "proteins": 42,
            "fat": 24,
            "carbohydrates": 42,
            "calories": 99,
            "price": 15,
            "image": "https://code.s3.yandex.net/react/code/sauce-03.png",
            "image_mobile": "https://code.s3.yandex.net/react/code/sauce-03-mobile.png",
            "image_large": "https://code.s3.yandex.net/react/code/sauce-03-large.png",
            "__v": 0
        },
        {
            "_id": "61c0c5a71d1f82001bdaaa6c",
            "name": "Краторная булка N-200i",
            "type": "bun",
            "proteins": 80,
            "fat": 24,
            "carbohydrates": 53,
            "calories": 420,
            "price": 1255,
            "image": "https://code.s3.yandex.net/react/code/bun-02.png",
            "image_mobile": "https://code.s3.yandex.net/react/code/bun-02-mobile.png",
            "image_large": "https://code.s3.yandex.net/react/code/bun-02-large.png",
            "__v": 0
        },
        {
            "_id": "61c0c5a71d1f82001bdaaa75",
            "name": "Соус с шипами Антарианского плоскоходца",
            "type": "sauce",
            "proteins": 101,
            "fat": 99,
            "carbohydrates": 100,
            "calories": 100,
            "price": 88,
            "image": "https://code.s3.yandex.net/react/code/sauce-01.png",
            "image_mobile": "https://code.s3.yandex.net/react/code/sauce-01-mobile.png",
            "image_large": "https://code.s3.yandex.net/react/code/sauce-01-large.png",
            "__v": 0
        },
        {
            "_id": "61c0c5a71d1f82001bdaaa76",
            "name": "Хрустящие минеральные кольца",
            "type": "main",
            "proteins": 808,
            "fat": 689,
            "carbohydrates": 609,
            "calories": 986,
            "price": 300,
            "image": "https://code.s3.yandex.net/react/code/mineral_rings.png",
            "image_mobile": "https://code.s3.yandex.net/react/code/mineral_rings-mobile.png",
            "image_large": "https://code.s3.yandex.net/react/code/mineral_rings-large.png",
            "__v": 0
        },
        {
            "_id": "61c0c5a71d1f82001bdaaa77",
            "name": "Плоды Фалленианского дерева",
            "type": "main",
            "proteins": 20,
            "fat": 5,
            "carbohydrates": 55,
            "calories": 77,
            "price": 874,
            "image": "https://code.s3.yandex.net/react/code/sp_1.png",
            "image_mobile": "https://code.s3.yandex.net/react/code/sp_1-mobile.png",
            "image_large": "https://code.s3.yandex.net/react/code/sp_1-large.png",
            "__v": 0
        },
        {
            "_id": "61c0c5a71d1f82001bdaaa78",
            "name": "Кристаллы марсианских альфа-сахаридов",
            "type": "main",
            "proteins": 234,
            "fat": 432,
            "carbohydrates": 111,
            "calories": 189,
            "price": 762,
            "image": "https://code.s3.yandex.net/react/code/core.png",
            "image_mobile": "https://code.s3.yandex.net/react/code/core-mobile.png",
            "image_large": "https://code.s3.yandex.net/react/code/core-large.png",
            "__v": 0
        },
        {
            "_id": "61c0c5a71d1f82001bdaaa79",
            "name": "Мини-салат Экзо-Плантаго",
            "type": "main",
            "proteins": 1,
            "fat": 2,
            "carbohydrates": 3,
            "calories": 6,
            "price": 4400,
            "image": "https://code.s3.yandex.net/react/code/salad.png",
            "image_mobile": "https://code.s3.yandex.net/react/code/salad-mobile.png",
            "image_large": "https://code.s3.yandex.net/react/code/salad-large.png",
            "__v": 0
        },
        {
            "_id": "61c0c5a71d1f82001bdaaa7a",
            "name": "Сыр с астероидной плесенью",
            "type": "main",
            "proteins": 84,
            "fat": 48,
            "carbohydrates": 420,
            "calories": 3377,
            "price": 4142,
            "image": "https://code.s3.yandex.net/react/code/cheese.png",
            "image_mobile": "https://code.s3.yandex.net/react/code/cheese-mobile.png",
            "image_large": "https://code.s3.yandex.net/react/code/cheese-large.png",
            "__v": 0
        }
    ]
}
HTTP/1.1 200 OK
Date: Sun, 30 Jun 2024 15:27:42 GMT
Content-Type: application/json; charset=utf-8
Transfer-Encoding: chunked
Connection: keep-alive
X-Powered-By: Express
Access-Control-Allow-Origin: *
ETag: W/"1745-LHZ7D8kBZWcbCGljCoPXtjB5CeA"
CF-Cache-Status: DYNAMIC
Report-To: {"endpoints":[{"url":"https:\/\/a.nel.cloudflare.com\/report\/v4?s=fjBTlJu04GsfzDpgH9157GyMYWoW9zBLGDoEO6KZsJoJmbHkYjvfrS4NCqjOytagm6q4aXuwHrSH%2BYYTP2WSanN2aUSjgc7TiLSaVol%2Bi1bdpulczyC4qx6fkmwLL9oyQnEzi1bh2pOAmEUpnqK%2B%2FRBhOD4%3D"}],"group":"cf-nel","max_age":604800}
NEL: {"success_fraction":0,"report_to":"cf-nel","max_age":604800}
Server: cloudflare
CF-RAY: 89bf2e912e5e9d9d-DME
Content-Encoding: gzip
alt-svc: h3=":443"; ma=86400

{
    "success": true,
    "data": [
        {
            "_id": "61c0c5a71d1f82001bdaaa6d",
            "name": "Флюоресцентная булка R2-D3",
            "type": "bun",
            "proteins": 44,
            "fat": 26,
            "carbohydrates": 85,
            "calories": 643,
            "price": 988,
            "image": "https://code.s3.yandex.net/react/code/bun-01.png",
            "image_mobile": "https://code.s3.yandex.net/react/code/bun-01-mobile.png",
            "image_large": "https://code.s3.yandex.net/react/code/bun-01-large.png",
            "__v": 0
        },
        {
            "_id": "61c0c5a71d1f82001bdaaa6f",
            "name": "Мясо бессмертных моллюсков Protostomia",
            "type": "main",
            "proteins": 433,
            "fat": 244,
            "carbohydrates": 33,
            "calories": 420,
            "price": 1337,
            "image": "https://code.s3.yandex.net/react/code/meat-02.png",
            "image_mobile": "https://code.s3.yandex.net/react/code/meat-02-mobile.png",
            "image_large": "https://code.s3.yandex.net/react/code/meat-02-large.png",
            "__v": 0
        },
        {
            "_id": "61c0c5a71d1f82001bdaaa70",
            "name": "Говяжий метеорит (отбивная)",
            "type": "main",
            "proteins": 800,
            "fat": 800,
            "carbohydrates": 300,
            "calories": 2674,
            "price": 3000,
            "image": "https://code.s3.yandex.net/react/code/meat-04.png",
            "image_mobile": "https://code.s3.yandex.net/react/code/meat-04-mobile.png",
            "image_large": "https://code.s3.yandex.net/react/code/meat-04-large.png",
            "__v": 0
        },
        {
            "_id": "61c0c5a71d1f82001bdaaa71",
            "name": "Биокотлета из марсианской Магнолии",
            "type": "main",
            "proteins": 420,
            "fat": 142,
            "carbohydrates": 242,
            "calories": 4242,
            "price": 424,
            "image": "https://code.s3.yandex.net/react/code/meat-01.png",
            "image_mobile": "https://code.s3.yandex.net/react/code/meat-01-mobile.png",
            "image_large": "https://code.s3.yandex.net/react/code/meat-01-large.png",
            "__v": 0
        },
        {
            "_id": "61c0c5a71d1f82001bdaaa72",
            "name": "Соус Spicy-X",
            "type": "sauce",
            "proteins": 30,
            "fat": 20,
            "carbohydrates": 40,
            "calories": 30,
            "price": 90,
            "image": "https://code.s3.yandex.net/react/code/sauce-02.png",
            "image_mobile": "https://code.s3.yandex.net/react/code/sauce-02-mobile.png",
            "image_large": "https://code.s3.yandex.net/react/code/sauce-02-large.png",
            "__v": 0
        },
        {
            "_id": "61c0c5a71d1f82001bdaaa6e",
            "name": "Филе Люминесцентного тетраодонтимформа",
            "type": "main",
            "proteins": 44,
            "fat": 26,
            "carbohydrates": 85,
            "calories": 643,
            "price": 988,
            "image": "https://code.s3.yandex.net/react/code/meat-03.png",
            "image_mobile": "https://code.s3.yandex.net/react/code/meat-03-mobile.png",
            "image_large": "https://code.s3.yandex.net/react/code/meat-03-large.png",
            "__v": 0
        },
        {
            "_id": "61c0c5a71d1f82001bdaaa73",
            "name": "Соус фирменный Space Sauce",
            "type": "sauce",
            "proteins": 50,
            "fat": 22,
            "carbohydrates": 11,
            "calories": 14,
            "price": 80,
            "image": "https://code.s3.yandex.net/react/code/sauce-04.png",
            "image_mobile": "https://code.s3.yandex.net/react/code/sauce-04-mobile.png",
            "image_large": "https://code.s3.yandex.net/react/code/sauce-04-large.png",
            "__v": 0
        },
        {
            "_id": "61c0c5a71d1f82001bdaaa74",
            "name": "Соус традиционный галактический",
            "type": "sauce",
            "proteins": 42,
            "fat": 24,
            "carbohydrates": 42,
            "calories": 99,
            "price": 15,
            "image": "https://code.s3.yandex.net/react/code/sauce-03.png",
            "image_mobile": "https://code.s3.yandex.net/react/code/sauce-03-mobile.png",
            "image_large": "https://code.s3.yandex.net/react/code/sauce-03-large.png",
            "__v": 0
        },
        {
            "_id": "61c0c5a71d1f82001bdaaa6c",
            "name": "Краторная булка N-200i",
            "type": "bun",
            "proteins": 80,
            "fat": 24,
            "carbohydrates": 53,
            "calories": 420,
            "price": 1255,
            "image": "https://code.s3.yandex.net/react/code/bun-02.png",
            "image_mobile": "https://code.s3.yandex.net/react/code/bun-02-mobile.png",
            "image_large": "https://code.s3.yandex.net/react/code/bun-02-large.png",
            "__v": 0
        },
        {
            "_id": "61c0c5a71d1f82001bdaaa75",
            "name": "Соус с шипами Антарианского плоскоходца",
            "type": "sauce",
            "proteins": 101,
            "fat": 99,
            "carbohydrates": 100,
            "calories": 100,
            "price": 88,
            "image": "https://code.s3.yandex.net/react/code/sauce-01.png",
            "image_mobile": "https://code.s3.yandex.net/react/code/sauce-01-mobile.png",
            "image_large": "https://code.s3.yandex.net/react/code/sauce-01-large.png",
            "__v": 0
        },
        {
            "_id": "61c0c5a71d1f82001bdaaa76",
            "name": "Хрустящие минеральные кольца",
            "type": "main",
            "proteins": 808,
            "fat": 689,
            "carbohydrates": 609,
            "calories": 986,
            "price": 300,
            "image": "https://code.s3.yandex.net/react/code/mineral_rings.png",
            "image_mobile": "https://code.s3.yandex.net/react/code/mineral_rings-mobile.png",
            "image_large": "https://code.s3.yandex.net/react/code/mineral_rings-large.png",
            "__v": 0
        },
        {
            "_id": "61c0c5a71d1f82001bdaaa77",
            "name": "Плоды Фалленианского дерева",
            "type": "main",
            "proteins": 20,
            "fat": 5,
            "carbohydrates": 55,
            "calories": 77,
            "price": 874,
            "image": "https://code.s3.yandex.net/react/code/sp_1.png",
            "image_mobile": "https://code.s3.yandex.net/react/code/sp_1-mobile.png",
            "image_large": "https://code.s3.yandex.net/react/code/sp_1-large.png",
            "__v": 0
        },
        {
            "_id": "61c0c5a71d1f82001bdaaa78",
            "name": "Кристаллы марсианских альфа-сахаридов",
            "type": "main",
            "proteins": 234,
            "fat": 432,
            "carbohydrates": 111,
            "calories": 189,
            "price": 762,
            "image": "https://code.s3.yandex.net/react/code/core.png",
            "image_mobile": "https://code.s3.yandex.net/react/code/core-mobile.png",
            "image_large": "https://code.s3.yandex.net/react/code/core-large.png",
            "__v": 0
        },
        {
            "_id": "61c0c5a71d1f82001bdaaa79",
            "name": "Мини-салат Экзо-Плантаго",
            "type": "main",
            "proteins": 1,
            "fat": 2,
            "carbohydrates": 3,
            "calories": 6,
            "price": 4400,
            "image": "https://code.s3.yandex.net/react/code/salad.png",
            "image_mobile": "https://code.s3.yandex.net/react/code/salad-mobile.png",
            "image_large": "https://code.s3.yandex.net/react/code/salad-large.png",
            "__v": 0
        },
        {
            "_id": "61c0c5a71d1f82001bdaaa7a",
            "name": "Сыр с астероидной плесенью",
            "type": "main",
            "proteins": 84,
            "fat": 48,
            "carbohydrates": 420,
            "calories": 3377,
            "price": 4142,
            "image": "https://code.s3.yandex.net/react/code/cheese.png",
            "image_mobile": "https://code.s3.yandex.net/react/code/cheese-mobile.png",
            "image_large": "https://code.s3.yandex.net/react/code/cheese-large.png",
            "__v": 0
        }
    ]
}
HTTP/1.1 200 OK
Date: Sun, 30 Jun 2024 15:27:42 GMT
Content-Type: application/json; charset=utf-8
Transfer-Encoding: chunked
Connection: keep-alive
X-Powered-By: Express
Access-Control-Allow-Origin: *
ETag: W/"1745-LHZ7D8kBZWcbCGljCoPXtjB5CeA"
CF-Cache-Status: DYNAMIC
Report-To: {"endpoints":[{"url":"https:\/\/a.nel.cloudflare.com\/report\/v4?s=fjBTlJu04GsfzDpgH9157GyMYWoW9zBLGDoEO6KZsJoJmbHkYjvfrS4NCqjOytagm6q4aXuwHrSH%2BYYTP2WSanN2aUSjgc7TiLSaVol%2Bi1bdpulczyC4qx6fkmwLL9oyQnEzi1bh2pOAmEUpnqK%2B%2FRBhOD4%3D"}],"group":"cf-nel","max_age":604800}
NEL: {"success_fraction":0,"report_to":"cf-nel","max_age":604800}
Server: cloudflare
CF-RAY: 89bf2e912e5e9d9d-DME
Content-Encoding: gzip
alt-svc: h3=":443"; ma=86400

{
    "success": true,
    "data": [
        {
            "_id": "61c0c5a71d1f82001bdaaa6d",
            "name": "Флюоресцентная булка R2-D3",
            "type": "bun",
            "proteins": 44,
            "fat": 26,
            "carbohydrates": 85,
            "calories": 643,
            "price": 988,
            "image": "https://code.s3.yandex.net/react/code/bun-01.png",
            "image_mobile": "https://code.s3.yandex.net/react/code/bun-01-mobile.png",
            "image_large": "https://code.s3.yandex.net/react/code/bun-01-large.png",
            "__v": 0
        },
        {
            "_id": "61c0c5a71d1f82001bdaaa6f",
            "name": "Мясо бессмертных моллюсков Protostomia",
            "type": "main",
            "proteins": 433,
            "fat": 244,
            "carbohydrates": 33,
            "calories": 420,
            "price": 1337,
            "image": "https://code.s3.yandex.net/react/code/meat-02.png",
            "image_mobile": "https://code.s3.yandex.net/react/code/meat-02-mobile.png",
            "image_large": "https://code.s3.yandex.net/react/code/meat-02-large.png",
            "__v": 0
        },
        {
            "_id": "61c0c5a71d1f82001bdaaa70",
            "name": "Говяжий метеорит (отбивная)",
            "type": "main",
            "proteins": 800,
            "fat": 800,
            "carbohydrates": 300,
            "calories": 2674,
            "price": 3000,
            "image": "https://code.s3.yandex.net/react/code/meat-04.png",
            "image_mobile": "https://code.s3.yandex.net/react/code/meat-04-mobile.png",
            "image_large": "https://code.s3.yandex.net/react/code/meat-04-large.png",
            "__v": 0
        },
        {
            "_id": "61c0c5a71d1f82001bdaaa71",
            "name": "Биокотлета из марсианской Магнолии",
            "type": "main",
            "proteins": 420,
            "fat": 142,
            "carbohydrates": 242,
            "calories": 4242,
            "price": 424,
            "image": "https://code.s3.yandex.net/react/code/meat-01.png",
            "image_mobile": "https://code.s3.yandex.net/react/code/meat-01-mobile.png",
            "image_large": "https://code.s3.yandex.net/react/code/meat-01-large.png",
            "__v": 0
        },
        {
            "_id": "61c0c5a71d1f82001bdaaa72",
            "name": "Соус Spicy-X",
            "type": "sauce",
            "proteins": 30,
            "fat": 20,
            "carbohydrates": 40,
            "calories": 30,
            "price": 90,
            "image": "https://code.s3.yandex.net/react/code/sauce-02.png",
            "image_mobile": "https://code.s3.yandex.net/react/code/sauce-02-mobile.png",
            "image_large": "https://code.s3.yandex.net/react/code/sauce-02-large.png",
            "__v": 0
        },
        {
            "_id": "61c0c5a71d1f82001bdaaa6e",
            "name": "Филе Люминесцентного тетраодонтимформа",
            "type": "main",
            "proteins": 44,
            "fat": 26,
            "carbohydrates": 85,
            "calories": 643,
            "price": 988,
            "image": "https://code.s3.yandex.net/react/code/meat-03.png",
            "image_mobile": "https://code.s3.yandex.net/react/code/meat-03-mobile.png",
            "image_large": "https://code.s3.yandex.net/react/code/meat-03-large.png",
            "__v": 0
        },
        {
            "_id": "61c0c5a71d1f82001bdaaa73",
            "name": "Соус фирменный Space Sauce",
            "type": "sauce",
            "proteins": 50,
            "fat": 22,
            "carbohydrates": 11,
            "calories": 14,
            "price": 80,
            "image": "https://code.s3.yandex.net/react/code/sauce-04.png",
            "image_mobile": "https://code.s3.yandex.net/react/code/sauce-04-mobile.png",
            "image_large": "https://code.s3.yandex.net/react/code/sauce-04-large.png",
            "__v": 0
        },
        {
            "_id": "61c0c5a71d1f82001bdaaa74",
            "name": "Соус традиционный галактический",
            "type": "sauce",
            "proteins": 42,
            "fat": 24,
            "carbohydrates": 42,
            "calories": 99,
            "price": 15,
            "image": "https://code.s3.yandex.net/react/code/sauce-03.png",
            "image_mobile": "https://code.s3.yandex.net/react/code/sauce-03-mobile.png",
            "image_large": "https://code.s3.yandex.net/react/code/sauce-03-large.png",
            "__v": 0
        },
        {
            "_id": "61c0c5a71d1f82001bdaaa6c",
            "name": "Краторная булка N-200i",
            "type": "bun",
            "proteins": 80,
            "fat": 24,
            "carbohydrates": 53,
            "calories": 420,
            "price": 1255,
            "image": "https://code.s3.yandex.net/react/code/bun-02.png",
            "image_mobile": "https://code.s3.yandex.net/react/code/bun-02-mobile.png",
            "image_large": "https://code.s3.yandex.net/react/code/bun-02-large.png",
            "__v": 0
        },
        {
            "_id": "61c0c5a71d1f82001bdaaa75",
            "name": "Соус с шипами Антарианского плоскоходца",
            "type": "sauce",
            "proteins": 101,
            "fat": 99,
            "carbohydrates": 100,
            "calories": 100,
            "price": 88,
            "image": "https://code.s3.yandex.net/react/code/sauce-01.png",
            "image_mobile": "https://code.s3.yandex.net/react/code/sauce-01-mobile.png",
            "image_large": "https://code.s3.yandex.net/react/code/sauce-01-large.png",
            "__v": 0
        },
        {
            "_id": "61c0c5a71d1f82001bdaaa76",
            "name": "Хрустящие минеральные кольца",
            "type": "main",
            "proteins": 808,
            "fat": 689,
            "carbohydrates": 609,
            "calories": 986,
            "price": 300,
            "image": "https://code.s3.yandex.net/react/code/mineral_rings.png",
            "image_mobile": "https://code.s3.yandex.net/react/code/mineral_rings-mobile.png",
            "image_large": "https://code.s3.yandex.net/react/code/mineral_rings-large.png",
            "__v": 0
        },
        {
            "_id": "61c0c5a71d1f82001bdaaa77",
            "name": "Плоды Фалленианского дерева",
            "type": "main",
            "proteins": 20,
            "fat": 5,
            "carbohydrates": 55,
            "calories": 77,
            "price": 874,
            "image": "https://code.s3.yandex.net/react/code/sp_1.png",
            "image_mobile": "https://code.s3.yandex.net/react/code/sp_1-mobile.png",
            "image_large": "https://code.s3.yandex.net/react/code/sp_1-large.png",
            "__v": 0
        },
        {
            "_id": "61c0c5a71d1f82001bdaaa78",
            "name": "Кристаллы марсианских альфа-сахаридов",
            "type": "main",
            "proteins": 234,
            "fat": 432,
            "carbohydrates": 111,
            "calories": 189,
            "price": 762,
            "image": "https://code.s3.yandex.net/react/code/core.png",
            "image_mobile": "https://code.s3.yandex.net/react/code/core-mobile.png",
            "image_large": "https://code.s3.yandex.net/react/code/core-large.png",
            "__v": 0
        },
        {
            "_id": "61c0c5a71d1f82001bdaaa79",
            "name": "Мини-салат Экзо-Плантаго",
            "type": "main",
            "proteins": 1,
            "fat": 2,
            "carbohydrates": 3,
            "calories": 6,
            "price": 4400,
            "image": "https://code.s3.yandex.net/react/code/salad.png",
            "image_mobile": "https://code.s3.yandex.net/react/code/salad-mobile.png",
            "image_large": "https://code.s3.yandex.net/react/code/salad-large.png",
            "__v": 0
        },
        {
            "_id": "61c0c5a71d1f82001bdaaa7a",
            "name": "Сыр с астероидной плесенью",
            "type": "main",
            "proteins": 84,
            "fat": 48,
            "carbohydrates": 420,
            "calories": 3377,
            "price": 4142,
            "image": "https://code.s3.yandex.net/react/code/cheese.png",
            "image_mobile": "https://code.s3.yandex.net/react/code/cheese-mobile.png",
            "image_large": "https://code.s3.yandex.net/react/code/cheese-large.png",
            "__v": 0
        }
    ]
}
HTTP/1.1 200 OK
Date: Sun, 30 Jun 2024 15:27:42 GMT
Content-Type: application/json; charset=utf-8
Transfer-Encoding: chunked
Connection: keep-alive
X-Powered-By: Express
Access-Control-Allow-Origin: *
ETag: W/"1745-LHZ7D8kBZWcbCGljCoPXtjB5CeA"
CF-Cache-Status: DYNAMIC
Report-To: {"endpoints":[{"url":"https:\/\/a.nel.cloudflare.com\/report\/v4?s=fjBTlJu04GsfzDpgH9157GyMYWoW9zBLGDoEO6KZsJoJmbHkYjvfrS4NCqjOytagm6q4aXuwHrSH%2BYYTP2WSanN2aUSjgc7TiLSaVol%2Bi1bdpulczyC4qx6fkmwLL9oyQnEzi1bh2pOAmEUpnqK%2B%2FRBhOD4%3D"}],"group":"cf-nel","max_age":604800}
NEL: {"success_fraction":0,"report_to":"cf-nel","max_age":604800}
Server: cloudflare
CF-RAY: 89bf2e912e5e9d9d-DME
Content-Encoding: gzip
alt-svc: h3=":443"; ma=86400

{
    "success": true,
    "data": [
        {
            "_id": "61c0c5a71d1f82001bdaaa6d",
            "name": "Флюоресцентная булка R2-D3",
            "type": "bun",
            "proteins": 44,
            "fat": 26,
            "carbohydrates": 85,
            "calories": 643,
            "price": 988,
            "image": "https://code.s3.yandex.net/react/code/bun-01.png",
            "image_mobile": "https://code.s3.yandex.net/react/code/bun-01-mobile.png",
            "image_large": "https://code.s3.yandex.net/react/code/bun-01-large.png",
            "__v": 0
        },
        {
            "_id": "61c0c5a71d1f82001bdaaa6f",
            "name": "Мясо бессмертных моллюсков Protostomia",
            "type": "main",
            "proteins": 433,
            "fat": 244,
            "carbohydrates": 33,
            "calories": 420,
            "price": 1337,
            "image": "https://code.s3.yandex.net/react/code/meat-02.png",
            "image_mobile": "https://code.s3.yandex.net/react/code/meat-02-mobile.png",
            "image_large": "https://code.s3.yandex.net/react/code/meat-02-large.png",
            "__v": 0
        },
        {
            "_id": "61c0c5a71d1f82001bdaaa70",
            "name": "Говяжий метеорит (отбивная)",
            "type": "main",
            "proteins": 800,
            "fat": 800,
            "carbohydrates": 300,
            "calories": 2674,
            "price": 3000,
            "image": "https://code.s3.yandex.net/react/code/meat-04.png",
            "image_mobile": "https://code.s3.yandex.net/react/code/meat-04-mobile.png",
            "image_large": "https://code.s3.yandex.net/react/code/meat-04-large.png",
            "__v": 0
        },
        {
            "_id": "61c0c5a71d1f82001bdaaa71",
            "name": "Биокотлета из марсианской Магнолии",
            "type": "main",
            "proteins": 420,
            "fat": 142,
            "carbohydrates": 242,
            "calories": 4242,
            "price": 424,
            "image": "https://code.s3.yandex.net/react/code/meat-01.png",
            "image_mobile": "https://code.s3.yandex.net/react/code/meat-01-mobile.png",
            "image_large": "https://code.s3.yandex.net/react/code/meat-01-large.png",
            "__v": 0
        },
        {
            "_id": "61c0c5a71d1f82001bdaaa72",
            "name": "Соус Spicy-X",
            "type": "sauce",
            "proteins": 30,
            "fat": 20,
            "carbohydrates": 40,
            "calories": 30,
            "price": 90,
            "image": "https://code.s3.yandex.net/react/code/sauce-02.png",
            "image_mobile": "https://code.s3.yandex.net/react/code/sauce-02-mobile.png",
            "image_large": "https://code.s3.yandex.net/react/code/sauce-02-large.png",
            "__v": 0
        },
        {
            "_id": "61c0c5a71d1f82001bdaaa6e",
            "name": "Филе Люминесцентного тетраодонтимформа",
            "type": "main",
            "proteins": 44,
            "fat": 26,
            "carbohydrates": 85,
            "calories": 643,
            "price": 988,
            "image": "https://code.s3.yandex.net/react/code/meat-03.png",
            "image_mobile": "https://code.s3.yandex.net/react/code/meat-03-mobile.png",
            "image_large": "https://code.s3.yandex.net/react/code/meat-03-large.png",
            "__v": 0
        },
        {
            "_id": "61c0c5a71d1f82001bdaaa73",
            "name": "Соус фирменный Space Sauce",
            "type": "sauce",
            "proteins": 50,
            "fat": 22,
            "carbohydrates": 11,
            "calories": 14,
            "price": 80,
            "image": "https://code.s3.yandex.net/react/code/sauce-04.png",
            "image_mobile": "https://code.s3.yandex.net/react/code/sauce-04-mobile.png",
            "image_large": "https://code.s3.yandex.net/react/code/sauce-04-large.png",
            "__v": 0
        },
        {
            "_id": "61c0c5a71d1f82001bdaaa74",
            "name": "Соус традиционный галактический",
            "type": "sauce",
            "proteins": 42,
            "fat": 24,
            "carbohydrates": 42,
            "calories": 99,
            "price": 15,
            "image": "https://code.s3.yandex.net/react/code/sauce-03.png",
            "image_mobile": "https://code.s3.yandex.net/react/code/sauce-03-mobile.png",
            "image_large": "https://code.s3.yandex.net/react/code/sauce-03-large.png",
            "__v": 0
        },
        {
            "_id": "61c0c5a71d1f82001bdaaa6c",
            "name": "Краторная булка N-200i",
            "type": "bun",
            "proteins": 80,
            "fat": 24,
            "carbohydrates": 53,
            "calories": 420,
            "price": 1255,
            "image": "https://code.s3.yandex.net/react/code/bun-02.png",
            "image_mobile": "https://code.s3.yandex.net/react/code/bun-02-mobile.png",
            "image_large": "https://code.s3.yandex.net/react/code/bun-02-large.png",
            "__v": 0
        },
        {
            "_id": "61c0c5a71d1f82001bdaaa75",
            "name": "Соус с шипами Антарианского плоскоходца",
            "type": "sauce",
            "proteins": 101,
            "fat": 99,
            "carbohydrates": 100,
            "calories": 100,
            "price": 88,
            "image": "https://code.s3.yandex.net/react/code/sauce-01.png",
            "image_mobile": "https://code.s3.yandex.net/react/code/sauce-01-mobile.png",
            "image_large": "https://code.s3.yandex.net/react/code/sauce-01-large.png",
            "__v": 0
        },
        {
            "_id": "61c0c5a71d1f82001bdaaa76",
            "name": "Хрустящие минеральные кольца",
            "type": "main",
            "proteins": 808,
            "fat": 689,
            "carbohydrates": 609,
            "calories": 986,
            "price": 300,
            "image": "https://code.s3.yandex.net/react/code/mineral_rings.png",
            "image_mobile": "https://code.s3.yandex.net/react/code/mineral_rings-mobile.png",
            "image_large": "https://code.s3.yandex.net/react/code/mineral_rings-large.png",
            "__v": 0
        },
        {
            "_id": "61c0c5a71d1f82001bdaaa77",
            "name": "Плоды Фалленианского дерева",
            "type": "main",
            "proteins": 20,
            "fat": 5,
            "carbohydrates": 55,
            "calories": 77,
            "price": 874,
            "image": "https://code.s3.yandex.net/react/code/sp_1.png",
            "image_mobile": "https://code.s3.yandex.net/react/code/sp_1-mobile.png",
            "image_large": "https://code.s3.yandex.net/react/code/sp_1-large.png",
            "__v": 0
        },
        {
            "_id": "61c0c5a71d1f82001bdaaa78",
            "name": "Кристаллы марсианских альфа-сахаридов",
            "type": "main",
            "proteins": 234,
            "fat": 432,
            "carbohydrates": 111,
            "calories": 189,
            "price": 762,
            "image": "https://code.s3.yandex.net/react/code/core.png",
            "image_mobile": "https://code.s3.yandex.net/react/code/core-mobile.png",
            "image_large": "https://code.s3.yandex.net/react/code/core-large.png",
            "__v": 0
        },
        {
            "_id": "61c0c5a71d1f82001bdaaa79",
            "name": "Мини-салат Экзо-Плантаго",
            "type": "main",
            "proteins": 1,
            "fat": 2,
            "carbohydrates": 3,
            "calories": 6,
            "price": 4400,
            "image": "https://code.s3.yandex.net/react/code/salad.png",
            "image_mobile": "https://code.s3.yandex.net/react/code/salad-mobile.png",
            "image_large": "https://code.s3.yandex.net/react/code/salad-large.png",
            "__v": 0
        },
        {
            "_id": "61c0c5a71d1f82001bdaaa7a",
            "name": "Сыр с астероидной плесенью",
            "type": "main",
            "proteins": 84,
            "fat": 48,
            "carbohydrates": 420,
            "calories": 3377,
            "price": 4142,
            "image": "https://code.s3.yandex.net/react/code/cheese.png",
            "image_mobile": "https://code.s3.yandex.net/react/code/cheese-mobile.png",
            "image_large": "https://code.s3.yandex.net/react/code/cheese-large.png",
            "__v": 0
        }
    ]
}
HTTP/1.1 200 OK
Date: Sun, 30 Jun 2024 15:27:42 GMT
Content-Type: application/json; charset=utf-8
Transfer-Encoding: chunked
Connection: keep-alive
X-Powered-By: Express
Access-Control-Allow-Origin: *
ETag: W/"1745-LHZ7D8kBZWcbCGljCoPXtjB5CeA"
CF-Cache-Status: DYNAMIC
Report-To: {"endpoints":[{"url":"https:\/\/a.nel.cloudflare.com\/report\/v4?s=fjBTlJu04GsfzDpgH9157GyMYWoW9zBLGDoEO6KZsJoJmbHkYjvfrS4NCqjOytagm6q4aXuwHrSH%2BYYTP2WSanN2aUSjgc7TiLSaVol%2Bi1bdpulczyC4qx6fkmwLL9oyQnEzi1bh2pOAmEUpnqK%2B%2FRBhOD4%3D"}],"group":"cf-nel","max_age":604800}
NEL: {"success_fraction":0,"report_to":"cf-nel","max_age":604800}
Server: cloudflare
CF-RAY: 89bf2e912e5e9d9d-DME
Content-Encoding: gzip
alt-svc: h3=":443"; ma=86400

{
    "success": true,
    "data": [
        {
            "_id": "61c0c5a71d1f82001bdaaa6d",
            "name": "Флюоресцентная булка R2-D3",
            "type": "bun",
            "proteins": 44,
            "fat": 26,
            "carbohydrates": 85,
            "calories": 643,
            "price": 988,
            "image": "https://code.s3.yandex.net/react/code/bun-01.png",
            "image_mobile": "https://code.s3.yandex.net/react/code/bun-01-mobile.png",
            "image_large": "https://code.s3.yandex.net/react/code/bun-01-large.png",
            "__v": 0
        },
        {
            "_id": "61c0c5a71d1f82001bdaaa6f",
            "name": "Мясо бессмертных моллюсков Protostomia",
            "type": "main",
            "proteins": 433,
            "fat": 244,
            "carbohydrates": 33,
            "calories": 420,
            "price": 1337,
            "image": "https://code.s3.yandex.net/react/code/meat-02.png",
            "image_mobile": "https://code.s3.yandex.net/react/code/meat-02-mobile.png",
            "image_large": "https://code.s3.yandex.net/react/code/meat-02-large.png",
            "__v": 0
        },
        {
            "_id": "61c0c5a71d1f82001bdaaa70",
            "name": "Говяжий метеорит (отбивная)",
            "type": "main",
            "proteins": 800,
            "fat": 800,
            "carbohydrates": 300,
            "calories": 2674,
            "price": 3000,
            "image": "https://code.s3.yandex.net/react/code/meat-04.png",
            "image_mobile": "https://code.s3.yandex.net/react/code/meat-04-mobile.png",
            "image_large": "https://code.s3.yandex.net/react/code/meat-04-large.png",
            "__v": 0
        },
        {
            "_id": "61c0c5a71d1f82001bdaaa71",
            "name": "Биокотлета из марсианской Магнолии",
            "type": "main",
            "proteins": 420,
            "fat": 142,
            "carbohydrates": 242,
            "calories": 4242,
            "price": 424,
            "image": "https://code.s3.yandex.net/react/code/meat-01.png",
            "image_mobile": "https://code.s3.yandex.net/react/code/meat-01-mobile.png",
            "image_large": "https://code.s3.yandex.net/react/code/meat-01-large.png",
            "__v": 0
        },
        {
            "_id": "61c0c5a71d1f82001bdaaa72",
            "name": "Соус Spicy-X",
            "type": "sauce",
            "proteins": 30,
            "fat": 20,
            "carbohydrates": 40,
            "calories": 30,
            "price": 90,
            "image": "https://code.s3.yandex.net/react/code/sauce-02.png",
            "image_mobile": "https://code.s3.yandex.net/react/code/sauce-02-mobile.png",
            "image_large": "https://code.s3.yandex.net/react/code/sauce-02-large.png",
            "__v": 0
        },
        {
            "_id": "61c0c5a71d1f82001bdaaa6e",
            "name": "Филе Люминесцентного тетраодонтимформа",
            "type": "main",
            "proteins": 44,
            "fat": 26,
            "carbohydrates": 85,
            "calories": 643,
            "price": 988,
            "image": "https://code.s3.yandex.net/react/code/meat-03.png",
            "image_mobile": "https://code.s3.yandex.net/react/code/meat-03-mobile.png",
            "image_large": "https://code.s3.yandex.net/react/code/meat-03-large.png",
            "__v": 0
        },
        {
            "_id": "61c0c5a71d1f82001bdaaa73",
            "name": "Соус фирменный Space Sauce",
            "type": "sauce",
            "proteins": 50,
            "fat": 22,
            "carbohydrates": 11,
            "calories": 14,
            "price": 80,
            "image": "https://code.s3.yandex.net/react/code/sauce-04.png",
            "image_mobile": "https://code.s3.yandex.net/react/code/sauce-04-mobile.png",
            "image_large": "https://code.s3.yandex.net/react/code/sauce-04-large.png",
            "__v": 0
        },
        {
            "_id": "61c0c5a71d1f82001bdaaa74",
            "name": "Соус традиционный галактический",
            "type": "sauce",
            "proteins": 42,
            "fat": 24,
            "carbohydrates": 42,
            "calories": 99,
            "price": 15,
            "image": "https://code.s3.yandex.net/react/code/sauce-03.png",
            "image_mobile": "https://code.s3.yandex.net/react/code/sauce-03-mobile.png",
            "image_large": "https://code.s3.yandex.net/react/code/sauce-03-large.png",
            "__v": 0
        },
        {
            "_id": "61c0c5a71d1f82001bdaaa6c",
            "name": "Краторная булка N-200i",
            "type": "bun",
            "proteins": 80,
            "fat": 24,
            "carbohydrates": 53,
            "calories": 420,
            "price": 1255,
            "image": "https://code.s3.yandex.net/react/code/bun-02.png",
            "image_mobile": "https://code.s3.yandex.net/react/code/bun-02-mobile.png",
            "image_large": "https://code.s3.yandex.net/react/code/bun-02-large.png",
            "__v": 0
        },
        {
            "_id": "61c0c5a71d1f82001bdaaa75",
            "name": "Соус с шипами Антарианского плоскоходца",
            "type": "sauce",
            "proteins": 101,
            "fat": 99,
            "carbohydrates": 100,
            "calories": 100,
            "price": 88,
            "image": "https://code.s3.yandex.net/react/code/sauce-01.png",
            "image_mobile": "https://code.s3.yandex.net/react/code/sauce-01-mobile.png",
            "image_large": "https://code.s3.yandex.net/react/code/sauce-01-large.png",
            "__v": 0
        },
        {
            "_id": "61c0c5a71d1f82001bdaaa76",
            "name": "Хрустящие минеральные кольца",
            "type": "main",
            "proteins": 808,
            "fat": 689,
            "carbohydrates": 609,
            "calories": 986,
            "price": 300,
            "image": "https://code.s3.yandex.net/react/code/mineral_rings.png",
            "image_mobile": "https://code.s3.yandex.net/react/code/mineral_rings-mobile.png",
            "image_large": "https://code.s3.yandex.net/react/code/mineral_rings-large.png",
            "__v": 0
        },
        {
            "_id": "61c0c5a71d1f82001bdaaa77",
            "name": "Плоды Фалленианского дерева",
            "type": "main",
            "proteins": 20,
            "fat": 5,
            "carbohydrates": 55,
            "calories": 77,
            "price": 874,
            "image": "https://code.s3.yandex.net/react/code/sp_1.png",
            "image_mobile": "https://code.s3.yandex.net/react/code/sp_1-mobile.png",
            "image_large": "https://code.s3.yandex.net/react/code/sp_1-large.png",
            "__v": 0
        },
        {
            "_id": "61c0c5a71d1f82001bdaaa78",
            "name": "Кристаллы марсианских альфа-сахаридов",
            "type": "main",
            "proteins": 234,
            "fat": 432,
            "carbohydrates": 111,
            "calories": 189,
            "price": 762,
            "image": "https://code.s3.yandex.net/react/code/core.png",
            "image_mobile": "https://code.s3.yandex.net/react/code/core-mobile.png",
            "image_large": "https://code.s3.yandex.net/react/code/core-large.png",
            "__v": 0
        },
        {
            "_id": "61c0c5a71d1f82001bdaaa79",
            "name": "Мини-салат Экзо-Плантаго",
            "type": "main",
            "proteins": 1,
            "fat": 2,
            "carbohydrates": 3,
            "calories": 6,
            "price": 4400,
            "image": "https://code.s3.yandex.net/react/code/salad.png",
            "image_mobile": "https://code.s3.yandex.net/react/code/salad-mobile.png",
            "image_large": "https://code.s3.yandex.net/react/code/salad-large.png",
            "__v": 0
        },
        {
            "_id": "61c0c5a71d1f82001bdaaa7a",
            "name": "Сыр с астероидной плесенью",
            "type": "main",
            "proteins": 84,
            "fat": 48,
            "carbohydrates": 420,
            "calories": 3377,
            "price": 4142,
            "image": "https://code.s3.yandex.net/react/code/cheese.png",
            "image_mobile": "https://code.s3.yandex.net/react/code/cheese-mobile.png",
            "image_large": "https://code.s3.yandex.net/react/code/cheese-large.png",
            "__v": 0
        }
    ]
}
HTTP/1.1 200 OK
Date: Sun, 30 Jun 2024 15:27:42 GMT
Content-Type: application/json; charset=utf-8
Transfer-Encoding: chunked
Connection: keep-alive
X-Powered-By: Express
Access-Control-Allow-Origin: *
ETag: W/"1745-LHZ7D8kBZWcbCGljCoPXtjB5CeA"
CF-Cache-Status: DYNAMIC
Report-To: {"endpoints":[{"url":"https:\/\/a.nel.cloudflare.com\/report\/v4?s=fjBTlJu04GsfzDpgH9157GyMYWoW9zBLGDoEO6KZsJoJmbHkYjvfrS4NCqjOytagm6q4aXuwHrSH%2BYYTP2WSanN2aUSjgc7TiLSaVol%2Bi1bdpulczyC4qx6fkmwLL9oyQnEzi1bh2pOAmEUpnqK%2B%2FRBhOD4%3D"}],"group":"cf-nel","max_age":604800}
NEL: {"success_fraction":0,"report_to":"cf-nel","max_age":604800}
Server: cloudflare
CF-RAY: 89bf2e912e5e9d9d-DME
Content-Encoding: gzip
alt-svc: h3=":443"; ma=86400

{
    "success": true,
    "data": [
        {
            "_id": "61c0c5a71d1f82001bdaaa6d",
            "name": "Флюоресцентная булка R2-D3",
            "type": "bun",
            "proteins": 44,
            "fat": 26,
            "carbohydrates": 85,
            "calories": 643,
            "price": 988,
            "image": "https://code.s3.yandex.net/react/code/bun-01.png",
            "image_mobile": "https://code.s3.yandex.net/react/code/bun-01-mobile.png",
            "image_large": "https://code.s3.yandex.net/react/code/bun-01-large.png",
            "__v": 0
        },
        {
            "_id": "61c0c5a71d1f82001bdaaa6f",
            "name": "Мясо бессмертных моллюсков Protostomia",
            "type": "main",
            "proteins": 433,
            "fat": 244,
            "carbohydrates": 33,
            "calories": 420,
            "price": 1337,
            "image": "https://code.s3.yandex.net/react/code/meat-02.png",
            "image_mobile": "https://code.s3.yandex.net/react/code/meat-02-mobile.png",
            "image_large": "https://code.s3.yandex.net/react/code/meat-02-large.png",
            "__v": 0
        },
        {
            "_id": "61c0c5a71d1f82001bdaaa70",
            "name": "Говяжий метеорит (отбивная)",
            "type": "main",
            "proteins": 800,
            "fat": 800,
            "carbohydrates": 300,
            "calories": 2674,
            "price": 3000,
            "image": "https://code.s3.yandex.net/react/code/meat-04.png",
            "image_mobile": "https://code.s3.yandex.net/react/code/meat-04-mobile.png",
            "image_large": "https://code.s3.yandex.net/react/code/meat-04-large.png",
            "__v": 0
        },
        {
            "_id": "61c0c5a71d1f82001bdaaa71",
            "name": "Биокотлета из марсианской Магнолии",
            "type": "main",
            "proteins": 420,
            "fat": 142,
            "carbohydrates": 242,
            "calories": 4242,
            "price": 424,
            "image": "https://code.s3.yandex.net/react/code/meat-01.png",
            "image_mobile": "https://code.s3.yandex.net/react/code/meat-01-mobile.png",
            "image_large": "https://code.s3.yandex.net/react/code/meat-01-large.png",
            "__v": 0
        },
        {
            "_id": "61c0c5a71d1f82001bdaaa72",
            "name": "Соус Spicy-X",
            "type": "sauce",
            "proteins": 30,
            "fat": 20,
            "carbohydrates": 40,
            "calories": 30,
            "price": 90,
            "image": "https://code.s3.yandex.net/react/code/sauce-02.png",
            "image_mobile": "https://code.s3.yandex.net/react/code/sauce-02-mobile.png",
            "image_large": "https://code.s3.yandex.net/react/code/sauce-02-large.png",
            "__v": 0
        },
        {
            "_id": "61c0c5a71d1f82001bdaaa6e",
            "name": "Филе Люминесцентного тетраодонтимформа",
            "type": "main",
            "proteins": 44,
            "fat": 26,
            "carbohydrates": 85,
            "calories": 643,
            "price": 988,
            "image": "https://code.s3.yandex.net/react/code/meat-03.png",
            "image_mobile": "https://code.s3.yandex.net/react/code/meat-03-mobile.png",
            "image_large": "https://code.s3.yandex.net/react/code/meat-03-large.png",
            "__v": 0
        },
        {
            "_id": "61c0c5a71d1f82001bdaaa73",
            "name": "Соус фирменный Space Sauce",
            "type": "sauce",
            "proteins": 50,
            "fat": 22,
            "carbohydrates": 11,
            "calories": 14,
            "price": 80,
            "image": "https://code.s3.yandex.net/react/code/sauce-04.png",
            "image_mobile": "https://code.s3.yandex.net/react/code/sauce-04-mobile.png",
            "image_large": "https://code.s3.yandex.net/react/code/sauce-04-large.png",
            "__v": 0
        },
        {
            "_id": "61c0c5a71d1f82001bdaaa74",
            "name": "Соус традиционный галактический",
            "type": "sauce",
            "proteins": 42,
            "fat": 24,
            "carbohydrates": 42,
            "calories": 99,
            "price": 15,
            "image": "https://code.s3.yandex.net/react/code/sauce-03.png",
            "image_mobile": "https://code.s3.yandex.net/react/code/sauce-03-mobile.png",
            "image_large": "https://code.s3.yandex.net/react/code/sauce-03-large.png",
            "__v": 0
        },
        {
            "_id": "61c0c5a71d1f82001bdaaa6c",
            "name": "Краторная булка N-200i",
            "type": "bun",
            "proteins": 80,
            "fat": 24,
            "carbohydrates": 53,
            "calories": 420,
            "price": 1255,
            "image": "https://code.s3.yandex.net/react/code/bun-02.png",
            "image_mobile": "https://code.s3.yandex.net/react/code/bun-02-mobile.png",
            "image_large": "https://code.s3.yandex.net/react/code/bun-02-large.png",
            "__v": 0
        },
        {
            "_id": "61c0c5a71d1f82001bdaaa75",
            "name": "Соус с шипами Антарианского плоскоходца",
            "type": "sauce",
            "proteins": 101,
            "fat": 99,
            "carbohydrates": 100,
            "calories": 100,
            "price": 88,
            "image": "https://code.s3.yandex.net/react/code/sauce-01.png",
            "image_mobile": "https://code.s3.yandex.net/react/code/sauce-01-mobile.png",
            "image_large": "https://code.s3.yandex.net/react/code/sauce-01-large.png",
            "__v": 0
        },
        {
            "_id": "61c0c5a71d1f82001bdaaa76",
            "name": "Хрустящие минеральные кольца",
            "type": "main",
            "proteins": 808,
            "fat": 689,
            "carbohydrates": 609,
            "calories": 986,
            "price": 300,
            "image": "https://code.s3.yandex.net/react/code/mineral_rings.png",
            "image_mobile": "https://code.s3.yandex.net/react/code/mineral_rings-mobile.png",
            "image_large": "https://code.s3.yandex.net/react/code/mineral_rings-large.png",
            "__v": 0
        },
        {
            "_id": "61c0c5a71d1f82001bdaaa77",
            "name": "Плоды Фалленианского дерева",
            "type": "main",
            "proteins": 20,
            "fat": 5,
            "carbohydrates": 55,
            "calories": 77,
            "price": 874,
            "image": "https://code.s3.yandex.net/react/code/sp_1.png",
            "image_mobile": "https://code.s3.yandex.net/react/code/sp_1-mobile.png",
            "image_large": "https://code.s3.yandex.net/react/code/sp_1-large.png",
            "__v": 0
        },
        {
            "_id": "61c0c5a71d1f82001bdaaa78",
            "name": "Кристаллы марсианских альфа-сахаридов",
            "type": "main",
            "proteins": 234,
            "fat": 432,
            "carbohydrates": 111,
            "calories": 189,
            "price": 762,
            "image": "https://code.s3.yandex.net/react/code/core.png",
            "image_mobile": "https://code.s3.yandex.net/react/code/core-mobile.png",
            "image_large": "https://code.s3.yandex.net/react/code/core-large.png",
            "__v": 0
        },
        {
            "_id": "61c0c5a71d1f82001bdaaa79",
            "name": "Мини-салат Экзо-Плантаго",
            "type": "main",
            "proteins": 1,
            "fat": 2,
            "carbohydrates": 3,
            "calories": 6,
            "price": 4400,
            "image": "https://code.s3.yandex.net/react/code/salad.png",
            "image_mobile": "https://code.s3.yandex.net/react/code/salad-mobile.png",
            "image_large": "https://code.s3.yandex.net/react/code/salad-large.png",
            "__v": 0
        },
        {
            "_id": "61c0c5a71d1f82001bdaaa7a",
            "name": "Сыр с астероидной плесенью",
            "type": "main",
            "proteins": 84,
            "fat": 48,
            "carbohydrates": 420,
            "calories": 3377,
            "price": 4142,
            "image": "https://code.s3.yandex.net/react/code/cheese.png",
            "image_mobile": "https://code.s3.yandex.net/react/code/cheese-mobile.png",
            "image_large": "https://code.s3.yandex.net/react/code/cheese-large.png",
            "__v": 0
        }
    ]
}
HTTP/1.1 200 OK
Date: Sun, 30 Jun 2024 15:27:42 GMT
Content-Type: application/json; charset=utf-8
Transfer-Encoding: chunked
Connection: keep-alive
X-Powered-By: Express
Access-Control-Allow-Origin: *
ETag: W/"1745-LHZ7D8kBZWcbCGljCoPXtjB5CeA"
CF-Cache-Status: DYNAMIC
Report-To: {"endpoints":[{"url":"https:\/\/a.nel.cloudflare.com\/report\/v4?s=fjBTlJu04GsfzDpgH9157GyMYWoW9zBLGDoEO6KZsJoJmbHkYjvfrS4NCqjOytagm6q4aXuwHrSH%2BYYTP2WSanN2aUSjgc7TiLSaVol%2Bi1bdpulczyC4qx6fkmwLL9oyQnEzi1bh2pOAmEUpnqK%2B%2FRBhOD4%3D"}],"group":"cf-nel","max_age":604800}
NEL: {"success_fraction":0,"report_to":"cf-nel","max_age":604800}
Server: cloudflare
CF-RAY: 89bf2e912e5e9d9d-DME
Content-Encoding: gzip
alt-svc: h3=":443"; ma=86400

{
    "success": true,
    "data": [
        {
            "_id": "61c0c5a71d1f82001bdaaa6d",
            "name": "Флюоресцентная булка R2-D3",
            "type": "bun",
            "proteins": 44,
            "fat": 26,
            "carbohydrates": 85,
            "calories": 643,
            "price": 988,
            "image": "https://code.s3.yandex.net/react/code/bun-01.png",
            "image_mobile": "https://code.s3.yandex.net/react/code/bun-01-mobile.png",
            "image_large": "https://code.s3.yandex.net/react/code/bun-01-large.png",
            "__v": 0
        },
        {
            "_id": "61c0c5a71d1f82001bdaaa6f",
            "name": "Мясо бессмертных моллюсков Protostomia",
            "type": "main",
            "proteins": 433,
            "fat": 244,
            "carbohydrates": 33,
            "calories": 420,
            "price": 1337,
            "image": "https://code.s3.yandex.net/react/code/meat-02.png",
            "image_mobile": "https://code.s3.yandex.net/react/code/meat-02-mobile.png",
            "image_large": "https://code.s3.yandex.net/react/code/meat-02-large.png",
            "__v": 0
        },
        {
            "_id": "61c0c5a71d1f82001bdaaa70",
            "name": "Говяжий метеорит (отбивная)",
            "type": "main",
            "proteins": 800,
            "fat": 800,
            "carbohydrates": 300,
            "calories": 2674,
            "price": 3000,
            "image": "https://code.s3.yandex.net/react/code/meat-04.png",
            "image_mobile": "https://code.s3.yandex.net/react/code/meat-04-mobile.png",
            "image_large": "https://code.s3.yandex.net/react/code/meat-04-large.png",
            "__v": 0
        },
        {
            "_id": "61c0c5a71d1f82001bdaaa71",
            "name": "Биокотлета из марсианской Магнолии",
            "type": "main",
            "proteins": 420,
            "fat": 142,
            "carbohydrates": 242,
            "calories": 4242,
            "price": 424,
            "image": "https://code.s3.yandex.net/react/code/meat-01.png",
            "image_mobile": "https://code.s3.yandex.net/react/code/meat-01-mobile.png",
            "image_large": "https://code.s3.yandex.net/react/code/meat-01-large.png",
            "__v": 0
        },
        {
            "_id": "61c0c5a71d1f82001bdaaa72",
            "name": "Соус Spicy-X",
            "type": "sauce",
            "proteins": 30,
            "fat": 20,
            "carbohydrates": 40,
            "calories": 30,
            "price": 90,
            "image": "https://code.s3.yandex.net/react/code/sauce-02.png",
            "image_mobile": "https://code.s3.yandex.net/react/code/sauce-02-mobile.png",
            "image_large": "https://code.s3.yandex.net/react/code/sauce-02-large.png",
            "__v": 0
        },
        {
            "_id": "61c0c5a71d1f82001bdaaa6e",
            "name": "Филе Люминесцентного тетраодонтимформа",
            "type": "main",
            "proteins": 44,
            "fat": 26,
            "carbohydrates": 85,
            "calories": 643,
            "price": 988,
            "image": "https://code.s3.yandex.net/react/code/meat-03.png",
            "image_mobile": "https://code.s3.yandex.net/react/code/meat-03-mobile.png",
            "image_large": "https://code.s3.yandex.net/react/code/meat-03-large.png",
            "__v": 0
        },
        {
            "_id": "61c0c5a71d1f82001bdaaa73",
            "name": "Соус фирменный Space Sauce",
            "type": "sauce",
            "proteins": 50,
            "fat": 22,
            "carbohydrates": 11,
            "calories": 14,
            "price": 80,
            "image": "https://code.s3.yandex.net/react/code/sauce-04.png",
            "image_mobile": "https://code.s3.yandex.net/react/code/sauce-04-mobile.png",
            "image_large": "https://code.s3.yandex.net/react/code/sauce-04-large.png",
            "__v": 0
        },
        {
            "_id": "61c0c5a71d1f82001bdaaa74",
            "name": "Соус традиционный галактический",
            "type": "sauce",
            "proteins": 42,
            "fat": 24,
            "carbohydrates": 42,
            "calories": 99,
            "price": 15,
            "image": "https://code.s3.yandex.net/react/code/sauce-03.png",
            "image_mobile": "https://code.s3.yandex.net/react/code/sauce-03-mobile.png",
            "image_large": "https://code.s3.yandex.net/react/code/sauce-03-large.png",
            "__v": 0
        },
        {
            "_id": "61c0c5a71d1f82001bdaaa6c",
            "name": "Краторная булка N-200i",
            "type": "bun",
            "proteins": 80,
            "fat": 24,
            "carbohydrates": 53,
            "calories": 420,
            "price": 1255,
            "image": "https://code.s3.yandex.net/react/code/bun-02.png",
            "image_mobile": "https://code.s3.yandex.net/react/code/bun-02-mobile.png",
            "image_large": "https://code.s3.yandex.net/react/code/bun-02-large.png",
            "__v": 0
        },
        {
            "_id": "61c0c5a71d1f82001bdaaa75",
            "name": "Соус с шипами Антарианского плоскоходца",
            "type": "sauce",
            "proteins": 101,
            "fat": 99,
            "carbohydrates": 100,
            "calories": 100,
            "price": 88,
            "image": "https://code.s3.yandex.net/react/code/sauce-01.png",
            "image_mobile": "https://code.s3.yandex.net/react/code/sauce-01-mobile.png",
            "image_large": "https://code.s3.yandex.net/react/code/sauce-01-large.png",
            "__v": 0
        },
        {
            "_id": "61c0c5a71d1f82001bdaaa76",
            "name": "Хрустящие минеральные кольца",
            "type": "main",
            "proteins": 808,
            "fat": 689,
            "carbohydrates": 609,
            "calories": 986,
            "price": 300,
            "image": "https://code.s3.yandex.net/react/code/mineral_rings.png",
            "image_mobile": "https://code.s3.yandex.net/react/code/mineral_rings-mobile.png",
            "image_large": "https://code.s3.yandex.net/react/code/mineral_rings-large.png",
            "__v": 0
        },
        {
            "_id": "61c0c5a71d1f82001bdaaa77",
            "name": "Плоды Фалленианского дерева",
            "type": "main",
            "proteins": 20,
            "fat": 5,
            "carbohydrates": 55,
            "calories": 77,
            "price": 874,
            "image": "https://code.s3.yandex.net/react/code/sp_1.png",
            "image_mobile": "https://code.s3.yandex.net/react/code/sp_1-mobile.png",
            "image_large": "https://code.s3.yandex.net/react/code/sp_1-large.png",
            "__v": 0
        },
        {
            "_id": "61c0c5a71d1f82001bdaaa78",
            "name": "Кристаллы марсианских альфа-сахаридов",
            "type": "main",
            "proteins": 234,
            "fat": 432,
            "carbohydrates": 111,
            "calories": 189,
            "price": 762,
            "image": "https://code.s3.yandex.net/react/code/core.png",
            "image_mobile": "https://code.s3.yandex.net/react/code/core-mobile.png",
            "image_large": "https://code.s3.yandex.net/react/code/core-large.png",
            "__v": 0
        },
        {
            "_id": "61c0c5a71d1f82001bdaaa79",
            "name": "Мини-салат Экзо-Плантаго",
            "type": "main",
            "proteins": 1,
            "fat": 2,
            "carbohydrates": 3,
            "calories": 6,
            "price": 4400,
            "image": "https://code.s3.yandex.net/react/code/salad.png",
            "image_mobile": "https://code.s3.yandex.net/react/code/salad-mobile.png",
            "image_large": "https://code.s3.yandex.net/react/code/salad-large.png",
            "__v": 0
        },
        {
            "_id": "61c0c5a71d1f82001bdaaa7a",
            "name": "Сыр с астероидной плесенью",
            "type": "main",
            "proteins": 84,
            "fat": 48,
            "carbohydrates": 420,
            "calories": 3377,
            "price": 4142,
            "image": "https://code.s3.yandex.net/react/code/cheese.png",
            "image_mobile": "https://code.s3.yandex.net/react/code/cheese-mobile.png",
            "image_large": "https://code.s3.yandex.net/react/code/cheese-large.png",
            "__v": 0
        }
    ]
}
HTTP/1.1 200 OK
Date: Sun, 30 Jun 2024 15:27:42 GMT
Content-Type: application/json; charset=utf-8
Transfer-Encoding: chunked
Connection: keep-alive
X-Powered-By: Express
Access-Control-Allow-Origin: *
ETag: W/"1745-LHZ7D8kBZWcbCGljCoPXtjB5CeA"
CF-Cache-Status: DYNAMIC
Report-To: {"endpoints":[{"url":"https:\/\/a.nel.cloudflare.com\/report\/v4?s=fjBTlJu04GsfzDpgH9157GyMYWoW9zBLGDoEO6KZsJoJmbHkYjvfrS4NCqjOytagm6q4aXuwHrSH%2BYYTP2WSanN2aUSjgc7TiLSaVol%2Bi1bdpulczyC4qx6fkmwLL9oyQnEzi1bh2pOAmEUpnqK%2B%2FRBhOD4%3D"}],"group":"cf-nel","max_age":604800}
NEL: {"success_fraction":0,"report_to":"cf-nel","max_age":604800}
Server: cloudflare
CF-RAY: 89bf2e912e5e9d9d-DME
Content-Encoding: gzip
alt-svc: h3=":443"; ma=86400

{
    "success": true,
    "data": [
        {
            "_id": "61c0c5a71d1f82001bdaaa6d",
            "name": "Флюоресцентная булка R2-D3",
            "type": "bun",
            "proteins": 44,
            "fat": 26,
            "carbohydrates": 85,
            "calories": 643,
            "price": 988,
            "image": "https://code.s3.yandex.net/react/code/bun-01.png",
            "image_mobile": "https://code.s3.yandex.net/react/code/bun-01-mobile.png",
            "image_large": "https://code.s3.yandex.net/react/code/bun-01-large.png",
            "__v": 0
        },
        {
            "_id": "61c0c5a71d1f82001bdaaa6f",
            "name": "Мясо бессмертных моллюсков Protostomia",
            "type": "main",
            "proteins": 433,
            "fat": 244,
            "carbohydrates": 33,
            "calories": 420,
            "price": 1337,
            "image": "https://code.s3.yandex.net/react/code/meat-02.png",
            "image_mobile": "https://code.s3.yandex.net/react/code/meat-02-mobile.png",
            "image_large": "https://code.s3.yandex.net/react/code/meat-02-large.png",
            "__v": 0
        },
        {
            "_id": "61c0c5a71d1f82001bdaaa70",
            "name": "Говяжий метеорит (отбивная)",
            "type": "main",
            "proteins": 800,
            "fat": 800,
            "carbohydrates": 300,
            "calories": 2674,
            "price": 3000,
            "image": "https://code.s3.yandex.net/react/code/meat-04.png",
            "image_mobile": "https://code.s3.yandex.net/react/code/meat-04-mobile.png",
            "image_large": "https://code.s3.yandex.net/react/code/meat-04-large.png",
            "__v": 0
        },
        {
            "_id": "61c0c5a71d1f82001bdaaa71",
            "name": "Биокотлета из марсианской Магнолии",
            "type": "main",
            "proteins": 420,
            "fat": 142,
            "carbohydrates": 242,
            "calories": 4242,
            "price": 424,
            "image": "https://code.s3.yandex.net/react/code/meat-01.png",
            "image_mobile": "https://code.s3.yandex.net/react/code/meat-01-mobile.png",
            "image_large": "https://code.s3.yandex.net/react/code/meat-01-large.png",
            "__v": 0
        },
        {
            "_id": "61c0c5a71d1f82001bdaaa72",
            "name": "Соус Spicy-X",
            "type": "sauce",
            "proteins": 30,
            "fat": 20,
            "carbohydrates": 40,
            "calories": 30,
            "price": 90,
            "image": "https://code.s3.yandex.net/react/code/sauce-02.png",
            "image_mobile": "https://code.s3.yandex.net/react/code/sauce-02-mobile.png",
            "image_large": "https://code.s3.yandex.net/react/code/sauce-02-large.png",
            "__v": 0
        },
        {
            "_id": "61c0c5a71d1f82001bdaaa6e",
            "name": "Филе Люминесцентного тетраодонтимформа",
            "type": "main",
            "proteins": 44,
            "fat": 26,
            "carbohydrates": 85,
            "calories": 643,
            "price": 988,
            "image": "https://code.s3.yandex.net/react/code/meat-03.png",
            "image_mobile": "https://code.s3.yandex.net/react/code/meat-03-mobile.png",
            "image_large": "https://code.s3.yandex.net/react/code/meat-03-large.png",
            "__v": 0
        },
        {
            "_id": "61c0c5a71d1f82001bdaaa73",
            "name": "Соус фирменный Space Sauce",
            "type": "sauce",
            "proteins": 50,
            "fat": 22,
            "carbohydrates": 11,
            "calories": 14,
            "price": 80,
            "image": "https://code.s3.yandex.net/react/code/sauce-04.png",
            "image_mobile": "https://code.s3.yandex.net/react/code/sauce-04-mobile.png",
            "image_large": "https://code.s3.yandex.net/react/code/sauce-04-large.png",
            "__v": 0
        },
        {
            "_id": "61c0c5a71d1f82001bdaaa74",
            "name": "Соус традиционный галактический",
            "type": "sauce",
            "proteins": 42,
            "fat": 24,
            "carbohydrates": 42,
            "calories": 99,
            "price": 15,
            "image": "https://code.s3.yandex.net/react/code/sauce-03.png",
            "image_mobile": "https://code.s3.yandex.net/react/code/sauce-03-mobile.png",
            "image_large": "https://code.s3.yandex.net/react/code/sauce-03-large.png",
            "__v": 0
        },
        {
            "_id": "61c0c5a71d1f82001bdaaa6c",
            "name": "Краторная булка N-200i",
            "type": "bun",
            "proteins": 80,
            "fat": 24,
            "carbohydrates": 53,
            "calories": 420,
            "price": 1255,
            "image": "https://code.s3.yandex.net/react/code/bun-02.png",
            "image_mobile": "https://code.s3.yandex.net/react/code/bun-02-mobile.png",
            "image_large": "https://code.s3.yandex.net/react/code/bun-02-large.png",
            "__v": 0
        },
        {
            "_id": "61c0c5a71d1f82001bdaaa75",
            "name": "Соус с шипами Антарианского плоскоходца",
            "type": "sauce",
            "proteins": 101,
            "fat": 99,
            "carbohydrates": 100,
            "calories": 100,
            "price": 88,
            "image": "https://code.s3.yandex.net/react/code/sauce-01.png",
            "image_mobile": "https://code.s3.yandex.net/react/code/sauce-01-mobile.png",
            "image_large": "https://code.s3.yandex.net/react/code/sauce-01-large.png",
            "__v": 0
        },
        {
            "_id": "61c0c5a71d1f82001bdaaa76",
            "name": "Хрустящие минеральные кольца",
            "type": "main",
            "proteins": 808,
            "fat": 689,
            "carbohydrates": 609,
            "calories": 986,
            "price": 300,
            "image": "https://code.s3.yandex.net/react/code/mineral_rings.png",
            "image_mobile": "https://code.s3.yandex.net/react/code/mineral_rings-mobile.png",
            "image_large": "https://code.s3.yandex.net/react/code/mineral_rings-large.png",
            "__v": 0
        },
        {
            "_id": "61c0c5a71d1f82001bdaaa77",
            "name": "Плоды Фалленианского дерева",
            "type": "main",
            "proteins": 20,
            "fat": 5,
            "carbohydrates": 55,
            "calories": 77,
            "price": 874,
            "image": "https://code.s3.yandex.net/react/code/sp_1.png",
            "image_mobile": "https://code.s3.yandex.net/react/code/sp_1-mobile.png",
            "image_large": "https://code.s3.yandex.net/react/code/sp_1-large.png",
            "__v": 0
        },
        {
            "_id": "61c0c5a71d1f82001bdaaa78",
            "name": "Кристаллы марсианских альфа-сахаридов",
            "type": "main",
            "proteins": 234,
            "fat": 432,
            "carbohydrates": 111,
            "calories": 189,
            "price": 762,
            "image": "https://code.s3.yandex.net/react/code/core.png",
            "image_mobile": "https://code.s3.yandex.net/react/code/core-mobile.png",
            "image_large": "https://code.s3.yandex.net/react/code/core-large.png",
            "__v": 0
        },
        {
            "_id": "61c0c5a71d1f82001bdaaa79",
            "name": "Мини-салат Экзо-Плантаго",
            "type": "main",
            "proteins": 1,
            "fat": 2,
            "carbohydrates": 3,
            "calories": 6,
            "price": 4400,
            "image": "https://code.s3.yandex.net/react/code/salad.png",
            "image_mobile": "https://code.s3.yandex.net/react/code/salad-mobile.png",
            "image_large": "https://code.s3.yandex.net/react/code/salad-large.png",
            "__v": 0
        },
        {
            "_id": "61c0c5a71d1f82001bdaaa7a",
            "name": "Сыр с астероидной плесенью",
            "type": "main",
            "proteins": 84,
            "fat": 48,
            "carbohydrates": 420,
            "calories": 3377,
            "price": 4142,
            "image": "https://code.s3.yandex.net/react/code/cheese.png",
            "image_mobile": "https://code.s3.yandex.net/react/code/cheese-mobile.png",
            "image_large": "https://code.s3.yandex.net/react/code/cheese-large.png",
            "__v": 0
        }
    ]
}
HTTP/1.1 200 OK
Date: Sun, 30 Jun 2024 15:27:42 GMT
Content-Type: application/json; charset=utf-8
Transfer-Encoding: chunked
Connection: keep-alive
X-Powered-By: Express
Access-Control-Allow-Origin: *
ETag: W/"1745-LHZ7D8kBZWcbCGljCoPXtjB5CeA"
CF-Cache-Status: DYNAMIC
Report-To: {"endpoints":[{"url":"https:\/\/a.nel.cloudflare.com\/report\/v4?s=fjBTlJu04GsfzDpgH9157GyMYWoW9zBLGDoEO6KZsJoJmbHkYjvfrS4NCqjOytagm6q4aXuwHrSH%2BYYTP2WSanN2aUSjgc7TiLSaVol%2Bi1bdpulczyC4qx6fkmwLL9oyQnEzi1bh2pOAmEUpnqK%2B%2FRBhOD4%3D"}],"group":"cf-nel","max_age":604800}
NEL: {"success_fraction":0,"report_to":"cf-nel","max_age":604800}
Server: cloudflare
CF-RAY: 89bf2e912e5e9d9d-DME
Content-Encoding: gzip
alt-svc: h3=":443"; ma=86400

{
    "success": true,
    "data": [
        {
            "_id": "61c0c5a71d1f82001bdaaa6d",
            "name": "Флюоресцентная булка R2-D3",
            "type": "bun",
            "proteins": 44,
            "fat": 26,
            "carbohydrates": 85,
            "calories": 643,
            "price": 988,
            "image": "https://code.s3.yandex.net/react/code/bun-01.png",
            "image_mobile": "https://code.s3.yandex.net/react/code/bun-01-mobile.png",
            "image_large": "https://code.s3.yandex.net/react/code/bun-01-large.png",
            "__v": 0
        },
        {
            "_id": "61c0c5a71d1f82001bdaaa6f",
            "name": "Мясо бессмертных моллюсков Protostomia",
            "type": "main",
            "proteins": 433,
            "fat": 244,
            "carbohydrates": 33,
            "calories": 420,
            "price": 1337,
            "image": "https://code.s3.yandex.net/react/code/meat-02.png",
            "image_mobile": "https://code.s3.yandex.net/react/code/meat-02-mobile.png",
            "image_large": "https://code.s3.yandex.net/react/code/meat-02-large.png",
            "__v": 0
        },
        {
            "_id": "61c0c5a71d1f82001bdaaa70",
            "name": "Говяжий метеорит (отбивная)",
            "type": "main",
            "proteins": 800,
            "fat": 800,
            "carbohydrates": 300,
            "calories": 2674,
            "price": 3000,
            "image": "https://code.s3.yandex.net/react/code/meat-04.png",
            "image_mobile": "https://code.s3.yandex.net/react/code/meat-04-mobile.png",
            "image_large": "https://code.s3.yandex.net/react/code/meat-04-large.png",
            "__v": 0
        },
        {
            "_id": "61c0c5a71d1f82001bdaaa71",
            "name": "Биокотлета из марсианской Магнолии",
            "type": "main",
            "proteins": 420,
            "fat": 142,
            "carbohydrates": 242,
            "calories": 4242,
            "price": 424,
            "image": "https://code.s3.yandex.net/react/code/meat-01.png",
            "image_mobile": "https://code.s3.yandex.net/react/code/meat-01-mobile.png",
            "image_large": "https://code.s3.yandex.net/react/code/meat-01-large.png",
            "__v": 0
        },
        {
            "_id": "61c0c5a71d1f82001bdaaa72",
            "name": "Соус Spicy-X",
            "type": "sauce",
            "proteins": 30,
            "fat": 20,
            "carbohydrates": 40,
            "calories": 30,
            "price": 90,
            "image": "https://code.s3.yandex.net/react/code/sauce-02.png",
            "image_mobile": "https://code.s3.yandex.net/react/code/sauce-02-mobile.png",
            "image_large": "https://code.s3.yandex.net/react/code/sauce-02-large.png",
            "__v": 0
        },
        {
            "_id": "61c0c5a71d1f82001bdaaa6e",
            "name": "Филе Люминесцентного тетраодонтимформа",
            "type": "main",
            "proteins": 44,
            "fat": 26,
            "carbohydrates": 85,
            "calories": 643,
            "price": 988,
            "image": "https://code.s3.yandex.net/react/code/meat-03.png",
            "image_mobile": "https://code.s3.yandex.net/react/code/meat-03-mobile.png",
            "image_large": "https://code.s3.yandex.net/react/code/meat-03-large.png",
            "__v": 0
        },
        {
            "_id": "61c0c5a71d1f82001bdaaa73",
            "name": "Соус фирменный Space Sauce",
            "type": "sauce",
            "proteins": 50,
            "fat": 22,
            "carbohydrates": 11,
            "calories": 14,
            "price": 80,
            "image": "https://code.s3.yandex.net/react/code/sauce-04.png",
            "image_mobile": "https://code.s3.yandex.net/react/code/sauce-04-mobile.png",
            "image_large": "https://code.s3.yandex.net/react/code/sauce-04-large.png",
            "__v": 0
        },
        {
            "_id": "61c0c5a71d1f82001bdaaa74",
            "name": "Соус традиционный галактический",
            "type": "sauce",
            "proteins": 42,
            "fat": 24,
            "carbohydrates": 42,
            "calories": 99,
            "price": 15,
            "image": "https://code.s3.yandex.net/react/code/sauce-03.png",
            "image_mobile": "https://code.s3.yandex.net/react/code/sauce-03-mobile.png",
            "image_large": "https://code.s3.yandex.net/react/code/sauce-03-large.png",
            "__v": 0
        },
        {
            "_id": "61c0c5a71d1f82001bdaaa6c",
            "name": "Краторная булка N-200i",
            "type": "bun",
            "proteins": 80,
            "fat": 24,
            "carbohydrates": 53,
            "calories": 420,
            "price": 1255,
            "image": "https://code.s3.yandex.net/react/code/bun-02.png",
            "image_mobile": "https://code.s3.yandex.net/react/code/bun-02-mobile.png",
            "image_large": "https://code.s3.yandex.net/react/code/bun-02-large.png",
            "__v": 0
        },
        {
            "_id": "61c0c5a71d1f82001bdaaa75",
            "name": "Соус с шипами Антарианского плоскоходца",
            "type": "sauce",
            "proteins": 101,
            "fat": 99,
            "carbohydrates": 100,
            "calories": 100,
            "price": 88,
            "image": "https://code.s3.yandex.net/react/code/sauce-01.png",
            "image_mobile": "https://code.s3.yandex.net/react/code/sauce-01-mobile.png",
            "image_large": "https://code.s3.yandex.net/react/code/sauce-01-large.png",
            "__v": 0
        },
        {
            "_id": "61c0c5a71d1f82001bdaaa76",
            "name": "Хрустящие минеральные кольца",
            "type": "main",
            "proteins": 808,
            "fat": 689,
            "carbohydrates": 609,
            "calories": 986,
            "price": 300,
            "image": "https://code.s3.yandex.net/react/code/mineral_rings.png",
            "image_mobile": "https://code.s3.yandex.net/react/code/mineral_rings-mobile.png",
            "image_large": "https://code.s3.yandex.net/react/code/mineral_rings-large.png",
            "__v": 0
        },
        {
            "_id": "61c0c5a71d1f82001bdaaa77",
            "name": "Плоды Фалленианского дерева",
            "type": "main",
            "proteins": 20,
            "fat": 5,
            "carbohydrates": 55,
            "calories": 77,
            "price": 874,
            "image": "https://code.s3.yandex.net/react/code/sp_1.png",
            "image_mobile": "https://code.s3.yandex.net/react/code/sp_1-mobile.png",
            "image_large": "https://code.s3.yandex.net/react/code/sp_1-large.png",
            "__v": 0
        },
        {
            "_id": "61c0c5a71d1f82001bdaaa78",
            "name": "Кристаллы марсианских альфа-сахаридов",
            "type": "main",
            "proteins": 234,
            "fat": 432,
            "carbohydrates": 111,
            "calories": 189,
            "price": 762,
            "image": "https://code.s3.yandex.net/react/code/core.png",
            "image_mobile": "https://code.s3.yandex.net/react/code/core-mobile.png",
            "image_large": "https://code.s3.yandex.net/react/code/core-large.png",
            "__v": 0
        },
        {
            "_id": "61c0c5a71d1f82001bdaaa79",
            "name": "Мини-салат Экзо-Плантаго",
            "type": "main",
            "proteins": 1,
            "fat": 2,
            "carbohydrates": 3,
            "calories": 6,
            "price": 4400,
            "image": "https://code.s3.yandex.net/react/code/salad.png",
            "image_mobile": "https://code.s3.yandex.net/react/code/salad-mobile.png",
            "image_large": "https://code.s3.yandex.net/react/code/salad-large.png",
            "__v": 0
        },
        {
            "_id": "61c0c5a71d1f82001bdaaa7a",
            "name": "Сыр с астероидной плесенью",
            "type": "main",
            "proteins": 84,
            "fat": 48,
            "carbohydrates": 420,
            "calories": 3377,
            "price": 4142,
            "image": "https://code.s3.yandex.net/react/code/cheese.png",
            "image_mobile": "https://code.s3.yandex.net/react/code/cheese-mobile.png",
            "image_large": "https://code.s3.yandex.net/react/code/cheese-large.png",
            "__v": 0
        }
    ]
}
HTTP/1.1 200 OK
Date: Sun, 30 Jun 2024 15:27:42 GMT
Content-Type: application/json; charset=utf-8
Transfer-Encoding: chunked
Connection: keep-alive
X-Powered-By: Express
Access-Control-Allow-Origin: *
ETag: W/"1745-LHZ7D8kBZWcbCGljCoPXtjB5CeA"
CF-Cache-Status: DYNAMIC
Report-To: {"endpoints":[{"url":"https:\/\/a.nel.cloudflare.com\/report\/v4?s=fjBTlJu04GsfzDpgH9157GyMYWoW9zBLGDoEO6KZsJoJmbHkYjvfrS4NCqjOytagm6q4aXuwHrSH%2BYYTP2WSanN2aUSjgc7TiLSaVol%2Bi1bdpulczyC4qx6fkmwLL9oyQnEzi1bh2pOAmEUpnqK%2B%2FRBhOD4%3D"}],"group":"cf-nel","max_age":604800}
NEL: {"success_fraction":0,"report_to":"cf-nel","max_age":604800}
Server: cloudflare
CF-RAY: 89bf2e912e5e9d9d-DME
Content-Encoding: gzip
alt-svc: h3=":443"; ma=86400

{
    "success": true,
    "data": [
        {
            "_id": "61c0c5a71d1f82001bdaaa6d",
            "name": "Флюоресцентная булка R2-D3",
            "type": "bun",
            "proteins": 44,
            "fat": 26,
            "carbohydrates": 85,
            "calories": 643,
            "price": 988,
            "image": "https://code.s3.yandex.net/react/code/bun-01.png",
            "image_mobile": "https://code.s3.yandex.net/react/code/bun-01-mobile.png",
            "image_large": "https://code.s3.yandex.net/react/code/bun-01-large.png",
            "__v": 0
        },
        {
            "_id": "61c0c5a71d1f82001bdaaa6f",
            "name": "Мясо бессмертных моллюсков Protostomia",
            "type": "main",
            "proteins": 433,
            "fat": 244,
            "carbohydrates": 33,
            "calories": 420,
            "price": 1337,
            "image": "https://code.s3.yandex.net/react/code/meat-02.png",
            "image_mobile": "https://code.s3.yandex.net/react/code/meat-02-mobile.png",
            "image_large": "https://code.s3.yandex.net/react/code/meat-02-large.png",
            "__v": 0
        },
        {
            "_id": "61c0c5a71d1f82001bdaaa70",
            "name": "Говяжий метеорит (отбивная)",
            "type": "main",
            "proteins": 800,
            "fat": 800,
            "carbohydrates": 300,
            "calories": 2674,
            "price": 3000,
            "image": "https://code.s3.yandex.net/react/code/meat-04.png",
            "image_mobile": "https://code.s3.yandex.net/react/code/meat-04-mobile.png",
            "image_large": "https://code.s3.yandex.net/react/code/meat-04-large.png",
            "__v": 0
        },
        {
            "_id": "61c0c5a71d1f82001bdaaa71",
            "name": "Биокотлета из марсианской Магнолии",
            "type": "main",
            "proteins": 420,
            "fat": 142,
            "carbohydrates": 242,
            "calories": 4242,
            "price": 424,
            "image": "https://code.s3.yandex.net/react/code/meat-01.png",
            "image_mobile": "https://code.s3.yandex.net/react/code/meat-01-mobile.png",
            "image_large": "https://code.s3.yandex.net/react/code/meat-01-large.png",
            "__v": 0
        },
        {
            "_id": "61c0c5a71d1f82001bdaaa72",
            "name": "Соус Spicy-X",
            "type": "sauce",
            "proteins": 30,
            "fat": 20,
            "carbohydrates": 40,
            "calories": 30,
            "price": 90,
            "image": "https://code.s3.yandex.net/react/code/sauce-02.png",
            "image_mobile": "https://code.s3.yandex.net/react/code/sauce-02-mobile.png",
            "image_large": "https://code.s3.yandex.net/react/code/sauce-02-large.png",
            "__v": 0
        },
        {
            "_id": "61c0c5a71d1f82001bdaaa6e",
            "name": "Филе Люминесцентного тетраодонтимформа",
            "type": "main",
            "proteins": 44,
            "fat": 26,
            "carbohydrates": 85,
            "calories": 643,
            "price": 988,
            "image": "https://code.s3.yandex.net/react/code/meat-03.png",
            "image_mobile": "https://code.s3.yandex.net/react/code/meat-03-mobile.png",
            "image_large": "https://code.s3.yandex.net/react/code/meat-03-large.png",
            "__v": 0
        },
        {
            "_id": "61c0c5a71d1f82001bdaaa73",
            "name": "Соус фирменный Space Sauce",
            "type": "sauce",
            "proteins": 50,
            "fat": 22,
            "carbohydrates": 11,
            "calories": 14,
            "price": 80,
            "image": "https://code.s3.yandex.net/react/code/sauce-04.png",
            "image_mobile": "https://code.s3.yandex.net/react/code/sauce-04-mobile.png",
            "image_large": "https://code.s3.yandex.net/react/code/sauce-04-large.png",
            "__v": 0
        },
        {
            "_id": "61c0c5a71d1f82001bdaaa74",
            "name": "Соус традиционный галактический",
            "type": "sauce",
            "proteins": 42,
            "fat": 24,
            "carbohydrates": 42,
            "calories": 99,
            "price": 15,
            "image": "https://code.s3.yandex.net/react/code/sauce-03.png",
            "image_mobile": "https://code.s3.yandex.net/react/code/sauce-03-mobile.png",
            "image_large": "https://code.s3.yandex.net/react/code/sauce-03-large.png",
            "__v": 0
        },
        {
            "_id": "61c0c5a71d1f82001bdaaa6c",
            "name": "Краторная булка N-200i",
            "type": "bun",
            "proteins": 80,
            "fat": 24,
            "carbohydrates": 53,
            "calories": 420,
            "price": 1255,
            "image": "https://code.s3.yandex.net/react/code/bun-02.png",
            "image_mobile": "https://code.s3.yandex.net/react/code/bun-02-mobile.png",
            "image_large": "https://code.s3.yandex.net/react/code/bun-02-large.png",
            "__v": 0
        },
        {
            "_id": "61c0c5a71d1f82001bdaaa75",
            "name": "Соус с шипами Антарианского плоскоходца",
            "type": "sauce",
            "proteins": 101,
            "fat": 99,
            "carbohydrates": 100,
            "calories": 100,
            "price": 88,
            "image": "https://code.s3.yandex.net/react/code/sauce-01.png",
            "image_mobile": "https://code.s3.yandex.net/react/code/sauce-01-mobile.png",
            "image_large": "https://code.s3.yandex.net/react/code/sauce-01-large.png",
            "__v": 0
        },
        {
            "_id": "61c0c5a71d1f82001bdaaa76",
            "name": "Хрустящие минеральные кольца",
            "type": "main",
            "proteins": 808,
            "fat": 689,
            "carbohydrates": 609,
            "calories": 986,
            "price": 300,
            "image": "https://code.s3.yandex.net/react/code/mineral_rings.png",
            "image_mobile": "https://code.s3.yandex.net/react/code/mineral_rings-mobile.png",
            "image_large": "https://code.s3.yandex.net/react/code/mineral_rings-large.png",
            "__v": 0
        },
        {
            "_id": "61c0c5a71d1f82001bdaaa77",
            "name": "Плоды Фалленианского дерева",
            "type": "main",
            "proteins": 20,
            "fat": 5,
            "carbohydrates": 55,
            "calories": 77,
            "price": 874,
            "image": "https://code.s3.yandex.net/react/code/sp_1.png",
            "image_mobile": "https://code.s3.yandex.net/react/code/sp_1-mobile.png",
            "image_large": "https://code.s3.yandex.net/react/code/sp_1-large.png",
            "__v": 0
        },
        {
            "_id": "61c0c5a71d1f82001bdaaa78",
            "name": "Кристаллы марсианских альфа-сахаридов",
            "type": "main",
            "proteins": 234,
            "fat": 432,
            "carbohydrates": 111,
            "calories": 189,
            "price": 762,
            "image": "https://code.s3.yandex.net/react/code/core.png",
            "image_mobile": "https://code.s3.yandex.net/react/code/core-mobile.png",
            "image_large": "https://code.s3.yandex.net/react/code/core-large.png",
            "__v": 0
        },
        {
            "_id": "61c0c5a71d1f82001bdaaa79",
            "name": "Мини-салат Экзо-Плантаго",
            "type": "main",
            "proteins": 1,
            "fat": 2,
            "carbohydrates": 3,
            "calories": 6,
            "price": 4400,
            "image": "https://code.s3.yandex.net/react/code/salad.png",
            "image_mobile": "https://code.s3.yandex.net/react/code/salad-mobile.png",
            "image_large": "https://code.s3.yandex.net/react/code/salad-large.png",
            "__v": 0
        },
        {
            "_id": "61c0c5a71d1f82001bdaaa7a",
            "name": "Сыр с астероидной плесенью",
            "type": "main",
            "proteins": 84,
            "fat": 48,
            "carbohydrates": 420,
            "calories": 3377,
            "price": 4142,
            "image": "https://code.s3.yandex.net/react/code/cheese.png",
            "image_mobile": "https://code.s3.yandex.net/react/code/cheese-mobile.png",
            "image_large": "https://code.s3.yandex.net/react/code/cheese-large.png",
            "__v": 0
        }
    ]
}
HTTP/1.1 200 OK
Date: Sun, 30 Jun 2024 15:27:42 GMT
Content-Type: application/json; charset=utf-8
Transfer-Encoding: chunked
Connection: keep-alive
X-Powered-By: Express
Access-Control-Allow-Origin: *
ETag: W/"1745-LHZ7D8kBZWcbCGljCoPXtjB5CeA"
CF-Cache-Status: DYNAMIC
Report-To: {"endpoints":[{"url":"https:\/\/a.nel.cloudflare.com\/report\/v4?s=fjBTlJu04GsfzDpgH9157GyMYWoW9zBLGDoEO6KZsJoJmbHkYjvfrS4NCqjOytagm6q4aXuwHrSH%2BYYTP2WSanN2aUSjgc7TiLSaVol%2Bi1bdpulczyC4qx6fkmwLL9oyQnEzi1bh2pOAmEUpnqK%2B%2FRBhOD4%3D"}],"group":"cf-nel","max_age":604800}
NEL: {"success_fraction":0,"report_to":"cf-nel","max_age":604800}
Server: cloudflare
CF-RAY: 89bf2e912e5e9d9d-DME
Content-Encoding: gzip
alt-svc: h3=":443"; ma=86400

{
    "success": true,
    "data": [
        {
            "_id": "61c0c5a71d1f82001bdaaa6d",
            "name": "Флюоресцентная булка R2-D3",
            "type": "bun",
            "proteins": 44,
            "fat": 26,
            "carbohydrates": 85,
            "calories": 643,
            "price": 988,
            "image": "https://code.s3.yandex.net/react/code/bun-01.png",
            "image_mobile": "https://code.s3.yandex.net/react/code/bun-01-mobile.png",
            "image_large": "https://code.s3.yandex.net/react/code/bun-01-large.png",
            "__v": 0
        },
        {
            "_id": "61c0c5a71d1f82001bdaaa6f",
            "name": "Мясо бессмертных моллюсков Protostomia",
            "type": "main",
            "proteins": 433,
            "fat": 244,
            "carbohydrates": 33,
            "calories": 420,
            "price": 1337,
            "image": "https://code.s3.yandex.net/react/code/meat-02.png",
            "image_mobile": "https://code.s3.yandex.net/react/code/meat-02-mobile.png",
            "image_large": "https://code.s3.yandex.net/react/code/meat-02-large.png",
            "__v": 0
        },
        {
            "_id": "61c0c5a71d1f82001bdaaa70",
            "name": "Говяжий метеорит (отбивная)",
            "type": "main",
            "proteins": 800,
            "fat": 800,
            "carbohydrates": 300,
            "calories": 2674,
            "price": 3000,
            "image": "https://code.s3.yandex.net/react/code/meat-04.png",
            "image_mobile": "https://code.s3.yandex.net/react/code/meat-04-mobile.png",
            "image_large": "https://code.s3.yandex.net/react/code/meat-04-large.png",
            "__v": 0
        },
        {
            "_id": "61c0c5a71d1f82001bdaaa71",
            "name": "Биокотлета из марсианской Магнолии",
            "type": "main",
            "proteins": 420,
            "fat": 142,
            "carbohydrates": 242,
            "calories": 4242,
            "price": 424,
            "image": "https://code.s3.yandex.net/react/code/meat-01.png",
            "image_mobile": "https://code.s3.yandex.net/react/code/meat-01-mobile.png",
            "image_large": "https://code.s3.yandex.net/react/code/meat-01-large.png",
            "__v": 0
        },
        {
            "_id": "61c0c5a71d1f82001bdaaa72",
            "name": "Соус Spicy-X",
            "type": "sauce",
            "proteins": 30,
            "fat": 20,
            "carbohydrates": 40,
            "calories": 30,
            "price": 90,
            "image": "https://code.s3.yandex.net/react/code/sauce-02.png",
            "image_mobile": "https://code.s3.yandex.net/react/code/sauce-02-mobile.png",
            "image_large": "https://code.s3.yandex.net/react/code/sauce-02-large.png",
            "__v": 0
        },
        {
            "_id": "61c0c5a71d1f82001bdaaa6e",
            "name": "Филе Люминесцентного тетраодонтимформа",
            "type": "main",
            "proteins": 44,
            "fat": 26,
            "carbohydrates": 85,
            "calories": 643,
            "price": 988,
            "image": "https://code.s3.yandex.net/react/code/meat-03.png",
            "image_mobile": "https://code.s3.yandex.net/react/code/meat-03-mobile.png",
            "image_large": "https://code.s3.yandex.net/react/code/meat-03-large.png",
            "__v": 0
        },
        {
            "_id": "61c0c5a71d1f82001bdaaa73",
            "name": "Соус фирменный Space Sauce",
            "type": "sauce",
            "proteins": 50,
            "fat": 22,
            "carbohydrates": 11,
            "calories": 14,
            "price": 80,
            "image": "https://code.s3.yandex.net/react/code/sauce-04.png",
            "image_mobile": "https://code.s3.yandex.net/react/code/sauce-04-mobile.png",
            "image_large": "https://code.s3.yandex.net/react/code/sauce-04-large.png",
            "__v": 0
        },
        {
            "_id": "61c0c5a71d1f82001bdaaa74",
            "name": "Соус традиционный галактический",
            "type": "sauce",
            "proteins": 42,
            "fat": 24,
            "carbohydrates": 42,
            "calories": 99,
            "price": 15,
            "image": "https://code.s3.yandex.net/react/code/sauce-03.png",
            "image_mobile": "https://code.s3.yandex.net/react/code/sauce-03-mobile.png",
            "image_large": "https://code.s3.yandex.net/react/code/sauce-03-large.png",
            "__v": 0
        },
        {
            "_id": "61c0c5a71d1f82001bdaaa6c",
            "name": "Краторная булка N-200i",
            "type": "bun",
            "proteins": 80,
            "fat": 24,
            "carbohydrates": 53,
            "calories": 420,
            "price": 1255,
            "image": "https://code.s3.yandex.net/react/code/bun-02.png",
            "image_mobile": "https://code.s3.yandex.net/react/code/bun-02-mobile.png",
            "image_large": "https://code.s3.yandex.net/react/code/bun-02-large.png",
            "__v": 0
        },
        {
            "_id": "61c0c5a71d1f82001bdaaa75",
            "name": "Соус с шипами Антарианского плоскоходца",
            "type": "sauce",
            "proteins": 101,
            "fat": 99,
            "carbohydrates": 100,
            "calories": 100,
            "price": 88,
            "image": "https://code.s3.yandex.net/react/code/sauce-01.png",
            "image_mobile": "https://code.s3.yandex.net/react/code/sauce-01-mobile.png",
            "image_large": "https://code.s3.yandex.net/react/code/sauce-01-large.png",
            "__v": 0
        },
        {
            "_id": "61c0c5a71d1f82001bdaaa76",
            "name": "Хрустящие минеральные кольца",
            "type": "main",
            "proteins": 808,
            "fat": 689,
            "carbohydrates": 609,
            "calories": 986,
            "price": 300,
            "image": "https://code.s3.yandex.net/react/code/mineral_rings.png",
            "image_mobile": "https://code.s3.yandex.net/react/code/mineral_rings-mobile.png",
            "image_large": "https://code.s3.yandex.net/react/code/mineral_rings-large.png",
            "__v": 0
        },
        {
            "_id": "61c0c5a71d1f82001bdaaa77",
            "name": "Плоды Фалленианского дерева",
            "type": "main",
            "proteins": 20,
            "fat": 5,
            "carbohydrates": 55,
            "calories": 77,
            "price": 874,
            "image": "https://code.s3.yandex.net/react/code/sp_1.png",
            "image_mobile": "https://code.s3.yandex.net/react/code/sp_1-mobile.png",
            "image_large": "https://code.s3.yandex.net/react/code/sp_1-large.png",
            "__v": 0
        },
        {
            "_id": "61c0c5a71d1f82001bdaaa78",
            "name": "Кристаллы марсианских альфа-сахаридов",
            "type": "main",
            "proteins": 234,
            "fat": 432,
            "carbohydrates": 111,
            "calories": 189,
            "price": 762,
            "image": "https://code.s3.yandex.net/react/code/core.png",
            "image_mobile": "https://code.s3.yandex.net/react/code/core-mobile.png",
            "image_large": "https://code.s3.yandex.net/react/code/core-large.png",
            "__v": 0
        },
        {
            "_id": "61c0c5a71d1f82001bdaaa79",
            "name": "Мини-салат Экзо-Плантаго",
            "type": "main",
            "proteins": 1,
            "fat": 2,
            "carbohydrates": 3,
            "calories": 6,
            "price": 4400,
            "image": "https://code.s3.yandex.net/react/code/salad.png",
            "image_mobile": "https://code.s3.yandex.net/react/code/salad-mobile.png",
            "image_large": "https://code.s3.yandex.net/react/code/salad-large.png",
            "__v": 0
        },
        {
            "_id": "61c0c5a71d1f82001bdaaa7a",
            "name": "Сыр с астероидной плесенью",
            "type": "main",
            "proteins": 84,
            "fat": 48,
            "carbohydrates": 420,
            "calories": 3377,
            "price": 4142,
            "image": "https://code.s3.yandex.net/react/code/cheese.png",
            "image_mobile": "https://code.s3.yandex.net/react/code/cheese-mobile.png",
            "image_large": "https://code.s3.yandex.net/react/code/cheese-large.png",
            "__v": 0
        }
    ]
}
HTTP/1.1 200 OK
Date: Sun, 30 Jun 2024 15:27:42 GMT
Content-Type: application/json; charset=utf-8
Transfer-Encoding: chunked
Connection: keep-alive
X-Powered-By: Express
Access-Control-Allow-Origin: *
ETag: W/"1745-LHZ7D8kBZWcbCGljCoPXtjB5CeA"
CF-Cache-Status: DYNAMIC
Report-To: {"endpoints":[{"url":"https:\/\/a.nel.cloudflare.com\/report\/v4?s=fjBTlJu04GsfzDpgH9157GyMYWoW9zBLGDoEO6KZsJoJmbHkYjvfrS4NCqjOytagm6q4aXuwHrSH%2BYYTP2WSanN2aUSjgc7TiLSaVol%2Bi1bdpulczyC4qx6fkmwLL9oyQnEzi1bh2pOAmEUpnqK%2B%2FRBhOD4%3D"}],"group":"cf-nel","max_age":604800}
NEL: {"success_fraction":0,"report_to":"cf-nel","max_age":604800}
Server: cloudflare
CF-RAY: 89bf2e912e5e9d9d-DME
Content-Encoding: gzip
alt-svc: h3=":443"; ma=86400

{
    "success": true,
    "data": [
        {
            "_id": "61c0c5a71d1f82001bdaaa6d",
            "name": "Флюоресцентная булка R2-D3",
            "type": "bun",
            "proteins": 44,
            "fat": 26,
            "carbohydrates": 85,
            "calories": 643,
            "price": 988,
            "image": "https://code.s3.yandex.net/react/code/bun-01.png",
            "image_mobile": "https://code.s3.yandex.net/react/code/bun-01-mobile.png",
            "image_large": "https://code.s3.yandex.net/react/code/bun-01-large.png",
            "__v": 0
        },
        {
            "_id": "61c0c5a71d1f82001bdaaa6f",
            "name": "Мясо бессмертных моллюсков Protostomia",
            "type": "main",
            "proteins": 433,
            "fat": 244,
            "carbohydrates": 33,
            "calories": 420,
            "price": 1337,
            "image": "https://code.s3.yandex.net/react/code/meat-02.png",
            "image_mobile": "https://code.s3.yandex.net/react/code/meat-02-mobile.png",
            "image_large": "https://code.s3.yandex.net/react/code/meat-02-large.png",
            "__v": 0
        },
        {
            "_id": "61c0c5a71d1f82001bdaaa70",
            "name": "Говяжий метеорит (отбивная)",
            "type": "main",
            "proteins": 800,
            "fat": 800,
            "carbohydrates": 300,
            "calories": 2674,
            "price": 3000,
            "image": "https://code.s3.yandex.net/react/code/meat-04.png",
            "image_mobile": "https://code.s3.yandex.net/react/code/meat-04-mobile.png",
            "image_large": "https://code.s3.yandex.net/react/code/meat-04-large.png",
            "__v": 0
        },
        {
            "_id": "61c0c5a71d1f82001bdaaa71",
            "name": "Биокотлета из марсианской Магнолии",
            "type": "main",
            "proteins": 420,
            "fat": 142,
            "carbohydrates": 242,
            "calories": 4242,
            "price": 424,
            "image": "https://code.s3.yandex.net/react/code/meat-01.png",
            "image_mobile": "https://code.s3.yandex.net/react/code/meat-01-mobile.png",
            "image_large": "https://code.s3.yandex.net/react/code/meat-01-large.png",
            "__v": 0
        },
        {
            "_id": "61c0c5a71d1f82001bdaaa72",
            "name": "Соус Spicy-X",
            "type": "sauce",
            "proteins": 30,
            "fat": 20,
            "carbohydrates": 40,
            "calories": 30,
            "price": 90,
            "image": "https://code.s3.yandex.net/react/code/sauce-02.png",
            "image_mobile": "https://code.s3.yandex.net/react/code/sauce-02-mobile.png",
            "image_large": "https://code.s3.yandex.net/react/code/sauce-02-large.png",
            "__v": 0
        },
        {
            "_id": "61c0c5a71d1f82001bdaaa6e",
            "name": "Филе Люминесцентного тетраодонтимформа",
            "type": "main",
            "proteins": 44,
            "fat": 26,
            "carbohydrates": 85,
            "calories": 643,
            "price": 988,
            "image": "https://code.s3.yandex.net/react/code/meat-03.png",
            "image_mobile": "https://code.s3.yandex.net/react/code/meat-03-mobile.png",
            "image_large": "https://code.s3.yandex.net/react/code/meat-03-large.png",
            "__v": 0
        },
        {
            "_id": "61c0c5a71d1f82001bdaaa73",
            "name": "Соус фирменный Space Sauce",
            "type": "sauce",
            "proteins": 50,
            "fat": 22,
            "carbohydrates": 11,
            "calories": 14,
            "price": 80,
            "image": "https://code.s3.yandex.net/react/code/sauce-04.png",
            "image_mobile": "https://code.s3.yandex.net/react/code/sauce-04-mobile.png",
            "image_large": "https://code.s3.yandex.net/react/code/sauce-04-large.png",
            "__v": 0
        },
        {
            "_id": "61c0c5a71d1f82001bdaaa74",
            "name": "Соус традиционный галактический",
            "type": "sauce",
            "proteins": 42,
            "fat": 24,
            "carbohydrates": 42,
            "calories": 99,
            "price": 15,
            "image": "https://code.s3.yandex.net/react/code/sauce-03.png",
            "image_mobile": "https://code.s3.yandex.net/react/code/sauce-03-mobile.png",
            "image_large": "https://code.s3.yandex.net/react/code/sauce-03-large.png",
            "__v": 0
        },
        {
            "_id": "61c0c5a71d1f82001bdaaa6c",
            "name": "Краторная булка N-200i",
            "type": "bun",
            "proteins": 80,
            "fat": 24,
            "carbohydrates": 53,
            "calories": 420,
            "price": 1255,
            "image": "https://code.s3.yandex.net/react/code/bun-02.png",
            "image_mobile": "https://code.s3.yandex.net/react/code/bun-02-mobile.png",
            "image_large": "https://code.s3.yandex.net/react/code/bun-02-large.png",
            "__v": 0
        },
        {
            "_id": "61c0c5a71d1f82001bdaaa75",
            "name": "Соус с шипами Антарианского плоскоходца",
            "type": "sauce",
            "proteins": 101,
            "fat": 99,
            "carbohydrates": 100,
            "calories": 100,
            "price": 88,
            "image": "https://code.s3.yandex.net/react/code/sauce-01.png",
            "image_mobile": "https://code.s3.yandex.net/react/code/sauce-01-mobile.png",
            "image_large": "https://code.s3.yandex.net/react/code/sauce-01-large.png",
            "__v": 0
        },
        {
            "_id": "61c0c5a71d1f82001bdaaa76",
            "name": "Хрустящие минеральные кольца",
            "type": "main",
            "proteins": 808,
            "fat": 689,
            "carbohydrates": 609,
            "calories": 986,
            "price": 300,
            "image": "https://code.s3.yandex.net/react/code/mineral_rings.png",
            "image_mobile": "https://code.s3.yandex.net/react/code/mineral_rings-mobile.png",
            "image_large": "https://code.s3.yandex.net/react/code/mineral_rings-large.png",
            "__v": 0
        },
        {
            "_id": "61c0c5a71d1f82001bdaaa77",
            "name": "Плоды Фалленианского дерева",
            "type": "main",
            "proteins": 20,
            "fat": 5,
            "carbohydrates": 55,
            "calories": 77,
            "price": 874,
            "image": "https://code.s3.yandex.net/react/code/sp_1.png",
            "image_mobile": "https://code.s3.yandex.net/react/code/sp_1-mobile.png",
            "image_large": "https://code.s3.yandex.net/react/code/sp_1-large.png",
            "__v": 0
        },
        {
            "_id": "61c0c5a71d1f82001bdaaa78",
            "name": "Кристаллы марсианских альфа-сахаридов",
            "type": "main",
            "proteins": 234,
            "fat": 432,
            "carbohydrates": 111,
            "calories": 189,
            "price": 762,
            "image": "https://code.s3.yandex.net/react/code/core.png",
            "image_mobile": "https://code.s3.yandex.net/react/code/core-mobile.png",
            "image_large": "https://code.s3.yandex.net/react/code/core-large.png",
            "__v": 0
        },
        {
            "_id": "61c0c5a71d1f82001bdaaa79",
            "name": "Мини-салат Экзо-Плантаго",
            "type": "main",
            "proteins": 1,
            "fat": 2,
            "carbohydrates": 3,
            "calories": 6,
            "price": 4400,
            "image": "https://code.s3.yandex.net/react/code/salad.png",
            "image_mobile": "https://code.s3.yandex.net/react/code/salad-mobile.png",
            "image_large": "https://code.s3.yandex.net/react/code/salad-large.png",
            "__v": 0
        },
        {
            "_id": "61c0c5a71d1f82001bdaaa7a",
            "name": "Сыр с астероидной плесенью",
            "type": "main",
            "proteins": 84,
            "fat": 48,
            "carbohydrates": 420,
            "calories": 3377,
            "price": 4142,
            "image": "https://code.s3.yandex.net/react/code/cheese.png",
            "image_mobile": "https://code.s3.yandex.net/react/code/cheese-mobile.png",
            "image_large": "https://code.s3.yandex.net/react/code/cheese-large.png",
            "__v": 0
        }
    ]
}
HTTP/1.1 200 OK
Date: Sun, 30 Jun 2024 15:27:42 GMT
Content-Type: application/json; charset=utf-8
Transfer-Encoding: chunked
Connection: keep-alive
X-Powered-By: Express
Access-Control-Allow-Origin: *
ETag: W/"1745-LHZ7D8kBZWcbCGljCoPXtjB5CeA"
CF-Cache-Status: DYNAMIC
Report-To: {"endpoints":[{"url":"https:\/\/a.nel.cloudflare.com\/report\/v4?s=fjBTlJu04GsfzDpgH9157GyMYWoW9zBLGDoEO6KZsJoJmbHkYjvfrS4NCqjOytagm6q4aXuwHrSH%2BYYTP2WSanN2aUSjgc7TiLSaVol%2Bi1bdpulczyC4qx6fkmwLL9oyQnEzi1bh2pOAmEUpnqK%2B%2FRBhOD4%3D"}],"group":"cf-nel","max_age":604800}
NEL: {"success_fraction":0,"report_to":"cf-nel","max_age":604800}
Server: cloudflare
CF-RAY: 89bf2e912e5e9d9d-DME
Content-Encoding: gzip
alt-svc: h3=":443"; ma=86400

{
    "success": true,
    "data": [
        {
            "_id": "61c0c5a71d1f82001bdaaa6d",
            "name": "Флюоресцентная булка R2-D3",
            "type": "bun",
            "proteins": 44,
            "fat": 26,
            "carbohydrates": 85,
            "calories": 643,
            "price": 988,
            "image": "https://code.s3.yandex.net/react/code/bun-01.png",
            "image_mobile": "https://code.s3.yandex.net/react/code/bun-01-mobile.png",
            "image_large": "https://code.s3.yandex.net/react/code/bun-01-large.png",
            "__v": 0
        },
        {
            "_id": "61c0c5a71d1f82001bdaaa6f",
            "name": "Мясо бессмертных моллюсков Protostomia",
            "type": "main",
            "proteins": 433,
            "fat": 244,
            "carbohydrates": 33,
            "calories": 420,
            "price": 1337,
            "image": "https://code.s3.yandex.net/react/code/meat-02.png",
            "image_mobile": "https://code.s3.yandex.net/react/code/meat-02-mobile.png",
            "image_large": "https://code.s3.yandex.net/react/code/meat-02-large.png",
            "__v": 0
        },
        {
            "_id": "61c0c5a71d1f82001bdaaa70",
            "name": "Говяжий метеорит (отбивная)",
            "type": "main",
            "proteins": 800,
            "fat": 800,
            "carbohydrates": 300,
            "calories": 2674,
            "price": 3000,
            "image": "https://code.s3.yandex.net/react/code/meat-04.png",
            "image_mobile": "https://code.s3.yandex.net/react/code/meat-04-mobile.png",
            "image_large": "https://code.s3.yandex.net/react/code/meat-04-large.png",
            "__v": 0
        },
        {
            "_id": "61c0c5a71d1f82001bdaaa71",
            "name": "Биокотлета из марсианской Магнолии",
            "type": "main",
            "proteins": 420,
            "fat": 142,
            "carbohydrates": 242,
            "calories": 4242,
            "price": 424,
            "image": "https://code.s3.yandex.net/react/code/meat-01.png",
            "image_mobile": "https://code.s3.yandex.net/react/code/meat-01-mobile.png",
            "image_large": "https://code.s3.yandex.net/react/code/meat-01-large.png",
            "__v": 0
        },
        {
            "_id": "61c0c5a71d1f82001bdaaa72",
            "name": "Соус Spicy-X",
            "type": "sauce",
            "proteins": 30,
            "fat": 20,
            "carbohydrates": 40,
            "calories": 30,
            "price": 90,
            "image": "https://code.s3.yandex.net/react/code/sauce-02.png",
            "image_mobile": "https://code.s3.yandex.net/react/code/sauce-02-mobile.png",
            "image_large": "https://code.s3.yandex.net/react/code/sauce-02-large.png",
            "__v": 0
        },
        {
            "_id": "61c0c5a71d1f82001bdaaa6e",
            "name": "Филе Люминесцентного тетраодонтимформа",
            "type": "main",
            "proteins": 44,
            "fat": 26,
            "carbohydrates": 85,
            "calories": 643,
            "price": 988,
            "image": "https://code.s3.yandex.net/react/code/meat-03.png",
            "image_mobile": "https://code.s3.yandex.net/react/code/meat-03-mobile.png",
            "image_large": "https://code.s3.yandex.net/react/code/meat-03-large.png",
            "__v": 0
        },
        {
            "_id": "61c0c5a71d1f82001bdaaa73",
            "name": "Соус фирменный Space Sauce",
            "type": "sauce",
            "proteins": 50,
            "fat": 22,
            "carbohydrates": 11,
            "calories": 14,
            "price": 80,
            "image": "https://code.s3.yandex.net/react/code/sauce-04.png",
            "image_mobile": "https://code.s3.yandex.net/react/code/sauce-04-mobile.png",
            "image_large": "https://code.s3.yandex.net/react/code/sauce-04-large.png",
            "__v": 0
        },
        {
            "_id": "61c0c5a71d1f82001bdaaa74",
            "name": "Соус традиционный галактический",
            "type": "sauce",
            "proteins": 42,
            "fat": 24,
            "carbohydrates": 42,
            "calories": 99,
            "price": 15,
            "image": "https://code.s3.yandex.net/react/code/sauce-03.png",
            "image_mobile": "https://code.s3.yandex.net/react/code/sauce-03-mobile.png",
            "image_large": "https://code.s3.yandex.net/react/code/sauce-03-large.png",
            "__v": 0
        },
        {
            "_id": "61c0c5a71d1f82001bdaaa6c",
            "name": "Краторная булка N-200i",
            "type": "bun",
            "proteins": 80,
            "fat": 24,
            "carbohydrates": 53,
            "calories": 420,
            "price": 1255,
            "image": "https://code.s3.yandex.net/react/code/bun-02.png",
            "image_mobile": "https://code.s3.yandex.net/react/code/bun-02-mobile.png",
            "image_large": "https://code.s3.yandex.net/react/code/bun-02-large.png",
            "__v": 0
        },
        {
            "_id": "61c0c5a71d1f82001bdaaa75",
            "name": "Соус с шипами Антарианского плоскоходца",
            "type": "sauce",
            "proteins": 101,
            "fat": 99,
            "carbohydrates": 100,
            "calories": 100,
            "price": 88,
            "image": "https://code.s3.yandex.net/react/code/sauce-01.png",
            "image_mobile": "https://code.s3.yandex.net/react/code/sauce-01-mobile.png",
            "image_large": "https://code.s3.yandex.net/react/code/sauce-01-large.png",
            "__v": 0
        },
        {
            "_id": "61c0c5a71d1f82001bdaaa76",
            "name": "Хрустящие минеральные кольца",
            "type": "main",
            "proteins": 808,
            "fat": 689,
            "carbohydrates": 609,
            "calories": 986,
            "price": 300,
            "image": "https://code.s3.yandex.net/react/code/mineral_rings.png",
            "image_mobile": "https://code.s3.yandex.net/react/code/mineral_rings-mobile.png",
            "image_large": "https://code.s3.yandex.net/react/code/mineral_rings-large.png",
            "__v": 0
        },
        {
            "_id": "61c0c5a71d1f82001bdaaa77",
            "name": "Плоды Фалленианского дерева",
            "type": "main",
            "proteins": 20,
            "fat": 5,
            "carbohydrates": 55,
            "calories": 77,
            "price": 874,
            "image": "https://code.s3.yandex.net/react/code/sp_1.png",
            "image_mobile": "https://code.s3.yandex.net/react/code/sp_1-mobile.png",
            "image_large": "https://code.s3.yandex.net/react/code/sp_1-large.png",
            "__v": 0
        },
        {
            "_id": "61c0c5a71d1f82001bdaaa78",
            "name": "Кристаллы марсианских альфа-сахаридов",
            "type": "main",
            "proteins": 234,
            "fat": 432,
            "carbohydrates": 111,
            "calories": 189,
            "price": 762,
            "image": "https://code.s3.yandex.net/react/code/core.png",
            "image_mobile": "https://code.s3.yandex.net/react/code/core-mobile.png",
            "image_large": "https://code.s3.yandex.net/react/code/core-large.png",
            "__v": 0
        },
        {
            "_id": "61c0c5a71d1f82001bdaaa79",
            "name": "Мини-салат Экзо-Плантаго",
            "type": "main",
            "proteins": 1,
            "fat": 2,
            "carbohydrates": 3,
            "calories": 6,
            "price": 4400,
            "image": "https://code.s3.yandex.net/react/code/salad.png",
            "image_mobile": "https://code.s3.yandex.net/react/code/salad-mobile.png",
            "image_large": "https://code.s3.yandex.net/react/code/salad-large.png",
            "__v": 0
        },
        {
            "_id": "61c0c5a71d1f82001bdaaa7a",
            "name": "Сыр с астероидной плесенью",
            "type": "main",
            "proteins": 84,
            "fat": 48,
            "carbohydrates": 420,
            "calories": 3377,
            "price": 4142,
            "image": "https://code.s3.yandex.net/react/code/cheese.png",
            "image_mobile": "https://code.s3.yandex.net/react/code/cheese-mobile.png",
            "image_large": "https://code.s3.yandex.net/react/code/cheese-large.png",
            "__v": 0
        }
    ]
}
Request method:	POST
Request URI:	https://stellarburgers.nomoreparties.site/api/orders
Proxy:			<none>
Request params:	<none>
Query params:	<none>
Form params:	<none>
Path params:	<none>
Headers:		authorization=Bearer eyJhbGciOiJIUzI1NiIsInR5cCI6IkpXVCJ9.eyJpZCI6IjY2ODE3OTZkOWVkMjgwMDAxYjQ1OTYwOCIsImlhdCI6MTcxOTc2MTI2MiwiZXhwIjoxNzE5NzYyNDYyfQ.CiJkEcUCjLUl13BhkE-9kNao77E7ChpQI8ZcwCgRfOQ
				Accept=*/*
				Content-Type=application/json
Cookies:		<none>
Multiparts:		<none>
Body:
{
    "ingredients": [
        "61c0c5a71d1f82001bdaaa6f",
        "61c0c5a71d1f82001bdaaa6e",
        "61c0c5a71d1f82001bdaaa6c"
    ]
}
Request method:	POST
Request URI:	https://stellarburgers.nomoreparties.site/api/orders
Proxy:			<none>
Request params:	<none>
Query params:	<none>
Form params:	<none>
Path params:	<none>
Headers:		authorization=Bearer eyJhbGciOiJIUzI1NiIsInR5cCI6IkpXVCJ9.eyJpZCI6IjY2ODE3OTZkOWVkMjgwMDAxYjQ1OTYwOCIsImlhdCI6MTcxOTc2MTI2MiwiZXhwIjoxNzE5NzYyNDYyfQ.CiJkEcUCjLUl13BhkE-9kNao77E7ChpQI8ZcwCgRfOQ
				Accept=*/*
				Content-Type=application/json
Cookies:		<none>
Multiparts:		<none>
Body:
{
    "ingredients": [
        "61c0c5a71d1f82001bdaaa6f",
        "61c0c5a71d1f82001bdaaa6e",
        "61c0c5a71d1f82001bdaaa6c"
    ]
}
Request method:	POST
Request URI:	https://stellarburgers.nomoreparties.site/api/orders
Proxy:			<none>
Request params:	<none>
Query params:	<none>
Form params:	<none>
Path params:	<none>
Headers:		authorization=Bearer eyJhbGciOiJIUzI1NiIsInR5cCI6IkpXVCJ9.eyJpZCI6IjY2ODE3OTZkOWVkMjgwMDAxYjQ1OTYwOCIsImlhdCI6MTcxOTc2MTI2MiwiZXhwIjoxNzE5NzYyNDYyfQ.CiJkEcUCjLUl13BhkE-9kNao77E7ChpQI8ZcwCgRfOQ
				Accept=*/*
				Content-Type=application/json
Cookies:		<none>
Multiparts:		<none>
Body:
{
    "ingredients": [
        "61c0c5a71d1f82001bdaaa6f",
        "61c0c5a71d1f82001bdaaa6e",
        "61c0c5a71d1f82001bdaaa6c"
    ]
}
Request method:	POST
Request URI:	https://stellarburgers.nomoreparties.site/api/orders
Proxy:			<none>
Request params:	<none>
Query params:	<none>
Form params:	<none>
Path params:	<none>
Headers:		authorization=Bearer eyJhbGciOiJIUzI1NiIsInR5cCI6IkpXVCJ9.eyJpZCI6IjY2ODE3OTZkOWVkMjgwMDAxYjQ1OTYwOCIsImlhdCI6MTcxOTc2MTI2MiwiZXhwIjoxNzE5NzYyNDYyfQ.CiJkEcUCjLUl13BhkE-9kNao77E7ChpQI8ZcwCgRfOQ
				Accept=*/*
				Content-Type=application/json
Cookies:		<none>
Multiparts:		<none>
Body:
{
    "ingredients": [
        "61c0c5a71d1f82001bdaaa6f",
        "61c0c5a71d1f82001bdaaa6e",
        "61c0c5a71d1f82001bdaaa6c"
    ]
}
Request method:	POST
Request URI:	https://stellarburgers.nomoreparties.site/api/orders
Proxy:			<none>
Request params:	<none>
Query params:	<none>
Form params:	<none>
Path params:	<none>
Headers:		authorization=Bearer eyJhbGciOiJIUzI1NiIsInR5cCI6IkpXVCJ9.eyJpZCI6IjY2ODE3OTZkOWVkMjgwMDAxYjQ1OTYwOCIsImlhdCI6MTcxOTc2MTI2MiwiZXhwIjoxNzE5NzYyNDYyfQ.CiJkEcUCjLUl13BhkE-9kNao77E7ChpQI8ZcwCgRfOQ
				Accept=*/*
				Content-Type=application/json
Cookies:		<none>
Multiparts:		<none>
Body:
{
    "ingredients": [
        "61c0c5a71d1f82001bdaaa6f",
        "61c0c5a71d1f82001bdaaa6e",
        "61c0c5a71d1f82001bdaaa6c"
    ]
}
Request method:	POST
Request URI:	https://stellarburgers.nomoreparties.site/api/orders
Proxy:			<none>
Request params:	<none>
Query params:	<none>
Form params:	<none>
Path params:	<none>
Headers:		authorization=Bearer eyJhbGciOiJIUzI1NiIsInR5cCI6IkpXVCJ9.eyJpZCI6IjY2ODE3OTZkOWVkMjgwMDAxYjQ1OTYwOCIsImlhdCI6MTcxOTc2MTI2MiwiZXhwIjoxNzE5NzYyNDYyfQ.CiJkEcUCjLUl13BhkE-9kNao77E7ChpQI8ZcwCgRfOQ
				Accept=*/*
				Content-Type=application/json
Cookies:		<none>
Multiparts:		<none>
Body:
{
    "ingredients": [
        "61c0c5a71d1f82001bdaaa6f",
        "61c0c5a71d1f82001bdaaa6e",
        "61c0c5a71d1f82001bdaaa6c"
    ]
}
Request method:	POST
Request URI:	https://stellarburgers.nomoreparties.site/api/orders
Proxy:			<none>
Request params:	<none>
Query params:	<none>
Form params:	<none>
Path params:	<none>
Headers:		authorization=Bearer eyJhbGciOiJIUzI1NiIsInR5cCI6IkpXVCJ9.eyJpZCI6IjY2ODE3OTZkOWVkMjgwMDAxYjQ1OTYwOCIsImlhdCI6MTcxOTc2MTI2MiwiZXhwIjoxNzE5NzYyNDYyfQ.CiJkEcUCjLUl13BhkE-9kNao77E7ChpQI8ZcwCgRfOQ
				Accept=*/*
				Content-Type=application/json
Cookies:		<none>
Multiparts:		<none>
Body:
{
    "ingredients": [
        "61c0c5a71d1f82001bdaaa6f",
        "61c0c5a71d1f82001bdaaa6e",
        "61c0c5a71d1f82001bdaaa6c"
    ]
}
Request method:	POST
Request URI:	https://stellarburgers.nomoreparties.site/api/orders
Proxy:			<none>
Request params:	<none>
Query params:	<none>
Form params:	<none>
Path params:	<none>
Headers:		authorization=Bearer eyJhbGciOiJIUzI1NiIsInR5cCI6IkpXVCJ9.eyJpZCI6IjY2ODE3OTZkOWVkMjgwMDAxYjQ1OTYwOCIsImlhdCI6MTcxOTc2MTI2MiwiZXhwIjoxNzE5NzYyNDYyfQ.CiJkEcUCjLUl13BhkE-9kNao77E7ChpQI8ZcwCgRfOQ
				Accept=*/*
				Content-Type=application/json
Cookies:		<none>
Multiparts:		<none>
Body:
{
    "ingredients": [
        "61c0c5a71d1f82001bdaaa6f",
        "61c0c5a71d1f82001bdaaa6e",
        "61c0c5a71d1f82001bdaaa6c"
    ]
}
Request method:	POST
Request URI:	https://stellarburgers.nomoreparties.site/api/orders
Proxy:			<none>
Request params:	<none>
Query params:	<none>
Form params:	<none>
Path params:	<none>
Headers:		authorization=Bearer eyJhbGciOiJIUzI1NiIsInR5cCI6IkpXVCJ9.eyJpZCI6IjY2ODE3OTZkOWVkMjgwMDAxYjQ1OTYwOCIsImlhdCI6MTcxOTc2MTI2MiwiZXhwIjoxNzE5NzYyNDYyfQ.CiJkEcUCjLUl13BhkE-9kNao77E7ChpQI8ZcwCgRfOQ
				Accept=*/*
				Content-Type=application/json
Cookies:		<none>
Multiparts:		<none>
Body:
{
    "ingredients": [
        "61c0c5a71d1f82001bdaaa6f",
        "61c0c5a71d1f82001bdaaa6e",
        "61c0c5a71d1f82001bdaaa6c"
    ]
}
Request method:	POST
Request URI:	https://stellarburgers.nomoreparties.site/api/orders
Proxy:			<none>
Request params:	<none>
Query params:	<none>
Form params:	<none>
Path params:	<none>
Headers:		authorization=Bearer eyJhbGciOiJIUzI1NiIsInR5cCI6IkpXVCJ9.eyJpZCI6IjY2ODE3OTZkOWVkMjgwMDAxYjQ1OTYwOCIsImlhdCI6MTcxOTc2MTI2MiwiZXhwIjoxNzE5NzYyNDYyfQ.CiJkEcUCjLUl13BhkE-9kNao77E7ChpQI8ZcwCgRfOQ
				Accept=*/*
				Content-Type=application/json
Cookies:		<none>
Multiparts:		<none>
Body:
{
    "ingredients": [
        "61c0c5a71d1f82001bdaaa6f",
        "61c0c5a71d1f82001bdaaa6e",
        "61c0c5a71d1f82001bdaaa6c"
    ]
}
Request method:	POST
Request URI:	https://stellarburgers.nomoreparties.site/api/orders
Proxy:			<none>
Request params:	<none>
Query params:	<none>
Form params:	<none>
Path params:	<none>
Headers:		authorization=Bearer eyJhbGciOiJIUzI1NiIsInR5cCI6IkpXVCJ9.eyJpZCI6IjY2ODE3OTZkOWVkMjgwMDAxYjQ1OTYwOCIsImlhdCI6MTcxOTc2MTI2MiwiZXhwIjoxNzE5NzYyNDYyfQ.CiJkEcUCjLUl13BhkE-9kNao77E7ChpQI8ZcwCgRfOQ
				Accept=*/*
				Content-Type=application/json
Cookies:		<none>
Multiparts:		<none>
Body:
{
    "ingredients": [
        "61c0c5a71d1f82001bdaaa6f",
        "61c0c5a71d1f82001bdaaa6e",
        "61c0c5a71d1f82001bdaaa6c"
    ]
}
Request method:	POST
Request URI:	https://stellarburgers.nomoreparties.site/api/orders
Proxy:			<none>
Request params:	<none>
Query params:	<none>
Form params:	<none>
Path params:	<none>
Headers:		authorization=Bearer eyJhbGciOiJIUzI1NiIsInR5cCI6IkpXVCJ9.eyJpZCI6IjY2ODE3OTZkOWVkMjgwMDAxYjQ1OTYwOCIsImlhdCI6MTcxOTc2MTI2MiwiZXhwIjoxNzE5NzYyNDYyfQ.CiJkEcUCjLUl13BhkE-9kNao77E7ChpQI8ZcwCgRfOQ
				Accept=*/*
				Content-Type=application/json
Cookies:		<none>
Multiparts:		<none>
Body:
{
    "ingredients": [
        "61c0c5a71d1f82001bdaaa6f",
        "61c0c5a71d1f82001bdaaa6e",
        "61c0c5a71d1f82001bdaaa6c"
    ]
}
Request method:	POST
Request URI:	https://stellarburgers.nomoreparties.site/api/orders
Proxy:			<none>
Request params:	<none>
Query params:	<none>
Form params:	<none>
Path params:	<none>
Headers:		authorization=Bearer eyJhbGciOiJIUzI1NiIsInR5cCI6IkpXVCJ9.eyJpZCI6IjY2ODE3OTZkOWVkMjgwMDAxYjQ1OTYwOCIsImlhdCI6MTcxOTc2MTI2MiwiZXhwIjoxNzE5NzYyNDYyfQ.CiJkEcUCjLUl13BhkE-9kNao77E7ChpQI8ZcwCgRfOQ
				Accept=*/*
				Content-Type=application/json
Cookies:		<none>
Multiparts:		<none>
Body:
{
    "ingredients": [
        "61c0c5a71d1f82001bdaaa6f",
        "61c0c5a71d1f82001bdaaa6e",
        "61c0c5a71d1f82001bdaaa6c"
    ]
}
Request method:	POST
Request URI:	https://stellarburgers.nomoreparties.site/api/orders
Proxy:			<none>
Request params:	<none>
Query params:	<none>
Form params:	<none>
Path params:	<none>
Headers:		authorization=Bearer eyJhbGciOiJIUzI1NiIsInR5cCI6IkpXVCJ9.eyJpZCI6IjY2ODE3OTZkOWVkMjgwMDAxYjQ1OTYwOCIsImlhdCI6MTcxOTc2MTI2MiwiZXhwIjoxNzE5NzYyNDYyfQ.CiJkEcUCjLUl13BhkE-9kNao77E7ChpQI8ZcwCgRfOQ
				Accept=*/*
				Content-Type=application/json
Cookies:		<none>
Multiparts:		<none>
Body:
{
    "ingredients": [
        "61c0c5a71d1f82001bdaaa6f",
        "61c0c5a71d1f82001bdaaa6e",
        "61c0c5a71d1f82001bdaaa6c"
    ]
}
Request method:	POST
Request URI:	https://stellarburgers.nomoreparties.site/api/orders
Proxy:			<none>
Request params:	<none>
Query params:	<none>
Form params:	<none>
Path params:	<none>
Headers:		authorization=Bearer eyJhbGciOiJIUzI1NiIsInR5cCI6IkpXVCJ9.eyJpZCI6IjY2ODE3OTZkOWVkMjgwMDAxYjQ1OTYwOCIsImlhdCI6MTcxOTc2MTI2MiwiZXhwIjoxNzE5NzYyNDYyfQ.CiJkEcUCjLUl13BhkE-9kNao77E7ChpQI8ZcwCgRfOQ
				Accept=*/*
				Content-Type=application/json
Cookies:		<none>
Multiparts:		<none>
Body:
{
    "ingredients": [
        "61c0c5a71d1f82001bdaaa6f",
        "61c0c5a71d1f82001bdaaa6e",
        "61c0c5a71d1f82001bdaaa6c"
    ]
}
Request method:	POST
Request URI:	https://stellarburgers.nomoreparties.site/api/orders
Proxy:			<none>
Request params:	<none>
Query params:	<none>
Form params:	<none>
Path params:	<none>
Headers:		authorization=Bearer eyJhbGciOiJIUzI1NiIsInR5cCI6IkpXVCJ9.eyJpZCI6IjY2ODE3OTZkOWVkMjgwMDAxYjQ1OTYwOCIsImlhdCI6MTcxOTc2MTI2MiwiZXhwIjoxNzE5NzYyNDYyfQ.CiJkEcUCjLUl13BhkE-9kNao77E7ChpQI8ZcwCgRfOQ
				Accept=*/*
				Content-Type=application/json
Cookies:		<none>
Multiparts:		<none>
Body:
{
    "ingredients": [
        "61c0c5a71d1f82001bdaaa6f",
        "61c0c5a71d1f82001bdaaa6e",
        "61c0c5a71d1f82001bdaaa6c"
    ]
}
Request method:	POST
Request URI:	https://stellarburgers.nomoreparties.site/api/orders
Proxy:			<none>
Request params:	<none>
Query params:	<none>
Form params:	<none>
Path params:	<none>
Headers:		authorization=Bearer eyJhbGciOiJIUzI1NiIsInR5cCI6IkpXVCJ9.eyJpZCI6IjY2ODE3OTZkOWVkMjgwMDAxYjQ1OTYwOCIsImlhdCI6MTcxOTc2MTI2MiwiZXhwIjoxNzE5NzYyNDYyfQ.CiJkEcUCjLUl13BhkE-9kNao77E7ChpQI8ZcwCgRfOQ
				Accept=*/*
				Content-Type=application/json
Cookies:		<none>
Multiparts:		<none>
Body:
{
    "ingredients": [
        "61c0c5a71d1f82001bdaaa6f",
        "61c0c5a71d1f82001bdaaa6e",
        "61c0c5a71d1f82001bdaaa6c"
    ]
}
Request method:	POST
Request URI:	https://stellarburgers.nomoreparties.site/api/orders
Proxy:			<none>
Request params:	<none>
Query params:	<none>
Form params:	<none>
Path params:	<none>
Headers:		authorization=Bearer eyJhbGciOiJIUzI1NiIsInR5cCI6IkpXVCJ9.eyJpZCI6IjY2ODE3OTZkOWVkMjgwMDAxYjQ1OTYwOCIsImlhdCI6MTcxOTc2MTI2MiwiZXhwIjoxNzE5NzYyNDYyfQ.CiJkEcUCjLUl13BhkE-9kNao77E7ChpQI8ZcwCgRfOQ
				Accept=*/*
				Content-Type=application/json
Cookies:		<none>
Multiparts:		<none>
Body:
{
    "ingredients": [
        "61c0c5a71d1f82001bdaaa6f",
        "61c0c5a71d1f82001bdaaa6e",
        "61c0c5a71d1f82001bdaaa6c"
    ]
}
Request method:	POST
Request URI:	https://stellarburgers.nomoreparties.site/api/orders
Proxy:			<none>
Request params:	<none>
Query params:	<none>
Form params:	<none>
Path params:	<none>
Headers:		authorization=Bearer eyJhbGciOiJIUzI1NiIsInR5cCI6IkpXVCJ9.eyJpZCI6IjY2ODE3OTZkOWVkMjgwMDAxYjQ1OTYwOCIsImlhdCI6MTcxOTc2MTI2MiwiZXhwIjoxNzE5NzYyNDYyfQ.CiJkEcUCjLUl13BhkE-9kNao77E7ChpQI8ZcwCgRfOQ
				Accept=*/*
				Content-Type=application/json
Cookies:		<none>
Multiparts:		<none>
Body:
{
    "ingredients": [
        "61c0c5a71d1f82001bdaaa6f",
        "61c0c5a71d1f82001bdaaa6e",
        "61c0c5a71d1f82001bdaaa6c"
    ]
}
Request method:	POST
Request URI:	https://stellarburgers.nomoreparties.site/api/orders
Proxy:			<none>
Request params:	<none>
Query params:	<none>
Form params:	<none>
Path params:	<none>
Headers:		authorization=Bearer eyJhbGciOiJIUzI1NiIsInR5cCI6IkpXVCJ9.eyJpZCI6IjY2ODE3OTZkOWVkMjgwMDAxYjQ1OTYwOCIsImlhdCI6MTcxOTc2MTI2MiwiZXhwIjoxNzE5NzYyNDYyfQ.CiJkEcUCjLUl13BhkE-9kNao77E7ChpQI8ZcwCgRfOQ
				Accept=*/*
				Content-Type=application/json
Cookies:		<none>
Multiparts:		<none>
Body:
{
    "ingredients": [
        "61c0c5a71d1f82001bdaaa6f",
        "61c0c5a71d1f82001bdaaa6e",
        "61c0c5a71d1f82001bdaaa6c"
    ]
}
Request method:	POST
Request URI:	https://stellarburgers.nomoreparties.site/api/orders
Proxy:			<none>
Request params:	<none>
Query params:	<none>
Form params:	<none>
Path params:	<none>
Headers:		authorization=Bearer eyJhbGciOiJIUzI1NiIsInR5cCI6IkpXVCJ9.eyJpZCI6IjY2ODE3OTZkOWVkMjgwMDAxYjQ1OTYwOCIsImlhdCI6MTcxOTc2MTI2MiwiZXhwIjoxNzE5NzYyNDYyfQ.CiJkEcUCjLUl13BhkE-9kNao77E7ChpQI8ZcwCgRfOQ
				Accept=*/*
				Content-Type=application/json
Cookies:		<none>
Multiparts:		<none>
Body:
{
    "ingredients": [
        "61c0c5a71d1f82001bdaaa6f",
        "61c0c5a71d1f82001bdaaa6e",
        "61c0c5a71d1f82001bdaaa6c"
    ]
}
HTTP/1.1 200 OK
Date: Sun, 30 Jun 2024 15:27:43 GMT
Content-Type: application/json; charset=utf-8
Transfer-Encoding: chunked
Connection: keep-alive
X-Powered-By: Express
Access-Control-Allow-Origin: *
ETag: W/"6b4-Cp28d9heK6WJ0J3SbJs2Lpjt0dM"
CF-Cache-Status: DYNAMIC
Report-To: {"endpoints":[{"url":"https:\/\/a.nel.cloudflare.com\/report\/v4?s=v46ugW8WZjTuGG8xzwl77XPdnia1XKQZKTZpafb71Mb8nBWu6HeK93ERUV0IgX%2F%2Fen9UoYBcsiOrPNYh57H98jCIF1CYpOZlrashvIGzz7ytdB57G9ZZISBV4Kz8WeWWc74XScUzejdULgbwEWhGEPmLkx8%3D"}],"group":"cf-nel","max_age":604800}
NEL: {"success_fraction":0,"report_to":"cf-nel","max_age":604800}
Server: cloudflare
CF-RAY: 89bf2e92c87c6340-LHR
Content-Encoding: gzip
alt-svc: h3=":443"; ma=86400

{
    "success": true,
    "name": "Люминесцентный бессмертный краторный бургер",
    "order": {
        "ingredients": [
            {
                "_id": "61c0c5a71d1f82001bdaaa6f",
                "name": "Мясо бессмертных моллюсков Protostomia",
                "type": "main",
                "proteins": 433,
                "fat": 244,
                "carbohydrates": 33,
                "calories": 420,
                "price": 1337,
                "image": "https://code.s3.yandex.net/react/code/meat-02.png",
                "image_mobile": "https://code.s3.yandex.net/react/code/meat-02-mobile.png",
                "image_large": "https://code.s3.yandex.net/react/code/meat-02-large.png",
                "__v": 0
            },
            {
                "_id": "61c0c5a71d1f82001bdaaa6e",
                "name": "Филе Люминесцентного тетраодонтимформа",
                "type": "main",
                "proteins": 44,
                "fat": 26,
                "carbohydrates": 85,
                "calories": 643,
                "price": 988,
                "image": "https://code.s3.yandex.net/react/code/meat-03.png",
                "image_mobile": "https://code.s3.yandex.net/react/code/meat-03-mobile.png",
                "image_large": "https://code.s3.yandex.net/react/code/meat-03-large.png",
                "__v": 0
            },
            {
                "_id": "61c0c5a71d1f82001bdaaa6c",
                "name": "Краторная булка N-200i",
                "type": "bun",
                "proteins": 80,
                "fat": 24,
                "carbohydrates": 53,
                "calories": 420,
                "price": 1255,
                "image": "https://code.s3.yandex.net/react/code/bun-02.png",
                "image_mobile": "https://code.s3.yandex.net/react/code/bun-02-mobile.png",
                "image_large": "https://code.s3.yandex.net/react/code/bun-02-large.png",
                "__v": 0
            }
        ],
        "_id": "6681796e9ed280001b45960b",
        "owner": {
            "name": "dMhoZejIey",
            "email": "xbbdfkjana@ya.ru",
            "createdAt": "2024-06-30T15:27:41.765Z",
            "updatedAt": "2024-06-30T15:27:41.765Z"
        },
        "status": "done",
        "name": "Люминесцентный бессмертный краторный бургер",
        "createdAt": "2024-06-30T15:27:42.602Z",
        "updatedAt": "2024-06-30T15:27:43.214Z",
        "number": 89499,
        "price": 3580
    }
}
HTTP/1.1 200 OK
Date: Sun, 30 Jun 2024 15:27:43 GMT
Content-Type: application/json; charset=utf-8
Transfer-Encoding: chunked
Connection: keep-alive
X-Powered-By: Express
Access-Control-Allow-Origin: *
ETag: W/"6b4-Cp28d9heK6WJ0J3SbJs2Lpjt0dM"
CF-Cache-Status: DYNAMIC
Report-To: {"endpoints":[{"url":"https:\/\/a.nel.cloudflare.com\/report\/v4?s=v46ugW8WZjTuGG8xzwl77XPdnia1XKQZKTZpafb71Mb8nBWu6HeK93ERUV0IgX%2F%2Fen9UoYBcsiOrPNYh57H98jCIF1CYpOZlrashvIGzz7ytdB57G9ZZISBV4Kz8WeWWc74XScUzejdULgbwEWhGEPmLkx8%3D"}],"group":"cf-nel","max_age":604800}
NEL: {"success_fraction":0,"report_to":"cf-nel","max_age":604800}
Server: cloudflare
CF-RAY: 89bf2e92c87c6340-LHR
Content-Encoding: gzip
alt-svc: h3=":443"; ma=86400

{
    "success": true,
    "name": "Люминесцентный бессмертный краторный бургер",
    "order": {
        "ingredients": [
            {
                "_id": "61c0c5a71d1f82001bdaaa6f",
                "name": "Мясо бессмертных моллюсков Protostomia",
                "type": "main",
                "proteins": 433,
                "fat": 244,
                "carbohydrates": 33,
                "calories": 420,
                "price": 1337,
                "image": "https://code.s3.yandex.net/react/code/meat-02.png",
                "image_mobile": "https://code.s3.yandex.net/react/code/meat-02-mobile.png",
                "image_large": "https://code.s3.yandex.net/react/code/meat-02-large.png",
                "__v": 0
            },
            {
                "_id": "61c0c5a71d1f82001bdaaa6e",
                "name": "Филе Люминесцентного тетраодонтимформа",
                "type": "main",
                "proteins": 44,
                "fat": 26,
                "carbohydrates": 85,
                "calories": 643,
                "price": 988,
                "image": "https://code.s3.yandex.net/react/code/meat-03.png",
                "image_mobile": "https://code.s3.yandex.net/react/code/meat-03-mobile.png",
                "image_large": "https://code.s3.yandex.net/react/code/meat-03-large.png",
                "__v": 0
            },
            {
                "_id": "61c0c5a71d1f82001bdaaa6c",
                "name": "Краторная булка N-200i",
                "type": "bun",
                "proteins": 80,
                "fat": 24,
                "carbohydrates": 53,
                "calories": 420,
                "price": 1255,
                "image": "https://code.s3.yandex.net/react/code/bun-02.png",
                "image_mobile": "https://code.s3.yandex.net/react/code/bun-02-mobile.png",
                "image_large": "https://code.s3.yandex.net/react/code/bun-02-large.png",
                "__v": 0
            }
        ],
        "_id": "6681796e9ed280001b45960b",
        "owner": {
            "name": "dMhoZejIey",
            "email": "xbbdfkjana@ya.ru",
            "createdAt": "2024-06-30T15:27:41.765Z",
            "updatedAt": "2024-06-30T15:27:41.765Z"
        },
        "status": "done",
        "name": "Люминесцентный бессмертный краторный бургер",
        "createdAt": "2024-06-30T15:27:42.602Z",
        "updatedAt": "2024-06-30T15:27:43.214Z",
        "number": 89499,
        "price": 3580
    }
}
HTTP/1.1 200 OK
Date: Sun, 30 Jun 2024 15:27:43 GMT
Content-Type: application/json; charset=utf-8
Transfer-Encoding: chunked
Connection: keep-alive
X-Powered-By: Express
Access-Control-Allow-Origin: *
ETag: W/"6b4-Cp28d9heK6WJ0J3SbJs2Lpjt0dM"
CF-Cache-Status: DYNAMIC
Report-To: {"endpoints":[{"url":"https:\/\/a.nel.cloudflare.com\/report\/v4?s=v46ugW8WZjTuGG8xzwl77XPdnia1XKQZKTZpafb71Mb8nBWu6HeK93ERUV0IgX%2F%2Fen9UoYBcsiOrPNYh57H98jCIF1CYpOZlrashvIGzz7ytdB57G9ZZISBV4Kz8WeWWc74XScUzejdULgbwEWhGEPmLkx8%3D"}],"group":"cf-nel","max_age":604800}
NEL: {"success_fraction":0,"report_to":"cf-nel","max_age":604800}
Server: cloudflare
CF-RAY: 89bf2e92c87c6340-LHR
Content-Encoding: gzip
alt-svc: h3=":443"; ma=86400

{
    "success": true,
    "name": "Люминесцентный бессмертный краторный бургер",
    "order": {
        "ingredients": [
            {
                "_id": "61c0c5a71d1f82001bdaaa6f",
                "name": "Мясо бессмертных моллюсков Protostomia",
                "type": "main",
                "proteins": 433,
                "fat": 244,
                "carbohydrates": 33,
                "calories": 420,
                "price": 1337,
                "image": "https://code.s3.yandex.net/react/code/meat-02.png",
                "image_mobile": "https://code.s3.yandex.net/react/code/meat-02-mobile.png",
                "image_large": "https://code.s3.yandex.net/react/code/meat-02-large.png",
                "__v": 0
            },
            {
                "_id": "61c0c5a71d1f82001bdaaa6e",
                "name": "Филе Люминесцентного тетраодонтимформа",
                "type": "main",
                "proteins": 44,
                "fat": 26,
                "carbohydrates": 85,
                "calories": 643,
                "price": 988,
                "image": "https://code.s3.yandex.net/react/code/meat-03.png",
                "image_mobile": "https://code.s3.yandex.net/react/code/meat-03-mobile.png",
                "image_large": "https://code.s3.yandex.net/react/code/meat-03-large.png",
                "__v": 0
            },
            {
                "_id": "61c0c5a71d1f82001bdaaa6c",
                "name": "Краторная булка N-200i",
                "type": "bun",
                "proteins": 80,
                "fat": 24,
                "carbohydrates": 53,
                "calories": 420,
                "price": 1255,
                "image": "https://code.s3.yandex.net/react/code/bun-02.png",
                "image_mobile": "https://code.s3.yandex.net/react/code/bun-02-mobile.png",
                "image_large": "https://code.s3.yandex.net/react/code/bun-02-large.png",
                "__v": 0
            }
        ],
        "_id": "6681796e9ed280001b45960b",
        "owner": {
            "name": "dMhoZejIey",
            "email": "xbbdfkjana@ya.ru",
            "createdAt": "2024-06-30T15:27:41.765Z",
            "updatedAt": "2024-06-30T15:27:41.765Z"
        },
        "status": "done",
        "name": "Люминесцентный бессмертный краторный бургер",
        "createdAt": "2024-06-30T15:27:42.602Z",
        "updatedAt": "2024-06-30T15:27:43.214Z",
        "number": 89499,
        "price": 3580
    }
}
HTTP/1.1 200 OK
Date: Sun, 30 Jun 2024 15:27:43 GMT
Content-Type: application/json; charset=utf-8
Transfer-Encoding: chunked
Connection: keep-alive
X-Powered-By: Express
Access-Control-Allow-Origin: *
ETag: W/"6b4-Cp28d9heK6WJ0J3SbJs2Lpjt0dM"
CF-Cache-Status: DYNAMIC
Report-To: {"endpoints":[{"url":"https:\/\/a.nel.cloudflare.com\/report\/v4?s=v46ugW8WZjTuGG8xzwl77XPdnia1XKQZKTZpafb71Mb8nBWu6HeK93ERUV0IgX%2F%2Fen9UoYBcsiOrPNYh57H98jCIF1CYpOZlrashvIGzz7ytdB57G9ZZISBV4Kz8WeWWc74XScUzejdULgbwEWhGEPmLkx8%3D"}],"group":"cf-nel","max_age":604800}
NEL: {"success_fraction":0,"report_to":"cf-nel","max_age":604800}
Server: cloudflare
CF-RAY: 89bf2e92c87c6340-LHR
Content-Encoding: gzip
alt-svc: h3=":443"; ma=86400

{
    "success": true,
    "name": "Люминесцентный бессмертный краторный бургер",
    "order": {
        "ingredients": [
            {
                "_id": "61c0c5a71d1f82001bdaaa6f",
                "name": "Мясо бессмертных моллюсков Protostomia",
                "type": "main",
                "proteins": 433,
                "fat": 244,
                "carbohydrates": 33,
                "calories": 420,
                "price": 1337,
                "image": "https://code.s3.yandex.net/react/code/meat-02.png",
                "image_mobile": "https://code.s3.yandex.net/react/code/meat-02-mobile.png",
                "image_large": "https://code.s3.yandex.net/react/code/meat-02-large.png",
                "__v": 0
            },
            {
                "_id": "61c0c5a71d1f82001bdaaa6e",
                "name": "Филе Люминесцентного тетраодонтимформа",
                "type": "main",
                "proteins": 44,
                "fat": 26,
                "carbohydrates": 85,
                "calories": 643,
                "price": 988,
                "image": "https://code.s3.yandex.net/react/code/meat-03.png",
                "image_mobile": "https://code.s3.yandex.net/react/code/meat-03-mobile.png",
                "image_large": "https://code.s3.yandex.net/react/code/meat-03-large.png",
                "__v": 0
            },
            {
                "_id": "61c0c5a71d1f82001bdaaa6c",
                "name": "Краторная булка N-200i",
                "type": "bun",
                "proteins": 80,
                "fat": 24,
                "carbohydrates": 53,
                "calories": 420,
                "price": 1255,
                "image": "https://code.s3.yandex.net/react/code/bun-02.png",
                "image_mobile": "https://code.s3.yandex.net/react/code/bun-02-mobile.png",
                "image_large": "https://code.s3.yandex.net/react/code/bun-02-large.png",
                "__v": 0
            }
        ],
        "_id": "6681796e9ed280001b45960b",
        "owner": {
            "name": "dMhoZejIey",
            "email": "xbbdfkjana@ya.ru",
            "createdAt": "2024-06-30T15:27:41.765Z",
            "updatedAt": "2024-06-30T15:27:41.765Z"
        },
        "status": "done",
        "name": "Люминесцентный бессмертный краторный бургер",
        "createdAt": "2024-06-30T15:27:42.602Z",
        "updatedAt": "2024-06-30T15:27:43.214Z",
        "number": 89499,
        "price": 3580
    }
}
HTTP/1.1 200 OK
Date: Sun, 30 Jun 2024 15:27:43 GMT
Content-Type: application/json; charset=utf-8
Transfer-Encoding: chunked
Connection: keep-alive
X-Powered-By: Express
Access-Control-Allow-Origin: *
ETag: W/"6b4-Cp28d9heK6WJ0J3SbJs2Lpjt0dM"
CF-Cache-Status: DYNAMIC
Report-To: {"endpoints":[{"url":"https:\/\/a.nel.cloudflare.com\/report\/v4?s=v46ugW8WZjTuGG8xzwl77XPdnia1XKQZKTZpafb71Mb8nBWu6HeK93ERUV0IgX%2F%2Fen9UoYBcsiOrPNYh57H98jCIF1CYpOZlrashvIGzz7ytdB57G9ZZISBV4Kz8WeWWc74XScUzejdULgbwEWhGEPmLkx8%3D"}],"group":"cf-nel","max_age":604800}
NEL: {"success_fraction":0,"report_to":"cf-nel","max_age":604800}
Server: cloudflare
CF-RAY: 89bf2e92c87c6340-LHR
Content-Encoding: gzip
alt-svc: h3=":443"; ma=86400

{
    "success": true,
    "name": "Люминесцентный бессмертный краторный бургер",
    "order": {
        "ingredients": [
            {
                "_id": "61c0c5a71d1f82001bdaaa6f",
                "name": "Мясо бессмертных моллюсков Protostomia",
                "type": "main",
                "proteins": 433,
                "fat": 244,
                "carbohydrates": 33,
                "calories": 420,
                "price": 1337,
                "image": "https://code.s3.yandex.net/react/code/meat-02.png",
                "image_mobile": "https://code.s3.yandex.net/react/code/meat-02-mobile.png",
                "image_large": "https://code.s3.yandex.net/react/code/meat-02-large.png",
                "__v": 0
            },
            {
                "_id": "61c0c5a71d1f82001bdaaa6e",
                "name": "Филе Люминесцентного тетраодонтимформа",
                "type": "main",
                "proteins": 44,
                "fat": 26,
                "carbohydrates": 85,
                "calories": 643,
                "price": 988,
                "image": "https://code.s3.yandex.net/react/code/meat-03.png",
                "image_mobile": "https://code.s3.yandex.net/react/code/meat-03-mobile.png",
                "image_large": "https://code.s3.yandex.net/react/code/meat-03-large.png",
                "__v": 0
            },
            {
                "_id": "61c0c5a71d1f82001bdaaa6c",
                "name": "Краторная булка N-200i",
                "type": "bun",
                "proteins": 80,
                "fat": 24,
                "carbohydrates": 53,
                "calories": 420,
                "price": 1255,
                "image": "https://code.s3.yandex.net/react/code/bun-02.png",
                "image_mobile": "https://code.s3.yandex.net/react/code/bun-02-mobile.png",
                "image_large": "https://code.s3.yandex.net/react/code/bun-02-large.png",
                "__v": 0
            }
        ],
        "_id": "6681796e9ed280001b45960b",
        "owner": {
            "name": "dMhoZejIey",
            "email": "xbbdfkjana@ya.ru",
            "createdAt": "2024-06-30T15:27:41.765Z",
            "updatedAt": "2024-06-30T15:27:41.765Z"
        },
        "status": "done",
        "name": "Люминесцентный бессмертный краторный бургер",
        "createdAt": "2024-06-30T15:27:42.602Z",
        "updatedAt": "2024-06-30T15:27:43.214Z",
        "number": 89499,
        "price": 3580
    }
}
HTTP/1.1 200 OK
Date: Sun, 30 Jun 2024 15:27:43 GMT
Content-Type: application/json; charset=utf-8
Transfer-Encoding: chunked
Connection: keep-alive
X-Powered-By: Express
Access-Control-Allow-Origin: *
ETag: W/"6b4-Cp28d9heK6WJ0J3SbJs2Lpjt0dM"
CF-Cache-Status: DYNAMIC
Report-To: {"endpoints":[{"url":"https:\/\/a.nel.cloudflare.com\/report\/v4?s=v46ugW8WZjTuGG8xzwl77XPdnia1XKQZKTZpafb71Mb8nBWu6HeK93ERUV0IgX%2F%2Fen9UoYBcsiOrPNYh57H98jCIF1CYpOZlrashvIGzz7ytdB57G9ZZISBV4Kz8WeWWc74XScUzejdULgbwEWhGEPmLkx8%3D"}],"group":"cf-nel","max_age":604800}
NEL: {"success_fraction":0,"report_to":"cf-nel","max_age":604800}
Server: cloudflare
CF-RAY: 89bf2e92c87c6340-LHR
Content-Encoding: gzip
alt-svc: h3=":443"; ma=86400

{
    "success": true,
    "name": "Люминесцентный бессмертный краторный бургер",
    "order": {
        "ingredients": [
            {
                "_id": "61c0c5a71d1f82001bdaaa6f",
                "name": "Мясо бессмертных моллюсков Protostomia",
                "type": "main",
                "proteins": 433,
                "fat": 244,
                "carbohydrates": 33,
                "calories": 420,
                "price": 1337,
                "image": "https://code.s3.yandex.net/react/code/meat-02.png",
                "image_mobile": "https://code.s3.yandex.net/react/code/meat-02-mobile.png",
                "image_large": "https://code.s3.yandex.net/react/code/meat-02-large.png",
                "__v": 0
            },
            {
                "_id": "61c0c5a71d1f82001bdaaa6e",
                "name": "Филе Люминесцентного тетраодонтимформа",
                "type": "main",
                "proteins": 44,
                "fat": 26,
                "carbohydrates": 85,
                "calories": 643,
                "price": 988,
                "image": "https://code.s3.yandex.net/react/code/meat-03.png",
                "image_mobile": "https://code.s3.yandex.net/react/code/meat-03-mobile.png",
                "image_large": "https://code.s3.yandex.net/react/code/meat-03-large.png",
                "__v": 0
            },
            {
                "_id": "61c0c5a71d1f82001bdaaa6c",
                "name": "Краторная булка N-200i",
                "type": "bun",
                "proteins": 80,
                "fat": 24,
                "carbohydrates": 53,
                "calories": 420,
                "price": 1255,
                "image": "https://code.s3.yandex.net/react/code/bun-02.png",
                "image_mobile": "https://code.s3.yandex.net/react/code/bun-02-mobile.png",
                "image_large": "https://code.s3.yandex.net/react/code/bun-02-large.png",
                "__v": 0
            }
        ],
        "_id": "6681796e9ed280001b45960b",
        "owner": {
            "name": "dMhoZejIey",
            "email": "xbbdfkjana@ya.ru",
            "createdAt": "2024-06-30T15:27:41.765Z",
            "updatedAt": "2024-06-30T15:27:41.765Z"
        },
        "status": "done",
        "name": "Люминесцентный бессмертный краторный бургер",
        "createdAt": "2024-06-30T15:27:42.602Z",
        "updatedAt": "2024-06-30T15:27:43.214Z",
        "number": 89499,
        "price": 3580
    }
}
HTTP/1.1 200 OK
Date: Sun, 30 Jun 2024 15:27:43 GMT
Content-Type: application/json; charset=utf-8
Transfer-Encoding: chunked
Connection: keep-alive
X-Powered-By: Express
Access-Control-Allow-Origin: *
ETag: W/"6b4-Cp28d9heK6WJ0J3SbJs2Lpjt0dM"
CF-Cache-Status: DYNAMIC
Report-To: {"endpoints":[{"url":"https:\/\/a.nel.cloudflare.com\/report\/v4?s=v46ugW8WZjTuGG8xzwl77XPdnia1XKQZKTZpafb71Mb8nBWu6HeK93ERUV0IgX%2F%2Fen9UoYBcsiOrPNYh57H98jCIF1CYpOZlrashvIGzz7ytdB57G9ZZISBV4Kz8WeWWc74XScUzejdULgbwEWhGEPmLkx8%3D"}],"group":"cf-nel","max_age":604800}
NEL: {"success_fraction":0,"report_to":"cf-nel","max_age":604800}
Server: cloudflare
CF-RAY: 89bf2e92c87c6340-LHR
Content-Encoding: gzip
alt-svc: h3=":443"; ma=86400

{
    "success": true,
    "name": "Люминесцентный бессмертный краторный бургер",
    "order": {
        "ingredients": [
            {
                "_id": "61c0c5a71d1f82001bdaaa6f",
                "name": "Мясо бессмертных моллюсков Protostomia",
                "type": "main",
                "proteins": 433,
                "fat": 244,
                "carbohydrates": 33,
                "calories": 420,
                "price": 1337,
                "image": "https://code.s3.yandex.net/react/code/meat-02.png",
                "image_mobile": "https://code.s3.yandex.net/react/code/meat-02-mobile.png",
                "image_large": "https://code.s3.yandex.net/react/code/meat-02-large.png",
                "__v": 0
            },
            {
                "_id": "61c0c5a71d1f82001bdaaa6e",
                "name": "Филе Люминесцентного тетраодонтимформа",
                "type": "main",
                "proteins": 44,
                "fat": 26,
                "carbohydrates": 85,
                "calories": 643,
                "price": 988,
                "image": "https://code.s3.yandex.net/react/code/meat-03.png",
                "image_mobile": "https://code.s3.yandex.net/react/code/meat-03-mobile.png",
                "image_large": "https://code.s3.yandex.net/react/code/meat-03-large.png",
                "__v": 0
            },
            {
                "_id": "61c0c5a71d1f82001bdaaa6c",
                "name": "Краторная булка N-200i",
                "type": "bun",
                "proteins": 80,
                "fat": 24,
                "carbohydrates": 53,
                "calories": 420,
                "price": 1255,
                "image": "https://code.s3.yandex.net/react/code/bun-02.png",
                "image_mobile": "https://code.s3.yandex.net/react/code/bun-02-mobile.png",
                "image_large": "https://code.s3.yandex.net/react/code/bun-02-large.png",
                "__v": 0
            }
        ],
        "_id": "6681796e9ed280001b45960b",
        "owner": {
            "name": "dMhoZejIey",
            "email": "xbbdfkjana@ya.ru",
            "createdAt": "2024-06-30T15:27:41.765Z",
            "updatedAt": "2024-06-30T15:27:41.765Z"
        },
        "status": "done",
        "name": "Люминесцентный бессмертный краторный бургер",
        "createdAt": "2024-06-30T15:27:42.602Z",
        "updatedAt": "2024-06-30T15:27:43.214Z",
        "number": 89499,
        "price": 3580
    }
}
HTTP/1.1 200 OK
Date: Sun, 30 Jun 2024 15:27:43 GMT
Content-Type: application/json; charset=utf-8
Transfer-Encoding: chunked
Connection: keep-alive
X-Powered-By: Express
Access-Control-Allow-Origin: *
ETag: W/"6b4-Cp28d9heK6WJ0J3SbJs2Lpjt0dM"
CF-Cache-Status: DYNAMIC
Report-To: {"endpoints":[{"url":"https:\/\/a.nel.cloudflare.com\/report\/v4?s=v46ugW8WZjTuGG8xzwl77XPdnia1XKQZKTZpafb71Mb8nBWu6HeK93ERUV0IgX%2F%2Fen9UoYBcsiOrPNYh57H98jCIF1CYpOZlrashvIGzz7ytdB57G9ZZISBV4Kz8WeWWc74XScUzejdULgbwEWhGEPmLkx8%3D"}],"group":"cf-nel","max_age":604800}
NEL: {"success_fraction":0,"report_to":"cf-nel","max_age":604800}
Server: cloudflare
CF-RAY: 89bf2e92c87c6340-LHR
Content-Encoding: gzip
alt-svc: h3=":443"; ma=86400

{
    "success": true,
    "name": "Люминесцентный бессмертный краторный бургер",
    "order": {
        "ingredients": [
            {
                "_id": "61c0c5a71d1f82001bdaaa6f",
                "name": "Мясо бессмертных моллюсков Protostomia",
                "type": "main",
                "proteins": 433,
                "fat": 244,
                "carbohydrates": 33,
                "calories": 420,
                "price": 1337,
                "image": "https://code.s3.yandex.net/react/code/meat-02.png",
                "image_mobile": "https://code.s3.yandex.net/react/code/meat-02-mobile.png",
                "image_large": "https://code.s3.yandex.net/react/code/meat-02-large.png",
                "__v": 0
            },
            {
                "_id": "61c0c5a71d1f82001bdaaa6e",
                "name": "Филе Люминесцентного тетраодонтимформа",
                "type": "main",
                "proteins": 44,
                "fat": 26,
                "carbohydrates": 85,
                "calories": 643,
                "price": 988,
                "image": "https://code.s3.yandex.net/react/code/meat-03.png",
                "image_mobile": "https://code.s3.yandex.net/react/code/meat-03-mobile.png",
                "image_large": "https://code.s3.yandex.net/react/code/meat-03-large.png",
                "__v": 0
            },
            {
                "_id": "61c0c5a71d1f82001bdaaa6c",
                "name": "Краторная булка N-200i",
                "type": "bun",
                "proteins": 80,
                "fat": 24,
                "carbohydrates": 53,
                "calories": 420,
                "price": 1255,
                "image": "https://code.s3.yandex.net/react/code/bun-02.png",
                "image_mobile": "https://code.s3.yandex.net/react/code/bun-02-mobile.png",
                "image_large": "https://code.s3.yandex.net/react/code/bun-02-large.png",
                "__v": 0
            }
        ],
        "_id": "6681796e9ed280001b45960b",
        "owner": {
            "name": "dMhoZejIey",
            "email": "xbbdfkjana@ya.ru",
            "createdAt": "2024-06-30T15:27:41.765Z",
            "updatedAt": "2024-06-30T15:27:41.765Z"
        },
        "status": "done",
        "name": "Люминесцентный бессмертный краторный бургер",
        "createdAt": "2024-06-30T15:27:42.602Z",
        "updatedAt": "2024-06-30T15:27:43.214Z",
        "number": 89499,
        "price": 3580
    }
}
HTTP/1.1 200 OK
Date: Sun, 30 Jun 2024 15:27:43 GMT
Content-Type: application/json; charset=utf-8
Transfer-Encoding: chunked
Connection: keep-alive
X-Powered-By: Express
Access-Control-Allow-Origin: *
ETag: W/"6b4-Cp28d9heK6WJ0J3SbJs2Lpjt0dM"
CF-Cache-Status: DYNAMIC
Report-To: {"endpoints":[{"url":"https:\/\/a.nel.cloudflare.com\/report\/v4?s=v46ugW8WZjTuGG8xzwl77XPdnia1XKQZKTZpafb71Mb8nBWu6HeK93ERUV0IgX%2F%2Fen9UoYBcsiOrPNYh57H98jCIF1CYpOZlrashvIGzz7ytdB57G9ZZISBV4Kz8WeWWc74XScUzejdULgbwEWhGEPmLkx8%3D"}],"group":"cf-nel","max_age":604800}
NEL: {"success_fraction":0,"report_to":"cf-nel","max_age":604800}
Server: cloudflare
CF-RAY: 89bf2e92c87c6340-LHR
Content-Encoding: gzip
alt-svc: h3=":443"; ma=86400

{
    "success": true,
    "name": "Люминесцентный бессмертный краторный бургер",
    "order": {
        "ingredients": [
            {
                "_id": "61c0c5a71d1f82001bdaaa6f",
                "name": "Мясо бессмертных моллюсков Protostomia",
                "type": "main",
                "proteins": 433,
                "fat": 244,
                "carbohydrates": 33,
                "calories": 420,
                "price": 1337,
                "image": "https://code.s3.yandex.net/react/code/meat-02.png",
                "image_mobile": "https://code.s3.yandex.net/react/code/meat-02-mobile.png",
                "image_large": "https://code.s3.yandex.net/react/code/meat-02-large.png",
                "__v": 0
            },
            {
                "_id": "61c0c5a71d1f82001bdaaa6e",
                "name": "Филе Люминесцентного тетраодонтимформа",
                "type": "main",
                "proteins": 44,
                "fat": 26,
                "carbohydrates": 85,
                "calories": 643,
                "price": 988,
                "image": "https://code.s3.yandex.net/react/code/meat-03.png",
                "image_mobile": "https://code.s3.yandex.net/react/code/meat-03-mobile.png",
                "image_large": "https://code.s3.yandex.net/react/code/meat-03-large.png",
                "__v": 0
            },
            {
                "_id": "61c0c5a71d1f82001bdaaa6c",
                "name": "Краторная булка N-200i",
                "type": "bun",
                "proteins": 80,
                "fat": 24,
                "carbohydrates": 53,
                "calories": 420,
                "price": 1255,
                "image": "https://code.s3.yandex.net/react/code/bun-02.png",
                "image_mobile": "https://code.s3.yandex.net/react/code/bun-02-mobile.png",
                "image_large": "https://code.s3.yandex.net/react/code/bun-02-large.png",
                "__v": 0
            }
        ],
        "_id": "6681796e9ed280001b45960b",
        "owner": {
            "name": "dMhoZejIey",
            "email": "xbbdfkjana@ya.ru",
            "createdAt": "2024-06-30T15:27:41.765Z",
            "updatedAt": "2024-06-30T15:27:41.765Z"
        },
        "status": "done",
        "name": "Люминесцентный бессмертный краторный бургер",
        "createdAt": "2024-06-30T15:27:42.602Z",
        "updatedAt": "2024-06-30T15:27:43.214Z",
        "number": 89499,
        "price": 3580
    }
}
HTTP/1.1 200 OK
Date: Sun, 30 Jun 2024 15:27:43 GMT
Content-Type: application/json; charset=utf-8
Transfer-Encoding: chunked
Connection: keep-alive
X-Powered-By: Express
Access-Control-Allow-Origin: *
ETag: W/"6b4-Cp28d9heK6WJ0J3SbJs2Lpjt0dM"
CF-Cache-Status: DYNAMIC
Report-To: {"endpoints":[{"url":"https:\/\/a.nel.cloudflare.com\/report\/v4?s=v46ugW8WZjTuGG8xzwl77XPdnia1XKQZKTZpafb71Mb8nBWu6HeK93ERUV0IgX%2F%2Fen9UoYBcsiOrPNYh57H98jCIF1CYpOZlrashvIGzz7ytdB57G9ZZISBV4Kz8WeWWc74XScUzejdULgbwEWhGEPmLkx8%3D"}],"group":"cf-nel","max_age":604800}
NEL: {"success_fraction":0,"report_to":"cf-nel","max_age":604800}
Server: cloudflare
CF-RAY: 89bf2e92c87c6340-LHR
Content-Encoding: gzip
alt-svc: h3=":443"; ma=86400

{
    "success": true,
    "name": "Люминесцентный бессмертный краторный бургер",
    "order": {
        "ingredients": [
            {
                "_id": "61c0c5a71d1f82001bdaaa6f",
                "name": "Мясо бессмертных моллюсков Protostomia",
                "type": "main",
                "proteins": 433,
                "fat": 244,
                "carbohydrates": 33,
                "calories": 420,
                "price": 1337,
                "image": "https://code.s3.yandex.net/react/code/meat-02.png",
                "image_mobile": "https://code.s3.yandex.net/react/code/meat-02-mobile.png",
                "image_large": "https://code.s3.yandex.net/react/code/meat-02-large.png",
                "__v": 0
            },
            {
                "_id": "61c0c5a71d1f82001bdaaa6e",
                "name": "Филе Люминесцентного тетраодонтимформа",
                "type": "main",
                "proteins": 44,
                "fat": 26,
                "carbohydrates": 85,
                "calories": 643,
                "price": 988,
                "image": "https://code.s3.yandex.net/react/code/meat-03.png",
                "image_mobile": "https://code.s3.yandex.net/react/code/meat-03-mobile.png",
                "image_large": "https://code.s3.yandex.net/react/code/meat-03-large.png",
                "__v": 0
            },
            {
                "_id": "61c0c5a71d1f82001bdaaa6c",
                "name": "Краторная булка N-200i",
                "type": "bun",
                "proteins": 80,
                "fat": 24,
                "carbohydrates": 53,
                "calories": 420,
                "price": 1255,
                "image": "https://code.s3.yandex.net/react/code/bun-02.png",
                "image_mobile": "https://code.s3.yandex.net/react/code/bun-02-mobile.png",
                "image_large": "https://code.s3.yandex.net/react/code/bun-02-large.png",
                "__v": 0
            }
        ],
        "_id": "6681796e9ed280001b45960b",
        "owner": {
            "name": "dMhoZejIey",
            "email": "xbbdfkjana@ya.ru",
            "createdAt": "2024-06-30T15:27:41.765Z",
            "updatedAt": "2024-06-30T15:27:41.765Z"
        },
        "status": "done",
        "name": "Люминесцентный бессмертный краторный бургер",
        "createdAt": "2024-06-30T15:27:42.602Z",
        "updatedAt": "2024-06-30T15:27:43.214Z",
        "number": 89499,
        "price": 3580
    }
}
HTTP/1.1 200 OK
Date: Sun, 30 Jun 2024 15:27:43 GMT
Content-Type: application/json; charset=utf-8
Transfer-Encoding: chunked
Connection: keep-alive
X-Powered-By: Express
Access-Control-Allow-Origin: *
ETag: W/"6b4-Cp28d9heK6WJ0J3SbJs2Lpjt0dM"
CF-Cache-Status: DYNAMIC
Report-To: {"endpoints":[{"url":"https:\/\/a.nel.cloudflare.com\/report\/v4?s=v46ugW8WZjTuGG8xzwl77XPdnia1XKQZKTZpafb71Mb8nBWu6HeK93ERUV0IgX%2F%2Fen9UoYBcsiOrPNYh57H98jCIF1CYpOZlrashvIGzz7ytdB57G9ZZISBV4Kz8WeWWc74XScUzejdULgbwEWhGEPmLkx8%3D"}],"group":"cf-nel","max_age":604800}
NEL: {"success_fraction":0,"report_to":"cf-nel","max_age":604800}
Server: cloudflare
CF-RAY: 89bf2e92c87c6340-LHR
Content-Encoding: gzip
alt-svc: h3=":443"; ma=86400

{
    "success": true,
    "name": "Люминесцентный бессмертный краторный бургер",
    "order": {
        "ingredients": [
            {
                "_id": "61c0c5a71d1f82001bdaaa6f",
                "name": "Мясо бессмертных моллюсков Protostomia",
                "type": "main",
                "proteins": 433,
                "fat": 244,
                "carbohydrates": 33,
                "calories": 420,
                "price": 1337,
                "image": "https://code.s3.yandex.net/react/code/meat-02.png",
                "image_mobile": "https://code.s3.yandex.net/react/code/meat-02-mobile.png",
                "image_large": "https://code.s3.yandex.net/react/code/meat-02-large.png",
                "__v": 0
            },
            {
                "_id": "61c0c5a71d1f82001bdaaa6e",
                "name": "Филе Люминесцентного тетраодонтимформа",
                "type": "main",
                "proteins": 44,
                "fat": 26,
                "carbohydrates": 85,
                "calories": 643,
                "price": 988,
                "image": "https://code.s3.yandex.net/react/code/meat-03.png",
                "image_mobile": "https://code.s3.yandex.net/react/code/meat-03-mobile.png",
                "image_large": "https://code.s3.yandex.net/react/code/meat-03-large.png",
                "__v": 0
            },
            {
                "_id": "61c0c5a71d1f82001bdaaa6c",
                "name": "Краторная булка N-200i",
                "type": "bun",
                "proteins": 80,
                "fat": 24,
                "carbohydrates": 53,
                "calories": 420,
                "price": 1255,
                "image": "https://code.s3.yandex.net/react/code/bun-02.png",
                "image_mobile": "https://code.s3.yandex.net/react/code/bun-02-mobile.png",
                "image_large": "https://code.s3.yandex.net/react/code/bun-02-large.png",
                "__v": 0
            }
        ],
        "_id": "6681796e9ed280001b45960b",
        "owner": {
            "name": "dMhoZejIey",
            "email": "xbbdfkjana@ya.ru",
            "createdAt": "2024-06-30T15:27:41.765Z",
            "updatedAt": "2024-06-30T15:27:41.765Z"
        },
        "status": "done",
        "name": "Люминесцентный бессмертный краторный бургер",
        "createdAt": "2024-06-30T15:27:42.602Z",
        "updatedAt": "2024-06-30T15:27:43.214Z",
        "number": 89499,
        "price": 3580
    }
}
HTTP/1.1 200 OK
Date: Sun, 30 Jun 2024 15:27:43 GMT
Content-Type: application/json; charset=utf-8
Transfer-Encoding: chunked
Connection: keep-alive
X-Powered-By: Express
Access-Control-Allow-Origin: *
ETag: W/"6b4-Cp28d9heK6WJ0J3SbJs2Lpjt0dM"
CF-Cache-Status: DYNAMIC
Report-To: {"endpoints":[{"url":"https:\/\/a.nel.cloudflare.com\/report\/v4?s=v46ugW8WZjTuGG8xzwl77XPdnia1XKQZKTZpafb71Mb8nBWu6HeK93ERUV0IgX%2F%2Fen9UoYBcsiOrPNYh57H98jCIF1CYpOZlrashvIGzz7ytdB57G9ZZISBV4Kz8WeWWc74XScUzejdULgbwEWhGEPmLkx8%3D"}],"group":"cf-nel","max_age":604800}
NEL: {"success_fraction":0,"report_to":"cf-nel","max_age":604800}
Server: cloudflare
CF-RAY: 89bf2e92c87c6340-LHR
Content-Encoding: gzip
alt-svc: h3=":443"; ma=86400

{
    "success": true,
    "name": "Люминесцентный бессмертный краторный бургер",
    "order": {
        "ingredients": [
            {
                "_id": "61c0c5a71d1f82001bdaaa6f",
                "name": "Мясо бессмертных моллюсков Protostomia",
                "type": "main",
                "proteins": 433,
                "fat": 244,
                "carbohydrates": 33,
                "calories": 420,
                "price": 1337,
                "image": "https://code.s3.yandex.net/react/code/meat-02.png",
                "image_mobile": "https://code.s3.yandex.net/react/code/meat-02-mobile.png",
                "image_large": "https://code.s3.yandex.net/react/code/meat-02-large.png",
                "__v": 0
            },
            {
                "_id": "61c0c5a71d1f82001bdaaa6e",
                "name": "Филе Люминесцентного тетраодонтимформа",
                "type": "main",
                "proteins": 44,
                "fat": 26,
                "carbohydrates": 85,
                "calories": 643,
                "price": 988,
                "image": "https://code.s3.yandex.net/react/code/meat-03.png",
                "image_mobile": "https://code.s3.yandex.net/react/code/meat-03-mobile.png",
                "image_large": "https://code.s3.yandex.net/react/code/meat-03-large.png",
                "__v": 0
            },
            {
                "_id": "61c0c5a71d1f82001bdaaa6c",
                "name": "Краторная булка N-200i",
                "type": "bun",
                "proteins": 80,
                "fat": 24,
                "carbohydrates": 53,
                "calories": 420,
                "price": 1255,
                "image": "https://code.s3.yandex.net/react/code/bun-02.png",
                "image_mobile": "https://code.s3.yandex.net/react/code/bun-02-mobile.png",
                "image_large": "https://code.s3.yandex.net/react/code/bun-02-large.png",
                "__v": 0
            }
        ],
        "_id": "6681796e9ed280001b45960b",
        "owner": {
            "name": "dMhoZejIey",
            "email": "xbbdfkjana@ya.ru",
            "createdAt": "2024-06-30T15:27:41.765Z",
            "updatedAt": "2024-06-30T15:27:41.765Z"
        },
        "status": "done",
        "name": "Люминесцентный бессмертный краторный бургер",
        "createdAt": "2024-06-30T15:27:42.602Z",
        "updatedAt": "2024-06-30T15:27:43.214Z",
        "number": 89499,
        "price": 3580
    }
}
HTTP/1.1 200 OK
Date: Sun, 30 Jun 2024 15:27:43 GMT
Content-Type: application/json; charset=utf-8
Transfer-Encoding: chunked
Connection: keep-alive
X-Powered-By: Express
Access-Control-Allow-Origin: *
ETag: W/"6b4-Cp28d9heK6WJ0J3SbJs2Lpjt0dM"
CF-Cache-Status: DYNAMIC
Report-To: {"endpoints":[{"url":"https:\/\/a.nel.cloudflare.com\/report\/v4?s=v46ugW8WZjTuGG8xzwl77XPdnia1XKQZKTZpafb71Mb8nBWu6HeK93ERUV0IgX%2F%2Fen9UoYBcsiOrPNYh57H98jCIF1CYpOZlrashvIGzz7ytdB57G9ZZISBV4Kz8WeWWc74XScUzejdULgbwEWhGEPmLkx8%3D"}],"group":"cf-nel","max_age":604800}
NEL: {"success_fraction":0,"report_to":"cf-nel","max_age":604800}
Server: cloudflare
CF-RAY: 89bf2e92c87c6340-LHR
Content-Encoding: gzip
alt-svc: h3=":443"; ma=86400

{
    "success": true,
    "name": "Люминесцентный бессмертный краторный бургер",
    "order": {
        "ingredients": [
            {
                "_id": "61c0c5a71d1f82001bdaaa6f",
                "name": "Мясо бессмертных моллюсков Protostomia",
                "type": "main",
                "proteins": 433,
                "fat": 244,
                "carbohydrates": 33,
                "calories": 420,
                "price": 1337,
                "image": "https://code.s3.yandex.net/react/code/meat-02.png",
                "image_mobile": "https://code.s3.yandex.net/react/code/meat-02-mobile.png",
                "image_large": "https://code.s3.yandex.net/react/code/meat-02-large.png",
                "__v": 0
            },
            {
                "_id": "61c0c5a71d1f82001bdaaa6e",
                "name": "Филе Люминесцентного тетраодонтимформа",
                "type": "main",
                "proteins": 44,
                "fat": 26,
                "carbohydrates": 85,
                "calories": 643,
                "price": 988,
                "image": "https://code.s3.yandex.net/react/code/meat-03.png",
                "image_mobile": "https://code.s3.yandex.net/react/code/meat-03-mobile.png",
                "image_large": "https://code.s3.yandex.net/react/code/meat-03-large.png",
                "__v": 0
            },
            {
                "_id": "61c0c5a71d1f82001bdaaa6c",
                "name": "Краторная булка N-200i",
                "type": "bun",
                "proteins": 80,
                "fat": 24,
                "carbohydrates": 53,
                "calories": 420,
                "price": 1255,
                "image": "https://code.s3.yandex.net/react/code/bun-02.png",
                "image_mobile": "https://code.s3.yandex.net/react/code/bun-02-mobile.png",
                "image_large": "https://code.s3.yandex.net/react/code/bun-02-large.png",
                "__v": 0
            }
        ],
        "_id": "6681796e9ed280001b45960b",
        "owner": {
            "name": "dMhoZejIey",
            "email": "xbbdfkjana@ya.ru",
            "createdAt": "2024-06-30T15:27:41.765Z",
            "updatedAt": "2024-06-30T15:27:41.765Z"
        },
        "status": "done",
        "name": "Люминесцентный бессмертный краторный бургер",
        "createdAt": "2024-06-30T15:27:42.602Z",
        "updatedAt": "2024-06-30T15:27:43.214Z",
        "number": 89499,
        "price": 3580
    }
}
HTTP/1.1 200 OK
Date: Sun, 30 Jun 2024 15:27:43 GMT
Content-Type: application/json; charset=utf-8
Transfer-Encoding: chunked
Connection: keep-alive
X-Powered-By: Express
Access-Control-Allow-Origin: *
ETag: W/"6b4-Cp28d9heK6WJ0J3SbJs2Lpjt0dM"
CF-Cache-Status: DYNAMIC
Report-To: {"endpoints":[{"url":"https:\/\/a.nel.cloudflare.com\/report\/v4?s=v46ugW8WZjTuGG8xzwl77XPdnia1XKQZKTZpafb71Mb8nBWu6HeK93ERUV0IgX%2F%2Fen9UoYBcsiOrPNYh57H98jCIF1CYpOZlrashvIGzz7ytdB57G9ZZISBV4Kz8WeWWc74XScUzejdULgbwEWhGEPmLkx8%3D"}],"group":"cf-nel","max_age":604800}
NEL: {"success_fraction":0,"report_to":"cf-nel","max_age":604800}
Server: cloudflare
CF-RAY: 89bf2e92c87c6340-LHR
Content-Encoding: gzip
alt-svc: h3=":443"; ma=86400

{
    "success": true,
    "name": "Люминесцентный бессмертный краторный бургер",
    "order": {
        "ingredients": [
            {
                "_id": "61c0c5a71d1f82001bdaaa6f",
                "name": "Мясо бессмертных моллюсков Protostomia",
                "type": "main",
                "proteins": 433,
                "fat": 244,
                "carbohydrates": 33,
                "calories": 420,
                "price": 1337,
                "image": "https://code.s3.yandex.net/react/code/meat-02.png",
                "image_mobile": "https://code.s3.yandex.net/react/code/meat-02-mobile.png",
                "image_large": "https://code.s3.yandex.net/react/code/meat-02-large.png",
                "__v": 0
            },
            {
                "_id": "61c0c5a71d1f82001bdaaa6e",
                "name": "Филе Люминесцентного тетраодонтимформа",
                "type": "main",
                "proteins": 44,
                "fat": 26,
                "carbohydrates": 85,
                "calories": 643,
                "price": 988,
                "image": "https://code.s3.yandex.net/react/code/meat-03.png",
                "image_mobile": "https://code.s3.yandex.net/react/code/meat-03-mobile.png",
                "image_large": "https://code.s3.yandex.net/react/code/meat-03-large.png",
                "__v": 0
            },
            {
                "_id": "61c0c5a71d1f82001bdaaa6c",
                "name": "Краторная булка N-200i",
                "type": "bun",
                "proteins": 80,
                "fat": 24,
                "carbohydrates": 53,
                "calories": 420,
                "price": 1255,
                "image": "https://code.s3.yandex.net/react/code/bun-02.png",
                "image_mobile": "https://code.s3.yandex.net/react/code/bun-02-mobile.png",
                "image_large": "https://code.s3.yandex.net/react/code/bun-02-large.png",
                "__v": 0
            }
        ],
        "_id": "6681796e9ed280001b45960b",
        "owner": {
            "name": "dMhoZejIey",
            "email": "xbbdfkjana@ya.ru",
            "createdAt": "2024-06-30T15:27:41.765Z",
            "updatedAt": "2024-06-30T15:27:41.765Z"
        },
        "status": "done",
        "name": "Люминесцентный бессмертный краторный бургер",
        "createdAt": "2024-06-30T15:27:42.602Z",
        "updatedAt": "2024-06-30T15:27:43.214Z",
        "number": 89499,
        "price": 3580
    }
}
HTTP/1.1 200 OK
Date: Sun, 30 Jun 2024 15:27:43 GMT
Content-Type: application/json; charset=utf-8
Transfer-Encoding: chunked
Connection: keep-alive
X-Powered-By: Express
Access-Control-Allow-Origin: *
ETag: W/"6b4-Cp28d9heK6WJ0J3SbJs2Lpjt0dM"
CF-Cache-Status: DYNAMIC
Report-To: {"endpoints":[{"url":"https:\/\/a.nel.cloudflare.com\/report\/v4?s=v46ugW8WZjTuGG8xzwl77XPdnia1XKQZKTZpafb71Mb8nBWu6HeK93ERUV0IgX%2F%2Fen9UoYBcsiOrPNYh57H98jCIF1CYpOZlrashvIGzz7ytdB57G9ZZISBV4Kz8WeWWc74XScUzejdULgbwEWhGEPmLkx8%3D"}],"group":"cf-nel","max_age":604800}
NEL: {"success_fraction":0,"report_to":"cf-nel","max_age":604800}
Server: cloudflare
CF-RAY: 89bf2e92c87c6340-LHR
Content-Encoding: gzip
alt-svc: h3=":443"; ma=86400

{
    "success": true,
    "name": "Люминесцентный бессмертный краторный бургер",
    "order": {
        "ingredients": [
            {
                "_id": "61c0c5a71d1f82001bdaaa6f",
                "name": "Мясо бессмертных моллюсков Protostomia",
                "type": "main",
                "proteins": 433,
                "fat": 244,
                "carbohydrates": 33,
                "calories": 420,
                "price": 1337,
                "image": "https://code.s3.yandex.net/react/code/meat-02.png",
                "image_mobile": "https://code.s3.yandex.net/react/code/meat-02-mobile.png",
                "image_large": "https://code.s3.yandex.net/react/code/meat-02-large.png",
                "__v": 0
            },
            {
                "_id": "61c0c5a71d1f82001bdaaa6e",
                "name": "Филе Люминесцентного тетраодонтимформа",
                "type": "main",
                "proteins": 44,
                "fat": 26,
                "carbohydrates": 85,
                "calories": 643,
                "price": 988,
                "image": "https://code.s3.yandex.net/react/code/meat-03.png",
                "image_mobile": "https://code.s3.yandex.net/react/code/meat-03-mobile.png",
                "image_large": "https://code.s3.yandex.net/react/code/meat-03-large.png",
                "__v": 0
            },
            {
                "_id": "61c0c5a71d1f82001bdaaa6c",
                "name": "Краторная булка N-200i",
                "type": "bun",
                "proteins": 80,
                "fat": 24,
                "carbohydrates": 53,
                "calories": 420,
                "price": 1255,
                "image": "https://code.s3.yandex.net/react/code/bun-02.png",
                "image_mobile": "https://code.s3.yandex.net/react/code/bun-02-mobile.png",
                "image_large": "https://code.s3.yandex.net/react/code/bun-02-large.png",
                "__v": 0
            }
        ],
        "_id": "6681796e9ed280001b45960b",
        "owner": {
            "name": "dMhoZejIey",
            "email": "xbbdfkjana@ya.ru",
            "createdAt": "2024-06-30T15:27:41.765Z",
            "updatedAt": "2024-06-30T15:27:41.765Z"
        },
        "status": "done",
        "name": "Люминесцентный бессмертный краторный бургер",
        "createdAt": "2024-06-30T15:27:42.602Z",
        "updatedAt": "2024-06-30T15:27:43.214Z",
        "number": 89499,
        "price": 3580
    }
}
HTTP/1.1 200 OK
Date: Sun, 30 Jun 2024 15:27:43 GMT
Content-Type: application/json; charset=utf-8
Transfer-Encoding: chunked
Connection: keep-alive
X-Powered-By: Express
Access-Control-Allow-Origin: *
ETag: W/"6b4-Cp28d9heK6WJ0J3SbJs2Lpjt0dM"
CF-Cache-Status: DYNAMIC
Report-To: {"endpoints":[{"url":"https:\/\/a.nel.cloudflare.com\/report\/v4?s=v46ugW8WZjTuGG8xzwl77XPdnia1XKQZKTZpafb71Mb8nBWu6HeK93ERUV0IgX%2F%2Fen9UoYBcsiOrPNYh57H98jCIF1CYpOZlrashvIGzz7ytdB57G9ZZISBV4Kz8WeWWc74XScUzejdULgbwEWhGEPmLkx8%3D"}],"group":"cf-nel","max_age":604800}
NEL: {"success_fraction":0,"report_to":"cf-nel","max_age":604800}
Server: cloudflare
CF-RAY: 89bf2e92c87c6340-LHR
Content-Encoding: gzip
alt-svc: h3=":443"; ma=86400

{
    "success": true,
    "name": "Люминесцентный бессмертный краторный бургер",
    "order": {
        "ingredients": [
            {
                "_id": "61c0c5a71d1f82001bdaaa6f",
                "name": "Мясо бессмертных моллюсков Protostomia",
                "type": "main",
                "proteins": 433,
                "fat": 244,
                "carbohydrates": 33,
                "calories": 420,
                "price": 1337,
                "image": "https://code.s3.yandex.net/react/code/meat-02.png",
                "image_mobile": "https://code.s3.yandex.net/react/code/meat-02-mobile.png",
                "image_large": "https://code.s3.yandex.net/react/code/meat-02-large.png",
                "__v": 0
            },
            {
                "_id": "61c0c5a71d1f82001bdaaa6e",
                "name": "Филе Люминесцентного тетраодонтимформа",
                "type": "main",
                "proteins": 44,
                "fat": 26,
                "carbohydrates": 85,
                "calories": 643,
                "price": 988,
                "image": "https://code.s3.yandex.net/react/code/meat-03.png",
                "image_mobile": "https://code.s3.yandex.net/react/code/meat-03-mobile.png",
                "image_large": "https://code.s3.yandex.net/react/code/meat-03-large.png",
                "__v": 0
            },
            {
                "_id": "61c0c5a71d1f82001bdaaa6c",
                "name": "Краторная булка N-200i",
                "type": "bun",
                "proteins": 80,
                "fat": 24,
                "carbohydrates": 53,
                "calories": 420,
                "price": 1255,
                "image": "https://code.s3.yandex.net/react/code/bun-02.png",
                "image_mobile": "https://code.s3.yandex.net/react/code/bun-02-mobile.png",
                "image_large": "https://code.s3.yandex.net/react/code/bun-02-large.png",
                "__v": 0
            }
        ],
        "_id": "6681796e9ed280001b45960b",
        "owner": {
            "name": "dMhoZejIey",
            "email": "xbbdfkjana@ya.ru",
            "createdAt": "2024-06-30T15:27:41.765Z",
            "updatedAt": "2024-06-30T15:27:41.765Z"
        },
        "status": "done",
        "name": "Люминесцентный бессмертный краторный бургер",
        "createdAt": "2024-06-30T15:27:42.602Z",
        "updatedAt": "2024-06-30T15:27:43.214Z",
        "number": 89499,
        "price": 3580
    }
}
HTTP/1.1 200 OK
Date: Sun, 30 Jun 2024 15:27:43 GMT
Content-Type: application/json; charset=utf-8
Transfer-Encoding: chunked
Connection: keep-alive
X-Powered-By: Express
Access-Control-Allow-Origin: *
ETag: W/"6b4-Cp28d9heK6WJ0J3SbJs2Lpjt0dM"
CF-Cache-Status: DYNAMIC
Report-To: {"endpoints":[{"url":"https:\/\/a.nel.cloudflare.com\/report\/v4?s=v46ugW8WZjTuGG8xzwl77XPdnia1XKQZKTZpafb71Mb8nBWu6HeK93ERUV0IgX%2F%2Fen9UoYBcsiOrPNYh57H98jCIF1CYpOZlrashvIGzz7ytdB57G9ZZISBV4Kz8WeWWc74XScUzejdULgbwEWhGEPmLkx8%3D"}],"group":"cf-nel","max_age":604800}
NEL: {"success_fraction":0,"report_to":"cf-nel","max_age":604800}
Server: cloudflare
CF-RAY: 89bf2e92c87c6340-LHR
Content-Encoding: gzip
alt-svc: h3=":443"; ma=86400

{
    "success": true,
    "name": "Люминесцентный бессмертный краторный бургер",
    "order": {
        "ingredients": [
            {
                "_id": "61c0c5a71d1f82001bdaaa6f",
                "name": "Мясо бессмертных моллюсков Protostomia",
                "type": "main",
                "proteins": 433,
                "fat": 244,
                "carbohydrates": 33,
                "calories": 420,
                "price": 1337,
                "image": "https://code.s3.yandex.net/react/code/meat-02.png",
                "image_mobile": "https://code.s3.yandex.net/react/code/meat-02-mobile.png",
                "image_large": "https://code.s3.yandex.net/react/code/meat-02-large.png",
                "__v": 0
            },
            {
                "_id": "61c0c5a71d1f82001bdaaa6e",
                "name": "Филе Люминесцентного тетраодонтимформа",
                "type": "main",
                "proteins": 44,
                "fat": 26,
                "carbohydrates": 85,
                "calories": 643,
                "price": 988,
                "image": "https://code.s3.yandex.net/react/code/meat-03.png",
                "image_mobile": "https://code.s3.yandex.net/react/code/meat-03-mobile.png",
                "image_large": "https://code.s3.yandex.net/react/code/meat-03-large.png",
                "__v": 0
            },
            {
                "_id": "61c0c5a71d1f82001bdaaa6c",
                "name": "Краторная булка N-200i",
                "type": "bun",
                "proteins": 80,
                "fat": 24,
                "carbohydrates": 53,
                "calories": 420,
                "price": 1255,
                "image": "https://code.s3.yandex.net/react/code/bun-02.png",
                "image_mobile": "https://code.s3.yandex.net/react/code/bun-02-mobile.png",
                "image_large": "https://code.s3.yandex.net/react/code/bun-02-large.png",
                "__v": 0
            }
        ],
        "_id": "6681796e9ed280001b45960b",
        "owner": {
            "name": "dMhoZejIey",
            "email": "xbbdfkjana@ya.ru",
            "createdAt": "2024-06-30T15:27:41.765Z",
            "updatedAt": "2024-06-30T15:27:41.765Z"
        },
        "status": "done",
        "name": "Люминесцентный бессмертный краторный бургер",
        "createdAt": "2024-06-30T15:27:42.602Z",
        "updatedAt": "2024-06-30T15:27:43.214Z",
        "number": 89499,
        "price": 3580
    }
}
HTTP/1.1 200 OK
Date: Sun, 30 Jun 2024 15:27:43 GMT
Content-Type: application/json; charset=utf-8
Transfer-Encoding: chunked
Connection: keep-alive
X-Powered-By: Express
Access-Control-Allow-Origin: *
ETag: W/"6b4-Cp28d9heK6WJ0J3SbJs2Lpjt0dM"
CF-Cache-Status: DYNAMIC
Report-To: {"endpoints":[{"url":"https:\/\/a.nel.cloudflare.com\/report\/v4?s=v46ugW8WZjTuGG8xzwl77XPdnia1XKQZKTZpafb71Mb8nBWu6HeK93ERUV0IgX%2F%2Fen9UoYBcsiOrPNYh57H98jCIF1CYpOZlrashvIGzz7ytdB57G9ZZISBV4Kz8WeWWc74XScUzejdULgbwEWhGEPmLkx8%3D"}],"group":"cf-nel","max_age":604800}
NEL: {"success_fraction":0,"report_to":"cf-nel","max_age":604800}
Server: cloudflare
CF-RAY: 89bf2e92c87c6340-LHR
Content-Encoding: gzip
alt-svc: h3=":443"; ma=86400

{
    "success": true,
    "name": "Люминесцентный бессмертный краторный бургер",
    "order": {
        "ingredients": [
            {
                "_id": "61c0c5a71d1f82001bdaaa6f",
                "name": "Мясо бессмертных моллюсков Protostomia",
                "type": "main",
                "proteins": 433,
                "fat": 244,
                "carbohydrates": 33,
                "calories": 420,
                "price": 1337,
                "image": "https://code.s3.yandex.net/react/code/meat-02.png",
                "image_mobile": "https://code.s3.yandex.net/react/code/meat-02-mobile.png",
                "image_large": "https://code.s3.yandex.net/react/code/meat-02-large.png",
                "__v": 0
            },
            {
                "_id": "61c0c5a71d1f82001bdaaa6e",
                "name": "Филе Люминесцентного тетраодонтимформа",
                "type": "main",
                "proteins": 44,
                "fat": 26,
                "carbohydrates": 85,
                "calories": 643,
                "price": 988,
                "image": "https://code.s3.yandex.net/react/code/meat-03.png",
                "image_mobile": "https://code.s3.yandex.net/react/code/meat-03-mobile.png",
                "image_large": "https://code.s3.yandex.net/react/code/meat-03-large.png",
                "__v": 0
            },
            {
                "_id": "61c0c5a71d1f82001bdaaa6c",
                "name": "Краторная булка N-200i",
                "type": "bun",
                "proteins": 80,
                "fat": 24,
                "carbohydrates": 53,
                "calories": 420,
                "price": 1255,
                "image": "https://code.s3.yandex.net/react/code/bun-02.png",
                "image_mobile": "https://code.s3.yandex.net/react/code/bun-02-mobile.png",
                "image_large": "https://code.s3.yandex.net/react/code/bun-02-large.png",
                "__v": 0
            }
        ],
        "_id": "6681796e9ed280001b45960b",
        "owner": {
            "name": "dMhoZejIey",
            "email": "xbbdfkjana@ya.ru",
            "createdAt": "2024-06-30T15:27:41.765Z",
            "updatedAt": "2024-06-30T15:27:41.765Z"
        },
        "status": "done",
        "name": "Люминесцентный бессмертный краторный бургер",
        "createdAt": "2024-06-30T15:27:42.602Z",
        "updatedAt": "2024-06-30T15:27:43.214Z",
        "number": 89499,
        "price": 3580
    }
}
HTTP/1.1 200 OK
Date: Sun, 30 Jun 2024 15:27:43 GMT
Content-Type: application/json; charset=utf-8
Transfer-Encoding: chunked
Connection: keep-alive
X-Powered-By: Express
Access-Control-Allow-Origin: *
ETag: W/"6b4-Cp28d9heK6WJ0J3SbJs2Lpjt0dM"
CF-Cache-Status: DYNAMIC
Report-To: {"endpoints":[{"url":"https:\/\/a.nel.cloudflare.com\/report\/v4?s=v46ugW8WZjTuGG8xzwl77XPdnia1XKQZKTZpafb71Mb8nBWu6HeK93ERUV0IgX%2F%2Fen9UoYBcsiOrPNYh57H98jCIF1CYpOZlrashvIGzz7ytdB57G9ZZISBV4Kz8WeWWc74XScUzejdULgbwEWhGEPmLkx8%3D"}],"group":"cf-nel","max_age":604800}
NEL: {"success_fraction":0,"report_to":"cf-nel","max_age":604800}
Server: cloudflare
CF-RAY: 89bf2e92c87c6340-LHR
Content-Encoding: gzip
alt-svc: h3=":443"; ma=86400

{
    "success": true,
    "name": "Люминесцентный бессмертный краторный бургер",
    "order": {
        "ingredients": [
            {
                "_id": "61c0c5a71d1f82001bdaaa6f",
                "name": "Мясо бессмертных моллюсков Protostomia",
                "type": "main",
                "proteins": 433,
                "fat": 244,
                "carbohydrates": 33,
                "calories": 420,
                "price": 1337,
                "image": "https://code.s3.yandex.net/react/code/meat-02.png",
                "image_mobile": "https://code.s3.yandex.net/react/code/meat-02-mobile.png",
                "image_large": "https://code.s3.yandex.net/react/code/meat-02-large.png",
                "__v": 0
            },
            {
                "_id": "61c0c5a71d1f82001bdaaa6e",
                "name": "Филе Люминесцентного тетраодонтимформа",
                "type": "main",
                "proteins": 44,
                "fat": 26,
                "carbohydrates": 85,
                "calories": 643,
                "price": 988,
                "image": "https://code.s3.yandex.net/react/code/meat-03.png",
                "image_mobile": "https://code.s3.yandex.net/react/code/meat-03-mobile.png",
                "image_large": "https://code.s3.yandex.net/react/code/meat-03-large.png",
                "__v": 0
            },
            {
                "_id": "61c0c5a71d1f82001bdaaa6c",
                "name": "Краторная булка N-200i",
                "type": "bun",
                "proteins": 80,
                "fat": 24,
                "carbohydrates": 53,
                "calories": 420,
                "price": 1255,
                "image": "https://code.s3.yandex.net/react/code/bun-02.png",
                "image_mobile": "https://code.s3.yandex.net/react/code/bun-02-mobile.png",
                "image_large": "https://code.s3.yandex.net/react/code/bun-02-large.png",
                "__v": 0
            }
        ],
        "_id": "6681796e9ed280001b45960b",
        "owner": {
            "name": "dMhoZejIey",
            "email": "xbbdfkjana@ya.ru",
            "createdAt": "2024-06-30T15:27:41.765Z",
            "updatedAt": "2024-06-30T15:27:41.765Z"
        },
        "status": "done",
        "name": "Люминесцентный бессмертный краторный бургер",
        "createdAt": "2024-06-30T15:27:42.602Z",
        "updatedAt": "2024-06-30T15:27:43.214Z",
        "number": 89499,
        "price": 3580
    }
}
HTTP/1.1 200 OK
Date: Sun, 30 Jun 2024 15:27:43 GMT
Content-Type: application/json; charset=utf-8
Transfer-Encoding: chunked
Connection: keep-alive
X-Powered-By: Express
Access-Control-Allow-Origin: *
ETag: W/"6b4-Cp28d9heK6WJ0J3SbJs2Lpjt0dM"
CF-Cache-Status: DYNAMIC
Report-To: {"endpoints":[{"url":"https:\/\/a.nel.cloudflare.com\/report\/v4?s=v46ugW8WZjTuGG8xzwl77XPdnia1XKQZKTZpafb71Mb8nBWu6HeK93ERUV0IgX%2F%2Fen9UoYBcsiOrPNYh57H98jCIF1CYpOZlrashvIGzz7ytdB57G9ZZISBV4Kz8WeWWc74XScUzejdULgbwEWhGEPmLkx8%3D"}],"group":"cf-nel","max_age":604800}
NEL: {"success_fraction":0,"report_to":"cf-nel","max_age":604800}
Server: cloudflare
CF-RAY: 89bf2e92c87c6340-LHR
Content-Encoding: gzip
alt-svc: h3=":443"; ma=86400

{
    "success": true,
    "name": "Люминесцентный бессмертный краторный бургер",
    "order": {
        "ingredients": [
            {
                "_id": "61c0c5a71d1f82001bdaaa6f",
                "name": "Мясо бессмертных моллюсков Protostomia",
                "type": "main",
                "proteins": 433,
                "fat": 244,
                "carbohydrates": 33,
                "calories": 420,
                "price": 1337,
                "image": "https://code.s3.yandex.net/react/code/meat-02.png",
                "image_mobile": "https://code.s3.yandex.net/react/code/meat-02-mobile.png",
                "image_large": "https://code.s3.yandex.net/react/code/meat-02-large.png",
                "__v": 0
            },
            {
                "_id": "61c0c5a71d1f82001bdaaa6e",
                "name": "Филе Люминесцентного тетраодонтимформа",
                "type": "main",
                "proteins": 44,
                "fat": 26,
                "carbohydrates": 85,
                "calories": 643,
                "price": 988,
                "image": "https://code.s3.yandex.net/react/code/meat-03.png",
                "image_mobile": "https://code.s3.yandex.net/react/code/meat-03-mobile.png",
                "image_large": "https://code.s3.yandex.net/react/code/meat-03-large.png",
                "__v": 0
            },
            {
                "_id": "61c0c5a71d1f82001bdaaa6c",
                "name": "Краторная булка N-200i",
                "type": "bun",
                "proteins": 80,
                "fat": 24,
                "carbohydrates": 53,
                "calories": 420,
                "price": 1255,
                "image": "https://code.s3.yandex.net/react/code/bun-02.png",
                "image_mobile": "https://code.s3.yandex.net/react/code/bun-02-mobile.png",
                "image_large": "https://code.s3.yandex.net/react/code/bun-02-large.png",
                "__v": 0
            }
        ],
        "_id": "6681796e9ed280001b45960b",
        "owner": {
            "name": "dMhoZejIey",
            "email": "xbbdfkjana@ya.ru",
            "createdAt": "2024-06-30T15:27:41.765Z",
            "updatedAt": "2024-06-30T15:27:41.765Z"
        },
        "status": "done",
        "name": "Люминесцентный бессмертный краторный бургер",
        "createdAt": "2024-06-30T15:27:42.602Z",
        "updatedAt": "2024-06-30T15:27:43.214Z",
        "number": 89499,
        "price": 3580
    }
}
HTTP/1.1 200 OK
Date: Sun, 30 Jun 2024 15:27:43 GMT
Content-Type: application/json; charset=utf-8
Transfer-Encoding: chunked
Connection: keep-alive
X-Powered-By: Express
Access-Control-Allow-Origin: *
ETag: W/"6b4-Cp28d9heK6WJ0J3SbJs2Lpjt0dM"
CF-Cache-Status: DYNAMIC
Report-To: {"endpoints":[{"url":"https:\/\/a.nel.cloudflare.com\/report\/v4?s=v46ugW8WZjTuGG8xzwl77XPdnia1XKQZKTZpafb71Mb8nBWu6HeK93ERUV0IgX%2F%2Fen9UoYBcsiOrPNYh57H98jCIF1CYpOZlrashvIGzz7ytdB57G9ZZISBV4Kz8WeWWc74XScUzejdULgbwEWhGEPmLkx8%3D"}],"group":"cf-nel","max_age":604800}
NEL: {"success_fraction":0,"report_to":"cf-nel","max_age":604800}
Server: cloudflare
CF-RAY: 89bf2e92c87c6340-LHR
Content-Encoding: gzip
alt-svc: h3=":443"; ma=86400

{
    "success": true,
    "name": "Люминесцентный бессмертный краторный бургер",
    "order": {
        "ingredients": [
            {
                "_id": "61c0c5a71d1f82001bdaaa6f",
                "name": "Мясо бессмертных моллюсков Protostomia",
                "type": "main",
                "proteins": 433,
                "fat": 244,
                "carbohydrates": 33,
                "calories": 420,
                "price": 1337,
                "image": "https://code.s3.yandex.net/react/code/meat-02.png",
                "image_mobile": "https://code.s3.yandex.net/react/code/meat-02-mobile.png",
                "image_large": "https://code.s3.yandex.net/react/code/meat-02-large.png",
                "__v": 0
            },
            {
                "_id": "61c0c5a71d1f82001bdaaa6e",
                "name": "Филе Люминесцентного тетраодонтимформа",
                "type": "main",
                "proteins": 44,
                "fat": 26,
                "carbohydrates": 85,
                "calories": 643,
                "price": 988,
                "image": "https://code.s3.yandex.net/react/code/meat-03.png",
                "image_mobile": "https://code.s3.yandex.net/react/code/meat-03-mobile.png",
                "image_large": "https://code.s3.yandex.net/react/code/meat-03-large.png",
                "__v": 0
            },
            {
                "_id": "61c0c5a71d1f82001bdaaa6c",
                "name": "Краторная булка N-200i",
                "type": "bun",
                "proteins": 80,
                "fat": 24,
                "carbohydrates": 53,
                "calories": 420,
                "price": 1255,
                "image": "https://code.s3.yandex.net/react/code/bun-02.png",
                "image_mobile": "https://code.s3.yandex.net/react/code/bun-02-mobile.png",
                "image_large": "https://code.s3.yandex.net/react/code/bun-02-large.png",
                "__v": 0
            }
        ],
        "_id": "6681796e9ed280001b45960b",
        "owner": {
            "name": "dMhoZejIey",
            "email": "xbbdfkjana@ya.ru",
            "createdAt": "2024-06-30T15:27:41.765Z",
            "updatedAt": "2024-06-30T15:27:41.765Z"
        },
        "status": "done",
        "name": "Люминесцентный бессмертный краторный бургер",
        "createdAt": "2024-06-30T15:27:42.602Z",
        "updatedAt": "2024-06-30T15:27:43.214Z",
        "number": 89499,
        "price": 3580
    }
}
Request method:	GET
Request URI:	https://stellarburgers.nomoreparties.site/api/orders
Proxy:			<none>
Request params:	<none>
Query params:	<none>
Form params:	<none>
Path params:	<none>
Headers:		authorization=Bearer eyJhbGciOiJIUzI1NiIsInR5cCI6IkpXVCJ9.eyJpZCI6IjY2ODE3OTZkOWVkMjgwMDAxYjQ1OTYwOCIsImlhdCI6MTcxOTc2MTI2MiwiZXhwIjoxNzE5NzYyNDYyfQ.CiJkEcUCjLUl13BhkE-9kNao77E7ChpQI8ZcwCgRfOQ
				Accept=*/*
				Content-Type=application/json
Cookies:		<none>
Multiparts:		<none>
Body:			<none>
Request method:	GET
Request URI:	https://stellarburgers.nomoreparties.site/api/orders
Proxy:			<none>
Request params:	<none>
Query params:	<none>
Form params:	<none>
Path params:	<none>
Headers:		authorization=Bearer eyJhbGciOiJIUzI1NiIsInR5cCI6IkpXVCJ9.eyJpZCI6IjY2ODE3OTZkOWVkMjgwMDAxYjQ1OTYwOCIsImlhdCI6MTcxOTc2MTI2MiwiZXhwIjoxNzE5NzYyNDYyfQ.CiJkEcUCjLUl13BhkE-9kNao77E7ChpQI8ZcwCgRfOQ
				Accept=*/*
				Content-Type=application/json
Cookies:		<none>
Multiparts:		<none>
Body:			<none>
Request method:	GET
Request URI:	https://stellarburgers.nomoreparties.site/api/orders
Proxy:			<none>
Request params:	<none>
Query params:	<none>
Form params:	<none>
Path params:	<none>
Headers:		authorization=Bearer eyJhbGciOiJIUzI1NiIsInR5cCI6IkpXVCJ9.eyJpZCI6IjY2ODE3OTZkOWVkMjgwMDAxYjQ1OTYwOCIsImlhdCI6MTcxOTc2MTI2MiwiZXhwIjoxNzE5NzYyNDYyfQ.CiJkEcUCjLUl13BhkE-9kNao77E7ChpQI8ZcwCgRfOQ
				Accept=*/*
				Content-Type=application/json
Cookies:		<none>
Multiparts:		<none>
Body:			<none>
Request method:	GET
Request URI:	https://stellarburgers.nomoreparties.site/api/orders
Proxy:			<none>
Request params:	<none>
Query params:	<none>
Form params:	<none>
Path params:	<none>
Headers:		authorization=Bearer eyJhbGciOiJIUzI1NiIsInR5cCI6IkpXVCJ9.eyJpZCI6IjY2ODE3OTZkOWVkMjgwMDAxYjQ1OTYwOCIsImlhdCI6MTcxOTc2MTI2MiwiZXhwIjoxNzE5NzYyNDYyfQ.CiJkEcUCjLUl13BhkE-9kNao77E7ChpQI8ZcwCgRfOQ
				Accept=*/*
				Content-Type=application/json
Cookies:		<none>
Multiparts:		<none>
Body:			<none>
Request method:	GET
Request URI:	https://stellarburgers.nomoreparties.site/api/orders
Proxy:			<none>
Request params:	<none>
Query params:	<none>
Form params:	<none>
Path params:	<none>
Headers:		authorization=Bearer eyJhbGciOiJIUzI1NiIsInR5cCI6IkpXVCJ9.eyJpZCI6IjY2ODE3OTZkOWVkMjgwMDAxYjQ1OTYwOCIsImlhdCI6MTcxOTc2MTI2MiwiZXhwIjoxNzE5NzYyNDYyfQ.CiJkEcUCjLUl13BhkE-9kNao77E7ChpQI8ZcwCgRfOQ
				Accept=*/*
				Content-Type=application/json
Cookies:		<none>
Multiparts:		<none>
Body:			<none>
Request method:	GET
Request URI:	https://stellarburgers.nomoreparties.site/api/orders
Proxy:			<none>
Request params:	<none>
Query params:	<none>
Form params:	<none>
Path params:	<none>
Headers:		authorization=Bearer eyJhbGciOiJIUzI1NiIsInR5cCI6IkpXVCJ9.eyJpZCI6IjY2ODE3OTZkOWVkMjgwMDAxYjQ1OTYwOCIsImlhdCI6MTcxOTc2MTI2MiwiZXhwIjoxNzE5NzYyNDYyfQ.CiJkEcUCjLUl13BhkE-9kNao77E7ChpQI8ZcwCgRfOQ
				Accept=*/*
				Content-Type=application/json
Cookies:		<none>
Multiparts:		<none>
Body:			<none>
Request method:	GET
Request URI:	https://stellarburgers.nomoreparties.site/api/orders
Proxy:			<none>
Request params:	<none>
Query params:	<none>
Form params:	<none>
Path params:	<none>
Headers:		authorization=Bearer eyJhbGciOiJIUzI1NiIsInR5cCI6IkpXVCJ9.eyJpZCI6IjY2ODE3OTZkOWVkMjgwMDAxYjQ1OTYwOCIsImlhdCI6MTcxOTc2MTI2MiwiZXhwIjoxNzE5NzYyNDYyfQ.CiJkEcUCjLUl13BhkE-9kNao77E7ChpQI8ZcwCgRfOQ
				Accept=*/*
				Content-Type=application/json
Cookies:		<none>
Multiparts:		<none>
Body:			<none>
Request method:	GET
Request URI:	https://stellarburgers.nomoreparties.site/api/orders
Proxy:			<none>
Request params:	<none>
Query params:	<none>
Form params:	<none>
Path params:	<none>
Headers:		authorization=Bearer eyJhbGciOiJIUzI1NiIsInR5cCI6IkpXVCJ9.eyJpZCI6IjY2ODE3OTZkOWVkMjgwMDAxYjQ1OTYwOCIsImlhdCI6MTcxOTc2MTI2MiwiZXhwIjoxNzE5NzYyNDYyfQ.CiJkEcUCjLUl13BhkE-9kNao77E7ChpQI8ZcwCgRfOQ
				Accept=*/*
				Content-Type=application/json
Cookies:		<none>
Multiparts:		<none>
Body:			<none>
Request method:	GET
Request URI:	https://stellarburgers.nomoreparties.site/api/orders
Proxy:			<none>
Request params:	<none>
Query params:	<none>
Form params:	<none>
Path params:	<none>
Headers:		authorization=Bearer eyJhbGciOiJIUzI1NiIsInR5cCI6IkpXVCJ9.eyJpZCI6IjY2ODE3OTZkOWVkMjgwMDAxYjQ1OTYwOCIsImlhdCI6MTcxOTc2MTI2MiwiZXhwIjoxNzE5NzYyNDYyfQ.CiJkEcUCjLUl13BhkE-9kNao77E7ChpQI8ZcwCgRfOQ
				Accept=*/*
				Content-Type=application/json
Cookies:		<none>
Multiparts:		<none>
Body:			<none>
Request method:	GET
Request URI:	https://stellarburgers.nomoreparties.site/api/orders
Proxy:			<none>
Request params:	<none>
Query params:	<none>
Form params:	<none>
Path params:	<none>
Headers:		authorization=Bearer eyJhbGciOiJIUzI1NiIsInR5cCI6IkpXVCJ9.eyJpZCI6IjY2ODE3OTZkOWVkMjgwMDAxYjQ1OTYwOCIsImlhdCI6MTcxOTc2MTI2MiwiZXhwIjoxNzE5NzYyNDYyfQ.CiJkEcUCjLUl13BhkE-9kNao77E7ChpQI8ZcwCgRfOQ
				Accept=*/*
				Content-Type=application/json
Cookies:		<none>
Multiparts:		<none>
Body:			<none>
Request method:	GET
Request URI:	https://stellarburgers.nomoreparties.site/api/orders
Proxy:			<none>
Request params:	<none>
Query params:	<none>
Form params:	<none>
Path params:	<none>
Headers:		authorization=Bearer eyJhbGciOiJIUzI1NiIsInR5cCI6IkpXVCJ9.eyJpZCI6IjY2ODE3OTZkOWVkMjgwMDAxYjQ1OTYwOCIsImlhdCI6MTcxOTc2MTI2MiwiZXhwIjoxNzE5NzYyNDYyfQ.CiJkEcUCjLUl13BhkE-9kNao77E7ChpQI8ZcwCgRfOQ
				Accept=*/*
				Content-Type=application/json
Cookies:		<none>
Multiparts:		<none>
Body:			<none>
Request method:	GET
Request URI:	https://stellarburgers.nomoreparties.site/api/orders
Proxy:			<none>
Request params:	<none>
Query params:	<none>
Form params:	<none>
Path params:	<none>
Headers:		authorization=Bearer eyJhbGciOiJIUzI1NiIsInR5cCI6IkpXVCJ9.eyJpZCI6IjY2ODE3OTZkOWVkMjgwMDAxYjQ1OTYwOCIsImlhdCI6MTcxOTc2MTI2MiwiZXhwIjoxNzE5NzYyNDYyfQ.CiJkEcUCjLUl13BhkE-9kNao77E7ChpQI8ZcwCgRfOQ
				Accept=*/*
				Content-Type=application/json
Cookies:		<none>
Multiparts:		<none>
Body:			<none>
Request method:	GET
Request URI:	https://stellarburgers.nomoreparties.site/api/orders
Proxy:			<none>
Request params:	<none>
Query params:	<none>
Form params:	<none>
Path params:	<none>
Headers:		authorization=Bearer eyJhbGciOiJIUzI1NiIsInR5cCI6IkpXVCJ9.eyJpZCI6IjY2ODE3OTZkOWVkMjgwMDAxYjQ1OTYwOCIsImlhdCI6MTcxOTc2MTI2MiwiZXhwIjoxNzE5NzYyNDYyfQ.CiJkEcUCjLUl13BhkE-9kNao77E7ChpQI8ZcwCgRfOQ
				Accept=*/*
				Content-Type=application/json
Cookies:		<none>
Multiparts:		<none>
Body:			<none>
Request method:	GET
Request URI:	https://stellarburgers.nomoreparties.site/api/orders
Proxy:			<none>
Request params:	<none>
Query params:	<none>
Form params:	<none>
Path params:	<none>
Headers:		authorization=Bearer eyJhbGciOiJIUzI1NiIsInR5cCI6IkpXVCJ9.eyJpZCI6IjY2ODE3OTZkOWVkMjgwMDAxYjQ1OTYwOCIsImlhdCI6MTcxOTc2MTI2MiwiZXhwIjoxNzE5NzYyNDYyfQ.CiJkEcUCjLUl13BhkE-9kNao77E7ChpQI8ZcwCgRfOQ
				Accept=*/*
				Content-Type=application/json
Cookies:		<none>
Multiparts:		<none>
Body:			<none>
Request method:	GET
Request URI:	https://stellarburgers.nomoreparties.site/api/orders
Proxy:			<none>
Request params:	<none>
Query params:	<none>
Form params:	<none>
Path params:	<none>
Headers:		authorization=Bearer eyJhbGciOiJIUzI1NiIsInR5cCI6IkpXVCJ9.eyJpZCI6IjY2ODE3OTZkOWVkMjgwMDAxYjQ1OTYwOCIsImlhdCI6MTcxOTc2MTI2MiwiZXhwIjoxNzE5NzYyNDYyfQ.CiJkEcUCjLUl13BhkE-9kNao77E7ChpQI8ZcwCgRfOQ
				Accept=*/*
				Content-Type=application/json
Cookies:		<none>
Multiparts:		<none>
Body:			<none>
Request method:	GET
Request URI:	https://stellarburgers.nomoreparties.site/api/orders
Proxy:			<none>
Request params:	<none>
Query params:	<none>
Form params:	<none>
Path params:	<none>
Headers:		authorization=Bearer eyJhbGciOiJIUzI1NiIsInR5cCI6IkpXVCJ9.eyJpZCI6IjY2ODE3OTZkOWVkMjgwMDAxYjQ1OTYwOCIsImlhdCI6MTcxOTc2MTI2MiwiZXhwIjoxNzE5NzYyNDYyfQ.CiJkEcUCjLUl13BhkE-9kNao77E7ChpQI8ZcwCgRfOQ
				Accept=*/*
				Content-Type=application/json
Cookies:		<none>
Multiparts:		<none>
Body:			<none>
Request method:	GET
Request URI:	https://stellarburgers.nomoreparties.site/api/orders
Proxy:			<none>
Request params:	<none>
Query params:	<none>
Form params:	<none>
Path params:	<none>
Headers:		authorization=Bearer eyJhbGciOiJIUzI1NiIsInR5cCI6IkpXVCJ9.eyJpZCI6IjY2ODE3OTZkOWVkMjgwMDAxYjQ1OTYwOCIsImlhdCI6MTcxOTc2MTI2MiwiZXhwIjoxNzE5NzYyNDYyfQ.CiJkEcUCjLUl13BhkE-9kNao77E7ChpQI8ZcwCgRfOQ
				Accept=*/*
				Content-Type=application/json
Cookies:		<none>
Multiparts:		<none>
Body:			<none>
Request method:	GET
Request URI:	https://stellarburgers.nomoreparties.site/api/orders
Proxy:			<none>
Request params:	<none>
Query params:	<none>
Form params:	<none>
Path params:	<none>
Headers:		authorization=Bearer eyJhbGciOiJIUzI1NiIsInR5cCI6IkpXVCJ9.eyJpZCI6IjY2ODE3OTZkOWVkMjgwMDAxYjQ1OTYwOCIsImlhdCI6MTcxOTc2MTI2MiwiZXhwIjoxNzE5NzYyNDYyfQ.CiJkEcUCjLUl13BhkE-9kNao77E7ChpQI8ZcwCgRfOQ
				Accept=*/*
				Content-Type=application/json
Cookies:		<none>
Multiparts:		<none>
Body:			<none>
Request method:	GET
Request URI:	https://stellarburgers.nomoreparties.site/api/orders
Proxy:			<none>
Request params:	<none>
Query params:	<none>
Form params:	<none>
Path params:	<none>
Headers:		authorization=Bearer eyJhbGciOiJIUzI1NiIsInR5cCI6IkpXVCJ9.eyJpZCI6IjY2ODE3OTZkOWVkMjgwMDAxYjQ1OTYwOCIsImlhdCI6MTcxOTc2MTI2MiwiZXhwIjoxNzE5NzYyNDYyfQ.CiJkEcUCjLUl13BhkE-9kNao77E7ChpQI8ZcwCgRfOQ
				Accept=*/*
				Content-Type=application/json
Cookies:		<none>
Multiparts:		<none>
Body:			<none>
Request method:	GET
Request URI:	https://stellarburgers.nomoreparties.site/api/orders
Proxy:			<none>
Request params:	<none>
Query params:	<none>
Form params:	<none>
Path params:	<none>
Headers:		authorization=Bearer eyJhbGciOiJIUzI1NiIsInR5cCI6IkpXVCJ9.eyJpZCI6IjY2ODE3OTZkOWVkMjgwMDAxYjQ1OTYwOCIsImlhdCI6MTcxOTc2MTI2MiwiZXhwIjoxNzE5NzYyNDYyfQ.CiJkEcUCjLUl13BhkE-9kNao77E7ChpQI8ZcwCgRfOQ
				Accept=*/*
				Content-Type=application/json
Cookies:		<none>
Multiparts:		<none>
Body:			<none>
Request method:	GET
Request URI:	https://stellarburgers.nomoreparties.site/api/orders
Proxy:			<none>
Request params:	<none>
Query params:	<none>
Form params:	<none>
Path params:	<none>
Headers:		authorization=Bearer eyJhbGciOiJIUzI1NiIsInR5cCI6IkpXVCJ9.eyJpZCI6IjY2ODE3OTZkOWVkMjgwMDAxYjQ1OTYwOCIsImlhdCI6MTcxOTc2MTI2MiwiZXhwIjoxNzE5NzYyNDYyfQ.CiJkEcUCjLUl13BhkE-9kNao77E7ChpQI8ZcwCgRfOQ
				Accept=*/*
				Content-Type=application/json
Cookies:		<none>
Multiparts:		<none>
Body:			<none>
HTTP/1.1 200 OK
Date: Sun, 30 Jun 2024 15:27:44 GMT
Content-Type: application/json; charset=utf-8
Transfer-Encoding: chunked
Connection: keep-alive
X-Powered-By: Express
Access-Control-Allow-Origin: *
ETag: W/"189-iF/8VeteMC0b2yEJxdkKmu4HLus"
CF-Cache-Status: DYNAMIC
Report-To: {"endpoints":[{"url":"https:\/\/a.nel.cloudflare.com\/report\/v4?s=ECqAtnk1v%2BV9DxlV1vYk%2BOQg2fGtVL%2F4jmr2oBzcMVr8D2mkvUramgzhlukwSkjwH41dh%2FPCpce47LQQ1KgFsp8FYv%2Bj2VquJsFBIsIiQQlmadVsOa2VYay5D5Key0ApswNSnfcd1jFtGL5X54syLej5Bgc%3D"}],"group":"cf-nel","max_age":604800}
NEL: {"success_fraction":0,"report_to":"cf-nel","max_age":604800}
Server: cloudflare
CF-RAY: 89bf2e9b3b46a01a-AMS
Content-Encoding: gzip
alt-svc: h3=":443"; ma=86400

{
    "success": true,
    "orders": [
        {
            "_id": "6681796e9ed280001b45960b",
            "ingredients": [
                "61c0c5a71d1f82001bdaaa6f",
                "61c0c5a71d1f82001bdaaa6e",
                "61c0c5a71d1f82001bdaaa6c"
            ],
            "status": "done",
            "name": "Люминесцентный бессмертный краторный бургер",
            "createdAt": "2024-06-30T15:27:42.602Z",
            "updatedAt": "2024-06-30T15:27:43.214Z",
            "number": 89499
        }
    ],
    "total": 89499,
    "totalToday": 1030
}
HTTP/1.1 200 OK
Date: Sun, 30 Jun 2024 15:27:44 GMT
Content-Type: application/json; charset=utf-8
Transfer-Encoding: chunked
Connection: keep-alive
X-Powered-By: Express
Access-Control-Allow-Origin: *
ETag: W/"189-iF/8VeteMC0b2yEJxdkKmu4HLus"
CF-Cache-Status: DYNAMIC
Report-To: {"endpoints":[{"url":"https:\/\/a.nel.cloudflare.com\/report\/v4?s=ECqAtnk1v%2BV9DxlV1vYk%2BOQg2fGtVL%2F4jmr2oBzcMVr8D2mkvUramgzhlukwSkjwH41dh%2FPCpce47LQQ1KgFsp8FYv%2Bj2VquJsFBIsIiQQlmadVsOa2VYay5D5Key0ApswNSnfcd1jFtGL5X54syLej5Bgc%3D"}],"group":"cf-nel","max_age":604800}
NEL: {"success_fraction":0,"report_to":"cf-nel","max_age":604800}
Server: cloudflare
CF-RAY: 89bf2e9b3b46a01a-AMS
Content-Encoding: gzip
alt-svc: h3=":443"; ma=86400

{
    "success": true,
    "orders": [
        {
            "_id": "6681796e9ed280001b45960b",
            "ingredients": [
                "61c0c5a71d1f82001bdaaa6f",
                "61c0c5a71d1f82001bdaaa6e",
                "61c0c5a71d1f82001bdaaa6c"
            ],
            "status": "done",
            "name": "Люминесцентный бессмертный краторный бургер",
            "createdAt": "2024-06-30T15:27:42.602Z",
            "updatedAt": "2024-06-30T15:27:43.214Z",
            "number": 89499
        }
    ],
    "total": 89499,
    "totalToday": 1030
}
HTTP/1.1 200 OK
Date: Sun, 30 Jun 2024 15:27:44 GMT
Content-Type: application/json; charset=utf-8
Transfer-Encoding: chunked
Connection: keep-alive
X-Powered-By: Express
Access-Control-Allow-Origin: *
ETag: W/"189-iF/8VeteMC0b2yEJxdkKmu4HLus"
CF-Cache-Status: DYNAMIC
Report-To: {"endpoints":[{"url":"https:\/\/a.nel.cloudflare.com\/report\/v4?s=ECqAtnk1v%2BV9DxlV1vYk%2BOQg2fGtVL%2F4jmr2oBzcMVr8D2mkvUramgzhlukwSkjwH41dh%2FPCpce47LQQ1KgFsp8FYv%2Bj2VquJsFBIsIiQQlmadVsOa2VYay5D5Key0ApswNSnfcd1jFtGL5X54syLej5Bgc%3D"}],"group":"cf-nel","max_age":604800}
NEL: {"success_fraction":0,"report_to":"cf-nel","max_age":604800}
Server: cloudflare
CF-RAY: 89bf2e9b3b46a01a-AMS
Content-Encoding: gzip
alt-svc: h3=":443"; ma=86400

{
    "success": true,
    "orders": [
        {
            "_id": "6681796e9ed280001b45960b",
            "ingredients": [
                "61c0c5a71d1f82001bdaaa6f",
                "61c0c5a71d1f82001bdaaa6e",
                "61c0c5a71d1f82001bdaaa6c"
            ],
            "status": "done",
            "name": "Люминесцентный бессмертный краторный бургер",
            "createdAt": "2024-06-30T15:27:42.602Z",
            "updatedAt": "2024-06-30T15:27:43.214Z",
            "number": 89499
        }
    ],
    "total": 89499,
    "totalToday": 1030
}
HTTP/1.1 200 OK
Date: Sun, 30 Jun 2024 15:27:44 GMT
Content-Type: application/json; charset=utf-8
Transfer-Encoding: chunked
Connection: keep-alive
X-Powered-By: Express
Access-Control-Allow-Origin: *
ETag: W/"189-iF/8VeteMC0b2yEJxdkKmu4HLus"
CF-Cache-Status: DYNAMIC
Report-To: {"endpoints":[{"url":"https:\/\/a.nel.cloudflare.com\/report\/v4?s=ECqAtnk1v%2BV9DxlV1vYk%2BOQg2fGtVL%2F4jmr2oBzcMVr8D2mkvUramgzhlukwSkjwH41dh%2FPCpce47LQQ1KgFsp8FYv%2Bj2VquJsFBIsIiQQlmadVsOa2VYay5D5Key0ApswNSnfcd1jFtGL5X54syLej5Bgc%3D"}],"group":"cf-nel","max_age":604800}
NEL: {"success_fraction":0,"report_to":"cf-nel","max_age":604800}
Server: cloudflare
CF-RAY: 89bf2e9b3b46a01a-AMS
Content-Encoding: gzip
alt-svc: h3=":443"; ma=86400

{
    "success": true,
    "orders": [
        {
            "_id": "6681796e9ed280001b45960b",
            "ingredients": [
                "61c0c5a71d1f82001bdaaa6f",
                "61c0c5a71d1f82001bdaaa6e",
                "61c0c5a71d1f82001bdaaa6c"
            ],
            "status": "done",
            "name": "Люминесцентный бессмертный краторный бургер",
            "createdAt": "2024-06-30T15:27:42.602Z",
            "updatedAt": "2024-06-30T15:27:43.214Z",
            "number": 89499
        }
    ],
    "total": 89499,
    "totalToday": 1030
}
HTTP/1.1 200 OK
Date: Sun, 30 Jun 2024 15:27:44 GMT
Content-Type: application/json; charset=utf-8
Transfer-Encoding: chunked
Connection: keep-alive
X-Powered-By: Express
Access-Control-Allow-Origin: *
ETag: W/"189-iF/8VeteMC0b2yEJxdkKmu4HLus"
CF-Cache-Status: DYNAMIC
Report-To: {"endpoints":[{"url":"https:\/\/a.nel.cloudflare.com\/report\/v4?s=ECqAtnk1v%2BV9DxlV1vYk%2BOQg2fGtVL%2F4jmr2oBzcMVr8D2mkvUramgzhlukwSkjwH41dh%2FPCpce47LQQ1KgFsp8FYv%2Bj2VquJsFBIsIiQQlmadVsOa2VYay5D5Key0ApswNSnfcd1jFtGL5X54syLej5Bgc%3D"}],"group":"cf-nel","max_age":604800}
NEL: {"success_fraction":0,"report_to":"cf-nel","max_age":604800}
Server: cloudflare
CF-RAY: 89bf2e9b3b46a01a-AMS
Content-Encoding: gzip
alt-svc: h3=":443"; ma=86400

{
    "success": true,
    "orders": [
        {
            "_id": "6681796e9ed280001b45960b",
            "ingredients": [
                "61c0c5a71d1f82001bdaaa6f",
                "61c0c5a71d1f82001bdaaa6e",
                "61c0c5a71d1f82001bdaaa6c"
            ],
            "status": "done",
            "name": "Люминесцентный бессмертный краторный бургер",
            "createdAt": "2024-06-30T15:27:42.602Z",
            "updatedAt": "2024-06-30T15:27:43.214Z",
            "number": 89499
        }
    ],
    "total": 89499,
    "totalToday": 1030
}
HTTP/1.1 200 OK
Date: Sun, 30 Jun 2024 15:27:44 GMT
Content-Type: application/json; charset=utf-8
Transfer-Encoding: chunked
Connection: keep-alive
X-Powered-By: Express
Access-Control-Allow-Origin: *
ETag: W/"189-iF/8VeteMC0b2yEJxdkKmu4HLus"
CF-Cache-Status: DYNAMIC
Report-To: {"endpoints":[{"url":"https:\/\/a.nel.cloudflare.com\/report\/v4?s=ECqAtnk1v%2BV9DxlV1vYk%2BOQg2fGtVL%2F4jmr2oBzcMVr8D2mkvUramgzhlukwSkjwH41dh%2FPCpce47LQQ1KgFsp8FYv%2Bj2VquJsFBIsIiQQlmadVsOa2VYay5D5Key0ApswNSnfcd1jFtGL5X54syLej5Bgc%3D"}],"group":"cf-nel","max_age":604800}
NEL: {"success_fraction":0,"report_to":"cf-nel","max_age":604800}
Server: cloudflare
CF-RAY: 89bf2e9b3b46a01a-AMS
Content-Encoding: gzip
alt-svc: h3=":443"; ma=86400

{
    "success": true,
    "orders": [
        {
            "_id": "6681796e9ed280001b45960b",
            "ingredients": [
                "61c0c5a71d1f82001bdaaa6f",
                "61c0c5a71d1f82001bdaaa6e",
                "61c0c5a71d1f82001bdaaa6c"
            ],
            "status": "done",
            "name": "Люминесцентный бессмертный краторный бургер",
            "createdAt": "2024-06-30T15:27:42.602Z",
            "updatedAt": "2024-06-30T15:27:43.214Z",
            "number": 89499
        }
    ],
    "total": 89499,
    "totalToday": 1030
}
HTTP/1.1 200 OK
Date: Sun, 30 Jun 2024 15:27:44 GMT
Content-Type: application/json; charset=utf-8
Transfer-Encoding: chunked
Connection: keep-alive
X-Powered-By: Express
Access-Control-Allow-Origin: *
ETag: W/"189-iF/8VeteMC0b2yEJxdkKmu4HLus"
CF-Cache-Status: DYNAMIC
Report-To: {"endpoints":[{"url":"https:\/\/a.nel.cloudflare.com\/report\/v4?s=ECqAtnk1v%2BV9DxlV1vYk%2BOQg2fGtVL%2F4jmr2oBzcMVr8D2mkvUramgzhlukwSkjwH41dh%2FPCpce47LQQ1KgFsp8FYv%2Bj2VquJsFBIsIiQQlmadVsOa2VYay5D5Key0ApswNSnfcd1jFtGL5X54syLej5Bgc%3D"}],"group":"cf-nel","max_age":604800}
NEL: {"success_fraction":0,"report_to":"cf-nel","max_age":604800}
Server: cloudflare
CF-RAY: 89bf2e9b3b46a01a-AMS
Content-Encoding: gzip
alt-svc: h3=":443"; ma=86400

{
    "success": true,
    "orders": [
        {
            "_id": "6681796e9ed280001b45960b",
            "ingredients": [
                "61c0c5a71d1f82001bdaaa6f",
                "61c0c5a71d1f82001bdaaa6e",
                "61c0c5a71d1f82001bdaaa6c"
            ],
            "status": "done",
            "name": "Люминесцентный бессмертный краторный бургер",
            "createdAt": "2024-06-30T15:27:42.602Z",
            "updatedAt": "2024-06-30T15:27:43.214Z",
            "number": 89499
        }
    ],
    "total": 89499,
    "totalToday": 1030
}
HTTP/1.1 200 OK
Date: Sun, 30 Jun 2024 15:27:44 GMT
Content-Type: application/json; charset=utf-8
Transfer-Encoding: chunked
Connection: keep-alive
X-Powered-By: Express
Access-Control-Allow-Origin: *
ETag: W/"189-iF/8VeteMC0b2yEJxdkKmu4HLus"
CF-Cache-Status: DYNAMIC
Report-To: {"endpoints":[{"url":"https:\/\/a.nel.cloudflare.com\/report\/v4?s=ECqAtnk1v%2BV9DxlV1vYk%2BOQg2fGtVL%2F4jmr2oBzcMVr8D2mkvUramgzhlukwSkjwH41dh%2FPCpce47LQQ1KgFsp8FYv%2Bj2VquJsFBIsIiQQlmadVsOa2VYay5D5Key0ApswNSnfcd1jFtGL5X54syLej5Bgc%3D"}],"group":"cf-nel","max_age":604800}
NEL: {"success_fraction":0,"report_to":"cf-nel","max_age":604800}
Server: cloudflare
CF-RAY: 89bf2e9b3b46a01a-AMS
Content-Encoding: gzip
alt-svc: h3=":443"; ma=86400

{
    "success": true,
    "orders": [
        {
            "_id": "6681796e9ed280001b45960b",
            "ingredients": [
                "61c0c5a71d1f82001bdaaa6f",
                "61c0c5a71d1f82001bdaaa6e",
                "61c0c5a71d1f82001bdaaa6c"
            ],
            "status": "done",
            "name": "Люминесцентный бессмертный краторный бургер",
            "createdAt": "2024-06-30T15:27:42.602Z",
            "updatedAt": "2024-06-30T15:27:43.214Z",
            "number": 89499
        }
    ],
    "total": 89499,
    "totalToday": 1030
}
HTTP/1.1 200 OK
Date: Sun, 30 Jun 2024 15:27:44 GMT
Content-Type: application/json; charset=utf-8
Transfer-Encoding: chunked
Connection: keep-alive
X-Powered-By: Express
Access-Control-Allow-Origin: *
ETag: W/"189-iF/8VeteMC0b2yEJxdkKmu4HLus"
CF-Cache-Status: DYNAMIC
Report-To: {"endpoints":[{"url":"https:\/\/a.nel.cloudflare.com\/report\/v4?s=ECqAtnk1v%2BV9DxlV1vYk%2BOQg2fGtVL%2F4jmr2oBzcMVr8D2mkvUramgzhlukwSkjwH41dh%2FPCpce47LQQ1KgFsp8FYv%2Bj2VquJsFBIsIiQQlmadVsOa2VYay5D5Key0ApswNSnfcd1jFtGL5X54syLej5Bgc%3D"}],"group":"cf-nel","max_age":604800}
NEL: {"success_fraction":0,"report_to":"cf-nel","max_age":604800}
Server: cloudflare
CF-RAY: 89bf2e9b3b46a01a-AMS
Content-Encoding: gzip
alt-svc: h3=":443"; ma=86400

{
    "success": true,
    "orders": [
        {
            "_id": "6681796e9ed280001b45960b",
            "ingredients": [
                "61c0c5a71d1f82001bdaaa6f",
                "61c0c5a71d1f82001bdaaa6e",
                "61c0c5a71d1f82001bdaaa6c"
            ],
            "status": "done",
            "name": "Люминесцентный бессмертный краторный бургер",
            "createdAt": "2024-06-30T15:27:42.602Z",
            "updatedAt": "2024-06-30T15:27:43.214Z",
            "number": 89499
        }
    ],
    "total": 89499,
    "totalToday": 1030
}
HTTP/1.1 200 OK
Date: Sun, 30 Jun 2024 15:27:44 GMT
Content-Type: application/json; charset=utf-8
Transfer-Encoding: chunked
Connection: keep-alive
X-Powered-By: Express
Access-Control-Allow-Origin: *
ETag: W/"189-iF/8VeteMC0b2yEJxdkKmu4HLus"
CF-Cache-Status: DYNAMIC
Report-To: {"endpoints":[{"url":"https:\/\/a.nel.cloudflare.com\/report\/v4?s=ECqAtnk1v%2BV9DxlV1vYk%2BOQg2fGtVL%2F4jmr2oBzcMVr8D2mkvUramgzhlukwSkjwH41dh%2FPCpce47LQQ1KgFsp8FYv%2Bj2VquJsFBIsIiQQlmadVsOa2VYay5D5Key0ApswNSnfcd1jFtGL5X54syLej5Bgc%3D"}],"group":"cf-nel","max_age":604800}
NEL: {"success_fraction":0,"report_to":"cf-nel","max_age":604800}
Server: cloudflare
CF-RAY: 89bf2e9b3b46a01a-AMS
Content-Encoding: gzip
alt-svc: h3=":443"; ma=86400

{
    "success": true,
    "orders": [
        {
            "_id": "6681796e9ed280001b45960b",
            "ingredients": [
                "61c0c5a71d1f82001bdaaa6f",
                "61c0c5a71d1f82001bdaaa6e",
                "61c0c5a71d1f82001bdaaa6c"
            ],
            "status": "done",
            "name": "Люминесцентный бессмертный краторный бургер",
            "createdAt": "2024-06-30T15:27:42.602Z",
            "updatedAt": "2024-06-30T15:27:43.214Z",
            "number": 89499
        }
    ],
    "total": 89499,
    "totalToday": 1030
}
HTTP/1.1 200 OK
Date: Sun, 30 Jun 2024 15:27:44 GMT
Content-Type: application/json; charset=utf-8
Transfer-Encoding: chunked
Connection: keep-alive
X-Powered-By: Express
Access-Control-Allow-Origin: *
ETag: W/"189-iF/8VeteMC0b2yEJxdkKmu4HLus"
CF-Cache-Status: DYNAMIC
Report-To: {"endpoints":[{"url":"https:\/\/a.nel.cloudflare.com\/report\/v4?s=ECqAtnk1v%2BV9DxlV1vYk%2BOQg2fGtVL%2F4jmr2oBzcMVr8D2mkvUramgzhlukwSkjwH41dh%2FPCpce47LQQ1KgFsp8FYv%2Bj2VquJsFBIsIiQQlmadVsOa2VYay5D5Key0ApswNSnfcd1jFtGL5X54syLej5Bgc%3D"}],"group":"cf-nel","max_age":604800}
NEL: {"success_fraction":0,"report_to":"cf-nel","max_age":604800}
Server: cloudflare
CF-RAY: 89bf2e9b3b46a01a-AMS
Content-Encoding: gzip
alt-svc: h3=":443"; ma=86400

{
    "success": true,
    "orders": [
        {
            "_id": "6681796e9ed280001b45960b",
            "ingredients": [
                "61c0c5a71d1f82001bdaaa6f",
                "61c0c5a71d1f82001bdaaa6e",
                "61c0c5a71d1f82001bdaaa6c"
            ],
            "status": "done",
            "name": "Люминесцентный бессмертный краторный бургер",
            "createdAt": "2024-06-30T15:27:42.602Z",
            "updatedAt": "2024-06-30T15:27:43.214Z",
            "number": 89499
        }
    ],
    "total": 89499,
    "totalToday": 1030
}
HTTP/1.1 200 OK
Date: Sun, 30 Jun 2024 15:27:44 GMT
Content-Type: application/json; charset=utf-8
Transfer-Encoding: chunked
Connection: keep-alive
X-Powered-By: Express
Access-Control-Allow-Origin: *
ETag: W/"189-iF/8VeteMC0b2yEJxdkKmu4HLus"
CF-Cache-Status: DYNAMIC
Report-To: {"endpoints":[{"url":"https:\/\/a.nel.cloudflare.com\/report\/v4?s=ECqAtnk1v%2BV9DxlV1vYk%2BOQg2fGtVL%2F4jmr2oBzcMVr8D2mkvUramgzhlukwSkjwH41dh%2FPCpce47LQQ1KgFsp8FYv%2Bj2VquJsFBIsIiQQlmadVsOa2VYay5D5Key0ApswNSnfcd1jFtGL5X54syLej5Bgc%3D"}],"group":"cf-nel","max_age":604800}
NEL: {"success_fraction":0,"report_to":"cf-nel","max_age":604800}
Server: cloudflare
CF-RAY: 89bf2e9b3b46a01a-AMS
Content-Encoding: gzip
alt-svc: h3=":443"; ma=86400

{
    "success": true,
    "orders": [
        {
            "_id": "6681796e9ed280001b45960b",
            "ingredients": [
                "61c0c5a71d1f82001bdaaa6f",
                "61c0c5a71d1f82001bdaaa6e",
                "61c0c5a71d1f82001bdaaa6c"
            ],
            "status": "done",
            "name": "Люминесцентный бессмертный краторный бургер",
            "createdAt": "2024-06-30T15:27:42.602Z",
            "updatedAt": "2024-06-30T15:27:43.214Z",
            "number": 89499
        }
    ],
    "total": 89499,
    "totalToday": 1030
}
HTTP/1.1 200 OK
Date: Sun, 30 Jun 2024 15:27:44 GMT
Content-Type: application/json; charset=utf-8
Transfer-Encoding: chunked
Connection: keep-alive
X-Powered-By: Express
Access-Control-Allow-Origin: *
ETag: W/"189-iF/8VeteMC0b2yEJxdkKmu4HLus"
CF-Cache-Status: DYNAMIC
Report-To: {"endpoints":[{"url":"https:\/\/a.nel.cloudflare.com\/report\/v4?s=ECqAtnk1v%2BV9DxlV1vYk%2BOQg2fGtVL%2F4jmr2oBzcMVr8D2mkvUramgzhlukwSkjwH41dh%2FPCpce47LQQ1KgFsp8FYv%2Bj2VquJsFBIsIiQQlmadVsOa2VYay5D5Key0ApswNSnfcd1jFtGL5X54syLej5Bgc%3D"}],"group":"cf-nel","max_age":604800}
NEL: {"success_fraction":0,"report_to":"cf-nel","max_age":604800}
Server: cloudflare
CF-RAY: 89bf2e9b3b46a01a-AMS
Content-Encoding: gzip
alt-svc: h3=":443"; ma=86400

{
    "success": true,
    "orders": [
        {
            "_id": "6681796e9ed280001b45960b",
            "ingredients": [
                "61c0c5a71d1f82001bdaaa6f",
                "61c0c5a71d1f82001bdaaa6e",
                "61c0c5a71d1f82001bdaaa6c"
            ],
            "status": "done",
            "name": "Люминесцентный бессмертный краторный бургер",
            "createdAt": "2024-06-30T15:27:42.602Z",
            "updatedAt": "2024-06-30T15:27:43.214Z",
            "number": 89499
        }
    ],
    "total": 89499,
    "totalToday": 1030
}
HTTP/1.1 200 OK
Date: Sun, 30 Jun 2024 15:27:44 GMT
Content-Type: application/json; charset=utf-8
Transfer-Encoding: chunked
Connection: keep-alive
X-Powered-By: Express
Access-Control-Allow-Origin: *
ETag: W/"189-iF/8VeteMC0b2yEJxdkKmu4HLus"
CF-Cache-Status: DYNAMIC
Report-To: {"endpoints":[{"url":"https:\/\/a.nel.cloudflare.com\/report\/v4?s=ECqAtnk1v%2BV9DxlV1vYk%2BOQg2fGtVL%2F4jmr2oBzcMVr8D2mkvUramgzhlukwSkjwH41dh%2FPCpce47LQQ1KgFsp8FYv%2Bj2VquJsFBIsIiQQlmadVsOa2VYay5D5Key0ApswNSnfcd1jFtGL5X54syLej5Bgc%3D"}],"group":"cf-nel","max_age":604800}
NEL: {"success_fraction":0,"report_to":"cf-nel","max_age":604800}
Server: cloudflare
CF-RAY: 89bf2e9b3b46a01a-AMS
Content-Encoding: gzip
alt-svc: h3=":443"; ma=86400

{
    "success": true,
    "orders": [
        {
            "_id": "6681796e9ed280001b45960b",
            "ingredients": [
                "61c0c5a71d1f82001bdaaa6f",
                "61c0c5a71d1f82001bdaaa6e",
                "61c0c5a71d1f82001bdaaa6c"
            ],
            "status": "done",
            "name": "Люминесцентный бессмертный краторный бургер",
            "createdAt": "2024-06-30T15:27:42.602Z",
            "updatedAt": "2024-06-30T15:27:43.214Z",
            "number": 89499
        }
    ],
    "total": 89499,
    "totalToday": 1030
}
HTTP/1.1 200 OK
Date: Sun, 30 Jun 2024 15:27:44 GMT
Content-Type: application/json; charset=utf-8
Transfer-Encoding: chunked
Connection: keep-alive
X-Powered-By: Express
Access-Control-Allow-Origin: *
ETag: W/"189-iF/8VeteMC0b2yEJxdkKmu4HLus"
CF-Cache-Status: DYNAMIC
Report-To: {"endpoints":[{"url":"https:\/\/a.nel.cloudflare.com\/report\/v4?s=ECqAtnk1v%2BV9DxlV1vYk%2BOQg2fGtVL%2F4jmr2oBzcMVr8D2mkvUramgzhlukwSkjwH41dh%2FPCpce47LQQ1KgFsp8FYv%2Bj2VquJsFBIsIiQQlmadVsOa2VYay5D5Key0ApswNSnfcd1jFtGL5X54syLej5Bgc%3D"}],"group":"cf-nel","max_age":604800}
NEL: {"success_fraction":0,"report_to":"cf-nel","max_age":604800}
Server: cloudflare
CF-RAY: 89bf2e9b3b46a01a-AMS
Content-Encoding: gzip
alt-svc: h3=":443"; ma=86400

{
    "success": true,
    "orders": [
        {
            "_id": "6681796e9ed280001b45960b",
            "ingredients": [
                "61c0c5a71d1f82001bdaaa6f",
                "61c0c5a71d1f82001bdaaa6e",
                "61c0c5a71d1f82001bdaaa6c"
            ],
            "status": "done",
            "name": "Люминесцентный бессмертный краторный бургер",
            "createdAt": "2024-06-30T15:27:42.602Z",
            "updatedAt": "2024-06-30T15:27:43.214Z",
            "number": 89499
        }
    ],
    "total": 89499,
    "totalToday": 1030
}
HTTP/1.1 200 OK
Date: Sun, 30 Jun 2024 15:27:44 GMT
Content-Type: application/json; charset=utf-8
Transfer-Encoding: chunked
Connection: keep-alive
X-Powered-By: Express
Access-Control-Allow-Origin: *
ETag: W/"189-iF/8VeteMC0b2yEJxdkKmu4HLus"
CF-Cache-Status: DYNAMIC
Report-To: {"endpoints":[{"url":"https:\/\/a.nel.cloudflare.com\/report\/v4?s=ECqAtnk1v%2BV9DxlV1vYk%2BOQg2fGtVL%2F4jmr2oBzcMVr8D2mkvUramgzhlukwSkjwH41dh%2FPCpce47LQQ1KgFsp8FYv%2Bj2VquJsFBIsIiQQlmadVsOa2VYay5D5Key0ApswNSnfcd1jFtGL5X54syLej5Bgc%3D"}],"group":"cf-nel","max_age":604800}
NEL: {"success_fraction":0,"report_to":"cf-nel","max_age":604800}
Server: cloudflare
CF-RAY: 89bf2e9b3b46a01a-AMS
Content-Encoding: gzip
alt-svc: h3=":443"; ma=86400

{
    "success": true,
    "orders": [
        {
            "_id": "6681796e9ed280001b45960b",
            "ingredients": [
                "61c0c5a71d1f82001bdaaa6f",
                "61c0c5a71d1f82001bdaaa6e",
                "61c0c5a71d1f82001bdaaa6c"
            ],
            "status": "done",
            "name": "Люминесцентный бессмертный краторный бургер",
            "createdAt": "2024-06-30T15:27:42.602Z",
            "updatedAt": "2024-06-30T15:27:43.214Z",
            "number": 89499
        }
    ],
    "total": 89499,
    "totalToday": 1030
}
HTTP/1.1 200 OK
Date: Sun, 30 Jun 2024 15:27:44 GMT
Content-Type: application/json; charset=utf-8
Transfer-Encoding: chunked
Connection: keep-alive
X-Powered-By: Express
Access-Control-Allow-Origin: *
ETag: W/"189-iF/8VeteMC0b2yEJxdkKmu4HLus"
CF-Cache-Status: DYNAMIC
Report-To: {"endpoints":[{"url":"https:\/\/a.nel.cloudflare.com\/report\/v4?s=ECqAtnk1v%2BV9DxlV1vYk%2BOQg2fGtVL%2F4jmr2oBzcMVr8D2mkvUramgzhlukwSkjwH41dh%2FPCpce47LQQ1KgFsp8FYv%2Bj2VquJsFBIsIiQQlmadVsOa2VYay5D5Key0ApswNSnfcd1jFtGL5X54syLej5Bgc%3D"}],"group":"cf-nel","max_age":604800}
NEL: {"success_fraction":0,"report_to":"cf-nel","max_age":604800}
Server: cloudflare
CF-RAY: 89bf2e9b3b46a01a-AMS
Content-Encoding: gzip
alt-svc: h3=":443"; ma=86400

{
    "success": true,
    "orders": [
        {
            "_id": "6681796e9ed280001b45960b",
            "ingredients": [
                "61c0c5a71d1f82001bdaaa6f",
                "61c0c5a71d1f82001bdaaa6e",
                "61c0c5a71d1f82001bdaaa6c"
            ],
            "status": "done",
            "name": "Люминесцентный бессмертный краторный бургер",
            "createdAt": "2024-06-30T15:27:42.602Z",
            "updatedAt": "2024-06-30T15:27:43.214Z",
            "number": 89499
        }
    ],
    "total": 89499,
    "totalToday": 1030
}
HTTP/1.1 200 OK
Date: Sun, 30 Jun 2024 15:27:44 GMT
Content-Type: application/json; charset=utf-8
Transfer-Encoding: chunked
Connection: keep-alive
X-Powered-By: Express
Access-Control-Allow-Origin: *
ETag: W/"189-iF/8VeteMC0b2yEJxdkKmu4HLus"
CF-Cache-Status: DYNAMIC
Report-To: {"endpoints":[{"url":"https:\/\/a.nel.cloudflare.com\/report\/v4?s=ECqAtnk1v%2BV9DxlV1vYk%2BOQg2fGtVL%2F4jmr2oBzcMVr8D2mkvUramgzhlukwSkjwH41dh%2FPCpce47LQQ1KgFsp8FYv%2Bj2VquJsFBIsIiQQlmadVsOa2VYay5D5Key0ApswNSnfcd1jFtGL5X54syLej5Bgc%3D"}],"group":"cf-nel","max_age":604800}
NEL: {"success_fraction":0,"report_to":"cf-nel","max_age":604800}
Server: cloudflare
CF-RAY: 89bf2e9b3b46a01a-AMS
Content-Encoding: gzip
alt-svc: h3=":443"; ma=86400

{
    "success": true,
    "orders": [
        {
            "_id": "6681796e9ed280001b45960b",
            "ingredients": [
                "61c0c5a71d1f82001bdaaa6f",
                "61c0c5a71d1f82001bdaaa6e",
                "61c0c5a71d1f82001bdaaa6c"
            ],
            "status": "done",
            "name": "Люминесцентный бессмертный краторный бургер",
            "createdAt": "2024-06-30T15:27:42.602Z",
            "updatedAt": "2024-06-30T15:27:43.214Z",
            "number": 89499
        }
    ],
    "total": 89499,
    "totalToday": 1030
}
HTTP/1.1 200 OK
Date: Sun, 30 Jun 2024 15:27:44 GMT
Content-Type: application/json; charset=utf-8
Transfer-Encoding: chunked
Connection: keep-alive
X-Powered-By: Express
Access-Control-Allow-Origin: *
ETag: W/"189-iF/8VeteMC0b2yEJxdkKmu4HLus"
CF-Cache-Status: DYNAMIC
Report-To: {"endpoints":[{"url":"https:\/\/a.nel.cloudflare.com\/report\/v4?s=ECqAtnk1v%2BV9DxlV1vYk%2BOQg2fGtVL%2F4jmr2oBzcMVr8D2mkvUramgzhlukwSkjwH41dh%2FPCpce47LQQ1KgFsp8FYv%2Bj2VquJsFBIsIiQQlmadVsOa2VYay5D5Key0ApswNSnfcd1jFtGL5X54syLej5Bgc%3D"}],"group":"cf-nel","max_age":604800}
NEL: {"success_fraction":0,"report_to":"cf-nel","max_age":604800}
Server: cloudflare
CF-RAY: 89bf2e9b3b46a01a-AMS
Content-Encoding: gzip
alt-svc: h3=":443"; ma=86400

{
    "success": true,
    "orders": [
        {
            "_id": "6681796e9ed280001b45960b",
            "ingredients": [
                "61c0c5a71d1f82001bdaaa6f",
                "61c0c5a71d1f82001bdaaa6e",
                "61c0c5a71d1f82001bdaaa6c"
            ],
            "status": "done",
            "name": "Люминесцентный бессмертный краторный бургер",
            "createdAt": "2024-06-30T15:27:42.602Z",
            "updatedAt": "2024-06-30T15:27:43.214Z",
            "number": 89499
        }
    ],
    "total": 89499,
    "totalToday": 1030
}
HTTP/1.1 200 OK
Date: Sun, 30 Jun 2024 15:27:44 GMT
Content-Type: application/json; charset=utf-8
Transfer-Encoding: chunked
Connection: keep-alive
X-Powered-By: Express
Access-Control-Allow-Origin: *
ETag: W/"189-iF/8VeteMC0b2yEJxdkKmu4HLus"
CF-Cache-Status: DYNAMIC
Report-To: {"endpoints":[{"url":"https:\/\/a.nel.cloudflare.com\/report\/v4?s=ECqAtnk1v%2BV9DxlV1vYk%2BOQg2fGtVL%2F4jmr2oBzcMVr8D2mkvUramgzhlukwSkjwH41dh%2FPCpce47LQQ1KgFsp8FYv%2Bj2VquJsFBIsIiQQlmadVsOa2VYay5D5Key0ApswNSnfcd1jFtGL5X54syLej5Bgc%3D"}],"group":"cf-nel","max_age":604800}
NEL: {"success_fraction":0,"report_to":"cf-nel","max_age":604800}
Server: cloudflare
CF-RAY: 89bf2e9b3b46a01a-AMS
Content-Encoding: gzip
alt-svc: h3=":443"; ma=86400

{
    "success": true,
    "orders": [
        {
            "_id": "6681796e9ed280001b45960b",
            "ingredients": [
                "61c0c5a71d1f82001bdaaa6f",
                "61c0c5a71d1f82001bdaaa6e",
                "61c0c5a71d1f82001bdaaa6c"
            ],
            "status": "done",
            "name": "Люминесцентный бессмертный краторный бургер",
            "createdAt": "2024-06-30T15:27:42.602Z",
            "updatedAt": "2024-06-30T15:27:43.214Z",
            "number": 89499
        }
    ],
    "total": 89499,
    "totalToday": 1030
}
HTTP/1.1 200 OK
Date: Sun, 30 Jun 2024 15:27:44 GMT
Content-Type: application/json; charset=utf-8
Transfer-Encoding: chunked
Connection: keep-alive
X-Powered-By: Express
Access-Control-Allow-Origin: *
ETag: W/"189-iF/8VeteMC0b2yEJxdkKmu4HLus"
CF-Cache-Status: DYNAMIC
Report-To: {"endpoints":[{"url":"https:\/\/a.nel.cloudflare.com\/report\/v4?s=ECqAtnk1v%2BV9DxlV1vYk%2BOQg2fGtVL%2F4jmr2oBzcMVr8D2mkvUramgzhlukwSkjwH41dh%2FPCpce47LQQ1KgFsp8FYv%2Bj2VquJsFBIsIiQQlmadVsOa2VYay5D5Key0ApswNSnfcd1jFtGL5X54syLej5Bgc%3D"}],"group":"cf-nel","max_age":604800}
NEL: {"success_fraction":0,"report_to":"cf-nel","max_age":604800}
Server: cloudflare
CF-RAY: 89bf2e9b3b46a01a-AMS
Content-Encoding: gzip
alt-svc: h3=":443"; ma=86400

{
    "success": true,
    "orders": [
        {
            "_id": "6681796e9ed280001b45960b",
            "ingredients": [
                "61c0c5a71d1f82001bdaaa6f",
                "61c0c5a71d1f82001bdaaa6e",
                "61c0c5a71d1f82001bdaaa6c"
            ],
            "status": "done",
            "name": "Люминесцентный бессмертный краторный бургер",
            "createdAt": "2024-06-30T15:27:42.602Z",
            "updatedAt": "2024-06-30T15:27:43.214Z",
            "number": 89499
        }
    ],
    "total": 89499,
    "totalToday": 1030
}
Request method:	DELETE
Request URI:	https://stellarburgers.nomoreparties.site/api/auth/user
Proxy:			<none>
Request params:	<none>
Query params:	<none>
Form params:	<none>
Path params:	<none>
Headers:		authorization=Bearer eyJhbGciOiJIUzI1NiIsInR5cCI6IkpXVCJ9.eyJpZCI6IjY2ODE3OTZkOWVkMjgwMDAxYjQ1OTYwOCIsImlhdCI6MTcxOTc2MTI2MiwiZXhwIjoxNzE5NzYyNDYyfQ.CiJkEcUCjLUl13BhkE-9kNao77E7ChpQI8ZcwCgRfOQ
				Accept=*/*
				Content-Type=application/json
Cookies:		<none>
Multiparts:		<none>
Body:			<none>
Request method:	DELETE
Request URI:	https://stellarburgers.nomoreparties.site/api/auth/user
Proxy:			<none>
Request params:	<none>
Query params:	<none>
Form params:	<none>
Path params:	<none>
Headers:		authorization=Bearer eyJhbGciOiJIUzI1NiIsInR5cCI6IkpXVCJ9.eyJpZCI6IjY2ODE3OTZkOWVkMjgwMDAxYjQ1OTYwOCIsImlhdCI6MTcxOTc2MTI2MiwiZXhwIjoxNzE5NzYyNDYyfQ.CiJkEcUCjLUl13BhkE-9kNao77E7ChpQI8ZcwCgRfOQ
				Accept=*/*
				Content-Type=application/json
Cookies:		<none>
Multiparts:		<none>
Body:			<none>
Request method:	DELETE
Request URI:	https://stellarburgers.nomoreparties.site/api/auth/user
Proxy:			<none>
Request params:	<none>
Query params:	<none>
Form params:	<none>
Path params:	<none>
Headers:		authorization=Bearer eyJhbGciOiJIUzI1NiIsInR5cCI6IkpXVCJ9.eyJpZCI6IjY2ODE3OTZkOWVkMjgwMDAxYjQ1OTYwOCIsImlhdCI6MTcxOTc2MTI2MiwiZXhwIjoxNzE5NzYyNDYyfQ.CiJkEcUCjLUl13BhkE-9kNao77E7ChpQI8ZcwCgRfOQ
				Accept=*/*
				Content-Type=application/json
Cookies:		<none>
Multiparts:		<none>
Body:			<none>
Request method:	DELETE
Request URI:	https://stellarburgers.nomoreparties.site/api/auth/user
Proxy:			<none>
Request params:	<none>
Query params:	<none>
Form params:	<none>
Path params:	<none>
Headers:		authorization=Bearer eyJhbGciOiJIUzI1NiIsInR5cCI6IkpXVCJ9.eyJpZCI6IjY2ODE3OTZkOWVkMjgwMDAxYjQ1OTYwOCIsImlhdCI6MTcxOTc2MTI2MiwiZXhwIjoxNzE5NzYyNDYyfQ.CiJkEcUCjLUl13BhkE-9kNao77E7ChpQI8ZcwCgRfOQ
				Accept=*/*
				Content-Type=application/json
Cookies:		<none>
Multiparts:		<none>
Body:			<none>
Request method:	DELETE
Request URI:	https://stellarburgers.nomoreparties.site/api/auth/user
Proxy:			<none>
Request params:	<none>
Query params:	<none>
Form params:	<none>
Path params:	<none>
Headers:		authorization=Bearer eyJhbGciOiJIUzI1NiIsInR5cCI6IkpXVCJ9.eyJpZCI6IjY2ODE3OTZkOWVkMjgwMDAxYjQ1OTYwOCIsImlhdCI6MTcxOTc2MTI2MiwiZXhwIjoxNzE5NzYyNDYyfQ.CiJkEcUCjLUl13BhkE-9kNao77E7ChpQI8ZcwCgRfOQ
				Accept=*/*
				Content-Type=application/json
Cookies:		<none>
Multiparts:		<none>
Body:			<none>
Request method:	DELETE
Request URI:	https://stellarburgers.nomoreparties.site/api/auth/user
Proxy:			<none>
Request params:	<none>
Query params:	<none>
Form params:	<none>
Path params:	<none>
Headers:		authorization=Bearer eyJhbGciOiJIUzI1NiIsInR5cCI6IkpXVCJ9.eyJpZCI6IjY2ODE3OTZkOWVkMjgwMDAxYjQ1OTYwOCIsImlhdCI6MTcxOTc2MTI2MiwiZXhwIjoxNzE5NzYyNDYyfQ.CiJkEcUCjLUl13BhkE-9kNao77E7ChpQI8ZcwCgRfOQ
				Accept=*/*
				Content-Type=application/json
Cookies:		<none>
Multiparts:		<none>
Body:			<none>
Request method:	DELETE
Request URI:	https://stellarburgers.nomoreparties.site/api/auth/user
Proxy:			<none>
Request params:	<none>
Query params:	<none>
Form params:	<none>
Path params:	<none>
Headers:		authorization=Bearer eyJhbGciOiJIUzI1NiIsInR5cCI6IkpXVCJ9.eyJpZCI6IjY2ODE3OTZkOWVkMjgwMDAxYjQ1OTYwOCIsImlhdCI6MTcxOTc2MTI2MiwiZXhwIjoxNzE5NzYyNDYyfQ.CiJkEcUCjLUl13BhkE-9kNao77E7ChpQI8ZcwCgRfOQ
				Accept=*/*
				Content-Type=application/json
Cookies:		<none>
Multiparts:		<none>
Body:			<none>
Request method:	DELETE
Request URI:	https://stellarburgers.nomoreparties.site/api/auth/user
Proxy:			<none>
Request params:	<none>
Query params:	<none>
Form params:	<none>
Path params:	<none>
Headers:		authorization=Bearer eyJhbGciOiJIUzI1NiIsInR5cCI6IkpXVCJ9.eyJpZCI6IjY2ODE3OTZkOWVkMjgwMDAxYjQ1OTYwOCIsImlhdCI6MTcxOTc2MTI2MiwiZXhwIjoxNzE5NzYyNDYyfQ.CiJkEcUCjLUl13BhkE-9kNao77E7ChpQI8ZcwCgRfOQ
				Accept=*/*
				Content-Type=application/json
Cookies:		<none>
Multiparts:		<none>
Body:			<none>
Request method:	DELETE
Request URI:	https://stellarburgers.nomoreparties.site/api/auth/user
Proxy:			<none>
Request params:	<none>
Query params:	<none>
Form params:	<none>
Path params:	<none>
Headers:		authorization=Bearer eyJhbGciOiJIUzI1NiIsInR5cCI6IkpXVCJ9.eyJpZCI6IjY2ODE3OTZkOWVkMjgwMDAxYjQ1OTYwOCIsImlhdCI6MTcxOTc2MTI2MiwiZXhwIjoxNzE5NzYyNDYyfQ.CiJkEcUCjLUl13BhkE-9kNao77E7ChpQI8ZcwCgRfOQ
				Accept=*/*
				Content-Type=application/json
Cookies:		<none>
Multiparts:		<none>
Body:			<none>
Request method:	DELETE
Request URI:	https://stellarburgers.nomoreparties.site/api/auth/user
Proxy:			<none>
Request params:	<none>
Query params:	<none>
Form params:	<none>
Path params:	<none>
Headers:		authorization=Bearer eyJhbGciOiJIUzI1NiIsInR5cCI6IkpXVCJ9.eyJpZCI6IjY2ODE3OTZkOWVkMjgwMDAxYjQ1OTYwOCIsImlhdCI6MTcxOTc2MTI2MiwiZXhwIjoxNzE5NzYyNDYyfQ.CiJkEcUCjLUl13BhkE-9kNao77E7ChpQI8ZcwCgRfOQ
				Accept=*/*
				Content-Type=application/json
Cookies:		<none>
Multiparts:		<none>
Body:			<none>
Request method:	DELETE
Request URI:	https://stellarburgers.nomoreparties.site/api/auth/user
Proxy:			<none>
Request params:	<none>
Query params:	<none>
Form params:	<none>
Path params:	<none>
Headers:		authorization=Bearer eyJhbGciOiJIUzI1NiIsInR5cCI6IkpXVCJ9.eyJpZCI6IjY2ODE3OTZkOWVkMjgwMDAxYjQ1OTYwOCIsImlhdCI6MTcxOTc2MTI2MiwiZXhwIjoxNzE5NzYyNDYyfQ.CiJkEcUCjLUl13BhkE-9kNao77E7ChpQI8ZcwCgRfOQ
				Accept=*/*
				Content-Type=application/json
Cookies:		<none>
Multiparts:		<none>
Body:			<none>
Request method:	DELETE
Request URI:	https://stellarburgers.nomoreparties.site/api/auth/user
Proxy:			<none>
Request params:	<none>
Query params:	<none>
Form params:	<none>
Path params:	<none>
Headers:		authorization=Bearer eyJhbGciOiJIUzI1NiIsInR5cCI6IkpXVCJ9.eyJpZCI6IjY2ODE3OTZkOWVkMjgwMDAxYjQ1OTYwOCIsImlhdCI6MTcxOTc2MTI2MiwiZXhwIjoxNzE5NzYyNDYyfQ.CiJkEcUCjLUl13BhkE-9kNao77E7ChpQI8ZcwCgRfOQ
				Accept=*/*
				Content-Type=application/json
Cookies:		<none>
Multiparts:		<none>
Body:			<none>
Request method:	DELETE
Request URI:	https://stellarburgers.nomoreparties.site/api/auth/user
Proxy:			<none>
Request params:	<none>
Query params:	<none>
Form params:	<none>
Path params:	<none>
Headers:		authorization=Bearer eyJhbGciOiJIUzI1NiIsInR5cCI6IkpXVCJ9.eyJpZCI6IjY2ODE3OTZkOWVkMjgwMDAxYjQ1OTYwOCIsImlhdCI6MTcxOTc2MTI2MiwiZXhwIjoxNzE5NzYyNDYyfQ.CiJkEcUCjLUl13BhkE-9kNao77E7ChpQI8ZcwCgRfOQ
				Accept=*/*
				Content-Type=application/json
Cookies:		<none>
Multiparts:		<none>
Body:			<none>
Request method:	DELETE
Request URI:	https://stellarburgers.nomoreparties.site/api/auth/user
Proxy:			<none>
Request params:	<none>
Query params:	<none>
Form params:	<none>
Path params:	<none>
Headers:		authorization=Bearer eyJhbGciOiJIUzI1NiIsInR5cCI6IkpXVCJ9.eyJpZCI6IjY2ODE3OTZkOWVkMjgwMDAxYjQ1OTYwOCIsImlhdCI6MTcxOTc2MTI2MiwiZXhwIjoxNzE5NzYyNDYyfQ.CiJkEcUCjLUl13BhkE-9kNao77E7ChpQI8ZcwCgRfOQ
				Accept=*/*
				Content-Type=application/json
Cookies:		<none>
Multiparts:		<none>
Body:			<none>
Request method:	DELETE
Request URI:	https://stellarburgers.nomoreparties.site/api/auth/user
Proxy:			<none>
Request params:	<none>
Query params:	<none>
Form params:	<none>
Path params:	<none>
Headers:		authorization=Bearer eyJhbGciOiJIUzI1NiIsInR5cCI6IkpXVCJ9.eyJpZCI6IjY2ODE3OTZkOWVkMjgwMDAxYjQ1OTYwOCIsImlhdCI6MTcxOTc2MTI2MiwiZXhwIjoxNzE5NzYyNDYyfQ.CiJkEcUCjLUl13BhkE-9kNao77E7ChpQI8ZcwCgRfOQ
				Accept=*/*
				Content-Type=application/json
Cookies:		<none>
Multiparts:		<none>
Body:			<none>
Request method:	DELETE
Request URI:	https://stellarburgers.nomoreparties.site/api/auth/user
Proxy:			<none>
Request params:	<none>
Query params:	<none>
Form params:	<none>
Path params:	<none>
Headers:		authorization=Bearer eyJhbGciOiJIUzI1NiIsInR5cCI6IkpXVCJ9.eyJpZCI6IjY2ODE3OTZkOWVkMjgwMDAxYjQ1OTYwOCIsImlhdCI6MTcxOTc2MTI2MiwiZXhwIjoxNzE5NzYyNDYyfQ.CiJkEcUCjLUl13BhkE-9kNao77E7ChpQI8ZcwCgRfOQ
				Accept=*/*
				Content-Type=application/json
Cookies:		<none>
Multiparts:		<none>
Body:			<none>
Request method:	DELETE
Request URI:	https://stellarburgers.nomoreparties.site/api/auth/user
Proxy:			<none>
Request params:	<none>
Query params:	<none>
Form params:	<none>
Path params:	<none>
Headers:		authorization=Bearer eyJhbGciOiJIUzI1NiIsInR5cCI6IkpXVCJ9.eyJpZCI6IjY2ODE3OTZkOWVkMjgwMDAxYjQ1OTYwOCIsImlhdCI6MTcxOTc2MTI2MiwiZXhwIjoxNzE5NzYyNDYyfQ.CiJkEcUCjLUl13BhkE-9kNao77E7ChpQI8ZcwCgRfOQ
				Accept=*/*
				Content-Type=application/json
Cookies:		<none>
Multiparts:		<none>
Body:			<none>
Request method:	DELETE
Request URI:	https://stellarburgers.nomoreparties.site/api/auth/user
Proxy:			<none>
Request params:	<none>
Query params:	<none>
Form params:	<none>
Path params:	<none>
Headers:		authorization=Bearer eyJhbGciOiJIUzI1NiIsInR5cCI6IkpXVCJ9.eyJpZCI6IjY2ODE3OTZkOWVkMjgwMDAxYjQ1OTYwOCIsImlhdCI6MTcxOTc2MTI2MiwiZXhwIjoxNzE5NzYyNDYyfQ.CiJkEcUCjLUl13BhkE-9kNao77E7ChpQI8ZcwCgRfOQ
				Accept=*/*
				Content-Type=application/json
Cookies:		<none>
Multiparts:		<none>
Body:			<none>
Request method:	DELETE
Request URI:	https://stellarburgers.nomoreparties.site/api/auth/user
Proxy:			<none>
Request params:	<none>
Query params:	<none>
Form params:	<none>
Path params:	<none>
Headers:		authorization=Bearer eyJhbGciOiJIUzI1NiIsInR5cCI6IkpXVCJ9.eyJpZCI6IjY2ODE3OTZkOWVkMjgwMDAxYjQ1OTYwOCIsImlhdCI6MTcxOTc2MTI2MiwiZXhwIjoxNzE5NzYyNDYyfQ.CiJkEcUCjLUl13BhkE-9kNao77E7ChpQI8ZcwCgRfOQ
				Accept=*/*
				Content-Type=application/json
Cookies:		<none>
Multiparts:		<none>
Body:			<none>
Request method:	DELETE
Request URI:	https://stellarburgers.nomoreparties.site/api/auth/user
Proxy:			<none>
Request params:	<none>
Query params:	<none>
Form params:	<none>
Path params:	<none>
Headers:		authorization=Bearer eyJhbGciOiJIUzI1NiIsInR5cCI6IkpXVCJ9.eyJpZCI6IjY2ODE3OTZkOWVkMjgwMDAxYjQ1OTYwOCIsImlhdCI6MTcxOTc2MTI2MiwiZXhwIjoxNzE5NzYyNDYyfQ.CiJkEcUCjLUl13BhkE-9kNao77E7ChpQI8ZcwCgRfOQ
				Accept=*/*
				Content-Type=application/json
Cookies:		<none>
Multiparts:		<none>
Body:			<none>
Request method:	DELETE
Request URI:	https://stellarburgers.nomoreparties.site/api/auth/user
Proxy:			<none>
Request params:	<none>
Query params:	<none>
Form params:	<none>
Path params:	<none>
Headers:		authorization=Bearer eyJhbGciOiJIUzI1NiIsInR5cCI6IkpXVCJ9.eyJpZCI6IjY2ODE3OTZkOWVkMjgwMDAxYjQ1OTYwOCIsImlhdCI6MTcxOTc2MTI2MiwiZXhwIjoxNzE5NzYyNDYyfQ.CiJkEcUCjLUl13BhkE-9kNao77E7ChpQI8ZcwCgRfOQ
				Accept=*/*
				Content-Type=application/json
Cookies:		<none>
Multiparts:		<none>
Body:			<none>
Request method:	DELETE
Request URI:	https://stellarburgers.nomoreparties.site/api/auth/user
Proxy:			<none>
Request params:	<none>
Query params:	<none>
Form params:	<none>
Path params:	<none>
Headers:		authorization=Bearer eyJhbGciOiJIUzI1NiIsInR5cCI6IkpXVCJ9.eyJpZCI6IjY2ODE3OTZkOWVkMjgwMDAxYjQ1OTYwOCIsImlhdCI6MTcxOTc2MTI2MiwiZXhwIjoxNzE5NzYyNDYyfQ.CiJkEcUCjLUl13BhkE-9kNao77E7ChpQI8ZcwCgRfOQ
				Accept=*/*
				Content-Type=application/json
Cookies:		<none>
Multiparts:		<none>
Body:			<none>
HTTP/1.1 202 Accepted
Date: Sun, 30 Jun 2024 15:27:44 GMT
Content-Type: application/json; charset=utf-8
Content-Length: 54
Connection: keep-alive
X-Powered-By: Express
Access-Control-Allow-Origin: *
ETag: W/"36-hDmZnQ3Ou/ynnqAeC6TYmyseuzY"
CF-Cache-Status: DYNAMIC
Report-To: {"endpoints":[{"url":"https:\/\/a.nel.cloudflare.com\/report\/v4?s=ib0Z%2BUT%2BnJIE%2FlcK0xJmGz3aU1dMlfSAKzO8xPqK2BUgNxL5qRhN%2F1fuHWalHB8tFpbEQiTeJflUI1xEhlDgEbB7I2Ru7RlCukKI30WIUlG2mPToG2%2Bh%2B1vH251Ux5QdzAfuz3uOvk6dlbJY6uandh6e6eI%3D"}],"group":"cf-nel","max_age":604800}
NEL: {"success_fraction":0,"report_to":"cf-nel","max_age":604800}
Server: cloudflare
CF-RAY: 89bf2e9dcfb42d04-FRA
alt-svc: h3=":443"; ma=86400

{
    "success": true,
    "message": "User successfully removed"
}
HTTP/1.1 202 Accepted
Date: Sun, 30 Jun 2024 15:27:44 GMT
Content-Type: application/json; charset=utf-8
Content-Length: 54
Connection: keep-alive
X-Powered-By: Express
Access-Control-Allow-Origin: *
ETag: W/"36-hDmZnQ3Ou/ynnqAeC6TYmyseuzY"
CF-Cache-Status: DYNAMIC
Report-To: {"endpoints":[{"url":"https:\/\/a.nel.cloudflare.com\/report\/v4?s=ib0Z%2BUT%2BnJIE%2FlcK0xJmGz3aU1dMlfSAKzO8xPqK2BUgNxL5qRhN%2F1fuHWalHB8tFpbEQiTeJflUI1xEhlDgEbB7I2Ru7RlCukKI30WIUlG2mPToG2%2Bh%2B1vH251Ux5QdzAfuz3uOvk6dlbJY6uandh6e6eI%3D"}],"group":"cf-nel","max_age":604800}
NEL: {"success_fraction":0,"report_to":"cf-nel","max_age":604800}
Server: cloudflare
CF-RAY: 89bf2e9dcfb42d04-FRA
alt-svc: h3=":443"; ma=86400

{
    "success": true,
    "message": "User successfully removed"
}
HTTP/1.1 202 Accepted
Date: Sun, 30 Jun 2024 15:27:44 GMT
Content-Type: application/json; charset=utf-8
Content-Length: 54
Connection: keep-alive
X-Powered-By: Express
Access-Control-Allow-Origin: *
ETag: W/"36-hDmZnQ3Ou/ynnqAeC6TYmyseuzY"
CF-Cache-Status: DYNAMIC
Report-To: {"endpoints":[{"url":"https:\/\/a.nel.cloudflare.com\/report\/v4?s=ib0Z%2BUT%2BnJIE%2FlcK0xJmGz3aU1dMlfSAKzO8xPqK2BUgNxL5qRhN%2F1fuHWalHB8tFpbEQiTeJflUI1xEhlDgEbB7I2Ru7RlCukKI30WIUlG2mPToG2%2Bh%2B1vH251Ux5QdzAfuz3uOvk6dlbJY6uandh6e6eI%3D"}],"group":"cf-nel","max_age":604800}
NEL: {"success_fraction":0,"report_to":"cf-nel","max_age":604800}
Server: cloudflare
CF-RAY: 89bf2e9dcfb42d04-FRA
alt-svc: h3=":443"; ma=86400

{
    "success": true,
    "message": "User successfully removed"
}
HTTP/1.1 202 Accepted
Date: Sun, 30 Jun 2024 15:27:44 GMT
Content-Type: application/json; charset=utf-8
Content-Length: 54
Connection: keep-alive
X-Powered-By: Express
Access-Control-Allow-Origin: *
ETag: W/"36-hDmZnQ3Ou/ynnqAeC6TYmyseuzY"
CF-Cache-Status: DYNAMIC
Report-To: {"endpoints":[{"url":"https:\/\/a.nel.cloudflare.com\/report\/v4?s=ib0Z%2BUT%2BnJIE%2FlcK0xJmGz3aU1dMlfSAKzO8xPqK2BUgNxL5qRhN%2F1fuHWalHB8tFpbEQiTeJflUI1xEhlDgEbB7I2Ru7RlCukKI30WIUlG2mPToG2%2Bh%2B1vH251Ux5QdzAfuz3uOvk6dlbJY6uandh6e6eI%3D"}],"group":"cf-nel","max_age":604800}
NEL: {"success_fraction":0,"report_to":"cf-nel","max_age":604800}
Server: cloudflare
CF-RAY: 89bf2e9dcfb42d04-FRA
alt-svc: h3=":443"; ma=86400

{
    "success": true,
    "message": "User successfully removed"
}
HTTP/1.1 202 Accepted
Date: Sun, 30 Jun 2024 15:27:44 GMT
Content-Type: application/json; charset=utf-8
Content-Length: 54
Connection: keep-alive
X-Powered-By: Express
Access-Control-Allow-Origin: *
ETag: W/"36-hDmZnQ3Ou/ynnqAeC6TYmyseuzY"
CF-Cache-Status: DYNAMIC
Report-To: {"endpoints":[{"url":"https:\/\/a.nel.cloudflare.com\/report\/v4?s=ib0Z%2BUT%2BnJIE%2FlcK0xJmGz3aU1dMlfSAKzO8xPqK2BUgNxL5qRhN%2F1fuHWalHB8tFpbEQiTeJflUI1xEhlDgEbB7I2Ru7RlCukKI30WIUlG2mPToG2%2Bh%2B1vH251Ux5QdzAfuz3uOvk6dlbJY6uandh6e6eI%3D"}],"group":"cf-nel","max_age":604800}
NEL: {"success_fraction":0,"report_to":"cf-nel","max_age":604800}
Server: cloudflare
CF-RAY: 89bf2e9dcfb42d04-FRA
alt-svc: h3=":443"; ma=86400

{
    "success": true,
    "message": "User successfully removed"
}
HTTP/1.1 202 Accepted
Date: Sun, 30 Jun 2024 15:27:44 GMT
Content-Type: application/json; charset=utf-8
Content-Length: 54
Connection: keep-alive
X-Powered-By: Express
Access-Control-Allow-Origin: *
ETag: W/"36-hDmZnQ3Ou/ynnqAeC6TYmyseuzY"
CF-Cache-Status: DYNAMIC
Report-To: {"endpoints":[{"url":"https:\/\/a.nel.cloudflare.com\/report\/v4?s=ib0Z%2BUT%2BnJIE%2FlcK0xJmGz3aU1dMlfSAKzO8xPqK2BUgNxL5qRhN%2F1fuHWalHB8tFpbEQiTeJflUI1xEhlDgEbB7I2Ru7RlCukKI30WIUlG2mPToG2%2Bh%2B1vH251Ux5QdzAfuz3uOvk6dlbJY6uandh6e6eI%3D"}],"group":"cf-nel","max_age":604800}
NEL: {"success_fraction":0,"report_to":"cf-nel","max_age":604800}
Server: cloudflare
CF-RAY: 89bf2e9dcfb42d04-FRA
alt-svc: h3=":443"; ma=86400

{
    "success": true,
    "message": "User successfully removed"
}
HTTP/1.1 202 Accepted
Date: Sun, 30 Jun 2024 15:27:44 GMT
Content-Type: application/json; charset=utf-8
Content-Length: 54
Connection: keep-alive
X-Powered-By: Express
Access-Control-Allow-Origin: *
ETag: W/"36-hDmZnQ3Ou/ynnqAeC6TYmyseuzY"
CF-Cache-Status: DYNAMIC
Report-To: {"endpoints":[{"url":"https:\/\/a.nel.cloudflare.com\/report\/v4?s=ib0Z%2BUT%2BnJIE%2FlcK0xJmGz3aU1dMlfSAKzO8xPqK2BUgNxL5qRhN%2F1fuHWalHB8tFpbEQiTeJflUI1xEhlDgEbB7I2Ru7RlCukKI30WIUlG2mPToG2%2Bh%2B1vH251Ux5QdzAfuz3uOvk6dlbJY6uandh6e6eI%3D"}],"group":"cf-nel","max_age":604800}
NEL: {"success_fraction":0,"report_to":"cf-nel","max_age":604800}
Server: cloudflare
CF-RAY: 89bf2e9dcfb42d04-FRA
alt-svc: h3=":443"; ma=86400

{
    "success": true,
    "message": "User successfully removed"
}
HTTP/1.1 202 Accepted
Date: Sun, 30 Jun 2024 15:27:44 GMT
Content-Type: application/json; charset=utf-8
Content-Length: 54
Connection: keep-alive
X-Powered-By: Express
Access-Control-Allow-Origin: *
ETag: W/"36-hDmZnQ3Ou/ynnqAeC6TYmyseuzY"
CF-Cache-Status: DYNAMIC
Report-To: {"endpoints":[{"url":"https:\/\/a.nel.cloudflare.com\/report\/v4?s=ib0Z%2BUT%2BnJIE%2FlcK0xJmGz3aU1dMlfSAKzO8xPqK2BUgNxL5qRhN%2F1fuHWalHB8tFpbEQiTeJflUI1xEhlDgEbB7I2Ru7RlCukKI30WIUlG2mPToG2%2Bh%2B1vH251Ux5QdzAfuz3uOvk6dlbJY6uandh6e6eI%3D"}],"group":"cf-nel","max_age":604800}
NEL: {"success_fraction":0,"report_to":"cf-nel","max_age":604800}
Server: cloudflare
CF-RAY: 89bf2e9dcfb42d04-FRA
alt-svc: h3=":443"; ma=86400

{
    "success": true,
    "message": "User successfully removed"
}
HTTP/1.1 202 Accepted
Date: Sun, 30 Jun 2024 15:27:44 GMT
Content-Type: application/json; charset=utf-8
Content-Length: 54
Connection: keep-alive
X-Powered-By: Express
Access-Control-Allow-Origin: *
ETag: W/"36-hDmZnQ3Ou/ynnqAeC6TYmyseuzY"
CF-Cache-Status: DYNAMIC
Report-To: {"endpoints":[{"url":"https:\/\/a.nel.cloudflare.com\/report\/v4?s=ib0Z%2BUT%2BnJIE%2FlcK0xJmGz3aU1dMlfSAKzO8xPqK2BUgNxL5qRhN%2F1fuHWalHB8tFpbEQiTeJflUI1xEhlDgEbB7I2Ru7RlCukKI30WIUlG2mPToG2%2Bh%2B1vH251Ux5QdzAfuz3uOvk6dlbJY6uandh6e6eI%3D"}],"group":"cf-nel","max_age":604800}
NEL: {"success_fraction":0,"report_to":"cf-nel","max_age":604800}
Server: cloudflare
CF-RAY: 89bf2e9dcfb42d04-FRA
alt-svc: h3=":443"; ma=86400

{
    "success": true,
    "message": "User successfully removed"
}
HTTP/1.1 202 Accepted
Date: Sun, 30 Jun 2024 15:27:44 GMT
Content-Type: application/json; charset=utf-8
Content-Length: 54
Connection: keep-alive
X-Powered-By: Express
Access-Control-Allow-Origin: *
ETag: W/"36-hDmZnQ3Ou/ynnqAeC6TYmyseuzY"
CF-Cache-Status: DYNAMIC
Report-To: {"endpoints":[{"url":"https:\/\/a.nel.cloudflare.com\/report\/v4?s=ib0Z%2BUT%2BnJIE%2FlcK0xJmGz3aU1dMlfSAKzO8xPqK2BUgNxL5qRhN%2F1fuHWalHB8tFpbEQiTeJflUI1xEhlDgEbB7I2Ru7RlCukKI30WIUlG2mPToG2%2Bh%2B1vH251Ux5QdzAfuz3uOvk6dlbJY6uandh6e6eI%3D"}],"group":"cf-nel","max_age":604800}
NEL: {"success_fraction":0,"report_to":"cf-nel","max_age":604800}
Server: cloudflare
CF-RAY: 89bf2e9dcfb42d04-FRA
alt-svc: h3=":443"; ma=86400

{
    "success": true,
    "message": "User successfully removed"
}
HTTP/1.1 202 Accepted
Date: Sun, 30 Jun 2024 15:27:44 GMT
Content-Type: application/json; charset=utf-8
Content-Length: 54
Connection: keep-alive
X-Powered-By: Express
Access-Control-Allow-Origin: *
ETag: W/"36-hDmZnQ3Ou/ynnqAeC6TYmyseuzY"
CF-Cache-Status: DYNAMIC
Report-To: {"endpoints":[{"url":"https:\/\/a.nel.cloudflare.com\/report\/v4?s=ib0Z%2BUT%2BnJIE%2FlcK0xJmGz3aU1dMlfSAKzO8xPqK2BUgNxL5qRhN%2F1fuHWalHB8tFpbEQiTeJflUI1xEhlDgEbB7I2Ru7RlCukKI30WIUlG2mPToG2%2Bh%2B1vH251Ux5QdzAfuz3uOvk6dlbJY6uandh6e6eI%3D"}],"group":"cf-nel","max_age":604800}
NEL: {"success_fraction":0,"report_to":"cf-nel","max_age":604800}
Server: cloudflare
CF-RAY: 89bf2e9dcfb42d04-FRA
alt-svc: h3=":443"; ma=86400

{
    "success": true,
    "message": "User successfully removed"
}
HTTP/1.1 202 Accepted
Date: Sun, 30 Jun 2024 15:27:44 GMT
Content-Type: application/json; charset=utf-8
Content-Length: 54
Connection: keep-alive
X-Powered-By: Express
Access-Control-Allow-Origin: *
ETag: W/"36-hDmZnQ3Ou/ynnqAeC6TYmyseuzY"
CF-Cache-Status: DYNAMIC
Report-To: {"endpoints":[{"url":"https:\/\/a.nel.cloudflare.com\/report\/v4?s=ib0Z%2BUT%2BnJIE%2FlcK0xJmGz3aU1dMlfSAKzO8xPqK2BUgNxL5qRhN%2F1fuHWalHB8tFpbEQiTeJflUI1xEhlDgEbB7I2Ru7RlCukKI30WIUlG2mPToG2%2Bh%2B1vH251Ux5QdzAfuz3uOvk6dlbJY6uandh6e6eI%3D"}],"group":"cf-nel","max_age":604800}
NEL: {"success_fraction":0,"report_to":"cf-nel","max_age":604800}
Server: cloudflare
CF-RAY: 89bf2e9dcfb42d04-FRA
alt-svc: h3=":443"; ma=86400

{
    "success": true,
    "message": "User successfully removed"
}
HTTP/1.1 202 Accepted
Date: Sun, 30 Jun 2024 15:27:44 GMT
Content-Type: application/json; charset=utf-8
Content-Length: 54
Connection: keep-alive
X-Powered-By: Express
Access-Control-Allow-Origin: *
ETag: W/"36-hDmZnQ3Ou/ynnqAeC6TYmyseuzY"
CF-Cache-Status: DYNAMIC
Report-To: {"endpoints":[{"url":"https:\/\/a.nel.cloudflare.com\/report\/v4?s=ib0Z%2BUT%2BnJIE%2FlcK0xJmGz3aU1dMlfSAKzO8xPqK2BUgNxL5qRhN%2F1fuHWalHB8tFpbEQiTeJflUI1xEhlDgEbB7I2Ru7RlCukKI30WIUlG2mPToG2%2Bh%2B1vH251Ux5QdzAfuz3uOvk6dlbJY6uandh6e6eI%3D"}],"group":"cf-nel","max_age":604800}
NEL: {"success_fraction":0,"report_to":"cf-nel","max_age":604800}
Server: cloudflare
CF-RAY: 89bf2e9dcfb42d04-FRA
alt-svc: h3=":443"; ma=86400

{
    "success": true,
    "message": "User successfully removed"
}
HTTP/1.1 202 Accepted
Date: Sun, 30 Jun 2024 15:27:44 GMT
Content-Type: application/json; charset=utf-8
Content-Length: 54
Connection: keep-alive
X-Powered-By: Express
Access-Control-Allow-Origin: *
ETag: W/"36-hDmZnQ3Ou/ynnqAeC6TYmyseuzY"
CF-Cache-Status: DYNAMIC
Report-To: {"endpoints":[{"url":"https:\/\/a.nel.cloudflare.com\/report\/v4?s=ib0Z%2BUT%2BnJIE%2FlcK0xJmGz3aU1dMlfSAKzO8xPqK2BUgNxL5qRhN%2F1fuHWalHB8tFpbEQiTeJflUI1xEhlDgEbB7I2Ru7RlCukKI30WIUlG2mPToG2%2Bh%2B1vH251Ux5QdzAfuz3uOvk6dlbJY6uandh6e6eI%3D"}],"group":"cf-nel","max_age":604800}
NEL: {"success_fraction":0,"report_to":"cf-nel","max_age":604800}
Server: cloudflare
CF-RAY: 89bf2e9dcfb42d04-FRA
alt-svc: h3=":443"; ma=86400

{
    "success": true,
    "message": "User successfully removed"
}
HTTP/1.1 202 Accepted
Date: Sun, 30 Jun 2024 15:27:44 GMT
Content-Type: application/json; charset=utf-8
Content-Length: 54
Connection: keep-alive
X-Powered-By: Express
Access-Control-Allow-Origin: *
ETag: W/"36-hDmZnQ3Ou/ynnqAeC6TYmyseuzY"
CF-Cache-Status: DYNAMIC
Report-To: {"endpoints":[{"url":"https:\/\/a.nel.cloudflare.com\/report\/v4?s=ib0Z%2BUT%2BnJIE%2FlcK0xJmGz3aU1dMlfSAKzO8xPqK2BUgNxL5qRhN%2F1fuHWalHB8tFpbEQiTeJflUI1xEhlDgEbB7I2Ru7RlCukKI30WIUlG2mPToG2%2Bh%2B1vH251Ux5QdzAfuz3uOvk6dlbJY6uandh6e6eI%3D"}],"group":"cf-nel","max_age":604800}
NEL: {"success_fraction":0,"report_to":"cf-nel","max_age":604800}
Server: cloudflare
CF-RAY: 89bf2e9dcfb42d04-FRA
alt-svc: h3=":443"; ma=86400

{
    "success": true,
    "message": "User successfully removed"
}
HTTP/1.1 202 Accepted
Date: Sun, 30 Jun 2024 15:27:44 GMT
Content-Type: application/json; charset=utf-8
Content-Length: 54
Connection: keep-alive
X-Powered-By: Express
Access-Control-Allow-Origin: *
ETag: W/"36-hDmZnQ3Ou/ynnqAeC6TYmyseuzY"
CF-Cache-Status: DYNAMIC
Report-To: {"endpoints":[{"url":"https:\/\/a.nel.cloudflare.com\/report\/v4?s=ib0Z%2BUT%2BnJIE%2FlcK0xJmGz3aU1dMlfSAKzO8xPqK2BUgNxL5qRhN%2F1fuHWalHB8tFpbEQiTeJflUI1xEhlDgEbB7I2Ru7RlCukKI30WIUlG2mPToG2%2Bh%2B1vH251Ux5QdzAfuz3uOvk6dlbJY6uandh6e6eI%3D"}],"group":"cf-nel","max_age":604800}
NEL: {"success_fraction":0,"report_to":"cf-nel","max_age":604800}
Server: cloudflare
CF-RAY: 89bf2e9dcfb42d04-FRA
alt-svc: h3=":443"; ma=86400

{
    "success": true,
    "message": "User successfully removed"
}
HTTP/1.1 202 Accepted
Date: Sun, 30 Jun 2024 15:27:44 GMT
Content-Type: application/json; charset=utf-8
Content-Length: 54
Connection: keep-alive
X-Powered-By: Express
Access-Control-Allow-Origin: *
ETag: W/"36-hDmZnQ3Ou/ynnqAeC6TYmyseuzY"
CF-Cache-Status: DYNAMIC
Report-To: {"endpoints":[{"url":"https:\/\/a.nel.cloudflare.com\/report\/v4?s=ib0Z%2BUT%2BnJIE%2FlcK0xJmGz3aU1dMlfSAKzO8xPqK2BUgNxL5qRhN%2F1fuHWalHB8tFpbEQiTeJflUI1xEhlDgEbB7I2Ru7RlCukKI30WIUlG2mPToG2%2Bh%2B1vH251Ux5QdzAfuz3uOvk6dlbJY6uandh6e6eI%3D"}],"group":"cf-nel","max_age":604800}
NEL: {"success_fraction":0,"report_to":"cf-nel","max_age":604800}
Server: cloudflare
CF-RAY: 89bf2e9dcfb42d04-FRA
alt-svc: h3=":443"; ma=86400

{
    "success": true,
    "message": "User successfully removed"
}
HTTP/1.1 202 Accepted
Date: Sun, 30 Jun 2024 15:27:44 GMT
Content-Type: application/json; charset=utf-8
Content-Length: 54
Connection: keep-alive
X-Powered-By: Express
Access-Control-Allow-Origin: *
ETag: W/"36-hDmZnQ3Ou/ynnqAeC6TYmyseuzY"
CF-Cache-Status: DYNAMIC
Report-To: {"endpoints":[{"url":"https:\/\/a.nel.cloudflare.com\/report\/v4?s=ib0Z%2BUT%2BnJIE%2FlcK0xJmGz3aU1dMlfSAKzO8xPqK2BUgNxL5qRhN%2F1fuHWalHB8tFpbEQiTeJflUI1xEhlDgEbB7I2Ru7RlCukKI30WIUlG2mPToG2%2Bh%2B1vH251Ux5QdzAfuz3uOvk6dlbJY6uandh6e6eI%3D"}],"group":"cf-nel","max_age":604800}
NEL: {"success_fraction":0,"report_to":"cf-nel","max_age":604800}
Server: cloudflare
CF-RAY: 89bf2e9dcfb42d04-FRA
alt-svc: h3=":443"; ma=86400

{
    "success": true,
    "message": "User successfully removed"
}
HTTP/1.1 202 Accepted
Date: Sun, 30 Jun 2024 15:27:44 GMT
Content-Type: application/json; charset=utf-8
Content-Length: 54
Connection: keep-alive
X-Powered-By: Express
Access-Control-Allow-Origin: *
ETag: W/"36-hDmZnQ3Ou/ynnqAeC6TYmyseuzY"
CF-Cache-Status: DYNAMIC
Report-To: {"endpoints":[{"url":"https:\/\/a.nel.cloudflare.com\/report\/v4?s=ib0Z%2BUT%2BnJIE%2FlcK0xJmGz3aU1dMlfSAKzO8xPqK2BUgNxL5qRhN%2F1fuHWalHB8tFpbEQiTeJflUI1xEhlDgEbB7I2Ru7RlCukKI30WIUlG2mPToG2%2Bh%2B1vH251Ux5QdzAfuz3uOvk6dlbJY6uandh6e6eI%3D"}],"group":"cf-nel","max_age":604800}
NEL: {"success_fraction":0,"report_to":"cf-nel","max_age":604800}
Server: cloudflare
CF-RAY: 89bf2e9dcfb42d04-FRA
alt-svc: h3=":443"; ma=86400

{
    "success": true,
    "message": "User successfully removed"
}
HTTP/1.1 202 Accepted
Date: Sun, 30 Jun 2024 15:27:44 GMT
Content-Type: application/json; charset=utf-8
Content-Length: 54
Connection: keep-alive
X-Powered-By: Express
Access-Control-Allow-Origin: *
ETag: W/"36-hDmZnQ3Ou/ynnqAeC6TYmyseuzY"
CF-Cache-Status: DYNAMIC
Report-To: {"endpoints":[{"url":"https:\/\/a.nel.cloudflare.com\/report\/v4?s=ib0Z%2BUT%2BnJIE%2FlcK0xJmGz3aU1dMlfSAKzO8xPqK2BUgNxL5qRhN%2F1fuHWalHB8tFpbEQiTeJflUI1xEhlDgEbB7I2Ru7RlCukKI30WIUlG2mPToG2%2Bh%2B1vH251Ux5QdzAfuz3uOvk6dlbJY6uandh6e6eI%3D"}],"group":"cf-nel","max_age":604800}
NEL: {"success_fraction":0,"report_to":"cf-nel","max_age":604800}
Server: cloudflare
CF-RAY: 89bf2e9dcfb42d04-FRA
alt-svc: h3=":443"; ma=86400

{
    "success": true,
    "message": "User successfully removed"
}
HTTP/1.1 202 Accepted
Date: Sun, 30 Jun 2024 15:27:44 GMT
Content-Type: application/json; charset=utf-8
Content-Length: 54
Connection: keep-alive
X-Powered-By: Express
Access-Control-Allow-Origin: *
ETag: W/"36-hDmZnQ3Ou/ynnqAeC6TYmyseuzY"
CF-Cache-Status: DYNAMIC
Report-To: {"endpoints":[{"url":"https:\/\/a.nel.cloudflare.com\/report\/v4?s=ib0Z%2BUT%2BnJIE%2FlcK0xJmGz3aU1dMlfSAKzO8xPqK2BUgNxL5qRhN%2F1fuHWalHB8tFpbEQiTeJflUI1xEhlDgEbB7I2Ru7RlCukKI30WIUlG2mPToG2%2Bh%2B1vH251Ux5QdzAfuz3uOvk6dlbJY6uandh6e6eI%3D"}],"group":"cf-nel","max_age":604800}
NEL: {"success_fraction":0,"report_to":"cf-nel","max_age":604800}
Server: cloudflare
CF-RAY: 89bf2e9dcfb42d04-FRA
alt-svc: h3=":443"; ma=86400

{
    "success": true,
    "message": "User successfully removed"
}
HTTP/1.1 202 Accepted
Date: Sun, 30 Jun 2024 15:27:44 GMT
Content-Type: application/json; charset=utf-8
Content-Length: 54
Connection: keep-alive
X-Powered-By: Express
Access-Control-Allow-Origin: *
ETag: W/"36-hDmZnQ3Ou/ynnqAeC6TYmyseuzY"
CF-Cache-Status: DYNAMIC
Report-To: {"endpoints":[{"url":"https:\/\/a.nel.cloudflare.com\/report\/v4?s=ib0Z%2BUT%2BnJIE%2FlcK0xJmGz3aU1dMlfSAKzO8xPqK2BUgNxL5qRhN%2F1fuHWalHB8tFpbEQiTeJflUI1xEhlDgEbB7I2Ru7RlCukKI30WIUlG2mPToG2%2Bh%2B1vH251Ux5QdzAfuz3uOvk6dlbJY6uandh6e6eI%3D"}],"group":"cf-nel","max_age":604800}
NEL: {"success_fraction":0,"report_to":"cf-nel","max_age":604800}
Server: cloudflare
CF-RAY: 89bf2e9dcfb42d04-FRA
alt-svc: h3=":443"; ma=86400

{
    "success": true,
    "message": "User successfully removed"
}
]]></system-out>
  </testcase>
</testsuite>