<?xml version="1.0" encoding="UTF-8"?>
<testsuite xmlns:xsi="http://www.w3.org/2001/XMLSchema-instance" xsi:noNamespaceSchemaLocation="https://maven.apache.org/surefire/maven-surefire-plugin/xsd/surefire-test-report-3.0.xsd" version="3.0" name="CreateUserTest" time="3.372" tests="5" errors="0" skipped="0" failures="0">
  <properties>
    <property name="sun.desktop" value="windows"/>
    <property name="awt.toolkit" value="sun.awt.windows.WToolkit"/>
    <property name="java.specification.version" value="11"/>
    <property name="sun.cpu.isalist" value="amd64"/>
    <property name="sun.jnu.encoding" value="Cp1251"/>
    <property name="java.class.path" value="D:\projects\Diplom\Diplom_2\target\test-classes;D:\projects\Diplom\Diplom_2\target\classes;C:\Users\User\.m2\repository\junit\junit\4.13.2\junit-4.13.2.jar;C:\Users\User\.m2\repository\org\hamcrest\hamcrest-core\1.3\hamcrest-core-1.3.jar;C:\Users\User\.m2\repository\io\rest-assured\rest-assured\5.4.0\rest-assured-5.4.0.jar;C:\Users\User\.m2\repository\org\apache\groovy\groovy\4.0.16\groovy-4.0.16.jar;C:\Users\User\.m2\repository\org\apache\groovy\groovy-xml\4.0.16\groovy-xml-4.0.16.jar;C:\Users\User\.m2\repository\org\apache\httpcomponents\httpclient\4.5.13\httpclient-4.5.13.jar;C:\Users\User\.m2\repository\org\apache\httpcomponents\httpcore\4.4.13\httpcore-4.4.13.jar;C:\Users\User\.m2\repository\commons-logging\commons-logging\1.2\commons-logging-1.2.jar;C:\Users\User\.m2\repository\commons-codec\commons-codec\1.11\commons-codec-1.11.jar;C:\Users\User\.m2\repository\org\apache\httpcomponents\httpmime\4.5.13\httpmime-4.5.13.jar;C:\Users\User\.m2\repository\org\hamcrest\hamcrest\2.2\hamcrest-2.2.jar;C:\Users\User\.m2\repository\org\ccil\cowan\tagsoup\tagsoup\1.2.1\tagsoup-1.2.1.jar;C:\Users\User\.m2\repository\io\rest-assured\json-path\5.4.0\json-path-5.4.0.jar;C:\Users\User\.m2\repository\org\apache\groovy\groovy-json\4.0.16\groovy-json-4.0.16.jar;C:\Users\User\.m2\repository\io\rest-assured\rest-assured-common\5.4.0\rest-assured-common-5.4.0.jar;C:\Users\User\.m2\repository\io\rest-assured\xml-path\5.4.0\xml-path-5.4.0.jar;C:\Users\User\.m2\repository\org\apache\commons\commons-lang3\3.11\commons-lang3-3.11.jar;C:\Users\User\.m2\repository\io\qameta\allure\allure-junit4\2.15.0\allure-junit4-2.15.0.jar;C:\Users\User\.m2\repository\io\qameta\allure\allure-java-commons\2.15.0\allure-java-commons-2.15.0.jar;C:\Users\User\.m2\repository\org\slf4j\slf4j-api\1.7.30\slf4j-api-1.7.30.jar;C:\Users\User\.m2\repository\io\qameta\allure\allure-model\2.15.0\allure-model-2.15.0.jar;C:\Users\User\.m2\repository\io\qameta\allure\allure-rest-assured\2.15.0\allure-rest-assured-2.15.0.jar;C:\Users\User\.m2\repository\io\qameta\allure\allure-attachments\2.15.0\allure-attachments-2.15.0.jar;C:\Users\User\.m2\repository\org\freemarker\freemarker\2.3.31\freemarker-2.3.31.jar;C:\Users\User\.m2\repository\org\projectlombok\lombok\1.18.32\lombok-1.18.32.jar;C:\Users\User\.m2\repository\com\google\code\gson\gson\2.11.0\gson-2.11.0.jar;C:\Users\User\.m2\repository\com\google\errorprone\error_prone_annotations\2.27.0\error_prone_annotations-2.27.0.jar;"/>
    <property name="java.vm.vendor" value="Amazon.com Inc."/>
    <property name="sun.arch.data.model" value="64"/>
    <property name="user.variant" value=""/>
    <property name="java.vendor.url" value="https://aws.amazon.com/corretto/"/>
    <property name="user.timezone" value="Europe/Moscow"/>
    <property name="java.vm.specification.version" value="11"/>
    <property name="os.name" value="Windows 10"/>
    <property name="sun.java.launcher" value="SUN_STANDARD"/>
    <property name="user.country" value="RU"/>
    <property name="sun.boot.library.path" value="C:\Program Files\Amazon Corretto\jdk11.0.22_7\bin"/>
    <property name="sun.java.command" value="C:\Users\User\AppData\Local\Temp\surefire6552429497858181900\surefirebooter-20240630182716301_3.jar C:\Users\User\AppData\Local\Temp\surefire6552429497858181900 2024-06-30T18-27-15_670-jvmRun1 surefire-20240630182716301_1tmp surefire_0-20240630182716301_2tmp"/>
    <property name="jdk.debug" value="release"/>
    <property name="surefire.test.class.path" value="D:\projects\Diplom\Diplom_2\target\test-classes;D:\projects\Diplom\Diplom_2\target\classes;C:\Users\User\.m2\repository\junit\junit\4.13.2\junit-4.13.2.jar;C:\Users\User\.m2\repository\org\hamcrest\hamcrest-core\1.3\hamcrest-core-1.3.jar;C:\Users\User\.m2\repository\io\rest-assured\rest-assured\5.4.0\rest-assured-5.4.0.jar;C:\Users\User\.m2\repository\org\apache\groovy\groovy\4.0.16\groovy-4.0.16.jar;C:\Users\User\.m2\repository\org\apache\groovy\groovy-xml\4.0.16\groovy-xml-4.0.16.jar;C:\Users\User\.m2\repository\org\apache\httpcomponents\httpclient\4.5.13\httpclient-4.5.13.jar;C:\Users\User\.m2\repository\org\apache\httpcomponents\httpcore\4.4.13\httpcore-4.4.13.jar;C:\Users\User\.m2\repository\commons-logging\commons-logging\1.2\commons-logging-1.2.jar;C:\Users\User\.m2\repository\commons-codec\commons-codec\1.11\commons-codec-1.11.jar;C:\Users\User\.m2\repository\org\apache\httpcomponents\httpmime\4.5.13\httpmime-4.5.13.jar;C:\Users\User\.m2\repository\org\hamcrest\hamcrest\2.2\hamcrest-2.2.jar;C:\Users\User\.m2\repository\org\ccil\cowan\tagsoup\tagsoup\1.2.1\tagsoup-1.2.1.jar;C:\Users\User\.m2\repository\io\rest-assured\json-path\5.4.0\json-path-5.4.0.jar;C:\Users\User\.m2\repository\org\apache\groovy\groovy-json\4.0.16\groovy-json-4.0.16.jar;C:\Users\User\.m2\repository\io\rest-assured\rest-assured-common\5.4.0\rest-assured-common-5.4.0.jar;C:\Users\User\.m2\repository\io\rest-assured\xml-path\5.4.0\xml-path-5.4.0.jar;C:\Users\User\.m2\repository\org\apache\commons\commons-lang3\3.11\commons-lang3-3.11.jar;C:\Users\User\.m2\repository\io\qameta\allure\allure-junit4\2.15.0\allure-junit4-2.15.0.jar;C:\Users\User\.m2\repository\io\qameta\allure\allure-java-commons\2.15.0\allure-java-commons-2.15.0.jar;C:\Users\User\.m2\repository\org\slf4j\slf4j-api\1.7.30\slf4j-api-1.7.30.jar;C:\Users\User\.m2\repository\io\qameta\allure\allure-model\2.15.0\allure-model-2.15.0.jar;C:\Users\User\.m2\repository\io\qameta\allure\allure-rest-assured\2.15.0\allure-rest-assured-2.15.0.jar;C:\Users\User\.m2\repository\io\qameta\allure\allure-attachments\2.15.0\allure-attachments-2.15.0.jar;C:\Users\User\.m2\repository\org\freemarker\freemarker\2.3.31\freemarker-2.3.31.jar;C:\Users\User\.m2\repository\org\projectlombok\lombok\1.18.32\lombok-1.18.32.jar;C:\Users\User\.m2\repository\com\google\code\gson\gson\2.11.0\gson-2.11.0.jar;C:\Users\User\.m2\repository\com\google\errorprone\error_prone_annotations\2.27.0\error_prone_annotations-2.27.0.jar;"/>
    <property name="sun.cpu.endian" value="little"/>
    <property name="allure.results.directory" value="D:\projects\Diplom\Diplom_2\target/allure-results"/>
    <property name="user.home" value="C:\Users\User"/>
    <property name="user.language" value="ru"/>
    <property name="java.specification.vendor" value="Oracle Corporation"/>
    <property name="java.version.date" value="2024-01-16"/>
    <property name="java.home" value="C:\Program Files\Amazon Corretto\jdk11.0.22_7"/>
    <property name="file.separator" value="\"/>
    <property name="basedir" value="D:\projects\Diplom\Diplom_2"/>
    <property name="java.vm.compressedOopsMode" value="32-bit"/>
    <property name="line.separator" value="&#10;"/>
    <property name="java.specification.name" value="Java Platform API Specification"/>
    <property name="java.vm.specification.vendor" value="Oracle Corporation"/>
    <property name="java.awt.graphicsenv" value="sun.awt.Win32GraphicsEnvironment"/>
    <property name="surefire.real.class.path" value="C:\Users\User\AppData\Local\Temp\surefire6552429497858181900\surefirebooter-20240630182716301_3.jar"/>
    <property name="user.script" value=""/>
    <property name="sun.management.compiler" value="HotSpot 64-Bit Tiered Compilers"/>
    <property name="java.runtime.version" value="11.0.22+7-LTS"/>
    <property name="user.name" value="User"/>
    <property name="path.separator" value=";"/>
    <property name="os.version" value="10.0"/>
    <property name="java.runtime.name" value="OpenJDK Runtime Environment"/>
    <property name="file.encoding" value="Cp1251"/>
    <property name="java.vm.name" value="OpenJDK 64-Bit Server VM"/>
    <property name="java.vendor.version" value="Corretto-11.0.22.7.1"/>
    <property name="localRepository" value="C:\Users\User\.m2\repository"/>
    <property name="java.vendor.url.bug" value="https://github.com/corretto/corretto-11/issues/"/>
    <property name="java.io.tmpdir" value="C:\Users\User\AppData\Local\Temp\"/>
    <property name="idea.version" value="2023.3.4"/>
    <property name="java.version" value="11.0.22"/>
    <property name="user.dir" value="D:\projects\Diplom\Diplom_2"/>
    <property name="os.arch" value="amd64"/>
    <property name="java.vm.specification.name" value="Java Virtual Machine Specification"/>
    <property name="java.awt.printerjob" value="sun.awt.windows.WPrinterJob"/>
    <property name="sun.os.patch.level" value=""/>
    <property name="java.library.path" value="C:\Program Files\Amazon Corretto\jdk11.0.22_7\bin;C:\Windows\Sun\Java\bin;C:\Windows\system32;C:\Windows;C:\Program Files\Amazon Corretto\jdk11.0.22_7\bin;C:\Program Files\Common Files\Oracle\Java\javapath;C:\ProgramData\Oracle\Java\javapath;C:\Windows\system32;C:\Windows;C:\Windows\System32\Wbem;C:\Windows\System32\WindowsPowerShell\v1.0\;C:\Windows\System32\OpenSSH\;C:\Program Files (x86)\Intel\Intel(R) Management Engine Components\DAL;C:\Program Files\Intel\Intel(R) Management Engine Components\DAL;C:\Program Files\TortoiseGit\bin;C:\Program Files\apache-maven-3.9.6\bin;C:\Program Files\Git\cmd;C:\Program Files\Git\mingw64\bin;C:\Program Files\Git\usr\bin;C:\WebDriver\bin;C:\allure-2.29.0\bin;C:\Users\User\AppData\Local\Microsoft\WindowsApps;C:\Users\User\AppData\Local\Programs\Fiddler;C:\Users\User\AppData\Local\GitHubDesktop\bin;C:\Program Files\Docker Toolbox;."/>
    <property name="java.vm.info" value="mixed mode"/>
    <property name="java.vendor" value="Amazon.com Inc."/>
    <property name="java.vm.version" value="11.0.22+7-LTS"/>
    <property name="java.specification.maintenance.version" value="2"/>
    <property name="sun.io.unicode.encoding" value="UnicodeLittle"/>
    <property name="java.class.version" value="55.0"/>
  </properties>
  <testcase name="createDoubleUser" classname="CreateUserTest" time="1.213">
    <system-out><![CDATA[Request method:	POST
Request URI:	https://stellarburgers.nomoreparties.site/api/auth/register
Proxy:			<none>
Request params:	<none>
Query params:	<none>
Form params:	<none>
Path params:	<none>
Headers:		Accept=*/*
				Content-Type=application/json
Cookies:		<none>
Multiparts:		<none>
Body:
{
    "email": "CLFuWLpKhw@ya.ru",
    "password": "SpjDsVRCPS",
    "name": "faORIIRALi"
}
Request method:	POST
Request URI:	https://stellarburgers.nomoreparties.site/api/auth/register
Proxy:			<none>
Request params:	<none>
Query params:	<none>
Form params:	<none>
Path params:	<none>
Headers:		Accept=*/*
				Content-Type=application/json
Cookies:		<none>
Multiparts:		<none>
Body:
{
    "email": "CLFuWLpKhw@ya.ru",
    "password": "SpjDsVRCPS",
    "name": "faORIIRALi"
}
Request method:	POST
Request URI:	https://stellarburgers.nomoreparties.site/api/auth/register
Proxy:			<none>
Request params:	<none>
Query params:	<none>
Form params:	<none>
Path params:	<none>
Headers:		Accept=*/*
				Content-Type=application/json
Cookies:		<none>
Multiparts:		<none>
Body:
{
    "email": "CLFuWLpKhw@ya.ru",
    "password": "SpjDsVRCPS",
    "name": "faORIIRALi"
}
Request method:	POST
Request URI:	https://stellarburgers.nomoreparties.site/api/auth/register
Proxy:			<none>
Request params:	<none>
Query params:	<none>
Form params:	<none>
Path params:	<none>
Headers:		Accept=*/*
				Content-Type=application/json
Cookies:		<none>
Multiparts:		<none>
Body:
{
    "email": "CLFuWLpKhw@ya.ru",
    "password": "SpjDsVRCPS",
    "name": "faORIIRALi"
}
Request method:	POST
Request URI:	https://stellarburgers.nomoreparties.site/api/auth/register
Proxy:			<none>
Request params:	<none>
Query params:	<none>
Form params:	<none>
Path params:	<none>
Headers:		Accept=*/*
				Content-Type=application/json
Cookies:		<none>
Multiparts:		<none>
Body:
{
    "email": "CLFuWLpKhw@ya.ru",
    "password": "SpjDsVRCPS",
    "name": "faORIIRALi"
}
Request method:	POST
Request URI:	https://stellarburgers.nomoreparties.site/api/auth/register
Proxy:			<none>
Request params:	<none>
Query params:	<none>
Form params:	<none>
Path params:	<none>
Headers:		Accept=*/*
				Content-Type=application/json
Cookies:		<none>
Multiparts:		<none>
Body:
{
    "email": "CLFuWLpKhw@ya.ru",
    "password": "SpjDsVRCPS",
    "name": "faORIIRALi"
}
Request method:	POST
Request URI:	https://stellarburgers.nomoreparties.site/api/auth/register
Proxy:			<none>
Request params:	<none>
Query params:	<none>
Form params:	<none>
Path params:	<none>
Headers:		Accept=*/*
				Content-Type=application/json
Cookies:		<none>
Multiparts:		<none>
Body:
{
    "email": "CLFuWLpKhw@ya.ru",
    "password": "SpjDsVRCPS",
    "name": "faORIIRALi"
}
Request method:	POST
Request URI:	https://stellarburgers.nomoreparties.site/api/auth/register
Proxy:			<none>
Request params:	<none>
Query params:	<none>
Form params:	<none>
Path params:	<none>
Headers:		Accept=*/*
				Content-Type=application/json
Cookies:		<none>
Multiparts:		<none>
Body:
{
    "email": "CLFuWLpKhw@ya.ru",
    "password": "SpjDsVRCPS",
    "name": "faORIIRALi"
}
Request method:	POST
Request URI:	https://stellarburgers.nomoreparties.site/api/auth/register
Proxy:			<none>
Request params:	<none>
Query params:	<none>
Form params:	<none>
Path params:	<none>
Headers:		Accept=*/*
				Content-Type=application/json
Cookies:		<none>
Multiparts:		<none>
Body:
{
    "email": "CLFuWLpKhw@ya.ru",
    "password": "SpjDsVRCPS",
    "name": "faORIIRALi"
}
HTTP/1.1 200 OK
Date: Sun, 30 Jun 2024 15:27:36 GMT
Content-Type: application/json; charset=utf-8
Transfer-Encoding: chunked
Connection: keep-alive
X-Powered-By: Express
Access-Control-Allow-Origin: *
authorization: Bearer eyJhbGciOiJIUzI1NiIsInR5cCI6IkpXVCJ9.eyJpZCI6IjY2ODE3OTY4OWVkMjgwMDAxYjQ1OTVmZiIsImlhdCI6MTcxOTc2MTI1NiwiZXhwIjoxNzE5NzYyNDU2fQ.SZyiXKL39gbmS0JbNU9h4s1tV1wkSOCTFRgyT5vz_1U
ETag: W/"16d-Y2EYB5HEwR6WFtTG/2Rylwg/JEo"
CF-Cache-Status: DYNAMIC
Report-To: {"endpoints":[{"url":"https:\/\/a.nel.cloudflare.com\/report\/v4?s=tdq8Eb0QWPcuyYrHkim%2FgxWDUI50dGt7QBypqhzUzvTF5nIOHWOaKsv%2BQePKUNxV7sgqzYsYoSbHIJyxBNHq9stbmp2qMELC18uGPrAeoMzu2ZgRtCDQ5Tt2qTffKvE910JZt6Tn4wBqM%2BdgO%2BBHYh64gLw%3D"}],"group":"cf-nel","max_age":604800}
NEL: {"success_fraction":0,"report_to":"cf-nel","max_age":604800}
Server: cloudflare
CF-RAY: 89bf2e6eb9236329-LHR
Content-Encoding: gzip
alt-svc: h3=":443"; ma=86400

{
    "success": true,
    "user": {
        "email": "clfuwlpkhw@ya.ru",
        "name": "faORIIRALi"
    },
    "accessToken": "Bearer eyJhbGciOiJIUzI1NiIsInR5cCI6IkpXVCJ9.eyJpZCI6IjY2ODE3OTY4OWVkMjgwMDAxYjQ1OTVmZiIsImlhdCI6MTcxOTc2MTI1NiwiZXhwIjoxNzE5NzYyNDU2fQ.SZyiXKL39gbmS0JbNU9h4s1tV1wkSOCTFRgyT5vz_1U",
    "refreshToken": "761f8a75c5b4c5e410488217ec1fe0b47f896ca1b115ed38c7d626db56be953c0f51605ac1a92270"
}
HTTP/1.1 200 OK
Date: Sun, 30 Jun 2024 15:27:36 GMT
Content-Type: application/json; charset=utf-8
Transfer-Encoding: chunked
Connection: keep-alive
X-Powered-By: Express
Access-Control-Allow-Origin: *
authorization: Bearer eyJhbGciOiJIUzI1NiIsInR5cCI6IkpXVCJ9.eyJpZCI6IjY2ODE3OTY4OWVkMjgwMDAxYjQ1OTVmZiIsImlhdCI6MTcxOTc2MTI1NiwiZXhwIjoxNzE5NzYyNDU2fQ.SZyiXKL39gbmS0JbNU9h4s1tV1wkSOCTFRgyT5vz_1U
ETag: W/"16d-Y2EYB5HEwR6WFtTG/2Rylwg/JEo"
CF-Cache-Status: DYNAMIC
Report-To: {"endpoints":[{"url":"https:\/\/a.nel.cloudflare.com\/report\/v4?s=tdq8Eb0QWPcuyYrHkim%2FgxWDUI50dGt7QBypqhzUzvTF5nIOHWOaKsv%2BQePKUNxV7sgqzYsYoSbHIJyxBNHq9stbmp2qMELC18uGPrAeoMzu2ZgRtCDQ5Tt2qTffKvE910JZt6Tn4wBqM%2BdgO%2BBHYh64gLw%3D"}],"group":"cf-nel","max_age":604800}
NEL: {"success_fraction":0,"report_to":"cf-nel","max_age":604800}
Server: cloudflare
CF-RAY: 89bf2e6eb9236329-LHR
Content-Encoding: gzip
alt-svc: h3=":443"; ma=86400

{
    "success": true,
    "user": {
        "email": "clfuwlpkhw@ya.ru",
        "name": "faORIIRALi"
    },
    "accessToken": "Bearer eyJhbGciOiJIUzI1NiIsInR5cCI6IkpXVCJ9.eyJpZCI6IjY2ODE3OTY4OWVkMjgwMDAxYjQ1OTVmZiIsImlhdCI6MTcxOTc2MTI1NiwiZXhwIjoxNzE5NzYyNDU2fQ.SZyiXKL39gbmS0JbNU9h4s1tV1wkSOCTFRgyT5vz_1U",
    "refreshToken": "761f8a75c5b4c5e410488217ec1fe0b47f896ca1b115ed38c7d626db56be953c0f51605ac1a92270"
}
HTTP/1.1 200 OK
Date: Sun, 30 Jun 2024 15:27:36 GMT
Content-Type: application/json; charset=utf-8
Transfer-Encoding: chunked
Connection: keep-alive
X-Powered-By: Express
Access-Control-Allow-Origin: *
authorization: Bearer eyJhbGciOiJIUzI1NiIsInR5cCI6IkpXVCJ9.eyJpZCI6IjY2ODE3OTY4OWVkMjgwMDAxYjQ1OTVmZiIsImlhdCI6MTcxOTc2MTI1NiwiZXhwIjoxNzE5NzYyNDU2fQ.SZyiXKL39gbmS0JbNU9h4s1tV1wkSOCTFRgyT5vz_1U
ETag: W/"16d-Y2EYB5HEwR6WFtTG/2Rylwg/JEo"
CF-Cache-Status: DYNAMIC
Report-To: {"endpoints":[{"url":"https:\/\/a.nel.cloudflare.com\/report\/v4?s=tdq8Eb0QWPcuyYrHkim%2FgxWDUI50dGt7QBypqhzUzvTF5nIOHWOaKsv%2BQePKUNxV7sgqzYsYoSbHIJyxBNHq9stbmp2qMELC18uGPrAeoMzu2ZgRtCDQ5Tt2qTffKvE910JZt6Tn4wBqM%2BdgO%2BBHYh64gLw%3D"}],"group":"cf-nel","max_age":604800}
NEL: {"success_fraction":0,"report_to":"cf-nel","max_age":604800}
Server: cloudflare
CF-RAY: 89bf2e6eb9236329-LHR
Content-Encoding: gzip
alt-svc: h3=":443"; ma=86400

{
    "success": true,
    "user": {
        "email": "clfuwlpkhw@ya.ru",
        "name": "faORIIRALi"
    },
    "accessToken": "Bearer eyJhbGciOiJIUzI1NiIsInR5cCI6IkpXVCJ9.eyJpZCI6IjY2ODE3OTY4OWVkMjgwMDAxYjQ1OTVmZiIsImlhdCI6MTcxOTc2MTI1NiwiZXhwIjoxNzE5NzYyNDU2fQ.SZyiXKL39gbmS0JbNU9h4s1tV1wkSOCTFRgyT5vz_1U",
    "refreshToken": "761f8a75c5b4c5e410488217ec1fe0b47f896ca1b115ed38c7d626db56be953c0f51605ac1a92270"
}
HTTP/1.1 200 OK
Date: Sun, 30 Jun 2024 15:27:36 GMT
Content-Type: application/json; charset=utf-8
Transfer-Encoding: chunked
Connection: keep-alive
X-Powered-By: Express
Access-Control-Allow-Origin: *
authorization: Bearer eyJhbGciOiJIUzI1NiIsInR5cCI6IkpXVCJ9.eyJpZCI6IjY2ODE3OTY4OWVkMjgwMDAxYjQ1OTVmZiIsImlhdCI6MTcxOTc2MTI1NiwiZXhwIjoxNzE5NzYyNDU2fQ.SZyiXKL39gbmS0JbNU9h4s1tV1wkSOCTFRgyT5vz_1U
ETag: W/"16d-Y2EYB5HEwR6WFtTG/2Rylwg/JEo"
CF-Cache-Status: DYNAMIC
Report-To: {"endpoints":[{"url":"https:\/\/a.nel.cloudflare.com\/report\/v4?s=tdq8Eb0QWPcuyYrHkim%2FgxWDUI50dGt7QBypqhzUzvTF5nIOHWOaKsv%2BQePKUNxV7sgqzYsYoSbHIJyxBNHq9stbmp2qMELC18uGPrAeoMzu2ZgRtCDQ5Tt2qTffKvE910JZt6Tn4wBqM%2BdgO%2BBHYh64gLw%3D"}],"group":"cf-nel","max_age":604800}
NEL: {"success_fraction":0,"report_to":"cf-nel","max_age":604800}
Server: cloudflare
CF-RAY: 89bf2e6eb9236329-LHR
Content-Encoding: gzip
alt-svc: h3=":443"; ma=86400

{
    "success": true,
    "user": {
        "email": "clfuwlpkhw@ya.ru",
        "name": "faORIIRALi"
    },
    "accessToken": "Bearer eyJhbGciOiJIUzI1NiIsInR5cCI6IkpXVCJ9.eyJpZCI6IjY2ODE3OTY4OWVkMjgwMDAxYjQ1OTVmZiIsImlhdCI6MTcxOTc2MTI1NiwiZXhwIjoxNzE5NzYyNDU2fQ.SZyiXKL39gbmS0JbNU9h4s1tV1wkSOCTFRgyT5vz_1U",
    "refreshToken": "761f8a75c5b4c5e410488217ec1fe0b47f896ca1b115ed38c7d626db56be953c0f51605ac1a92270"
}
HTTP/1.1 200 OK
Date: Sun, 30 Jun 2024 15:27:36 GMT
Content-Type: application/json; charset=utf-8
Transfer-Encoding: chunked
Connection: keep-alive
X-Powered-By: Express
Access-Control-Allow-Origin: *
authorization: Bearer eyJhbGciOiJIUzI1NiIsInR5cCI6IkpXVCJ9.eyJpZCI6IjY2ODE3OTY4OWVkMjgwMDAxYjQ1OTVmZiIsImlhdCI6MTcxOTc2MTI1NiwiZXhwIjoxNzE5NzYyNDU2fQ.SZyiXKL39gbmS0JbNU9h4s1tV1wkSOCTFRgyT5vz_1U
ETag: W/"16d-Y2EYB5HEwR6WFtTG/2Rylwg/JEo"
CF-Cache-Status: DYNAMIC
Report-To: {"endpoints":[{"url":"https:\/\/a.nel.cloudflare.com\/report\/v4?s=tdq8Eb0QWPcuyYrHkim%2FgxWDUI50dGt7QBypqhzUzvTF5nIOHWOaKsv%2BQePKUNxV7sgqzYsYoSbHIJyxBNHq9stbmp2qMELC18uGPrAeoMzu2ZgRtCDQ5Tt2qTffKvE910JZt6Tn4wBqM%2BdgO%2BBHYh64gLw%3D"}],"group":"cf-nel","max_age":604800}
NEL: {"success_fraction":0,"report_to":"cf-nel","max_age":604800}
Server: cloudflare
CF-RAY: 89bf2e6eb9236329-LHR
Content-Encoding: gzip
alt-svc: h3=":443"; ma=86400

{
    "success": true,
    "user": {
        "email": "clfuwlpkhw@ya.ru",
        "name": "faORIIRALi"
    },
    "accessToken": "Bearer eyJhbGciOiJIUzI1NiIsInR5cCI6IkpXVCJ9.eyJpZCI6IjY2ODE3OTY4OWVkMjgwMDAxYjQ1OTVmZiIsImlhdCI6MTcxOTc2MTI1NiwiZXhwIjoxNzE5NzYyNDU2fQ.SZyiXKL39gbmS0JbNU9h4s1tV1wkSOCTFRgyT5vz_1U",
    "refreshToken": "761f8a75c5b4c5e410488217ec1fe0b47f896ca1b115ed38c7d626db56be953c0f51605ac1a92270"
}
HTTP/1.1 200 OK
Date: Sun, 30 Jun 2024 15:27:36 GMT
Content-Type: application/json; charset=utf-8
Transfer-Encoding: chunked
Connection: keep-alive
X-Powered-By: Express
Access-Control-Allow-Origin: *
authorization: Bearer eyJhbGciOiJIUzI1NiIsInR5cCI6IkpXVCJ9.eyJpZCI6IjY2ODE3OTY4OWVkMjgwMDAxYjQ1OTVmZiIsImlhdCI6MTcxOTc2MTI1NiwiZXhwIjoxNzE5NzYyNDU2fQ.SZyiXKL39gbmS0JbNU9h4s1tV1wkSOCTFRgyT5vz_1U
ETag: W/"16d-Y2EYB5HEwR6WFtTG/2Rylwg/JEo"
CF-Cache-Status: DYNAMIC
Report-To: {"endpoints":[{"url":"https:\/\/a.nel.cloudflare.com\/report\/v4?s=tdq8Eb0QWPcuyYrHkim%2FgxWDUI50dGt7QBypqhzUzvTF5nIOHWOaKsv%2BQePKUNxV7sgqzYsYoSbHIJyxBNHq9stbmp2qMELC18uGPrAeoMzu2ZgRtCDQ5Tt2qTffKvE910JZt6Tn4wBqM%2BdgO%2BBHYh64gLw%3D"}],"group":"cf-nel","max_age":604800}
NEL: {"success_fraction":0,"report_to":"cf-nel","max_age":604800}
Server: cloudflare
CF-RAY: 89bf2e6eb9236329-LHR
Content-Encoding: gzip
alt-svc: h3=":443"; ma=86400

{
    "success": true,
    "user": {
        "email": "clfuwlpkhw@ya.ru",
        "name": "faORIIRALi"
    },
    "accessToken": "Bearer eyJhbGciOiJIUzI1NiIsInR5cCI6IkpXVCJ9.eyJpZCI6IjY2ODE3OTY4OWVkMjgwMDAxYjQ1OTVmZiIsImlhdCI6MTcxOTc2MTI1NiwiZXhwIjoxNzE5NzYyNDU2fQ.SZyiXKL39gbmS0JbNU9h4s1tV1wkSOCTFRgyT5vz_1U",
    "refreshToken": "761f8a75c5b4c5e410488217ec1fe0b47f896ca1b115ed38c7d626db56be953c0f51605ac1a92270"
}
HTTP/1.1 200 OK
Date: Sun, 30 Jun 2024 15:27:36 GMT
Content-Type: application/json; charset=utf-8
Transfer-Encoding: chunked
Connection: keep-alive
X-Powered-By: Express
Access-Control-Allow-Origin: *
authorization: Bearer eyJhbGciOiJIUzI1NiIsInR5cCI6IkpXVCJ9.eyJpZCI6IjY2ODE3OTY4OWVkMjgwMDAxYjQ1OTVmZiIsImlhdCI6MTcxOTc2MTI1NiwiZXhwIjoxNzE5NzYyNDU2fQ.SZyiXKL39gbmS0JbNU9h4s1tV1wkSOCTFRgyT5vz_1U
ETag: W/"16d-Y2EYB5HEwR6WFtTG/2Rylwg/JEo"
CF-Cache-Status: DYNAMIC
Report-To: {"endpoints":[{"url":"https:\/\/a.nel.cloudflare.com\/report\/v4?s=tdq8Eb0QWPcuyYrHkim%2FgxWDUI50dGt7QBypqhzUzvTF5nIOHWOaKsv%2BQePKUNxV7sgqzYsYoSbHIJyxBNHq9stbmp2qMELC18uGPrAeoMzu2ZgRtCDQ5Tt2qTffKvE910JZt6Tn4wBqM%2BdgO%2BBHYh64gLw%3D"}],"group":"cf-nel","max_age":604800}
NEL: {"success_fraction":0,"report_to":"cf-nel","max_age":604800}
Server: cloudflare
CF-RAY: 89bf2e6eb9236329-LHR
Content-Encoding: gzip
alt-svc: h3=":443"; ma=86400

{
    "success": true,
    "user": {
        "email": "clfuwlpkhw@ya.ru",
        "name": "faORIIRALi"
    },
    "accessToken": "Bearer eyJhbGciOiJIUzI1NiIsInR5cCI6IkpXVCJ9.eyJpZCI6IjY2ODE3OTY4OWVkMjgwMDAxYjQ1OTVmZiIsImlhdCI6MTcxOTc2MTI1NiwiZXhwIjoxNzE5NzYyNDU2fQ.SZyiXKL39gbmS0JbNU9h4s1tV1wkSOCTFRgyT5vz_1U",
    "refreshToken": "761f8a75c5b4c5e410488217ec1fe0b47f896ca1b115ed38c7d626db56be953c0f51605ac1a92270"
}
HTTP/1.1 200 OK
Date: Sun, 30 Jun 2024 15:27:36 GMT
Content-Type: application/json; charset=utf-8
Transfer-Encoding: chunked
Connection: keep-alive
X-Powered-By: Express
Access-Control-Allow-Origin: *
authorization: Bearer eyJhbGciOiJIUzI1NiIsInR5cCI6IkpXVCJ9.eyJpZCI6IjY2ODE3OTY4OWVkMjgwMDAxYjQ1OTVmZiIsImlhdCI6MTcxOTc2MTI1NiwiZXhwIjoxNzE5NzYyNDU2fQ.SZyiXKL39gbmS0JbNU9h4s1tV1wkSOCTFRgyT5vz_1U
ETag: W/"16d-Y2EYB5HEwR6WFtTG/2Rylwg/JEo"
CF-Cache-Status: DYNAMIC
Report-To: {"endpoints":[{"url":"https:\/\/a.nel.cloudflare.com\/report\/v4?s=tdq8Eb0QWPcuyYrHkim%2FgxWDUI50dGt7QBypqhzUzvTF5nIOHWOaKsv%2BQePKUNxV7sgqzYsYoSbHIJyxBNHq9stbmp2qMELC18uGPrAeoMzu2ZgRtCDQ5Tt2qTffKvE910JZt6Tn4wBqM%2BdgO%2BBHYh64gLw%3D"}],"group":"cf-nel","max_age":604800}
NEL: {"success_fraction":0,"report_to":"cf-nel","max_age":604800}
Server: cloudflare
CF-RAY: 89bf2e6eb9236329-LHR
Content-Encoding: gzip
alt-svc: h3=":443"; ma=86400

{
    "success": true,
    "user": {
        "email": "clfuwlpkhw@ya.ru",
        "name": "faORIIRALi"
    },
    "accessToken": "Bearer eyJhbGciOiJIUzI1NiIsInR5cCI6IkpXVCJ9.eyJpZCI6IjY2ODE3OTY4OWVkMjgwMDAxYjQ1OTVmZiIsImlhdCI6MTcxOTc2MTI1NiwiZXhwIjoxNzE5NzYyNDU2fQ.SZyiXKL39gbmS0JbNU9h4s1tV1wkSOCTFRgyT5vz_1U",
    "refreshToken": "761f8a75c5b4c5e410488217ec1fe0b47f896ca1b115ed38c7d626db56be953c0f51605ac1a92270"
}
HTTP/1.1 200 OK
Date: Sun, 30 Jun 2024 15:27:36 GMT
Content-Type: application/json; charset=utf-8
Transfer-Encoding: chunked
Connection: keep-alive
X-Powered-By: Express
Access-Control-Allow-Origin: *
authorization: Bearer eyJhbGciOiJIUzI1NiIsInR5cCI6IkpXVCJ9.eyJpZCI6IjY2ODE3OTY4OWVkMjgwMDAxYjQ1OTVmZiIsImlhdCI6MTcxOTc2MTI1NiwiZXhwIjoxNzE5NzYyNDU2fQ.SZyiXKL39gbmS0JbNU9h4s1tV1wkSOCTFRgyT5vz_1U
ETag: W/"16d-Y2EYB5HEwR6WFtTG/2Rylwg/JEo"
CF-Cache-Status: DYNAMIC
Report-To: {"endpoints":[{"url":"https:\/\/a.nel.cloudflare.com\/report\/v4?s=tdq8Eb0QWPcuyYrHkim%2FgxWDUI50dGt7QBypqhzUzvTF5nIOHWOaKsv%2BQePKUNxV7sgqzYsYoSbHIJyxBNHq9stbmp2qMELC18uGPrAeoMzu2ZgRtCDQ5Tt2qTffKvE910JZt6Tn4wBqM%2BdgO%2BBHYh64gLw%3D"}],"group":"cf-nel","max_age":604800}
NEL: {"success_fraction":0,"report_to":"cf-nel","max_age":604800}
Server: cloudflare
CF-RAY: 89bf2e6eb9236329-LHR
Content-Encoding: gzip
alt-svc: h3=":443"; ma=86400

{
    "success": true,
    "user": {
        "email": "clfuwlpkhw@ya.ru",
        "name": "faORIIRALi"
    },
    "accessToken": "Bearer eyJhbGciOiJIUzI1NiIsInR5cCI6IkpXVCJ9.eyJpZCI6IjY2ODE3OTY4OWVkMjgwMDAxYjQ1OTVmZiIsImlhdCI6MTcxOTc2MTI1NiwiZXhwIjoxNzE5NzYyNDU2fQ.SZyiXKL39gbmS0JbNU9h4s1tV1wkSOCTFRgyT5vz_1U",
    "refreshToken": "761f8a75c5b4c5e410488217ec1fe0b47f896ca1b115ed38c7d626db56be953c0f51605ac1a92270"
}
Request method:	POST
Request URI:	https://stellarburgers.nomoreparties.site/api/auth/register
Proxy:			<none>
Request params:	<none>
Query params:	<none>
Form params:	<none>
Path params:	<none>
Headers:		Accept=*/*
				Content-Type=application/json
Cookies:		<none>
Multiparts:		<none>
Body:
{
    "email": "CLFuWLpKhw@ya.ru",
    "password": "SpjDsVRCPS",
    "name": "faORIIRALi"
}
Request method:	POST
Request URI:	https://stellarburgers.nomoreparties.site/api/auth/register
Proxy:			<none>
Request params:	<none>
Query params:	<none>
Form params:	<none>
Path params:	<none>
Headers:		Accept=*/*
				Content-Type=application/json
Cookies:		<none>
Multiparts:		<none>
Body:
{
    "email": "CLFuWLpKhw@ya.ru",
    "password": "SpjDsVRCPS",
    "name": "faORIIRALi"
}
Request method:	POST
Request URI:	https://stellarburgers.nomoreparties.site/api/auth/register
Proxy:			<none>
Request params:	<none>
Query params:	<none>
Form params:	<none>
Path params:	<none>
Headers:		Accept=*/*
				Content-Type=application/json
Cookies:		<none>
Multiparts:		<none>
Body:
{
    "email": "CLFuWLpKhw@ya.ru",
    "password": "SpjDsVRCPS",
    "name": "faORIIRALi"
}
Request method:	POST
Request URI:	https://stellarburgers.nomoreparties.site/api/auth/register
Proxy:			<none>
Request params:	<none>
Query params:	<none>
Form params:	<none>
Path params:	<none>
Headers:		Accept=*/*
				Content-Type=application/json
Cookies:		<none>
Multiparts:		<none>
Body:
{
    "email": "CLFuWLpKhw@ya.ru",
    "password": "SpjDsVRCPS",
    "name": "faORIIRALi"
}
Request method:	POST
Request URI:	https://stellarburgers.nomoreparties.site/api/auth/register
Proxy:			<none>
Request params:	<none>
Query params:	<none>
Form params:	<none>
Path params:	<none>
Headers:		Accept=*/*
				Content-Type=application/json
Cookies:		<none>
Multiparts:		<none>
Body:
{
    "email": "CLFuWLpKhw@ya.ru",
    "password": "SpjDsVRCPS",
    "name": "faORIIRALi"
}
Request method:	POST
Request URI:	https://stellarburgers.nomoreparties.site/api/auth/register
Proxy:			<none>
Request params:	<none>
Query params:	<none>
Form params:	<none>
Path params:	<none>
Headers:		Accept=*/*
				Content-Type=application/json
Cookies:		<none>
Multiparts:		<none>
Body:
{
    "email": "CLFuWLpKhw@ya.ru",
    "password": "SpjDsVRCPS",
    "name": "faORIIRALi"
}
Request method:	POST
Request URI:	https://stellarburgers.nomoreparties.site/api/auth/register
Proxy:			<none>
Request params:	<none>
Query params:	<none>
Form params:	<none>
Path params:	<none>
Headers:		Accept=*/*
				Content-Type=application/json
Cookies:		<none>
Multiparts:		<none>
Body:
{
    "email": "CLFuWLpKhw@ya.ru",
    "password": "SpjDsVRCPS",
    "name": "faORIIRALi"
}
Request method:	POST
Request URI:	https://stellarburgers.nomoreparties.site/api/auth/register
Proxy:			<none>
Request params:	<none>
Query params:	<none>
Form params:	<none>
Path params:	<none>
Headers:		Accept=*/*
				Content-Type=application/json
Cookies:		<none>
Multiparts:		<none>
Body:
{
    "email": "CLFuWLpKhw@ya.ru",
    "password": "SpjDsVRCPS",
    "name": "faORIIRALi"
}
Request method:	POST
Request URI:	https://stellarburgers.nomoreparties.site/api/auth/register
Proxy:			<none>
Request params:	<none>
Query params:	<none>
Form params:	<none>
Path params:	<none>
Headers:		Accept=*/*
				Content-Type=application/json
Cookies:		<none>
Multiparts:		<none>
Body:
{
    "email": "CLFuWLpKhw@ya.ru",
    "password": "SpjDsVRCPS",
    "name": "faORIIRALi"
}
HTTP/1.1 403 Forbidden
Date: Sun, 30 Jun 2024 15:27:37 GMT
Content-Type: application/json; charset=utf-8
Transfer-Encoding: chunked
Connection: keep-alive
X-Powered-By: Express
Access-Control-Allow-Origin: *
ETag: W/"31-WKEMg8zALB1Ko0WjUHi/6RBGHVc"
CF-Cache-Status: DYNAMIC
Report-To: {"endpoints":[{"url":"https:\/\/a.nel.cloudflare.com\/report\/v4?s=o8Egwz46tzWJMFOLkbFGZaOFhDLJydQNMqRy1k9b%2FkUIFPV3pRcf47vlyCbcdw2j8j45kkuo60nIllsy70g6elkx4DENzsac%2FLYOM1qlAcP1keTTHvx6n0IQtk9ucj4UH6qAmPPsxtQaKLMkS5igb9TQYOA%3D"}],"group":"cf-nel","max_age":604800}
NEL: {"success_fraction":0,"report_to":"cf-nel","max_age":604800}
Server: cloudflare
CF-RAY: 89bf2e70dece03d1-DME
Content-Encoding: gzip
alt-svc: h3=":443"; ma=86400

{
    "success": false,
    "message": "User already exists"
}
HTTP/1.1 403 Forbidden
Date: Sun, 30 Jun 2024 15:27:37 GMT
Content-Type: application/json; charset=utf-8
Transfer-Encoding: chunked
Connection: keep-alive
X-Powered-By: Express
Access-Control-Allow-Origin: *
ETag: W/"31-WKEMg8zALB1Ko0WjUHi/6RBGHVc"
CF-Cache-Status: DYNAMIC
Report-To: {"endpoints":[{"url":"https:\/\/a.nel.cloudflare.com\/report\/v4?s=o8Egwz46tzWJMFOLkbFGZaOFhDLJydQNMqRy1k9b%2FkUIFPV3pRcf47vlyCbcdw2j8j45kkuo60nIllsy70g6elkx4DENzsac%2FLYOM1qlAcP1keTTHvx6n0IQtk9ucj4UH6qAmPPsxtQaKLMkS5igb9TQYOA%3D"}],"group":"cf-nel","max_age":604800}
NEL: {"success_fraction":0,"report_to":"cf-nel","max_age":604800}
Server: cloudflare
CF-RAY: 89bf2e70dece03d1-DME
Content-Encoding: gzip
alt-svc: h3=":443"; ma=86400

{
    "success": false,
    "message": "User already exists"
}
HTTP/1.1 403 Forbidden
Date: Sun, 30 Jun 2024 15:27:37 GMT
Content-Type: application/json; charset=utf-8
Transfer-Encoding: chunked
Connection: keep-alive
X-Powered-By: Express
Access-Control-Allow-Origin: *
ETag: W/"31-WKEMg8zALB1Ko0WjUHi/6RBGHVc"
CF-Cache-Status: DYNAMIC
Report-To: {"endpoints":[{"url":"https:\/\/a.nel.cloudflare.com\/report\/v4?s=o8Egwz46tzWJMFOLkbFGZaOFhDLJydQNMqRy1k9b%2FkUIFPV3pRcf47vlyCbcdw2j8j45kkuo60nIllsy70g6elkx4DENzsac%2FLYOM1qlAcP1keTTHvx6n0IQtk9ucj4UH6qAmPPsxtQaKLMkS5igb9TQYOA%3D"}],"group":"cf-nel","max_age":604800}
NEL: {"success_fraction":0,"report_to":"cf-nel","max_age":604800}
Server: cloudflare
CF-RAY: 89bf2e70dece03d1-DME
Content-Encoding: gzip
alt-svc: h3=":443"; ma=86400

{
    "success": false,
    "message": "User already exists"
}
HTTP/1.1 403 Forbidden
Date: Sun, 30 Jun 2024 15:27:37 GMT
Content-Type: application/json; charset=utf-8
Transfer-Encoding: chunked
Connection: keep-alive
X-Powered-By: Express
Access-Control-Allow-Origin: *
ETag: W/"31-WKEMg8zALB1Ko0WjUHi/6RBGHVc"
CF-Cache-Status: DYNAMIC
Report-To: {"endpoints":[{"url":"https:\/\/a.nel.cloudflare.com\/report\/v4?s=o8Egwz46tzWJMFOLkbFGZaOFhDLJydQNMqRy1k9b%2FkUIFPV3pRcf47vlyCbcdw2j8j45kkuo60nIllsy70g6elkx4DENzsac%2FLYOM1qlAcP1keTTHvx6n0IQtk9ucj4UH6qAmPPsxtQaKLMkS5igb9TQYOA%3D"}],"group":"cf-nel","max_age":604800}
NEL: {"success_fraction":0,"report_to":"cf-nel","max_age":604800}
Server: cloudflare
CF-RAY: 89bf2e70dece03d1-DME
Content-Encoding: gzip
alt-svc: h3=":443"; ma=86400

{
    "success": false,
    "message": "User already exists"
}
HTTP/1.1 403 Forbidden
Date: Sun, 30 Jun 2024 15:27:37 GMT
Content-Type: application/json; charset=utf-8
Transfer-Encoding: chunked
Connection: keep-alive
X-Powered-By: Express
Access-Control-Allow-Origin: *
ETag: W/"31-WKEMg8zALB1Ko0WjUHi/6RBGHVc"
CF-Cache-Status: DYNAMIC
Report-To: {"endpoints":[{"url":"https:\/\/a.nel.cloudflare.com\/report\/v4?s=o8Egwz46tzWJMFOLkbFGZaOFhDLJydQNMqRy1k9b%2FkUIFPV3pRcf47vlyCbcdw2j8j45kkuo60nIllsy70g6elkx4DENzsac%2FLYOM1qlAcP1keTTHvx6n0IQtk9ucj4UH6qAmPPsxtQaKLMkS5igb9TQYOA%3D"}],"group":"cf-nel","max_age":604800}
NEL: {"success_fraction":0,"report_to":"cf-nel","max_age":604800}
Server: cloudflare
CF-RAY: 89bf2e70dece03d1-DME
Content-Encoding: gzip
alt-svc: h3=":443"; ma=86400

{
    "success": false,
    "message": "User already exists"
}
HTTP/1.1 403 Forbidden
Date: Sun, 30 Jun 2024 15:27:37 GMT
Content-Type: application/json; charset=utf-8
Transfer-Encoding: chunked
Connection: keep-alive
X-Powered-By: Express
Access-Control-Allow-Origin: *
ETag: W/"31-WKEMg8zALB1Ko0WjUHi/6RBGHVc"
CF-Cache-Status: DYNAMIC
Report-To: {"endpoints":[{"url":"https:\/\/a.nel.cloudflare.com\/report\/v4?s=o8Egwz46tzWJMFOLkbFGZaOFhDLJydQNMqRy1k9b%2FkUIFPV3pRcf47vlyCbcdw2j8j45kkuo60nIllsy70g6elkx4DENzsac%2FLYOM1qlAcP1keTTHvx6n0IQtk9ucj4UH6qAmPPsxtQaKLMkS5igb9TQYOA%3D"}],"group":"cf-nel","max_age":604800}
NEL: {"success_fraction":0,"report_to":"cf-nel","max_age":604800}
Server: cloudflare
CF-RAY: 89bf2e70dece03d1-DME
Content-Encoding: gzip
alt-svc: h3=":443"; ma=86400

{
    "success": false,
    "message": "User already exists"
}
HTTP/1.1 403 Forbidden
Date: Sun, 30 Jun 2024 15:27:37 GMT
Content-Type: application/json; charset=utf-8
Transfer-Encoding: chunked
Connection: keep-alive
X-Powered-By: Express
Access-Control-Allow-Origin: *
ETag: W/"31-WKEMg8zALB1Ko0WjUHi/6RBGHVc"
CF-Cache-Status: DYNAMIC
Report-To: {"endpoints":[{"url":"https:\/\/a.nel.cloudflare.com\/report\/v4?s=o8Egwz46tzWJMFOLkbFGZaOFhDLJydQNMqRy1k9b%2FkUIFPV3pRcf47vlyCbcdw2j8j45kkuo60nIllsy70g6elkx4DENzsac%2FLYOM1qlAcP1keTTHvx6n0IQtk9ucj4UH6qAmPPsxtQaKLMkS5igb9TQYOA%3D"}],"group":"cf-nel","max_age":604800}
NEL: {"success_fraction":0,"report_to":"cf-nel","max_age":604800}
Server: cloudflare
CF-RAY: 89bf2e70dece03d1-DME
Content-Encoding: gzip
alt-svc: h3=":443"; ma=86400

{
    "success": false,
    "message": "User already exists"
}
HTTP/1.1 403 Forbidden
Date: Sun, 30 Jun 2024 15:27:37 GMT
Content-Type: application/json; charset=utf-8
Transfer-Encoding: chunked
Connection: keep-alive
X-Powered-By: Express
Access-Control-Allow-Origin: *
ETag: W/"31-WKEMg8zALB1Ko0WjUHi/6RBGHVc"
CF-Cache-Status: DYNAMIC
Report-To: {"endpoints":[{"url":"https:\/\/a.nel.cloudflare.com\/report\/v4?s=o8Egwz46tzWJMFOLkbFGZaOFhDLJydQNMqRy1k9b%2FkUIFPV3pRcf47vlyCbcdw2j8j45kkuo60nIllsy70g6elkx4DENzsac%2FLYOM1qlAcP1keTTHvx6n0IQtk9ucj4UH6qAmPPsxtQaKLMkS5igb9TQYOA%3D"}],"group":"cf-nel","max_age":604800}
NEL: {"success_fraction":0,"report_to":"cf-nel","max_age":604800}
Server: cloudflare
CF-RAY: 89bf2e70dece03d1-DME
Content-Encoding: gzip
alt-svc: h3=":443"; ma=86400

{
    "success": false,
    "message": "User already exists"
}
HTTP/1.1 403 Forbidden
Date: Sun, 30 Jun 2024 15:27:37 GMT
Content-Type: application/json; charset=utf-8
Transfer-Encoding: chunked
Connection: keep-alive
X-Powered-By: Express
Access-Control-Allow-Origin: *
ETag: W/"31-WKEMg8zALB1Ko0WjUHi/6RBGHVc"
CF-Cache-Status: DYNAMIC
Report-To: {"endpoints":[{"url":"https:\/\/a.nel.cloudflare.com\/report\/v4?s=o8Egwz46tzWJMFOLkbFGZaOFhDLJydQNMqRy1k9b%2FkUIFPV3pRcf47vlyCbcdw2j8j45kkuo60nIllsy70g6elkx4DENzsac%2FLYOM1qlAcP1keTTHvx6n0IQtk9ucj4UH6qAmPPsxtQaKLMkS5igb9TQYOA%3D"}],"group":"cf-nel","max_age":604800}
NEL: {"success_fraction":0,"report_to":"cf-nel","max_age":604800}
Server: cloudflare
CF-RAY: 89bf2e70dece03d1-DME
Content-Encoding: gzip
alt-svc: h3=":443"; ma=86400

{
    "success": false,
    "message": "User already exists"
}
Request method:	POST
Request URI:	https://stellarburgers.nomoreparties.site/api/auth/login
Proxy:			<none>
Request params:	<none>
Query params:	<none>
Form params:	<none>
Path params:	<none>
Headers:		Accept=*/*
				Content-Type=application/json
Cookies:		<none>
Multiparts:		<none>
Body:
{
    "email": "CLFuWLpKhw@ya.ru",
    "password": "SpjDsVRCPS",
    "name": "faORIIRALi"
}
Request method:	POST
Request URI:	https://stellarburgers.nomoreparties.site/api/auth/login
Proxy:			<none>
Request params:	<none>
Query params:	<none>
Form params:	<none>
Path params:	<none>
Headers:		Accept=*/*
				Content-Type=application/json
Cookies:		<none>
Multiparts:		<none>
Body:
{
    "email": "CLFuWLpKhw@ya.ru",
    "password": "SpjDsVRCPS",
    "name": "faORIIRALi"
}
Request method:	POST
Request URI:	https://stellarburgers.nomoreparties.site/api/auth/login
Proxy:			<none>
Request params:	<none>
Query params:	<none>
Form params:	<none>
Path params:	<none>
Headers:		Accept=*/*
				Content-Type=application/json
Cookies:		<none>
Multiparts:		<none>
Body:
{
    "email": "CLFuWLpKhw@ya.ru",
    "password": "SpjDsVRCPS",
    "name": "faORIIRALi"
}
Request method:	POST
Request URI:	https://stellarburgers.nomoreparties.site/api/auth/login
Proxy:			<none>
Request params:	<none>
Query params:	<none>
Form params:	<none>
Path params:	<none>
Headers:		Accept=*/*
				Content-Type=application/json
Cookies:		<none>
Multiparts:		<none>
Body:
{
    "email": "CLFuWLpKhw@ya.ru",
    "password": "SpjDsVRCPS",
    "name": "faORIIRALi"
}
Request method:	POST
Request URI:	https://stellarburgers.nomoreparties.site/api/auth/login
Proxy:			<none>
Request params:	<none>
Query params:	<none>
Form params:	<none>
Path params:	<none>
Headers:		Accept=*/*
				Content-Type=application/json
Cookies:		<none>
Multiparts:		<none>
Body:
{
    "email": "CLFuWLpKhw@ya.ru",
    "password": "SpjDsVRCPS",
    "name": "faORIIRALi"
}
Request method:	POST
Request URI:	https://stellarburgers.nomoreparties.site/api/auth/login
Proxy:			<none>
Request params:	<none>
Query params:	<none>
Form params:	<none>
Path params:	<none>
Headers:		Accept=*/*
				Content-Type=application/json
Cookies:		<none>
Multiparts:		<none>
Body:
{
    "email": "CLFuWLpKhw@ya.ru",
    "password": "SpjDsVRCPS",
    "name": "faORIIRALi"
}
Request method:	POST
Request URI:	https://stellarburgers.nomoreparties.site/api/auth/login
Proxy:			<none>
Request params:	<none>
Query params:	<none>
Form params:	<none>
Path params:	<none>
Headers:		Accept=*/*
				Content-Type=application/json
Cookies:		<none>
Multiparts:		<none>
Body:
{
    "email": "CLFuWLpKhw@ya.ru",
    "password": "SpjDsVRCPS",
    "name": "faORIIRALi"
}
Request method:	POST
Request URI:	https://stellarburgers.nomoreparties.site/api/auth/login
Proxy:			<none>
Request params:	<none>
Query params:	<none>
Form params:	<none>
Path params:	<none>
Headers:		Accept=*/*
				Content-Type=application/json
Cookies:		<none>
Multiparts:		<none>
Body:
{
    "email": "CLFuWLpKhw@ya.ru",
    "password": "SpjDsVRCPS",
    "name": "faORIIRALi"
}
Request method:	POST
Request URI:	https://stellarburgers.nomoreparties.site/api/auth/login
Proxy:			<none>
Request params:	<none>
Query params:	<none>
Form params:	<none>
Path params:	<none>
Headers:		Accept=*/*
				Content-Type=application/json
Cookies:		<none>
Multiparts:		<none>
Body:
{
    "email": "CLFuWLpKhw@ya.ru",
    "password": "SpjDsVRCPS",
    "name": "faORIIRALi"
}
HTTP/1.1 200 OK
Date: Sun, 30 Jun 2024 15:27:37 GMT
Content-Type: application/json; charset=utf-8
Transfer-Encoding: chunked
Connection: keep-alive
X-Powered-By: Express
Access-Control-Allow-Origin: *
ETag: W/"16d-r2LUBBPc45owqGUkG9NNmLpExRI"
CF-Cache-Status: DYNAMIC
Report-To: {"endpoints":[{"url":"https:\/\/a.nel.cloudflare.com\/report\/v4?s=R5ZsVaNzKUIh3DUy3iL7XPapWtfMjKnFhFO%2FXDEUVLhmquZgkMwcLBrL8ofeFpJqO4azmjk9jVpEcWiDHRQ6R3m%2BGYvp%2BpNX5efTSYtCu7CihQhaLwAofgCiCTllKXkp2EeyCmf9mF3%2BTE2ALRe%2FV81GMkQ%3D"}],"group":"cf-nel","max_age":604800}
NEL: {"success_fraction":0,"report_to":"cf-nel","max_age":604800}
Server: cloudflare
CF-RAY: 89bf2e723b2b1cb3-AMS
Content-Encoding: gzip
alt-svc: h3=":443"; ma=86400

{
    "success": true,
    "accessToken": "Bearer eyJhbGciOiJIUzI1NiIsInR5cCI6IkpXVCJ9.eyJpZCI6IjY2ODE3OTY4OWVkMjgwMDAxYjQ1OTVmZiIsImlhdCI6MTcxOTc2MTI1NywiZXhwIjoxNzE5NzYyNDU3fQ.Wf8WeQp1F-YmJpbA3ewobKF9y1WKk3jVIXOeErA--Mk",
    "refreshToken": "576271339866f7c4c14c55b176a8a7f308d31e63d4d020bc57b275e4c57f63170591a4cb69fe150d",
    "user": {
        "email": "clfuwlpkhw@ya.ru",
        "name": "faORIIRALi"
    }
}
HTTP/1.1 200 OK
Date: Sun, 30 Jun 2024 15:27:37 GMT
Content-Type: application/json; charset=utf-8
Transfer-Encoding: chunked
Connection: keep-alive
X-Powered-By: Express
Access-Control-Allow-Origin: *
ETag: W/"16d-r2LUBBPc45owqGUkG9NNmLpExRI"
CF-Cache-Status: DYNAMIC
Report-To: {"endpoints":[{"url":"https:\/\/a.nel.cloudflare.com\/report\/v4?s=R5ZsVaNzKUIh3DUy3iL7XPapWtfMjKnFhFO%2FXDEUVLhmquZgkMwcLBrL8ofeFpJqO4azmjk9jVpEcWiDHRQ6R3m%2BGYvp%2BpNX5efTSYtCu7CihQhaLwAofgCiCTllKXkp2EeyCmf9mF3%2BTE2ALRe%2FV81GMkQ%3D"}],"group":"cf-nel","max_age":604800}
NEL: {"success_fraction":0,"report_to":"cf-nel","max_age":604800}
Server: cloudflare
CF-RAY: 89bf2e723b2b1cb3-AMS
Content-Encoding: gzip
alt-svc: h3=":443"; ma=86400

{
    "success": true,
    "accessToken": "Bearer eyJhbGciOiJIUzI1NiIsInR5cCI6IkpXVCJ9.eyJpZCI6IjY2ODE3OTY4OWVkMjgwMDAxYjQ1OTVmZiIsImlhdCI6MTcxOTc2MTI1NywiZXhwIjoxNzE5NzYyNDU3fQ.Wf8WeQp1F-YmJpbA3ewobKF9y1WKk3jVIXOeErA--Mk",
    "refreshToken": "576271339866f7c4c14c55b176a8a7f308d31e63d4d020bc57b275e4c57f63170591a4cb69fe150d",
    "user": {
        "email": "clfuwlpkhw@ya.ru",
        "name": "faORIIRALi"
    }
}
HTTP/1.1 200 OK
Date: Sun, 30 Jun 2024 15:27:37 GMT
Content-Type: application/json; charset=utf-8
Transfer-Encoding: chunked
Connection: keep-alive
X-Powered-By: Express
Access-Control-Allow-Origin: *
ETag: W/"16d-r2LUBBPc45owqGUkG9NNmLpExRI"
CF-Cache-Status: DYNAMIC
Report-To: {"endpoints":[{"url":"https:\/\/a.nel.cloudflare.com\/report\/v4?s=R5ZsVaNzKUIh3DUy3iL7XPapWtfMjKnFhFO%2FXDEUVLhmquZgkMwcLBrL8ofeFpJqO4azmjk9jVpEcWiDHRQ6R3m%2BGYvp%2BpNX5efTSYtCu7CihQhaLwAofgCiCTllKXkp2EeyCmf9mF3%2BTE2ALRe%2FV81GMkQ%3D"}],"group":"cf-nel","max_age":604800}
NEL: {"success_fraction":0,"report_to":"cf-nel","max_age":604800}
Server: cloudflare
CF-RAY: 89bf2e723b2b1cb3-AMS
Content-Encoding: gzip
alt-svc: h3=":443"; ma=86400

{
    "success": true,
    "accessToken": "Bearer eyJhbGciOiJIUzI1NiIsInR5cCI6IkpXVCJ9.eyJpZCI6IjY2ODE3OTY4OWVkMjgwMDAxYjQ1OTVmZiIsImlhdCI6MTcxOTc2MTI1NywiZXhwIjoxNzE5NzYyNDU3fQ.Wf8WeQp1F-YmJpbA3ewobKF9y1WKk3jVIXOeErA--Mk",
    "refreshToken": "576271339866f7c4c14c55b176a8a7f308d31e63d4d020bc57b275e4c57f63170591a4cb69fe150d",
    "user": {
        "email": "clfuwlpkhw@ya.ru",
        "name": "faORIIRALi"
    }
}
HTTP/1.1 200 OK
Date: Sun, 30 Jun 2024 15:27:37 GMT
Content-Type: application/json; charset=utf-8
Transfer-Encoding: chunked
Connection: keep-alive
X-Powered-By: Express
Access-Control-Allow-Origin: *
ETag: W/"16d-r2LUBBPc45owqGUkG9NNmLpExRI"
CF-Cache-Status: DYNAMIC
Report-To: {"endpoints":[{"url":"https:\/\/a.nel.cloudflare.com\/report\/v4?s=R5ZsVaNzKUIh3DUy3iL7XPapWtfMjKnFhFO%2FXDEUVLhmquZgkMwcLBrL8ofeFpJqO4azmjk9jVpEcWiDHRQ6R3m%2BGYvp%2BpNX5efTSYtCu7CihQhaLwAofgCiCTllKXkp2EeyCmf9mF3%2BTE2ALRe%2FV81GMkQ%3D"}],"group":"cf-nel","max_age":604800}
NEL: {"success_fraction":0,"report_to":"cf-nel","max_age":604800}
Server: cloudflare
CF-RAY: 89bf2e723b2b1cb3-AMS
Content-Encoding: gzip
alt-svc: h3=":443"; ma=86400

{
    "success": true,
    "accessToken": "Bearer eyJhbGciOiJIUzI1NiIsInR5cCI6IkpXVCJ9.eyJpZCI6IjY2ODE3OTY4OWVkMjgwMDAxYjQ1OTVmZiIsImlhdCI6MTcxOTc2MTI1NywiZXhwIjoxNzE5NzYyNDU3fQ.Wf8WeQp1F-YmJpbA3ewobKF9y1WKk3jVIXOeErA--Mk",
    "refreshToken": "576271339866f7c4c14c55b176a8a7f308d31e63d4d020bc57b275e4c57f63170591a4cb69fe150d",
    "user": {
        "email": "clfuwlpkhw@ya.ru",
        "name": "faORIIRALi"
    }
}
HTTP/1.1 200 OK
Date: Sun, 30 Jun 2024 15:27:37 GMT
Content-Type: application/json; charset=utf-8
Transfer-Encoding: chunked
Connection: keep-alive
X-Powered-By: Express
Access-Control-Allow-Origin: *
ETag: W/"16d-r2LUBBPc45owqGUkG9NNmLpExRI"
CF-Cache-Status: DYNAMIC
Report-To: {"endpoints":[{"url":"https:\/\/a.nel.cloudflare.com\/report\/v4?s=R5ZsVaNzKUIh3DUy3iL7XPapWtfMjKnFhFO%2FXDEUVLhmquZgkMwcLBrL8ofeFpJqO4azmjk9jVpEcWiDHRQ6R3m%2BGYvp%2BpNX5efTSYtCu7CihQhaLwAofgCiCTllKXkp2EeyCmf9mF3%2BTE2ALRe%2FV81GMkQ%3D"}],"group":"cf-nel","max_age":604800}
NEL: {"success_fraction":0,"report_to":"cf-nel","max_age":604800}
Server: cloudflare
CF-RAY: 89bf2e723b2b1cb3-AMS
Content-Encoding: gzip
alt-svc: h3=":443"; ma=86400

{
    "success": true,
    "accessToken": "Bearer eyJhbGciOiJIUzI1NiIsInR5cCI6IkpXVCJ9.eyJpZCI6IjY2ODE3OTY4OWVkMjgwMDAxYjQ1OTVmZiIsImlhdCI6MTcxOTc2MTI1NywiZXhwIjoxNzE5NzYyNDU3fQ.Wf8WeQp1F-YmJpbA3ewobKF9y1WKk3jVIXOeErA--Mk",
    "refreshToken": "576271339866f7c4c14c55b176a8a7f308d31e63d4d020bc57b275e4c57f63170591a4cb69fe150d",
    "user": {
        "email": "clfuwlpkhw@ya.ru",
        "name": "faORIIRALi"
    }
}
HTTP/1.1 200 OK
Date: Sun, 30 Jun 2024 15:27:37 GMT
Content-Type: application/json; charset=utf-8
Transfer-Encoding: chunked
Connection: keep-alive
X-Powered-By: Express
Access-Control-Allow-Origin: *
ETag: W/"16d-r2LUBBPc45owqGUkG9NNmLpExRI"
CF-Cache-Status: DYNAMIC
Report-To: {"endpoints":[{"url":"https:\/\/a.nel.cloudflare.com\/report\/v4?s=R5ZsVaNzKUIh3DUy3iL7XPapWtfMjKnFhFO%2FXDEUVLhmquZgkMwcLBrL8ofeFpJqO4azmjk9jVpEcWiDHRQ6R3m%2BGYvp%2BpNX5efTSYtCu7CihQhaLwAofgCiCTllKXkp2EeyCmf9mF3%2BTE2ALRe%2FV81GMkQ%3D"}],"group":"cf-nel","max_age":604800}
NEL: {"success_fraction":0,"report_to":"cf-nel","max_age":604800}
Server: cloudflare
CF-RAY: 89bf2e723b2b1cb3-AMS
Content-Encoding: gzip
alt-svc: h3=":443"; ma=86400

{
    "success": true,
    "accessToken": "Bearer eyJhbGciOiJIUzI1NiIsInR5cCI6IkpXVCJ9.eyJpZCI6IjY2ODE3OTY4OWVkMjgwMDAxYjQ1OTVmZiIsImlhdCI6MTcxOTc2MTI1NywiZXhwIjoxNzE5NzYyNDU3fQ.Wf8WeQp1F-YmJpbA3ewobKF9y1WKk3jVIXOeErA--Mk",
    "refreshToken": "576271339866f7c4c14c55b176a8a7f308d31e63d4d020bc57b275e4c57f63170591a4cb69fe150d",
    "user": {
        "email": "clfuwlpkhw@ya.ru",
        "name": "faORIIRALi"
    }
}
HTTP/1.1 200 OK
Date: Sun, 30 Jun 2024 15:27:37 GMT
Content-Type: application/json; charset=utf-8
Transfer-Encoding: chunked
Connection: keep-alive
X-Powered-By: Express
Access-Control-Allow-Origin: *
ETag: W/"16d-r2LUBBPc45owqGUkG9NNmLpExRI"
CF-Cache-Status: DYNAMIC
Report-To: {"endpoints":[{"url":"https:\/\/a.nel.cloudflare.com\/report\/v4?s=R5ZsVaNzKUIh3DUy3iL7XPapWtfMjKnFhFO%2FXDEUVLhmquZgkMwcLBrL8ofeFpJqO4azmjk9jVpEcWiDHRQ6R3m%2BGYvp%2BpNX5efTSYtCu7CihQhaLwAofgCiCTllKXkp2EeyCmf9mF3%2BTE2ALRe%2FV81GMkQ%3D"}],"group":"cf-nel","max_age":604800}
NEL: {"success_fraction":0,"report_to":"cf-nel","max_age":604800}
Server: cloudflare
CF-RAY: 89bf2e723b2b1cb3-AMS
Content-Encoding: gzip
alt-svc: h3=":443"; ma=86400

{
    "success": true,
    "accessToken": "Bearer eyJhbGciOiJIUzI1NiIsInR5cCI6IkpXVCJ9.eyJpZCI6IjY2ODE3OTY4OWVkMjgwMDAxYjQ1OTVmZiIsImlhdCI6MTcxOTc2MTI1NywiZXhwIjoxNzE5NzYyNDU3fQ.Wf8WeQp1F-YmJpbA3ewobKF9y1WKk3jVIXOeErA--Mk",
    "refreshToken": "576271339866f7c4c14c55b176a8a7f308d31e63d4d020bc57b275e4c57f63170591a4cb69fe150d",
    "user": {
        "email": "clfuwlpkhw@ya.ru",
        "name": "faORIIRALi"
    }
}
HTTP/1.1 200 OK
Date: Sun, 30 Jun 2024 15:27:37 GMT
Content-Type: application/json; charset=utf-8
Transfer-Encoding: chunked
Connection: keep-alive
X-Powered-By: Express
Access-Control-Allow-Origin: *
ETag: W/"16d-r2LUBBPc45owqGUkG9NNmLpExRI"
CF-Cache-Status: DYNAMIC
Report-To: {"endpoints":[{"url":"https:\/\/a.nel.cloudflare.com\/report\/v4?s=R5ZsVaNzKUIh3DUy3iL7XPapWtfMjKnFhFO%2FXDEUVLhmquZgkMwcLBrL8ofeFpJqO4azmjk9jVpEcWiDHRQ6R3m%2BGYvp%2BpNX5efTSYtCu7CihQhaLwAofgCiCTllKXkp2EeyCmf9mF3%2BTE2ALRe%2FV81GMkQ%3D"}],"group":"cf-nel","max_age":604800}
NEL: {"success_fraction":0,"report_to":"cf-nel","max_age":604800}
Server: cloudflare
CF-RAY: 89bf2e723b2b1cb3-AMS
Content-Encoding: gzip
alt-svc: h3=":443"; ma=86400

{
    "success": true,
    "accessToken": "Bearer eyJhbGciOiJIUzI1NiIsInR5cCI6IkpXVCJ9.eyJpZCI6IjY2ODE3OTY4OWVkMjgwMDAxYjQ1OTVmZiIsImlhdCI6MTcxOTc2MTI1NywiZXhwIjoxNzE5NzYyNDU3fQ.Wf8WeQp1F-YmJpbA3ewobKF9y1WKk3jVIXOeErA--Mk",
    "refreshToken": "576271339866f7c4c14c55b176a8a7f308d31e63d4d020bc57b275e4c57f63170591a4cb69fe150d",
    "user": {
        "email": "clfuwlpkhw@ya.ru",
        "name": "faORIIRALi"
    }
}
HTTP/1.1 200 OK
Date: Sun, 30 Jun 2024 15:27:37 GMT
Content-Type: application/json; charset=utf-8
Transfer-Encoding: chunked
Connection: keep-alive
X-Powered-By: Express
Access-Control-Allow-Origin: *
ETag: W/"16d-r2LUBBPc45owqGUkG9NNmLpExRI"
CF-Cache-Status: DYNAMIC
Report-To: {"endpoints":[{"url":"https:\/\/a.nel.cloudflare.com\/report\/v4?s=R5ZsVaNzKUIh3DUy3iL7XPapWtfMjKnFhFO%2FXDEUVLhmquZgkMwcLBrL8ofeFpJqO4azmjk9jVpEcWiDHRQ6R3m%2BGYvp%2BpNX5efTSYtCu7CihQhaLwAofgCiCTllKXkp2EeyCmf9mF3%2BTE2ALRe%2FV81GMkQ%3D"}],"group":"cf-nel","max_age":604800}
NEL: {"success_fraction":0,"report_to":"cf-nel","max_age":604800}
Server: cloudflare
CF-RAY: 89bf2e723b2b1cb3-AMS
Content-Encoding: gzip
alt-svc: h3=":443"; ma=86400

{
    "success": true,
    "accessToken": "Bearer eyJhbGciOiJIUzI1NiIsInR5cCI6IkpXVCJ9.eyJpZCI6IjY2ODE3OTY4OWVkMjgwMDAxYjQ1OTVmZiIsImlhdCI6MTcxOTc2MTI1NywiZXhwIjoxNzE5NzYyNDU3fQ.Wf8WeQp1F-YmJpbA3ewobKF9y1WKk3jVIXOeErA--Mk",
    "refreshToken": "576271339866f7c4c14c55b176a8a7f308d31e63d4d020bc57b275e4c57f63170591a4cb69fe150d",
    "user": {
        "email": "clfuwlpkhw@ya.ru",
        "name": "faORIIRALi"
    }
}
Request method:	DELETE
Request URI:	https://stellarburgers.nomoreparties.site/api/auth/user
Proxy:			<none>
Request params:	<none>
Query params:	<none>
Form params:	<none>
Path params:	<none>
Headers:		authorization=Bearer eyJhbGciOiJIUzI1NiIsInR5cCI6IkpXVCJ9.eyJpZCI6IjY2ODE3OTY4OWVkMjgwMDAxYjQ1OTVmZiIsImlhdCI6MTcxOTc2MTI1NywiZXhwIjoxNzE5NzYyNDU3fQ.Wf8WeQp1F-YmJpbA3ewobKF9y1WKk3jVIXOeErA--Mk
				Accept=*/*
				Content-Type=application/json
Cookies:		<none>
Multiparts:		<none>
Body:			<none>
Request method:	DELETE
Request URI:	https://stellarburgers.nomoreparties.site/api/auth/user
Proxy:			<none>
Request params:	<none>
Query params:	<none>
Form params:	<none>
Path params:	<none>
Headers:		authorization=Bearer eyJhbGciOiJIUzI1NiIsInR5cCI6IkpXVCJ9.eyJpZCI6IjY2ODE3OTY4OWVkMjgwMDAxYjQ1OTVmZiIsImlhdCI6MTcxOTc2MTI1NywiZXhwIjoxNzE5NzYyNDU3fQ.Wf8WeQp1F-YmJpbA3ewobKF9y1WKk3jVIXOeErA--Mk
				Accept=*/*
				Content-Type=application/json
Cookies:		<none>
Multiparts:		<none>
Body:			<none>
Request method:	DELETE
Request URI:	https://stellarburgers.nomoreparties.site/api/auth/user
Proxy:			<none>
Request params:	<none>
Query params:	<none>
Form params:	<none>
Path params:	<none>
Headers:		authorization=Bearer eyJhbGciOiJIUzI1NiIsInR5cCI6IkpXVCJ9.eyJpZCI6IjY2ODE3OTY4OWVkMjgwMDAxYjQ1OTVmZiIsImlhdCI6MTcxOTc2MTI1NywiZXhwIjoxNzE5NzYyNDU3fQ.Wf8WeQp1F-YmJpbA3ewobKF9y1WKk3jVIXOeErA--Mk
				Accept=*/*
				Content-Type=application/json
Cookies:		<none>
Multiparts:		<none>
Body:			<none>
Request method:	DELETE
Request URI:	https://stellarburgers.nomoreparties.site/api/auth/user
Proxy:			<none>
Request params:	<none>
Query params:	<none>
Form params:	<none>
Path params:	<none>
Headers:		authorization=Bearer eyJhbGciOiJIUzI1NiIsInR5cCI6IkpXVCJ9.eyJpZCI6IjY2ODE3OTY4OWVkMjgwMDAxYjQ1OTVmZiIsImlhdCI6MTcxOTc2MTI1NywiZXhwIjoxNzE5NzYyNDU3fQ.Wf8WeQp1F-YmJpbA3ewobKF9y1WKk3jVIXOeErA--Mk
				Accept=*/*
				Content-Type=application/json
Cookies:		<none>
Multiparts:		<none>
Body:			<none>
Request method:	DELETE
Request URI:	https://stellarburgers.nomoreparties.site/api/auth/user
Proxy:			<none>
Request params:	<none>
Query params:	<none>
Form params:	<none>
Path params:	<none>
Headers:		authorization=Bearer eyJhbGciOiJIUzI1NiIsInR5cCI6IkpXVCJ9.eyJpZCI6IjY2ODE3OTY4OWVkMjgwMDAxYjQ1OTVmZiIsImlhdCI6MTcxOTc2MTI1NywiZXhwIjoxNzE5NzYyNDU3fQ.Wf8WeQp1F-YmJpbA3ewobKF9y1WKk3jVIXOeErA--Mk
				Accept=*/*
				Content-Type=application/json
Cookies:		<none>
Multiparts:		<none>
Body:			<none>
Request method:	DELETE
Request URI:	https://stellarburgers.nomoreparties.site/api/auth/user
Proxy:			<none>
Request params:	<none>
Query params:	<none>
Form params:	<none>
Path params:	<none>
Headers:		authorization=Bearer eyJhbGciOiJIUzI1NiIsInR5cCI6IkpXVCJ9.eyJpZCI6IjY2ODE3OTY4OWVkMjgwMDAxYjQ1OTVmZiIsImlhdCI6MTcxOTc2MTI1NywiZXhwIjoxNzE5NzYyNDU3fQ.Wf8WeQp1F-YmJpbA3ewobKF9y1WKk3jVIXOeErA--Mk
				Accept=*/*
				Content-Type=application/json
Cookies:		<none>
Multiparts:		<none>
Body:			<none>
Request method:	DELETE
Request URI:	https://stellarburgers.nomoreparties.site/api/auth/user
Proxy:			<none>
Request params:	<none>
Query params:	<none>
Form params:	<none>
Path params:	<none>
Headers:		authorization=Bearer eyJhbGciOiJIUzI1NiIsInR5cCI6IkpXVCJ9.eyJpZCI6IjY2ODE3OTY4OWVkMjgwMDAxYjQ1OTVmZiIsImlhdCI6MTcxOTc2MTI1NywiZXhwIjoxNzE5NzYyNDU3fQ.Wf8WeQp1F-YmJpbA3ewobKF9y1WKk3jVIXOeErA--Mk
				Accept=*/*
				Content-Type=application/json
Cookies:		<none>
Multiparts:		<none>
Body:			<none>
Request method:	DELETE
Request URI:	https://stellarburgers.nomoreparties.site/api/auth/user
Proxy:			<none>
Request params:	<none>
Query params:	<none>
Form params:	<none>
Path params:	<none>
Headers:		authorization=Bearer eyJhbGciOiJIUzI1NiIsInR5cCI6IkpXVCJ9.eyJpZCI6IjY2ODE3OTY4OWVkMjgwMDAxYjQ1OTVmZiIsImlhdCI6MTcxOTc2MTI1NywiZXhwIjoxNzE5NzYyNDU3fQ.Wf8WeQp1F-YmJpbA3ewobKF9y1WKk3jVIXOeErA--Mk
				Accept=*/*
				Content-Type=application/json
Cookies:		<none>
Multiparts:		<none>
Body:			<none>
Request method:	DELETE
Request URI:	https://stellarburgers.nomoreparties.site/api/auth/user
Proxy:			<none>
Request params:	<none>
Query params:	<none>
Form params:	<none>
Path params:	<none>
Headers:		authorization=Bearer eyJhbGciOiJIUzI1NiIsInR5cCI6IkpXVCJ9.eyJpZCI6IjY2ODE3OTY4OWVkMjgwMDAxYjQ1OTVmZiIsImlhdCI6MTcxOTc2MTI1NywiZXhwIjoxNzE5NzYyNDU3fQ.Wf8WeQp1F-YmJpbA3ewobKF9y1WKk3jVIXOeErA--Mk
				Accept=*/*
				Content-Type=application/json
Cookies:		<none>
Multiparts:		<none>
Body:			<none>
Request method:	DELETE
Request URI:	https://stellarburgers.nomoreparties.site/api/auth/user
Proxy:			<none>
Request params:	<none>
Query params:	<none>
Form params:	<none>
Path params:	<none>
Headers:		authorization=Bearer eyJhbGciOiJIUzI1NiIsInR5cCI6IkpXVCJ9.eyJpZCI6IjY2ODE3OTY4OWVkMjgwMDAxYjQ1OTVmZiIsImlhdCI6MTcxOTc2MTI1NywiZXhwIjoxNzE5NzYyNDU3fQ.Wf8WeQp1F-YmJpbA3ewobKF9y1WKk3jVIXOeErA--Mk
				Accept=*/*
				Content-Type=application/json
Cookies:		<none>
Multiparts:		<none>
Body:			<none>
HTTP/1.1 202 Accepted
Date: Sun, 30 Jun 2024 15:27:37 GMT
Content-Type: application/json; charset=utf-8
Content-Length: 54
Connection: keep-alive
X-Powered-By: Express
Access-Control-Allow-Origin: *
ETag: W/"36-hDmZnQ3Ou/ynnqAeC6TYmyseuzY"
CF-Cache-Status: DYNAMIC
Report-To: {"endpoints":[{"url":"https:\/\/a.nel.cloudflare.com\/report\/v4?s=7rfTbRA7HfpR8UBW55bKJvJy%2B6ZRNr5WVT7PQfdJr4ar5H1AX0kDSpoHnvSAHE2Cm3eyEZ009a3uuDph8E2GsOlF4E0IevQS9Wytjr93N7Taf6KCuQl0ErAmJv0tXJO2rj%2Fj%2FEEGrTQVxDcN9uxNJDXuD14%3D"}],"group":"cf-nel","max_age":604800}
NEL: {"success_fraction":0,"report_to":"cf-nel","max_age":604800}
Server: cloudflare
CF-RAY: 89bf2e73bb1d0c48-DME
alt-svc: h3=":443"; ma=86400

{
    "success": true,
    "message": "User successfully removed"
}
HTTP/1.1 202 Accepted
Date: Sun, 30 Jun 2024 15:27:37 GMT
Content-Type: application/json; charset=utf-8
Content-Length: 54
Connection: keep-alive
X-Powered-By: Express
Access-Control-Allow-Origin: *
ETag: W/"36-hDmZnQ3Ou/ynnqAeC6TYmyseuzY"
CF-Cache-Status: DYNAMIC
Report-To: {"endpoints":[{"url":"https:\/\/a.nel.cloudflare.com\/report\/v4?s=7rfTbRA7HfpR8UBW55bKJvJy%2B6ZRNr5WVT7PQfdJr4ar5H1AX0kDSpoHnvSAHE2Cm3eyEZ009a3uuDph8E2GsOlF4E0IevQS9Wytjr93N7Taf6KCuQl0ErAmJv0tXJO2rj%2Fj%2FEEGrTQVxDcN9uxNJDXuD14%3D"}],"group":"cf-nel","max_age":604800}
NEL: {"success_fraction":0,"report_to":"cf-nel","max_age":604800}
Server: cloudflare
CF-RAY: 89bf2e73bb1d0c48-DME
alt-svc: h3=":443"; ma=86400

{
    "success": true,
    "message": "User successfully removed"
}
HTTP/1.1 202 Accepted
Date: Sun, 30 Jun 2024 15:27:37 GMT
Content-Type: application/json; charset=utf-8
Content-Length: 54
Connection: keep-alive
X-Powered-By: Express
Access-Control-Allow-Origin: *
ETag: W/"36-hDmZnQ3Ou/ynnqAeC6TYmyseuzY"
CF-Cache-Status: DYNAMIC
Report-To: {"endpoints":[{"url":"https:\/\/a.nel.cloudflare.com\/report\/v4?s=7rfTbRA7HfpR8UBW55bKJvJy%2B6ZRNr5WVT7PQfdJr4ar5H1AX0kDSpoHnvSAHE2Cm3eyEZ009a3uuDph8E2GsOlF4E0IevQS9Wytjr93N7Taf6KCuQl0ErAmJv0tXJO2rj%2Fj%2FEEGrTQVxDcN9uxNJDXuD14%3D"}],"group":"cf-nel","max_age":604800}
NEL: {"success_fraction":0,"report_to":"cf-nel","max_age":604800}
Server: cloudflare
CF-RAY: 89bf2e73bb1d0c48-DME
alt-svc: h3=":443"; ma=86400

{
    "success": true,
    "message": "User successfully removed"
}
HTTP/1.1 202 Accepted
Date: Sun, 30 Jun 2024 15:27:37 GMT
Content-Type: application/json; charset=utf-8
Content-Length: 54
Connection: keep-alive
X-Powered-By: Express
Access-Control-Allow-Origin: *
ETag: W/"36-hDmZnQ3Ou/ynnqAeC6TYmyseuzY"
CF-Cache-Status: DYNAMIC
Report-To: {"endpoints":[{"url":"https:\/\/a.nel.cloudflare.com\/report\/v4?s=7rfTbRA7HfpR8UBW55bKJvJy%2B6ZRNr5WVT7PQfdJr4ar5H1AX0kDSpoHnvSAHE2Cm3eyEZ009a3uuDph8E2GsOlF4E0IevQS9Wytjr93N7Taf6KCuQl0ErAmJv0tXJO2rj%2Fj%2FEEGrTQVxDcN9uxNJDXuD14%3D"}],"group":"cf-nel","max_age":604800}
NEL: {"success_fraction":0,"report_to":"cf-nel","max_age":604800}
Server: cloudflare
CF-RAY: 89bf2e73bb1d0c48-DME
alt-svc: h3=":443"; ma=86400

{
    "success": true,
    "message": "User successfully removed"
}
HTTP/1.1 202 Accepted
Date: Sun, 30 Jun 2024 15:27:37 GMT
Content-Type: application/json; charset=utf-8
Content-Length: 54
Connection: keep-alive
X-Powered-By: Express
Access-Control-Allow-Origin: *
ETag: W/"36-hDmZnQ3Ou/ynnqAeC6TYmyseuzY"
CF-Cache-Status: DYNAMIC
Report-To: {"endpoints":[{"url":"https:\/\/a.nel.cloudflare.com\/report\/v4?s=7rfTbRA7HfpR8UBW55bKJvJy%2B6ZRNr5WVT7PQfdJr4ar5H1AX0kDSpoHnvSAHE2Cm3eyEZ009a3uuDph8E2GsOlF4E0IevQS9Wytjr93N7Taf6KCuQl0ErAmJv0tXJO2rj%2Fj%2FEEGrTQVxDcN9uxNJDXuD14%3D"}],"group":"cf-nel","max_age":604800}
NEL: {"success_fraction":0,"report_to":"cf-nel","max_age":604800}
Server: cloudflare
CF-RAY: 89bf2e73bb1d0c48-DME
alt-svc: h3=":443"; ma=86400

{
    "success": true,
    "message": "User successfully removed"
}
HTTP/1.1 202 Accepted
Date: Sun, 30 Jun 2024 15:27:37 GMT
Content-Type: application/json; charset=utf-8
Content-Length: 54
Connection: keep-alive
X-Powered-By: Express
Access-Control-Allow-Origin: *
ETag: W/"36-hDmZnQ3Ou/ynnqAeC6TYmyseuzY"
CF-Cache-Status: DYNAMIC
Report-To: {"endpoints":[{"url":"https:\/\/a.nel.cloudflare.com\/report\/v4?s=7rfTbRA7HfpR8UBW55bKJvJy%2B6ZRNr5WVT7PQfdJr4ar5H1AX0kDSpoHnvSAHE2Cm3eyEZ009a3uuDph8E2GsOlF4E0IevQS9Wytjr93N7Taf6KCuQl0ErAmJv0tXJO2rj%2Fj%2FEEGrTQVxDcN9uxNJDXuD14%3D"}],"group":"cf-nel","max_age":604800}
NEL: {"success_fraction":0,"report_to":"cf-nel","max_age":604800}
Server: cloudflare
CF-RAY: 89bf2e73bb1d0c48-DME
alt-svc: h3=":443"; ma=86400

{
    "success": true,
    "message": "User successfully removed"
}
HTTP/1.1 202 Accepted
Date: Sun, 30 Jun 2024 15:27:37 GMT
Content-Type: application/json; charset=utf-8
Content-Length: 54
Connection: keep-alive
X-Powered-By: Express
Access-Control-Allow-Origin: *
ETag: W/"36-hDmZnQ3Ou/ynnqAeC6TYmyseuzY"
CF-Cache-Status: DYNAMIC
Report-To: {"endpoints":[{"url":"https:\/\/a.nel.cloudflare.com\/report\/v4?s=7rfTbRA7HfpR8UBW55bKJvJy%2B6ZRNr5WVT7PQfdJr4ar5H1AX0kDSpoHnvSAHE2Cm3eyEZ009a3uuDph8E2GsOlF4E0IevQS9Wytjr93N7Taf6KCuQl0ErAmJv0tXJO2rj%2Fj%2FEEGrTQVxDcN9uxNJDXuD14%3D"}],"group":"cf-nel","max_age":604800}
NEL: {"success_fraction":0,"report_to":"cf-nel","max_age":604800}
Server: cloudflare
CF-RAY: 89bf2e73bb1d0c48-DME
alt-svc: h3=":443"; ma=86400

{
    "success": true,
    "message": "User successfully removed"
}
HTTP/1.1 202 Accepted
Date: Sun, 30 Jun 2024 15:27:37 GMT
Content-Type: application/json; charset=utf-8
Content-Length: 54
Connection: keep-alive
X-Powered-By: Express
Access-Control-Allow-Origin: *
ETag: W/"36-hDmZnQ3Ou/ynnqAeC6TYmyseuzY"
CF-Cache-Status: DYNAMIC
Report-To: {"endpoints":[{"url":"https:\/\/a.nel.cloudflare.com\/report\/v4?s=7rfTbRA7HfpR8UBW55bKJvJy%2B6ZRNr5WVT7PQfdJr4ar5H1AX0kDSpoHnvSAHE2Cm3eyEZ009a3uuDph8E2GsOlF4E0IevQS9Wytjr93N7Taf6KCuQl0ErAmJv0tXJO2rj%2Fj%2FEEGrTQVxDcN9uxNJDXuD14%3D"}],"group":"cf-nel","max_age":604800}
NEL: {"success_fraction":0,"report_to":"cf-nel","max_age":604800}
Server: cloudflare
CF-RAY: 89bf2e73bb1d0c48-DME
alt-svc: h3=":443"; ma=86400

{
    "success": true,
    "message": "User successfully removed"
}
HTTP/1.1 202 Accepted
Date: Sun, 30 Jun 2024 15:27:37 GMT
Content-Type: application/json; charset=utf-8
Content-Length: 54
Connection: keep-alive
X-Powered-By: Express
Access-Control-Allow-Origin: *
ETag: W/"36-hDmZnQ3Ou/ynnqAeC6TYmyseuzY"
CF-Cache-Status: DYNAMIC
Report-To: {"endpoints":[{"url":"https:\/\/a.nel.cloudflare.com\/report\/v4?s=7rfTbRA7HfpR8UBW55bKJvJy%2B6ZRNr5WVT7PQfdJr4ar5H1AX0kDSpoHnvSAHE2Cm3eyEZ009a3uuDph8E2GsOlF4E0IevQS9Wytjr93N7Taf6KCuQl0ErAmJv0tXJO2rj%2Fj%2FEEGrTQVxDcN9uxNJDXuD14%3D"}],"group":"cf-nel","max_age":604800}
NEL: {"success_fraction":0,"report_to":"cf-nel","max_age":604800}
Server: cloudflare
CF-RAY: 89bf2e73bb1d0c48-DME
alt-svc: h3=":443"; ma=86400

{
    "success": true,
    "message": "User successfully removed"
}
HTTP/1.1 202 Accepted
Date: Sun, 30 Jun 2024 15:27:37 GMT
Content-Type: application/json; charset=utf-8
Content-Length: 54
Connection: keep-alive
X-Powered-By: Express
Access-Control-Allow-Origin: *
ETag: W/"36-hDmZnQ3Ou/ynnqAeC6TYmyseuzY"
CF-Cache-Status: DYNAMIC
Report-To: {"endpoints":[{"url":"https:\/\/a.nel.cloudflare.com\/report\/v4?s=7rfTbRA7HfpR8UBW55bKJvJy%2B6ZRNr5WVT7PQfdJr4ar5H1AX0kDSpoHnvSAHE2Cm3eyEZ009a3uuDph8E2GsOlF4E0IevQS9Wytjr93N7Taf6KCuQl0ErAmJv0tXJO2rj%2Fj%2FEEGrTQVxDcN9uxNJDXuD14%3D"}],"group":"cf-nel","max_age":604800}
NEL: {"success_fraction":0,"report_to":"cf-nel","max_age":604800}
Server: cloudflare
CF-RAY: 89bf2e73bb1d0c48-DME
alt-svc: h3=":443"; ma=86400

{
    "success": true,
    "message": "User successfully removed"
}
]]></system-out>
  </testcase>
  <testcase name="createUserWithoutPassword" classname="CreateUserTest" time="0.353">
    <system-out><![CDATA[Request method:	POST
Request URI:	https://stellarburgers.nomoreparties.site/api/auth/register
Proxy:			<none>
Request params:	<none>
Query params:	<none>
Form params:	<none>
Path params:	<none>
Headers:		Accept=*/*
				Content-Type=application/json
Cookies:		<none>
Multiparts:		<none>
Body:
{
    "email": "bWLeuOHyDa@ya.ru",
    "password": "",
    "name": "fiRuKCMcWX"
}
Request method:	POST
Request URI:	https://stellarburgers.nomoreparties.site/api/auth/register
Proxy:			<none>
Request params:	<none>
Query params:	<none>
Form params:	<none>
Path params:	<none>
Headers:		Accept=*/*
				Content-Type=application/json
Cookies:		<none>
Multiparts:		<none>
Body:
{
    "email": "bWLeuOHyDa@ya.ru",
    "password": "",
    "name": "fiRuKCMcWX"
}
Request method:	POST
Request URI:	https://stellarburgers.nomoreparties.site/api/auth/register
Proxy:			<none>
Request params:	<none>
Query params:	<none>
Form params:	<none>
Path params:	<none>
Headers:		Accept=*/*
				Content-Type=application/json
Cookies:		<none>
Multiparts:		<none>
Body:
{
    "email": "bWLeuOHyDa@ya.ru",
    "password": "",
    "name": "fiRuKCMcWX"
}
Request method:	POST
Request URI:	https://stellarburgers.nomoreparties.site/api/auth/register
Proxy:			<none>
Request params:	<none>
Query params:	<none>
Form params:	<none>
Path params:	<none>
Headers:		Accept=*/*
				Content-Type=application/json
Cookies:		<none>
Multiparts:		<none>
Body:
{
    "email": "bWLeuOHyDa@ya.ru",
    "password": "",
    "name": "fiRuKCMcWX"
}
Request method:	POST
Request URI:	https://stellarburgers.nomoreparties.site/api/auth/register
Proxy:			<none>
Request params:	<none>
Query params:	<none>
Form params:	<none>
Path params:	<none>
Headers:		Accept=*/*
				Content-Type=application/json
Cookies:		<none>
Multiparts:		<none>
Body:
{
    "email": "bWLeuOHyDa@ya.ru",
    "password": "",
    "name": "fiRuKCMcWX"
}
Request method:	POST
Request URI:	https://stellarburgers.nomoreparties.site/api/auth/register
Proxy:			<none>
Request params:	<none>
Query params:	<none>
Form params:	<none>
Path params:	<none>
Headers:		Accept=*/*
				Content-Type=application/json
Cookies:		<none>
Multiparts:		<none>
Body:
{
    "email": "bWLeuOHyDa@ya.ru",
    "password": "",
    "name": "fiRuKCMcWX"
}
Request method:	POST
Request URI:	https://stellarburgers.nomoreparties.site/api/auth/register
Proxy:			<none>
Request params:	<none>
Query params:	<none>
Form params:	<none>
Path params:	<none>
Headers:		Accept=*/*
				Content-Type=application/json
Cookies:		<none>
Multiparts:		<none>
Body:
{
    "email": "bWLeuOHyDa@ya.ru",
    "password": "",
    "name": "fiRuKCMcWX"
}
Request method:	POST
Request URI:	https://stellarburgers.nomoreparties.site/api/auth/register
Proxy:			<none>
Request params:	<none>
Query params:	<none>
Form params:	<none>
Path params:	<none>
Headers:		Accept=*/*
				Content-Type=application/json
Cookies:		<none>
Multiparts:		<none>
Body:
{
    "email": "bWLeuOHyDa@ya.ru",
    "password": "",
    "name": "fiRuKCMcWX"
}
Request method:	POST
Request URI:	https://stellarburgers.nomoreparties.site/api/auth/register
Proxy:			<none>
Request params:	<none>
Query params:	<none>
Form params:	<none>
Path params:	<none>
Headers:		Accept=*/*
				Content-Type=application/json
Cookies:		<none>
Multiparts:		<none>
Body:
{
    "email": "bWLeuOHyDa@ya.ru",
    "password": "",
    "name": "fiRuKCMcWX"
}
Request method:	POST
Request URI:	https://stellarburgers.nomoreparties.site/api/auth/register
Proxy:			<none>
Request params:	<none>
Query params:	<none>
Form params:	<none>
Path params:	<none>
Headers:		Accept=*/*
				Content-Type=application/json
Cookies:		<none>
Multiparts:		<none>
Body:
{
    "email": "bWLeuOHyDa@ya.ru",
    "password": "",
    "name": "fiRuKCMcWX"
}
Request method:	POST
Request URI:	https://stellarburgers.nomoreparties.site/api/auth/register
Proxy:			<none>
Request params:	<none>
Query params:	<none>
Form params:	<none>
Path params:	<none>
Headers:		Accept=*/*
				Content-Type=application/json
Cookies:		<none>
Multiparts:		<none>
Body:
{
    "email": "bWLeuOHyDa@ya.ru",
    "password": "",
    "name": "fiRuKCMcWX"
}
HTTP/1.1 403 Forbidden
Date: Sun, 30 Jun 2024 15:27:38 GMT
Content-Type: application/json; charset=utf-8
Transfer-Encoding: chunked
Connection: keep-alive
X-Powered-By: Express
Access-Control-Allow-Origin: *
ETag: W/"4a-EmWdisR78lCFKIQWVZ3yQkk5Ixs"
CF-Cache-Status: DYNAMIC
Report-To: {"endpoints":[{"url":"https:\/\/a.nel.cloudflare.com\/report\/v4?s=ZZ0MDBTaYCiXBmpNm4POZjBp0gOxVPBjnRinjGG%2B3GI8BXnZocpBIpfvmtPUcmP93AlxFpE9xXyg5OT8CRGN6dOMy5R%2FGRwG07uwaI7mwVxid8XuoCrH1R0HmEOuvkfDTPuRYOi0voALTu%2BwBC3eTctLSp4%3D"}],"group":"cf-nel","max_age":604800}
NEL: {"success_fraction":0,"report_to":"cf-nel","max_age":604800}
Server: cloudflare
CF-RAY: 89bf2e76e831635f-LHR
Content-Encoding: gzip
alt-svc: h3=":443"; ma=86400

{
    "success": false,
    "message": "Email, password and name are required fields"
}
HTTP/1.1 403 Forbidden
Date: Sun, 30 Jun 2024 15:27:38 GMT
Content-Type: application/json; charset=utf-8
Transfer-Encoding: chunked
Connection: keep-alive
X-Powered-By: Express
Access-Control-Allow-Origin: *
ETag: W/"4a-EmWdisR78lCFKIQWVZ3yQkk5Ixs"
CF-Cache-Status: DYNAMIC
Report-To: {"endpoints":[{"url":"https:\/\/a.nel.cloudflare.com\/report\/v4?s=ZZ0MDBTaYCiXBmpNm4POZjBp0gOxVPBjnRinjGG%2B3GI8BXnZocpBIpfvmtPUcmP93AlxFpE9xXyg5OT8CRGN6dOMy5R%2FGRwG07uwaI7mwVxid8XuoCrH1R0HmEOuvkfDTPuRYOi0voALTu%2BwBC3eTctLSp4%3D"}],"group":"cf-nel","max_age":604800}
NEL: {"success_fraction":0,"report_to":"cf-nel","max_age":604800}
Server: cloudflare
CF-RAY: 89bf2e76e831635f-LHR
Content-Encoding: gzip
alt-svc: h3=":443"; ma=86400

{
    "success": false,
    "message": "Email, password and name are required fields"
}
HTTP/1.1 403 Forbidden
Date: Sun, 30 Jun 2024 15:27:38 GMT
Content-Type: application/json; charset=utf-8
Transfer-Encoding: chunked
Connection: keep-alive
X-Powered-By: Express
Access-Control-Allow-Origin: *
ETag: W/"4a-EmWdisR78lCFKIQWVZ3yQkk5Ixs"
CF-Cache-Status: DYNAMIC
Report-To: {"endpoints":[{"url":"https:\/\/a.nel.cloudflare.com\/report\/v4?s=ZZ0MDBTaYCiXBmpNm4POZjBp0gOxVPBjnRinjGG%2B3GI8BXnZocpBIpfvmtPUcmP93AlxFpE9xXyg5OT8CRGN6dOMy5R%2FGRwG07uwaI7mwVxid8XuoCrH1R0HmEOuvkfDTPuRYOi0voALTu%2BwBC3eTctLSp4%3D"}],"group":"cf-nel","max_age":604800}
NEL: {"success_fraction":0,"report_to":"cf-nel","max_age":604800}
Server: cloudflare
CF-RAY: 89bf2e76e831635f-LHR
Content-Encoding: gzip
alt-svc: h3=":443"; ma=86400

{
    "success": false,
    "message": "Email, password and name are required fields"
}
HTTP/1.1 403 Forbidden
Date: Sun, 30 Jun 2024 15:27:38 GMT
Content-Type: application/json; charset=utf-8
Transfer-Encoding: chunked
Connection: keep-alive
X-Powered-By: Express
Access-Control-Allow-Origin: *
ETag: W/"4a-EmWdisR78lCFKIQWVZ3yQkk5Ixs"
CF-Cache-Status: DYNAMIC
Report-To: {"endpoints":[{"url":"https:\/\/a.nel.cloudflare.com\/report\/v4?s=ZZ0MDBTaYCiXBmpNm4POZjBp0gOxVPBjnRinjGG%2B3GI8BXnZocpBIpfvmtPUcmP93AlxFpE9xXyg5OT8CRGN6dOMy5R%2FGRwG07uwaI7mwVxid8XuoCrH1R0HmEOuvkfDTPuRYOi0voALTu%2BwBC3eTctLSp4%3D"}],"group":"cf-nel","max_age":604800}
NEL: {"success_fraction":0,"report_to":"cf-nel","max_age":604800}
Server: cloudflare
CF-RAY: 89bf2e76e831635f-LHR
Content-Encoding: gzip
alt-svc: h3=":443"; ma=86400

{
    "success": false,
    "message": "Email, password and name are required fields"
}
HTTP/1.1 403 Forbidden
Date: Sun, 30 Jun 2024 15:27:38 GMT
Content-Type: application/json; charset=utf-8
Transfer-Encoding: chunked
Connection: keep-alive
X-Powered-By: Express
Access-Control-Allow-Origin: *
ETag: W/"4a-EmWdisR78lCFKIQWVZ3yQkk5Ixs"
CF-Cache-Status: DYNAMIC
Report-To: {"endpoints":[{"url":"https:\/\/a.nel.cloudflare.com\/report\/v4?s=ZZ0MDBTaYCiXBmpNm4POZjBp0gOxVPBjnRinjGG%2B3GI8BXnZocpBIpfvmtPUcmP93AlxFpE9xXyg5OT8CRGN6dOMy5R%2FGRwG07uwaI7mwVxid8XuoCrH1R0HmEOuvkfDTPuRYOi0voALTu%2BwBC3eTctLSp4%3D"}],"group":"cf-nel","max_age":604800}
NEL: {"success_fraction":0,"report_to":"cf-nel","max_age":604800}
Server: cloudflare
CF-RAY: 89bf2e76e831635f-LHR
Content-Encoding: gzip
alt-svc: h3=":443"; ma=86400

{
    "success": false,
    "message": "Email, password and name are required fields"
}
HTTP/1.1 403 Forbidden
Date: Sun, 30 Jun 2024 15:27:38 GMT
Content-Type: application/json; charset=utf-8
Transfer-Encoding: chunked
Connection: keep-alive
X-Powered-By: Express
Access-Control-Allow-Origin: *
ETag: W/"4a-EmWdisR78lCFKIQWVZ3yQkk5Ixs"
CF-Cache-Status: DYNAMIC
Report-To: {"endpoints":[{"url":"https:\/\/a.nel.cloudflare.com\/report\/v4?s=ZZ0MDBTaYCiXBmpNm4POZjBp0gOxVPBjnRinjGG%2B3GI8BXnZocpBIpfvmtPUcmP93AlxFpE9xXyg5OT8CRGN6dOMy5R%2FGRwG07uwaI7mwVxid8XuoCrH1R0HmEOuvkfDTPuRYOi0voALTu%2BwBC3eTctLSp4%3D"}],"group":"cf-nel","max_age":604800}
NEL: {"success_fraction":0,"report_to":"cf-nel","max_age":604800}
Server: cloudflare
CF-RAY: 89bf2e76e831635f-LHR
Content-Encoding: gzip
alt-svc: h3=":443"; ma=86400

{
    "success": false,
    "message": "Email, password and name are required fields"
}
HTTP/1.1 403 Forbidden
Date: Sun, 30 Jun 2024 15:27:38 GMT
Content-Type: application/json; charset=utf-8
Transfer-Encoding: chunked
Connection: keep-alive
X-Powered-By: Express
Access-Control-Allow-Origin: *
ETag: W/"4a-EmWdisR78lCFKIQWVZ3yQkk5Ixs"
CF-Cache-Status: DYNAMIC
Report-To: {"endpoints":[{"url":"https:\/\/a.nel.cloudflare.com\/report\/v4?s=ZZ0MDBTaYCiXBmpNm4POZjBp0gOxVPBjnRinjGG%2B3GI8BXnZocpBIpfvmtPUcmP93AlxFpE9xXyg5OT8CRGN6dOMy5R%2FGRwG07uwaI7mwVxid8XuoCrH1R0HmEOuvkfDTPuRYOi0voALTu%2BwBC3eTctLSp4%3D"}],"group":"cf-nel","max_age":604800}
NEL: {"success_fraction":0,"report_to":"cf-nel","max_age":604800}
Server: cloudflare
CF-RAY: 89bf2e76e831635f-LHR
Content-Encoding: gzip
alt-svc: h3=":443"; ma=86400

{
    "success": false,
    "message": "Email, password and name are required fields"
}
HTTP/1.1 403 Forbidden
Date: Sun, 30 Jun 2024 15:27:38 GMT
Content-Type: application/json; charset=utf-8
Transfer-Encoding: chunked
Connection: keep-alive
X-Powered-By: Express
Access-Control-Allow-Origin: *
ETag: W/"4a-EmWdisR78lCFKIQWVZ3yQkk5Ixs"
CF-Cache-Status: DYNAMIC
Report-To: {"endpoints":[{"url":"https:\/\/a.nel.cloudflare.com\/report\/v4?s=ZZ0MDBTaYCiXBmpNm4POZjBp0gOxVPBjnRinjGG%2B3GI8BXnZocpBIpfvmtPUcmP93AlxFpE9xXyg5OT8CRGN6dOMy5R%2FGRwG07uwaI7mwVxid8XuoCrH1R0HmEOuvkfDTPuRYOi0voALTu%2BwBC3eTctLSp4%3D"}],"group":"cf-nel","max_age":604800}
NEL: {"success_fraction":0,"report_to":"cf-nel","max_age":604800}
Server: cloudflare
CF-RAY: 89bf2e76e831635f-LHR
Content-Encoding: gzip
alt-svc: h3=":443"; ma=86400

{
    "success": false,
    "message": "Email, password and name are required fields"
}
HTTP/1.1 403 Forbidden
Date: Sun, 30 Jun 2024 15:27:38 GMT
Content-Type: application/json; charset=utf-8
Transfer-Encoding: chunked
Connection: keep-alive
X-Powered-By: Express
Access-Control-Allow-Origin: *
ETag: W/"4a-EmWdisR78lCFKIQWVZ3yQkk5Ixs"
CF-Cache-Status: DYNAMIC
Report-To: {"endpoints":[{"url":"https:\/\/a.nel.cloudflare.com\/report\/v4?s=ZZ0MDBTaYCiXBmpNm4POZjBp0gOxVPBjnRinjGG%2B3GI8BXnZocpBIpfvmtPUcmP93AlxFpE9xXyg5OT8CRGN6dOMy5R%2FGRwG07uwaI7mwVxid8XuoCrH1R0HmEOuvkfDTPuRYOi0voALTu%2BwBC3eTctLSp4%3D"}],"group":"cf-nel","max_age":604800}
NEL: {"success_fraction":0,"report_to":"cf-nel","max_age":604800}
Server: cloudflare
CF-RAY: 89bf2e76e831635f-LHR
Content-Encoding: gzip
alt-svc: h3=":443"; ma=86400

{
    "success": false,
    "message": "Email, password and name are required fields"
}
HTTP/1.1 403 Forbidden
Date: Sun, 30 Jun 2024 15:27:38 GMT
Content-Type: application/json; charset=utf-8
Transfer-Encoding: chunked
Connection: keep-alive
X-Powered-By: Express
Access-Control-Allow-Origin: *
ETag: W/"4a-EmWdisR78lCFKIQWVZ3yQkk5Ixs"
CF-Cache-Status: DYNAMIC
Report-To: {"endpoints":[{"url":"https:\/\/a.nel.cloudflare.com\/report\/v4?s=ZZ0MDBTaYCiXBmpNm4POZjBp0gOxVPBjnRinjGG%2B3GI8BXnZocpBIpfvmtPUcmP93AlxFpE9xXyg5OT8CRGN6dOMy5R%2FGRwG07uwaI7mwVxid8XuoCrH1R0HmEOuvkfDTPuRYOi0voALTu%2BwBC3eTctLSp4%3D"}],"group":"cf-nel","max_age":604800}
NEL: {"success_fraction":0,"report_to":"cf-nel","max_age":604800}
Server: cloudflare
CF-RAY: 89bf2e76e831635f-LHR
Content-Encoding: gzip
alt-svc: h3=":443"; ma=86400

{
    "success": false,
    "message": "Email, password and name are required fields"
}
HTTP/1.1 403 Forbidden
Date: Sun, 30 Jun 2024 15:27:38 GMT
Content-Type: application/json; charset=utf-8
Transfer-Encoding: chunked
Connection: keep-alive
X-Powered-By: Express
Access-Control-Allow-Origin: *
ETag: W/"4a-EmWdisR78lCFKIQWVZ3yQkk5Ixs"
CF-Cache-Status: DYNAMIC
Report-To: {"endpoints":[{"url":"https:\/\/a.nel.cloudflare.com\/report\/v4?s=ZZ0MDBTaYCiXBmpNm4POZjBp0gOxVPBjnRinjGG%2B3GI8BXnZocpBIpfvmtPUcmP93AlxFpE9xXyg5OT8CRGN6dOMy5R%2FGRwG07uwaI7mwVxid8XuoCrH1R0HmEOuvkfDTPuRYOi0voALTu%2BwBC3eTctLSp4%3D"}],"group":"cf-nel","max_age":604800}
NEL: {"success_fraction":0,"report_to":"cf-nel","max_age":604800}
Server: cloudflare
CF-RAY: 89bf2e76e831635f-LHR
Content-Encoding: gzip
alt-svc: h3=":443"; ma=86400

{
    "success": false,
    "message": "Email, password and name are required fields"
}
]]></system-out>
  </testcase>
  <testcase name="createUserWithoutName" classname="CreateUserTest" time="0.314">
    <system-out><![CDATA[Request method:	POST
Request URI:	https://stellarburgers.nomoreparties.site/api/auth/register
Proxy:			<none>
Request params:	<none>
Query params:	<none>
Form params:	<none>
Path params:	<none>
Headers:		Accept=*/*
				Content-Type=application/json
Cookies:		<none>
Multiparts:		<none>
Body:
{
    "email": "fiTCFOSHgu@ya.ru",
    "password": "NpwzPkKYrr",
    "name": ""
}
Request method:	POST
Request URI:	https://stellarburgers.nomoreparties.site/api/auth/register
Proxy:			<none>
Request params:	<none>
Query params:	<none>
Form params:	<none>
Path params:	<none>
Headers:		Accept=*/*
				Content-Type=application/json
Cookies:		<none>
Multiparts:		<none>
Body:
{
    "email": "fiTCFOSHgu@ya.ru",
    "password": "NpwzPkKYrr",
    "name": ""
}
Request method:	POST
Request URI:	https://stellarburgers.nomoreparties.site/api/auth/register
Proxy:			<none>
Request params:	<none>
Query params:	<none>
Form params:	<none>
Path params:	<none>
Headers:		Accept=*/*
				Content-Type=application/json
Cookies:		<none>
Multiparts:		<none>
Body:
{
    "email": "fiTCFOSHgu@ya.ru",
    "password": "NpwzPkKYrr",
    "name": ""
}
Request method:	POST
Request URI:	https://stellarburgers.nomoreparties.site/api/auth/register
Proxy:			<none>
Request params:	<none>
Query params:	<none>
Form params:	<none>
Path params:	<none>
Headers:		Accept=*/*
				Content-Type=application/json
Cookies:		<none>
Multiparts:		<none>
Body:
{
    "email": "fiTCFOSHgu@ya.ru",
    "password": "NpwzPkKYrr",
    "name": ""
}
Request method:	POST
Request URI:	https://stellarburgers.nomoreparties.site/api/auth/register
Proxy:			<none>
Request params:	<none>
Query params:	<none>
Form params:	<none>
Path params:	<none>
Headers:		Accept=*/*
				Content-Type=application/json
Cookies:		<none>
Multiparts:		<none>
Body:
{
    "email": "fiTCFOSHgu@ya.ru",
    "password": "NpwzPkKYrr",
    "name": ""
}
Request method:	POST
Request URI:	https://stellarburgers.nomoreparties.site/api/auth/register
Proxy:			<none>
Request params:	<none>
Query params:	<none>
Form params:	<none>
Path params:	<none>
Headers:		Accept=*/*
				Content-Type=application/json
Cookies:		<none>
Multiparts:		<none>
Body:
{
    "email": "fiTCFOSHgu@ya.ru",
    "password": "NpwzPkKYrr",
    "name": ""
}
Request method:	POST
Request URI:	https://stellarburgers.nomoreparties.site/api/auth/register
Proxy:			<none>
Request params:	<none>
Query params:	<none>
Form params:	<none>
Path params:	<none>
Headers:		Accept=*/*
				Content-Type=application/json
Cookies:		<none>
Multiparts:		<none>
Body:
{
    "email": "fiTCFOSHgu@ya.ru",
    "password": "NpwzPkKYrr",
    "name": ""
}
Request method:	POST
Request URI:	https://stellarburgers.nomoreparties.site/api/auth/register
Proxy:			<none>
Request params:	<none>
Query params:	<none>
Form params:	<none>
Path params:	<none>
Headers:		Accept=*/*
				Content-Type=application/json
Cookies:		<none>
Multiparts:		<none>
Body:
{
    "email": "fiTCFOSHgu@ya.ru",
    "password": "NpwzPkKYrr",
    "name": ""
}
Request method:	POST
Request URI:	https://stellarburgers.nomoreparties.site/api/auth/register
Proxy:			<none>
Request params:	<none>
Query params:	<none>
Form params:	<none>
Path params:	<none>
Headers:		Accept=*/*
				Content-Type=application/json
Cookies:		<none>
Multiparts:		<none>
Body:
{
    "email": "fiTCFOSHgu@ya.ru",
    "password": "NpwzPkKYrr",
    "name": ""
}
Request method:	POST
Request URI:	https://stellarburgers.nomoreparties.site/api/auth/register
Proxy:			<none>
Request params:	<none>
Query params:	<none>
Form params:	<none>
Path params:	<none>
Headers:		Accept=*/*
				Content-Type=application/json
Cookies:		<none>
Multiparts:		<none>
Body:
{
    "email": "fiTCFOSHgu@ya.ru",
    "password": "NpwzPkKYrr",
    "name": ""
}
Request method:	POST
Request URI:	https://stellarburgers.nomoreparties.site/api/auth/register
Proxy:			<none>
Request params:	<none>
Query params:	<none>
Form params:	<none>
Path params:	<none>
Headers:		Accept=*/*
				Content-Type=application/json
Cookies:		<none>
Multiparts:		<none>
Body:
{
    "email": "fiTCFOSHgu@ya.ru",
    "password": "NpwzPkKYrr",
    "name": ""
}
Request method:	POST
Request URI:	https://stellarburgers.nomoreparties.site/api/auth/register
Proxy:			<none>
Request params:	<none>
Query params:	<none>
Form params:	<none>
Path params:	<none>
Headers:		Accept=*/*
				Content-Type=application/json
Cookies:		<none>
Multiparts:		<none>
Body:
{
    "email": "fiTCFOSHgu@ya.ru",
    "password": "NpwzPkKYrr",
    "name": ""
}
Request method:	POST
Request URI:	https://stellarburgers.nomoreparties.site/api/auth/register
Proxy:			<none>
Request params:	<none>
Query params:	<none>
Form params:	<none>
Path params:	<none>
Headers:		Accept=*/*
				Content-Type=application/json
Cookies:		<none>
Multiparts:		<none>
Body:
{
    "email": "fiTCFOSHgu@ya.ru",
    "password": "NpwzPkKYrr",
    "name": ""
}
HTTP/1.1 403 Forbidden
Date: Sun, 30 Jun 2024 15:27:38 GMT
Content-Type: application/json; charset=utf-8
Transfer-Encoding: chunked
Connection: keep-alive
X-Powered-By: Express
Access-Control-Allow-Origin: *
ETag: W/"4a-EmWdisR78lCFKIQWVZ3yQkk5Ixs"
CF-Cache-Status: DYNAMIC
Report-To: {"endpoints":[{"url":"https:\/\/a.nel.cloudflare.com\/report\/v4?s=rG2B06ttLcobQ%2B2YrOi29Qj8p0P0SFhlOC%2Bh%2B7fl6p3JxKYeH%2F9Qj1ebZLYJeXMQqFGY8kG3B4SdSzX%2FpiltaeLi4qEQBqF0L2OhMtmoKuT25VwjhXxBJmEekYhFl%2FJS4VLoQk6IMO0putbb7WBCIbOTtW4%3D"}],"group":"cf-nel","max_age":604800}
NEL: {"success_fraction":0,"report_to":"cf-nel","max_age":604800}
Server: cloudflare
CF-RAY: 89bf2e78ecd02c2b-FRA
Content-Encoding: gzip
alt-svc: h3=":443"; ma=86400

{
    "success": false,
    "message": "Email, password and name are required fields"
}
HTTP/1.1 403 Forbidden
Date: Sun, 30 Jun 2024 15:27:38 GMT
Content-Type: application/json; charset=utf-8
Transfer-Encoding: chunked
Connection: keep-alive
X-Powered-By: Express
Access-Control-Allow-Origin: *
ETag: W/"4a-EmWdisR78lCFKIQWVZ3yQkk5Ixs"
CF-Cache-Status: DYNAMIC
Report-To: {"endpoints":[{"url":"https:\/\/a.nel.cloudflare.com\/report\/v4?s=rG2B06ttLcobQ%2B2YrOi29Qj8p0P0SFhlOC%2Bh%2B7fl6p3JxKYeH%2F9Qj1ebZLYJeXMQqFGY8kG3B4SdSzX%2FpiltaeLi4qEQBqF0L2OhMtmoKuT25VwjhXxBJmEekYhFl%2FJS4VLoQk6IMO0putbb7WBCIbOTtW4%3D"}],"group":"cf-nel","max_age":604800}
NEL: {"success_fraction":0,"report_to":"cf-nel","max_age":604800}
Server: cloudflare
CF-RAY: 89bf2e78ecd02c2b-FRA
Content-Encoding: gzip
alt-svc: h3=":443"; ma=86400

{
    "success": false,
    "message": "Email, password and name are required fields"
}
HTTP/1.1 403 Forbidden
Date: Sun, 30 Jun 2024 15:27:38 GMT
Content-Type: application/json; charset=utf-8
Transfer-Encoding: chunked
Connection: keep-alive
X-Powered-By: Express
Access-Control-Allow-Origin: *
ETag: W/"4a-EmWdisR78lCFKIQWVZ3yQkk5Ixs"
CF-Cache-Status: DYNAMIC
Report-To: {"endpoints":[{"url":"https:\/\/a.nel.cloudflare.com\/report\/v4?s=rG2B06ttLcobQ%2B2YrOi29Qj8p0P0SFhlOC%2Bh%2B7fl6p3JxKYeH%2F9Qj1ebZLYJeXMQqFGY8kG3B4SdSzX%2FpiltaeLi4qEQBqF0L2OhMtmoKuT25VwjhXxBJmEekYhFl%2FJS4VLoQk6IMO0putbb7WBCIbOTtW4%3D"}],"group":"cf-nel","max_age":604800}
NEL: {"success_fraction":0,"report_to":"cf-nel","max_age":604800}
Server: cloudflare
CF-RAY: 89bf2e78ecd02c2b-FRA
Content-Encoding: gzip
alt-svc: h3=":443"; ma=86400

{
    "success": false,
    "message": "Email, password and name are required fields"
}
HTTP/1.1 403 Forbidden
Date: Sun, 30 Jun 2024 15:27:38 GMT
Content-Type: application/json; charset=utf-8
Transfer-Encoding: chunked
Connection: keep-alive
X-Powered-By: Express
Access-Control-Allow-Origin: *
ETag: W/"4a-EmWdisR78lCFKIQWVZ3yQkk5Ixs"
CF-Cache-Status: DYNAMIC
Report-To: {"endpoints":[{"url":"https:\/\/a.nel.cloudflare.com\/report\/v4?s=rG2B06ttLcobQ%2B2YrOi29Qj8p0P0SFhlOC%2Bh%2B7fl6p3JxKYeH%2F9Qj1ebZLYJeXMQqFGY8kG3B4SdSzX%2FpiltaeLi4qEQBqF0L2OhMtmoKuT25VwjhXxBJmEekYhFl%2FJS4VLoQk6IMO0putbb7WBCIbOTtW4%3D"}],"group":"cf-nel","max_age":604800}
NEL: {"success_fraction":0,"report_to":"cf-nel","max_age":604800}
Server: cloudflare
CF-RAY: 89bf2e78ecd02c2b-FRA
Content-Encoding: gzip
alt-svc: h3=":443"; ma=86400

{
    "success": false,
    "message": "Email, password and name are required fields"
}
HTTP/1.1 403 Forbidden
Date: Sun, 30 Jun 2024 15:27:38 GMT
Content-Type: application/json; charset=utf-8
Transfer-Encoding: chunked
Connection: keep-alive
X-Powered-By: Express
Access-Control-Allow-Origin: *
ETag: W/"4a-EmWdisR78lCFKIQWVZ3yQkk5Ixs"
CF-Cache-Status: DYNAMIC
Report-To: {"endpoints":[{"url":"https:\/\/a.nel.cloudflare.com\/report\/v4?s=rG2B06ttLcobQ%2B2YrOi29Qj8p0P0SFhlOC%2Bh%2B7fl6p3JxKYeH%2F9Qj1ebZLYJeXMQqFGY8kG3B4SdSzX%2FpiltaeLi4qEQBqF0L2OhMtmoKuT25VwjhXxBJmEekYhFl%2FJS4VLoQk6IMO0putbb7WBCIbOTtW4%3D"}],"group":"cf-nel","max_age":604800}
NEL: {"success_fraction":0,"report_to":"cf-nel","max_age":604800}
Server: cloudflare
CF-RAY: 89bf2e78ecd02c2b-FRA
Content-Encoding: gzip
alt-svc: h3=":443"; ma=86400

{
    "success": false,
    "message": "Email, password and name are required fields"
}
HTTP/1.1 403 Forbidden
Date: Sun, 30 Jun 2024 15:27:38 GMT
Content-Type: application/json; charset=utf-8
Transfer-Encoding: chunked
Connection: keep-alive
X-Powered-By: Express
Access-Control-Allow-Origin: *
ETag: W/"4a-EmWdisR78lCFKIQWVZ3yQkk5Ixs"
CF-Cache-Status: DYNAMIC
Report-To: {"endpoints":[{"url":"https:\/\/a.nel.cloudflare.com\/report\/v4?s=rG2B06ttLcobQ%2B2YrOi29Qj8p0P0SFhlOC%2Bh%2B7fl6p3JxKYeH%2F9Qj1ebZLYJeXMQqFGY8kG3B4SdSzX%2FpiltaeLi4qEQBqF0L2OhMtmoKuT25VwjhXxBJmEekYhFl%2FJS4VLoQk6IMO0putbb7WBCIbOTtW4%3D"}],"group":"cf-nel","max_age":604800}
NEL: {"success_fraction":0,"report_to":"cf-nel","max_age":604800}
Server: cloudflare
CF-RAY: 89bf2e78ecd02c2b-FRA
Content-Encoding: gzip
alt-svc: h3=":443"; ma=86400

{
    "success": false,
    "message": "Email, password and name are required fields"
}
HTTP/1.1 403 Forbidden
Date: Sun, 30 Jun 2024 15:27:38 GMT
Content-Type: application/json; charset=utf-8
Transfer-Encoding: chunked
Connection: keep-alive
X-Powered-By: Express
Access-Control-Allow-Origin: *
ETag: W/"4a-EmWdisR78lCFKIQWVZ3yQkk5Ixs"
CF-Cache-Status: DYNAMIC
Report-To: {"endpoints":[{"url":"https:\/\/a.nel.cloudflare.com\/report\/v4?s=rG2B06ttLcobQ%2B2YrOi29Qj8p0P0SFhlOC%2Bh%2B7fl6p3JxKYeH%2F9Qj1ebZLYJeXMQqFGY8kG3B4SdSzX%2FpiltaeLi4qEQBqF0L2OhMtmoKuT25VwjhXxBJmEekYhFl%2FJS4VLoQk6IMO0putbb7WBCIbOTtW4%3D"}],"group":"cf-nel","max_age":604800}
NEL: {"success_fraction":0,"report_to":"cf-nel","max_age":604800}
Server: cloudflare
CF-RAY: 89bf2e78ecd02c2b-FRA
Content-Encoding: gzip
alt-svc: h3=":443"; ma=86400

{
    "success": false,
    "message": "Email, password and name are required fields"
}
HTTP/1.1 403 Forbidden
Date: Sun, 30 Jun 2024 15:27:38 GMT
Content-Type: application/json; charset=utf-8
Transfer-Encoding: chunked
Connection: keep-alive
X-Powered-By: Express
Access-Control-Allow-Origin: *
ETag: W/"4a-EmWdisR78lCFKIQWVZ3yQkk5Ixs"
CF-Cache-Status: DYNAMIC
Report-To: {"endpoints":[{"url":"https:\/\/a.nel.cloudflare.com\/report\/v4?s=rG2B06ttLcobQ%2B2YrOi29Qj8p0P0SFhlOC%2Bh%2B7fl6p3JxKYeH%2F9Qj1ebZLYJeXMQqFGY8kG3B4SdSzX%2FpiltaeLi4qEQBqF0L2OhMtmoKuT25VwjhXxBJmEekYhFl%2FJS4VLoQk6IMO0putbb7WBCIbOTtW4%3D"}],"group":"cf-nel","max_age":604800}
NEL: {"success_fraction":0,"report_to":"cf-nel","max_age":604800}
Server: cloudflare
CF-RAY: 89bf2e78ecd02c2b-FRA
Content-Encoding: gzip
alt-svc: h3=":443"; ma=86400

{
    "success": false,
    "message": "Email, password and name are required fields"
}
HTTP/1.1 403 Forbidden
Date: Sun, 30 Jun 2024 15:27:38 GMT
Content-Type: application/json; charset=utf-8
Transfer-Encoding: chunked
Connection: keep-alive
X-Powered-By: Express
Access-Control-Allow-Origin: *
ETag: W/"4a-EmWdisR78lCFKIQWVZ3yQkk5Ixs"
CF-Cache-Status: DYNAMIC
Report-To: {"endpoints":[{"url":"https:\/\/a.nel.cloudflare.com\/report\/v4?s=rG2B06ttLcobQ%2B2YrOi29Qj8p0P0SFhlOC%2Bh%2B7fl6p3JxKYeH%2F9Qj1ebZLYJeXMQqFGY8kG3B4SdSzX%2FpiltaeLi4qEQBqF0L2OhMtmoKuT25VwjhXxBJmEekYhFl%2FJS4VLoQk6IMO0putbb7WBCIbOTtW4%3D"}],"group":"cf-nel","max_age":604800}
NEL: {"success_fraction":0,"report_to":"cf-nel","max_age":604800}
Server: cloudflare
CF-RAY: 89bf2e78ecd02c2b-FRA
Content-Encoding: gzip
alt-svc: h3=":443"; ma=86400

{
    "success": false,
    "message": "Email, password and name are required fields"
}
HTTP/1.1 403 Forbidden
Date: Sun, 30 Jun 2024 15:27:38 GMT
Content-Type: application/json; charset=utf-8
Transfer-Encoding: chunked
Connection: keep-alive
X-Powered-By: Express
Access-Control-Allow-Origin: *
ETag: W/"4a-EmWdisR78lCFKIQWVZ3yQkk5Ixs"
CF-Cache-Status: DYNAMIC
Report-To: {"endpoints":[{"url":"https:\/\/a.nel.cloudflare.com\/report\/v4?s=rG2B06ttLcobQ%2B2YrOi29Qj8p0P0SFhlOC%2Bh%2B7fl6p3JxKYeH%2F9Qj1ebZLYJeXMQqFGY8kG3B4SdSzX%2FpiltaeLi4qEQBqF0L2OhMtmoKuT25VwjhXxBJmEekYhFl%2FJS4VLoQk6IMO0putbb7WBCIbOTtW4%3D"}],"group":"cf-nel","max_age":604800}
NEL: {"success_fraction":0,"report_to":"cf-nel","max_age":604800}
Server: cloudflare
CF-RAY: 89bf2e78ecd02c2b-FRA
Content-Encoding: gzip
alt-svc: h3=":443"; ma=86400

{
    "success": false,
    "message": "Email, password and name are required fields"
}
HTTP/1.1 403 Forbidden
Date: Sun, 30 Jun 2024 15:27:38 GMT
Content-Type: application/json; charset=utf-8
Transfer-Encoding: chunked
Connection: keep-alive
X-Powered-By: Express
Access-Control-Allow-Origin: *
ETag: W/"4a-EmWdisR78lCFKIQWVZ3yQkk5Ixs"
CF-Cache-Status: DYNAMIC
Report-To: {"endpoints":[{"url":"https:\/\/a.nel.cloudflare.com\/report\/v4?s=rG2B06ttLcobQ%2B2YrOi29Qj8p0P0SFhlOC%2Bh%2B7fl6p3JxKYeH%2F9Qj1ebZLYJeXMQqFGY8kG3B4SdSzX%2FpiltaeLi4qEQBqF0L2OhMtmoKuT25VwjhXxBJmEekYhFl%2FJS4VLoQk6IMO0putbb7WBCIbOTtW4%3D"}],"group":"cf-nel","max_age":604800}
NEL: {"success_fraction":0,"report_to":"cf-nel","max_age":604800}
Server: cloudflare
CF-RAY: 89bf2e78ecd02c2b-FRA
Content-Encoding: gzip
alt-svc: h3=":443"; ma=86400

{
    "success": false,
    "message": "Email, password and name are required fields"
}
HTTP/1.1 403 Forbidden
Date: Sun, 30 Jun 2024 15:27:38 GMT
Content-Type: application/json; charset=utf-8
Transfer-Encoding: chunked
Connection: keep-alive
X-Powered-By: Express
Access-Control-Allow-Origin: *
ETag: W/"4a-EmWdisR78lCFKIQWVZ3yQkk5Ixs"
CF-Cache-Status: DYNAMIC
Report-To: {"endpoints":[{"url":"https:\/\/a.nel.cloudflare.com\/report\/v4?s=rG2B06ttLcobQ%2B2YrOi29Qj8p0P0SFhlOC%2Bh%2B7fl6p3JxKYeH%2F9Qj1ebZLYJeXMQqFGY8kG3B4SdSzX%2FpiltaeLi4qEQBqF0L2OhMtmoKuT25VwjhXxBJmEekYhFl%2FJS4VLoQk6IMO0putbb7WBCIbOTtW4%3D"}],"group":"cf-nel","max_age":604800}
NEL: {"success_fraction":0,"report_to":"cf-nel","max_age":604800}
Server: cloudflare
CF-RAY: 89bf2e78ecd02c2b-FRA
Content-Encoding: gzip
alt-svc: h3=":443"; ma=86400

{
    "success": false,
    "message": "Email, password and name are required fields"
}
HTTP/1.1 403 Forbidden
Date: Sun, 30 Jun 2024 15:27:38 GMT
Content-Type: application/json; charset=utf-8
Transfer-Encoding: chunked
Connection: keep-alive
X-Powered-By: Express
Access-Control-Allow-Origin: *
ETag: W/"4a-EmWdisR78lCFKIQWVZ3yQkk5Ixs"
CF-Cache-Status: DYNAMIC
Report-To: {"endpoints":[{"url":"https:\/\/a.nel.cloudflare.com\/report\/v4?s=rG2B06ttLcobQ%2B2YrOi29Qj8p0P0SFhlOC%2Bh%2B7fl6p3JxKYeH%2F9Qj1ebZLYJeXMQqFGY8kG3B4SdSzX%2FpiltaeLi4qEQBqF0L2OhMtmoKuT25VwjhXxBJmEekYhFl%2FJS4VLoQk6IMO0putbb7WBCIbOTtW4%3D"}],"group":"cf-nel","max_age":604800}
NEL: {"success_fraction":0,"report_to":"cf-nel","max_age":604800}
Server: cloudflare
CF-RAY: 89bf2e78ecd02c2b-FRA
Content-Encoding: gzip
alt-svc: h3=":443"; ma=86400

{
    "success": false,
    "message": "Email, password and name are required fields"
}
]]></system-out>
  </testcase>
  <testcase name="createUserWithoutEmail" classname="CreateUserTest" time="0.184">
    <system-out><![CDATA[Request method:	POST
Request URI:	https://stellarburgers.nomoreparties.site/api/auth/register
Proxy:			<none>
Request params:	<none>
Query params:	<none>
Form params:	<none>
Path params:	<none>
Headers:		Accept=*/*
				Content-Type=application/json
Cookies:		<none>
Multiparts:		<none>
Body:
{
    "email": "",
    "password": "BRUewrfbNF",
    "name": "ahCXgErAQF"
}
Request method:	POST
Request URI:	https://stellarburgers.nomoreparties.site/api/auth/register
Proxy:			<none>
Request params:	<none>
Query params:	<none>
Form params:	<none>
Path params:	<none>
Headers:		Accept=*/*
				Content-Type=application/json
Cookies:		<none>
Multiparts:		<none>
Body:
{
    "email": "",
    "password": "BRUewrfbNF",
    "name": "ahCXgErAQF"
}
Request method:	POST
Request URI:	https://stellarburgers.nomoreparties.site/api/auth/register
Proxy:			<none>
Request params:	<none>
Query params:	<none>
Form params:	<none>
Path params:	<none>
Headers:		Accept=*/*
				Content-Type=application/json
Cookies:		<none>
Multiparts:		<none>
Body:
{
    "email": "",
    "password": "BRUewrfbNF",
    "name": "ahCXgErAQF"
}
Request method:	POST
Request URI:	https://stellarburgers.nomoreparties.site/api/auth/register
Proxy:			<none>
Request params:	<none>
Query params:	<none>
Form params:	<none>
Path params:	<none>
Headers:		Accept=*/*
				Content-Type=application/json
Cookies:		<none>
Multiparts:		<none>
Body:
{
    "email": "",
    "password": "BRUewrfbNF",
    "name": "ahCXgErAQF"
}
Request method:	POST
Request URI:	https://stellarburgers.nomoreparties.site/api/auth/register
Proxy:			<none>
Request params:	<none>
Query params:	<none>
Form params:	<none>
Path params:	<none>
Headers:		Accept=*/*
				Content-Type=application/json
Cookies:		<none>
Multiparts:		<none>
Body:
{
    "email": "",
    "password": "BRUewrfbNF",
    "name": "ahCXgErAQF"
}
Request method:	POST
Request URI:	https://stellarburgers.nomoreparties.site/api/auth/register
Proxy:			<none>
Request params:	<none>
Query params:	<none>
Form params:	<none>
Path params:	<none>
Headers:		Accept=*/*
				Content-Type=application/json
Cookies:		<none>
Multiparts:		<none>
Body:
{
    "email": "",
    "password": "BRUewrfbNF",
    "name": "ahCXgErAQF"
}
Request method:	POST
Request URI:	https://stellarburgers.nomoreparties.site/api/auth/register
Proxy:			<none>
Request params:	<none>
Query params:	<none>
Form params:	<none>
Path params:	<none>
Headers:		Accept=*/*
				Content-Type=application/json
Cookies:		<none>
Multiparts:		<none>
Body:
{
    "email": "",
    "password": "BRUewrfbNF",
    "name": "ahCXgErAQF"
}
Request method:	POST
Request URI:	https://stellarburgers.nomoreparties.site/api/auth/register
Proxy:			<none>
Request params:	<none>
Query params:	<none>
Form params:	<none>
Path params:	<none>
Headers:		Accept=*/*
				Content-Type=application/json
Cookies:		<none>
Multiparts:		<none>
Body:
{
    "email": "",
    "password": "BRUewrfbNF",
    "name": "ahCXgErAQF"
}
Request method:	POST
Request URI:	https://stellarburgers.nomoreparties.site/api/auth/register
Proxy:			<none>
Request params:	<none>
Query params:	<none>
Form params:	<none>
Path params:	<none>
Headers:		Accept=*/*
				Content-Type=application/json
Cookies:		<none>
Multiparts:		<none>
Body:
{
    "email": "",
    "password": "BRUewrfbNF",
    "name": "ahCXgErAQF"
}
Request method:	POST
Request URI:	https://stellarburgers.nomoreparties.site/api/auth/register
Proxy:			<none>
Request params:	<none>
Query params:	<none>
Form params:	<none>
Path params:	<none>
Headers:		Accept=*/*
				Content-Type=application/json
Cookies:		<none>
Multiparts:		<none>
Body:
{
    "email": "",
    "password": "BRUewrfbNF",
    "name": "ahCXgErAQF"
}
Request method:	POST
Request URI:	https://stellarburgers.nomoreparties.site/api/auth/register
Proxy:			<none>
Request params:	<none>
Query params:	<none>
Form params:	<none>
Path params:	<none>
Headers:		Accept=*/*
				Content-Type=application/json
Cookies:		<none>
Multiparts:		<none>
Body:
{
    "email": "",
    "password": "BRUewrfbNF",
    "name": "ahCXgErAQF"
}
Request method:	POST
Request URI:	https://stellarburgers.nomoreparties.site/api/auth/register
Proxy:			<none>
Request params:	<none>
Query params:	<none>
Form params:	<none>
Path params:	<none>
Headers:		Accept=*/*
				Content-Type=application/json
Cookies:		<none>
Multiparts:		<none>
Body:
{
    "email": "",
    "password": "BRUewrfbNF",
    "name": "ahCXgErAQF"
}
Request method:	POST
Request URI:	https://stellarburgers.nomoreparties.site/api/auth/register
Proxy:			<none>
Request params:	<none>
Query params:	<none>
Form params:	<none>
Path params:	<none>
Headers:		Accept=*/*
				Content-Type=application/json
Cookies:		<none>
Multiparts:		<none>
Body:
{
    "email": "",
    "password": "BRUewrfbNF",
    "name": "ahCXgErAQF"
}
Request method:	POST
Request URI:	https://stellarburgers.nomoreparties.site/api/auth/register
Proxy:			<none>
Request params:	<none>
Query params:	<none>
Form params:	<none>
Path params:	<none>
Headers:		Accept=*/*
				Content-Type=application/json
Cookies:		<none>
Multiparts:		<none>
Body:
{
    "email": "",
    "password": "BRUewrfbNF",
    "name": "ahCXgErAQF"
}
Request method:	POST
Request URI:	https://stellarburgers.nomoreparties.site/api/auth/register
Proxy:			<none>
Request params:	<none>
Query params:	<none>
Form params:	<none>
Path params:	<none>
Headers:		Accept=*/*
				Content-Type=application/json
Cookies:		<none>
Multiparts:		<none>
Body:
{
    "email": "",
    "password": "BRUewrfbNF",
    "name": "ahCXgErAQF"
}
HTTP/1.1 403 Forbidden
Date: Sun, 30 Jun 2024 15:27:38 GMT
Content-Type: application/json; charset=utf-8
Transfer-Encoding: chunked
Connection: keep-alive
X-Powered-By: Express
Access-Control-Allow-Origin: *
ETag: W/"4a-EmWdisR78lCFKIQWVZ3yQkk5Ixs"
CF-Cache-Status: DYNAMIC
Report-To: {"endpoints":[{"url":"https:\/\/a.nel.cloudflare.com\/report\/v4?s=HvggeuREPhIMiIIS1sEcMtGnvwrROTW4yg6cDv841YQPk4NmDVKRlkLfWqxLp%2Ber92eyfK4uS2bA%2FinGEaXWeK6%2BwjeDyOwMtGXejR%2BneOGOYHrwitDSnmquEjPyO6ymBwIHshO6h2t3FLW9p7Y6F9%2BQcqA%3D"}],"group":"cf-nel","max_age":604800}
NEL: {"success_fraction":0,"report_to":"cf-nel","max_age":604800}
Server: cloudflare
CF-RAY: 89bf2e7a8b6775a7-DME
Content-Encoding: gzip
alt-svc: h3=":443"; ma=86400

{
    "success": false,
    "message": "Email, password and name are required fields"
}
HTTP/1.1 403 Forbidden
Date: Sun, 30 Jun 2024 15:27:38 GMT
Content-Type: application/json; charset=utf-8
Transfer-Encoding: chunked
Connection: keep-alive
X-Powered-By: Express
Access-Control-Allow-Origin: *
ETag: W/"4a-EmWdisR78lCFKIQWVZ3yQkk5Ixs"
CF-Cache-Status: DYNAMIC
Report-To: {"endpoints":[{"url":"https:\/\/a.nel.cloudflare.com\/report\/v4?s=HvggeuREPhIMiIIS1sEcMtGnvwrROTW4yg6cDv841YQPk4NmDVKRlkLfWqxLp%2Ber92eyfK4uS2bA%2FinGEaXWeK6%2BwjeDyOwMtGXejR%2BneOGOYHrwitDSnmquEjPyO6ymBwIHshO6h2t3FLW9p7Y6F9%2BQcqA%3D"}],"group":"cf-nel","max_age":604800}
NEL: {"success_fraction":0,"report_to":"cf-nel","max_age":604800}
Server: cloudflare
CF-RAY: 89bf2e7a8b6775a7-DME
Content-Encoding: gzip
alt-svc: h3=":443"; ma=86400

{
    "success": false,
    "message": "Email, password and name are required fields"
}
HTTP/1.1 403 Forbidden
Date: Sun, 30 Jun 2024 15:27:38 GMT
Content-Type: application/json; charset=utf-8
Transfer-Encoding: chunked
Connection: keep-alive
X-Powered-By: Express
Access-Control-Allow-Origin: *
ETag: W/"4a-EmWdisR78lCFKIQWVZ3yQkk5Ixs"
CF-Cache-Status: DYNAMIC
Report-To: {"endpoints":[{"url":"https:\/\/a.nel.cloudflare.com\/report\/v4?s=HvggeuREPhIMiIIS1sEcMtGnvwrROTW4yg6cDv841YQPk4NmDVKRlkLfWqxLp%2Ber92eyfK4uS2bA%2FinGEaXWeK6%2BwjeDyOwMtGXejR%2BneOGOYHrwitDSnmquEjPyO6ymBwIHshO6h2t3FLW9p7Y6F9%2BQcqA%3D"}],"group":"cf-nel","max_age":604800}
NEL: {"success_fraction":0,"report_to":"cf-nel","max_age":604800}
Server: cloudflare
CF-RAY: 89bf2e7a8b6775a7-DME
Content-Encoding: gzip
alt-svc: h3=":443"; ma=86400

{
    "success": false,
    "message": "Email, password and name are required fields"
}
HTTP/1.1 403 Forbidden
Date: Sun, 30 Jun 2024 15:27:38 GMT
Content-Type: application/json; charset=utf-8
Transfer-Encoding: chunked
Connection: keep-alive
X-Powered-By: Express
Access-Control-Allow-Origin: *
ETag: W/"4a-EmWdisR78lCFKIQWVZ3yQkk5Ixs"
CF-Cache-Status: DYNAMIC
Report-To: {"endpoints":[{"url":"https:\/\/a.nel.cloudflare.com\/report\/v4?s=HvggeuREPhIMiIIS1sEcMtGnvwrROTW4yg6cDv841YQPk4NmDVKRlkLfWqxLp%2Ber92eyfK4uS2bA%2FinGEaXWeK6%2BwjeDyOwMtGXejR%2BneOGOYHrwitDSnmquEjPyO6ymBwIHshO6h2t3FLW9p7Y6F9%2BQcqA%3D"}],"group":"cf-nel","max_age":604800}
NEL: {"success_fraction":0,"report_to":"cf-nel","max_age":604800}
Server: cloudflare
CF-RAY: 89bf2e7a8b6775a7-DME
Content-Encoding: gzip
alt-svc: h3=":443"; ma=86400

{
    "success": false,
    "message": "Email, password and name are required fields"
}
HTTP/1.1 403 Forbidden
Date: Sun, 30 Jun 2024 15:27:38 GMT
Content-Type: application/json; charset=utf-8
Transfer-Encoding: chunked
Connection: keep-alive
X-Powered-By: Express
Access-Control-Allow-Origin: *
ETag: W/"4a-EmWdisR78lCFKIQWVZ3yQkk5Ixs"
CF-Cache-Status: DYNAMIC
Report-To: {"endpoints":[{"url":"https:\/\/a.nel.cloudflare.com\/report\/v4?s=HvggeuREPhIMiIIS1sEcMtGnvwrROTW4yg6cDv841YQPk4NmDVKRlkLfWqxLp%2Ber92eyfK4uS2bA%2FinGEaXWeK6%2BwjeDyOwMtGXejR%2BneOGOYHrwitDSnmquEjPyO6ymBwIHshO6h2t3FLW9p7Y6F9%2BQcqA%3D"}],"group":"cf-nel","max_age":604800}
NEL: {"success_fraction":0,"report_to":"cf-nel","max_age":604800}
Server: cloudflare
CF-RAY: 89bf2e7a8b6775a7-DME
Content-Encoding: gzip
alt-svc: h3=":443"; ma=86400

{
    "success": false,
    "message": "Email, password and name are required fields"
}
HTTP/1.1 403 Forbidden
Date: Sun, 30 Jun 2024 15:27:38 GMT
Content-Type: application/json; charset=utf-8
Transfer-Encoding: chunked
Connection: keep-alive
X-Powered-By: Express
Access-Control-Allow-Origin: *
ETag: W/"4a-EmWdisR78lCFKIQWVZ3yQkk5Ixs"
CF-Cache-Status: DYNAMIC
Report-To: {"endpoints":[{"url":"https:\/\/a.nel.cloudflare.com\/report\/v4?s=HvggeuREPhIMiIIS1sEcMtGnvwrROTW4yg6cDv841YQPk4NmDVKRlkLfWqxLp%2Ber92eyfK4uS2bA%2FinGEaXWeK6%2BwjeDyOwMtGXejR%2BneOGOYHrwitDSnmquEjPyO6ymBwIHshO6h2t3FLW9p7Y6F9%2BQcqA%3D"}],"group":"cf-nel","max_age":604800}
NEL: {"success_fraction":0,"report_to":"cf-nel","max_age":604800}
Server: cloudflare
CF-RAY: 89bf2e7a8b6775a7-DME
Content-Encoding: gzip
alt-svc: h3=":443"; ma=86400

{
    "success": false,
    "message": "Email, password and name are required fields"
}
HTTP/1.1 403 Forbidden
Date: Sun, 30 Jun 2024 15:27:38 GMT
Content-Type: application/json; charset=utf-8
Transfer-Encoding: chunked
Connection: keep-alive
X-Powered-By: Express
Access-Control-Allow-Origin: *
ETag: W/"4a-EmWdisR78lCFKIQWVZ3yQkk5Ixs"
CF-Cache-Status: DYNAMIC
Report-To: {"endpoints":[{"url":"https:\/\/a.nel.cloudflare.com\/report\/v4?s=HvggeuREPhIMiIIS1sEcMtGnvwrROTW4yg6cDv841YQPk4NmDVKRlkLfWqxLp%2Ber92eyfK4uS2bA%2FinGEaXWeK6%2BwjeDyOwMtGXejR%2BneOGOYHrwitDSnmquEjPyO6ymBwIHshO6h2t3FLW9p7Y6F9%2BQcqA%3D"}],"group":"cf-nel","max_age":604800}
NEL: {"success_fraction":0,"report_to":"cf-nel","max_age":604800}
Server: cloudflare
CF-RAY: 89bf2e7a8b6775a7-DME
Content-Encoding: gzip
alt-svc: h3=":443"; ma=86400

{
    "success": false,
    "message": "Email, password and name are required fields"
}
HTTP/1.1 403 Forbidden
Date: Sun, 30 Jun 2024 15:27:38 GMT
Content-Type: application/json; charset=utf-8
Transfer-Encoding: chunked
Connection: keep-alive
X-Powered-By: Express
Access-Control-Allow-Origin: *
ETag: W/"4a-EmWdisR78lCFKIQWVZ3yQkk5Ixs"
CF-Cache-Status: DYNAMIC
Report-To: {"endpoints":[{"url":"https:\/\/a.nel.cloudflare.com\/report\/v4?s=HvggeuREPhIMiIIS1sEcMtGnvwrROTW4yg6cDv841YQPk4NmDVKRlkLfWqxLp%2Ber92eyfK4uS2bA%2FinGEaXWeK6%2BwjeDyOwMtGXejR%2BneOGOYHrwitDSnmquEjPyO6ymBwIHshO6h2t3FLW9p7Y6F9%2BQcqA%3D"}],"group":"cf-nel","max_age":604800}
NEL: {"success_fraction":0,"report_to":"cf-nel","max_age":604800}
Server: cloudflare
CF-RAY: 89bf2e7a8b6775a7-DME
Content-Encoding: gzip
alt-svc: h3=":443"; ma=86400

{
    "success": false,
    "message": "Email, password and name are required fields"
}
HTTP/1.1 403 Forbidden
Date: Sun, 30 Jun 2024 15:27:38 GMT
Content-Type: application/json; charset=utf-8
Transfer-Encoding: chunked
Connection: keep-alive
X-Powered-By: Express
Access-Control-Allow-Origin: *
ETag: W/"4a-EmWdisR78lCFKIQWVZ3yQkk5Ixs"
CF-Cache-Status: DYNAMIC
Report-To: {"endpoints":[{"url":"https:\/\/a.nel.cloudflare.com\/report\/v4?s=HvggeuREPhIMiIIS1sEcMtGnvwrROTW4yg6cDv841YQPk4NmDVKRlkLfWqxLp%2Ber92eyfK4uS2bA%2FinGEaXWeK6%2BwjeDyOwMtGXejR%2BneOGOYHrwitDSnmquEjPyO6ymBwIHshO6h2t3FLW9p7Y6F9%2BQcqA%3D"}],"group":"cf-nel","max_age":604800}
NEL: {"success_fraction":0,"report_to":"cf-nel","max_age":604800}
Server: cloudflare
CF-RAY: 89bf2e7a8b6775a7-DME
Content-Encoding: gzip
alt-svc: h3=":443"; ma=86400

{
    "success": false,
    "message": "Email, password and name are required fields"
}
HTTP/1.1 403 Forbidden
Date: Sun, 30 Jun 2024 15:27:38 GMT
Content-Type: application/json; charset=utf-8
Transfer-Encoding: chunked
Connection: keep-alive
X-Powered-By: Express
Access-Control-Allow-Origin: *
ETag: W/"4a-EmWdisR78lCFKIQWVZ3yQkk5Ixs"
CF-Cache-Status: DYNAMIC
Report-To: {"endpoints":[{"url":"https:\/\/a.nel.cloudflare.com\/report\/v4?s=HvggeuREPhIMiIIS1sEcMtGnvwrROTW4yg6cDv841YQPk4NmDVKRlkLfWqxLp%2Ber92eyfK4uS2bA%2FinGEaXWeK6%2BwjeDyOwMtGXejR%2BneOGOYHrwitDSnmquEjPyO6ymBwIHshO6h2t3FLW9p7Y6F9%2BQcqA%3D"}],"group":"cf-nel","max_age":604800}
NEL: {"success_fraction":0,"report_to":"cf-nel","max_age":604800}
Server: cloudflare
CF-RAY: 89bf2e7a8b6775a7-DME
Content-Encoding: gzip
alt-svc: h3=":443"; ma=86400

{
    "success": false,
    "message": "Email, password and name are required fields"
}
HTTP/1.1 403 Forbidden
Date: Sun, 30 Jun 2024 15:27:38 GMT
Content-Type: application/json; charset=utf-8
Transfer-Encoding: chunked
Connection: keep-alive
X-Powered-By: Express
Access-Control-Allow-Origin: *
ETag: W/"4a-EmWdisR78lCFKIQWVZ3yQkk5Ixs"
CF-Cache-Status: DYNAMIC
Report-To: {"endpoints":[{"url":"https:\/\/a.nel.cloudflare.com\/report\/v4?s=HvggeuREPhIMiIIS1sEcMtGnvwrROTW4yg6cDv841YQPk4NmDVKRlkLfWqxLp%2Ber92eyfK4uS2bA%2FinGEaXWeK6%2BwjeDyOwMtGXejR%2BneOGOYHrwitDSnmquEjPyO6ymBwIHshO6h2t3FLW9p7Y6F9%2BQcqA%3D"}],"group":"cf-nel","max_age":604800}
NEL: {"success_fraction":0,"report_to":"cf-nel","max_age":604800}
Server: cloudflare
CF-RAY: 89bf2e7a8b6775a7-DME
Content-Encoding: gzip
alt-svc: h3=":443"; ma=86400

{
    "success": false,
    "message": "Email, password and name are required fields"
}
HTTP/1.1 403 Forbidden
Date: Sun, 30 Jun 2024 15:27:38 GMT
Content-Type: application/json; charset=utf-8
Transfer-Encoding: chunked
Connection: keep-alive
X-Powered-By: Express
Access-Control-Allow-Origin: *
ETag: W/"4a-EmWdisR78lCFKIQWVZ3yQkk5Ixs"
CF-Cache-Status: DYNAMIC
Report-To: {"endpoints":[{"url":"https:\/\/a.nel.cloudflare.com\/report\/v4?s=HvggeuREPhIMiIIS1sEcMtGnvwrROTW4yg6cDv841YQPk4NmDVKRlkLfWqxLp%2Ber92eyfK4uS2bA%2FinGEaXWeK6%2BwjeDyOwMtGXejR%2BneOGOYHrwitDSnmquEjPyO6ymBwIHshO6h2t3FLW9p7Y6F9%2BQcqA%3D"}],"group":"cf-nel","max_age":604800}
NEL: {"success_fraction":0,"report_to":"cf-nel","max_age":604800}
Server: cloudflare
CF-RAY: 89bf2e7a8b6775a7-DME
Content-Encoding: gzip
alt-svc: h3=":443"; ma=86400

{
    "success": false,
    "message": "Email, password and name are required fields"
}
HTTP/1.1 403 Forbidden
Date: Sun, 30 Jun 2024 15:27:38 GMT
Content-Type: application/json; charset=utf-8
Transfer-Encoding: chunked
Connection: keep-alive
X-Powered-By: Express
Access-Control-Allow-Origin: *
ETag: W/"4a-EmWdisR78lCFKIQWVZ3yQkk5Ixs"
CF-Cache-Status: DYNAMIC
Report-To: {"endpoints":[{"url":"https:\/\/a.nel.cloudflare.com\/report\/v4?s=HvggeuREPhIMiIIS1sEcMtGnvwrROTW4yg6cDv841YQPk4NmDVKRlkLfWqxLp%2Ber92eyfK4uS2bA%2FinGEaXWeK6%2BwjeDyOwMtGXejR%2BneOGOYHrwitDSnmquEjPyO6ymBwIHshO6h2t3FLW9p7Y6F9%2BQcqA%3D"}],"group":"cf-nel","max_age":604800}
NEL: {"success_fraction":0,"report_to":"cf-nel","max_age":604800}
Server: cloudflare
CF-RAY: 89bf2e7a8b6775a7-DME
Content-Encoding: gzip
alt-svc: h3=":443"; ma=86400

{
    "success": false,
    "message": "Email, password and name are required fields"
}
HTTP/1.1 403 Forbidden
Date: Sun, 30 Jun 2024 15:27:38 GMT
Content-Type: application/json; charset=utf-8
Transfer-Encoding: chunked
Connection: keep-alive
X-Powered-By: Express
Access-Control-Allow-Origin: *
ETag: W/"4a-EmWdisR78lCFKIQWVZ3yQkk5Ixs"
CF-Cache-Status: DYNAMIC
Report-To: {"endpoints":[{"url":"https:\/\/a.nel.cloudflare.com\/report\/v4?s=HvggeuREPhIMiIIS1sEcMtGnvwrROTW4yg6cDv841YQPk4NmDVKRlkLfWqxLp%2Ber92eyfK4uS2bA%2FinGEaXWeK6%2BwjeDyOwMtGXejR%2BneOGOYHrwitDSnmquEjPyO6ymBwIHshO6h2t3FLW9p7Y6F9%2BQcqA%3D"}],"group":"cf-nel","max_age":604800}
NEL: {"success_fraction":0,"report_to":"cf-nel","max_age":604800}
Server: cloudflare
CF-RAY: 89bf2e7a8b6775a7-DME
Content-Encoding: gzip
alt-svc: h3=":443"; ma=86400

{
    "success": false,
    "message": "Email, password and name are required fields"
}
HTTP/1.1 403 Forbidden
Date: Sun, 30 Jun 2024 15:27:38 GMT
Content-Type: application/json; charset=utf-8
Transfer-Encoding: chunked
Connection: keep-alive
X-Powered-By: Express
Access-Control-Allow-Origin: *
ETag: W/"4a-EmWdisR78lCFKIQWVZ3yQkk5Ixs"
CF-Cache-Status: DYNAMIC
Report-To: {"endpoints":[{"url":"https:\/\/a.nel.cloudflare.com\/report\/v4?s=HvggeuREPhIMiIIS1sEcMtGnvwrROTW4yg6cDv841YQPk4NmDVKRlkLfWqxLp%2Ber92eyfK4uS2bA%2FinGEaXWeK6%2BwjeDyOwMtGXejR%2BneOGOYHrwitDSnmquEjPyO6ymBwIHshO6h2t3FLW9p7Y6F9%2BQcqA%3D"}],"group":"cf-nel","max_age":604800}
NEL: {"success_fraction":0,"report_to":"cf-nel","max_age":604800}
Server: cloudflare
CF-RAY: 89bf2e7a8b6775a7-DME
Content-Encoding: gzip
alt-svc: h3=":443"; ma=86400

{
    "success": false,
    "message": "Email, password and name are required fields"
}
]]></system-out>
  </testcase>
  <testcase name="createUser" classname="CreateUserTest" time="1.283">
    <system-out><![CDATA[Request method:	POST
Request URI:	https://stellarburgers.nomoreparties.site/api/auth/register
Proxy:			<none>
Request params:	<none>
Query params:	<none>
Form params:	<none>
Path params:	<none>
Headers:		Accept=*/*
				Content-Type=application/json
Cookies:		<none>
Multiparts:		<none>
Body:
{
    "email": "cBhjOIJRKJ@ya.ru",
    "password": "pWZcshesEU",
    "name": "wIuxvefodT"
}
Request method:	POST
Request URI:	https://stellarburgers.nomoreparties.site/api/auth/register
Proxy:			<none>
Request params:	<none>
Query params:	<none>
Form params:	<none>
Path params:	<none>
Headers:		Accept=*/*
				Content-Type=application/json
Cookies:		<none>
Multiparts:		<none>
Body:
{
    "email": "cBhjOIJRKJ@ya.ru",
    "password": "pWZcshesEU",
    "name": "wIuxvefodT"
}
Request method:	POST
Request URI:	https://stellarburgers.nomoreparties.site/api/auth/register
Proxy:			<none>
Request params:	<none>
Query params:	<none>
Form params:	<none>
Path params:	<none>
Headers:		Accept=*/*
				Content-Type=application/json
Cookies:		<none>
Multiparts:		<none>
Body:
{
    "email": "cBhjOIJRKJ@ya.ru",
    "password": "pWZcshesEU",
    "name": "wIuxvefodT"
}
Request method:	POST
Request URI:	https://stellarburgers.nomoreparties.site/api/auth/register
Proxy:			<none>
Request params:	<none>
Query params:	<none>
Form params:	<none>
Path params:	<none>
Headers:		Accept=*/*
				Content-Type=application/json
Cookies:		<none>
Multiparts:		<none>
Body:
{
    "email": "cBhjOIJRKJ@ya.ru",
    "password": "pWZcshesEU",
    "name": "wIuxvefodT"
}
Request method:	POST
Request URI:	https://stellarburgers.nomoreparties.site/api/auth/register
Proxy:			<none>
Request params:	<none>
Query params:	<none>
Form params:	<none>
Path params:	<none>
Headers:		Accept=*/*
				Content-Type=application/json
Cookies:		<none>
Multiparts:		<none>
Body:
{
    "email": "cBhjOIJRKJ@ya.ru",
    "password": "pWZcshesEU",
    "name": "wIuxvefodT"
}
Request method:	POST
Request URI:	https://stellarburgers.nomoreparties.site/api/auth/register
Proxy:			<none>
Request params:	<none>
Query params:	<none>
Form params:	<none>
Path params:	<none>
Headers:		Accept=*/*
				Content-Type=application/json
Cookies:		<none>
Multiparts:		<none>
Body:
{
    "email": "cBhjOIJRKJ@ya.ru",
    "password": "pWZcshesEU",
    "name": "wIuxvefodT"
}
Request method:	POST
Request URI:	https://stellarburgers.nomoreparties.site/api/auth/register
Proxy:			<none>
Request params:	<none>
Query params:	<none>
Form params:	<none>
Path params:	<none>
Headers:		Accept=*/*
				Content-Type=application/json
Cookies:		<none>
Multiparts:		<none>
Body:
{
    "email": "cBhjOIJRKJ@ya.ru",
    "password": "pWZcshesEU",
    "name": "wIuxvefodT"
}
Request method:	POST
Request URI:	https://stellarburgers.nomoreparties.site/api/auth/register
Proxy:			<none>
Request params:	<none>
Query params:	<none>
Form params:	<none>
Path params:	<none>
Headers:		Accept=*/*
				Content-Type=application/json
Cookies:		<none>
Multiparts:		<none>
Body:
{
    "email": "cBhjOIJRKJ@ya.ru",
    "password": "pWZcshesEU",
    "name": "wIuxvefodT"
}
Request method:	POST
Request URI:	https://stellarburgers.nomoreparties.site/api/auth/register
Proxy:			<none>
Request params:	<none>
Query params:	<none>
Form params:	<none>
Path params:	<none>
Headers:		Accept=*/*
				Content-Type=application/json
Cookies:		<none>
Multiparts:		<none>
Body:
{
    "email": "cBhjOIJRKJ@ya.ru",
    "password": "pWZcshesEU",
    "name": "wIuxvefodT"
}
Request method:	POST
Request URI:	https://stellarburgers.nomoreparties.site/api/auth/register
Proxy:			<none>
Request params:	<none>
Query params:	<none>
Form params:	<none>
Path params:	<none>
Headers:		Accept=*/*
				Content-Type=application/json
Cookies:		<none>
Multiparts:		<none>
Body:
{
    "email": "cBhjOIJRKJ@ya.ru",
    "password": "pWZcshesEU",
    "name": "wIuxvefodT"
}
Request method:	POST
Request URI:	https://stellarburgers.nomoreparties.site/api/auth/register
Proxy:			<none>
Request params:	<none>
Query params:	<none>
Form params:	<none>
Path params:	<none>
Headers:		Accept=*/*
				Content-Type=application/json
Cookies:		<none>
Multiparts:		<none>
Body:
{
    "email": "cBhjOIJRKJ@ya.ru",
    "password": "pWZcshesEU",
    "name": "wIuxvefodT"
}
Request method:	POST
Request URI:	https://stellarburgers.nomoreparties.site/api/auth/register
Proxy:			<none>
Request params:	<none>
Query params:	<none>
Form params:	<none>
Path params:	<none>
Headers:		Accept=*/*
				Content-Type=application/json
Cookies:		<none>
Multiparts:		<none>
Body:
{
    "email": "cBhjOIJRKJ@ya.ru",
    "password": "pWZcshesEU",
    "name": "wIuxvefodT"
}
Request method:	POST
Request URI:	https://stellarburgers.nomoreparties.site/api/auth/register
Proxy:			<none>
Request params:	<none>
Query params:	<none>
Form params:	<none>
Path params:	<none>
Headers:		Accept=*/*
				Content-Type=application/json
Cookies:		<none>
Multiparts:		<none>
Body:
{
    "email": "cBhjOIJRKJ@ya.ru",
    "password": "pWZcshesEU",
    "name": "wIuxvefodT"
}
Request method:	POST
Request URI:	https://stellarburgers.nomoreparties.site/api/auth/register
Proxy:			<none>
Request params:	<none>
Query params:	<none>
Form params:	<none>
Path params:	<none>
Headers:		Accept=*/*
				Content-Type=application/json
Cookies:		<none>
Multiparts:		<none>
Body:
{
    "email": "cBhjOIJRKJ@ya.ru",
    "password": "pWZcshesEU",
    "name": "wIuxvefodT"
}
Request method:	POST
Request URI:	https://stellarburgers.nomoreparties.site/api/auth/register
Proxy:			<none>
Request params:	<none>
Query params:	<none>
Form params:	<none>
Path params:	<none>
Headers:		Accept=*/*
				Content-Type=application/json
Cookies:		<none>
Multiparts:		<none>
Body:
{
    "email": "cBhjOIJRKJ@ya.ru",
    "password": "pWZcshesEU",
    "name": "wIuxvefodT"
}
Request method:	POST
Request URI:	https://stellarburgers.nomoreparties.site/api/auth/register
Proxy:			<none>
Request params:	<none>
Query params:	<none>
Form params:	<none>
Path params:	<none>
Headers:		Accept=*/*
				Content-Type=application/json
Cookies:		<none>
Multiparts:		<none>
Body:
{
    "email": "cBhjOIJRKJ@ya.ru",
    "password": "pWZcshesEU",
    "name": "wIuxvefodT"
}
Request method:	POST
Request URI:	https://stellarburgers.nomoreparties.site/api/auth/register
Proxy:			<none>
Request params:	<none>
Query params:	<none>
Form params:	<none>
Path params:	<none>
Headers:		Accept=*/*
				Content-Type=application/json
Cookies:		<none>
Multiparts:		<none>
Body:
{
    "email": "cBhjOIJRKJ@ya.ru",
    "password": "pWZcshesEU",
    "name": "wIuxvefodT"
}
HTTP/1.1 200 OK
Date: Sun, 30 Jun 2024 15:27:39 GMT
Content-Type: application/json; charset=utf-8
Transfer-Encoding: chunked
Connection: keep-alive
X-Powered-By: Express
Access-Control-Allow-Origin: *
authorization: Bearer eyJhbGciOiJIUzI1NiIsInR5cCI6IkpXVCJ9.eyJpZCI6IjY2ODE3OTZiOWVkMjgwMDAxYjQ1OTYwMiIsImlhdCI6MTcxOTc2MTI1OSwiZXhwIjoxNzE5NzYyNDU5fQ.wEdYH8jEFD2EbFgS3pHCvS2kSn9U4X9ZG9kmzoB4eu0
ETag: W/"16d-j+o9Br4EpzDe49U5zqWlAAGXFi4"
CF-Cache-Status: DYNAMIC
Report-To: {"endpoints":[{"url":"https:\/\/a.nel.cloudflare.com\/report\/v4?s=F4cxwas8EpksiXR4XqODN7Lfzwn9gIKLx2ApbQGU%2FWyTTIknX%2F0q8rCm6g4Est4DWS8KNLPZRiKIafjeWZgM6iClp7J6sgZ%2FgNA%2FBAV48jT0rz7e7li7NYbfaNb2piXL1w8X0WbWxVtVbhSOwDOL43BJFp8%3D"}],"group":"cf-nel","max_age":604800}
NEL: {"success_fraction":0,"report_to":"cf-nel","max_age":604800}
Server: cloudflare
CF-RAY: 89bf2e7c1b2c1c95-AMS
Content-Encoding: gzip
alt-svc: h3=":443"; ma=86400

{
    "success": true,
    "user": {
        "email": "cbhjoijrkj@ya.ru",
        "name": "wIuxvefodT"
    },
    "accessToken": "Bearer eyJhbGciOiJIUzI1NiIsInR5cCI6IkpXVCJ9.eyJpZCI6IjY2ODE3OTZiOWVkMjgwMDAxYjQ1OTYwMiIsImlhdCI6MTcxOTc2MTI1OSwiZXhwIjoxNzE5NzYyNDU5fQ.wEdYH8jEFD2EbFgS3pHCvS2kSn9U4X9ZG9kmzoB4eu0",
    "refreshToken": "a08608b5a73199f6ad50c308152bae946d286f558125c8e1486c9a50a5e04de6264f1e53b84c3130"
}
HTTP/1.1 200 OK
Date: Sun, 30 Jun 2024 15:27:39 GMT
Content-Type: application/json; charset=utf-8
Transfer-Encoding: chunked
Connection: keep-alive
X-Powered-By: Express
Access-Control-Allow-Origin: *
authorization: Bearer eyJhbGciOiJIUzI1NiIsInR5cCI6IkpXVCJ9.eyJpZCI6IjY2ODE3OTZiOWVkMjgwMDAxYjQ1OTYwMiIsImlhdCI6MTcxOTc2MTI1OSwiZXhwIjoxNzE5NzYyNDU5fQ.wEdYH8jEFD2EbFgS3pHCvS2kSn9U4X9ZG9kmzoB4eu0
ETag: W/"16d-j+o9Br4EpzDe49U5zqWlAAGXFi4"
CF-Cache-Status: DYNAMIC
Report-To: {"endpoints":[{"url":"https:\/\/a.nel.cloudflare.com\/report\/v4?s=F4cxwas8EpksiXR4XqODN7Lfzwn9gIKLx2ApbQGU%2FWyTTIknX%2F0q8rCm6g4Est4DWS8KNLPZRiKIafjeWZgM6iClp7J6sgZ%2FgNA%2FBAV48jT0rz7e7li7NYbfaNb2piXL1w8X0WbWxVtVbhSOwDOL43BJFp8%3D"}],"group":"cf-nel","max_age":604800}
NEL: {"success_fraction":0,"report_to":"cf-nel","max_age":604800}
Server: cloudflare
CF-RAY: 89bf2e7c1b2c1c95-AMS
Content-Encoding: gzip
alt-svc: h3=":443"; ma=86400

{
    "success": true,
    "user": {
        "email": "cbhjoijrkj@ya.ru",
        "name": "wIuxvefodT"
    },
    "accessToken": "Bearer eyJhbGciOiJIUzI1NiIsInR5cCI6IkpXVCJ9.eyJpZCI6IjY2ODE3OTZiOWVkMjgwMDAxYjQ1OTYwMiIsImlhdCI6MTcxOTc2MTI1OSwiZXhwIjoxNzE5NzYyNDU5fQ.wEdYH8jEFD2EbFgS3pHCvS2kSn9U4X9ZG9kmzoB4eu0",
    "refreshToken": "a08608b5a73199f6ad50c308152bae946d286f558125c8e1486c9a50a5e04de6264f1e53b84c3130"
}
HTTP/1.1 200 OK
Date: Sun, 30 Jun 2024 15:27:39 GMT
Content-Type: application/json; charset=utf-8
Transfer-Encoding: chunked
Connection: keep-alive
X-Powered-By: Express
Access-Control-Allow-Origin: *
authorization: Bearer eyJhbGciOiJIUzI1NiIsInR5cCI6IkpXVCJ9.eyJpZCI6IjY2ODE3OTZiOWVkMjgwMDAxYjQ1OTYwMiIsImlhdCI6MTcxOTc2MTI1OSwiZXhwIjoxNzE5NzYyNDU5fQ.wEdYH8jEFD2EbFgS3pHCvS2kSn9U4X9ZG9kmzoB4eu0
ETag: W/"16d-j+o9Br4EpzDe49U5zqWlAAGXFi4"
CF-Cache-Status: DYNAMIC
Report-To: {"endpoints":[{"url":"https:\/\/a.nel.cloudflare.com\/report\/v4?s=F4cxwas8EpksiXR4XqODN7Lfzwn9gIKLx2ApbQGU%2FWyTTIknX%2F0q8rCm6g4Est4DWS8KNLPZRiKIafjeWZgM6iClp7J6sgZ%2FgNA%2FBAV48jT0rz7e7li7NYbfaNb2piXL1w8X0WbWxVtVbhSOwDOL43BJFp8%3D"}],"group":"cf-nel","max_age":604800}
NEL: {"success_fraction":0,"report_to":"cf-nel","max_age":604800}
Server: cloudflare
CF-RAY: 89bf2e7c1b2c1c95-AMS
Content-Encoding: gzip
alt-svc: h3=":443"; ma=86400

{
    "success": true,
    "user": {
        "email": "cbhjoijrkj@ya.ru",
        "name": "wIuxvefodT"
    },
    "accessToken": "Bearer eyJhbGciOiJIUzI1NiIsInR5cCI6IkpXVCJ9.eyJpZCI6IjY2ODE3OTZiOWVkMjgwMDAxYjQ1OTYwMiIsImlhdCI6MTcxOTc2MTI1OSwiZXhwIjoxNzE5NzYyNDU5fQ.wEdYH8jEFD2EbFgS3pHCvS2kSn9U4X9ZG9kmzoB4eu0",
    "refreshToken": "a08608b5a73199f6ad50c308152bae946d286f558125c8e1486c9a50a5e04de6264f1e53b84c3130"
}
HTTP/1.1 200 OK
Date: Sun, 30 Jun 2024 15:27:39 GMT
Content-Type: application/json; charset=utf-8
Transfer-Encoding: chunked
Connection: keep-alive
X-Powered-By: Express
Access-Control-Allow-Origin: *
authorization: Bearer eyJhbGciOiJIUzI1NiIsInR5cCI6IkpXVCJ9.eyJpZCI6IjY2ODE3OTZiOWVkMjgwMDAxYjQ1OTYwMiIsImlhdCI6MTcxOTc2MTI1OSwiZXhwIjoxNzE5NzYyNDU5fQ.wEdYH8jEFD2EbFgS3pHCvS2kSn9U4X9ZG9kmzoB4eu0
ETag: W/"16d-j+o9Br4EpzDe49U5zqWlAAGXFi4"
CF-Cache-Status: DYNAMIC
Report-To: {"endpoints":[{"url":"https:\/\/a.nel.cloudflare.com\/report\/v4?s=F4cxwas8EpksiXR4XqODN7Lfzwn9gIKLx2ApbQGU%2FWyTTIknX%2F0q8rCm6g4Est4DWS8KNLPZRiKIafjeWZgM6iClp7J6sgZ%2FgNA%2FBAV48jT0rz7e7li7NYbfaNb2piXL1w8X0WbWxVtVbhSOwDOL43BJFp8%3D"}],"group":"cf-nel","max_age":604800}
NEL: {"success_fraction":0,"report_to":"cf-nel","max_age":604800}
Server: cloudflare
CF-RAY: 89bf2e7c1b2c1c95-AMS
Content-Encoding: gzip
alt-svc: h3=":443"; ma=86400

{
    "success": true,
    "user": {
        "email": "cbhjoijrkj@ya.ru",
        "name": "wIuxvefodT"
    },
    "accessToken": "Bearer eyJhbGciOiJIUzI1NiIsInR5cCI6IkpXVCJ9.eyJpZCI6IjY2ODE3OTZiOWVkMjgwMDAxYjQ1OTYwMiIsImlhdCI6MTcxOTc2MTI1OSwiZXhwIjoxNzE5NzYyNDU5fQ.wEdYH8jEFD2EbFgS3pHCvS2kSn9U4X9ZG9kmzoB4eu0",
    "refreshToken": "a08608b5a73199f6ad50c308152bae946d286f558125c8e1486c9a50a5e04de6264f1e53b84c3130"
}
HTTP/1.1 200 OK
Date: Sun, 30 Jun 2024 15:27:39 GMT
Content-Type: application/json; charset=utf-8
Transfer-Encoding: chunked
Connection: keep-alive
X-Powered-By: Express
Access-Control-Allow-Origin: *
authorization: Bearer eyJhbGciOiJIUzI1NiIsInR5cCI6IkpXVCJ9.eyJpZCI6IjY2ODE3OTZiOWVkMjgwMDAxYjQ1OTYwMiIsImlhdCI6MTcxOTc2MTI1OSwiZXhwIjoxNzE5NzYyNDU5fQ.wEdYH8jEFD2EbFgS3pHCvS2kSn9U4X9ZG9kmzoB4eu0
ETag: W/"16d-j+o9Br4EpzDe49U5zqWlAAGXFi4"
CF-Cache-Status: DYNAMIC
Report-To: {"endpoints":[{"url":"https:\/\/a.nel.cloudflare.com\/report\/v4?s=F4cxwas8EpksiXR4XqODN7Lfzwn9gIKLx2ApbQGU%2FWyTTIknX%2F0q8rCm6g4Est4DWS8KNLPZRiKIafjeWZgM6iClp7J6sgZ%2FgNA%2FBAV48jT0rz7e7li7NYbfaNb2piXL1w8X0WbWxVtVbhSOwDOL43BJFp8%3D"}],"group":"cf-nel","max_age":604800}
NEL: {"success_fraction":0,"report_to":"cf-nel","max_age":604800}
Server: cloudflare
CF-RAY: 89bf2e7c1b2c1c95-AMS
Content-Encoding: gzip
alt-svc: h3=":443"; ma=86400

{
    "success": true,
    "user": {
        "email": "cbhjoijrkj@ya.ru",
        "name": "wIuxvefodT"
    },
    "accessToken": "Bearer eyJhbGciOiJIUzI1NiIsInR5cCI6IkpXVCJ9.eyJpZCI6IjY2ODE3OTZiOWVkMjgwMDAxYjQ1OTYwMiIsImlhdCI6MTcxOTc2MTI1OSwiZXhwIjoxNzE5NzYyNDU5fQ.wEdYH8jEFD2EbFgS3pHCvS2kSn9U4X9ZG9kmzoB4eu0",
    "refreshToken": "a08608b5a73199f6ad50c308152bae946d286f558125c8e1486c9a50a5e04de6264f1e53b84c3130"
}
HTTP/1.1 200 OK
Date: Sun, 30 Jun 2024 15:27:39 GMT
Content-Type: application/json; charset=utf-8
Transfer-Encoding: chunked
Connection: keep-alive
X-Powered-By: Express
Access-Control-Allow-Origin: *
authorization: Bearer eyJhbGciOiJIUzI1NiIsInR5cCI6IkpXVCJ9.eyJpZCI6IjY2ODE3OTZiOWVkMjgwMDAxYjQ1OTYwMiIsImlhdCI6MTcxOTc2MTI1OSwiZXhwIjoxNzE5NzYyNDU5fQ.wEdYH8jEFD2EbFgS3pHCvS2kSn9U4X9ZG9kmzoB4eu0
ETag: W/"16d-j+o9Br4EpzDe49U5zqWlAAGXFi4"
CF-Cache-Status: DYNAMIC
Report-To: {"endpoints":[{"url":"https:\/\/a.nel.cloudflare.com\/report\/v4?s=F4cxwas8EpksiXR4XqODN7Lfzwn9gIKLx2ApbQGU%2FWyTTIknX%2F0q8rCm6g4Est4DWS8KNLPZRiKIafjeWZgM6iClp7J6sgZ%2FgNA%2FBAV48jT0rz7e7li7NYbfaNb2piXL1w8X0WbWxVtVbhSOwDOL43BJFp8%3D"}],"group":"cf-nel","max_age":604800}
NEL: {"success_fraction":0,"report_to":"cf-nel","max_age":604800}
Server: cloudflare
CF-RAY: 89bf2e7c1b2c1c95-AMS
Content-Encoding: gzip
alt-svc: h3=":443"; ma=86400

{
    "success": true,
    "user": {
        "email": "cbhjoijrkj@ya.ru",
        "name": "wIuxvefodT"
    },
    "accessToken": "Bearer eyJhbGciOiJIUzI1NiIsInR5cCI6IkpXVCJ9.eyJpZCI6IjY2ODE3OTZiOWVkMjgwMDAxYjQ1OTYwMiIsImlhdCI6MTcxOTc2MTI1OSwiZXhwIjoxNzE5NzYyNDU5fQ.wEdYH8jEFD2EbFgS3pHCvS2kSn9U4X9ZG9kmzoB4eu0",
    "refreshToken": "a08608b5a73199f6ad50c308152bae946d286f558125c8e1486c9a50a5e04de6264f1e53b84c3130"
}
HTTP/1.1 200 OK
Date: Sun, 30 Jun 2024 15:27:39 GMT
Content-Type: application/json; charset=utf-8
Transfer-Encoding: chunked
Connection: keep-alive
X-Powered-By: Express
Access-Control-Allow-Origin: *
authorization: Bearer eyJhbGciOiJIUzI1NiIsInR5cCI6IkpXVCJ9.eyJpZCI6IjY2ODE3OTZiOWVkMjgwMDAxYjQ1OTYwMiIsImlhdCI6MTcxOTc2MTI1OSwiZXhwIjoxNzE5NzYyNDU5fQ.wEdYH8jEFD2EbFgS3pHCvS2kSn9U4X9ZG9kmzoB4eu0
ETag: W/"16d-j+o9Br4EpzDe49U5zqWlAAGXFi4"
CF-Cache-Status: DYNAMIC
Report-To: {"endpoints":[{"url":"https:\/\/a.nel.cloudflare.com\/report\/v4?s=F4cxwas8EpksiXR4XqODN7Lfzwn9gIKLx2ApbQGU%2FWyTTIknX%2F0q8rCm6g4Est4DWS8KNLPZRiKIafjeWZgM6iClp7J6sgZ%2FgNA%2FBAV48jT0rz7e7li7NYbfaNb2piXL1w8X0WbWxVtVbhSOwDOL43BJFp8%3D"}],"group":"cf-nel","max_age":604800}
NEL: {"success_fraction":0,"report_to":"cf-nel","max_age":604800}
Server: cloudflare
CF-RAY: 89bf2e7c1b2c1c95-AMS
Content-Encoding: gzip
alt-svc: h3=":443"; ma=86400

{
    "success": true,
    "user": {
        "email": "cbhjoijrkj@ya.ru",
        "name": "wIuxvefodT"
    },
    "accessToken": "Bearer eyJhbGciOiJIUzI1NiIsInR5cCI6IkpXVCJ9.eyJpZCI6IjY2ODE3OTZiOWVkMjgwMDAxYjQ1OTYwMiIsImlhdCI6MTcxOTc2MTI1OSwiZXhwIjoxNzE5NzYyNDU5fQ.wEdYH8jEFD2EbFgS3pHCvS2kSn9U4X9ZG9kmzoB4eu0",
    "refreshToken": "a08608b5a73199f6ad50c308152bae946d286f558125c8e1486c9a50a5e04de6264f1e53b84c3130"
}
HTTP/1.1 200 OK
Date: Sun, 30 Jun 2024 15:27:39 GMT
Content-Type: application/json; charset=utf-8
Transfer-Encoding: chunked
Connection: keep-alive
X-Powered-By: Express
Access-Control-Allow-Origin: *
authorization: Bearer eyJhbGciOiJIUzI1NiIsInR5cCI6IkpXVCJ9.eyJpZCI6IjY2ODE3OTZiOWVkMjgwMDAxYjQ1OTYwMiIsImlhdCI6MTcxOTc2MTI1OSwiZXhwIjoxNzE5NzYyNDU5fQ.wEdYH8jEFD2EbFgS3pHCvS2kSn9U4X9ZG9kmzoB4eu0
ETag: W/"16d-j+o9Br4EpzDe49U5zqWlAAGXFi4"
CF-Cache-Status: DYNAMIC
Report-To: {"endpoints":[{"url":"https:\/\/a.nel.cloudflare.com\/report\/v4?s=F4cxwas8EpksiXR4XqODN7Lfzwn9gIKLx2ApbQGU%2FWyTTIknX%2F0q8rCm6g4Est4DWS8KNLPZRiKIafjeWZgM6iClp7J6sgZ%2FgNA%2FBAV48jT0rz7e7li7NYbfaNb2piXL1w8X0WbWxVtVbhSOwDOL43BJFp8%3D"}],"group":"cf-nel","max_age":604800}
NEL: {"success_fraction":0,"report_to":"cf-nel","max_age":604800}
Server: cloudflare
CF-RAY: 89bf2e7c1b2c1c95-AMS
Content-Encoding: gzip
alt-svc: h3=":443"; ma=86400

{
    "success": true,
    "user": {
        "email": "cbhjoijrkj@ya.ru",
        "name": "wIuxvefodT"
    },
    "accessToken": "Bearer eyJhbGciOiJIUzI1NiIsInR5cCI6IkpXVCJ9.eyJpZCI6IjY2ODE3OTZiOWVkMjgwMDAxYjQ1OTYwMiIsImlhdCI6MTcxOTc2MTI1OSwiZXhwIjoxNzE5NzYyNDU5fQ.wEdYH8jEFD2EbFgS3pHCvS2kSn9U4X9ZG9kmzoB4eu0",
    "refreshToken": "a08608b5a73199f6ad50c308152bae946d286f558125c8e1486c9a50a5e04de6264f1e53b84c3130"
}
HTTP/1.1 200 OK
Date: Sun, 30 Jun 2024 15:27:39 GMT
Content-Type: application/json; charset=utf-8
Transfer-Encoding: chunked
Connection: keep-alive
X-Powered-By: Express
Access-Control-Allow-Origin: *
authorization: Bearer eyJhbGciOiJIUzI1NiIsInR5cCI6IkpXVCJ9.eyJpZCI6IjY2ODE3OTZiOWVkMjgwMDAxYjQ1OTYwMiIsImlhdCI6MTcxOTc2MTI1OSwiZXhwIjoxNzE5NzYyNDU5fQ.wEdYH8jEFD2EbFgS3pHCvS2kSn9U4X9ZG9kmzoB4eu0
ETag: W/"16d-j+o9Br4EpzDe49U5zqWlAAGXFi4"
CF-Cache-Status: DYNAMIC
Report-To: {"endpoints":[{"url":"https:\/\/a.nel.cloudflare.com\/report\/v4?s=F4cxwas8EpksiXR4XqODN7Lfzwn9gIKLx2ApbQGU%2FWyTTIknX%2F0q8rCm6g4Est4DWS8KNLPZRiKIafjeWZgM6iClp7J6sgZ%2FgNA%2FBAV48jT0rz7e7li7NYbfaNb2piXL1w8X0WbWxVtVbhSOwDOL43BJFp8%3D"}],"group":"cf-nel","max_age":604800}
NEL: {"success_fraction":0,"report_to":"cf-nel","max_age":604800}
Server: cloudflare
CF-RAY: 89bf2e7c1b2c1c95-AMS
Content-Encoding: gzip
alt-svc: h3=":443"; ma=86400

{
    "success": true,
    "user": {
        "email": "cbhjoijrkj@ya.ru",
        "name": "wIuxvefodT"
    },
    "accessToken": "Bearer eyJhbGciOiJIUzI1NiIsInR5cCI6IkpXVCJ9.eyJpZCI6IjY2ODE3OTZiOWVkMjgwMDAxYjQ1OTYwMiIsImlhdCI6MTcxOTc2MTI1OSwiZXhwIjoxNzE5NzYyNDU5fQ.wEdYH8jEFD2EbFgS3pHCvS2kSn9U4X9ZG9kmzoB4eu0",
    "refreshToken": "a08608b5a73199f6ad50c308152bae946d286f558125c8e1486c9a50a5e04de6264f1e53b84c3130"
}
HTTP/1.1 200 OK
Date: Sun, 30 Jun 2024 15:27:39 GMT
Content-Type: application/json; charset=utf-8
Transfer-Encoding: chunked
Connection: keep-alive
X-Powered-By: Express
Access-Control-Allow-Origin: *
authorization: Bearer eyJhbGciOiJIUzI1NiIsInR5cCI6IkpXVCJ9.eyJpZCI6IjY2ODE3OTZiOWVkMjgwMDAxYjQ1OTYwMiIsImlhdCI6MTcxOTc2MTI1OSwiZXhwIjoxNzE5NzYyNDU5fQ.wEdYH8jEFD2EbFgS3pHCvS2kSn9U4X9ZG9kmzoB4eu0
ETag: W/"16d-j+o9Br4EpzDe49U5zqWlAAGXFi4"
CF-Cache-Status: DYNAMIC
Report-To: {"endpoints":[{"url":"https:\/\/a.nel.cloudflare.com\/report\/v4?s=F4cxwas8EpksiXR4XqODN7Lfzwn9gIKLx2ApbQGU%2FWyTTIknX%2F0q8rCm6g4Est4DWS8KNLPZRiKIafjeWZgM6iClp7J6sgZ%2FgNA%2FBAV48jT0rz7e7li7NYbfaNb2piXL1w8X0WbWxVtVbhSOwDOL43BJFp8%3D"}],"group":"cf-nel","max_age":604800}
NEL: {"success_fraction":0,"report_to":"cf-nel","max_age":604800}
Server: cloudflare
CF-RAY: 89bf2e7c1b2c1c95-AMS
Content-Encoding: gzip
alt-svc: h3=":443"; ma=86400

{
    "success": true,
    "user": {
        "email": "cbhjoijrkj@ya.ru",
        "name": "wIuxvefodT"
    },
    "accessToken": "Bearer eyJhbGciOiJIUzI1NiIsInR5cCI6IkpXVCJ9.eyJpZCI6IjY2ODE3OTZiOWVkMjgwMDAxYjQ1OTYwMiIsImlhdCI6MTcxOTc2MTI1OSwiZXhwIjoxNzE5NzYyNDU5fQ.wEdYH8jEFD2EbFgS3pHCvS2kSn9U4X9ZG9kmzoB4eu0",
    "refreshToken": "a08608b5a73199f6ad50c308152bae946d286f558125c8e1486c9a50a5e04de6264f1e53b84c3130"
}
HTTP/1.1 200 OK
Date: Sun, 30 Jun 2024 15:27:39 GMT
Content-Type: application/json; charset=utf-8
Transfer-Encoding: chunked
Connection: keep-alive
X-Powered-By: Express
Access-Control-Allow-Origin: *
authorization: Bearer eyJhbGciOiJIUzI1NiIsInR5cCI6IkpXVCJ9.eyJpZCI6IjY2ODE3OTZiOWVkMjgwMDAxYjQ1OTYwMiIsImlhdCI6MTcxOTc2MTI1OSwiZXhwIjoxNzE5NzYyNDU5fQ.wEdYH8jEFD2EbFgS3pHCvS2kSn9U4X9ZG9kmzoB4eu0
ETag: W/"16d-j+o9Br4EpzDe49U5zqWlAAGXFi4"
CF-Cache-Status: DYNAMIC
Report-To: {"endpoints":[{"url":"https:\/\/a.nel.cloudflare.com\/report\/v4?s=F4cxwas8EpksiXR4XqODN7Lfzwn9gIKLx2ApbQGU%2FWyTTIknX%2F0q8rCm6g4Est4DWS8KNLPZRiKIafjeWZgM6iClp7J6sgZ%2FgNA%2FBAV48jT0rz7e7li7NYbfaNb2piXL1w8X0WbWxVtVbhSOwDOL43BJFp8%3D"}],"group":"cf-nel","max_age":604800}
NEL: {"success_fraction":0,"report_to":"cf-nel","max_age":604800}
Server: cloudflare
CF-RAY: 89bf2e7c1b2c1c95-AMS
Content-Encoding: gzip
alt-svc: h3=":443"; ma=86400

{
    "success": true,
    "user": {
        "email": "cbhjoijrkj@ya.ru",
        "name": "wIuxvefodT"
    },
    "accessToken": "Bearer eyJhbGciOiJIUzI1NiIsInR5cCI6IkpXVCJ9.eyJpZCI6IjY2ODE3OTZiOWVkMjgwMDAxYjQ1OTYwMiIsImlhdCI6MTcxOTc2MTI1OSwiZXhwIjoxNzE5NzYyNDU5fQ.wEdYH8jEFD2EbFgS3pHCvS2kSn9U4X9ZG9kmzoB4eu0",
    "refreshToken": "a08608b5a73199f6ad50c308152bae946d286f558125c8e1486c9a50a5e04de6264f1e53b84c3130"
}
HTTP/1.1 200 OK
Date: Sun, 30 Jun 2024 15:27:39 GMT
Content-Type: application/json; charset=utf-8
Transfer-Encoding: chunked
Connection: keep-alive
X-Powered-By: Express
Access-Control-Allow-Origin: *
authorization: Bearer eyJhbGciOiJIUzI1NiIsInR5cCI6IkpXVCJ9.eyJpZCI6IjY2ODE3OTZiOWVkMjgwMDAxYjQ1OTYwMiIsImlhdCI6MTcxOTc2MTI1OSwiZXhwIjoxNzE5NzYyNDU5fQ.wEdYH8jEFD2EbFgS3pHCvS2kSn9U4X9ZG9kmzoB4eu0
ETag: W/"16d-j+o9Br4EpzDe49U5zqWlAAGXFi4"
CF-Cache-Status: DYNAMIC
Report-To: {"endpoints":[{"url":"https:\/\/a.nel.cloudflare.com\/report\/v4?s=F4cxwas8EpksiXR4XqODN7Lfzwn9gIKLx2ApbQGU%2FWyTTIknX%2F0q8rCm6g4Est4DWS8KNLPZRiKIafjeWZgM6iClp7J6sgZ%2FgNA%2FBAV48jT0rz7e7li7NYbfaNb2piXL1w8X0WbWxVtVbhSOwDOL43BJFp8%3D"}],"group":"cf-nel","max_age":604800}
NEL: {"success_fraction":0,"report_to":"cf-nel","max_age":604800}
Server: cloudflare
CF-RAY: 89bf2e7c1b2c1c95-AMS
Content-Encoding: gzip
alt-svc: h3=":443"; ma=86400

{
    "success": true,
    "user": {
        "email": "cbhjoijrkj@ya.ru",
        "name": "wIuxvefodT"
    },
    "accessToken": "Bearer eyJhbGciOiJIUzI1NiIsInR5cCI6IkpXVCJ9.eyJpZCI6IjY2ODE3OTZiOWVkMjgwMDAxYjQ1OTYwMiIsImlhdCI6MTcxOTc2MTI1OSwiZXhwIjoxNzE5NzYyNDU5fQ.wEdYH8jEFD2EbFgS3pHCvS2kSn9U4X9ZG9kmzoB4eu0",
    "refreshToken": "a08608b5a73199f6ad50c308152bae946d286f558125c8e1486c9a50a5e04de6264f1e53b84c3130"
}
HTTP/1.1 200 OK
Date: Sun, 30 Jun 2024 15:27:39 GMT
Content-Type: application/json; charset=utf-8
Transfer-Encoding: chunked
Connection: keep-alive
X-Powered-By: Express
Access-Control-Allow-Origin: *
authorization: Bearer eyJhbGciOiJIUzI1NiIsInR5cCI6IkpXVCJ9.eyJpZCI6IjY2ODE3OTZiOWVkMjgwMDAxYjQ1OTYwMiIsImlhdCI6MTcxOTc2MTI1OSwiZXhwIjoxNzE5NzYyNDU5fQ.wEdYH8jEFD2EbFgS3pHCvS2kSn9U4X9ZG9kmzoB4eu0
ETag: W/"16d-j+o9Br4EpzDe49U5zqWlAAGXFi4"
CF-Cache-Status: DYNAMIC
Report-To: {"endpoints":[{"url":"https:\/\/a.nel.cloudflare.com\/report\/v4?s=F4cxwas8EpksiXR4XqODN7Lfzwn9gIKLx2ApbQGU%2FWyTTIknX%2F0q8rCm6g4Est4DWS8KNLPZRiKIafjeWZgM6iClp7J6sgZ%2FgNA%2FBAV48jT0rz7e7li7NYbfaNb2piXL1w8X0WbWxVtVbhSOwDOL43BJFp8%3D"}],"group":"cf-nel","max_age":604800}
NEL: {"success_fraction":0,"report_to":"cf-nel","max_age":604800}
Server: cloudflare
CF-RAY: 89bf2e7c1b2c1c95-AMS
Content-Encoding: gzip
alt-svc: h3=":443"; ma=86400

{
    "success": true,
    "user": {
        "email": "cbhjoijrkj@ya.ru",
        "name": "wIuxvefodT"
    },
    "accessToken": "Bearer eyJhbGciOiJIUzI1NiIsInR5cCI6IkpXVCJ9.eyJpZCI6IjY2ODE3OTZiOWVkMjgwMDAxYjQ1OTYwMiIsImlhdCI6MTcxOTc2MTI1OSwiZXhwIjoxNzE5NzYyNDU5fQ.wEdYH8jEFD2EbFgS3pHCvS2kSn9U4X9ZG9kmzoB4eu0",
    "refreshToken": "a08608b5a73199f6ad50c308152bae946d286f558125c8e1486c9a50a5e04de6264f1e53b84c3130"
}
HTTP/1.1 200 OK
Date: Sun, 30 Jun 2024 15:27:39 GMT
Content-Type: application/json; charset=utf-8
Transfer-Encoding: chunked
Connection: keep-alive
X-Powered-By: Express
Access-Control-Allow-Origin: *
authorization: Bearer eyJhbGciOiJIUzI1NiIsInR5cCI6IkpXVCJ9.eyJpZCI6IjY2ODE3OTZiOWVkMjgwMDAxYjQ1OTYwMiIsImlhdCI6MTcxOTc2MTI1OSwiZXhwIjoxNzE5NzYyNDU5fQ.wEdYH8jEFD2EbFgS3pHCvS2kSn9U4X9ZG9kmzoB4eu0
ETag: W/"16d-j+o9Br4EpzDe49U5zqWlAAGXFi4"
CF-Cache-Status: DYNAMIC
Report-To: {"endpoints":[{"url":"https:\/\/a.nel.cloudflare.com\/report\/v4?s=F4cxwas8EpksiXR4XqODN7Lfzwn9gIKLx2ApbQGU%2FWyTTIknX%2F0q8rCm6g4Est4DWS8KNLPZRiKIafjeWZgM6iClp7J6sgZ%2FgNA%2FBAV48jT0rz7e7li7NYbfaNb2piXL1w8X0WbWxVtVbhSOwDOL43BJFp8%3D"}],"group":"cf-nel","max_age":604800}
NEL: {"success_fraction":0,"report_to":"cf-nel","max_age":604800}
Server: cloudflare
CF-RAY: 89bf2e7c1b2c1c95-AMS
Content-Encoding: gzip
alt-svc: h3=":443"; ma=86400

{
    "success": true,
    "user": {
        "email": "cbhjoijrkj@ya.ru",
        "name": "wIuxvefodT"
    },
    "accessToken": "Bearer eyJhbGciOiJIUzI1NiIsInR5cCI6IkpXVCJ9.eyJpZCI6IjY2ODE3OTZiOWVkMjgwMDAxYjQ1OTYwMiIsImlhdCI6MTcxOTc2MTI1OSwiZXhwIjoxNzE5NzYyNDU5fQ.wEdYH8jEFD2EbFgS3pHCvS2kSn9U4X9ZG9kmzoB4eu0",
    "refreshToken": "a08608b5a73199f6ad50c308152bae946d286f558125c8e1486c9a50a5e04de6264f1e53b84c3130"
}
HTTP/1.1 200 OK
Date: Sun, 30 Jun 2024 15:27:39 GMT
Content-Type: application/json; charset=utf-8
Transfer-Encoding: chunked
Connection: keep-alive
X-Powered-By: Express
Access-Control-Allow-Origin: *
authorization: Bearer eyJhbGciOiJIUzI1NiIsInR5cCI6IkpXVCJ9.eyJpZCI6IjY2ODE3OTZiOWVkMjgwMDAxYjQ1OTYwMiIsImlhdCI6MTcxOTc2MTI1OSwiZXhwIjoxNzE5NzYyNDU5fQ.wEdYH8jEFD2EbFgS3pHCvS2kSn9U4X9ZG9kmzoB4eu0
ETag: W/"16d-j+o9Br4EpzDe49U5zqWlAAGXFi4"
CF-Cache-Status: DYNAMIC
Report-To: {"endpoints":[{"url":"https:\/\/a.nel.cloudflare.com\/report\/v4?s=F4cxwas8EpksiXR4XqODN7Lfzwn9gIKLx2ApbQGU%2FWyTTIknX%2F0q8rCm6g4Est4DWS8KNLPZRiKIafjeWZgM6iClp7J6sgZ%2FgNA%2FBAV48jT0rz7e7li7NYbfaNb2piXL1w8X0WbWxVtVbhSOwDOL43BJFp8%3D"}],"group":"cf-nel","max_age":604800}
NEL: {"success_fraction":0,"report_to":"cf-nel","max_age":604800}
Server: cloudflare
CF-RAY: 89bf2e7c1b2c1c95-AMS
Content-Encoding: gzip
alt-svc: h3=":443"; ma=86400

{
    "success": true,
    "user": {
        "email": "cbhjoijrkj@ya.ru",
        "name": "wIuxvefodT"
    },
    "accessToken": "Bearer eyJhbGciOiJIUzI1NiIsInR5cCI6IkpXVCJ9.eyJpZCI6IjY2ODE3OTZiOWVkMjgwMDAxYjQ1OTYwMiIsImlhdCI6MTcxOTc2MTI1OSwiZXhwIjoxNzE5NzYyNDU5fQ.wEdYH8jEFD2EbFgS3pHCvS2kSn9U4X9ZG9kmzoB4eu0",
    "refreshToken": "a08608b5a73199f6ad50c308152bae946d286f558125c8e1486c9a50a5e04de6264f1e53b84c3130"
}
HTTP/1.1 200 OK
Date: Sun, 30 Jun 2024 15:27:39 GMT
Content-Type: application/json; charset=utf-8
Transfer-Encoding: chunked
Connection: keep-alive
X-Powered-By: Express
Access-Control-Allow-Origin: *
authorization: Bearer eyJhbGciOiJIUzI1NiIsInR5cCI6IkpXVCJ9.eyJpZCI6IjY2ODE3OTZiOWVkMjgwMDAxYjQ1OTYwMiIsImlhdCI6MTcxOTc2MTI1OSwiZXhwIjoxNzE5NzYyNDU5fQ.wEdYH8jEFD2EbFgS3pHCvS2kSn9U4X9ZG9kmzoB4eu0
ETag: W/"16d-j+o9Br4EpzDe49U5zqWlAAGXFi4"
CF-Cache-Status: DYNAMIC
Report-To: {"endpoints":[{"url":"https:\/\/a.nel.cloudflare.com\/report\/v4?s=F4cxwas8EpksiXR4XqODN7Lfzwn9gIKLx2ApbQGU%2FWyTTIknX%2F0q8rCm6g4Est4DWS8KNLPZRiKIafjeWZgM6iClp7J6sgZ%2FgNA%2FBAV48jT0rz7e7li7NYbfaNb2piXL1w8X0WbWxVtVbhSOwDOL43BJFp8%3D"}],"group":"cf-nel","max_age":604800}
NEL: {"success_fraction":0,"report_to":"cf-nel","max_age":604800}
Server: cloudflare
CF-RAY: 89bf2e7c1b2c1c95-AMS
Content-Encoding: gzip
alt-svc: h3=":443"; ma=86400

{
    "success": true,
    "user": {
        "email": "cbhjoijrkj@ya.ru",
        "name": "wIuxvefodT"
    },
    "accessToken": "Bearer eyJhbGciOiJIUzI1NiIsInR5cCI6IkpXVCJ9.eyJpZCI6IjY2ODE3OTZiOWVkMjgwMDAxYjQ1OTYwMiIsImlhdCI6MTcxOTc2MTI1OSwiZXhwIjoxNzE5NzYyNDU5fQ.wEdYH8jEFD2EbFgS3pHCvS2kSn9U4X9ZG9kmzoB4eu0",
    "refreshToken": "a08608b5a73199f6ad50c308152bae946d286f558125c8e1486c9a50a5e04de6264f1e53b84c3130"
}
HTTP/1.1 200 OK
Date: Sun, 30 Jun 2024 15:27:39 GMT
Content-Type: application/json; charset=utf-8
Transfer-Encoding: chunked
Connection: keep-alive
X-Powered-By: Express
Access-Control-Allow-Origin: *
authorization: Bearer eyJhbGciOiJIUzI1NiIsInR5cCI6IkpXVCJ9.eyJpZCI6IjY2ODE3OTZiOWVkMjgwMDAxYjQ1OTYwMiIsImlhdCI6MTcxOTc2MTI1OSwiZXhwIjoxNzE5NzYyNDU5fQ.wEdYH8jEFD2EbFgS3pHCvS2kSn9U4X9ZG9kmzoB4eu0
ETag: W/"16d-j+o9Br4EpzDe49U5zqWlAAGXFi4"
CF-Cache-Status: DYNAMIC
Report-To: {"endpoints":[{"url":"https:\/\/a.nel.cloudflare.com\/report\/v4?s=F4cxwas8EpksiXR4XqODN7Lfzwn9gIKLx2ApbQGU%2FWyTTIknX%2F0q8rCm6g4Est4DWS8KNLPZRiKIafjeWZgM6iClp7J6sgZ%2FgNA%2FBAV48jT0rz7e7li7NYbfaNb2piXL1w8X0WbWxVtVbhSOwDOL43BJFp8%3D"}],"group":"cf-nel","max_age":604800}
NEL: {"success_fraction":0,"report_to":"cf-nel","max_age":604800}
Server: cloudflare
CF-RAY: 89bf2e7c1b2c1c95-AMS
Content-Encoding: gzip
alt-svc: h3=":443"; ma=86400

{
    "success": true,
    "user": {
        "email": "cbhjoijrkj@ya.ru",
        "name": "wIuxvefodT"
    },
    "accessToken": "Bearer eyJhbGciOiJIUzI1NiIsInR5cCI6IkpXVCJ9.eyJpZCI6IjY2ODE3OTZiOWVkMjgwMDAxYjQ1OTYwMiIsImlhdCI6MTcxOTc2MTI1OSwiZXhwIjoxNzE5NzYyNDU5fQ.wEdYH8jEFD2EbFgS3pHCvS2kSn9U4X9ZG9kmzoB4eu0",
    "refreshToken": "a08608b5a73199f6ad50c308152bae946d286f558125c8e1486c9a50a5e04de6264f1e53b84c3130"
}
Request method:	POST
Request URI:	https://stellarburgers.nomoreparties.site/api/auth/login
Proxy:			<none>
Request params:	<none>
Query params:	<none>
Form params:	<none>
Path params:	<none>
Headers:		Accept=*/*
				Content-Type=application/json
Cookies:		<none>
Multiparts:		<none>
Body:
{
    "email": "cBhjOIJRKJ@ya.ru",
    "password": "pWZcshesEU",
    "name": "wIuxvefodT"
}
Request method:	POST
Request URI:	https://stellarburgers.nomoreparties.site/api/auth/login
Proxy:			<none>
Request params:	<none>
Query params:	<none>
Form params:	<none>
Path params:	<none>
Headers:		Accept=*/*
				Content-Type=application/json
Cookies:		<none>
Multiparts:		<none>
Body:
{
    "email": "cBhjOIJRKJ@ya.ru",
    "password": "pWZcshesEU",
    "name": "wIuxvefodT"
}
Request method:	POST
Request URI:	https://stellarburgers.nomoreparties.site/api/auth/login
Proxy:			<none>
Request params:	<none>
Query params:	<none>
Form params:	<none>
Path params:	<none>
Headers:		Accept=*/*
				Content-Type=application/json
Cookies:		<none>
Multiparts:		<none>
Body:
{
    "email": "cBhjOIJRKJ@ya.ru",
    "password": "pWZcshesEU",
    "name": "wIuxvefodT"
}
Request method:	POST
Request URI:	https://stellarburgers.nomoreparties.site/api/auth/login
Proxy:			<none>
Request params:	<none>
Query params:	<none>
Form params:	<none>
Path params:	<none>
Headers:		Accept=*/*
				Content-Type=application/json
Cookies:		<none>
Multiparts:		<none>
Body:
{
    "email": "cBhjOIJRKJ@ya.ru",
    "password": "pWZcshesEU",
    "name": "wIuxvefodT"
}
Request method:	POST
Request URI:	https://stellarburgers.nomoreparties.site/api/auth/login
Proxy:			<none>
Request params:	<none>
Query params:	<none>
Form params:	<none>
Path params:	<none>
Headers:		Accept=*/*
				Content-Type=application/json
Cookies:		<none>
Multiparts:		<none>
Body:
{
    "email": "cBhjOIJRKJ@ya.ru",
    "password": "pWZcshesEU",
    "name": "wIuxvefodT"
}
Request method:	POST
Request URI:	https://stellarburgers.nomoreparties.site/api/auth/login
Proxy:			<none>
Request params:	<none>
Query params:	<none>
Form params:	<none>
Path params:	<none>
Headers:		Accept=*/*
				Content-Type=application/json
Cookies:		<none>
Multiparts:		<none>
Body:
{
    "email": "cBhjOIJRKJ@ya.ru",
    "password": "pWZcshesEU",
    "name": "wIuxvefodT"
}
Request method:	POST
Request URI:	https://stellarburgers.nomoreparties.site/api/auth/login
Proxy:			<none>
Request params:	<none>
Query params:	<none>
Form params:	<none>
Path params:	<none>
Headers:		Accept=*/*
				Content-Type=application/json
Cookies:		<none>
Multiparts:		<none>
Body:
{
    "email": "cBhjOIJRKJ@ya.ru",
    "password": "pWZcshesEU",
    "name": "wIuxvefodT"
}
Request method:	POST
Request URI:	https://stellarburgers.nomoreparties.site/api/auth/login
Proxy:			<none>
Request params:	<none>
Query params:	<none>
Form params:	<none>
Path params:	<none>
Headers:		Accept=*/*
				Content-Type=application/json
Cookies:		<none>
Multiparts:		<none>
Body:
{
    "email": "cBhjOIJRKJ@ya.ru",
    "password": "pWZcshesEU",
    "name": "wIuxvefodT"
}
Request method:	POST
Request URI:	https://stellarburgers.nomoreparties.site/api/auth/login
Proxy:			<none>
Request params:	<none>
Query params:	<none>
Form params:	<none>
Path params:	<none>
Headers:		Accept=*/*
				Content-Type=application/json
Cookies:		<none>
Multiparts:		<none>
Body:
{
    "email": "cBhjOIJRKJ@ya.ru",
    "password": "pWZcshesEU",
    "name": "wIuxvefodT"
}
Request method:	POST
Request URI:	https://stellarburgers.nomoreparties.site/api/auth/login
Proxy:			<none>
Request params:	<none>
Query params:	<none>
Form params:	<none>
Path params:	<none>
Headers:		Accept=*/*
				Content-Type=application/json
Cookies:		<none>
Multiparts:		<none>
Body:
{
    "email": "cBhjOIJRKJ@ya.ru",
    "password": "pWZcshesEU",
    "name": "wIuxvefodT"
}
Request method:	POST
Request URI:	https://stellarburgers.nomoreparties.site/api/auth/login
Proxy:			<none>
Request params:	<none>
Query params:	<none>
Form params:	<none>
Path params:	<none>
Headers:		Accept=*/*
				Content-Type=application/json
Cookies:		<none>
Multiparts:		<none>
Body:
{
    "email": "cBhjOIJRKJ@ya.ru",
    "password": "pWZcshesEU",
    "name": "wIuxvefodT"
}
Request method:	POST
Request URI:	https://stellarburgers.nomoreparties.site/api/auth/login
Proxy:			<none>
Request params:	<none>
Query params:	<none>
Form params:	<none>
Path params:	<none>
Headers:		Accept=*/*
				Content-Type=application/json
Cookies:		<none>
Multiparts:		<none>
Body:
{
    "email": "cBhjOIJRKJ@ya.ru",
    "password": "pWZcshesEU",
    "name": "wIuxvefodT"
}
Request method:	POST
Request URI:	https://stellarburgers.nomoreparties.site/api/auth/login
Proxy:			<none>
Request params:	<none>
Query params:	<none>
Form params:	<none>
Path params:	<none>
Headers:		Accept=*/*
				Content-Type=application/json
Cookies:		<none>
Multiparts:		<none>
Body:
{
    "email": "cBhjOIJRKJ@ya.ru",
    "password": "pWZcshesEU",
    "name": "wIuxvefodT"
}
Request method:	POST
Request URI:	https://stellarburgers.nomoreparties.site/api/auth/login
Proxy:			<none>
Request params:	<none>
Query params:	<none>
Form params:	<none>
Path params:	<none>
Headers:		Accept=*/*
				Content-Type=application/json
Cookies:		<none>
Multiparts:		<none>
Body:
{
    "email": "cBhjOIJRKJ@ya.ru",
    "password": "pWZcshesEU",
    "name": "wIuxvefodT"
}
Request method:	POST
Request URI:	https://stellarburgers.nomoreparties.site/api/auth/login
Proxy:			<none>
Request params:	<none>
Query params:	<none>
Form params:	<none>
Path params:	<none>
Headers:		Accept=*/*
				Content-Type=application/json
Cookies:		<none>
Multiparts:		<none>
Body:
{
    "email": "cBhjOIJRKJ@ya.ru",
    "password": "pWZcshesEU",
    "name": "wIuxvefodT"
}
Request method:	POST
Request URI:	https://stellarburgers.nomoreparties.site/api/auth/login
Proxy:			<none>
Request params:	<none>
Query params:	<none>
Form params:	<none>
Path params:	<none>
Headers:		Accept=*/*
				Content-Type=application/json
Cookies:		<none>
Multiparts:		<none>
Body:
{
    "email": "cBhjOIJRKJ@ya.ru",
    "password": "pWZcshesEU",
    "name": "wIuxvefodT"
}
Request method:	POST
Request URI:	https://stellarburgers.nomoreparties.site/api/auth/login
Proxy:			<none>
Request params:	<none>
Query params:	<none>
Form params:	<none>
Path params:	<none>
Headers:		Accept=*/*
				Content-Type=application/json
Cookies:		<none>
Multiparts:		<none>
Body:
{
    "email": "cBhjOIJRKJ@ya.ru",
    "password": "pWZcshesEU",
    "name": "wIuxvefodT"
}
HTTP/1.1 200 OK
Date: Sun, 30 Jun 2024 15:27:39 GMT
Content-Type: application/json; charset=utf-8
Transfer-Encoding: chunked
Connection: keep-alive
X-Powered-By: Express
Access-Control-Allow-Origin: *
ETag: W/"16d-ZbLbG/YdS6SE7cKdmEByDPvtmMY"
CF-Cache-Status: DYNAMIC
Report-To: {"endpoints":[{"url":"https:\/\/a.nel.cloudflare.com\/report\/v4?s=N0ZDD5VSnKF0g0Ks8%2FY0uxzdNCQX1mQHk1GZzXLEhSelJCX%2FwVWOR15SO5hQo01DggzCbu7KOe9cxSIpCOl8SBc4rxYovD85xYX81lDX0T8j%2FXyNNknTax6MMasY%2Fgr2cm7oHIW9V0EYX4vWHmalPLN7Ssw%3D"}],"group":"cf-nel","max_age":604800}
NEL: {"success_fraction":0,"report_to":"cf-nel","max_age":604800}
Server: cloudflare
CF-RAY: 89bf2e7dda119dac-DME
Content-Encoding: gzip
alt-svc: h3=":443"; ma=86400

{
    "success": true,
    "accessToken": "Bearer eyJhbGciOiJIUzI1NiIsInR5cCI6IkpXVCJ9.eyJpZCI6IjY2ODE3OTZiOWVkMjgwMDAxYjQ1OTYwMiIsImlhdCI6MTcxOTc2MTI1OSwiZXhwIjoxNzE5NzYyNDU5fQ.wEdYH8jEFD2EbFgS3pHCvS2kSn9U4X9ZG9kmzoB4eu0",
    "refreshToken": "42a2f5c54e003f9cf4896893672fc962ef270b3fe9bd586ce2877ebd0f0182f361f7c83f104e2f8c",
    "user": {
        "email": "cbhjoijrkj@ya.ru",
        "name": "wIuxvefodT"
    }
}
HTTP/1.1 200 OK
Date: Sun, 30 Jun 2024 15:27:39 GMT
Content-Type: application/json; charset=utf-8
Transfer-Encoding: chunked
Connection: keep-alive
X-Powered-By: Express
Access-Control-Allow-Origin: *
ETag: W/"16d-ZbLbG/YdS6SE7cKdmEByDPvtmMY"
CF-Cache-Status: DYNAMIC
Report-To: {"endpoints":[{"url":"https:\/\/a.nel.cloudflare.com\/report\/v4?s=N0ZDD5VSnKF0g0Ks8%2FY0uxzdNCQX1mQHk1GZzXLEhSelJCX%2FwVWOR15SO5hQo01DggzCbu7KOe9cxSIpCOl8SBc4rxYovD85xYX81lDX0T8j%2FXyNNknTax6MMasY%2Fgr2cm7oHIW9V0EYX4vWHmalPLN7Ssw%3D"}],"group":"cf-nel","max_age":604800}
NEL: {"success_fraction":0,"report_to":"cf-nel","max_age":604800}
Server: cloudflare
CF-RAY: 89bf2e7dda119dac-DME
Content-Encoding: gzip
alt-svc: h3=":443"; ma=86400

{
    "success": true,
    "accessToken": "Bearer eyJhbGciOiJIUzI1NiIsInR5cCI6IkpXVCJ9.eyJpZCI6IjY2ODE3OTZiOWVkMjgwMDAxYjQ1OTYwMiIsImlhdCI6MTcxOTc2MTI1OSwiZXhwIjoxNzE5NzYyNDU5fQ.wEdYH8jEFD2EbFgS3pHCvS2kSn9U4X9ZG9kmzoB4eu0",
    "refreshToken": "42a2f5c54e003f9cf4896893672fc962ef270b3fe9bd586ce2877ebd0f0182f361f7c83f104e2f8c",
    "user": {
        "email": "cbhjoijrkj@ya.ru",
        "name": "wIuxvefodT"
    }
}
HTTP/1.1 200 OK
Date: Sun, 30 Jun 2024 15:27:39 GMT
Content-Type: application/json; charset=utf-8
Transfer-Encoding: chunked
Connection: keep-alive
X-Powered-By: Express
Access-Control-Allow-Origin: *
ETag: W/"16d-ZbLbG/YdS6SE7cKdmEByDPvtmMY"
CF-Cache-Status: DYNAMIC
Report-To: {"endpoints":[{"url":"https:\/\/a.nel.cloudflare.com\/report\/v4?s=N0ZDD5VSnKF0g0Ks8%2FY0uxzdNCQX1mQHk1GZzXLEhSelJCX%2FwVWOR15SO5hQo01DggzCbu7KOe9cxSIpCOl8SBc4rxYovD85xYX81lDX0T8j%2FXyNNknTax6MMasY%2Fgr2cm7oHIW9V0EYX4vWHmalPLN7Ssw%3D"}],"group":"cf-nel","max_age":604800}
NEL: {"success_fraction":0,"report_to":"cf-nel","max_age":604800}
Server: cloudflare
CF-RAY: 89bf2e7dda119dac-DME
Content-Encoding: gzip
alt-svc: h3=":443"; ma=86400

{
    "success": true,
    "accessToken": "Bearer eyJhbGciOiJIUzI1NiIsInR5cCI6IkpXVCJ9.eyJpZCI6IjY2ODE3OTZiOWVkMjgwMDAxYjQ1OTYwMiIsImlhdCI6MTcxOTc2MTI1OSwiZXhwIjoxNzE5NzYyNDU5fQ.wEdYH8jEFD2EbFgS3pHCvS2kSn9U4X9ZG9kmzoB4eu0",
    "refreshToken": "42a2f5c54e003f9cf4896893672fc962ef270b3fe9bd586ce2877ebd0f0182f361f7c83f104e2f8c",
    "user": {
        "email": "cbhjoijrkj@ya.ru",
        "name": "wIuxvefodT"
    }
}
HTTP/1.1 200 OK
Date: Sun, 30 Jun 2024 15:27:39 GMT
Content-Type: application/json; charset=utf-8
Transfer-Encoding: chunked
Connection: keep-alive
X-Powered-By: Express
Access-Control-Allow-Origin: *
ETag: W/"16d-ZbLbG/YdS6SE7cKdmEByDPvtmMY"
CF-Cache-Status: DYNAMIC
Report-To: {"endpoints":[{"url":"https:\/\/a.nel.cloudflare.com\/report\/v4?s=N0ZDD5VSnKF0g0Ks8%2FY0uxzdNCQX1mQHk1GZzXLEhSelJCX%2FwVWOR15SO5hQo01DggzCbu7KOe9cxSIpCOl8SBc4rxYovD85xYX81lDX0T8j%2FXyNNknTax6MMasY%2Fgr2cm7oHIW9V0EYX4vWHmalPLN7Ssw%3D"}],"group":"cf-nel","max_age":604800}
NEL: {"success_fraction":0,"report_to":"cf-nel","max_age":604800}
Server: cloudflare
CF-RAY: 89bf2e7dda119dac-DME
Content-Encoding: gzip
alt-svc: h3=":443"; ma=86400

{
    "success": true,
    "accessToken": "Bearer eyJhbGciOiJIUzI1NiIsInR5cCI6IkpXVCJ9.eyJpZCI6IjY2ODE3OTZiOWVkMjgwMDAxYjQ1OTYwMiIsImlhdCI6MTcxOTc2MTI1OSwiZXhwIjoxNzE5NzYyNDU5fQ.wEdYH8jEFD2EbFgS3pHCvS2kSn9U4X9ZG9kmzoB4eu0",
    "refreshToken": "42a2f5c54e003f9cf4896893672fc962ef270b3fe9bd586ce2877ebd0f0182f361f7c83f104e2f8c",
    "user": {
        "email": "cbhjoijrkj@ya.ru",
        "name": "wIuxvefodT"
    }
}
HTTP/1.1 200 OK
Date: Sun, 30 Jun 2024 15:27:39 GMT
Content-Type: application/json; charset=utf-8
Transfer-Encoding: chunked
Connection: keep-alive
X-Powered-By: Express
Access-Control-Allow-Origin: *
ETag: W/"16d-ZbLbG/YdS6SE7cKdmEByDPvtmMY"
CF-Cache-Status: DYNAMIC
Report-To: {"endpoints":[{"url":"https:\/\/a.nel.cloudflare.com\/report\/v4?s=N0ZDD5VSnKF0g0Ks8%2FY0uxzdNCQX1mQHk1GZzXLEhSelJCX%2FwVWOR15SO5hQo01DggzCbu7KOe9cxSIpCOl8SBc4rxYovD85xYX81lDX0T8j%2FXyNNknTax6MMasY%2Fgr2cm7oHIW9V0EYX4vWHmalPLN7Ssw%3D"}],"group":"cf-nel","max_age":604800}
NEL: {"success_fraction":0,"report_to":"cf-nel","max_age":604800}
Server: cloudflare
CF-RAY: 89bf2e7dda119dac-DME
Content-Encoding: gzip
alt-svc: h3=":443"; ma=86400

{
    "success": true,
    "accessToken": "Bearer eyJhbGciOiJIUzI1NiIsInR5cCI6IkpXVCJ9.eyJpZCI6IjY2ODE3OTZiOWVkMjgwMDAxYjQ1OTYwMiIsImlhdCI6MTcxOTc2MTI1OSwiZXhwIjoxNzE5NzYyNDU5fQ.wEdYH8jEFD2EbFgS3pHCvS2kSn9U4X9ZG9kmzoB4eu0",
    "refreshToken": "42a2f5c54e003f9cf4896893672fc962ef270b3fe9bd586ce2877ebd0f0182f361f7c83f104e2f8c",
    "user": {
        "email": "cbhjoijrkj@ya.ru",
        "name": "wIuxvefodT"
    }
}
HTTP/1.1 200 OK
Date: Sun, 30 Jun 2024 15:27:39 GMT
Content-Type: application/json; charset=utf-8
Transfer-Encoding: chunked
Connection: keep-alive
X-Powered-By: Express
Access-Control-Allow-Origin: *
ETag: W/"16d-ZbLbG/YdS6SE7cKdmEByDPvtmMY"
CF-Cache-Status: DYNAMIC
Report-To: {"endpoints":[{"url":"https:\/\/a.nel.cloudflare.com\/report\/v4?s=N0ZDD5VSnKF0g0Ks8%2FY0uxzdNCQX1mQHk1GZzXLEhSelJCX%2FwVWOR15SO5hQo01DggzCbu7KOe9cxSIpCOl8SBc4rxYovD85xYX81lDX0T8j%2FXyNNknTax6MMasY%2Fgr2cm7oHIW9V0EYX4vWHmalPLN7Ssw%3D"}],"group":"cf-nel","max_age":604800}
NEL: {"success_fraction":0,"report_to":"cf-nel","max_age":604800}
Server: cloudflare
CF-RAY: 89bf2e7dda119dac-DME
Content-Encoding: gzip
alt-svc: h3=":443"; ma=86400

{
    "success": true,
    "accessToken": "Bearer eyJhbGciOiJIUzI1NiIsInR5cCI6IkpXVCJ9.eyJpZCI6IjY2ODE3OTZiOWVkMjgwMDAxYjQ1OTYwMiIsImlhdCI6MTcxOTc2MTI1OSwiZXhwIjoxNzE5NzYyNDU5fQ.wEdYH8jEFD2EbFgS3pHCvS2kSn9U4X9ZG9kmzoB4eu0",
    "refreshToken": "42a2f5c54e003f9cf4896893672fc962ef270b3fe9bd586ce2877ebd0f0182f361f7c83f104e2f8c",
    "user": {
        "email": "cbhjoijrkj@ya.ru",
        "name": "wIuxvefodT"
    }
}
HTTP/1.1 200 OK
Date: Sun, 30 Jun 2024 15:27:39 GMT
Content-Type: application/json; charset=utf-8
Transfer-Encoding: chunked
Connection: keep-alive
X-Powered-By: Express
Access-Control-Allow-Origin: *
ETag: W/"16d-ZbLbG/YdS6SE7cKdmEByDPvtmMY"
CF-Cache-Status: DYNAMIC
Report-To: {"endpoints":[{"url":"https:\/\/a.nel.cloudflare.com\/report\/v4?s=N0ZDD5VSnKF0g0Ks8%2FY0uxzdNCQX1mQHk1GZzXLEhSelJCX%2FwVWOR15SO5hQo01DggzCbu7KOe9cxSIpCOl8SBc4rxYovD85xYX81lDX0T8j%2FXyNNknTax6MMasY%2Fgr2cm7oHIW9V0EYX4vWHmalPLN7Ssw%3D"}],"group":"cf-nel","max_age":604800}
NEL: {"success_fraction":0,"report_to":"cf-nel","max_age":604800}
Server: cloudflare
CF-RAY: 89bf2e7dda119dac-DME
Content-Encoding: gzip
alt-svc: h3=":443"; ma=86400

{
    "success": true,
    "accessToken": "Bearer eyJhbGciOiJIUzI1NiIsInR5cCI6IkpXVCJ9.eyJpZCI6IjY2ODE3OTZiOWVkMjgwMDAxYjQ1OTYwMiIsImlhdCI6MTcxOTc2MTI1OSwiZXhwIjoxNzE5NzYyNDU5fQ.wEdYH8jEFD2EbFgS3pHCvS2kSn9U4X9ZG9kmzoB4eu0",
    "refreshToken": "42a2f5c54e003f9cf4896893672fc962ef270b3fe9bd586ce2877ebd0f0182f361f7c83f104e2f8c",
    "user": {
        "email": "cbhjoijrkj@ya.ru",
        "name": "wIuxvefodT"
    }
}
HTTP/1.1 200 OK
Date: Sun, 30 Jun 2024 15:27:39 GMT
Content-Type: application/json; charset=utf-8
Transfer-Encoding: chunked
Connection: keep-alive
X-Powered-By: Express
Access-Control-Allow-Origin: *
ETag: W/"16d-ZbLbG/YdS6SE7cKdmEByDPvtmMY"
CF-Cache-Status: DYNAMIC
Report-To: {"endpoints":[{"url":"https:\/\/a.nel.cloudflare.com\/report\/v4?s=N0ZDD5VSnKF0g0Ks8%2FY0uxzdNCQX1mQHk1GZzXLEhSelJCX%2FwVWOR15SO5hQo01DggzCbu7KOe9cxSIpCOl8SBc4rxYovD85xYX81lDX0T8j%2FXyNNknTax6MMasY%2Fgr2cm7oHIW9V0EYX4vWHmalPLN7Ssw%3D"}],"group":"cf-nel","max_age":604800}
NEL: {"success_fraction":0,"report_to":"cf-nel","max_age":604800}
Server: cloudflare
CF-RAY: 89bf2e7dda119dac-DME
Content-Encoding: gzip
alt-svc: h3=":443"; ma=86400

{
    "success": true,
    "accessToken": "Bearer eyJhbGciOiJIUzI1NiIsInR5cCI6IkpXVCJ9.eyJpZCI6IjY2ODE3OTZiOWVkMjgwMDAxYjQ1OTYwMiIsImlhdCI6MTcxOTc2MTI1OSwiZXhwIjoxNzE5NzYyNDU5fQ.wEdYH8jEFD2EbFgS3pHCvS2kSn9U4X9ZG9kmzoB4eu0",
    "refreshToken": "42a2f5c54e003f9cf4896893672fc962ef270b3fe9bd586ce2877ebd0f0182f361f7c83f104e2f8c",
    "user": {
        "email": "cbhjoijrkj@ya.ru",
        "name": "wIuxvefodT"
    }
}
HTTP/1.1 200 OK
Date: Sun, 30 Jun 2024 15:27:39 GMT
Content-Type: application/json; charset=utf-8
Transfer-Encoding: chunked
Connection: keep-alive
X-Powered-By: Express
Access-Control-Allow-Origin: *
ETag: W/"16d-ZbLbG/YdS6SE7cKdmEByDPvtmMY"
CF-Cache-Status: DYNAMIC
Report-To: {"endpoints":[{"url":"https:\/\/a.nel.cloudflare.com\/report\/v4?s=N0ZDD5VSnKF0g0Ks8%2FY0uxzdNCQX1mQHk1GZzXLEhSelJCX%2FwVWOR15SO5hQo01DggzCbu7KOe9cxSIpCOl8SBc4rxYovD85xYX81lDX0T8j%2FXyNNknTax6MMasY%2Fgr2cm7oHIW9V0EYX4vWHmalPLN7Ssw%3D"}],"group":"cf-nel","max_age":604800}
NEL: {"success_fraction":0,"report_to":"cf-nel","max_age":604800}
Server: cloudflare
CF-RAY: 89bf2e7dda119dac-DME
Content-Encoding: gzip
alt-svc: h3=":443"; ma=86400

{
    "success": true,
    "accessToken": "Bearer eyJhbGciOiJIUzI1NiIsInR5cCI6IkpXVCJ9.eyJpZCI6IjY2ODE3OTZiOWVkMjgwMDAxYjQ1OTYwMiIsImlhdCI6MTcxOTc2MTI1OSwiZXhwIjoxNzE5NzYyNDU5fQ.wEdYH8jEFD2EbFgS3pHCvS2kSn9U4X9ZG9kmzoB4eu0",
    "refreshToken": "42a2f5c54e003f9cf4896893672fc962ef270b3fe9bd586ce2877ebd0f0182f361f7c83f104e2f8c",
    "user": {
        "email": "cbhjoijrkj@ya.ru",
        "name": "wIuxvefodT"
    }
}
HTTP/1.1 200 OK
Date: Sun, 30 Jun 2024 15:27:39 GMT
Content-Type: application/json; charset=utf-8
Transfer-Encoding: chunked
Connection: keep-alive
X-Powered-By: Express
Access-Control-Allow-Origin: *
ETag: W/"16d-ZbLbG/YdS6SE7cKdmEByDPvtmMY"
CF-Cache-Status: DYNAMIC
Report-To: {"endpoints":[{"url":"https:\/\/a.nel.cloudflare.com\/report\/v4?s=N0ZDD5VSnKF0g0Ks8%2FY0uxzdNCQX1mQHk1GZzXLEhSelJCX%2FwVWOR15SO5hQo01DggzCbu7KOe9cxSIpCOl8SBc4rxYovD85xYX81lDX0T8j%2FXyNNknTax6MMasY%2Fgr2cm7oHIW9V0EYX4vWHmalPLN7Ssw%3D"}],"group":"cf-nel","max_age":604800}
NEL: {"success_fraction":0,"report_to":"cf-nel","max_age":604800}
Server: cloudflare
CF-RAY: 89bf2e7dda119dac-DME
Content-Encoding: gzip
alt-svc: h3=":443"; ma=86400

{
    "success": true,
    "accessToken": "Bearer eyJhbGciOiJIUzI1NiIsInR5cCI6IkpXVCJ9.eyJpZCI6IjY2ODE3OTZiOWVkMjgwMDAxYjQ1OTYwMiIsImlhdCI6MTcxOTc2MTI1OSwiZXhwIjoxNzE5NzYyNDU5fQ.wEdYH8jEFD2EbFgS3pHCvS2kSn9U4X9ZG9kmzoB4eu0",
    "refreshToken": "42a2f5c54e003f9cf4896893672fc962ef270b3fe9bd586ce2877ebd0f0182f361f7c83f104e2f8c",
    "user": {
        "email": "cbhjoijrkj@ya.ru",
        "name": "wIuxvefodT"
    }
}
HTTP/1.1 200 OK
Date: Sun, 30 Jun 2024 15:27:39 GMT
Content-Type: application/json; charset=utf-8
Transfer-Encoding: chunked
Connection: keep-alive
X-Powered-By: Express
Access-Control-Allow-Origin: *
ETag: W/"16d-ZbLbG/YdS6SE7cKdmEByDPvtmMY"
CF-Cache-Status: DYNAMIC
Report-To: {"endpoints":[{"url":"https:\/\/a.nel.cloudflare.com\/report\/v4?s=N0ZDD5VSnKF0g0Ks8%2FY0uxzdNCQX1mQHk1GZzXLEhSelJCX%2FwVWOR15SO5hQo01DggzCbu7KOe9cxSIpCOl8SBc4rxYovD85xYX81lDX0T8j%2FXyNNknTax6MMasY%2Fgr2cm7oHIW9V0EYX4vWHmalPLN7Ssw%3D"}],"group":"cf-nel","max_age":604800}
NEL: {"success_fraction":0,"report_to":"cf-nel","max_age":604800}
Server: cloudflare
CF-RAY: 89bf2e7dda119dac-DME
Content-Encoding: gzip
alt-svc: h3=":443"; ma=86400

{
    "success": true,
    "accessToken": "Bearer eyJhbGciOiJIUzI1NiIsInR5cCI6IkpXVCJ9.eyJpZCI6IjY2ODE3OTZiOWVkMjgwMDAxYjQ1OTYwMiIsImlhdCI6MTcxOTc2MTI1OSwiZXhwIjoxNzE5NzYyNDU5fQ.wEdYH8jEFD2EbFgS3pHCvS2kSn9U4X9ZG9kmzoB4eu0",
    "refreshToken": "42a2f5c54e003f9cf4896893672fc962ef270b3fe9bd586ce2877ebd0f0182f361f7c83f104e2f8c",
    "user": {
        "email": "cbhjoijrkj@ya.ru",
        "name": "wIuxvefodT"
    }
}
HTTP/1.1 200 OK
Date: Sun, 30 Jun 2024 15:27:39 GMT
Content-Type: application/json; charset=utf-8
Transfer-Encoding: chunked
Connection: keep-alive
X-Powered-By: Express
Access-Control-Allow-Origin: *
ETag: W/"16d-ZbLbG/YdS6SE7cKdmEByDPvtmMY"
CF-Cache-Status: DYNAMIC
Report-To: {"endpoints":[{"url":"https:\/\/a.nel.cloudflare.com\/report\/v4?s=N0ZDD5VSnKF0g0Ks8%2FY0uxzdNCQX1mQHk1GZzXLEhSelJCX%2FwVWOR15SO5hQo01DggzCbu7KOe9cxSIpCOl8SBc4rxYovD85xYX81lDX0T8j%2FXyNNknTax6MMasY%2Fgr2cm7oHIW9V0EYX4vWHmalPLN7Ssw%3D"}],"group":"cf-nel","max_age":604800}
NEL: {"success_fraction":0,"report_to":"cf-nel","max_age":604800}
Server: cloudflare
CF-RAY: 89bf2e7dda119dac-DME
Content-Encoding: gzip
alt-svc: h3=":443"; ma=86400

{
    "success": true,
    "accessToken": "Bearer eyJhbGciOiJIUzI1NiIsInR5cCI6IkpXVCJ9.eyJpZCI6IjY2ODE3OTZiOWVkMjgwMDAxYjQ1OTYwMiIsImlhdCI6MTcxOTc2MTI1OSwiZXhwIjoxNzE5NzYyNDU5fQ.wEdYH8jEFD2EbFgS3pHCvS2kSn9U4X9ZG9kmzoB4eu0",
    "refreshToken": "42a2f5c54e003f9cf4896893672fc962ef270b3fe9bd586ce2877ebd0f0182f361f7c83f104e2f8c",
    "user": {
        "email": "cbhjoijrkj@ya.ru",
        "name": "wIuxvefodT"
    }
}
HTTP/1.1 200 OK
Date: Sun, 30 Jun 2024 15:27:39 GMT
Content-Type: application/json; charset=utf-8
Transfer-Encoding: chunked
Connection: keep-alive
X-Powered-By: Express
Access-Control-Allow-Origin: *
ETag: W/"16d-ZbLbG/YdS6SE7cKdmEByDPvtmMY"
CF-Cache-Status: DYNAMIC
Report-To: {"endpoints":[{"url":"https:\/\/a.nel.cloudflare.com\/report\/v4?s=N0ZDD5VSnKF0g0Ks8%2FY0uxzdNCQX1mQHk1GZzXLEhSelJCX%2FwVWOR15SO5hQo01DggzCbu7KOe9cxSIpCOl8SBc4rxYovD85xYX81lDX0T8j%2FXyNNknTax6MMasY%2Fgr2cm7oHIW9V0EYX4vWHmalPLN7Ssw%3D"}],"group":"cf-nel","max_age":604800}
NEL: {"success_fraction":0,"report_to":"cf-nel","max_age":604800}
Server: cloudflare
CF-RAY: 89bf2e7dda119dac-DME
Content-Encoding: gzip
alt-svc: h3=":443"; ma=86400

{
    "success": true,
    "accessToken": "Bearer eyJhbGciOiJIUzI1NiIsInR5cCI6IkpXVCJ9.eyJpZCI6IjY2ODE3OTZiOWVkMjgwMDAxYjQ1OTYwMiIsImlhdCI6MTcxOTc2MTI1OSwiZXhwIjoxNzE5NzYyNDU5fQ.wEdYH8jEFD2EbFgS3pHCvS2kSn9U4X9ZG9kmzoB4eu0",
    "refreshToken": "42a2f5c54e003f9cf4896893672fc962ef270b3fe9bd586ce2877ebd0f0182f361f7c83f104e2f8c",
    "user": {
        "email": "cbhjoijrkj@ya.ru",
        "name": "wIuxvefodT"
    }
}
HTTP/1.1 200 OK
Date: Sun, 30 Jun 2024 15:27:39 GMT
Content-Type: application/json; charset=utf-8
Transfer-Encoding: chunked
Connection: keep-alive
X-Powered-By: Express
Access-Control-Allow-Origin: *
ETag: W/"16d-ZbLbG/YdS6SE7cKdmEByDPvtmMY"
CF-Cache-Status: DYNAMIC
Report-To: {"endpoints":[{"url":"https:\/\/a.nel.cloudflare.com\/report\/v4?s=N0ZDD5VSnKF0g0Ks8%2FY0uxzdNCQX1mQHk1GZzXLEhSelJCX%2FwVWOR15SO5hQo01DggzCbu7KOe9cxSIpCOl8SBc4rxYovD85xYX81lDX0T8j%2FXyNNknTax6MMasY%2Fgr2cm7oHIW9V0EYX4vWHmalPLN7Ssw%3D"}],"group":"cf-nel","max_age":604800}
NEL: {"success_fraction":0,"report_to":"cf-nel","max_age":604800}
Server: cloudflare
CF-RAY: 89bf2e7dda119dac-DME
Content-Encoding: gzip
alt-svc: h3=":443"; ma=86400

{
    "success": true,
    "accessToken": "Bearer eyJhbGciOiJIUzI1NiIsInR5cCI6IkpXVCJ9.eyJpZCI6IjY2ODE3OTZiOWVkMjgwMDAxYjQ1OTYwMiIsImlhdCI6MTcxOTc2MTI1OSwiZXhwIjoxNzE5NzYyNDU5fQ.wEdYH8jEFD2EbFgS3pHCvS2kSn9U4X9ZG9kmzoB4eu0",
    "refreshToken": "42a2f5c54e003f9cf4896893672fc962ef270b3fe9bd586ce2877ebd0f0182f361f7c83f104e2f8c",
    "user": {
        "email": "cbhjoijrkj@ya.ru",
        "name": "wIuxvefodT"
    }
}
HTTP/1.1 200 OK
Date: Sun, 30 Jun 2024 15:27:39 GMT
Content-Type: application/json; charset=utf-8
Transfer-Encoding: chunked
Connection: keep-alive
X-Powered-By: Express
Access-Control-Allow-Origin: *
ETag: W/"16d-ZbLbG/YdS6SE7cKdmEByDPvtmMY"
CF-Cache-Status: DYNAMIC
Report-To: {"endpoints":[{"url":"https:\/\/a.nel.cloudflare.com\/report\/v4?s=N0ZDD5VSnKF0g0Ks8%2FY0uxzdNCQX1mQHk1GZzXLEhSelJCX%2FwVWOR15SO5hQo01DggzCbu7KOe9cxSIpCOl8SBc4rxYovD85xYX81lDX0T8j%2FXyNNknTax6MMasY%2Fgr2cm7oHIW9V0EYX4vWHmalPLN7Ssw%3D"}],"group":"cf-nel","max_age":604800}
NEL: {"success_fraction":0,"report_to":"cf-nel","max_age":604800}
Server: cloudflare
CF-RAY: 89bf2e7dda119dac-DME
Content-Encoding: gzip
alt-svc: h3=":443"; ma=86400

{
    "success": true,
    "accessToken": "Bearer eyJhbGciOiJIUzI1NiIsInR5cCI6IkpXVCJ9.eyJpZCI6IjY2ODE3OTZiOWVkMjgwMDAxYjQ1OTYwMiIsImlhdCI6MTcxOTc2MTI1OSwiZXhwIjoxNzE5NzYyNDU5fQ.wEdYH8jEFD2EbFgS3pHCvS2kSn9U4X9ZG9kmzoB4eu0",
    "refreshToken": "42a2f5c54e003f9cf4896893672fc962ef270b3fe9bd586ce2877ebd0f0182f361f7c83f104e2f8c",
    "user": {
        "email": "cbhjoijrkj@ya.ru",
        "name": "wIuxvefodT"
    }
}
HTTP/1.1 200 OK
Date: Sun, 30 Jun 2024 15:27:39 GMT
Content-Type: application/json; charset=utf-8
Transfer-Encoding: chunked
Connection: keep-alive
X-Powered-By: Express
Access-Control-Allow-Origin: *
ETag: W/"16d-ZbLbG/YdS6SE7cKdmEByDPvtmMY"
CF-Cache-Status: DYNAMIC
Report-To: {"endpoints":[{"url":"https:\/\/a.nel.cloudflare.com\/report\/v4?s=N0ZDD5VSnKF0g0Ks8%2FY0uxzdNCQX1mQHk1GZzXLEhSelJCX%2FwVWOR15SO5hQo01DggzCbu7KOe9cxSIpCOl8SBc4rxYovD85xYX81lDX0T8j%2FXyNNknTax6MMasY%2Fgr2cm7oHIW9V0EYX4vWHmalPLN7Ssw%3D"}],"group":"cf-nel","max_age":604800}
NEL: {"success_fraction":0,"report_to":"cf-nel","max_age":604800}
Server: cloudflare
CF-RAY: 89bf2e7dda119dac-DME
Content-Encoding: gzip
alt-svc: h3=":443"; ma=86400

{
    "success": true,
    "accessToken": "Bearer eyJhbGciOiJIUzI1NiIsInR5cCI6IkpXVCJ9.eyJpZCI6IjY2ODE3OTZiOWVkMjgwMDAxYjQ1OTYwMiIsImlhdCI6MTcxOTc2MTI1OSwiZXhwIjoxNzE5NzYyNDU5fQ.wEdYH8jEFD2EbFgS3pHCvS2kSn9U4X9ZG9kmzoB4eu0",
    "refreshToken": "42a2f5c54e003f9cf4896893672fc962ef270b3fe9bd586ce2877ebd0f0182f361f7c83f104e2f8c",
    "user": {
        "email": "cbhjoijrkj@ya.ru",
        "name": "wIuxvefodT"
    }
}
HTTP/1.1 200 OK
Date: Sun, 30 Jun 2024 15:27:39 GMT
Content-Type: application/json; charset=utf-8
Transfer-Encoding: chunked
Connection: keep-alive
X-Powered-By: Express
Access-Control-Allow-Origin: *
ETag: W/"16d-ZbLbG/YdS6SE7cKdmEByDPvtmMY"
CF-Cache-Status: DYNAMIC
Report-To: {"endpoints":[{"url":"https:\/\/a.nel.cloudflare.com\/report\/v4?s=N0ZDD5VSnKF0g0Ks8%2FY0uxzdNCQX1mQHk1GZzXLEhSelJCX%2FwVWOR15SO5hQo01DggzCbu7KOe9cxSIpCOl8SBc4rxYovD85xYX81lDX0T8j%2FXyNNknTax6MMasY%2Fgr2cm7oHIW9V0EYX4vWHmalPLN7Ssw%3D"}],"group":"cf-nel","max_age":604800}
NEL: {"success_fraction":0,"report_to":"cf-nel","max_age":604800}
Server: cloudflare
CF-RAY: 89bf2e7dda119dac-DME
Content-Encoding: gzip
alt-svc: h3=":443"; ma=86400

{
    "success": true,
    "accessToken": "Bearer eyJhbGciOiJIUzI1NiIsInR5cCI6IkpXVCJ9.eyJpZCI6IjY2ODE3OTZiOWVkMjgwMDAxYjQ1OTYwMiIsImlhdCI6MTcxOTc2MTI1OSwiZXhwIjoxNzE5NzYyNDU5fQ.wEdYH8jEFD2EbFgS3pHCvS2kSn9U4X9ZG9kmzoB4eu0",
    "refreshToken": "42a2f5c54e003f9cf4896893672fc962ef270b3fe9bd586ce2877ebd0f0182f361f7c83f104e2f8c",
    "user": {
        "email": "cbhjoijrkj@ya.ru",
        "name": "wIuxvefodT"
    }
}
Request method:	DELETE
Request URI:	https://stellarburgers.nomoreparties.site/api/auth/user
Proxy:			<none>
Request params:	<none>
Query params:	<none>
Form params:	<none>
Path params:	<none>
Headers:		authorization=Bearer eyJhbGciOiJIUzI1NiIsInR5cCI6IkpXVCJ9.eyJpZCI6IjY2ODE3OTZiOWVkMjgwMDAxYjQ1OTYwMiIsImlhdCI6MTcxOTc2MTI1OSwiZXhwIjoxNzE5NzYyNDU5fQ.wEdYH8jEFD2EbFgS3pHCvS2kSn9U4X9ZG9kmzoB4eu0
				Accept=*/*
				Content-Type=application/json
Cookies:		<none>
Multiparts:		<none>
Body:			<none>
Request method:	DELETE
Request URI:	https://stellarburgers.nomoreparties.site/api/auth/user
Proxy:			<none>
Request params:	<none>
Query params:	<none>
Form params:	<none>
Path params:	<none>
Headers:		authorization=Bearer eyJhbGciOiJIUzI1NiIsInR5cCI6IkpXVCJ9.eyJpZCI6IjY2ODE3OTZiOWVkMjgwMDAxYjQ1OTYwMiIsImlhdCI6MTcxOTc2MTI1OSwiZXhwIjoxNzE5NzYyNDU5fQ.wEdYH8jEFD2EbFgS3pHCvS2kSn9U4X9ZG9kmzoB4eu0
				Accept=*/*
				Content-Type=application/json
Cookies:		<none>
Multiparts:		<none>
Body:			<none>
Request method:	DELETE
Request URI:	https://stellarburgers.nomoreparties.site/api/auth/user
Proxy:			<none>
Request params:	<none>
Query params:	<none>
Form params:	<none>
Path params:	<none>
Headers:		authorization=Bearer eyJhbGciOiJIUzI1NiIsInR5cCI6IkpXVCJ9.eyJpZCI6IjY2ODE3OTZiOWVkMjgwMDAxYjQ1OTYwMiIsImlhdCI6MTcxOTc2MTI1OSwiZXhwIjoxNzE5NzYyNDU5fQ.wEdYH8jEFD2EbFgS3pHCvS2kSn9U4X9ZG9kmzoB4eu0
				Accept=*/*
				Content-Type=application/json
Cookies:		<none>
Multiparts:		<none>
Body:			<none>
Request method:	DELETE
Request URI:	https://stellarburgers.nomoreparties.site/api/auth/user
Proxy:			<none>
Request params:	<none>
Query params:	<none>
Form params:	<none>
Path params:	<none>
Headers:		authorization=Bearer eyJhbGciOiJIUzI1NiIsInR5cCI6IkpXVCJ9.eyJpZCI6IjY2ODE3OTZiOWVkMjgwMDAxYjQ1OTYwMiIsImlhdCI6MTcxOTc2MTI1OSwiZXhwIjoxNzE5NzYyNDU5fQ.wEdYH8jEFD2EbFgS3pHCvS2kSn9U4X9ZG9kmzoB4eu0
				Accept=*/*
				Content-Type=application/json
Cookies:		<none>
Multiparts:		<none>
Body:			<none>
Request method:	DELETE
Request URI:	https://stellarburgers.nomoreparties.site/api/auth/user
Proxy:			<none>
Request params:	<none>
Query params:	<none>
Form params:	<none>
Path params:	<none>
Headers:		authorization=Bearer eyJhbGciOiJIUzI1NiIsInR5cCI6IkpXVCJ9.eyJpZCI6IjY2ODE3OTZiOWVkMjgwMDAxYjQ1OTYwMiIsImlhdCI6MTcxOTc2MTI1OSwiZXhwIjoxNzE5NzYyNDU5fQ.wEdYH8jEFD2EbFgS3pHCvS2kSn9U4X9ZG9kmzoB4eu0
				Accept=*/*
				Content-Type=application/json
Cookies:		<none>
Multiparts:		<none>
Body:			<none>
Request method:	DELETE
Request URI:	https://stellarburgers.nomoreparties.site/api/auth/user
Proxy:			<none>
Request params:	<none>
Query params:	<none>
Form params:	<none>
Path params:	<none>
Headers:		authorization=Bearer eyJhbGciOiJIUzI1NiIsInR5cCI6IkpXVCJ9.eyJpZCI6IjY2ODE3OTZiOWVkMjgwMDAxYjQ1OTYwMiIsImlhdCI6MTcxOTc2MTI1OSwiZXhwIjoxNzE5NzYyNDU5fQ.wEdYH8jEFD2EbFgS3pHCvS2kSn9U4X9ZG9kmzoB4eu0
				Accept=*/*
				Content-Type=application/json
Cookies:		<none>
Multiparts:		<none>
Body:			<none>
Request method:	DELETE
Request URI:	https://stellarburgers.nomoreparties.site/api/auth/user
Proxy:			<none>
Request params:	<none>
Query params:	<none>
Form params:	<none>
Path params:	<none>
Headers:		authorization=Bearer eyJhbGciOiJIUzI1NiIsInR5cCI6IkpXVCJ9.eyJpZCI6IjY2ODE3OTZiOWVkMjgwMDAxYjQ1OTYwMiIsImlhdCI6MTcxOTc2MTI1OSwiZXhwIjoxNzE5NzYyNDU5fQ.wEdYH8jEFD2EbFgS3pHCvS2kSn9U4X9ZG9kmzoB4eu0
				Accept=*/*
				Content-Type=application/json
Cookies:		<none>
Multiparts:		<none>
Body:			<none>
Request method:	DELETE
Request URI:	https://stellarburgers.nomoreparties.site/api/auth/user
Proxy:			<none>
Request params:	<none>
Query params:	<none>
Form params:	<none>
Path params:	<none>
Headers:		authorization=Bearer eyJhbGciOiJIUzI1NiIsInR5cCI6IkpXVCJ9.eyJpZCI6IjY2ODE3OTZiOWVkMjgwMDAxYjQ1OTYwMiIsImlhdCI6MTcxOTc2MTI1OSwiZXhwIjoxNzE5NzYyNDU5fQ.wEdYH8jEFD2EbFgS3pHCvS2kSn9U4X9ZG9kmzoB4eu0
				Accept=*/*
				Content-Type=application/json
Cookies:		<none>
Multiparts:		<none>
Body:			<none>
Request method:	DELETE
Request URI:	https://stellarburgers.nomoreparties.site/api/auth/user
Proxy:			<none>
Request params:	<none>
Query params:	<none>
Form params:	<none>
Path params:	<none>
Headers:		authorization=Bearer eyJhbGciOiJIUzI1NiIsInR5cCI6IkpXVCJ9.eyJpZCI6IjY2ODE3OTZiOWVkMjgwMDAxYjQ1OTYwMiIsImlhdCI6MTcxOTc2MTI1OSwiZXhwIjoxNzE5NzYyNDU5fQ.wEdYH8jEFD2EbFgS3pHCvS2kSn9U4X9ZG9kmzoB4eu0
				Accept=*/*
				Content-Type=application/json
Cookies:		<none>
Multiparts:		<none>
Body:			<none>
Request method:	DELETE
Request URI:	https://stellarburgers.nomoreparties.site/api/auth/user
Proxy:			<none>
Request params:	<none>
Query params:	<none>
Form params:	<none>
Path params:	<none>
Headers:		authorization=Bearer eyJhbGciOiJIUzI1NiIsInR5cCI6IkpXVCJ9.eyJpZCI6IjY2ODE3OTZiOWVkMjgwMDAxYjQ1OTYwMiIsImlhdCI6MTcxOTc2MTI1OSwiZXhwIjoxNzE5NzYyNDU5fQ.wEdYH8jEFD2EbFgS3pHCvS2kSn9U4X9ZG9kmzoB4eu0
				Accept=*/*
				Content-Type=application/json
Cookies:		<none>
Multiparts:		<none>
Body:			<none>
Request method:	DELETE
Request URI:	https://stellarburgers.nomoreparties.site/api/auth/user
Proxy:			<none>
Request params:	<none>
Query params:	<none>
Form params:	<none>
Path params:	<none>
Headers:		authorization=Bearer eyJhbGciOiJIUzI1NiIsInR5cCI6IkpXVCJ9.eyJpZCI6IjY2ODE3OTZiOWVkMjgwMDAxYjQ1OTYwMiIsImlhdCI6MTcxOTc2MTI1OSwiZXhwIjoxNzE5NzYyNDU5fQ.wEdYH8jEFD2EbFgS3pHCvS2kSn9U4X9ZG9kmzoB4eu0
				Accept=*/*
				Content-Type=application/json
Cookies:		<none>
Multiparts:		<none>
Body:			<none>
Request method:	DELETE
Request URI:	https://stellarburgers.nomoreparties.site/api/auth/user
Proxy:			<none>
Request params:	<none>
Query params:	<none>
Form params:	<none>
Path params:	<none>
Headers:		authorization=Bearer eyJhbGciOiJIUzI1NiIsInR5cCI6IkpXVCJ9.eyJpZCI6IjY2ODE3OTZiOWVkMjgwMDAxYjQ1OTYwMiIsImlhdCI6MTcxOTc2MTI1OSwiZXhwIjoxNzE5NzYyNDU5fQ.wEdYH8jEFD2EbFgS3pHCvS2kSn9U4X9ZG9kmzoB4eu0
				Accept=*/*
				Content-Type=application/json
Cookies:		<none>
Multiparts:		<none>
Body:			<none>
Request method:	DELETE
Request URI:	https://stellarburgers.nomoreparties.site/api/auth/user
Proxy:			<none>
Request params:	<none>
Query params:	<none>
Form params:	<none>
Path params:	<none>
Headers:		authorization=Bearer eyJhbGciOiJIUzI1NiIsInR5cCI6IkpXVCJ9.eyJpZCI6IjY2ODE3OTZiOWVkMjgwMDAxYjQ1OTYwMiIsImlhdCI6MTcxOTc2MTI1OSwiZXhwIjoxNzE5NzYyNDU5fQ.wEdYH8jEFD2EbFgS3pHCvS2kSn9U4X9ZG9kmzoB4eu0
				Accept=*/*
				Content-Type=application/json
Cookies:		<none>
Multiparts:		<none>
Body:			<none>
Request method:	DELETE
Request URI:	https://stellarburgers.nomoreparties.site/api/auth/user
Proxy:			<none>
Request params:	<none>
Query params:	<none>
Form params:	<none>
Path params:	<none>
Headers:		authorization=Bearer eyJhbGciOiJIUzI1NiIsInR5cCI6IkpXVCJ9.eyJpZCI6IjY2ODE3OTZiOWVkMjgwMDAxYjQ1OTYwMiIsImlhdCI6MTcxOTc2MTI1OSwiZXhwIjoxNzE5NzYyNDU5fQ.wEdYH8jEFD2EbFgS3pHCvS2kSn9U4X9ZG9kmzoB4eu0
				Accept=*/*
				Content-Type=application/json
Cookies:		<none>
Multiparts:		<none>
Body:			<none>
Request method:	DELETE
Request URI:	https://stellarburgers.nomoreparties.site/api/auth/user
Proxy:			<none>
Request params:	<none>
Query params:	<none>
Form params:	<none>
Path params:	<none>
Headers:		authorization=Bearer eyJhbGciOiJIUzI1NiIsInR5cCI6IkpXVCJ9.eyJpZCI6IjY2ODE3OTZiOWVkMjgwMDAxYjQ1OTYwMiIsImlhdCI6MTcxOTc2MTI1OSwiZXhwIjoxNzE5NzYyNDU5fQ.wEdYH8jEFD2EbFgS3pHCvS2kSn9U4X9ZG9kmzoB4eu0
				Accept=*/*
				Content-Type=application/json
Cookies:		<none>
Multiparts:		<none>
Body:			<none>
Request method:	DELETE
Request URI:	https://stellarburgers.nomoreparties.site/api/auth/user
Proxy:			<none>
Request params:	<none>
Query params:	<none>
Form params:	<none>
Path params:	<none>
Headers:		authorization=Bearer eyJhbGciOiJIUzI1NiIsInR5cCI6IkpXVCJ9.eyJpZCI6IjY2ODE3OTZiOWVkMjgwMDAxYjQ1OTYwMiIsImlhdCI6MTcxOTc2MTI1OSwiZXhwIjoxNzE5NzYyNDU5fQ.wEdYH8jEFD2EbFgS3pHCvS2kSn9U4X9ZG9kmzoB4eu0
				Accept=*/*
				Content-Type=application/json
Cookies:		<none>
Multiparts:		<none>
Body:			<none>
Request method:	DELETE
Request URI:	https://stellarburgers.nomoreparties.site/api/auth/user
Proxy:			<none>
Request params:	<none>
Query params:	<none>
Form params:	<none>
Path params:	<none>
Headers:		authorization=Bearer eyJhbGciOiJIUzI1NiIsInR5cCI6IkpXVCJ9.eyJpZCI6IjY2ODE3OTZiOWVkMjgwMDAxYjQ1OTYwMiIsImlhdCI6MTcxOTc2MTI1OSwiZXhwIjoxNzE5NzYyNDU5fQ.wEdYH8jEFD2EbFgS3pHCvS2kSn9U4X9ZG9kmzoB4eu0
				Accept=*/*
				Content-Type=application/json
Cookies:		<none>
Multiparts:		<none>
Body:			<none>
Request method:	DELETE
Request URI:	https://stellarburgers.nomoreparties.site/api/auth/user
Proxy:			<none>
Request params:	<none>
Query params:	<none>
Form params:	<none>
Path params:	<none>
Headers:		authorization=Bearer eyJhbGciOiJIUzI1NiIsInR5cCI6IkpXVCJ9.eyJpZCI6IjY2ODE3OTZiOWVkMjgwMDAxYjQ1OTYwMiIsImlhdCI6MTcxOTc2MTI1OSwiZXhwIjoxNzE5NzYyNDU5fQ.wEdYH8jEFD2EbFgS3pHCvS2kSn9U4X9ZG9kmzoB4eu0
				Accept=*/*
				Content-Type=application/json
Cookies:		<none>
Multiparts:		<none>
Body:			<none>
HTTP/1.1 202 Accepted
Date: Sun, 30 Jun 2024 15:27:39 GMT
Content-Type: application/json; charset=utf-8
Content-Length: 54
Connection: keep-alive
X-Powered-By: Express
Access-Control-Allow-Origin: *
ETag: W/"36-hDmZnQ3Ou/ynnqAeC6TYmyseuzY"
CF-Cache-Status: DYNAMIC
Report-To: {"endpoints":[{"url":"https:\/\/a.nel.cloudflare.com\/report\/v4?s=Niy5HfQI6RqNDfSXeSQNMcdLvrh5xnx6T%2BHxec1APtIfIFFupFsymDKniip2F7c0jUInH%2Bfb4QMvPGKjkJKg19CXyGZLk9sCNWLdanmy6e%2Bs2nrW7zfV%2FI3G2ua4pbJwNffMpBLgbXhVOWS2Q6HBYt%2FQMPI%3D"}],"group":"cf-nel","max_age":604800}
NEL: {"success_fraction":0,"report_to":"cf-nel","max_age":604800}
Server: cloudflare
CF-RAY: 89bf2e80fdbc0e90-AMS
alt-svc: h3=":443"; ma=86400

{
    "success": true,
    "message": "User successfully removed"
}
HTTP/1.1 202 Accepted
Date: Sun, 30 Jun 2024 15:27:39 GMT
Content-Type: application/json; charset=utf-8
Content-Length: 54
Connection: keep-alive
X-Powered-By: Express
Access-Control-Allow-Origin: *
ETag: W/"36-hDmZnQ3Ou/ynnqAeC6TYmyseuzY"
CF-Cache-Status: DYNAMIC
Report-To: {"endpoints":[{"url":"https:\/\/a.nel.cloudflare.com\/report\/v4?s=Niy5HfQI6RqNDfSXeSQNMcdLvrh5xnx6T%2BHxec1APtIfIFFupFsymDKniip2F7c0jUInH%2Bfb4QMvPGKjkJKg19CXyGZLk9sCNWLdanmy6e%2Bs2nrW7zfV%2FI3G2ua4pbJwNffMpBLgbXhVOWS2Q6HBYt%2FQMPI%3D"}],"group":"cf-nel","max_age":604800}
NEL: {"success_fraction":0,"report_to":"cf-nel","max_age":604800}
Server: cloudflare
CF-RAY: 89bf2e80fdbc0e90-AMS
alt-svc: h3=":443"; ma=86400

{
    "success": true,
    "message": "User successfully removed"
}
HTTP/1.1 202 Accepted
Date: Sun, 30 Jun 2024 15:27:39 GMT
Content-Type: application/json; charset=utf-8
Content-Length: 54
Connection: keep-alive
X-Powered-By: Express
Access-Control-Allow-Origin: *
ETag: W/"36-hDmZnQ3Ou/ynnqAeC6TYmyseuzY"
CF-Cache-Status: DYNAMIC
Report-To: {"endpoints":[{"url":"https:\/\/a.nel.cloudflare.com\/report\/v4?s=Niy5HfQI6RqNDfSXeSQNMcdLvrh5xnx6T%2BHxec1APtIfIFFupFsymDKniip2F7c0jUInH%2Bfb4QMvPGKjkJKg19CXyGZLk9sCNWLdanmy6e%2Bs2nrW7zfV%2FI3G2ua4pbJwNffMpBLgbXhVOWS2Q6HBYt%2FQMPI%3D"}],"group":"cf-nel","max_age":604800}
NEL: {"success_fraction":0,"report_to":"cf-nel","max_age":604800}
Server: cloudflare
CF-RAY: 89bf2e80fdbc0e90-AMS
alt-svc: h3=":443"; ma=86400

{
    "success": true,
    "message": "User successfully removed"
}
HTTP/1.1 202 Accepted
Date: Sun, 30 Jun 2024 15:27:39 GMT
Content-Type: application/json; charset=utf-8
Content-Length: 54
Connection: keep-alive
X-Powered-By: Express
Access-Control-Allow-Origin: *
ETag: W/"36-hDmZnQ3Ou/ynnqAeC6TYmyseuzY"
CF-Cache-Status: DYNAMIC
Report-To: {"endpoints":[{"url":"https:\/\/a.nel.cloudflare.com\/report\/v4?s=Niy5HfQI6RqNDfSXeSQNMcdLvrh5xnx6T%2BHxec1APtIfIFFupFsymDKniip2F7c0jUInH%2Bfb4QMvPGKjkJKg19CXyGZLk9sCNWLdanmy6e%2Bs2nrW7zfV%2FI3G2ua4pbJwNffMpBLgbXhVOWS2Q6HBYt%2FQMPI%3D"}],"group":"cf-nel","max_age":604800}
NEL: {"success_fraction":0,"report_to":"cf-nel","max_age":604800}
Server: cloudflare
CF-RAY: 89bf2e80fdbc0e90-AMS
alt-svc: h3=":443"; ma=86400

{
    "success": true,
    "message": "User successfully removed"
}
HTTP/1.1 202 Accepted
Date: Sun, 30 Jun 2024 15:27:39 GMT
Content-Type: application/json; charset=utf-8
Content-Length: 54
Connection: keep-alive
X-Powered-By: Express
Access-Control-Allow-Origin: *
ETag: W/"36-hDmZnQ3Ou/ynnqAeC6TYmyseuzY"
CF-Cache-Status: DYNAMIC
Report-To: {"endpoints":[{"url":"https:\/\/a.nel.cloudflare.com\/report\/v4?s=Niy5HfQI6RqNDfSXeSQNMcdLvrh5xnx6T%2BHxec1APtIfIFFupFsymDKniip2F7c0jUInH%2Bfb4QMvPGKjkJKg19CXyGZLk9sCNWLdanmy6e%2Bs2nrW7zfV%2FI3G2ua4pbJwNffMpBLgbXhVOWS2Q6HBYt%2FQMPI%3D"}],"group":"cf-nel","max_age":604800}
NEL: {"success_fraction":0,"report_to":"cf-nel","max_age":604800}
Server: cloudflare
CF-RAY: 89bf2e80fdbc0e90-AMS
alt-svc: h3=":443"; ma=86400

{
    "success": true,
    "message": "User successfully removed"
}
HTTP/1.1 202 Accepted
Date: Sun, 30 Jun 2024 15:27:39 GMT
Content-Type: application/json; charset=utf-8
Content-Length: 54
Connection: keep-alive
X-Powered-By: Express
Access-Control-Allow-Origin: *
ETag: W/"36-hDmZnQ3Ou/ynnqAeC6TYmyseuzY"
CF-Cache-Status: DYNAMIC
Report-To: {"endpoints":[{"url":"https:\/\/a.nel.cloudflare.com\/report\/v4?s=Niy5HfQI6RqNDfSXeSQNMcdLvrh5xnx6T%2BHxec1APtIfIFFupFsymDKniip2F7c0jUInH%2Bfb4QMvPGKjkJKg19CXyGZLk9sCNWLdanmy6e%2Bs2nrW7zfV%2FI3G2ua4pbJwNffMpBLgbXhVOWS2Q6HBYt%2FQMPI%3D"}],"group":"cf-nel","max_age":604800}
NEL: {"success_fraction":0,"report_to":"cf-nel","max_age":604800}
Server: cloudflare
CF-RAY: 89bf2e80fdbc0e90-AMS
alt-svc: h3=":443"; ma=86400

{
    "success": true,
    "message": "User successfully removed"
}
HTTP/1.1 202 Accepted
Date: Sun, 30 Jun 2024 15:27:39 GMT
Content-Type: application/json; charset=utf-8
Content-Length: 54
Connection: keep-alive
X-Powered-By: Express
Access-Control-Allow-Origin: *
ETag: W/"36-hDmZnQ3Ou/ynnqAeC6TYmyseuzY"
CF-Cache-Status: DYNAMIC
Report-To: {"endpoints":[{"url":"https:\/\/a.nel.cloudflare.com\/report\/v4?s=Niy5HfQI6RqNDfSXeSQNMcdLvrh5xnx6T%2BHxec1APtIfIFFupFsymDKniip2F7c0jUInH%2Bfb4QMvPGKjkJKg19CXyGZLk9sCNWLdanmy6e%2Bs2nrW7zfV%2FI3G2ua4pbJwNffMpBLgbXhVOWS2Q6HBYt%2FQMPI%3D"}],"group":"cf-nel","max_age":604800}
NEL: {"success_fraction":0,"report_to":"cf-nel","max_age":604800}
Server: cloudflare
CF-RAY: 89bf2e80fdbc0e90-AMS
alt-svc: h3=":443"; ma=86400

{
    "success": true,
    "message": "User successfully removed"
}
HTTP/1.1 202 Accepted
Date: Sun, 30 Jun 2024 15:27:39 GMT
Content-Type: application/json; charset=utf-8
Content-Length: 54
Connection: keep-alive
X-Powered-By: Express
Access-Control-Allow-Origin: *
ETag: W/"36-hDmZnQ3Ou/ynnqAeC6TYmyseuzY"
CF-Cache-Status: DYNAMIC
Report-To: {"endpoints":[{"url":"https:\/\/a.nel.cloudflare.com\/report\/v4?s=Niy5HfQI6RqNDfSXeSQNMcdLvrh5xnx6T%2BHxec1APtIfIFFupFsymDKniip2F7c0jUInH%2Bfb4QMvPGKjkJKg19CXyGZLk9sCNWLdanmy6e%2Bs2nrW7zfV%2FI3G2ua4pbJwNffMpBLgbXhVOWS2Q6HBYt%2FQMPI%3D"}],"group":"cf-nel","max_age":604800}
NEL: {"success_fraction":0,"report_to":"cf-nel","max_age":604800}
Server: cloudflare
CF-RAY: 89bf2e80fdbc0e90-AMS
alt-svc: h3=":443"; ma=86400

{
    "success": true,
    "message": "User successfully removed"
}
HTTP/1.1 202 Accepted
Date: Sun, 30 Jun 2024 15:27:39 GMT
Content-Type: application/json; charset=utf-8
Content-Length: 54
Connection: keep-alive
X-Powered-By: Express
Access-Control-Allow-Origin: *
ETag: W/"36-hDmZnQ3Ou/ynnqAeC6TYmyseuzY"
CF-Cache-Status: DYNAMIC
Report-To: {"endpoints":[{"url":"https:\/\/a.nel.cloudflare.com\/report\/v4?s=Niy5HfQI6RqNDfSXeSQNMcdLvrh5xnx6T%2BHxec1APtIfIFFupFsymDKniip2F7c0jUInH%2Bfb4QMvPGKjkJKg19CXyGZLk9sCNWLdanmy6e%2Bs2nrW7zfV%2FI3G2ua4pbJwNffMpBLgbXhVOWS2Q6HBYt%2FQMPI%3D"}],"group":"cf-nel","max_age":604800}
NEL: {"success_fraction":0,"report_to":"cf-nel","max_age":604800}
Server: cloudflare
CF-RAY: 89bf2e80fdbc0e90-AMS
alt-svc: h3=":443"; ma=86400

{
    "success": true,
    "message": "User successfully removed"
}
HTTP/1.1 202 Accepted
Date: Sun, 30 Jun 2024 15:27:39 GMT
Content-Type: application/json; charset=utf-8
Content-Length: 54
Connection: keep-alive
X-Powered-By: Express
Access-Control-Allow-Origin: *
ETag: W/"36-hDmZnQ3Ou/ynnqAeC6TYmyseuzY"
CF-Cache-Status: DYNAMIC
Report-To: {"endpoints":[{"url":"https:\/\/a.nel.cloudflare.com\/report\/v4?s=Niy5HfQI6RqNDfSXeSQNMcdLvrh5xnx6T%2BHxec1APtIfIFFupFsymDKniip2F7c0jUInH%2Bfb4QMvPGKjkJKg19CXyGZLk9sCNWLdanmy6e%2Bs2nrW7zfV%2FI3G2ua4pbJwNffMpBLgbXhVOWS2Q6HBYt%2FQMPI%3D"}],"group":"cf-nel","max_age":604800}
NEL: {"success_fraction":0,"report_to":"cf-nel","max_age":604800}
Server: cloudflare
CF-RAY: 89bf2e80fdbc0e90-AMS
alt-svc: h3=":443"; ma=86400

{
    "success": true,
    "message": "User successfully removed"
}
HTTP/1.1 202 Accepted
Date: Sun, 30 Jun 2024 15:27:39 GMT
Content-Type: application/json; charset=utf-8
Content-Length: 54
Connection: keep-alive
X-Powered-By: Express
Access-Control-Allow-Origin: *
ETag: W/"36-hDmZnQ3Ou/ynnqAeC6TYmyseuzY"
CF-Cache-Status: DYNAMIC
Report-To: {"endpoints":[{"url":"https:\/\/a.nel.cloudflare.com\/report\/v4?s=Niy5HfQI6RqNDfSXeSQNMcdLvrh5xnx6T%2BHxec1APtIfIFFupFsymDKniip2F7c0jUInH%2Bfb4QMvPGKjkJKg19CXyGZLk9sCNWLdanmy6e%2Bs2nrW7zfV%2FI3G2ua4pbJwNffMpBLgbXhVOWS2Q6HBYt%2FQMPI%3D"}],"group":"cf-nel","max_age":604800}
NEL: {"success_fraction":0,"report_to":"cf-nel","max_age":604800}
Server: cloudflare
CF-RAY: 89bf2e80fdbc0e90-AMS
alt-svc: h3=":443"; ma=86400

{
    "success": true,
    "message": "User successfully removed"
}
HTTP/1.1 202 Accepted
Date: Sun, 30 Jun 2024 15:27:39 GMT
Content-Type: application/json; charset=utf-8
Content-Length: 54
Connection: keep-alive
X-Powered-By: Express
Access-Control-Allow-Origin: *
ETag: W/"36-hDmZnQ3Ou/ynnqAeC6TYmyseuzY"
CF-Cache-Status: DYNAMIC
Report-To: {"endpoints":[{"url":"https:\/\/a.nel.cloudflare.com\/report\/v4?s=Niy5HfQI6RqNDfSXeSQNMcdLvrh5xnx6T%2BHxec1APtIfIFFupFsymDKniip2F7c0jUInH%2Bfb4QMvPGKjkJKg19CXyGZLk9sCNWLdanmy6e%2Bs2nrW7zfV%2FI3G2ua4pbJwNffMpBLgbXhVOWS2Q6HBYt%2FQMPI%3D"}],"group":"cf-nel","max_age":604800}
NEL: {"success_fraction":0,"report_to":"cf-nel","max_age":604800}
Server: cloudflare
CF-RAY: 89bf2e80fdbc0e90-AMS
alt-svc: h3=":443"; ma=86400

{
    "success": true,
    "message": "User successfully removed"
}
HTTP/1.1 202 Accepted
Date: Sun, 30 Jun 2024 15:27:39 GMT
Content-Type: application/json; charset=utf-8
Content-Length: 54
Connection: keep-alive
X-Powered-By: Express
Access-Control-Allow-Origin: *
ETag: W/"36-hDmZnQ3Ou/ynnqAeC6TYmyseuzY"
CF-Cache-Status: DYNAMIC
Report-To: {"endpoints":[{"url":"https:\/\/a.nel.cloudflare.com\/report\/v4?s=Niy5HfQI6RqNDfSXeSQNMcdLvrh5xnx6T%2BHxec1APtIfIFFupFsymDKniip2F7c0jUInH%2Bfb4QMvPGKjkJKg19CXyGZLk9sCNWLdanmy6e%2Bs2nrW7zfV%2FI3G2ua4pbJwNffMpBLgbXhVOWS2Q6HBYt%2FQMPI%3D"}],"group":"cf-nel","max_age":604800}
NEL: {"success_fraction":0,"report_to":"cf-nel","max_age":604800}
Server: cloudflare
CF-RAY: 89bf2e80fdbc0e90-AMS
alt-svc: h3=":443"; ma=86400

{
    "success": true,
    "message": "User successfully removed"
}
HTTP/1.1 202 Accepted
Date: Sun, 30 Jun 2024 15:27:39 GMT
Content-Type: application/json; charset=utf-8
Content-Length: 54
Connection: keep-alive
X-Powered-By: Express
Access-Control-Allow-Origin: *
ETag: W/"36-hDmZnQ3Ou/ynnqAeC6TYmyseuzY"
CF-Cache-Status: DYNAMIC
Report-To: {"endpoints":[{"url":"https:\/\/a.nel.cloudflare.com\/report\/v4?s=Niy5HfQI6RqNDfSXeSQNMcdLvrh5xnx6T%2BHxec1APtIfIFFupFsymDKniip2F7c0jUInH%2Bfb4QMvPGKjkJKg19CXyGZLk9sCNWLdanmy6e%2Bs2nrW7zfV%2FI3G2ua4pbJwNffMpBLgbXhVOWS2Q6HBYt%2FQMPI%3D"}],"group":"cf-nel","max_age":604800}
NEL: {"success_fraction":0,"report_to":"cf-nel","max_age":604800}
Server: cloudflare
CF-RAY: 89bf2e80fdbc0e90-AMS
alt-svc: h3=":443"; ma=86400

{
    "success": true,
    "message": "User successfully removed"
}
HTTP/1.1 202 Accepted
Date: Sun, 30 Jun 2024 15:27:39 GMT
Content-Type: application/json; charset=utf-8
Content-Length: 54
Connection: keep-alive
X-Powered-By: Express
Access-Control-Allow-Origin: *
ETag: W/"36-hDmZnQ3Ou/ynnqAeC6TYmyseuzY"
CF-Cache-Status: DYNAMIC
Report-To: {"endpoints":[{"url":"https:\/\/a.nel.cloudflare.com\/report\/v4?s=Niy5HfQI6RqNDfSXeSQNMcdLvrh5xnx6T%2BHxec1APtIfIFFupFsymDKniip2F7c0jUInH%2Bfb4QMvPGKjkJKg19CXyGZLk9sCNWLdanmy6e%2Bs2nrW7zfV%2FI3G2ua4pbJwNffMpBLgbXhVOWS2Q6HBYt%2FQMPI%3D"}],"group":"cf-nel","max_age":604800}
NEL: {"success_fraction":0,"report_to":"cf-nel","max_age":604800}
Server: cloudflare
CF-RAY: 89bf2e80fdbc0e90-AMS
alt-svc: h3=":443"; ma=86400

{
    "success": true,
    "message": "User successfully removed"
}
HTTP/1.1 202 Accepted
Date: Sun, 30 Jun 2024 15:27:39 GMT
Content-Type: application/json; charset=utf-8
Content-Length: 54
Connection: keep-alive
X-Powered-By: Express
Access-Control-Allow-Origin: *
ETag: W/"36-hDmZnQ3Ou/ynnqAeC6TYmyseuzY"
CF-Cache-Status: DYNAMIC
Report-To: {"endpoints":[{"url":"https:\/\/a.nel.cloudflare.com\/report\/v4?s=Niy5HfQI6RqNDfSXeSQNMcdLvrh5xnx6T%2BHxec1APtIfIFFupFsymDKniip2F7c0jUInH%2Bfb4QMvPGKjkJKg19CXyGZLk9sCNWLdanmy6e%2Bs2nrW7zfV%2FI3G2ua4pbJwNffMpBLgbXhVOWS2Q6HBYt%2FQMPI%3D"}],"group":"cf-nel","max_age":604800}
NEL: {"success_fraction":0,"report_to":"cf-nel","max_age":604800}
Server: cloudflare
CF-RAY: 89bf2e80fdbc0e90-AMS
alt-svc: h3=":443"; ma=86400

{
    "success": true,
    "message": "User successfully removed"
}
HTTP/1.1 202 Accepted
Date: Sun, 30 Jun 2024 15:27:39 GMT
Content-Type: application/json; charset=utf-8
Content-Length: 54
Connection: keep-alive
X-Powered-By: Express
Access-Control-Allow-Origin: *
ETag: W/"36-hDmZnQ3Ou/ynnqAeC6TYmyseuzY"
CF-Cache-Status: DYNAMIC
Report-To: {"endpoints":[{"url":"https:\/\/a.nel.cloudflare.com\/report\/v4?s=Niy5HfQI6RqNDfSXeSQNMcdLvrh5xnx6T%2BHxec1APtIfIFFupFsymDKniip2F7c0jUInH%2Bfb4QMvPGKjkJKg19CXyGZLk9sCNWLdanmy6e%2Bs2nrW7zfV%2FI3G2ua4pbJwNffMpBLgbXhVOWS2Q6HBYt%2FQMPI%3D"}],"group":"cf-nel","max_age":604800}
NEL: {"success_fraction":0,"report_to":"cf-nel","max_age":604800}
Server: cloudflare
CF-RAY: 89bf2e80fdbc0e90-AMS
alt-svc: h3=":443"; ma=86400

{
    "success": true,
    "message": "User successfully removed"
}
HTTP/1.1 202 Accepted
Date: Sun, 30 Jun 2024 15:27:39 GMT
Content-Type: application/json; charset=utf-8
Content-Length: 54
Connection: keep-alive
X-Powered-By: Express
Access-Control-Allow-Origin: *
ETag: W/"36-hDmZnQ3Ou/ynnqAeC6TYmyseuzY"
CF-Cache-Status: DYNAMIC
Report-To: {"endpoints":[{"url":"https:\/\/a.nel.cloudflare.com\/report\/v4?s=Niy5HfQI6RqNDfSXeSQNMcdLvrh5xnx6T%2BHxec1APtIfIFFupFsymDKniip2F7c0jUInH%2Bfb4QMvPGKjkJKg19CXyGZLk9sCNWLdanmy6e%2Bs2nrW7zfV%2FI3G2ua4pbJwNffMpBLgbXhVOWS2Q6HBYt%2FQMPI%3D"}],"group":"cf-nel","max_age":604800}
NEL: {"success_fraction":0,"report_to":"cf-nel","max_age":604800}
Server: cloudflare
CF-RAY: 89bf2e80fdbc0e90-AMS
alt-svc: h3=":443"; ma=86400

{
    "success": true,
    "message": "User successfully removed"
}
]]></system-out>
  </testcase>
</testsuite>