<?xml version="1.0" encoding="UTF-8"?>
<testsuite xmlns:xsi="http://www.w3.org/2001/XMLSchema-instance" xsi:noNamespaceSchemaLocation="https://maven.apache.org/surefire/maven-surefire-plugin/xsd/surefire-test-report-3.0.xsd" version="3.0" name="LoginUserTest" time="4.386" tests="3" errors="0" skipped="0" failures="0">
  <properties>
    <property name="sun.desktop" value="windows"/>
    <property name="awt.toolkit" value="sun.awt.windows.WToolkit"/>
    <property name="java.specification.version" value="11"/>
    <property name="sun.cpu.isalist" value="amd64"/>
    <property name="sun.jnu.encoding" value="Cp1251"/>
    <property name="java.class.path" value="D:\projects\Diplom\Diplom_2\target\test-classes;D:\projects\Diplom\Diplom_2\target\classes;C:\Users\User\.m2\repository\junit\junit\4.13.2\junit-4.13.2.jar;C:\Users\User\.m2\repository\org\hamcrest\hamcrest-core\1.3\hamcrest-core-1.3.jar;C:\Users\User\.m2\repository\io\rest-assured\rest-assured\5.4.0\rest-assured-5.4.0.jar;C:\Users\User\.m2\repository\org\apache\groovy\groovy\4.0.16\groovy-4.0.16.jar;C:\Users\User\.m2\repository\org\apache\groovy\groovy-xml\4.0.16\groovy-xml-4.0.16.jar;C:\Users\User\.m2\repository\org\apache\httpcomponents\httpclient\4.5.13\httpclient-4.5.13.jar;C:\Users\User\.m2\repository\org\apache\httpcomponents\httpcore\4.4.13\httpcore-4.4.13.jar;C:\Users\User\.m2\repository\commons-logging\commons-logging\1.2\commons-logging-1.2.jar;C:\Users\User\.m2\repository\commons-codec\commons-codec\1.11\commons-codec-1.11.jar;C:\Users\User\.m2\repository\org\apache\httpcomponents\httpmime\4.5.13\httpmime-4.5.13.jar;C:\Users\User\.m2\repository\org\hamcrest\hamcrest\2.2\hamcrest-2.2.jar;C:\Users\User\.m2\repository\org\ccil\cowan\tagsoup\tagsoup\1.2.1\tagsoup-1.2.1.jar;C:\Users\User\.m2\repository\io\rest-assured\json-path\5.4.0\json-path-5.4.0.jar;C:\Users\User\.m2\repository\org\apache\groovy\groovy-json\4.0.16\groovy-json-4.0.16.jar;C:\Users\User\.m2\repository\io\rest-assured\rest-assured-common\5.4.0\rest-assured-common-5.4.0.jar;C:\Users\User\.m2\repository\io\rest-assured\xml-path\5.4.0\xml-path-5.4.0.jar;C:\Users\User\.m2\repository\org\apache\commons\commons-lang3\3.11\commons-lang3-3.11.jar;C:\Users\User\.m2\repository\io\qameta\allure\allure-junit4\2.15.0\allure-junit4-2.15.0.jar;C:\Users\User\.m2\repository\io\qameta\allure\allure-java-commons\2.15.0\allure-java-commons-2.15.0.jar;C:\Users\User\.m2\repository\org\slf4j\slf4j-api\1.7.30\slf4j-api-1.7.30.jar;C:\Users\User\.m2\repository\io\qameta\allure\allure-model\2.15.0\allure-model-2.15.0.jar;C:\Users\User\.m2\repository\io\qameta\allure\allure-rest-assured\2.15.0\allure-rest-assured-2.15.0.jar;C:\Users\User\.m2\repository\io\qameta\allure\allure-attachments\2.15.0\allure-attachments-2.15.0.jar;C:\Users\User\.m2\repository\org\freemarker\freemarker\2.3.31\freemarker-2.3.31.jar;C:\Users\User\.m2\repository\org\projectlombok\lombok\1.18.32\lombok-1.18.32.jar;C:\Users\User\.m2\repository\com\google\code\gson\gson\2.11.0\gson-2.11.0.jar;C:\Users\User\.m2\repository\com\google\errorprone\error_prone_annotations\2.27.0\error_prone_annotations-2.27.0.jar;"/>
    <property name="java.vm.vendor" value="Amazon.com Inc."/>
    <property name="sun.arch.data.model" value="64"/>
    <property name="user.variant" value=""/>
    <property name="java.vendor.url" value="https://aws.amazon.com/corretto/"/>
    <property name="user.timezone" value="Europe/Moscow"/>
    <property name="java.vm.specification.version" value="11"/>
    <property name="os.name" value="Windows 10"/>
    <property name="sun.java.launcher" value="SUN_STANDARD"/>
    <property name="user.country" value="RU"/>
    <property name="sun.boot.library.path" value="C:\Program Files\Amazon Corretto\jdk11.0.22_7\bin"/>
    <property name="sun.java.command" value="C:\Users\User\AppData\Local\Temp\surefire6552429497858181900\surefirebooter-20240630182716301_3.jar C:\Users\User\AppData\Local\Temp\surefire6552429497858181900 2024-06-30T18-27-15_670-jvmRun1 surefire-20240630182716301_1tmp surefire_0-20240630182716301_2tmp"/>
    <property name="jdk.debug" value="release"/>
    <property name="surefire.test.class.path" value="D:\projects\Diplom\Diplom_2\target\test-classes;D:\projects\Diplom\Diplom_2\target\classes;C:\Users\User\.m2\repository\junit\junit\4.13.2\junit-4.13.2.jar;C:\Users\User\.m2\repository\org\hamcrest\hamcrest-core\1.3\hamcrest-core-1.3.jar;C:\Users\User\.m2\repository\io\rest-assured\rest-assured\5.4.0\rest-assured-5.4.0.jar;C:\Users\User\.m2\repository\org\apache\groovy\groovy\4.0.16\groovy-4.0.16.jar;C:\Users\User\.m2\repository\org\apache\groovy\groovy-xml\4.0.16\groovy-xml-4.0.16.jar;C:\Users\User\.m2\repository\org\apache\httpcomponents\httpclient\4.5.13\httpclient-4.5.13.jar;C:\Users\User\.m2\repository\org\apache\httpcomponents\httpcore\4.4.13\httpcore-4.4.13.jar;C:\Users\User\.m2\repository\commons-logging\commons-logging\1.2\commons-logging-1.2.jar;C:\Users\User\.m2\repository\commons-codec\commons-codec\1.11\commons-codec-1.11.jar;C:\Users\User\.m2\repository\org\apache\httpcomponents\httpmime\4.5.13\httpmime-4.5.13.jar;C:\Users\User\.m2\repository\org\hamcrest\hamcrest\2.2\hamcrest-2.2.jar;C:\Users\User\.m2\repository\org\ccil\cowan\tagsoup\tagsoup\1.2.1\tagsoup-1.2.1.jar;C:\Users\User\.m2\repository\io\rest-assured\json-path\5.4.0\json-path-5.4.0.jar;C:\Users\User\.m2\repository\org\apache\groovy\groovy-json\4.0.16\groovy-json-4.0.16.jar;C:\Users\User\.m2\repository\io\rest-assured\rest-assured-common\5.4.0\rest-assured-common-5.4.0.jar;C:\Users\User\.m2\repository\io\rest-assured\xml-path\5.4.0\xml-path-5.4.0.jar;C:\Users\User\.m2\repository\org\apache\commons\commons-lang3\3.11\commons-lang3-3.11.jar;C:\Users\User\.m2\repository\io\qameta\allure\allure-junit4\2.15.0\allure-junit4-2.15.0.jar;C:\Users\User\.m2\repository\io\qameta\allure\allure-java-commons\2.15.0\allure-java-commons-2.15.0.jar;C:\Users\User\.m2\repository\org\slf4j\slf4j-api\1.7.30\slf4j-api-1.7.30.jar;C:\Users\User\.m2\repository\io\qameta\allure\allure-model\2.15.0\allure-model-2.15.0.jar;C:\Users\User\.m2\repository\io\qameta\allure\allure-rest-assured\2.15.0\allure-rest-assured-2.15.0.jar;C:\Users\User\.m2\repository\io\qameta\allure\allure-attachments\2.15.0\allure-attachments-2.15.0.jar;C:\Users\User\.m2\repository\org\freemarker\freemarker\2.3.31\freemarker-2.3.31.jar;C:\Users\User\.m2\repository\org\projectlombok\lombok\1.18.32\lombok-1.18.32.jar;C:\Users\User\.m2\repository\com\google\code\gson\gson\2.11.0\gson-2.11.0.jar;C:\Users\User\.m2\repository\com\google\errorprone\error_prone_annotations\2.27.0\error_prone_annotations-2.27.0.jar;"/>
    <property name="sun.cpu.endian" value="little"/>
    <property name="allure.results.directory" value="D:\projects\Diplom\Diplom_2\target/allure-results"/>
    <property name="user.home" value="C:\Users\User"/>
    <property name="user.language" value="ru"/>
    <property name="java.specification.vendor" value="Oracle Corporation"/>
    <property name="java.version.date" value="2024-01-16"/>
    <property name="java.home" value="C:\Program Files\Amazon Corretto\jdk11.0.22_7"/>
    <property name="file.separator" value="\"/>
    <property name="basedir" value="D:\projects\Diplom\Diplom_2"/>
    <property name="java.vm.compressedOopsMode" value="32-bit"/>
    <property name="line.separator" value="&#10;"/>
    <property name="java.specification.name" value="Java Platform API Specification"/>
    <property name="java.vm.specification.vendor" value="Oracle Corporation"/>
    <property name="java.awt.graphicsenv" value="sun.awt.Win32GraphicsEnvironment"/>
    <property name="surefire.real.class.path" value="C:\Users\User\AppData\Local\Temp\surefire6552429497858181900\surefirebooter-20240630182716301_3.jar"/>
    <property name="user.script" value=""/>
    <property name="sun.management.compiler" value="HotSpot 64-Bit Tiered Compilers"/>
    <property name="java.runtime.version" value="11.0.22+7-LTS"/>
    <property name="user.name" value="User"/>
    <property name="path.separator" value=";"/>
    <property name="os.version" value="10.0"/>
    <property name="java.runtime.name" value="OpenJDK Runtime Environment"/>
    <property name="file.encoding" value="Cp1251"/>
    <property name="java.vm.name" value="OpenJDK 64-Bit Server VM"/>
    <property name="java.vendor.version" value="Corretto-11.0.22.7.1"/>
    <property name="localRepository" value="C:\Users\User\.m2\repository"/>
    <property name="java.vendor.url.bug" value="https://github.com/corretto/corretto-11/issues/"/>
    <property name="java.io.tmpdir" value="C:\Users\User\AppData\Local\Temp\"/>
    <property name="idea.version" value="2023.3.4"/>
    <property name="java.version" value="11.0.22"/>
    <property name="user.dir" value="D:\projects\Diplom\Diplom_2"/>
    <property name="os.arch" value="amd64"/>
    <property name="java.vm.specification.name" value="Java Virtual Machine Specification"/>
    <property name="java.awt.printerjob" value="sun.awt.windows.WPrinterJob"/>
    <property name="sun.os.patch.level" value=""/>
    <property name="java.library.path" value="C:\Program Files\Amazon Corretto\jdk11.0.22_7\bin;C:\Windows\Sun\Java\bin;C:\Windows\system32;C:\Windows;C:\Program Files\Amazon Corretto\jdk11.0.22_7\bin;C:\Program Files\Common Files\Oracle\Java\javapath;C:\ProgramData\Oracle\Java\javapath;C:\Windows\system32;C:\Windows;C:\Windows\System32\Wbem;C:\Windows\System32\WindowsPowerShell\v1.0\;C:\Windows\System32\OpenSSH\;C:\Program Files (x86)\Intel\Intel(R) Management Engine Components\DAL;C:\Program Files\Intel\Intel(R) Management Engine Components\DAL;C:\Program Files\TortoiseGit\bin;C:\Program Files\apache-maven-3.9.6\bin;C:\Program Files\Git\cmd;C:\Program Files\Git\mingw64\bin;C:\Program Files\Git\usr\bin;C:\WebDriver\bin;C:\allure-2.29.0\bin;C:\Users\User\AppData\Local\Microsoft\WindowsApps;C:\Users\User\AppData\Local\Programs\Fiddler;C:\Users\User\AppData\Local\GitHubDesktop\bin;C:\Program Files\Docker Toolbox;."/>
    <property name="java.vm.info" value="mixed mode"/>
    <property name="java.vendor" value="Amazon.com Inc."/>
    <property name="java.vm.version" value="11.0.22+7-LTS"/>
    <property name="java.specification.maintenance.version" value="2"/>
    <property name="sun.io.unicode.encoding" value="UnicodeLittle"/>
    <property name="java.class.version" value="55.0"/>
  </properties>
  <testcase name="authLoginUser" classname="LoginUserTest" time="1.425">
    <system-out><![CDATA[Request method:	POST
Request URI:	https://stellarburgers.nomoreparties.site/api/auth/register
Proxy:			<none>
Request params:	<none>
Query params:	<none>
Form params:	<none>
Path params:	<none>
Headers:		Accept=*/*
				Content-Type=application/json
Cookies:		<none>
Multiparts:		<none>
Body:
{
    "email": "wTojZpbGrr@ya.ru",
    "password": "UqHqeedYZO",
    "name": "pdhXbHTefg"
}
Request method:	POST
Request URI:	https://stellarburgers.nomoreparties.site/api/auth/register
Proxy:			<none>
Request params:	<none>
Query params:	<none>
Form params:	<none>
Path params:	<none>
Headers:		Accept=*/*
				Content-Type=application/json
Cookies:		<none>
Multiparts:		<none>
Body:
{
    "email": "wTojZpbGrr@ya.ru",
    "password": "UqHqeedYZO",
    "name": "pdhXbHTefg"
}
Request method:	POST
Request URI:	https://stellarburgers.nomoreparties.site/api/auth/register
Proxy:			<none>
Request params:	<none>
Query params:	<none>
Form params:	<none>
Path params:	<none>
Headers:		Accept=*/*
				Content-Type=application/json
Cookies:		<none>
Multiparts:		<none>
Body:
{
    "email": "wTojZpbGrr@ya.ru",
    "password": "UqHqeedYZO",
    "name": "pdhXbHTefg"
}
Request method:	POST
Request URI:	https://stellarburgers.nomoreparties.site/api/auth/register
Proxy:			<none>
Request params:	<none>
Query params:	<none>
Form params:	<none>
Path params:	<none>
Headers:		Accept=*/*
				Content-Type=application/json
Cookies:		<none>
Multiparts:		<none>
Body:
{
    "email": "wTojZpbGrr@ya.ru",
    "password": "UqHqeedYZO",
    "name": "pdhXbHTefg"
}
Request method:	POST
Request URI:	https://stellarburgers.nomoreparties.site/api/auth/register
Proxy:			<none>
Request params:	<none>
Query params:	<none>
Form params:	<none>
Path params:	<none>
Headers:		Accept=*/*
				Content-Type=application/json
Cookies:		<none>
Multiparts:		<none>
Body:
{
    "email": "wTojZpbGrr@ya.ru",
    "password": "UqHqeedYZO",
    "name": "pdhXbHTefg"
}
Request method:	POST
Request URI:	https://stellarburgers.nomoreparties.site/api/auth/register
Proxy:			<none>
Request params:	<none>
Query params:	<none>
Form params:	<none>
Path params:	<none>
Headers:		Accept=*/*
				Content-Type=application/json
Cookies:		<none>
Multiparts:		<none>
Body:
{
    "email": "wTojZpbGrr@ya.ru",
    "password": "UqHqeedYZO",
    "name": "pdhXbHTefg"
}
Request method:	POST
Request URI:	https://stellarburgers.nomoreparties.site/api/auth/register
Proxy:			<none>
Request params:	<none>
Query params:	<none>
Form params:	<none>
Path params:	<none>
Headers:		Accept=*/*
				Content-Type=application/json
Cookies:		<none>
Multiparts:		<none>
Body:
{
    "email": "wTojZpbGrr@ya.ru",
    "password": "UqHqeedYZO",
    "name": "pdhXbHTefg"
}
Request method:	POST
Request URI:	https://stellarburgers.nomoreparties.site/api/auth/register
Proxy:			<none>
Request params:	<none>
Query params:	<none>
Form params:	<none>
Path params:	<none>
Headers:		Accept=*/*
				Content-Type=application/json
Cookies:		<none>
Multiparts:		<none>
Body:
{
    "email": "wTojZpbGrr@ya.ru",
    "password": "UqHqeedYZO",
    "name": "pdhXbHTefg"
}
Request method:	POST
Request URI:	https://stellarburgers.nomoreparties.site/api/auth/register
Proxy:			<none>
Request params:	<none>
Query params:	<none>
Form params:	<none>
Path params:	<none>
Headers:		Accept=*/*
				Content-Type=application/json
Cookies:		<none>
Multiparts:		<none>
Body:
{
    "email": "wTojZpbGrr@ya.ru",
    "password": "UqHqeedYZO",
    "name": "pdhXbHTefg"
}
Request method:	POST
Request URI:	https://stellarburgers.nomoreparties.site/api/auth/register
Proxy:			<none>
Request params:	<none>
Query params:	<none>
Form params:	<none>
Path params:	<none>
Headers:		Accept=*/*
				Content-Type=application/json
Cookies:		<none>
Multiparts:		<none>
Body:
{
    "email": "wTojZpbGrr@ya.ru",
    "password": "UqHqeedYZO",
    "name": "pdhXbHTefg"
}
Request method:	POST
Request URI:	https://stellarburgers.nomoreparties.site/api/auth/register
Proxy:			<none>
Request params:	<none>
Query params:	<none>
Form params:	<none>
Path params:	<none>
Headers:		Accept=*/*
				Content-Type=application/json
Cookies:		<none>
Multiparts:		<none>
Body:
{
    "email": "wTojZpbGrr@ya.ru",
    "password": "UqHqeedYZO",
    "name": "pdhXbHTefg"
}
Request method:	POST
Request URI:	https://stellarburgers.nomoreparties.site/api/auth/register
Proxy:			<none>
Request params:	<none>
Query params:	<none>
Form params:	<none>
Path params:	<none>
Headers:		Accept=*/*
				Content-Type=application/json
Cookies:		<none>
Multiparts:		<none>
Body:
{
    "email": "wTojZpbGrr@ya.ru",
    "password": "UqHqeedYZO",
    "name": "pdhXbHTefg"
}
Request method:	POST
Request URI:	https://stellarburgers.nomoreparties.site/api/auth/register
Proxy:			<none>
Request params:	<none>
Query params:	<none>
Form params:	<none>
Path params:	<none>
Headers:		Accept=*/*
				Content-Type=application/json
Cookies:		<none>
Multiparts:		<none>
Body:
{
    "email": "wTojZpbGrr@ya.ru",
    "password": "UqHqeedYZO",
    "name": "pdhXbHTefg"
}
Request method:	POST
Request URI:	https://stellarburgers.nomoreparties.site/api/auth/register
Proxy:			<none>
Request params:	<none>
Query params:	<none>
Form params:	<none>
Path params:	<none>
Headers:		Accept=*/*
				Content-Type=application/json
Cookies:		<none>
Multiparts:		<none>
Body:
{
    "email": "wTojZpbGrr@ya.ru",
    "password": "UqHqeedYZO",
    "name": "pdhXbHTefg"
}
Request method:	POST
Request URI:	https://stellarburgers.nomoreparties.site/api/auth/register
Proxy:			<none>
Request params:	<none>
Query params:	<none>
Form params:	<none>
Path params:	<none>
Headers:		Accept=*/*
				Content-Type=application/json
Cookies:		<none>
Multiparts:		<none>
Body:
{
    "email": "wTojZpbGrr@ya.ru",
    "password": "UqHqeedYZO",
    "name": "pdhXbHTefg"
}
Request method:	POST
Request URI:	https://stellarburgers.nomoreparties.site/api/auth/register
Proxy:			<none>
Request params:	<none>
Query params:	<none>
Form params:	<none>
Path params:	<none>
Headers:		Accept=*/*
				Content-Type=application/json
Cookies:		<none>
Multiparts:		<none>
Body:
{
    "email": "wTojZpbGrr@ya.ru",
    "password": "UqHqeedYZO",
    "name": "pdhXbHTefg"
}
Request method:	POST
Request URI:	https://stellarburgers.nomoreparties.site/api/auth/register
Proxy:			<none>
Request params:	<none>
Query params:	<none>
Form params:	<none>
Path params:	<none>
Headers:		Accept=*/*
				Content-Type=application/json
Cookies:		<none>
Multiparts:		<none>
Body:
{
    "email": "wTojZpbGrr@ya.ru",
    "password": "UqHqeedYZO",
    "name": "pdhXbHTefg"
}
Request method:	POST
Request URI:	https://stellarburgers.nomoreparties.site/api/auth/register
Proxy:			<none>
Request params:	<none>
Query params:	<none>
Form params:	<none>
Path params:	<none>
Headers:		Accept=*/*
				Content-Type=application/json
Cookies:		<none>
Multiparts:		<none>
Body:
{
    "email": "wTojZpbGrr@ya.ru",
    "password": "UqHqeedYZO",
    "name": "pdhXbHTefg"
}
Request method:	POST
Request URI:	https://stellarburgers.nomoreparties.site/api/auth/register
Proxy:			<none>
Request params:	<none>
Query params:	<none>
Form params:	<none>
Path params:	<none>
Headers:		Accept=*/*
				Content-Type=application/json
Cookies:		<none>
Multiparts:		<none>
Body:
{
    "email": "wTojZpbGrr@ya.ru",
    "password": "UqHqeedYZO",
    "name": "pdhXbHTefg"
}
Request method:	POST
Request URI:	https://stellarburgers.nomoreparties.site/api/auth/register
Proxy:			<none>
Request params:	<none>
Query params:	<none>
Form params:	<none>
Path params:	<none>
Headers:		Accept=*/*
				Content-Type=application/json
Cookies:		<none>
Multiparts:		<none>
Body:
{
    "email": "wTojZpbGrr@ya.ru",
    "password": "UqHqeedYZO",
    "name": "pdhXbHTefg"
}
Request method:	POST
Request URI:	https://stellarburgers.nomoreparties.site/api/auth/register
Proxy:			<none>
Request params:	<none>
Query params:	<none>
Form params:	<none>
Path params:	<none>
Headers:		Accept=*/*
				Content-Type=application/json
Cookies:		<none>
Multiparts:		<none>
Body:
{
    "email": "wTojZpbGrr@ya.ru",
    "password": "UqHqeedYZO",
    "name": "pdhXbHTefg"
}
Request method:	POST
Request URI:	https://stellarburgers.nomoreparties.site/api/auth/register
Proxy:			<none>
Request params:	<none>
Query params:	<none>
Form params:	<none>
Path params:	<none>
Headers:		Accept=*/*
				Content-Type=application/json
Cookies:		<none>
Multiparts:		<none>
Body:
{
    "email": "wTojZpbGrr@ya.ru",
    "password": "UqHqeedYZO",
    "name": "pdhXbHTefg"
}
HTTP/1.1 200 OK
Date: Sun, 30 Jun 2024 15:27:44 GMT
Content-Type: application/json; charset=utf-8
Transfer-Encoding: chunked
Connection: keep-alive
X-Powered-By: Express
Access-Control-Allow-Origin: *
authorization: Bearer eyJhbGciOiJIUzI1NiIsInR5cCI6IkpXVCJ9.eyJpZCI6IjY2ODE3OTcwOWVkMjgwMDAxYjQ1OTYwYyIsImlhdCI6MTcxOTc2MTI2NCwiZXhwIjoxNzE5NzYyNDY0fQ.kdO9ZpCrkrXu_lHyQuMgalXkzMLyuTmKMt9Mgo_o-aM
ETag: W/"16d-eWVpc7ei0S/0qiWHP26uo56/+AE"
CF-Cache-Status: DYNAMIC
Report-To: {"endpoints":[{"url":"https:\/\/a.nel.cloudflare.com\/report\/v4?s=wx9cNte5pKtWc05reRT8DbfzC59Lg1GyzhwGCcG0UXuSTfw04KNpducHob2oxZ4qXcjXOvj%2Bm8%2FF6WpS6E0swYA5GeYjlJlRi7lg5Kmajy86FEvOw1hVLJP4DprX5K9RVsnwOScmFY7hYwqTycaNLJRx%2Bx0%3D"}],"group":"cf-nel","max_age":604800}
NEL: {"success_fraction":0,"report_to":"cf-nel","max_age":604800}
Server: cloudflare
CF-RAY: 89bf2ea10d786397-LHR
Content-Encoding: gzip
alt-svc: h3=":443"; ma=86400

{
    "success": true,
    "user": {
        "email": "wtojzpbgrr@ya.ru",
        "name": "pdhXbHTefg"
    },
    "accessToken": "Bearer eyJhbGciOiJIUzI1NiIsInR5cCI6IkpXVCJ9.eyJpZCI6IjY2ODE3OTcwOWVkMjgwMDAxYjQ1OTYwYyIsImlhdCI6MTcxOTc2MTI2NCwiZXhwIjoxNzE5NzYyNDY0fQ.kdO9ZpCrkrXu_lHyQuMgalXkzMLyuTmKMt9Mgo_o-aM",
    "refreshToken": "940102fce1dd30e460e41d7cddbeacbf425574efc30679aa415e05a2101130952700556d79564d0c"
}
HTTP/1.1 200 OK
Date: Sun, 30 Jun 2024 15:27:44 GMT
Content-Type: application/json; charset=utf-8
Transfer-Encoding: chunked
Connection: keep-alive
X-Powered-By: Express
Access-Control-Allow-Origin: *
authorization: Bearer eyJhbGciOiJIUzI1NiIsInR5cCI6IkpXVCJ9.eyJpZCI6IjY2ODE3OTcwOWVkMjgwMDAxYjQ1OTYwYyIsImlhdCI6MTcxOTc2MTI2NCwiZXhwIjoxNzE5NzYyNDY0fQ.kdO9ZpCrkrXu_lHyQuMgalXkzMLyuTmKMt9Mgo_o-aM
ETag: W/"16d-eWVpc7ei0S/0qiWHP26uo56/+AE"
CF-Cache-Status: DYNAMIC
Report-To: {"endpoints":[{"url":"https:\/\/a.nel.cloudflare.com\/report\/v4?s=wx9cNte5pKtWc05reRT8DbfzC59Lg1GyzhwGCcG0UXuSTfw04KNpducHob2oxZ4qXcjXOvj%2Bm8%2FF6WpS6E0swYA5GeYjlJlRi7lg5Kmajy86FEvOw1hVLJP4DprX5K9RVsnwOScmFY7hYwqTycaNLJRx%2Bx0%3D"}],"group":"cf-nel","max_age":604800}
NEL: {"success_fraction":0,"report_to":"cf-nel","max_age":604800}
Server: cloudflare
CF-RAY: 89bf2ea10d786397-LHR
Content-Encoding: gzip
alt-svc: h3=":443"; ma=86400

{
    "success": true,
    "user": {
        "email": "wtojzpbgrr@ya.ru",
        "name": "pdhXbHTefg"
    },
    "accessToken": "Bearer eyJhbGciOiJIUzI1NiIsInR5cCI6IkpXVCJ9.eyJpZCI6IjY2ODE3OTcwOWVkMjgwMDAxYjQ1OTYwYyIsImlhdCI6MTcxOTc2MTI2NCwiZXhwIjoxNzE5NzYyNDY0fQ.kdO9ZpCrkrXu_lHyQuMgalXkzMLyuTmKMt9Mgo_o-aM",
    "refreshToken": "940102fce1dd30e460e41d7cddbeacbf425574efc30679aa415e05a2101130952700556d79564d0c"
}
HTTP/1.1 200 OK
Date: Sun, 30 Jun 2024 15:27:44 GMT
Content-Type: application/json; charset=utf-8
Transfer-Encoding: chunked
Connection: keep-alive
X-Powered-By: Express
Access-Control-Allow-Origin: *
authorization: Bearer eyJhbGciOiJIUzI1NiIsInR5cCI6IkpXVCJ9.eyJpZCI6IjY2ODE3OTcwOWVkMjgwMDAxYjQ1OTYwYyIsImlhdCI6MTcxOTc2MTI2NCwiZXhwIjoxNzE5NzYyNDY0fQ.kdO9ZpCrkrXu_lHyQuMgalXkzMLyuTmKMt9Mgo_o-aM
ETag: W/"16d-eWVpc7ei0S/0qiWHP26uo56/+AE"
CF-Cache-Status: DYNAMIC
Report-To: {"endpoints":[{"url":"https:\/\/a.nel.cloudflare.com\/report\/v4?s=wx9cNte5pKtWc05reRT8DbfzC59Lg1GyzhwGCcG0UXuSTfw04KNpducHob2oxZ4qXcjXOvj%2Bm8%2FF6WpS6E0swYA5GeYjlJlRi7lg5Kmajy86FEvOw1hVLJP4DprX5K9RVsnwOScmFY7hYwqTycaNLJRx%2Bx0%3D"}],"group":"cf-nel","max_age":604800}
NEL: {"success_fraction":0,"report_to":"cf-nel","max_age":604800}
Server: cloudflare
CF-RAY: 89bf2ea10d786397-LHR
Content-Encoding: gzip
alt-svc: h3=":443"; ma=86400

{
    "success": true,
    "user": {
        "email": "wtojzpbgrr@ya.ru",
        "name": "pdhXbHTefg"
    },
    "accessToken": "Bearer eyJhbGciOiJIUzI1NiIsInR5cCI6IkpXVCJ9.eyJpZCI6IjY2ODE3OTcwOWVkMjgwMDAxYjQ1OTYwYyIsImlhdCI6MTcxOTc2MTI2NCwiZXhwIjoxNzE5NzYyNDY0fQ.kdO9ZpCrkrXu_lHyQuMgalXkzMLyuTmKMt9Mgo_o-aM",
    "refreshToken": "940102fce1dd30e460e41d7cddbeacbf425574efc30679aa415e05a2101130952700556d79564d0c"
}
HTTP/1.1 200 OK
Date: Sun, 30 Jun 2024 15:27:44 GMT
Content-Type: application/json; charset=utf-8
Transfer-Encoding: chunked
Connection: keep-alive
X-Powered-By: Express
Access-Control-Allow-Origin: *
authorization: Bearer eyJhbGciOiJIUzI1NiIsInR5cCI6IkpXVCJ9.eyJpZCI6IjY2ODE3OTcwOWVkMjgwMDAxYjQ1OTYwYyIsImlhdCI6MTcxOTc2MTI2NCwiZXhwIjoxNzE5NzYyNDY0fQ.kdO9ZpCrkrXu_lHyQuMgalXkzMLyuTmKMt9Mgo_o-aM
ETag: W/"16d-eWVpc7ei0S/0qiWHP26uo56/+AE"
CF-Cache-Status: DYNAMIC
Report-To: {"endpoints":[{"url":"https:\/\/a.nel.cloudflare.com\/report\/v4?s=wx9cNte5pKtWc05reRT8DbfzC59Lg1GyzhwGCcG0UXuSTfw04KNpducHob2oxZ4qXcjXOvj%2Bm8%2FF6WpS6E0swYA5GeYjlJlRi7lg5Kmajy86FEvOw1hVLJP4DprX5K9RVsnwOScmFY7hYwqTycaNLJRx%2Bx0%3D"}],"group":"cf-nel","max_age":604800}
NEL: {"success_fraction":0,"report_to":"cf-nel","max_age":604800}
Server: cloudflare
CF-RAY: 89bf2ea10d786397-LHR
Content-Encoding: gzip
alt-svc: h3=":443"; ma=86400

{
    "success": true,
    "user": {
        "email": "wtojzpbgrr@ya.ru",
        "name": "pdhXbHTefg"
    },
    "accessToken": "Bearer eyJhbGciOiJIUzI1NiIsInR5cCI6IkpXVCJ9.eyJpZCI6IjY2ODE3OTcwOWVkMjgwMDAxYjQ1OTYwYyIsImlhdCI6MTcxOTc2MTI2NCwiZXhwIjoxNzE5NzYyNDY0fQ.kdO9ZpCrkrXu_lHyQuMgalXkzMLyuTmKMt9Mgo_o-aM",
    "refreshToken": "940102fce1dd30e460e41d7cddbeacbf425574efc30679aa415e05a2101130952700556d79564d0c"
}
HTTP/1.1 200 OK
Date: Sun, 30 Jun 2024 15:27:44 GMT
Content-Type: application/json; charset=utf-8
Transfer-Encoding: chunked
Connection: keep-alive
X-Powered-By: Express
Access-Control-Allow-Origin: *
authorization: Bearer eyJhbGciOiJIUzI1NiIsInR5cCI6IkpXVCJ9.eyJpZCI6IjY2ODE3OTcwOWVkMjgwMDAxYjQ1OTYwYyIsImlhdCI6MTcxOTc2MTI2NCwiZXhwIjoxNzE5NzYyNDY0fQ.kdO9ZpCrkrXu_lHyQuMgalXkzMLyuTmKMt9Mgo_o-aM
ETag: W/"16d-eWVpc7ei0S/0qiWHP26uo56/+AE"
CF-Cache-Status: DYNAMIC
Report-To: {"endpoints":[{"url":"https:\/\/a.nel.cloudflare.com\/report\/v4?s=wx9cNte5pKtWc05reRT8DbfzC59Lg1GyzhwGCcG0UXuSTfw04KNpducHob2oxZ4qXcjXOvj%2Bm8%2FF6WpS6E0swYA5GeYjlJlRi7lg5Kmajy86FEvOw1hVLJP4DprX5K9RVsnwOScmFY7hYwqTycaNLJRx%2Bx0%3D"}],"group":"cf-nel","max_age":604800}
NEL: {"success_fraction":0,"report_to":"cf-nel","max_age":604800}
Server: cloudflare
CF-RAY: 89bf2ea10d786397-LHR
Content-Encoding: gzip
alt-svc: h3=":443"; ma=86400

{
    "success": true,
    "user": {
        "email": "wtojzpbgrr@ya.ru",
        "name": "pdhXbHTefg"
    },
    "accessToken": "Bearer eyJhbGciOiJIUzI1NiIsInR5cCI6IkpXVCJ9.eyJpZCI6IjY2ODE3OTcwOWVkMjgwMDAxYjQ1OTYwYyIsImlhdCI6MTcxOTc2MTI2NCwiZXhwIjoxNzE5NzYyNDY0fQ.kdO9ZpCrkrXu_lHyQuMgalXkzMLyuTmKMt9Mgo_o-aM",
    "refreshToken": "940102fce1dd30e460e41d7cddbeacbf425574efc30679aa415e05a2101130952700556d79564d0c"
}
HTTP/1.1 200 OK
Date: Sun, 30 Jun 2024 15:27:44 GMT
Content-Type: application/json; charset=utf-8
Transfer-Encoding: chunked
Connection: keep-alive
X-Powered-By: Express
Access-Control-Allow-Origin: *
authorization: Bearer eyJhbGciOiJIUzI1NiIsInR5cCI6IkpXVCJ9.eyJpZCI6IjY2ODE3OTcwOWVkMjgwMDAxYjQ1OTYwYyIsImlhdCI6MTcxOTc2MTI2NCwiZXhwIjoxNzE5NzYyNDY0fQ.kdO9ZpCrkrXu_lHyQuMgalXkzMLyuTmKMt9Mgo_o-aM
ETag: W/"16d-eWVpc7ei0S/0qiWHP26uo56/+AE"
CF-Cache-Status: DYNAMIC
Report-To: {"endpoints":[{"url":"https:\/\/a.nel.cloudflare.com\/report\/v4?s=wx9cNte5pKtWc05reRT8DbfzC59Lg1GyzhwGCcG0UXuSTfw04KNpducHob2oxZ4qXcjXOvj%2Bm8%2FF6WpS6E0swYA5GeYjlJlRi7lg5Kmajy86FEvOw1hVLJP4DprX5K9RVsnwOScmFY7hYwqTycaNLJRx%2Bx0%3D"}],"group":"cf-nel","max_age":604800}
NEL: {"success_fraction":0,"report_to":"cf-nel","max_age":604800}
Server: cloudflare
CF-RAY: 89bf2ea10d786397-LHR
Content-Encoding: gzip
alt-svc: h3=":443"; ma=86400

{
    "success": true,
    "user": {
        "email": "wtojzpbgrr@ya.ru",
        "name": "pdhXbHTefg"
    },
    "accessToken": "Bearer eyJhbGciOiJIUzI1NiIsInR5cCI6IkpXVCJ9.eyJpZCI6IjY2ODE3OTcwOWVkMjgwMDAxYjQ1OTYwYyIsImlhdCI6MTcxOTc2MTI2NCwiZXhwIjoxNzE5NzYyNDY0fQ.kdO9ZpCrkrXu_lHyQuMgalXkzMLyuTmKMt9Mgo_o-aM",
    "refreshToken": "940102fce1dd30e460e41d7cddbeacbf425574efc30679aa415e05a2101130952700556d79564d0c"
}
HTTP/1.1 200 OK
Date: Sun, 30 Jun 2024 15:27:44 GMT
Content-Type: application/json; charset=utf-8
Transfer-Encoding: chunked
Connection: keep-alive
X-Powered-By: Express
Access-Control-Allow-Origin: *
authorization: Bearer eyJhbGciOiJIUzI1NiIsInR5cCI6IkpXVCJ9.eyJpZCI6IjY2ODE3OTcwOWVkMjgwMDAxYjQ1OTYwYyIsImlhdCI6MTcxOTc2MTI2NCwiZXhwIjoxNzE5NzYyNDY0fQ.kdO9ZpCrkrXu_lHyQuMgalXkzMLyuTmKMt9Mgo_o-aM
ETag: W/"16d-eWVpc7ei0S/0qiWHP26uo56/+AE"
CF-Cache-Status: DYNAMIC
Report-To: {"endpoints":[{"url":"https:\/\/a.nel.cloudflare.com\/report\/v4?s=wx9cNte5pKtWc05reRT8DbfzC59Lg1GyzhwGCcG0UXuSTfw04KNpducHob2oxZ4qXcjXOvj%2Bm8%2FF6WpS6E0swYA5GeYjlJlRi7lg5Kmajy86FEvOw1hVLJP4DprX5K9RVsnwOScmFY7hYwqTycaNLJRx%2Bx0%3D"}],"group":"cf-nel","max_age":604800}
NEL: {"success_fraction":0,"report_to":"cf-nel","max_age":604800}
Server: cloudflare
CF-RAY: 89bf2ea10d786397-LHR
Content-Encoding: gzip
alt-svc: h3=":443"; ma=86400

{
    "success": true,
    "user": {
        "email": "wtojzpbgrr@ya.ru",
        "name": "pdhXbHTefg"
    },
    "accessToken": "Bearer eyJhbGciOiJIUzI1NiIsInR5cCI6IkpXVCJ9.eyJpZCI6IjY2ODE3OTcwOWVkMjgwMDAxYjQ1OTYwYyIsImlhdCI6MTcxOTc2MTI2NCwiZXhwIjoxNzE5NzYyNDY0fQ.kdO9ZpCrkrXu_lHyQuMgalXkzMLyuTmKMt9Mgo_o-aM",
    "refreshToken": "940102fce1dd30e460e41d7cddbeacbf425574efc30679aa415e05a2101130952700556d79564d0c"
}
HTTP/1.1 200 OK
Date: Sun, 30 Jun 2024 15:27:44 GMT
Content-Type: application/json; charset=utf-8
Transfer-Encoding: chunked
Connection: keep-alive
X-Powered-By: Express
Access-Control-Allow-Origin: *
authorization: Bearer eyJhbGciOiJIUzI1NiIsInR5cCI6IkpXVCJ9.eyJpZCI6IjY2ODE3OTcwOWVkMjgwMDAxYjQ1OTYwYyIsImlhdCI6MTcxOTc2MTI2NCwiZXhwIjoxNzE5NzYyNDY0fQ.kdO9ZpCrkrXu_lHyQuMgalXkzMLyuTmKMt9Mgo_o-aM
ETag: W/"16d-eWVpc7ei0S/0qiWHP26uo56/+AE"
CF-Cache-Status: DYNAMIC
Report-To: {"endpoints":[{"url":"https:\/\/a.nel.cloudflare.com\/report\/v4?s=wx9cNte5pKtWc05reRT8DbfzC59Lg1GyzhwGCcG0UXuSTfw04KNpducHob2oxZ4qXcjXOvj%2Bm8%2FF6WpS6E0swYA5GeYjlJlRi7lg5Kmajy86FEvOw1hVLJP4DprX5K9RVsnwOScmFY7hYwqTycaNLJRx%2Bx0%3D"}],"group":"cf-nel","max_age":604800}
NEL: {"success_fraction":0,"report_to":"cf-nel","max_age":604800}
Server: cloudflare
CF-RAY: 89bf2ea10d786397-LHR
Content-Encoding: gzip
alt-svc: h3=":443"; ma=86400

{
    "success": true,
    "user": {
        "email": "wtojzpbgrr@ya.ru",
        "name": "pdhXbHTefg"
    },
    "accessToken": "Bearer eyJhbGciOiJIUzI1NiIsInR5cCI6IkpXVCJ9.eyJpZCI6IjY2ODE3OTcwOWVkMjgwMDAxYjQ1OTYwYyIsImlhdCI6MTcxOTc2MTI2NCwiZXhwIjoxNzE5NzYyNDY0fQ.kdO9ZpCrkrXu_lHyQuMgalXkzMLyuTmKMt9Mgo_o-aM",
    "refreshToken": "940102fce1dd30e460e41d7cddbeacbf425574efc30679aa415e05a2101130952700556d79564d0c"
}
HTTP/1.1 200 OK
Date: Sun, 30 Jun 2024 15:27:44 GMT
Content-Type: application/json; charset=utf-8
Transfer-Encoding: chunked
Connection: keep-alive
X-Powered-By: Express
Access-Control-Allow-Origin: *
authorization: Bearer eyJhbGciOiJIUzI1NiIsInR5cCI6IkpXVCJ9.eyJpZCI6IjY2ODE3OTcwOWVkMjgwMDAxYjQ1OTYwYyIsImlhdCI6MTcxOTc2MTI2NCwiZXhwIjoxNzE5NzYyNDY0fQ.kdO9ZpCrkrXu_lHyQuMgalXkzMLyuTmKMt9Mgo_o-aM
ETag: W/"16d-eWVpc7ei0S/0qiWHP26uo56/+AE"
CF-Cache-Status: DYNAMIC
Report-To: {"endpoints":[{"url":"https:\/\/a.nel.cloudflare.com\/report\/v4?s=wx9cNte5pKtWc05reRT8DbfzC59Lg1GyzhwGCcG0UXuSTfw04KNpducHob2oxZ4qXcjXOvj%2Bm8%2FF6WpS6E0swYA5GeYjlJlRi7lg5Kmajy86FEvOw1hVLJP4DprX5K9RVsnwOScmFY7hYwqTycaNLJRx%2Bx0%3D"}],"group":"cf-nel","max_age":604800}
NEL: {"success_fraction":0,"report_to":"cf-nel","max_age":604800}
Server: cloudflare
CF-RAY: 89bf2ea10d786397-LHR
Content-Encoding: gzip
alt-svc: h3=":443"; ma=86400

{
    "success": true,
    "user": {
        "email": "wtojzpbgrr@ya.ru",
        "name": "pdhXbHTefg"
    },
    "accessToken": "Bearer eyJhbGciOiJIUzI1NiIsInR5cCI6IkpXVCJ9.eyJpZCI6IjY2ODE3OTcwOWVkMjgwMDAxYjQ1OTYwYyIsImlhdCI6MTcxOTc2MTI2NCwiZXhwIjoxNzE5NzYyNDY0fQ.kdO9ZpCrkrXu_lHyQuMgalXkzMLyuTmKMt9Mgo_o-aM",
    "refreshToken": "940102fce1dd30e460e41d7cddbeacbf425574efc30679aa415e05a2101130952700556d79564d0c"
}
HTTP/1.1 200 OK
Date: Sun, 30 Jun 2024 15:27:44 GMT
Content-Type: application/json; charset=utf-8
Transfer-Encoding: chunked
Connection: keep-alive
X-Powered-By: Express
Access-Control-Allow-Origin: *
authorization: Bearer eyJhbGciOiJIUzI1NiIsInR5cCI6IkpXVCJ9.eyJpZCI6IjY2ODE3OTcwOWVkMjgwMDAxYjQ1OTYwYyIsImlhdCI6MTcxOTc2MTI2NCwiZXhwIjoxNzE5NzYyNDY0fQ.kdO9ZpCrkrXu_lHyQuMgalXkzMLyuTmKMt9Mgo_o-aM
ETag: W/"16d-eWVpc7ei0S/0qiWHP26uo56/+AE"
CF-Cache-Status: DYNAMIC
Report-To: {"endpoints":[{"url":"https:\/\/a.nel.cloudflare.com\/report\/v4?s=wx9cNte5pKtWc05reRT8DbfzC59Lg1GyzhwGCcG0UXuSTfw04KNpducHob2oxZ4qXcjXOvj%2Bm8%2FF6WpS6E0swYA5GeYjlJlRi7lg5Kmajy86FEvOw1hVLJP4DprX5K9RVsnwOScmFY7hYwqTycaNLJRx%2Bx0%3D"}],"group":"cf-nel","max_age":604800}
NEL: {"success_fraction":0,"report_to":"cf-nel","max_age":604800}
Server: cloudflare
CF-RAY: 89bf2ea10d786397-LHR
Content-Encoding: gzip
alt-svc: h3=":443"; ma=86400

{
    "success": true,
    "user": {
        "email": "wtojzpbgrr@ya.ru",
        "name": "pdhXbHTefg"
    },
    "accessToken": "Bearer eyJhbGciOiJIUzI1NiIsInR5cCI6IkpXVCJ9.eyJpZCI6IjY2ODE3OTcwOWVkMjgwMDAxYjQ1OTYwYyIsImlhdCI6MTcxOTc2MTI2NCwiZXhwIjoxNzE5NzYyNDY0fQ.kdO9ZpCrkrXu_lHyQuMgalXkzMLyuTmKMt9Mgo_o-aM",
    "refreshToken": "940102fce1dd30e460e41d7cddbeacbf425574efc30679aa415e05a2101130952700556d79564d0c"
}
HTTP/1.1 200 OK
Date: Sun, 30 Jun 2024 15:27:44 GMT
Content-Type: application/json; charset=utf-8
Transfer-Encoding: chunked
Connection: keep-alive
X-Powered-By: Express
Access-Control-Allow-Origin: *
authorization: Bearer eyJhbGciOiJIUzI1NiIsInR5cCI6IkpXVCJ9.eyJpZCI6IjY2ODE3OTcwOWVkMjgwMDAxYjQ1OTYwYyIsImlhdCI6MTcxOTc2MTI2NCwiZXhwIjoxNzE5NzYyNDY0fQ.kdO9ZpCrkrXu_lHyQuMgalXkzMLyuTmKMt9Mgo_o-aM
ETag: W/"16d-eWVpc7ei0S/0qiWHP26uo56/+AE"
CF-Cache-Status: DYNAMIC
Report-To: {"endpoints":[{"url":"https:\/\/a.nel.cloudflare.com\/report\/v4?s=wx9cNte5pKtWc05reRT8DbfzC59Lg1GyzhwGCcG0UXuSTfw04KNpducHob2oxZ4qXcjXOvj%2Bm8%2FF6WpS6E0swYA5GeYjlJlRi7lg5Kmajy86FEvOw1hVLJP4DprX5K9RVsnwOScmFY7hYwqTycaNLJRx%2Bx0%3D"}],"group":"cf-nel","max_age":604800}
NEL: {"success_fraction":0,"report_to":"cf-nel","max_age":604800}
Server: cloudflare
CF-RAY: 89bf2ea10d786397-LHR
Content-Encoding: gzip
alt-svc: h3=":443"; ma=86400

{
    "success": true,
    "user": {
        "email": "wtojzpbgrr@ya.ru",
        "name": "pdhXbHTefg"
    },
    "accessToken": "Bearer eyJhbGciOiJIUzI1NiIsInR5cCI6IkpXVCJ9.eyJpZCI6IjY2ODE3OTcwOWVkMjgwMDAxYjQ1OTYwYyIsImlhdCI6MTcxOTc2MTI2NCwiZXhwIjoxNzE5NzYyNDY0fQ.kdO9ZpCrkrXu_lHyQuMgalXkzMLyuTmKMt9Mgo_o-aM",
    "refreshToken": "940102fce1dd30e460e41d7cddbeacbf425574efc30679aa415e05a2101130952700556d79564d0c"
}
HTTP/1.1 200 OK
Date: Sun, 30 Jun 2024 15:27:44 GMT
Content-Type: application/json; charset=utf-8
Transfer-Encoding: chunked
Connection: keep-alive
X-Powered-By: Express
Access-Control-Allow-Origin: *
authorization: Bearer eyJhbGciOiJIUzI1NiIsInR5cCI6IkpXVCJ9.eyJpZCI6IjY2ODE3OTcwOWVkMjgwMDAxYjQ1OTYwYyIsImlhdCI6MTcxOTc2MTI2NCwiZXhwIjoxNzE5NzYyNDY0fQ.kdO9ZpCrkrXu_lHyQuMgalXkzMLyuTmKMt9Mgo_o-aM
ETag: W/"16d-eWVpc7ei0S/0qiWHP26uo56/+AE"
CF-Cache-Status: DYNAMIC
Report-To: {"endpoints":[{"url":"https:\/\/a.nel.cloudflare.com\/report\/v4?s=wx9cNte5pKtWc05reRT8DbfzC59Lg1GyzhwGCcG0UXuSTfw04KNpducHob2oxZ4qXcjXOvj%2Bm8%2FF6WpS6E0swYA5GeYjlJlRi7lg5Kmajy86FEvOw1hVLJP4DprX5K9RVsnwOScmFY7hYwqTycaNLJRx%2Bx0%3D"}],"group":"cf-nel","max_age":604800}
NEL: {"success_fraction":0,"report_to":"cf-nel","max_age":604800}
Server: cloudflare
CF-RAY: 89bf2ea10d786397-LHR
Content-Encoding: gzip
alt-svc: h3=":443"; ma=86400

{
    "success": true,
    "user": {
        "email": "wtojzpbgrr@ya.ru",
        "name": "pdhXbHTefg"
    },
    "accessToken": "Bearer eyJhbGciOiJIUzI1NiIsInR5cCI6IkpXVCJ9.eyJpZCI6IjY2ODE3OTcwOWVkMjgwMDAxYjQ1OTYwYyIsImlhdCI6MTcxOTc2MTI2NCwiZXhwIjoxNzE5NzYyNDY0fQ.kdO9ZpCrkrXu_lHyQuMgalXkzMLyuTmKMt9Mgo_o-aM",
    "refreshToken": "940102fce1dd30e460e41d7cddbeacbf425574efc30679aa415e05a2101130952700556d79564d0c"
}
HTTP/1.1 200 OK
Date: Sun, 30 Jun 2024 15:27:44 GMT
Content-Type: application/json; charset=utf-8
Transfer-Encoding: chunked
Connection: keep-alive
X-Powered-By: Express
Access-Control-Allow-Origin: *
authorization: Bearer eyJhbGciOiJIUzI1NiIsInR5cCI6IkpXVCJ9.eyJpZCI6IjY2ODE3OTcwOWVkMjgwMDAxYjQ1OTYwYyIsImlhdCI6MTcxOTc2MTI2NCwiZXhwIjoxNzE5NzYyNDY0fQ.kdO9ZpCrkrXu_lHyQuMgalXkzMLyuTmKMt9Mgo_o-aM
ETag: W/"16d-eWVpc7ei0S/0qiWHP26uo56/+AE"
CF-Cache-Status: DYNAMIC
Report-To: {"endpoints":[{"url":"https:\/\/a.nel.cloudflare.com\/report\/v4?s=wx9cNte5pKtWc05reRT8DbfzC59Lg1GyzhwGCcG0UXuSTfw04KNpducHob2oxZ4qXcjXOvj%2Bm8%2FF6WpS6E0swYA5GeYjlJlRi7lg5Kmajy86FEvOw1hVLJP4DprX5K9RVsnwOScmFY7hYwqTycaNLJRx%2Bx0%3D"}],"group":"cf-nel","max_age":604800}
NEL: {"success_fraction":0,"report_to":"cf-nel","max_age":604800}
Server: cloudflare
CF-RAY: 89bf2ea10d786397-LHR
Content-Encoding: gzip
alt-svc: h3=":443"; ma=86400

{
    "success": true,
    "user": {
        "email": "wtojzpbgrr@ya.ru",
        "name": "pdhXbHTefg"
    },
    "accessToken": "Bearer eyJhbGciOiJIUzI1NiIsInR5cCI6IkpXVCJ9.eyJpZCI6IjY2ODE3OTcwOWVkMjgwMDAxYjQ1OTYwYyIsImlhdCI6MTcxOTc2MTI2NCwiZXhwIjoxNzE5NzYyNDY0fQ.kdO9ZpCrkrXu_lHyQuMgalXkzMLyuTmKMt9Mgo_o-aM",
    "refreshToken": "940102fce1dd30e460e41d7cddbeacbf425574efc30679aa415e05a2101130952700556d79564d0c"
}
HTTP/1.1 200 OK
Date: Sun, 30 Jun 2024 15:27:44 GMT
Content-Type: application/json; charset=utf-8
Transfer-Encoding: chunked
Connection: keep-alive
X-Powered-By: Express
Access-Control-Allow-Origin: *
authorization: Bearer eyJhbGciOiJIUzI1NiIsInR5cCI6IkpXVCJ9.eyJpZCI6IjY2ODE3OTcwOWVkMjgwMDAxYjQ1OTYwYyIsImlhdCI6MTcxOTc2MTI2NCwiZXhwIjoxNzE5NzYyNDY0fQ.kdO9ZpCrkrXu_lHyQuMgalXkzMLyuTmKMt9Mgo_o-aM
ETag: W/"16d-eWVpc7ei0S/0qiWHP26uo56/+AE"
CF-Cache-Status: DYNAMIC
Report-To: {"endpoints":[{"url":"https:\/\/a.nel.cloudflare.com\/report\/v4?s=wx9cNte5pKtWc05reRT8DbfzC59Lg1GyzhwGCcG0UXuSTfw04KNpducHob2oxZ4qXcjXOvj%2Bm8%2FF6WpS6E0swYA5GeYjlJlRi7lg5Kmajy86FEvOw1hVLJP4DprX5K9RVsnwOScmFY7hYwqTycaNLJRx%2Bx0%3D"}],"group":"cf-nel","max_age":604800}
NEL: {"success_fraction":0,"report_to":"cf-nel","max_age":604800}
Server: cloudflare
CF-RAY: 89bf2ea10d786397-LHR
Content-Encoding: gzip
alt-svc: h3=":443"; ma=86400

{
    "success": true,
    "user": {
        "email": "wtojzpbgrr@ya.ru",
        "name": "pdhXbHTefg"
    },
    "accessToken": "Bearer eyJhbGciOiJIUzI1NiIsInR5cCI6IkpXVCJ9.eyJpZCI6IjY2ODE3OTcwOWVkMjgwMDAxYjQ1OTYwYyIsImlhdCI6MTcxOTc2MTI2NCwiZXhwIjoxNzE5NzYyNDY0fQ.kdO9ZpCrkrXu_lHyQuMgalXkzMLyuTmKMt9Mgo_o-aM",
    "refreshToken": "940102fce1dd30e460e41d7cddbeacbf425574efc30679aa415e05a2101130952700556d79564d0c"
}
HTTP/1.1 200 OK
Date: Sun, 30 Jun 2024 15:27:44 GMT
Content-Type: application/json; charset=utf-8
Transfer-Encoding: chunked
Connection: keep-alive
X-Powered-By: Express
Access-Control-Allow-Origin: *
authorization: Bearer eyJhbGciOiJIUzI1NiIsInR5cCI6IkpXVCJ9.eyJpZCI6IjY2ODE3OTcwOWVkMjgwMDAxYjQ1OTYwYyIsImlhdCI6MTcxOTc2MTI2NCwiZXhwIjoxNzE5NzYyNDY0fQ.kdO9ZpCrkrXu_lHyQuMgalXkzMLyuTmKMt9Mgo_o-aM
ETag: W/"16d-eWVpc7ei0S/0qiWHP26uo56/+AE"
CF-Cache-Status: DYNAMIC
Report-To: {"endpoints":[{"url":"https:\/\/a.nel.cloudflare.com\/report\/v4?s=wx9cNte5pKtWc05reRT8DbfzC59Lg1GyzhwGCcG0UXuSTfw04KNpducHob2oxZ4qXcjXOvj%2Bm8%2FF6WpS6E0swYA5GeYjlJlRi7lg5Kmajy86FEvOw1hVLJP4DprX5K9RVsnwOScmFY7hYwqTycaNLJRx%2Bx0%3D"}],"group":"cf-nel","max_age":604800}
NEL: {"success_fraction":0,"report_to":"cf-nel","max_age":604800}
Server: cloudflare
CF-RAY: 89bf2ea10d786397-LHR
Content-Encoding: gzip
alt-svc: h3=":443"; ma=86400

{
    "success": true,
    "user": {
        "email": "wtojzpbgrr@ya.ru",
        "name": "pdhXbHTefg"
    },
    "accessToken": "Bearer eyJhbGciOiJIUzI1NiIsInR5cCI6IkpXVCJ9.eyJpZCI6IjY2ODE3OTcwOWVkMjgwMDAxYjQ1OTYwYyIsImlhdCI6MTcxOTc2MTI2NCwiZXhwIjoxNzE5NzYyNDY0fQ.kdO9ZpCrkrXu_lHyQuMgalXkzMLyuTmKMt9Mgo_o-aM",
    "refreshToken": "940102fce1dd30e460e41d7cddbeacbf425574efc30679aa415e05a2101130952700556d79564d0c"
}
HTTP/1.1 200 OK
Date: Sun, 30 Jun 2024 15:27:44 GMT
Content-Type: application/json; charset=utf-8
Transfer-Encoding: chunked
Connection: keep-alive
X-Powered-By: Express
Access-Control-Allow-Origin: *
authorization: Bearer eyJhbGciOiJIUzI1NiIsInR5cCI6IkpXVCJ9.eyJpZCI6IjY2ODE3OTcwOWVkMjgwMDAxYjQ1OTYwYyIsImlhdCI6MTcxOTc2MTI2NCwiZXhwIjoxNzE5NzYyNDY0fQ.kdO9ZpCrkrXu_lHyQuMgalXkzMLyuTmKMt9Mgo_o-aM
ETag: W/"16d-eWVpc7ei0S/0qiWHP26uo56/+AE"
CF-Cache-Status: DYNAMIC
Report-To: {"endpoints":[{"url":"https:\/\/a.nel.cloudflare.com\/report\/v4?s=wx9cNte5pKtWc05reRT8DbfzC59Lg1GyzhwGCcG0UXuSTfw04KNpducHob2oxZ4qXcjXOvj%2Bm8%2FF6WpS6E0swYA5GeYjlJlRi7lg5Kmajy86FEvOw1hVLJP4DprX5K9RVsnwOScmFY7hYwqTycaNLJRx%2Bx0%3D"}],"group":"cf-nel","max_age":604800}
NEL: {"success_fraction":0,"report_to":"cf-nel","max_age":604800}
Server: cloudflare
CF-RAY: 89bf2ea10d786397-LHR
Content-Encoding: gzip
alt-svc: h3=":443"; ma=86400

{
    "success": true,
    "user": {
        "email": "wtojzpbgrr@ya.ru",
        "name": "pdhXbHTefg"
    },
    "accessToken": "Bearer eyJhbGciOiJIUzI1NiIsInR5cCI6IkpXVCJ9.eyJpZCI6IjY2ODE3OTcwOWVkMjgwMDAxYjQ1OTYwYyIsImlhdCI6MTcxOTc2MTI2NCwiZXhwIjoxNzE5NzYyNDY0fQ.kdO9ZpCrkrXu_lHyQuMgalXkzMLyuTmKMt9Mgo_o-aM",
    "refreshToken": "940102fce1dd30e460e41d7cddbeacbf425574efc30679aa415e05a2101130952700556d79564d0c"
}
HTTP/1.1 200 OK
Date: Sun, 30 Jun 2024 15:27:44 GMT
Content-Type: application/json; charset=utf-8
Transfer-Encoding: chunked
Connection: keep-alive
X-Powered-By: Express
Access-Control-Allow-Origin: *
authorization: Bearer eyJhbGciOiJIUzI1NiIsInR5cCI6IkpXVCJ9.eyJpZCI6IjY2ODE3OTcwOWVkMjgwMDAxYjQ1OTYwYyIsImlhdCI6MTcxOTc2MTI2NCwiZXhwIjoxNzE5NzYyNDY0fQ.kdO9ZpCrkrXu_lHyQuMgalXkzMLyuTmKMt9Mgo_o-aM
ETag: W/"16d-eWVpc7ei0S/0qiWHP26uo56/+AE"
CF-Cache-Status: DYNAMIC
Report-To: {"endpoints":[{"url":"https:\/\/a.nel.cloudflare.com\/report\/v4?s=wx9cNte5pKtWc05reRT8DbfzC59Lg1GyzhwGCcG0UXuSTfw04KNpducHob2oxZ4qXcjXOvj%2Bm8%2FF6WpS6E0swYA5GeYjlJlRi7lg5Kmajy86FEvOw1hVLJP4DprX5K9RVsnwOScmFY7hYwqTycaNLJRx%2Bx0%3D"}],"group":"cf-nel","max_age":604800}
NEL: {"success_fraction":0,"report_to":"cf-nel","max_age":604800}
Server: cloudflare
CF-RAY: 89bf2ea10d786397-LHR
Content-Encoding: gzip
alt-svc: h3=":443"; ma=86400

{
    "success": true,
    "user": {
        "email": "wtojzpbgrr@ya.ru",
        "name": "pdhXbHTefg"
    },
    "accessToken": "Bearer eyJhbGciOiJIUzI1NiIsInR5cCI6IkpXVCJ9.eyJpZCI6IjY2ODE3OTcwOWVkMjgwMDAxYjQ1OTYwYyIsImlhdCI6MTcxOTc2MTI2NCwiZXhwIjoxNzE5NzYyNDY0fQ.kdO9ZpCrkrXu_lHyQuMgalXkzMLyuTmKMt9Mgo_o-aM",
    "refreshToken": "940102fce1dd30e460e41d7cddbeacbf425574efc30679aa415e05a2101130952700556d79564d0c"
}
HTTP/1.1 200 OK
Date: Sun, 30 Jun 2024 15:27:44 GMT
Content-Type: application/json; charset=utf-8
Transfer-Encoding: chunked
Connection: keep-alive
X-Powered-By: Express
Access-Control-Allow-Origin: *
authorization: Bearer eyJhbGciOiJIUzI1NiIsInR5cCI6IkpXVCJ9.eyJpZCI6IjY2ODE3OTcwOWVkMjgwMDAxYjQ1OTYwYyIsImlhdCI6MTcxOTc2MTI2NCwiZXhwIjoxNzE5NzYyNDY0fQ.kdO9ZpCrkrXu_lHyQuMgalXkzMLyuTmKMt9Mgo_o-aM
ETag: W/"16d-eWVpc7ei0S/0qiWHP26uo56/+AE"
CF-Cache-Status: DYNAMIC
Report-To: {"endpoints":[{"url":"https:\/\/a.nel.cloudflare.com\/report\/v4?s=wx9cNte5pKtWc05reRT8DbfzC59Lg1GyzhwGCcG0UXuSTfw04KNpducHob2oxZ4qXcjXOvj%2Bm8%2FF6WpS6E0swYA5GeYjlJlRi7lg5Kmajy86FEvOw1hVLJP4DprX5K9RVsnwOScmFY7hYwqTycaNLJRx%2Bx0%3D"}],"group":"cf-nel","max_age":604800}
NEL: {"success_fraction":0,"report_to":"cf-nel","max_age":604800}
Server: cloudflare
CF-RAY: 89bf2ea10d786397-LHR
Content-Encoding: gzip
alt-svc: h3=":443"; ma=86400

{
    "success": true,
    "user": {
        "email": "wtojzpbgrr@ya.ru",
        "name": "pdhXbHTefg"
    },
    "accessToken": "Bearer eyJhbGciOiJIUzI1NiIsInR5cCI6IkpXVCJ9.eyJpZCI6IjY2ODE3OTcwOWVkMjgwMDAxYjQ1OTYwYyIsImlhdCI6MTcxOTc2MTI2NCwiZXhwIjoxNzE5NzYyNDY0fQ.kdO9ZpCrkrXu_lHyQuMgalXkzMLyuTmKMt9Mgo_o-aM",
    "refreshToken": "940102fce1dd30e460e41d7cddbeacbf425574efc30679aa415e05a2101130952700556d79564d0c"
}
HTTP/1.1 200 OK
Date: Sun, 30 Jun 2024 15:27:44 GMT
Content-Type: application/json; charset=utf-8
Transfer-Encoding: chunked
Connection: keep-alive
X-Powered-By: Express
Access-Control-Allow-Origin: *
authorization: Bearer eyJhbGciOiJIUzI1NiIsInR5cCI6IkpXVCJ9.eyJpZCI6IjY2ODE3OTcwOWVkMjgwMDAxYjQ1OTYwYyIsImlhdCI6MTcxOTc2MTI2NCwiZXhwIjoxNzE5NzYyNDY0fQ.kdO9ZpCrkrXu_lHyQuMgalXkzMLyuTmKMt9Mgo_o-aM
ETag: W/"16d-eWVpc7ei0S/0qiWHP26uo56/+AE"
CF-Cache-Status: DYNAMIC
Report-To: {"endpoints":[{"url":"https:\/\/a.nel.cloudflare.com\/report\/v4?s=wx9cNte5pKtWc05reRT8DbfzC59Lg1GyzhwGCcG0UXuSTfw04KNpducHob2oxZ4qXcjXOvj%2Bm8%2FF6WpS6E0swYA5GeYjlJlRi7lg5Kmajy86FEvOw1hVLJP4DprX5K9RVsnwOScmFY7hYwqTycaNLJRx%2Bx0%3D"}],"group":"cf-nel","max_age":604800}
NEL: {"success_fraction":0,"report_to":"cf-nel","max_age":604800}
Server: cloudflare
CF-RAY: 89bf2ea10d786397-LHR
Content-Encoding: gzip
alt-svc: h3=":443"; ma=86400

{
    "success": true,
    "user": {
        "email": "wtojzpbgrr@ya.ru",
        "name": "pdhXbHTefg"
    },
    "accessToken": "Bearer eyJhbGciOiJIUzI1NiIsInR5cCI6IkpXVCJ9.eyJpZCI6IjY2ODE3OTcwOWVkMjgwMDAxYjQ1OTYwYyIsImlhdCI6MTcxOTc2MTI2NCwiZXhwIjoxNzE5NzYyNDY0fQ.kdO9ZpCrkrXu_lHyQuMgalXkzMLyuTmKMt9Mgo_o-aM",
    "refreshToken": "940102fce1dd30e460e41d7cddbeacbf425574efc30679aa415e05a2101130952700556d79564d0c"
}
HTTP/1.1 200 OK
Date: Sun, 30 Jun 2024 15:27:44 GMT
Content-Type: application/json; charset=utf-8
Transfer-Encoding: chunked
Connection: keep-alive
X-Powered-By: Express
Access-Control-Allow-Origin: *
authorization: Bearer eyJhbGciOiJIUzI1NiIsInR5cCI6IkpXVCJ9.eyJpZCI6IjY2ODE3OTcwOWVkMjgwMDAxYjQ1OTYwYyIsImlhdCI6MTcxOTc2MTI2NCwiZXhwIjoxNzE5NzYyNDY0fQ.kdO9ZpCrkrXu_lHyQuMgalXkzMLyuTmKMt9Mgo_o-aM
ETag: W/"16d-eWVpc7ei0S/0qiWHP26uo56/+AE"
CF-Cache-Status: DYNAMIC
Report-To: {"endpoints":[{"url":"https:\/\/a.nel.cloudflare.com\/report\/v4?s=wx9cNte5pKtWc05reRT8DbfzC59Lg1GyzhwGCcG0UXuSTfw04KNpducHob2oxZ4qXcjXOvj%2Bm8%2FF6WpS6E0swYA5GeYjlJlRi7lg5Kmajy86FEvOw1hVLJP4DprX5K9RVsnwOScmFY7hYwqTycaNLJRx%2Bx0%3D"}],"group":"cf-nel","max_age":604800}
NEL: {"success_fraction":0,"report_to":"cf-nel","max_age":604800}
Server: cloudflare
CF-RAY: 89bf2ea10d786397-LHR
Content-Encoding: gzip
alt-svc: h3=":443"; ma=86400

{
    "success": true,
    "user": {
        "email": "wtojzpbgrr@ya.ru",
        "name": "pdhXbHTefg"
    },
    "accessToken": "Bearer eyJhbGciOiJIUzI1NiIsInR5cCI6IkpXVCJ9.eyJpZCI6IjY2ODE3OTcwOWVkMjgwMDAxYjQ1OTYwYyIsImlhdCI6MTcxOTc2MTI2NCwiZXhwIjoxNzE5NzYyNDY0fQ.kdO9ZpCrkrXu_lHyQuMgalXkzMLyuTmKMt9Mgo_o-aM",
    "refreshToken": "940102fce1dd30e460e41d7cddbeacbf425574efc30679aa415e05a2101130952700556d79564d0c"
}
HTTP/1.1 200 OK
Date: Sun, 30 Jun 2024 15:27:44 GMT
Content-Type: application/json; charset=utf-8
Transfer-Encoding: chunked
Connection: keep-alive
X-Powered-By: Express
Access-Control-Allow-Origin: *
authorization: Bearer eyJhbGciOiJIUzI1NiIsInR5cCI6IkpXVCJ9.eyJpZCI6IjY2ODE3OTcwOWVkMjgwMDAxYjQ1OTYwYyIsImlhdCI6MTcxOTc2MTI2NCwiZXhwIjoxNzE5NzYyNDY0fQ.kdO9ZpCrkrXu_lHyQuMgalXkzMLyuTmKMt9Mgo_o-aM
ETag: W/"16d-eWVpc7ei0S/0qiWHP26uo56/+AE"
CF-Cache-Status: DYNAMIC
Report-To: {"endpoints":[{"url":"https:\/\/a.nel.cloudflare.com\/report\/v4?s=wx9cNte5pKtWc05reRT8DbfzC59Lg1GyzhwGCcG0UXuSTfw04KNpducHob2oxZ4qXcjXOvj%2Bm8%2FF6WpS6E0swYA5GeYjlJlRi7lg5Kmajy86FEvOw1hVLJP4DprX5K9RVsnwOScmFY7hYwqTycaNLJRx%2Bx0%3D"}],"group":"cf-nel","max_age":604800}
NEL: {"success_fraction":0,"report_to":"cf-nel","max_age":604800}
Server: cloudflare
CF-RAY: 89bf2ea10d786397-LHR
Content-Encoding: gzip
alt-svc: h3=":443"; ma=86400

{
    "success": true,
    "user": {
        "email": "wtojzpbgrr@ya.ru",
        "name": "pdhXbHTefg"
    },
    "accessToken": "Bearer eyJhbGciOiJIUzI1NiIsInR5cCI6IkpXVCJ9.eyJpZCI6IjY2ODE3OTcwOWVkMjgwMDAxYjQ1OTYwYyIsImlhdCI6MTcxOTc2MTI2NCwiZXhwIjoxNzE5NzYyNDY0fQ.kdO9ZpCrkrXu_lHyQuMgalXkzMLyuTmKMt9Mgo_o-aM",
    "refreshToken": "940102fce1dd30e460e41d7cddbeacbf425574efc30679aa415e05a2101130952700556d79564d0c"
}
HTTP/1.1 200 OK
Date: Sun, 30 Jun 2024 15:27:44 GMT
Content-Type: application/json; charset=utf-8
Transfer-Encoding: chunked
Connection: keep-alive
X-Powered-By: Express
Access-Control-Allow-Origin: *
authorization: Bearer eyJhbGciOiJIUzI1NiIsInR5cCI6IkpXVCJ9.eyJpZCI6IjY2ODE3OTcwOWVkMjgwMDAxYjQ1OTYwYyIsImlhdCI6MTcxOTc2MTI2NCwiZXhwIjoxNzE5NzYyNDY0fQ.kdO9ZpCrkrXu_lHyQuMgalXkzMLyuTmKMt9Mgo_o-aM
ETag: W/"16d-eWVpc7ei0S/0qiWHP26uo56/+AE"
CF-Cache-Status: DYNAMIC
Report-To: {"endpoints":[{"url":"https:\/\/a.nel.cloudflare.com\/report\/v4?s=wx9cNte5pKtWc05reRT8DbfzC59Lg1GyzhwGCcG0UXuSTfw04KNpducHob2oxZ4qXcjXOvj%2Bm8%2FF6WpS6E0swYA5GeYjlJlRi7lg5Kmajy86FEvOw1hVLJP4DprX5K9RVsnwOScmFY7hYwqTycaNLJRx%2Bx0%3D"}],"group":"cf-nel","max_age":604800}
NEL: {"success_fraction":0,"report_to":"cf-nel","max_age":604800}
Server: cloudflare
CF-RAY: 89bf2ea10d786397-LHR
Content-Encoding: gzip
alt-svc: h3=":443"; ma=86400

{
    "success": true,
    "user": {
        "email": "wtojzpbgrr@ya.ru",
        "name": "pdhXbHTefg"
    },
    "accessToken": "Bearer eyJhbGciOiJIUzI1NiIsInR5cCI6IkpXVCJ9.eyJpZCI6IjY2ODE3OTcwOWVkMjgwMDAxYjQ1OTYwYyIsImlhdCI6MTcxOTc2MTI2NCwiZXhwIjoxNzE5NzYyNDY0fQ.kdO9ZpCrkrXu_lHyQuMgalXkzMLyuTmKMt9Mgo_o-aM",
    "refreshToken": "940102fce1dd30e460e41d7cddbeacbf425574efc30679aa415e05a2101130952700556d79564d0c"
}
Request method:	POST
Request URI:	https://stellarburgers.nomoreparties.site/api/auth/login
Proxy:			<none>
Request params:	<none>
Query params:	<none>
Form params:	<none>
Path params:	<none>
Headers:		Accept=*/*
				Content-Type=application/json
Cookies:		<none>
Multiparts:		<none>
Body:
{
    "email": "wTojZpbGrr@ya.ru",
    "password": "UqHqeedYZO",
    "name": "pdhXbHTefg"
}
Request method:	POST
Request URI:	https://stellarburgers.nomoreparties.site/api/auth/login
Proxy:			<none>
Request params:	<none>
Query params:	<none>
Form params:	<none>
Path params:	<none>
Headers:		Accept=*/*
				Content-Type=application/json
Cookies:		<none>
Multiparts:		<none>
Body:
{
    "email": "wTojZpbGrr@ya.ru",
    "password": "UqHqeedYZO",
    "name": "pdhXbHTefg"
}
Request method:	POST
Request URI:	https://stellarburgers.nomoreparties.site/api/auth/login
Proxy:			<none>
Request params:	<none>
Query params:	<none>
Form params:	<none>
Path params:	<none>
Headers:		Accept=*/*
				Content-Type=application/json
Cookies:		<none>
Multiparts:		<none>
Body:
{
    "email": "wTojZpbGrr@ya.ru",
    "password": "UqHqeedYZO",
    "name": "pdhXbHTefg"
}
Request method:	POST
Request URI:	https://stellarburgers.nomoreparties.site/api/auth/login
Proxy:			<none>
Request params:	<none>
Query params:	<none>
Form params:	<none>
Path params:	<none>
Headers:		Accept=*/*
				Content-Type=application/json
Cookies:		<none>
Multiparts:		<none>
Body:
{
    "email": "wTojZpbGrr@ya.ru",
    "password": "UqHqeedYZO",
    "name": "pdhXbHTefg"
}
Request method:	POST
Request URI:	https://stellarburgers.nomoreparties.site/api/auth/login
Proxy:			<none>
Request params:	<none>
Query params:	<none>
Form params:	<none>
Path params:	<none>
Headers:		Accept=*/*
				Content-Type=application/json
Cookies:		<none>
Multiparts:		<none>
Body:
{
    "email": "wTojZpbGrr@ya.ru",
    "password": "UqHqeedYZO",
    "name": "pdhXbHTefg"
}
Request method:	POST
Request URI:	https://stellarburgers.nomoreparties.site/api/auth/login
Proxy:			<none>
Request params:	<none>
Query params:	<none>
Form params:	<none>
Path params:	<none>
Headers:		Accept=*/*
				Content-Type=application/json
Cookies:		<none>
Multiparts:		<none>
Body:
{
    "email": "wTojZpbGrr@ya.ru",
    "password": "UqHqeedYZO",
    "name": "pdhXbHTefg"
}
Request method:	POST
Request URI:	https://stellarburgers.nomoreparties.site/api/auth/login
Proxy:			<none>
Request params:	<none>
Query params:	<none>
Form params:	<none>
Path params:	<none>
Headers:		Accept=*/*
				Content-Type=application/json
Cookies:		<none>
Multiparts:		<none>
Body:
{
    "email": "wTojZpbGrr@ya.ru",
    "password": "UqHqeedYZO",
    "name": "pdhXbHTefg"
}
Request method:	POST
Request URI:	https://stellarburgers.nomoreparties.site/api/auth/login
Proxy:			<none>
Request params:	<none>
Query params:	<none>
Form params:	<none>
Path params:	<none>
Headers:		Accept=*/*
				Content-Type=application/json
Cookies:		<none>
Multiparts:		<none>
Body:
{
    "email": "wTojZpbGrr@ya.ru",
    "password": "UqHqeedYZO",
    "name": "pdhXbHTefg"
}
Request method:	POST
Request URI:	https://stellarburgers.nomoreparties.site/api/auth/login
Proxy:			<none>
Request params:	<none>
Query params:	<none>
Form params:	<none>
Path params:	<none>
Headers:		Accept=*/*
				Content-Type=application/json
Cookies:		<none>
Multiparts:		<none>
Body:
{
    "email": "wTojZpbGrr@ya.ru",
    "password": "UqHqeedYZO",
    "name": "pdhXbHTefg"
}
Request method:	POST
Request URI:	https://stellarburgers.nomoreparties.site/api/auth/login
Proxy:			<none>
Request params:	<none>
Query params:	<none>
Form params:	<none>
Path params:	<none>
Headers:		Accept=*/*
				Content-Type=application/json
Cookies:		<none>
Multiparts:		<none>
Body:
{
    "email": "wTojZpbGrr@ya.ru",
    "password": "UqHqeedYZO",
    "name": "pdhXbHTefg"
}
Request method:	POST
Request URI:	https://stellarburgers.nomoreparties.site/api/auth/login
Proxy:			<none>
Request params:	<none>
Query params:	<none>
Form params:	<none>
Path params:	<none>
Headers:		Accept=*/*
				Content-Type=application/json
Cookies:		<none>
Multiparts:		<none>
Body:
{
    "email": "wTojZpbGrr@ya.ru",
    "password": "UqHqeedYZO",
    "name": "pdhXbHTefg"
}
Request method:	POST
Request URI:	https://stellarburgers.nomoreparties.site/api/auth/login
Proxy:			<none>
Request params:	<none>
Query params:	<none>
Form params:	<none>
Path params:	<none>
Headers:		Accept=*/*
				Content-Type=application/json
Cookies:		<none>
Multiparts:		<none>
Body:
{
    "email": "wTojZpbGrr@ya.ru",
    "password": "UqHqeedYZO",
    "name": "pdhXbHTefg"
}
Request method:	POST
Request URI:	https://stellarburgers.nomoreparties.site/api/auth/login
Proxy:			<none>
Request params:	<none>
Query params:	<none>
Form params:	<none>
Path params:	<none>
Headers:		Accept=*/*
				Content-Type=application/json
Cookies:		<none>
Multiparts:		<none>
Body:
{
    "email": "wTojZpbGrr@ya.ru",
    "password": "UqHqeedYZO",
    "name": "pdhXbHTefg"
}
Request method:	POST
Request URI:	https://stellarburgers.nomoreparties.site/api/auth/login
Proxy:			<none>
Request params:	<none>
Query params:	<none>
Form params:	<none>
Path params:	<none>
Headers:		Accept=*/*
				Content-Type=application/json
Cookies:		<none>
Multiparts:		<none>
Body:
{
    "email": "wTojZpbGrr@ya.ru",
    "password": "UqHqeedYZO",
    "name": "pdhXbHTefg"
}
Request method:	POST
Request URI:	https://stellarburgers.nomoreparties.site/api/auth/login
Proxy:			<none>
Request params:	<none>
Query params:	<none>
Form params:	<none>
Path params:	<none>
Headers:		Accept=*/*
				Content-Type=application/json
Cookies:		<none>
Multiparts:		<none>
Body:
{
    "email": "wTojZpbGrr@ya.ru",
    "password": "UqHqeedYZO",
    "name": "pdhXbHTefg"
}
Request method:	POST
Request URI:	https://stellarburgers.nomoreparties.site/api/auth/login
Proxy:			<none>
Request params:	<none>
Query params:	<none>
Form params:	<none>
Path params:	<none>
Headers:		Accept=*/*
				Content-Type=application/json
Cookies:		<none>
Multiparts:		<none>
Body:
{
    "email": "wTojZpbGrr@ya.ru",
    "password": "UqHqeedYZO",
    "name": "pdhXbHTefg"
}
Request method:	POST
Request URI:	https://stellarburgers.nomoreparties.site/api/auth/login
Proxy:			<none>
Request params:	<none>
Query params:	<none>
Form params:	<none>
Path params:	<none>
Headers:		Accept=*/*
				Content-Type=application/json
Cookies:		<none>
Multiparts:		<none>
Body:
{
    "email": "wTojZpbGrr@ya.ru",
    "password": "UqHqeedYZO",
    "name": "pdhXbHTefg"
}
Request method:	POST
Request URI:	https://stellarburgers.nomoreparties.site/api/auth/login
Proxy:			<none>
Request params:	<none>
Query params:	<none>
Form params:	<none>
Path params:	<none>
Headers:		Accept=*/*
				Content-Type=application/json
Cookies:		<none>
Multiparts:		<none>
Body:
{
    "email": "wTojZpbGrr@ya.ru",
    "password": "UqHqeedYZO",
    "name": "pdhXbHTefg"
}
Request method:	POST
Request URI:	https://stellarburgers.nomoreparties.site/api/auth/login
Proxy:			<none>
Request params:	<none>
Query params:	<none>
Form params:	<none>
Path params:	<none>
Headers:		Accept=*/*
				Content-Type=application/json
Cookies:		<none>
Multiparts:		<none>
Body:
{
    "email": "wTojZpbGrr@ya.ru",
    "password": "UqHqeedYZO",
    "name": "pdhXbHTefg"
}
Request method:	POST
Request URI:	https://stellarburgers.nomoreparties.site/api/auth/login
Proxy:			<none>
Request params:	<none>
Query params:	<none>
Form params:	<none>
Path params:	<none>
Headers:		Accept=*/*
				Content-Type=application/json
Cookies:		<none>
Multiparts:		<none>
Body:
{
    "email": "wTojZpbGrr@ya.ru",
    "password": "UqHqeedYZO",
    "name": "pdhXbHTefg"
}
Request method:	POST
Request URI:	https://stellarburgers.nomoreparties.site/api/auth/login
Proxy:			<none>
Request params:	<none>
Query params:	<none>
Form params:	<none>
Path params:	<none>
Headers:		Accept=*/*
				Content-Type=application/json
Cookies:		<none>
Multiparts:		<none>
Body:
{
    "email": "wTojZpbGrr@ya.ru",
    "password": "UqHqeedYZO",
    "name": "pdhXbHTefg"
}
Request method:	POST
Request URI:	https://stellarburgers.nomoreparties.site/api/auth/login
Proxy:			<none>
Request params:	<none>
Query params:	<none>
Form params:	<none>
Path params:	<none>
Headers:		Accept=*/*
				Content-Type=application/json
Cookies:		<none>
Multiparts:		<none>
Body:
{
    "email": "wTojZpbGrr@ya.ru",
    "password": "UqHqeedYZO",
    "name": "pdhXbHTefg"
}
HTTP/1.1 200 OK
Date: Sun, 30 Jun 2024 15:27:45 GMT
Content-Type: application/json; charset=utf-8
Transfer-Encoding: chunked
Connection: keep-alive
X-Powered-By: Express
Access-Control-Allow-Origin: *
ETag: W/"16d-1vI0g+z5CTVoFie9rRxVwM8zDf0"
CF-Cache-Status: DYNAMIC
Report-To: {"endpoints":[{"url":"https:\/\/a.nel.cloudflare.com\/report\/v4?s=XbrJF1TYQuv9y49q16LJ%2B41JNz6byGkSNLZw%2FrD5ZDYyrlLvwc9%2BZPDwauv3fdLb69GDpmDJ4DhM09uf%2BHC4eFRvn3fsazZbhBL9QoMMCLEv%2Bz7Qwtk9lsvClos%2FfWpTlEmdLOx9SBNFnNoBQdyN2kPqt%2Bw%3D"}],"group":"cf-nel","max_age":604800}
NEL: {"success_fraction":0,"report_to":"cf-nel","max_age":604800}
Server: cloudflare
CF-RAY: 89bf2ea34c5865ff-AMS
Content-Encoding: gzip
alt-svc: h3=":443"; ma=86400

{
    "success": true,
    "accessToken": "Bearer eyJhbGciOiJIUzI1NiIsInR5cCI6IkpXVCJ9.eyJpZCI6IjY2ODE3OTcwOWVkMjgwMDAxYjQ1OTYwYyIsImlhdCI6MTcxOTc2MTI2NSwiZXhwIjoxNzE5NzYyNDY1fQ.6VEH-LsF8i8qUGJjiB-gQJC93Y-m0fzYLFah3pBtay4",
    "refreshToken": "8e1f576d78a4f88c8534ef4bd7c7e4e6f189add39ffae315343dd1157adc03bd6edd172d97557f48",
    "user": {
        "email": "wtojzpbgrr@ya.ru",
        "name": "pdhXbHTefg"
    }
}
HTTP/1.1 200 OK
Date: Sun, 30 Jun 2024 15:27:45 GMT
Content-Type: application/json; charset=utf-8
Transfer-Encoding: chunked
Connection: keep-alive
X-Powered-By: Express
Access-Control-Allow-Origin: *
ETag: W/"16d-1vI0g+z5CTVoFie9rRxVwM8zDf0"
CF-Cache-Status: DYNAMIC
Report-To: {"endpoints":[{"url":"https:\/\/a.nel.cloudflare.com\/report\/v4?s=XbrJF1TYQuv9y49q16LJ%2B41JNz6byGkSNLZw%2FrD5ZDYyrlLvwc9%2BZPDwauv3fdLb69GDpmDJ4DhM09uf%2BHC4eFRvn3fsazZbhBL9QoMMCLEv%2Bz7Qwtk9lsvClos%2FfWpTlEmdLOx9SBNFnNoBQdyN2kPqt%2Bw%3D"}],"group":"cf-nel","max_age":604800}
NEL: {"success_fraction":0,"report_to":"cf-nel","max_age":604800}
Server: cloudflare
CF-RAY: 89bf2ea34c5865ff-AMS
Content-Encoding: gzip
alt-svc: h3=":443"; ma=86400

{
    "success": true,
    "accessToken": "Bearer eyJhbGciOiJIUzI1NiIsInR5cCI6IkpXVCJ9.eyJpZCI6IjY2ODE3OTcwOWVkMjgwMDAxYjQ1OTYwYyIsImlhdCI6MTcxOTc2MTI2NSwiZXhwIjoxNzE5NzYyNDY1fQ.6VEH-LsF8i8qUGJjiB-gQJC93Y-m0fzYLFah3pBtay4",
    "refreshToken": "8e1f576d78a4f88c8534ef4bd7c7e4e6f189add39ffae315343dd1157adc03bd6edd172d97557f48",
    "user": {
        "email": "wtojzpbgrr@ya.ru",
        "name": "pdhXbHTefg"
    }
}
HTTP/1.1 200 OK
Date: Sun, 30 Jun 2024 15:27:45 GMT
Content-Type: application/json; charset=utf-8
Transfer-Encoding: chunked
Connection: keep-alive
X-Powered-By: Express
Access-Control-Allow-Origin: *
ETag: W/"16d-1vI0g+z5CTVoFie9rRxVwM8zDf0"
CF-Cache-Status: DYNAMIC
Report-To: {"endpoints":[{"url":"https:\/\/a.nel.cloudflare.com\/report\/v4?s=XbrJF1TYQuv9y49q16LJ%2B41JNz6byGkSNLZw%2FrD5ZDYyrlLvwc9%2BZPDwauv3fdLb69GDpmDJ4DhM09uf%2BHC4eFRvn3fsazZbhBL9QoMMCLEv%2Bz7Qwtk9lsvClos%2FfWpTlEmdLOx9SBNFnNoBQdyN2kPqt%2Bw%3D"}],"group":"cf-nel","max_age":604800}
NEL: {"success_fraction":0,"report_to":"cf-nel","max_age":604800}
Server: cloudflare
CF-RAY: 89bf2ea34c5865ff-AMS
Content-Encoding: gzip
alt-svc: h3=":443"; ma=86400

{
    "success": true,
    "accessToken": "Bearer eyJhbGciOiJIUzI1NiIsInR5cCI6IkpXVCJ9.eyJpZCI6IjY2ODE3OTcwOWVkMjgwMDAxYjQ1OTYwYyIsImlhdCI6MTcxOTc2MTI2NSwiZXhwIjoxNzE5NzYyNDY1fQ.6VEH-LsF8i8qUGJjiB-gQJC93Y-m0fzYLFah3pBtay4",
    "refreshToken": "8e1f576d78a4f88c8534ef4bd7c7e4e6f189add39ffae315343dd1157adc03bd6edd172d97557f48",
    "user": {
        "email": "wtojzpbgrr@ya.ru",
        "name": "pdhXbHTefg"
    }
}
HTTP/1.1 200 OK
Date: Sun, 30 Jun 2024 15:27:45 GMT
Content-Type: application/json; charset=utf-8
Transfer-Encoding: chunked
Connection: keep-alive
X-Powered-By: Express
Access-Control-Allow-Origin: *
ETag: W/"16d-1vI0g+z5CTVoFie9rRxVwM8zDf0"
CF-Cache-Status: DYNAMIC
Report-To: {"endpoints":[{"url":"https:\/\/a.nel.cloudflare.com\/report\/v4?s=XbrJF1TYQuv9y49q16LJ%2B41JNz6byGkSNLZw%2FrD5ZDYyrlLvwc9%2BZPDwauv3fdLb69GDpmDJ4DhM09uf%2BHC4eFRvn3fsazZbhBL9QoMMCLEv%2Bz7Qwtk9lsvClos%2FfWpTlEmdLOx9SBNFnNoBQdyN2kPqt%2Bw%3D"}],"group":"cf-nel","max_age":604800}
NEL: {"success_fraction":0,"report_to":"cf-nel","max_age":604800}
Server: cloudflare
CF-RAY: 89bf2ea34c5865ff-AMS
Content-Encoding: gzip
alt-svc: h3=":443"; ma=86400

{
    "success": true,
    "accessToken": "Bearer eyJhbGciOiJIUzI1NiIsInR5cCI6IkpXVCJ9.eyJpZCI6IjY2ODE3OTcwOWVkMjgwMDAxYjQ1OTYwYyIsImlhdCI6MTcxOTc2MTI2NSwiZXhwIjoxNzE5NzYyNDY1fQ.6VEH-LsF8i8qUGJjiB-gQJC93Y-m0fzYLFah3pBtay4",
    "refreshToken": "8e1f576d78a4f88c8534ef4bd7c7e4e6f189add39ffae315343dd1157adc03bd6edd172d97557f48",
    "user": {
        "email": "wtojzpbgrr@ya.ru",
        "name": "pdhXbHTefg"
    }
}
HTTP/1.1 200 OK
Date: Sun, 30 Jun 2024 15:27:45 GMT
Content-Type: application/json; charset=utf-8
Transfer-Encoding: chunked
Connection: keep-alive
X-Powered-By: Express
Access-Control-Allow-Origin: *
ETag: W/"16d-1vI0g+z5CTVoFie9rRxVwM8zDf0"
CF-Cache-Status: DYNAMIC
Report-To: {"endpoints":[{"url":"https:\/\/a.nel.cloudflare.com\/report\/v4?s=XbrJF1TYQuv9y49q16LJ%2B41JNz6byGkSNLZw%2FrD5ZDYyrlLvwc9%2BZPDwauv3fdLb69GDpmDJ4DhM09uf%2BHC4eFRvn3fsazZbhBL9QoMMCLEv%2Bz7Qwtk9lsvClos%2FfWpTlEmdLOx9SBNFnNoBQdyN2kPqt%2Bw%3D"}],"group":"cf-nel","max_age":604800}
NEL: {"success_fraction":0,"report_to":"cf-nel","max_age":604800}
Server: cloudflare
CF-RAY: 89bf2ea34c5865ff-AMS
Content-Encoding: gzip
alt-svc: h3=":443"; ma=86400

{
    "success": true,
    "accessToken": "Bearer eyJhbGciOiJIUzI1NiIsInR5cCI6IkpXVCJ9.eyJpZCI6IjY2ODE3OTcwOWVkMjgwMDAxYjQ1OTYwYyIsImlhdCI6MTcxOTc2MTI2NSwiZXhwIjoxNzE5NzYyNDY1fQ.6VEH-LsF8i8qUGJjiB-gQJC93Y-m0fzYLFah3pBtay4",
    "refreshToken": "8e1f576d78a4f88c8534ef4bd7c7e4e6f189add39ffae315343dd1157adc03bd6edd172d97557f48",
    "user": {
        "email": "wtojzpbgrr@ya.ru",
        "name": "pdhXbHTefg"
    }
}
HTTP/1.1 200 OK
Date: Sun, 30 Jun 2024 15:27:45 GMT
Content-Type: application/json; charset=utf-8
Transfer-Encoding: chunked
Connection: keep-alive
X-Powered-By: Express
Access-Control-Allow-Origin: *
ETag: W/"16d-1vI0g+z5CTVoFie9rRxVwM8zDf0"
CF-Cache-Status: DYNAMIC
Report-To: {"endpoints":[{"url":"https:\/\/a.nel.cloudflare.com\/report\/v4?s=XbrJF1TYQuv9y49q16LJ%2B41JNz6byGkSNLZw%2FrD5ZDYyrlLvwc9%2BZPDwauv3fdLb69GDpmDJ4DhM09uf%2BHC4eFRvn3fsazZbhBL9QoMMCLEv%2Bz7Qwtk9lsvClos%2FfWpTlEmdLOx9SBNFnNoBQdyN2kPqt%2Bw%3D"}],"group":"cf-nel","max_age":604800}
NEL: {"success_fraction":0,"report_to":"cf-nel","max_age":604800}
Server: cloudflare
CF-RAY: 89bf2ea34c5865ff-AMS
Content-Encoding: gzip
alt-svc: h3=":443"; ma=86400

{
    "success": true,
    "accessToken": "Bearer eyJhbGciOiJIUzI1NiIsInR5cCI6IkpXVCJ9.eyJpZCI6IjY2ODE3OTcwOWVkMjgwMDAxYjQ1OTYwYyIsImlhdCI6MTcxOTc2MTI2NSwiZXhwIjoxNzE5NzYyNDY1fQ.6VEH-LsF8i8qUGJjiB-gQJC93Y-m0fzYLFah3pBtay4",
    "refreshToken": "8e1f576d78a4f88c8534ef4bd7c7e4e6f189add39ffae315343dd1157adc03bd6edd172d97557f48",
    "user": {
        "email": "wtojzpbgrr@ya.ru",
        "name": "pdhXbHTefg"
    }
}
HTTP/1.1 200 OK
Date: Sun, 30 Jun 2024 15:27:45 GMT
Content-Type: application/json; charset=utf-8
Transfer-Encoding: chunked
Connection: keep-alive
X-Powered-By: Express
Access-Control-Allow-Origin: *
ETag: W/"16d-1vI0g+z5CTVoFie9rRxVwM8zDf0"
CF-Cache-Status: DYNAMIC
Report-To: {"endpoints":[{"url":"https:\/\/a.nel.cloudflare.com\/report\/v4?s=XbrJF1TYQuv9y49q16LJ%2B41JNz6byGkSNLZw%2FrD5ZDYyrlLvwc9%2BZPDwauv3fdLb69GDpmDJ4DhM09uf%2BHC4eFRvn3fsazZbhBL9QoMMCLEv%2Bz7Qwtk9lsvClos%2FfWpTlEmdLOx9SBNFnNoBQdyN2kPqt%2Bw%3D"}],"group":"cf-nel","max_age":604800}
NEL: {"success_fraction":0,"report_to":"cf-nel","max_age":604800}
Server: cloudflare
CF-RAY: 89bf2ea34c5865ff-AMS
Content-Encoding: gzip
alt-svc: h3=":443"; ma=86400

{
    "success": true,
    "accessToken": "Bearer eyJhbGciOiJIUzI1NiIsInR5cCI6IkpXVCJ9.eyJpZCI6IjY2ODE3OTcwOWVkMjgwMDAxYjQ1OTYwYyIsImlhdCI6MTcxOTc2MTI2NSwiZXhwIjoxNzE5NzYyNDY1fQ.6VEH-LsF8i8qUGJjiB-gQJC93Y-m0fzYLFah3pBtay4",
    "refreshToken": "8e1f576d78a4f88c8534ef4bd7c7e4e6f189add39ffae315343dd1157adc03bd6edd172d97557f48",
    "user": {
        "email": "wtojzpbgrr@ya.ru",
        "name": "pdhXbHTefg"
    }
}
HTTP/1.1 200 OK
Date: Sun, 30 Jun 2024 15:27:45 GMT
Content-Type: application/json; charset=utf-8
Transfer-Encoding: chunked
Connection: keep-alive
X-Powered-By: Express
Access-Control-Allow-Origin: *
ETag: W/"16d-1vI0g+z5CTVoFie9rRxVwM8zDf0"
CF-Cache-Status: DYNAMIC
Report-To: {"endpoints":[{"url":"https:\/\/a.nel.cloudflare.com\/report\/v4?s=XbrJF1TYQuv9y49q16LJ%2B41JNz6byGkSNLZw%2FrD5ZDYyrlLvwc9%2BZPDwauv3fdLb69GDpmDJ4DhM09uf%2BHC4eFRvn3fsazZbhBL9QoMMCLEv%2Bz7Qwtk9lsvClos%2FfWpTlEmdLOx9SBNFnNoBQdyN2kPqt%2Bw%3D"}],"group":"cf-nel","max_age":604800}
NEL: {"success_fraction":0,"report_to":"cf-nel","max_age":604800}
Server: cloudflare
CF-RAY: 89bf2ea34c5865ff-AMS
Content-Encoding: gzip
alt-svc: h3=":443"; ma=86400

{
    "success": true,
    "accessToken": "Bearer eyJhbGciOiJIUzI1NiIsInR5cCI6IkpXVCJ9.eyJpZCI6IjY2ODE3OTcwOWVkMjgwMDAxYjQ1OTYwYyIsImlhdCI6MTcxOTc2MTI2NSwiZXhwIjoxNzE5NzYyNDY1fQ.6VEH-LsF8i8qUGJjiB-gQJC93Y-m0fzYLFah3pBtay4",
    "refreshToken": "8e1f576d78a4f88c8534ef4bd7c7e4e6f189add39ffae315343dd1157adc03bd6edd172d97557f48",
    "user": {
        "email": "wtojzpbgrr@ya.ru",
        "name": "pdhXbHTefg"
    }
}
HTTP/1.1 200 OK
Date: Sun, 30 Jun 2024 15:27:45 GMT
Content-Type: application/json; charset=utf-8
Transfer-Encoding: chunked
Connection: keep-alive
X-Powered-By: Express
Access-Control-Allow-Origin: *
ETag: W/"16d-1vI0g+z5CTVoFie9rRxVwM8zDf0"
CF-Cache-Status: DYNAMIC
Report-To: {"endpoints":[{"url":"https:\/\/a.nel.cloudflare.com\/report\/v4?s=XbrJF1TYQuv9y49q16LJ%2B41JNz6byGkSNLZw%2FrD5ZDYyrlLvwc9%2BZPDwauv3fdLb69GDpmDJ4DhM09uf%2BHC4eFRvn3fsazZbhBL9QoMMCLEv%2Bz7Qwtk9lsvClos%2FfWpTlEmdLOx9SBNFnNoBQdyN2kPqt%2Bw%3D"}],"group":"cf-nel","max_age":604800}
NEL: {"success_fraction":0,"report_to":"cf-nel","max_age":604800}
Server: cloudflare
CF-RAY: 89bf2ea34c5865ff-AMS
Content-Encoding: gzip
alt-svc: h3=":443"; ma=86400

{
    "success": true,
    "accessToken": "Bearer eyJhbGciOiJIUzI1NiIsInR5cCI6IkpXVCJ9.eyJpZCI6IjY2ODE3OTcwOWVkMjgwMDAxYjQ1OTYwYyIsImlhdCI6MTcxOTc2MTI2NSwiZXhwIjoxNzE5NzYyNDY1fQ.6VEH-LsF8i8qUGJjiB-gQJC93Y-m0fzYLFah3pBtay4",
    "refreshToken": "8e1f576d78a4f88c8534ef4bd7c7e4e6f189add39ffae315343dd1157adc03bd6edd172d97557f48",
    "user": {
        "email": "wtojzpbgrr@ya.ru",
        "name": "pdhXbHTefg"
    }
}
HTTP/1.1 200 OK
Date: Sun, 30 Jun 2024 15:27:45 GMT
Content-Type: application/json; charset=utf-8
Transfer-Encoding: chunked
Connection: keep-alive
X-Powered-By: Express
Access-Control-Allow-Origin: *
ETag: W/"16d-1vI0g+z5CTVoFie9rRxVwM8zDf0"
CF-Cache-Status: DYNAMIC
Report-To: {"endpoints":[{"url":"https:\/\/a.nel.cloudflare.com\/report\/v4?s=XbrJF1TYQuv9y49q16LJ%2B41JNz6byGkSNLZw%2FrD5ZDYyrlLvwc9%2BZPDwauv3fdLb69GDpmDJ4DhM09uf%2BHC4eFRvn3fsazZbhBL9QoMMCLEv%2Bz7Qwtk9lsvClos%2FfWpTlEmdLOx9SBNFnNoBQdyN2kPqt%2Bw%3D"}],"group":"cf-nel","max_age":604800}
NEL: {"success_fraction":0,"report_to":"cf-nel","max_age":604800}
Server: cloudflare
CF-RAY: 89bf2ea34c5865ff-AMS
Content-Encoding: gzip
alt-svc: h3=":443"; ma=86400

{
    "success": true,
    "accessToken": "Bearer eyJhbGciOiJIUzI1NiIsInR5cCI6IkpXVCJ9.eyJpZCI6IjY2ODE3OTcwOWVkMjgwMDAxYjQ1OTYwYyIsImlhdCI6MTcxOTc2MTI2NSwiZXhwIjoxNzE5NzYyNDY1fQ.6VEH-LsF8i8qUGJjiB-gQJC93Y-m0fzYLFah3pBtay4",
    "refreshToken": "8e1f576d78a4f88c8534ef4bd7c7e4e6f189add39ffae315343dd1157adc03bd6edd172d97557f48",
    "user": {
        "email": "wtojzpbgrr@ya.ru",
        "name": "pdhXbHTefg"
    }
}
HTTP/1.1 200 OK
Date: Sun, 30 Jun 2024 15:27:45 GMT
Content-Type: application/json; charset=utf-8
Transfer-Encoding: chunked
Connection: keep-alive
X-Powered-By: Express
Access-Control-Allow-Origin: *
ETag: W/"16d-1vI0g+z5CTVoFie9rRxVwM8zDf0"
CF-Cache-Status: DYNAMIC
Report-To: {"endpoints":[{"url":"https:\/\/a.nel.cloudflare.com\/report\/v4?s=XbrJF1TYQuv9y49q16LJ%2B41JNz6byGkSNLZw%2FrD5ZDYyrlLvwc9%2BZPDwauv3fdLb69GDpmDJ4DhM09uf%2BHC4eFRvn3fsazZbhBL9QoMMCLEv%2Bz7Qwtk9lsvClos%2FfWpTlEmdLOx9SBNFnNoBQdyN2kPqt%2Bw%3D"}],"group":"cf-nel","max_age":604800}
NEL: {"success_fraction":0,"report_to":"cf-nel","max_age":604800}
Server: cloudflare
CF-RAY: 89bf2ea34c5865ff-AMS
Content-Encoding: gzip
alt-svc: h3=":443"; ma=86400

{
    "success": true,
    "accessToken": "Bearer eyJhbGciOiJIUzI1NiIsInR5cCI6IkpXVCJ9.eyJpZCI6IjY2ODE3OTcwOWVkMjgwMDAxYjQ1OTYwYyIsImlhdCI6MTcxOTc2MTI2NSwiZXhwIjoxNzE5NzYyNDY1fQ.6VEH-LsF8i8qUGJjiB-gQJC93Y-m0fzYLFah3pBtay4",
    "refreshToken": "8e1f576d78a4f88c8534ef4bd7c7e4e6f189add39ffae315343dd1157adc03bd6edd172d97557f48",
    "user": {
        "email": "wtojzpbgrr@ya.ru",
        "name": "pdhXbHTefg"
    }
}
HTTP/1.1 200 OK
Date: Sun, 30 Jun 2024 15:27:45 GMT
Content-Type: application/json; charset=utf-8
Transfer-Encoding: chunked
Connection: keep-alive
X-Powered-By: Express
Access-Control-Allow-Origin: *
ETag: W/"16d-1vI0g+z5CTVoFie9rRxVwM8zDf0"
CF-Cache-Status: DYNAMIC
Report-To: {"endpoints":[{"url":"https:\/\/a.nel.cloudflare.com\/report\/v4?s=XbrJF1TYQuv9y49q16LJ%2B41JNz6byGkSNLZw%2FrD5ZDYyrlLvwc9%2BZPDwauv3fdLb69GDpmDJ4DhM09uf%2BHC4eFRvn3fsazZbhBL9QoMMCLEv%2Bz7Qwtk9lsvClos%2FfWpTlEmdLOx9SBNFnNoBQdyN2kPqt%2Bw%3D"}],"group":"cf-nel","max_age":604800}
NEL: {"success_fraction":0,"report_to":"cf-nel","max_age":604800}
Server: cloudflare
CF-RAY: 89bf2ea34c5865ff-AMS
Content-Encoding: gzip
alt-svc: h3=":443"; ma=86400

{
    "success": true,
    "accessToken": "Bearer eyJhbGciOiJIUzI1NiIsInR5cCI6IkpXVCJ9.eyJpZCI6IjY2ODE3OTcwOWVkMjgwMDAxYjQ1OTYwYyIsImlhdCI6MTcxOTc2MTI2NSwiZXhwIjoxNzE5NzYyNDY1fQ.6VEH-LsF8i8qUGJjiB-gQJC93Y-m0fzYLFah3pBtay4",
    "refreshToken": "8e1f576d78a4f88c8534ef4bd7c7e4e6f189add39ffae315343dd1157adc03bd6edd172d97557f48",
    "user": {
        "email": "wtojzpbgrr@ya.ru",
        "name": "pdhXbHTefg"
    }
}
HTTP/1.1 200 OK
Date: Sun, 30 Jun 2024 15:27:45 GMT
Content-Type: application/json; charset=utf-8
Transfer-Encoding: chunked
Connection: keep-alive
X-Powered-By: Express
Access-Control-Allow-Origin: *
ETag: W/"16d-1vI0g+z5CTVoFie9rRxVwM8zDf0"
CF-Cache-Status: DYNAMIC
Report-To: {"endpoints":[{"url":"https:\/\/a.nel.cloudflare.com\/report\/v4?s=XbrJF1TYQuv9y49q16LJ%2B41JNz6byGkSNLZw%2FrD5ZDYyrlLvwc9%2BZPDwauv3fdLb69GDpmDJ4DhM09uf%2BHC4eFRvn3fsazZbhBL9QoMMCLEv%2Bz7Qwtk9lsvClos%2FfWpTlEmdLOx9SBNFnNoBQdyN2kPqt%2Bw%3D"}],"group":"cf-nel","max_age":604800}
NEL: {"success_fraction":0,"report_to":"cf-nel","max_age":604800}
Server: cloudflare
CF-RAY: 89bf2ea34c5865ff-AMS
Content-Encoding: gzip
alt-svc: h3=":443"; ma=86400

{
    "success": true,
    "accessToken": "Bearer eyJhbGciOiJIUzI1NiIsInR5cCI6IkpXVCJ9.eyJpZCI6IjY2ODE3OTcwOWVkMjgwMDAxYjQ1OTYwYyIsImlhdCI6MTcxOTc2MTI2NSwiZXhwIjoxNzE5NzYyNDY1fQ.6VEH-LsF8i8qUGJjiB-gQJC93Y-m0fzYLFah3pBtay4",
    "refreshToken": "8e1f576d78a4f88c8534ef4bd7c7e4e6f189add39ffae315343dd1157adc03bd6edd172d97557f48",
    "user": {
        "email": "wtojzpbgrr@ya.ru",
        "name": "pdhXbHTefg"
    }
}
HTTP/1.1 200 OK
Date: Sun, 30 Jun 2024 15:27:45 GMT
Content-Type: application/json; charset=utf-8
Transfer-Encoding: chunked
Connection: keep-alive
X-Powered-By: Express
Access-Control-Allow-Origin: *
ETag: W/"16d-1vI0g+z5CTVoFie9rRxVwM8zDf0"
CF-Cache-Status: DYNAMIC
Report-To: {"endpoints":[{"url":"https:\/\/a.nel.cloudflare.com\/report\/v4?s=XbrJF1TYQuv9y49q16LJ%2B41JNz6byGkSNLZw%2FrD5ZDYyrlLvwc9%2BZPDwauv3fdLb69GDpmDJ4DhM09uf%2BHC4eFRvn3fsazZbhBL9QoMMCLEv%2Bz7Qwtk9lsvClos%2FfWpTlEmdLOx9SBNFnNoBQdyN2kPqt%2Bw%3D"}],"group":"cf-nel","max_age":604800}
NEL: {"success_fraction":0,"report_to":"cf-nel","max_age":604800}
Server: cloudflare
CF-RAY: 89bf2ea34c5865ff-AMS
Content-Encoding: gzip
alt-svc: h3=":443"; ma=86400

{
    "success": true,
    "accessToken": "Bearer eyJhbGciOiJIUzI1NiIsInR5cCI6IkpXVCJ9.eyJpZCI6IjY2ODE3OTcwOWVkMjgwMDAxYjQ1OTYwYyIsImlhdCI6MTcxOTc2MTI2NSwiZXhwIjoxNzE5NzYyNDY1fQ.6VEH-LsF8i8qUGJjiB-gQJC93Y-m0fzYLFah3pBtay4",
    "refreshToken": "8e1f576d78a4f88c8534ef4bd7c7e4e6f189add39ffae315343dd1157adc03bd6edd172d97557f48",
    "user": {
        "email": "wtojzpbgrr@ya.ru",
        "name": "pdhXbHTefg"
    }
}
HTTP/1.1 200 OK
Date: Sun, 30 Jun 2024 15:27:45 GMT
Content-Type: application/json; charset=utf-8
Transfer-Encoding: chunked
Connection: keep-alive
X-Powered-By: Express
Access-Control-Allow-Origin: *
ETag: W/"16d-1vI0g+z5CTVoFie9rRxVwM8zDf0"
CF-Cache-Status: DYNAMIC
Report-To: {"endpoints":[{"url":"https:\/\/a.nel.cloudflare.com\/report\/v4?s=XbrJF1TYQuv9y49q16LJ%2B41JNz6byGkSNLZw%2FrD5ZDYyrlLvwc9%2BZPDwauv3fdLb69GDpmDJ4DhM09uf%2BHC4eFRvn3fsazZbhBL9QoMMCLEv%2Bz7Qwtk9lsvClos%2FfWpTlEmdLOx9SBNFnNoBQdyN2kPqt%2Bw%3D"}],"group":"cf-nel","max_age":604800}
NEL: {"success_fraction":0,"report_to":"cf-nel","max_age":604800}
Server: cloudflare
CF-RAY: 89bf2ea34c5865ff-AMS
Content-Encoding: gzip
alt-svc: h3=":443"; ma=86400

{
    "success": true,
    "accessToken": "Bearer eyJhbGciOiJIUzI1NiIsInR5cCI6IkpXVCJ9.eyJpZCI6IjY2ODE3OTcwOWVkMjgwMDAxYjQ1OTYwYyIsImlhdCI6MTcxOTc2MTI2NSwiZXhwIjoxNzE5NzYyNDY1fQ.6VEH-LsF8i8qUGJjiB-gQJC93Y-m0fzYLFah3pBtay4",
    "refreshToken": "8e1f576d78a4f88c8534ef4bd7c7e4e6f189add39ffae315343dd1157adc03bd6edd172d97557f48",
    "user": {
        "email": "wtojzpbgrr@ya.ru",
        "name": "pdhXbHTefg"
    }
}
HTTP/1.1 200 OK
Date: Sun, 30 Jun 2024 15:27:45 GMT
Content-Type: application/json; charset=utf-8
Transfer-Encoding: chunked
Connection: keep-alive
X-Powered-By: Express
Access-Control-Allow-Origin: *
ETag: W/"16d-1vI0g+z5CTVoFie9rRxVwM8zDf0"
CF-Cache-Status: DYNAMIC
Report-To: {"endpoints":[{"url":"https:\/\/a.nel.cloudflare.com\/report\/v4?s=XbrJF1TYQuv9y49q16LJ%2B41JNz6byGkSNLZw%2FrD5ZDYyrlLvwc9%2BZPDwauv3fdLb69GDpmDJ4DhM09uf%2BHC4eFRvn3fsazZbhBL9QoMMCLEv%2Bz7Qwtk9lsvClos%2FfWpTlEmdLOx9SBNFnNoBQdyN2kPqt%2Bw%3D"}],"group":"cf-nel","max_age":604800}
NEL: {"success_fraction":0,"report_to":"cf-nel","max_age":604800}
Server: cloudflare
CF-RAY: 89bf2ea34c5865ff-AMS
Content-Encoding: gzip
alt-svc: h3=":443"; ma=86400

{
    "success": true,
    "accessToken": "Bearer eyJhbGciOiJIUzI1NiIsInR5cCI6IkpXVCJ9.eyJpZCI6IjY2ODE3OTcwOWVkMjgwMDAxYjQ1OTYwYyIsImlhdCI6MTcxOTc2MTI2NSwiZXhwIjoxNzE5NzYyNDY1fQ.6VEH-LsF8i8qUGJjiB-gQJC93Y-m0fzYLFah3pBtay4",
    "refreshToken": "8e1f576d78a4f88c8534ef4bd7c7e4e6f189add39ffae315343dd1157adc03bd6edd172d97557f48",
    "user": {
        "email": "wtojzpbgrr@ya.ru",
        "name": "pdhXbHTefg"
    }
}
HTTP/1.1 200 OK
Date: Sun, 30 Jun 2024 15:27:45 GMT
Content-Type: application/json; charset=utf-8
Transfer-Encoding: chunked
Connection: keep-alive
X-Powered-By: Express
Access-Control-Allow-Origin: *
ETag: W/"16d-1vI0g+z5CTVoFie9rRxVwM8zDf0"
CF-Cache-Status: DYNAMIC
Report-To: {"endpoints":[{"url":"https:\/\/a.nel.cloudflare.com\/report\/v4?s=XbrJF1TYQuv9y49q16LJ%2B41JNz6byGkSNLZw%2FrD5ZDYyrlLvwc9%2BZPDwauv3fdLb69GDpmDJ4DhM09uf%2BHC4eFRvn3fsazZbhBL9QoMMCLEv%2Bz7Qwtk9lsvClos%2FfWpTlEmdLOx9SBNFnNoBQdyN2kPqt%2Bw%3D"}],"group":"cf-nel","max_age":604800}
NEL: {"success_fraction":0,"report_to":"cf-nel","max_age":604800}
Server: cloudflare
CF-RAY: 89bf2ea34c5865ff-AMS
Content-Encoding: gzip
alt-svc: h3=":443"; ma=86400

{
    "success": true,
    "accessToken": "Bearer eyJhbGciOiJIUzI1NiIsInR5cCI6IkpXVCJ9.eyJpZCI6IjY2ODE3OTcwOWVkMjgwMDAxYjQ1OTYwYyIsImlhdCI6MTcxOTc2MTI2NSwiZXhwIjoxNzE5NzYyNDY1fQ.6VEH-LsF8i8qUGJjiB-gQJC93Y-m0fzYLFah3pBtay4",
    "refreshToken": "8e1f576d78a4f88c8534ef4bd7c7e4e6f189add39ffae315343dd1157adc03bd6edd172d97557f48",
    "user": {
        "email": "wtojzpbgrr@ya.ru",
        "name": "pdhXbHTefg"
    }
}
HTTP/1.1 200 OK
Date: Sun, 30 Jun 2024 15:27:45 GMT
Content-Type: application/json; charset=utf-8
Transfer-Encoding: chunked
Connection: keep-alive
X-Powered-By: Express
Access-Control-Allow-Origin: *
ETag: W/"16d-1vI0g+z5CTVoFie9rRxVwM8zDf0"
CF-Cache-Status: DYNAMIC
Report-To: {"endpoints":[{"url":"https:\/\/a.nel.cloudflare.com\/report\/v4?s=XbrJF1TYQuv9y49q16LJ%2B41JNz6byGkSNLZw%2FrD5ZDYyrlLvwc9%2BZPDwauv3fdLb69GDpmDJ4DhM09uf%2BHC4eFRvn3fsazZbhBL9QoMMCLEv%2Bz7Qwtk9lsvClos%2FfWpTlEmdLOx9SBNFnNoBQdyN2kPqt%2Bw%3D"}],"group":"cf-nel","max_age":604800}
NEL: {"success_fraction":0,"report_to":"cf-nel","max_age":604800}
Server: cloudflare
CF-RAY: 89bf2ea34c5865ff-AMS
Content-Encoding: gzip
alt-svc: h3=":443"; ma=86400

{
    "success": true,
    "accessToken": "Bearer eyJhbGciOiJIUzI1NiIsInR5cCI6IkpXVCJ9.eyJpZCI6IjY2ODE3OTcwOWVkMjgwMDAxYjQ1OTYwYyIsImlhdCI6MTcxOTc2MTI2NSwiZXhwIjoxNzE5NzYyNDY1fQ.6VEH-LsF8i8qUGJjiB-gQJC93Y-m0fzYLFah3pBtay4",
    "refreshToken": "8e1f576d78a4f88c8534ef4bd7c7e4e6f189add39ffae315343dd1157adc03bd6edd172d97557f48",
    "user": {
        "email": "wtojzpbgrr@ya.ru",
        "name": "pdhXbHTefg"
    }
}
HTTP/1.1 200 OK
Date: Sun, 30 Jun 2024 15:27:45 GMT
Content-Type: application/json; charset=utf-8
Transfer-Encoding: chunked
Connection: keep-alive
X-Powered-By: Express
Access-Control-Allow-Origin: *
ETag: W/"16d-1vI0g+z5CTVoFie9rRxVwM8zDf0"
CF-Cache-Status: DYNAMIC
Report-To: {"endpoints":[{"url":"https:\/\/a.nel.cloudflare.com\/report\/v4?s=XbrJF1TYQuv9y49q16LJ%2B41JNz6byGkSNLZw%2FrD5ZDYyrlLvwc9%2BZPDwauv3fdLb69GDpmDJ4DhM09uf%2BHC4eFRvn3fsazZbhBL9QoMMCLEv%2Bz7Qwtk9lsvClos%2FfWpTlEmdLOx9SBNFnNoBQdyN2kPqt%2Bw%3D"}],"group":"cf-nel","max_age":604800}
NEL: {"success_fraction":0,"report_to":"cf-nel","max_age":604800}
Server: cloudflare
CF-RAY: 89bf2ea34c5865ff-AMS
Content-Encoding: gzip
alt-svc: h3=":443"; ma=86400

{
    "success": true,
    "accessToken": "Bearer eyJhbGciOiJIUzI1NiIsInR5cCI6IkpXVCJ9.eyJpZCI6IjY2ODE3OTcwOWVkMjgwMDAxYjQ1OTYwYyIsImlhdCI6MTcxOTc2MTI2NSwiZXhwIjoxNzE5NzYyNDY1fQ.6VEH-LsF8i8qUGJjiB-gQJC93Y-m0fzYLFah3pBtay4",
    "refreshToken": "8e1f576d78a4f88c8534ef4bd7c7e4e6f189add39ffae315343dd1157adc03bd6edd172d97557f48",
    "user": {
        "email": "wtojzpbgrr@ya.ru",
        "name": "pdhXbHTefg"
    }
}
HTTP/1.1 200 OK
Date: Sun, 30 Jun 2024 15:27:45 GMT
Content-Type: application/json; charset=utf-8
Transfer-Encoding: chunked
Connection: keep-alive
X-Powered-By: Express
Access-Control-Allow-Origin: *
ETag: W/"16d-1vI0g+z5CTVoFie9rRxVwM8zDf0"
CF-Cache-Status: DYNAMIC
Report-To: {"endpoints":[{"url":"https:\/\/a.nel.cloudflare.com\/report\/v4?s=XbrJF1TYQuv9y49q16LJ%2B41JNz6byGkSNLZw%2FrD5ZDYyrlLvwc9%2BZPDwauv3fdLb69GDpmDJ4DhM09uf%2BHC4eFRvn3fsazZbhBL9QoMMCLEv%2Bz7Qwtk9lsvClos%2FfWpTlEmdLOx9SBNFnNoBQdyN2kPqt%2Bw%3D"}],"group":"cf-nel","max_age":604800}
NEL: {"success_fraction":0,"report_to":"cf-nel","max_age":604800}
Server: cloudflare
CF-RAY: 89bf2ea34c5865ff-AMS
Content-Encoding: gzip
alt-svc: h3=":443"; ma=86400

{
    "success": true,
    "accessToken": "Bearer eyJhbGciOiJIUzI1NiIsInR5cCI6IkpXVCJ9.eyJpZCI6IjY2ODE3OTcwOWVkMjgwMDAxYjQ1OTYwYyIsImlhdCI6MTcxOTc2MTI2NSwiZXhwIjoxNzE5NzYyNDY1fQ.6VEH-LsF8i8qUGJjiB-gQJC93Y-m0fzYLFah3pBtay4",
    "refreshToken": "8e1f576d78a4f88c8534ef4bd7c7e4e6f189add39ffae315343dd1157adc03bd6edd172d97557f48",
    "user": {
        "email": "wtojzpbgrr@ya.ru",
        "name": "pdhXbHTefg"
    }
}
HTTP/1.1 200 OK
Date: Sun, 30 Jun 2024 15:27:45 GMT
Content-Type: application/json; charset=utf-8
Transfer-Encoding: chunked
Connection: keep-alive
X-Powered-By: Express
Access-Control-Allow-Origin: *
ETag: W/"16d-1vI0g+z5CTVoFie9rRxVwM8zDf0"
CF-Cache-Status: DYNAMIC
Report-To: {"endpoints":[{"url":"https:\/\/a.nel.cloudflare.com\/report\/v4?s=XbrJF1TYQuv9y49q16LJ%2B41JNz6byGkSNLZw%2FrD5ZDYyrlLvwc9%2BZPDwauv3fdLb69GDpmDJ4DhM09uf%2BHC4eFRvn3fsazZbhBL9QoMMCLEv%2Bz7Qwtk9lsvClos%2FfWpTlEmdLOx9SBNFnNoBQdyN2kPqt%2Bw%3D"}],"group":"cf-nel","max_age":604800}
NEL: {"success_fraction":0,"report_to":"cf-nel","max_age":604800}
Server: cloudflare
CF-RAY: 89bf2ea34c5865ff-AMS
Content-Encoding: gzip
alt-svc: h3=":443"; ma=86400

{
    "success": true,
    "accessToken": "Bearer eyJhbGciOiJIUzI1NiIsInR5cCI6IkpXVCJ9.eyJpZCI6IjY2ODE3OTcwOWVkMjgwMDAxYjQ1OTYwYyIsImlhdCI6MTcxOTc2MTI2NSwiZXhwIjoxNzE5NzYyNDY1fQ.6VEH-LsF8i8qUGJjiB-gQJC93Y-m0fzYLFah3pBtay4",
    "refreshToken": "8e1f576d78a4f88c8534ef4bd7c7e4e6f189add39ffae315343dd1157adc03bd6edd172d97557f48",
    "user": {
        "email": "wtojzpbgrr@ya.ru",
        "name": "pdhXbHTefg"
    }
}
HTTP/1.1 200 OK
Date: Sun, 30 Jun 2024 15:27:45 GMT
Content-Type: application/json; charset=utf-8
Transfer-Encoding: chunked
Connection: keep-alive
X-Powered-By: Express
Access-Control-Allow-Origin: *
ETag: W/"16d-1vI0g+z5CTVoFie9rRxVwM8zDf0"
CF-Cache-Status: DYNAMIC
Report-To: {"endpoints":[{"url":"https:\/\/a.nel.cloudflare.com\/report\/v4?s=XbrJF1TYQuv9y49q16LJ%2B41JNz6byGkSNLZw%2FrD5ZDYyrlLvwc9%2BZPDwauv3fdLb69GDpmDJ4DhM09uf%2BHC4eFRvn3fsazZbhBL9QoMMCLEv%2Bz7Qwtk9lsvClos%2FfWpTlEmdLOx9SBNFnNoBQdyN2kPqt%2Bw%3D"}],"group":"cf-nel","max_age":604800}
NEL: {"success_fraction":0,"report_to":"cf-nel","max_age":604800}
Server: cloudflare
CF-RAY: 89bf2ea34c5865ff-AMS
Content-Encoding: gzip
alt-svc: h3=":443"; ma=86400

{
    "success": true,
    "accessToken": "Bearer eyJhbGciOiJIUzI1NiIsInR5cCI6IkpXVCJ9.eyJpZCI6IjY2ODE3OTcwOWVkMjgwMDAxYjQ1OTYwYyIsImlhdCI6MTcxOTc2MTI2NSwiZXhwIjoxNzE5NzYyNDY1fQ.6VEH-LsF8i8qUGJjiB-gQJC93Y-m0fzYLFah3pBtay4",
    "refreshToken": "8e1f576d78a4f88c8534ef4bd7c7e4e6f189add39ffae315343dd1157adc03bd6edd172d97557f48",
    "user": {
        "email": "wtojzpbgrr@ya.ru",
        "name": "pdhXbHTefg"
    }
}
Request method:	POST
Request URI:	https://stellarburgers.nomoreparties.site/api/auth/login
Proxy:			<none>
Request params:	<none>
Query params:	<none>
Form params:	<none>
Path params:	<none>
Headers:		Accept=*/*
				Content-Type=application/json
Cookies:		<none>
Multiparts:		<none>
Body:
{
    "email": "wTojZpbGrr@ya.ru",
    "password": "UqHqeedYZO",
    "name": "pdhXbHTefg"
}
Request method:	POST
Request URI:	https://stellarburgers.nomoreparties.site/api/auth/login
Proxy:			<none>
Request params:	<none>
Query params:	<none>
Form params:	<none>
Path params:	<none>
Headers:		Accept=*/*
				Content-Type=application/json
Cookies:		<none>
Multiparts:		<none>
Body:
{
    "email": "wTojZpbGrr@ya.ru",
    "password": "UqHqeedYZO",
    "name": "pdhXbHTefg"
}
Request method:	POST
Request URI:	https://stellarburgers.nomoreparties.site/api/auth/login
Proxy:			<none>
Request params:	<none>
Query params:	<none>
Form params:	<none>
Path params:	<none>
Headers:		Accept=*/*
				Content-Type=application/json
Cookies:		<none>
Multiparts:		<none>
Body:
{
    "email": "wTojZpbGrr@ya.ru",
    "password": "UqHqeedYZO",
    "name": "pdhXbHTefg"
}
Request method:	POST
Request URI:	https://stellarburgers.nomoreparties.site/api/auth/login
Proxy:			<none>
Request params:	<none>
Query params:	<none>
Form params:	<none>
Path params:	<none>
Headers:		Accept=*/*
				Content-Type=application/json
Cookies:		<none>
Multiparts:		<none>
Body:
{
    "email": "wTojZpbGrr@ya.ru",
    "password": "UqHqeedYZO",
    "name": "pdhXbHTefg"
}
Request method:	POST
Request URI:	https://stellarburgers.nomoreparties.site/api/auth/login
Proxy:			<none>
Request params:	<none>
Query params:	<none>
Form params:	<none>
Path params:	<none>
Headers:		Accept=*/*
				Content-Type=application/json
Cookies:		<none>
Multiparts:		<none>
Body:
{
    "email": "wTojZpbGrr@ya.ru",
    "password": "UqHqeedYZO",
    "name": "pdhXbHTefg"
}
Request method:	POST
Request URI:	https://stellarburgers.nomoreparties.site/api/auth/login
Proxy:			<none>
Request params:	<none>
Query params:	<none>
Form params:	<none>
Path params:	<none>
Headers:		Accept=*/*
				Content-Type=application/json
Cookies:		<none>
Multiparts:		<none>
Body:
{
    "email": "wTojZpbGrr@ya.ru",
    "password": "UqHqeedYZO",
    "name": "pdhXbHTefg"
}
Request method:	POST
Request URI:	https://stellarburgers.nomoreparties.site/api/auth/login
Proxy:			<none>
Request params:	<none>
Query params:	<none>
Form params:	<none>
Path params:	<none>
Headers:		Accept=*/*
				Content-Type=application/json
Cookies:		<none>
Multiparts:		<none>
Body:
{
    "email": "wTojZpbGrr@ya.ru",
    "password": "UqHqeedYZO",
    "name": "pdhXbHTefg"
}
Request method:	POST
Request URI:	https://stellarburgers.nomoreparties.site/api/auth/login
Proxy:			<none>
Request params:	<none>
Query params:	<none>
Form params:	<none>
Path params:	<none>
Headers:		Accept=*/*
				Content-Type=application/json
Cookies:		<none>
Multiparts:		<none>
Body:
{
    "email": "wTojZpbGrr@ya.ru",
    "password": "UqHqeedYZO",
    "name": "pdhXbHTefg"
}
Request method:	POST
Request URI:	https://stellarburgers.nomoreparties.site/api/auth/login
Proxy:			<none>
Request params:	<none>
Query params:	<none>
Form params:	<none>
Path params:	<none>
Headers:		Accept=*/*
				Content-Type=application/json
Cookies:		<none>
Multiparts:		<none>
Body:
{
    "email": "wTojZpbGrr@ya.ru",
    "password": "UqHqeedYZO",
    "name": "pdhXbHTefg"
}
Request method:	POST
Request URI:	https://stellarburgers.nomoreparties.site/api/auth/login
Proxy:			<none>
Request params:	<none>
Query params:	<none>
Form params:	<none>
Path params:	<none>
Headers:		Accept=*/*
				Content-Type=application/json
Cookies:		<none>
Multiparts:		<none>
Body:
{
    "email": "wTojZpbGrr@ya.ru",
    "password": "UqHqeedYZO",
    "name": "pdhXbHTefg"
}
Request method:	POST
Request URI:	https://stellarburgers.nomoreparties.site/api/auth/login
Proxy:			<none>
Request params:	<none>
Query params:	<none>
Form params:	<none>
Path params:	<none>
Headers:		Accept=*/*
				Content-Type=application/json
Cookies:		<none>
Multiparts:		<none>
Body:
{
    "email": "wTojZpbGrr@ya.ru",
    "password": "UqHqeedYZO",
    "name": "pdhXbHTefg"
}
Request method:	POST
Request URI:	https://stellarburgers.nomoreparties.site/api/auth/login
Proxy:			<none>
Request params:	<none>
Query params:	<none>
Form params:	<none>
Path params:	<none>
Headers:		Accept=*/*
				Content-Type=application/json
Cookies:		<none>
Multiparts:		<none>
Body:
{
    "email": "wTojZpbGrr@ya.ru",
    "password": "UqHqeedYZO",
    "name": "pdhXbHTefg"
}
Request method:	POST
Request URI:	https://stellarburgers.nomoreparties.site/api/auth/login
Proxy:			<none>
Request params:	<none>
Query params:	<none>
Form params:	<none>
Path params:	<none>
Headers:		Accept=*/*
				Content-Type=application/json
Cookies:		<none>
Multiparts:		<none>
Body:
{
    "email": "wTojZpbGrr@ya.ru",
    "password": "UqHqeedYZO",
    "name": "pdhXbHTefg"
}
Request method:	POST
Request URI:	https://stellarburgers.nomoreparties.site/api/auth/login
Proxy:			<none>
Request params:	<none>
Query params:	<none>
Form params:	<none>
Path params:	<none>
Headers:		Accept=*/*
				Content-Type=application/json
Cookies:		<none>
Multiparts:		<none>
Body:
{
    "email": "wTojZpbGrr@ya.ru",
    "password": "UqHqeedYZO",
    "name": "pdhXbHTefg"
}
Request method:	POST
Request URI:	https://stellarburgers.nomoreparties.site/api/auth/login
Proxy:			<none>
Request params:	<none>
Query params:	<none>
Form params:	<none>
Path params:	<none>
Headers:		Accept=*/*
				Content-Type=application/json
Cookies:		<none>
Multiparts:		<none>
Body:
{
    "email": "wTojZpbGrr@ya.ru",
    "password": "UqHqeedYZO",
    "name": "pdhXbHTefg"
}
Request method:	POST
Request URI:	https://stellarburgers.nomoreparties.site/api/auth/login
Proxy:			<none>
Request params:	<none>
Query params:	<none>
Form params:	<none>
Path params:	<none>
Headers:		Accept=*/*
				Content-Type=application/json
Cookies:		<none>
Multiparts:		<none>
Body:
{
    "email": "wTojZpbGrr@ya.ru",
    "password": "UqHqeedYZO",
    "name": "pdhXbHTefg"
}
Request method:	POST
Request URI:	https://stellarburgers.nomoreparties.site/api/auth/login
Proxy:			<none>
Request params:	<none>
Query params:	<none>
Form params:	<none>
Path params:	<none>
Headers:		Accept=*/*
				Content-Type=application/json
Cookies:		<none>
Multiparts:		<none>
Body:
{
    "email": "wTojZpbGrr@ya.ru",
    "password": "UqHqeedYZO",
    "name": "pdhXbHTefg"
}
Request method:	POST
Request URI:	https://stellarburgers.nomoreparties.site/api/auth/login
Proxy:			<none>
Request params:	<none>
Query params:	<none>
Form params:	<none>
Path params:	<none>
Headers:		Accept=*/*
				Content-Type=application/json
Cookies:		<none>
Multiparts:		<none>
Body:
{
    "email": "wTojZpbGrr@ya.ru",
    "password": "UqHqeedYZO",
    "name": "pdhXbHTefg"
}
Request method:	POST
Request URI:	https://stellarburgers.nomoreparties.site/api/auth/login
Proxy:			<none>
Request params:	<none>
Query params:	<none>
Form params:	<none>
Path params:	<none>
Headers:		Accept=*/*
				Content-Type=application/json
Cookies:		<none>
Multiparts:		<none>
Body:
{
    "email": "wTojZpbGrr@ya.ru",
    "password": "UqHqeedYZO",
    "name": "pdhXbHTefg"
}
Request method:	POST
Request URI:	https://stellarburgers.nomoreparties.site/api/auth/login
Proxy:			<none>
Request params:	<none>
Query params:	<none>
Form params:	<none>
Path params:	<none>
Headers:		Accept=*/*
				Content-Type=application/json
Cookies:		<none>
Multiparts:		<none>
Body:
{
    "email": "wTojZpbGrr@ya.ru",
    "password": "UqHqeedYZO",
    "name": "pdhXbHTefg"
}
Request method:	POST
Request URI:	https://stellarburgers.nomoreparties.site/api/auth/login
Proxy:			<none>
Request params:	<none>
Query params:	<none>
Form params:	<none>
Path params:	<none>
Headers:		Accept=*/*
				Content-Type=application/json
Cookies:		<none>
Multiparts:		<none>
Body:
{
    "email": "wTojZpbGrr@ya.ru",
    "password": "UqHqeedYZO",
    "name": "pdhXbHTefg"
}
Request method:	POST
Request URI:	https://stellarburgers.nomoreparties.site/api/auth/login
Proxy:			<none>
Request params:	<none>
Query params:	<none>
Form params:	<none>
Path params:	<none>
Headers:		Accept=*/*
				Content-Type=application/json
Cookies:		<none>
Multiparts:		<none>
Body:
{
    "email": "wTojZpbGrr@ya.ru",
    "password": "UqHqeedYZO",
    "name": "pdhXbHTefg"
}
Request method:	POST
Request URI:	https://stellarburgers.nomoreparties.site/api/auth/login
Proxy:			<none>
Request params:	<none>
Query params:	<none>
Form params:	<none>
Path params:	<none>
Headers:		Accept=*/*
				Content-Type=application/json
Cookies:		<none>
Multiparts:		<none>
Body:
{
    "email": "wTojZpbGrr@ya.ru",
    "password": "UqHqeedYZO",
    "name": "pdhXbHTefg"
}
HTTP/1.1 200 OK
Date: Sun, 30 Jun 2024 15:27:45 GMT
Content-Type: application/json; charset=utf-8
Transfer-Encoding: chunked
Connection: keep-alive
X-Powered-By: Express
Access-Control-Allow-Origin: *
ETag: W/"16d-ycXA5pL29XTbJCA3p84NO/Cz0WY"
CF-Cache-Status: DYNAMIC
Report-To: {"endpoints":[{"url":"https:\/\/a.nel.cloudflare.com\/report\/v4?s=MYIgBWvrFaD3q5nVfvrht09cmTtcmRccwxZjXnPgVL82bM9OZuz09yzqBPQFi8onFI2YGMeDvs7LEbwSh0%2Bh33nDag6Kh%2FoN9Rp6wheA59ko%2B3WrTqX%2FgcAX0OkndIzk9lt6ZK1GzzAZ62Ipi3V3f7QI2dA%3D"}],"group":"cf-nel","max_age":604800}
NEL: {"success_fraction":0,"report_to":"cf-nel","max_age":604800}
Server: cloudflare
CF-RAY: 89bf2ea57a08655d-AMS
Content-Encoding: gzip
alt-svc: h3=":443"; ma=86400

{
    "success": true,
    "accessToken": "Bearer eyJhbGciOiJIUzI1NiIsInR5cCI6IkpXVCJ9.eyJpZCI6IjY2ODE3OTcwOWVkMjgwMDAxYjQ1OTYwYyIsImlhdCI6MTcxOTc2MTI2NSwiZXhwIjoxNzE5NzYyNDY1fQ.6VEH-LsF8i8qUGJjiB-gQJC93Y-m0fzYLFah3pBtay4",
    "refreshToken": "0d3f3664d920a033ea00570ed0e19f4d3270a54610b6fbe80dad7e3864c575faa4c0b587fe60ec07",
    "user": {
        "email": "wtojzpbgrr@ya.ru",
        "name": "pdhXbHTefg"
    }
}
HTTP/1.1 200 OK
Date: Sun, 30 Jun 2024 15:27:45 GMT
Content-Type: application/json; charset=utf-8
Transfer-Encoding: chunked
Connection: keep-alive
X-Powered-By: Express
Access-Control-Allow-Origin: *
ETag: W/"16d-ycXA5pL29XTbJCA3p84NO/Cz0WY"
CF-Cache-Status: DYNAMIC
Report-To: {"endpoints":[{"url":"https:\/\/a.nel.cloudflare.com\/report\/v4?s=MYIgBWvrFaD3q5nVfvrht09cmTtcmRccwxZjXnPgVL82bM9OZuz09yzqBPQFi8onFI2YGMeDvs7LEbwSh0%2Bh33nDag6Kh%2FoN9Rp6wheA59ko%2B3WrTqX%2FgcAX0OkndIzk9lt6ZK1GzzAZ62Ipi3V3f7QI2dA%3D"}],"group":"cf-nel","max_age":604800}
NEL: {"success_fraction":0,"report_to":"cf-nel","max_age":604800}
Server: cloudflare
CF-RAY: 89bf2ea57a08655d-AMS
Content-Encoding: gzip
alt-svc: h3=":443"; ma=86400

{
    "success": true,
    "accessToken": "Bearer eyJhbGciOiJIUzI1NiIsInR5cCI6IkpXVCJ9.eyJpZCI6IjY2ODE3OTcwOWVkMjgwMDAxYjQ1OTYwYyIsImlhdCI6MTcxOTc2MTI2NSwiZXhwIjoxNzE5NzYyNDY1fQ.6VEH-LsF8i8qUGJjiB-gQJC93Y-m0fzYLFah3pBtay4",
    "refreshToken": "0d3f3664d920a033ea00570ed0e19f4d3270a54610b6fbe80dad7e3864c575faa4c0b587fe60ec07",
    "user": {
        "email": "wtojzpbgrr@ya.ru",
        "name": "pdhXbHTefg"
    }
}
HTTP/1.1 200 OK
Date: Sun, 30 Jun 2024 15:27:45 GMT
Content-Type: application/json; charset=utf-8
Transfer-Encoding: chunked
Connection: keep-alive
X-Powered-By: Express
Access-Control-Allow-Origin: *
ETag: W/"16d-ycXA5pL29XTbJCA3p84NO/Cz0WY"
CF-Cache-Status: DYNAMIC
Report-To: {"endpoints":[{"url":"https:\/\/a.nel.cloudflare.com\/report\/v4?s=MYIgBWvrFaD3q5nVfvrht09cmTtcmRccwxZjXnPgVL82bM9OZuz09yzqBPQFi8onFI2YGMeDvs7LEbwSh0%2Bh33nDag6Kh%2FoN9Rp6wheA59ko%2B3WrTqX%2FgcAX0OkndIzk9lt6ZK1GzzAZ62Ipi3V3f7QI2dA%3D"}],"group":"cf-nel","max_age":604800}
NEL: {"success_fraction":0,"report_to":"cf-nel","max_age":604800}
Server: cloudflare
CF-RAY: 89bf2ea57a08655d-AMS
Content-Encoding: gzip
alt-svc: h3=":443"; ma=86400

{
    "success": true,
    "accessToken": "Bearer eyJhbGciOiJIUzI1NiIsInR5cCI6IkpXVCJ9.eyJpZCI6IjY2ODE3OTcwOWVkMjgwMDAxYjQ1OTYwYyIsImlhdCI6MTcxOTc2MTI2NSwiZXhwIjoxNzE5NzYyNDY1fQ.6VEH-LsF8i8qUGJjiB-gQJC93Y-m0fzYLFah3pBtay4",
    "refreshToken": "0d3f3664d920a033ea00570ed0e19f4d3270a54610b6fbe80dad7e3864c575faa4c0b587fe60ec07",
    "user": {
        "email": "wtojzpbgrr@ya.ru",
        "name": "pdhXbHTefg"
    }
}
HTTP/1.1 200 OK
Date: Sun, 30 Jun 2024 15:27:45 GMT
Content-Type: application/json; charset=utf-8
Transfer-Encoding: chunked
Connection: keep-alive
X-Powered-By: Express
Access-Control-Allow-Origin: *
ETag: W/"16d-ycXA5pL29XTbJCA3p84NO/Cz0WY"
CF-Cache-Status: DYNAMIC
Report-To: {"endpoints":[{"url":"https:\/\/a.nel.cloudflare.com\/report\/v4?s=MYIgBWvrFaD3q5nVfvrht09cmTtcmRccwxZjXnPgVL82bM9OZuz09yzqBPQFi8onFI2YGMeDvs7LEbwSh0%2Bh33nDag6Kh%2FoN9Rp6wheA59ko%2B3WrTqX%2FgcAX0OkndIzk9lt6ZK1GzzAZ62Ipi3V3f7QI2dA%3D"}],"group":"cf-nel","max_age":604800}
NEL: {"success_fraction":0,"report_to":"cf-nel","max_age":604800}
Server: cloudflare
CF-RAY: 89bf2ea57a08655d-AMS
Content-Encoding: gzip
alt-svc: h3=":443"; ma=86400

{
    "success": true,
    "accessToken": "Bearer eyJhbGciOiJIUzI1NiIsInR5cCI6IkpXVCJ9.eyJpZCI6IjY2ODE3OTcwOWVkMjgwMDAxYjQ1OTYwYyIsImlhdCI6MTcxOTc2MTI2NSwiZXhwIjoxNzE5NzYyNDY1fQ.6VEH-LsF8i8qUGJjiB-gQJC93Y-m0fzYLFah3pBtay4",
    "refreshToken": "0d3f3664d920a033ea00570ed0e19f4d3270a54610b6fbe80dad7e3864c575faa4c0b587fe60ec07",
    "user": {
        "email": "wtojzpbgrr@ya.ru",
        "name": "pdhXbHTefg"
    }
}
HTTP/1.1 200 OK
Date: Sun, 30 Jun 2024 15:27:45 GMT
Content-Type: application/json; charset=utf-8
Transfer-Encoding: chunked
Connection: keep-alive
X-Powered-By: Express
Access-Control-Allow-Origin: *
ETag: W/"16d-ycXA5pL29XTbJCA3p84NO/Cz0WY"
CF-Cache-Status: DYNAMIC
Report-To: {"endpoints":[{"url":"https:\/\/a.nel.cloudflare.com\/report\/v4?s=MYIgBWvrFaD3q5nVfvrht09cmTtcmRccwxZjXnPgVL82bM9OZuz09yzqBPQFi8onFI2YGMeDvs7LEbwSh0%2Bh33nDag6Kh%2FoN9Rp6wheA59ko%2B3WrTqX%2FgcAX0OkndIzk9lt6ZK1GzzAZ62Ipi3V3f7QI2dA%3D"}],"group":"cf-nel","max_age":604800}
NEL: {"success_fraction":0,"report_to":"cf-nel","max_age":604800}
Server: cloudflare
CF-RAY: 89bf2ea57a08655d-AMS
Content-Encoding: gzip
alt-svc: h3=":443"; ma=86400

{
    "success": true,
    "accessToken": "Bearer eyJhbGciOiJIUzI1NiIsInR5cCI6IkpXVCJ9.eyJpZCI6IjY2ODE3OTcwOWVkMjgwMDAxYjQ1OTYwYyIsImlhdCI6MTcxOTc2MTI2NSwiZXhwIjoxNzE5NzYyNDY1fQ.6VEH-LsF8i8qUGJjiB-gQJC93Y-m0fzYLFah3pBtay4",
    "refreshToken": "0d3f3664d920a033ea00570ed0e19f4d3270a54610b6fbe80dad7e3864c575faa4c0b587fe60ec07",
    "user": {
        "email": "wtojzpbgrr@ya.ru",
        "name": "pdhXbHTefg"
    }
}
HTTP/1.1 200 OK
Date: Sun, 30 Jun 2024 15:27:45 GMT
Content-Type: application/json; charset=utf-8
Transfer-Encoding: chunked
Connection: keep-alive
X-Powered-By: Express
Access-Control-Allow-Origin: *
ETag: W/"16d-ycXA5pL29XTbJCA3p84NO/Cz0WY"
CF-Cache-Status: DYNAMIC
Report-To: {"endpoints":[{"url":"https:\/\/a.nel.cloudflare.com\/report\/v4?s=MYIgBWvrFaD3q5nVfvrht09cmTtcmRccwxZjXnPgVL82bM9OZuz09yzqBPQFi8onFI2YGMeDvs7LEbwSh0%2Bh33nDag6Kh%2FoN9Rp6wheA59ko%2B3WrTqX%2FgcAX0OkndIzk9lt6ZK1GzzAZ62Ipi3V3f7QI2dA%3D"}],"group":"cf-nel","max_age":604800}
NEL: {"success_fraction":0,"report_to":"cf-nel","max_age":604800}
Server: cloudflare
CF-RAY: 89bf2ea57a08655d-AMS
Content-Encoding: gzip
alt-svc: h3=":443"; ma=86400

{
    "success": true,
    "accessToken": "Bearer eyJhbGciOiJIUzI1NiIsInR5cCI6IkpXVCJ9.eyJpZCI6IjY2ODE3OTcwOWVkMjgwMDAxYjQ1OTYwYyIsImlhdCI6MTcxOTc2MTI2NSwiZXhwIjoxNzE5NzYyNDY1fQ.6VEH-LsF8i8qUGJjiB-gQJC93Y-m0fzYLFah3pBtay4",
    "refreshToken": "0d3f3664d920a033ea00570ed0e19f4d3270a54610b6fbe80dad7e3864c575faa4c0b587fe60ec07",
    "user": {
        "email": "wtojzpbgrr@ya.ru",
        "name": "pdhXbHTefg"
    }
}
HTTP/1.1 200 OK
Date: Sun, 30 Jun 2024 15:27:45 GMT
Content-Type: application/json; charset=utf-8
Transfer-Encoding: chunked
Connection: keep-alive
X-Powered-By: Express
Access-Control-Allow-Origin: *
ETag: W/"16d-ycXA5pL29XTbJCA3p84NO/Cz0WY"
CF-Cache-Status: DYNAMIC
Report-To: {"endpoints":[{"url":"https:\/\/a.nel.cloudflare.com\/report\/v4?s=MYIgBWvrFaD3q5nVfvrht09cmTtcmRccwxZjXnPgVL82bM9OZuz09yzqBPQFi8onFI2YGMeDvs7LEbwSh0%2Bh33nDag6Kh%2FoN9Rp6wheA59ko%2B3WrTqX%2FgcAX0OkndIzk9lt6ZK1GzzAZ62Ipi3V3f7QI2dA%3D"}],"group":"cf-nel","max_age":604800}
NEL: {"success_fraction":0,"report_to":"cf-nel","max_age":604800}
Server: cloudflare
CF-RAY: 89bf2ea57a08655d-AMS
Content-Encoding: gzip
alt-svc: h3=":443"; ma=86400

{
    "success": true,
    "accessToken": "Bearer eyJhbGciOiJIUzI1NiIsInR5cCI6IkpXVCJ9.eyJpZCI6IjY2ODE3OTcwOWVkMjgwMDAxYjQ1OTYwYyIsImlhdCI6MTcxOTc2MTI2NSwiZXhwIjoxNzE5NzYyNDY1fQ.6VEH-LsF8i8qUGJjiB-gQJC93Y-m0fzYLFah3pBtay4",
    "refreshToken": "0d3f3664d920a033ea00570ed0e19f4d3270a54610b6fbe80dad7e3864c575faa4c0b587fe60ec07",
    "user": {
        "email": "wtojzpbgrr@ya.ru",
        "name": "pdhXbHTefg"
    }
}
HTTP/1.1 200 OK
Date: Sun, 30 Jun 2024 15:27:45 GMT
Content-Type: application/json; charset=utf-8
Transfer-Encoding: chunked
Connection: keep-alive
X-Powered-By: Express
Access-Control-Allow-Origin: *
ETag: W/"16d-ycXA5pL29XTbJCA3p84NO/Cz0WY"
CF-Cache-Status: DYNAMIC
Report-To: {"endpoints":[{"url":"https:\/\/a.nel.cloudflare.com\/report\/v4?s=MYIgBWvrFaD3q5nVfvrht09cmTtcmRccwxZjXnPgVL82bM9OZuz09yzqBPQFi8onFI2YGMeDvs7LEbwSh0%2Bh33nDag6Kh%2FoN9Rp6wheA59ko%2B3WrTqX%2FgcAX0OkndIzk9lt6ZK1GzzAZ62Ipi3V3f7QI2dA%3D"}],"group":"cf-nel","max_age":604800}
NEL: {"success_fraction":0,"report_to":"cf-nel","max_age":604800}
Server: cloudflare
CF-RAY: 89bf2ea57a08655d-AMS
Content-Encoding: gzip
alt-svc: h3=":443"; ma=86400

{
    "success": true,
    "accessToken": "Bearer eyJhbGciOiJIUzI1NiIsInR5cCI6IkpXVCJ9.eyJpZCI6IjY2ODE3OTcwOWVkMjgwMDAxYjQ1OTYwYyIsImlhdCI6MTcxOTc2MTI2NSwiZXhwIjoxNzE5NzYyNDY1fQ.6VEH-LsF8i8qUGJjiB-gQJC93Y-m0fzYLFah3pBtay4",
    "refreshToken": "0d3f3664d920a033ea00570ed0e19f4d3270a54610b6fbe80dad7e3864c575faa4c0b587fe60ec07",
    "user": {
        "email": "wtojzpbgrr@ya.ru",
        "name": "pdhXbHTefg"
    }
}
HTTP/1.1 200 OK
Date: Sun, 30 Jun 2024 15:27:45 GMT
Content-Type: application/json; charset=utf-8
Transfer-Encoding: chunked
Connection: keep-alive
X-Powered-By: Express
Access-Control-Allow-Origin: *
ETag: W/"16d-ycXA5pL29XTbJCA3p84NO/Cz0WY"
CF-Cache-Status: DYNAMIC
Report-To: {"endpoints":[{"url":"https:\/\/a.nel.cloudflare.com\/report\/v4?s=MYIgBWvrFaD3q5nVfvrht09cmTtcmRccwxZjXnPgVL82bM9OZuz09yzqBPQFi8onFI2YGMeDvs7LEbwSh0%2Bh33nDag6Kh%2FoN9Rp6wheA59ko%2B3WrTqX%2FgcAX0OkndIzk9lt6ZK1GzzAZ62Ipi3V3f7QI2dA%3D"}],"group":"cf-nel","max_age":604800}
NEL: {"success_fraction":0,"report_to":"cf-nel","max_age":604800}
Server: cloudflare
CF-RAY: 89bf2ea57a08655d-AMS
Content-Encoding: gzip
alt-svc: h3=":443"; ma=86400

{
    "success": true,
    "accessToken": "Bearer eyJhbGciOiJIUzI1NiIsInR5cCI6IkpXVCJ9.eyJpZCI6IjY2ODE3OTcwOWVkMjgwMDAxYjQ1OTYwYyIsImlhdCI6MTcxOTc2MTI2NSwiZXhwIjoxNzE5NzYyNDY1fQ.6VEH-LsF8i8qUGJjiB-gQJC93Y-m0fzYLFah3pBtay4",
    "refreshToken": "0d3f3664d920a033ea00570ed0e19f4d3270a54610b6fbe80dad7e3864c575faa4c0b587fe60ec07",
    "user": {
        "email": "wtojzpbgrr@ya.ru",
        "name": "pdhXbHTefg"
    }
}
HTTP/1.1 200 OK
Date: Sun, 30 Jun 2024 15:27:45 GMT
Content-Type: application/json; charset=utf-8
Transfer-Encoding: chunked
Connection: keep-alive
X-Powered-By: Express
Access-Control-Allow-Origin: *
ETag: W/"16d-ycXA5pL29XTbJCA3p84NO/Cz0WY"
CF-Cache-Status: DYNAMIC
Report-To: {"endpoints":[{"url":"https:\/\/a.nel.cloudflare.com\/report\/v4?s=MYIgBWvrFaD3q5nVfvrht09cmTtcmRccwxZjXnPgVL82bM9OZuz09yzqBPQFi8onFI2YGMeDvs7LEbwSh0%2Bh33nDag6Kh%2FoN9Rp6wheA59ko%2B3WrTqX%2FgcAX0OkndIzk9lt6ZK1GzzAZ62Ipi3V3f7QI2dA%3D"}],"group":"cf-nel","max_age":604800}
NEL: {"success_fraction":0,"report_to":"cf-nel","max_age":604800}
Server: cloudflare
CF-RAY: 89bf2ea57a08655d-AMS
Content-Encoding: gzip
alt-svc: h3=":443"; ma=86400

{
    "success": true,
    "accessToken": "Bearer eyJhbGciOiJIUzI1NiIsInR5cCI6IkpXVCJ9.eyJpZCI6IjY2ODE3OTcwOWVkMjgwMDAxYjQ1OTYwYyIsImlhdCI6MTcxOTc2MTI2NSwiZXhwIjoxNzE5NzYyNDY1fQ.6VEH-LsF8i8qUGJjiB-gQJC93Y-m0fzYLFah3pBtay4",
    "refreshToken": "0d3f3664d920a033ea00570ed0e19f4d3270a54610b6fbe80dad7e3864c575faa4c0b587fe60ec07",
    "user": {
        "email": "wtojzpbgrr@ya.ru",
        "name": "pdhXbHTefg"
    }
}
HTTP/1.1 200 OK
Date: Sun, 30 Jun 2024 15:27:45 GMT
Content-Type: application/json; charset=utf-8
Transfer-Encoding: chunked
Connection: keep-alive
X-Powered-By: Express
Access-Control-Allow-Origin: *
ETag: W/"16d-ycXA5pL29XTbJCA3p84NO/Cz0WY"
CF-Cache-Status: DYNAMIC
Report-To: {"endpoints":[{"url":"https:\/\/a.nel.cloudflare.com\/report\/v4?s=MYIgBWvrFaD3q5nVfvrht09cmTtcmRccwxZjXnPgVL82bM9OZuz09yzqBPQFi8onFI2YGMeDvs7LEbwSh0%2Bh33nDag6Kh%2FoN9Rp6wheA59ko%2B3WrTqX%2FgcAX0OkndIzk9lt6ZK1GzzAZ62Ipi3V3f7QI2dA%3D"}],"group":"cf-nel","max_age":604800}
NEL: {"success_fraction":0,"report_to":"cf-nel","max_age":604800}
Server: cloudflare
CF-RAY: 89bf2ea57a08655d-AMS
Content-Encoding: gzip
alt-svc: h3=":443"; ma=86400

{
    "success": true,
    "accessToken": "Bearer eyJhbGciOiJIUzI1NiIsInR5cCI6IkpXVCJ9.eyJpZCI6IjY2ODE3OTcwOWVkMjgwMDAxYjQ1OTYwYyIsImlhdCI6MTcxOTc2MTI2NSwiZXhwIjoxNzE5NzYyNDY1fQ.6VEH-LsF8i8qUGJjiB-gQJC93Y-m0fzYLFah3pBtay4",
    "refreshToken": "0d3f3664d920a033ea00570ed0e19f4d3270a54610b6fbe80dad7e3864c575faa4c0b587fe60ec07",
    "user": {
        "email": "wtojzpbgrr@ya.ru",
        "name": "pdhXbHTefg"
    }
}
HTTP/1.1 200 OK
Date: Sun, 30 Jun 2024 15:27:45 GMT
Content-Type: application/json; charset=utf-8
Transfer-Encoding: chunked
Connection: keep-alive
X-Powered-By: Express
Access-Control-Allow-Origin: *
ETag: W/"16d-ycXA5pL29XTbJCA3p84NO/Cz0WY"
CF-Cache-Status: DYNAMIC
Report-To: {"endpoints":[{"url":"https:\/\/a.nel.cloudflare.com\/report\/v4?s=MYIgBWvrFaD3q5nVfvrht09cmTtcmRccwxZjXnPgVL82bM9OZuz09yzqBPQFi8onFI2YGMeDvs7LEbwSh0%2Bh33nDag6Kh%2FoN9Rp6wheA59ko%2B3WrTqX%2FgcAX0OkndIzk9lt6ZK1GzzAZ62Ipi3V3f7QI2dA%3D"}],"group":"cf-nel","max_age":604800}
NEL: {"success_fraction":0,"report_to":"cf-nel","max_age":604800}
Server: cloudflare
CF-RAY: 89bf2ea57a08655d-AMS
Content-Encoding: gzip
alt-svc: h3=":443"; ma=86400

{
    "success": true,
    "accessToken": "Bearer eyJhbGciOiJIUzI1NiIsInR5cCI6IkpXVCJ9.eyJpZCI6IjY2ODE3OTcwOWVkMjgwMDAxYjQ1OTYwYyIsImlhdCI6MTcxOTc2MTI2NSwiZXhwIjoxNzE5NzYyNDY1fQ.6VEH-LsF8i8qUGJjiB-gQJC93Y-m0fzYLFah3pBtay4",
    "refreshToken": "0d3f3664d920a033ea00570ed0e19f4d3270a54610b6fbe80dad7e3864c575faa4c0b587fe60ec07",
    "user": {
        "email": "wtojzpbgrr@ya.ru",
        "name": "pdhXbHTefg"
    }
}
HTTP/1.1 200 OK
Date: Sun, 30 Jun 2024 15:27:45 GMT
Content-Type: application/json; charset=utf-8
Transfer-Encoding: chunked
Connection: keep-alive
X-Powered-By: Express
Access-Control-Allow-Origin: *
ETag: W/"16d-ycXA5pL29XTbJCA3p84NO/Cz0WY"
CF-Cache-Status: DYNAMIC
Report-To: {"endpoints":[{"url":"https:\/\/a.nel.cloudflare.com\/report\/v4?s=MYIgBWvrFaD3q5nVfvrht09cmTtcmRccwxZjXnPgVL82bM9OZuz09yzqBPQFi8onFI2YGMeDvs7LEbwSh0%2Bh33nDag6Kh%2FoN9Rp6wheA59ko%2B3WrTqX%2FgcAX0OkndIzk9lt6ZK1GzzAZ62Ipi3V3f7QI2dA%3D"}],"group":"cf-nel","max_age":604800}
NEL: {"success_fraction":0,"report_to":"cf-nel","max_age":604800}
Server: cloudflare
CF-RAY: 89bf2ea57a08655d-AMS
Content-Encoding: gzip
alt-svc: h3=":443"; ma=86400

{
    "success": true,
    "accessToken": "Bearer eyJhbGciOiJIUzI1NiIsInR5cCI6IkpXVCJ9.eyJpZCI6IjY2ODE3OTcwOWVkMjgwMDAxYjQ1OTYwYyIsImlhdCI6MTcxOTc2MTI2NSwiZXhwIjoxNzE5NzYyNDY1fQ.6VEH-LsF8i8qUGJjiB-gQJC93Y-m0fzYLFah3pBtay4",
    "refreshToken": "0d3f3664d920a033ea00570ed0e19f4d3270a54610b6fbe80dad7e3864c575faa4c0b587fe60ec07",
    "user": {
        "email": "wtojzpbgrr@ya.ru",
        "name": "pdhXbHTefg"
    }
}
HTTP/1.1 200 OK
Date: Sun, 30 Jun 2024 15:27:45 GMT
Content-Type: application/json; charset=utf-8
Transfer-Encoding: chunked
Connection: keep-alive
X-Powered-By: Express
Access-Control-Allow-Origin: *
ETag: W/"16d-ycXA5pL29XTbJCA3p84NO/Cz0WY"
CF-Cache-Status: DYNAMIC
Report-To: {"endpoints":[{"url":"https:\/\/a.nel.cloudflare.com\/report\/v4?s=MYIgBWvrFaD3q5nVfvrht09cmTtcmRccwxZjXnPgVL82bM9OZuz09yzqBPQFi8onFI2YGMeDvs7LEbwSh0%2Bh33nDag6Kh%2FoN9Rp6wheA59ko%2B3WrTqX%2FgcAX0OkndIzk9lt6ZK1GzzAZ62Ipi3V3f7QI2dA%3D"}],"group":"cf-nel","max_age":604800}
NEL: {"success_fraction":0,"report_to":"cf-nel","max_age":604800}
Server: cloudflare
CF-RAY: 89bf2ea57a08655d-AMS
Content-Encoding: gzip
alt-svc: h3=":443"; ma=86400

{
    "success": true,
    "accessToken": "Bearer eyJhbGciOiJIUzI1NiIsInR5cCI6IkpXVCJ9.eyJpZCI6IjY2ODE3OTcwOWVkMjgwMDAxYjQ1OTYwYyIsImlhdCI6MTcxOTc2MTI2NSwiZXhwIjoxNzE5NzYyNDY1fQ.6VEH-LsF8i8qUGJjiB-gQJC93Y-m0fzYLFah3pBtay4",
    "refreshToken": "0d3f3664d920a033ea00570ed0e19f4d3270a54610b6fbe80dad7e3864c575faa4c0b587fe60ec07",
    "user": {
        "email": "wtojzpbgrr@ya.ru",
        "name": "pdhXbHTefg"
    }
}
HTTP/1.1 200 OK
Date: Sun, 30 Jun 2024 15:27:45 GMT
Content-Type: application/json; charset=utf-8
Transfer-Encoding: chunked
Connection: keep-alive
X-Powered-By: Express
Access-Control-Allow-Origin: *
ETag: W/"16d-ycXA5pL29XTbJCA3p84NO/Cz0WY"
CF-Cache-Status: DYNAMIC
Report-To: {"endpoints":[{"url":"https:\/\/a.nel.cloudflare.com\/report\/v4?s=MYIgBWvrFaD3q5nVfvrht09cmTtcmRccwxZjXnPgVL82bM9OZuz09yzqBPQFi8onFI2YGMeDvs7LEbwSh0%2Bh33nDag6Kh%2FoN9Rp6wheA59ko%2B3WrTqX%2FgcAX0OkndIzk9lt6ZK1GzzAZ62Ipi3V3f7QI2dA%3D"}],"group":"cf-nel","max_age":604800}
NEL: {"success_fraction":0,"report_to":"cf-nel","max_age":604800}
Server: cloudflare
CF-RAY: 89bf2ea57a08655d-AMS
Content-Encoding: gzip
alt-svc: h3=":443"; ma=86400

{
    "success": true,
    "accessToken": "Bearer eyJhbGciOiJIUzI1NiIsInR5cCI6IkpXVCJ9.eyJpZCI6IjY2ODE3OTcwOWVkMjgwMDAxYjQ1OTYwYyIsImlhdCI6MTcxOTc2MTI2NSwiZXhwIjoxNzE5NzYyNDY1fQ.6VEH-LsF8i8qUGJjiB-gQJC93Y-m0fzYLFah3pBtay4",
    "refreshToken": "0d3f3664d920a033ea00570ed0e19f4d3270a54610b6fbe80dad7e3864c575faa4c0b587fe60ec07",
    "user": {
        "email": "wtojzpbgrr@ya.ru",
        "name": "pdhXbHTefg"
    }
}
HTTP/1.1 200 OK
Date: Sun, 30 Jun 2024 15:27:45 GMT
Content-Type: application/json; charset=utf-8
Transfer-Encoding: chunked
Connection: keep-alive
X-Powered-By: Express
Access-Control-Allow-Origin: *
ETag: W/"16d-ycXA5pL29XTbJCA3p84NO/Cz0WY"
CF-Cache-Status: DYNAMIC
Report-To: {"endpoints":[{"url":"https:\/\/a.nel.cloudflare.com\/report\/v4?s=MYIgBWvrFaD3q5nVfvrht09cmTtcmRccwxZjXnPgVL82bM9OZuz09yzqBPQFi8onFI2YGMeDvs7LEbwSh0%2Bh33nDag6Kh%2FoN9Rp6wheA59ko%2B3WrTqX%2FgcAX0OkndIzk9lt6ZK1GzzAZ62Ipi3V3f7QI2dA%3D"}],"group":"cf-nel","max_age":604800}
NEL: {"success_fraction":0,"report_to":"cf-nel","max_age":604800}
Server: cloudflare
CF-RAY: 89bf2ea57a08655d-AMS
Content-Encoding: gzip
alt-svc: h3=":443"; ma=86400

{
    "success": true,
    "accessToken": "Bearer eyJhbGciOiJIUzI1NiIsInR5cCI6IkpXVCJ9.eyJpZCI6IjY2ODE3OTcwOWVkMjgwMDAxYjQ1OTYwYyIsImlhdCI6MTcxOTc2MTI2NSwiZXhwIjoxNzE5NzYyNDY1fQ.6VEH-LsF8i8qUGJjiB-gQJC93Y-m0fzYLFah3pBtay4",
    "refreshToken": "0d3f3664d920a033ea00570ed0e19f4d3270a54610b6fbe80dad7e3864c575faa4c0b587fe60ec07",
    "user": {
        "email": "wtojzpbgrr@ya.ru",
        "name": "pdhXbHTefg"
    }
}
HTTP/1.1 200 OK
Date: Sun, 30 Jun 2024 15:27:45 GMT
Content-Type: application/json; charset=utf-8
Transfer-Encoding: chunked
Connection: keep-alive
X-Powered-By: Express
Access-Control-Allow-Origin: *
ETag: W/"16d-ycXA5pL29XTbJCA3p84NO/Cz0WY"
CF-Cache-Status: DYNAMIC
Report-To: {"endpoints":[{"url":"https:\/\/a.nel.cloudflare.com\/report\/v4?s=MYIgBWvrFaD3q5nVfvrht09cmTtcmRccwxZjXnPgVL82bM9OZuz09yzqBPQFi8onFI2YGMeDvs7LEbwSh0%2Bh33nDag6Kh%2FoN9Rp6wheA59ko%2B3WrTqX%2FgcAX0OkndIzk9lt6ZK1GzzAZ62Ipi3V3f7QI2dA%3D"}],"group":"cf-nel","max_age":604800}
NEL: {"success_fraction":0,"report_to":"cf-nel","max_age":604800}
Server: cloudflare
CF-RAY: 89bf2ea57a08655d-AMS
Content-Encoding: gzip
alt-svc: h3=":443"; ma=86400

{
    "success": true,
    "accessToken": "Bearer eyJhbGciOiJIUzI1NiIsInR5cCI6IkpXVCJ9.eyJpZCI6IjY2ODE3OTcwOWVkMjgwMDAxYjQ1OTYwYyIsImlhdCI6MTcxOTc2MTI2NSwiZXhwIjoxNzE5NzYyNDY1fQ.6VEH-LsF8i8qUGJjiB-gQJC93Y-m0fzYLFah3pBtay4",
    "refreshToken": "0d3f3664d920a033ea00570ed0e19f4d3270a54610b6fbe80dad7e3864c575faa4c0b587fe60ec07",
    "user": {
        "email": "wtojzpbgrr@ya.ru",
        "name": "pdhXbHTefg"
    }
}
HTTP/1.1 200 OK
Date: Sun, 30 Jun 2024 15:27:45 GMT
Content-Type: application/json; charset=utf-8
Transfer-Encoding: chunked
Connection: keep-alive
X-Powered-By: Express
Access-Control-Allow-Origin: *
ETag: W/"16d-ycXA5pL29XTbJCA3p84NO/Cz0WY"
CF-Cache-Status: DYNAMIC
Report-To: {"endpoints":[{"url":"https:\/\/a.nel.cloudflare.com\/report\/v4?s=MYIgBWvrFaD3q5nVfvrht09cmTtcmRccwxZjXnPgVL82bM9OZuz09yzqBPQFi8onFI2YGMeDvs7LEbwSh0%2Bh33nDag6Kh%2FoN9Rp6wheA59ko%2B3WrTqX%2FgcAX0OkndIzk9lt6ZK1GzzAZ62Ipi3V3f7QI2dA%3D"}],"group":"cf-nel","max_age":604800}
NEL: {"success_fraction":0,"report_to":"cf-nel","max_age":604800}
Server: cloudflare
CF-RAY: 89bf2ea57a08655d-AMS
Content-Encoding: gzip
alt-svc: h3=":443"; ma=86400

{
    "success": true,
    "accessToken": "Bearer eyJhbGciOiJIUzI1NiIsInR5cCI6IkpXVCJ9.eyJpZCI6IjY2ODE3OTcwOWVkMjgwMDAxYjQ1OTYwYyIsImlhdCI6MTcxOTc2MTI2NSwiZXhwIjoxNzE5NzYyNDY1fQ.6VEH-LsF8i8qUGJjiB-gQJC93Y-m0fzYLFah3pBtay4",
    "refreshToken": "0d3f3664d920a033ea00570ed0e19f4d3270a54610b6fbe80dad7e3864c575faa4c0b587fe60ec07",
    "user": {
        "email": "wtojzpbgrr@ya.ru",
        "name": "pdhXbHTefg"
    }
}
HTTP/1.1 200 OK
Date: Sun, 30 Jun 2024 15:27:45 GMT
Content-Type: application/json; charset=utf-8
Transfer-Encoding: chunked
Connection: keep-alive
X-Powered-By: Express
Access-Control-Allow-Origin: *
ETag: W/"16d-ycXA5pL29XTbJCA3p84NO/Cz0WY"
CF-Cache-Status: DYNAMIC
Report-To: {"endpoints":[{"url":"https:\/\/a.nel.cloudflare.com\/report\/v4?s=MYIgBWvrFaD3q5nVfvrht09cmTtcmRccwxZjXnPgVL82bM9OZuz09yzqBPQFi8onFI2YGMeDvs7LEbwSh0%2Bh33nDag6Kh%2FoN9Rp6wheA59ko%2B3WrTqX%2FgcAX0OkndIzk9lt6ZK1GzzAZ62Ipi3V3f7QI2dA%3D"}],"group":"cf-nel","max_age":604800}
NEL: {"success_fraction":0,"report_to":"cf-nel","max_age":604800}
Server: cloudflare
CF-RAY: 89bf2ea57a08655d-AMS
Content-Encoding: gzip
alt-svc: h3=":443"; ma=86400

{
    "success": true,
    "accessToken": "Bearer eyJhbGciOiJIUzI1NiIsInR5cCI6IkpXVCJ9.eyJpZCI6IjY2ODE3OTcwOWVkMjgwMDAxYjQ1OTYwYyIsImlhdCI6MTcxOTc2MTI2NSwiZXhwIjoxNzE5NzYyNDY1fQ.6VEH-LsF8i8qUGJjiB-gQJC93Y-m0fzYLFah3pBtay4",
    "refreshToken": "0d3f3664d920a033ea00570ed0e19f4d3270a54610b6fbe80dad7e3864c575faa4c0b587fe60ec07",
    "user": {
        "email": "wtojzpbgrr@ya.ru",
        "name": "pdhXbHTefg"
    }
}
HTTP/1.1 200 OK
Date: Sun, 30 Jun 2024 15:27:45 GMT
Content-Type: application/json; charset=utf-8
Transfer-Encoding: chunked
Connection: keep-alive
X-Powered-By: Express
Access-Control-Allow-Origin: *
ETag: W/"16d-ycXA5pL29XTbJCA3p84NO/Cz0WY"
CF-Cache-Status: DYNAMIC
Report-To: {"endpoints":[{"url":"https:\/\/a.nel.cloudflare.com\/report\/v4?s=MYIgBWvrFaD3q5nVfvrht09cmTtcmRccwxZjXnPgVL82bM9OZuz09yzqBPQFi8onFI2YGMeDvs7LEbwSh0%2Bh33nDag6Kh%2FoN9Rp6wheA59ko%2B3WrTqX%2FgcAX0OkndIzk9lt6ZK1GzzAZ62Ipi3V3f7QI2dA%3D"}],"group":"cf-nel","max_age":604800}
NEL: {"success_fraction":0,"report_to":"cf-nel","max_age":604800}
Server: cloudflare
CF-RAY: 89bf2ea57a08655d-AMS
Content-Encoding: gzip
alt-svc: h3=":443"; ma=86400

{
    "success": true,
    "accessToken": "Bearer eyJhbGciOiJIUzI1NiIsInR5cCI6IkpXVCJ9.eyJpZCI6IjY2ODE3OTcwOWVkMjgwMDAxYjQ1OTYwYyIsImlhdCI6MTcxOTc2MTI2NSwiZXhwIjoxNzE5NzYyNDY1fQ.6VEH-LsF8i8qUGJjiB-gQJC93Y-m0fzYLFah3pBtay4",
    "refreshToken": "0d3f3664d920a033ea00570ed0e19f4d3270a54610b6fbe80dad7e3864c575faa4c0b587fe60ec07",
    "user": {
        "email": "wtojzpbgrr@ya.ru",
        "name": "pdhXbHTefg"
    }
}
HTTP/1.1 200 OK
Date: Sun, 30 Jun 2024 15:27:45 GMT
Content-Type: application/json; charset=utf-8
Transfer-Encoding: chunked
Connection: keep-alive
X-Powered-By: Express
Access-Control-Allow-Origin: *
ETag: W/"16d-ycXA5pL29XTbJCA3p84NO/Cz0WY"
CF-Cache-Status: DYNAMIC
Report-To: {"endpoints":[{"url":"https:\/\/a.nel.cloudflare.com\/report\/v4?s=MYIgBWvrFaD3q5nVfvrht09cmTtcmRccwxZjXnPgVL82bM9OZuz09yzqBPQFi8onFI2YGMeDvs7LEbwSh0%2Bh33nDag6Kh%2FoN9Rp6wheA59ko%2B3WrTqX%2FgcAX0OkndIzk9lt6ZK1GzzAZ62Ipi3V3f7QI2dA%3D"}],"group":"cf-nel","max_age":604800}
NEL: {"success_fraction":0,"report_to":"cf-nel","max_age":604800}
Server: cloudflare
CF-RAY: 89bf2ea57a08655d-AMS
Content-Encoding: gzip
alt-svc: h3=":443"; ma=86400

{
    "success": true,
    "accessToken": "Bearer eyJhbGciOiJIUzI1NiIsInR5cCI6IkpXVCJ9.eyJpZCI6IjY2ODE3OTcwOWVkMjgwMDAxYjQ1OTYwYyIsImlhdCI6MTcxOTc2MTI2NSwiZXhwIjoxNzE5NzYyNDY1fQ.6VEH-LsF8i8qUGJjiB-gQJC93Y-m0fzYLFah3pBtay4",
    "refreshToken": "0d3f3664d920a033ea00570ed0e19f4d3270a54610b6fbe80dad7e3864c575faa4c0b587fe60ec07",
    "user": {
        "email": "wtojzpbgrr@ya.ru",
        "name": "pdhXbHTefg"
    }
}
HTTP/1.1 200 OK
Date: Sun, 30 Jun 2024 15:27:45 GMT
Content-Type: application/json; charset=utf-8
Transfer-Encoding: chunked
Connection: keep-alive
X-Powered-By: Express
Access-Control-Allow-Origin: *
ETag: W/"16d-ycXA5pL29XTbJCA3p84NO/Cz0WY"
CF-Cache-Status: DYNAMIC
Report-To: {"endpoints":[{"url":"https:\/\/a.nel.cloudflare.com\/report\/v4?s=MYIgBWvrFaD3q5nVfvrht09cmTtcmRccwxZjXnPgVL82bM9OZuz09yzqBPQFi8onFI2YGMeDvs7LEbwSh0%2Bh33nDag6Kh%2FoN9Rp6wheA59ko%2B3WrTqX%2FgcAX0OkndIzk9lt6ZK1GzzAZ62Ipi3V3f7QI2dA%3D"}],"group":"cf-nel","max_age":604800}
NEL: {"success_fraction":0,"report_to":"cf-nel","max_age":604800}
Server: cloudflare
CF-RAY: 89bf2ea57a08655d-AMS
Content-Encoding: gzip
alt-svc: h3=":443"; ma=86400

{
    "success": true,
    "accessToken": "Bearer eyJhbGciOiJIUzI1NiIsInR5cCI6IkpXVCJ9.eyJpZCI6IjY2ODE3OTcwOWVkMjgwMDAxYjQ1OTYwYyIsImlhdCI6MTcxOTc2MTI2NSwiZXhwIjoxNzE5NzYyNDY1fQ.6VEH-LsF8i8qUGJjiB-gQJC93Y-m0fzYLFah3pBtay4",
    "refreshToken": "0d3f3664d920a033ea00570ed0e19f4d3270a54610b6fbe80dad7e3864c575faa4c0b587fe60ec07",
    "user": {
        "email": "wtojzpbgrr@ya.ru",
        "name": "pdhXbHTefg"
    }
}
HTTP/1.1 200 OK
Date: Sun, 30 Jun 2024 15:27:45 GMT
Content-Type: application/json; charset=utf-8
Transfer-Encoding: chunked
Connection: keep-alive
X-Powered-By: Express
Access-Control-Allow-Origin: *
ETag: W/"16d-ycXA5pL29XTbJCA3p84NO/Cz0WY"
CF-Cache-Status: DYNAMIC
Report-To: {"endpoints":[{"url":"https:\/\/a.nel.cloudflare.com\/report\/v4?s=MYIgBWvrFaD3q5nVfvrht09cmTtcmRccwxZjXnPgVL82bM9OZuz09yzqBPQFi8onFI2YGMeDvs7LEbwSh0%2Bh33nDag6Kh%2FoN9Rp6wheA59ko%2B3WrTqX%2FgcAX0OkndIzk9lt6ZK1GzzAZ62Ipi3V3f7QI2dA%3D"}],"group":"cf-nel","max_age":604800}
NEL: {"success_fraction":0,"report_to":"cf-nel","max_age":604800}
Server: cloudflare
CF-RAY: 89bf2ea57a08655d-AMS
Content-Encoding: gzip
alt-svc: h3=":443"; ma=86400

{
    "success": true,
    "accessToken": "Bearer eyJhbGciOiJIUzI1NiIsInR5cCI6IkpXVCJ9.eyJpZCI6IjY2ODE3OTcwOWVkMjgwMDAxYjQ1OTYwYyIsImlhdCI6MTcxOTc2MTI2NSwiZXhwIjoxNzE5NzYyNDY1fQ.6VEH-LsF8i8qUGJjiB-gQJC93Y-m0fzYLFah3pBtay4",
    "refreshToken": "0d3f3664d920a033ea00570ed0e19f4d3270a54610b6fbe80dad7e3864c575faa4c0b587fe60ec07",
    "user": {
        "email": "wtojzpbgrr@ya.ru",
        "name": "pdhXbHTefg"
    }
}
Request method:	DELETE
Request URI:	https://stellarburgers.nomoreparties.site/api/auth/user
Proxy:			<none>
Request params:	<none>
Query params:	<none>
Form params:	<none>
Path params:	<none>
Headers:		authorization=Bearer eyJhbGciOiJIUzI1NiIsInR5cCI6IkpXVCJ9.eyJpZCI6IjY2ODE3OTcwOWVkMjgwMDAxYjQ1OTYwYyIsImlhdCI6MTcxOTc2MTI2NSwiZXhwIjoxNzE5NzYyNDY1fQ.6VEH-LsF8i8qUGJjiB-gQJC93Y-m0fzYLFah3pBtay4
				Accept=*/*
				Content-Type=application/json
Cookies:		<none>
Multiparts:		<none>
Body:			<none>
Request method:	DELETE
Request URI:	https://stellarburgers.nomoreparties.site/api/auth/user
Proxy:			<none>
Request params:	<none>
Query params:	<none>
Form params:	<none>
Path params:	<none>
Headers:		authorization=Bearer eyJhbGciOiJIUzI1NiIsInR5cCI6IkpXVCJ9.eyJpZCI6IjY2ODE3OTcwOWVkMjgwMDAxYjQ1OTYwYyIsImlhdCI6MTcxOTc2MTI2NSwiZXhwIjoxNzE5NzYyNDY1fQ.6VEH-LsF8i8qUGJjiB-gQJC93Y-m0fzYLFah3pBtay4
				Accept=*/*
				Content-Type=application/json
Cookies:		<none>
Multiparts:		<none>
Body:			<none>
Request method:	DELETE
Request URI:	https://stellarburgers.nomoreparties.site/api/auth/user
Proxy:			<none>
Request params:	<none>
Query params:	<none>
Form params:	<none>
Path params:	<none>
Headers:		authorization=Bearer eyJhbGciOiJIUzI1NiIsInR5cCI6IkpXVCJ9.eyJpZCI6IjY2ODE3OTcwOWVkMjgwMDAxYjQ1OTYwYyIsImlhdCI6MTcxOTc2MTI2NSwiZXhwIjoxNzE5NzYyNDY1fQ.6VEH-LsF8i8qUGJjiB-gQJC93Y-m0fzYLFah3pBtay4
				Accept=*/*
				Content-Type=application/json
Cookies:		<none>
Multiparts:		<none>
Body:			<none>
Request method:	DELETE
Request URI:	https://stellarburgers.nomoreparties.site/api/auth/user
Proxy:			<none>
Request params:	<none>
Query params:	<none>
Form params:	<none>
Path params:	<none>
Headers:		authorization=Bearer eyJhbGciOiJIUzI1NiIsInR5cCI6IkpXVCJ9.eyJpZCI6IjY2ODE3OTcwOWVkMjgwMDAxYjQ1OTYwYyIsImlhdCI6MTcxOTc2MTI2NSwiZXhwIjoxNzE5NzYyNDY1fQ.6VEH-LsF8i8qUGJjiB-gQJC93Y-m0fzYLFah3pBtay4
				Accept=*/*
				Content-Type=application/json
Cookies:		<none>
Multiparts:		<none>
Body:			<none>
Request method:	DELETE
Request URI:	https://stellarburgers.nomoreparties.site/api/auth/user
Proxy:			<none>
Request params:	<none>
Query params:	<none>
Form params:	<none>
Path params:	<none>
Headers:		authorization=Bearer eyJhbGciOiJIUzI1NiIsInR5cCI6IkpXVCJ9.eyJpZCI6IjY2ODE3OTcwOWVkMjgwMDAxYjQ1OTYwYyIsImlhdCI6MTcxOTc2MTI2NSwiZXhwIjoxNzE5NzYyNDY1fQ.6VEH-LsF8i8qUGJjiB-gQJC93Y-m0fzYLFah3pBtay4
				Accept=*/*
				Content-Type=application/json
Cookies:		<none>
Multiparts:		<none>
Body:			<none>
Request method:	DELETE
Request URI:	https://stellarburgers.nomoreparties.site/api/auth/user
Proxy:			<none>
Request params:	<none>
Query params:	<none>
Form params:	<none>
Path params:	<none>
Headers:		authorization=Bearer eyJhbGciOiJIUzI1NiIsInR5cCI6IkpXVCJ9.eyJpZCI6IjY2ODE3OTcwOWVkMjgwMDAxYjQ1OTYwYyIsImlhdCI6MTcxOTc2MTI2NSwiZXhwIjoxNzE5NzYyNDY1fQ.6VEH-LsF8i8qUGJjiB-gQJC93Y-m0fzYLFah3pBtay4
				Accept=*/*
				Content-Type=application/json
Cookies:		<none>
Multiparts:		<none>
Body:			<none>
Request method:	DELETE
Request URI:	https://stellarburgers.nomoreparties.site/api/auth/user
Proxy:			<none>
Request params:	<none>
Query params:	<none>
Form params:	<none>
Path params:	<none>
Headers:		authorization=Bearer eyJhbGciOiJIUzI1NiIsInR5cCI6IkpXVCJ9.eyJpZCI6IjY2ODE3OTcwOWVkMjgwMDAxYjQ1OTYwYyIsImlhdCI6MTcxOTc2MTI2NSwiZXhwIjoxNzE5NzYyNDY1fQ.6VEH-LsF8i8qUGJjiB-gQJC93Y-m0fzYLFah3pBtay4
				Accept=*/*
				Content-Type=application/json
Cookies:		<none>
Multiparts:		<none>
Body:			<none>
Request method:	DELETE
Request URI:	https://stellarburgers.nomoreparties.site/api/auth/user
Proxy:			<none>
Request params:	<none>
Query params:	<none>
Form params:	<none>
Path params:	<none>
Headers:		authorization=Bearer eyJhbGciOiJIUzI1NiIsInR5cCI6IkpXVCJ9.eyJpZCI6IjY2ODE3OTcwOWVkMjgwMDAxYjQ1OTYwYyIsImlhdCI6MTcxOTc2MTI2NSwiZXhwIjoxNzE5NzYyNDY1fQ.6VEH-LsF8i8qUGJjiB-gQJC93Y-m0fzYLFah3pBtay4
				Accept=*/*
				Content-Type=application/json
Cookies:		<none>
Multiparts:		<none>
Body:			<none>
Request method:	DELETE
Request URI:	https://stellarburgers.nomoreparties.site/api/auth/user
Proxy:			<none>
Request params:	<none>
Query params:	<none>
Form params:	<none>
Path params:	<none>
Headers:		authorization=Bearer eyJhbGciOiJIUzI1NiIsInR5cCI6IkpXVCJ9.eyJpZCI6IjY2ODE3OTcwOWVkMjgwMDAxYjQ1OTYwYyIsImlhdCI6MTcxOTc2MTI2NSwiZXhwIjoxNzE5NzYyNDY1fQ.6VEH-LsF8i8qUGJjiB-gQJC93Y-m0fzYLFah3pBtay4
				Accept=*/*
				Content-Type=application/json
Cookies:		<none>
Multiparts:		<none>
Body:			<none>
Request method:	DELETE
Request URI:	https://stellarburgers.nomoreparties.site/api/auth/user
Proxy:			<none>
Request params:	<none>
Query params:	<none>
Form params:	<none>
Path params:	<none>
Headers:		authorization=Bearer eyJhbGciOiJIUzI1NiIsInR5cCI6IkpXVCJ9.eyJpZCI6IjY2ODE3OTcwOWVkMjgwMDAxYjQ1OTYwYyIsImlhdCI6MTcxOTc2MTI2NSwiZXhwIjoxNzE5NzYyNDY1fQ.6VEH-LsF8i8qUGJjiB-gQJC93Y-m0fzYLFah3pBtay4
				Accept=*/*
				Content-Type=application/json
Cookies:		<none>
Multiparts:		<none>
Body:			<none>
Request method:	DELETE
Request URI:	https://stellarburgers.nomoreparties.site/api/auth/user
Proxy:			<none>
Request params:	<none>
Query params:	<none>
Form params:	<none>
Path params:	<none>
Headers:		authorization=Bearer eyJhbGciOiJIUzI1NiIsInR5cCI6IkpXVCJ9.eyJpZCI6IjY2ODE3OTcwOWVkMjgwMDAxYjQ1OTYwYyIsImlhdCI6MTcxOTc2MTI2NSwiZXhwIjoxNzE5NzYyNDY1fQ.6VEH-LsF8i8qUGJjiB-gQJC93Y-m0fzYLFah3pBtay4
				Accept=*/*
				Content-Type=application/json
Cookies:		<none>
Multiparts:		<none>
Body:			<none>
Request method:	DELETE
Request URI:	https://stellarburgers.nomoreparties.site/api/auth/user
Proxy:			<none>
Request params:	<none>
Query params:	<none>
Form params:	<none>
Path params:	<none>
Headers:		authorization=Bearer eyJhbGciOiJIUzI1NiIsInR5cCI6IkpXVCJ9.eyJpZCI6IjY2ODE3OTcwOWVkMjgwMDAxYjQ1OTYwYyIsImlhdCI6MTcxOTc2MTI2NSwiZXhwIjoxNzE5NzYyNDY1fQ.6VEH-LsF8i8qUGJjiB-gQJC93Y-m0fzYLFah3pBtay4
				Accept=*/*
				Content-Type=application/json
Cookies:		<none>
Multiparts:		<none>
Body:			<none>
Request method:	DELETE
Request URI:	https://stellarburgers.nomoreparties.site/api/auth/user
Proxy:			<none>
Request params:	<none>
Query params:	<none>
Form params:	<none>
Path params:	<none>
Headers:		authorization=Bearer eyJhbGciOiJIUzI1NiIsInR5cCI6IkpXVCJ9.eyJpZCI6IjY2ODE3OTcwOWVkMjgwMDAxYjQ1OTYwYyIsImlhdCI6MTcxOTc2MTI2NSwiZXhwIjoxNzE5NzYyNDY1fQ.6VEH-LsF8i8qUGJjiB-gQJC93Y-m0fzYLFah3pBtay4
				Accept=*/*
				Content-Type=application/json
Cookies:		<none>
Multiparts:		<none>
Body:			<none>
Request method:	DELETE
Request URI:	https://stellarburgers.nomoreparties.site/api/auth/user
Proxy:			<none>
Request params:	<none>
Query params:	<none>
Form params:	<none>
Path params:	<none>
Headers:		authorization=Bearer eyJhbGciOiJIUzI1NiIsInR5cCI6IkpXVCJ9.eyJpZCI6IjY2ODE3OTcwOWVkMjgwMDAxYjQ1OTYwYyIsImlhdCI6MTcxOTc2MTI2NSwiZXhwIjoxNzE5NzYyNDY1fQ.6VEH-LsF8i8qUGJjiB-gQJC93Y-m0fzYLFah3pBtay4
				Accept=*/*
				Content-Type=application/json
Cookies:		<none>
Multiparts:		<none>
Body:			<none>
Request method:	DELETE
Request URI:	https://stellarburgers.nomoreparties.site/api/auth/user
Proxy:			<none>
Request params:	<none>
Query params:	<none>
Form params:	<none>
Path params:	<none>
Headers:		authorization=Bearer eyJhbGciOiJIUzI1NiIsInR5cCI6IkpXVCJ9.eyJpZCI6IjY2ODE3OTcwOWVkMjgwMDAxYjQ1OTYwYyIsImlhdCI6MTcxOTc2MTI2NSwiZXhwIjoxNzE5NzYyNDY1fQ.6VEH-LsF8i8qUGJjiB-gQJC93Y-m0fzYLFah3pBtay4
				Accept=*/*
				Content-Type=application/json
Cookies:		<none>
Multiparts:		<none>
Body:			<none>
Request method:	DELETE
Request URI:	https://stellarburgers.nomoreparties.site/api/auth/user
Proxy:			<none>
Request params:	<none>
Query params:	<none>
Form params:	<none>
Path params:	<none>
Headers:		authorization=Bearer eyJhbGciOiJIUzI1NiIsInR5cCI6IkpXVCJ9.eyJpZCI6IjY2ODE3OTcwOWVkMjgwMDAxYjQ1OTYwYyIsImlhdCI6MTcxOTc2MTI2NSwiZXhwIjoxNzE5NzYyNDY1fQ.6VEH-LsF8i8qUGJjiB-gQJC93Y-m0fzYLFah3pBtay4
				Accept=*/*
				Content-Type=application/json
Cookies:		<none>
Multiparts:		<none>
Body:			<none>
Request method:	DELETE
Request URI:	https://stellarburgers.nomoreparties.site/api/auth/user
Proxy:			<none>
Request params:	<none>
Query params:	<none>
Form params:	<none>
Path params:	<none>
Headers:		authorization=Bearer eyJhbGciOiJIUzI1NiIsInR5cCI6IkpXVCJ9.eyJpZCI6IjY2ODE3OTcwOWVkMjgwMDAxYjQ1OTYwYyIsImlhdCI6MTcxOTc2MTI2NSwiZXhwIjoxNzE5NzYyNDY1fQ.6VEH-LsF8i8qUGJjiB-gQJC93Y-m0fzYLFah3pBtay4
				Accept=*/*
				Content-Type=application/json
Cookies:		<none>
Multiparts:		<none>
Body:			<none>
Request method:	DELETE
Request URI:	https://stellarburgers.nomoreparties.site/api/auth/user
Proxy:			<none>
Request params:	<none>
Query params:	<none>
Form params:	<none>
Path params:	<none>
Headers:		authorization=Bearer eyJhbGciOiJIUzI1NiIsInR5cCI6IkpXVCJ9.eyJpZCI6IjY2ODE3OTcwOWVkMjgwMDAxYjQ1OTYwYyIsImlhdCI6MTcxOTc2MTI2NSwiZXhwIjoxNzE5NzYyNDY1fQ.6VEH-LsF8i8qUGJjiB-gQJC93Y-m0fzYLFah3pBtay4
				Accept=*/*
				Content-Type=application/json
Cookies:		<none>
Multiparts:		<none>
Body:			<none>
Request method:	DELETE
Request URI:	https://stellarburgers.nomoreparties.site/api/auth/user
Proxy:			<none>
Request params:	<none>
Query params:	<none>
Form params:	<none>
Path params:	<none>
Headers:		authorization=Bearer eyJhbGciOiJIUzI1NiIsInR5cCI6IkpXVCJ9.eyJpZCI6IjY2ODE3OTcwOWVkMjgwMDAxYjQ1OTYwYyIsImlhdCI6MTcxOTc2MTI2NSwiZXhwIjoxNzE5NzYyNDY1fQ.6VEH-LsF8i8qUGJjiB-gQJC93Y-m0fzYLFah3pBtay4
				Accept=*/*
				Content-Type=application/json
Cookies:		<none>
Multiparts:		<none>
Body:			<none>
Request method:	DELETE
Request URI:	https://stellarburgers.nomoreparties.site/api/auth/user
Proxy:			<none>
Request params:	<none>
Query params:	<none>
Form params:	<none>
Path params:	<none>
Headers:		authorization=Bearer eyJhbGciOiJIUzI1NiIsInR5cCI6IkpXVCJ9.eyJpZCI6IjY2ODE3OTcwOWVkMjgwMDAxYjQ1OTYwYyIsImlhdCI6MTcxOTc2MTI2NSwiZXhwIjoxNzE5NzYyNDY1fQ.6VEH-LsF8i8qUGJjiB-gQJC93Y-m0fzYLFah3pBtay4
				Accept=*/*
				Content-Type=application/json
Cookies:		<none>
Multiparts:		<none>
Body:			<none>
Request method:	DELETE
Request URI:	https://stellarburgers.nomoreparties.site/api/auth/user
Proxy:			<none>
Request params:	<none>
Query params:	<none>
Form params:	<none>
Path params:	<none>
Headers:		authorization=Bearer eyJhbGciOiJIUzI1NiIsInR5cCI6IkpXVCJ9.eyJpZCI6IjY2ODE3OTcwOWVkMjgwMDAxYjQ1OTYwYyIsImlhdCI6MTcxOTc2MTI2NSwiZXhwIjoxNzE5NzYyNDY1fQ.6VEH-LsF8i8qUGJjiB-gQJC93Y-m0fzYLFah3pBtay4
				Accept=*/*
				Content-Type=application/json
Cookies:		<none>
Multiparts:		<none>
Body:			<none>
Request method:	DELETE
Request URI:	https://stellarburgers.nomoreparties.site/api/auth/user
Proxy:			<none>
Request params:	<none>
Query params:	<none>
Form params:	<none>
Path params:	<none>
Headers:		authorization=Bearer eyJhbGciOiJIUzI1NiIsInR5cCI6IkpXVCJ9.eyJpZCI6IjY2ODE3OTcwOWVkMjgwMDAxYjQ1OTYwYyIsImlhdCI6MTcxOTc2MTI2NSwiZXhwIjoxNzE5NzYyNDY1fQ.6VEH-LsF8i8qUGJjiB-gQJC93Y-m0fzYLFah3pBtay4
				Accept=*/*
				Content-Type=application/json
Cookies:		<none>
Multiparts:		<none>
Body:			<none>
Request method:	DELETE
Request URI:	https://stellarburgers.nomoreparties.site/api/auth/user
Proxy:			<none>
Request params:	<none>
Query params:	<none>
Form params:	<none>
Path params:	<none>
Headers:		authorization=Bearer eyJhbGciOiJIUzI1NiIsInR5cCI6IkpXVCJ9.eyJpZCI6IjY2ODE3OTcwOWVkMjgwMDAxYjQ1OTYwYyIsImlhdCI6MTcxOTc2MTI2NSwiZXhwIjoxNzE5NzYyNDY1fQ.6VEH-LsF8i8qUGJjiB-gQJC93Y-m0fzYLFah3pBtay4
				Accept=*/*
				Content-Type=application/json
Cookies:		<none>
Multiparts:		<none>
Body:			<none>
Request method:	DELETE
Request URI:	https://stellarburgers.nomoreparties.site/api/auth/user
Proxy:			<none>
Request params:	<none>
Query params:	<none>
Form params:	<none>
Path params:	<none>
Headers:		authorization=Bearer eyJhbGciOiJIUzI1NiIsInR5cCI6IkpXVCJ9.eyJpZCI6IjY2ODE3OTcwOWVkMjgwMDAxYjQ1OTYwYyIsImlhdCI6MTcxOTc2MTI2NSwiZXhwIjoxNzE5NzYyNDY1fQ.6VEH-LsF8i8qUGJjiB-gQJC93Y-m0fzYLFah3pBtay4
				Accept=*/*
				Content-Type=application/json
Cookies:		<none>
Multiparts:		<none>
Body:			<none>
HTTP/1.1 202 Accepted
Date: Sun, 30 Jun 2024 15:27:46 GMT
Content-Type: application/json; charset=utf-8
Content-Length: 54
Connection: keep-alive
X-Powered-By: Express
Access-Control-Allow-Origin: *
ETag: W/"36-hDmZnQ3Ou/ynnqAeC6TYmyseuzY"
CF-Cache-Status: DYNAMIC
Report-To: {"endpoints":[{"url":"https:\/\/a.nel.cloudflare.com\/report\/v4?s=vTUySGcbbjtIfuwX0%2F5jUoeG51Di6SnmAjXi6dsgPYewregRUs1MimS3Whtw4uQlInazFV0COzIy1K8miOskFEpyEWE1wai4ptEbWiMkb2Ubtgg4LEaWzKDaDhYF7cJZ652yM5lHBs6c7eU90MKLd1WX%2FCY%3D"}],"group":"cf-nel","max_age":604800}
NEL: {"success_fraction":0,"report_to":"cf-nel","max_age":604800}
Server: cloudflare
CF-RAY: 89bf2ea6fa269d5b-DME
alt-svc: h3=":443"; ma=86400

{
    "success": true,
    "message": "User successfully removed"
}
HTTP/1.1 202 Accepted
Date: Sun, 30 Jun 2024 15:27:46 GMT
Content-Type: application/json; charset=utf-8
Content-Length: 54
Connection: keep-alive
X-Powered-By: Express
Access-Control-Allow-Origin: *
ETag: W/"36-hDmZnQ3Ou/ynnqAeC6TYmyseuzY"
CF-Cache-Status: DYNAMIC
Report-To: {"endpoints":[{"url":"https:\/\/a.nel.cloudflare.com\/report\/v4?s=vTUySGcbbjtIfuwX0%2F5jUoeG51Di6SnmAjXi6dsgPYewregRUs1MimS3Whtw4uQlInazFV0COzIy1K8miOskFEpyEWE1wai4ptEbWiMkb2Ubtgg4LEaWzKDaDhYF7cJZ652yM5lHBs6c7eU90MKLd1WX%2FCY%3D"}],"group":"cf-nel","max_age":604800}
NEL: {"success_fraction":0,"report_to":"cf-nel","max_age":604800}
Server: cloudflare
CF-RAY: 89bf2ea6fa269d5b-DME
alt-svc: h3=":443"; ma=86400

{
    "success": true,
    "message": "User successfully removed"
}
HTTP/1.1 202 Accepted
Date: Sun, 30 Jun 2024 15:27:46 GMT
Content-Type: application/json; charset=utf-8
Content-Length: 54
Connection: keep-alive
X-Powered-By: Express
Access-Control-Allow-Origin: *
ETag: W/"36-hDmZnQ3Ou/ynnqAeC6TYmyseuzY"
CF-Cache-Status: DYNAMIC
Report-To: {"endpoints":[{"url":"https:\/\/a.nel.cloudflare.com\/report\/v4?s=vTUySGcbbjtIfuwX0%2F5jUoeG51Di6SnmAjXi6dsgPYewregRUs1MimS3Whtw4uQlInazFV0COzIy1K8miOskFEpyEWE1wai4ptEbWiMkb2Ubtgg4LEaWzKDaDhYF7cJZ652yM5lHBs6c7eU90MKLd1WX%2FCY%3D"}],"group":"cf-nel","max_age":604800}
NEL: {"success_fraction":0,"report_to":"cf-nel","max_age":604800}
Server: cloudflare
CF-RAY: 89bf2ea6fa269d5b-DME
alt-svc: h3=":443"; ma=86400

{
    "success": true,
    "message": "User successfully removed"
}
HTTP/1.1 202 Accepted
Date: Sun, 30 Jun 2024 15:27:46 GMT
Content-Type: application/json; charset=utf-8
Content-Length: 54
Connection: keep-alive
X-Powered-By: Express
Access-Control-Allow-Origin: *
ETag: W/"36-hDmZnQ3Ou/ynnqAeC6TYmyseuzY"
CF-Cache-Status: DYNAMIC
Report-To: {"endpoints":[{"url":"https:\/\/a.nel.cloudflare.com\/report\/v4?s=vTUySGcbbjtIfuwX0%2F5jUoeG51Di6SnmAjXi6dsgPYewregRUs1MimS3Whtw4uQlInazFV0COzIy1K8miOskFEpyEWE1wai4ptEbWiMkb2Ubtgg4LEaWzKDaDhYF7cJZ652yM5lHBs6c7eU90MKLd1WX%2FCY%3D"}],"group":"cf-nel","max_age":604800}
NEL: {"success_fraction":0,"report_to":"cf-nel","max_age":604800}
Server: cloudflare
CF-RAY: 89bf2ea6fa269d5b-DME
alt-svc: h3=":443"; ma=86400

{
    "success": true,
    "message": "User successfully removed"
}
HTTP/1.1 202 Accepted
Date: Sun, 30 Jun 2024 15:27:46 GMT
Content-Type: application/json; charset=utf-8
Content-Length: 54
Connection: keep-alive
X-Powered-By: Express
Access-Control-Allow-Origin: *
ETag: W/"36-hDmZnQ3Ou/ynnqAeC6TYmyseuzY"
CF-Cache-Status: DYNAMIC
Report-To: {"endpoints":[{"url":"https:\/\/a.nel.cloudflare.com\/report\/v4?s=vTUySGcbbjtIfuwX0%2F5jUoeG51Di6SnmAjXi6dsgPYewregRUs1MimS3Whtw4uQlInazFV0COzIy1K8miOskFEpyEWE1wai4ptEbWiMkb2Ubtgg4LEaWzKDaDhYF7cJZ652yM5lHBs6c7eU90MKLd1WX%2FCY%3D"}],"group":"cf-nel","max_age":604800}
NEL: {"success_fraction":0,"report_to":"cf-nel","max_age":604800}
Server: cloudflare
CF-RAY: 89bf2ea6fa269d5b-DME
alt-svc: h3=":443"; ma=86400

{
    "success": true,
    "message": "User successfully removed"
}
HTTP/1.1 202 Accepted
Date: Sun, 30 Jun 2024 15:27:46 GMT
Content-Type: application/json; charset=utf-8
Content-Length: 54
Connection: keep-alive
X-Powered-By: Express
Access-Control-Allow-Origin: *
ETag: W/"36-hDmZnQ3Ou/ynnqAeC6TYmyseuzY"
CF-Cache-Status: DYNAMIC
Report-To: {"endpoints":[{"url":"https:\/\/a.nel.cloudflare.com\/report\/v4?s=vTUySGcbbjtIfuwX0%2F5jUoeG51Di6SnmAjXi6dsgPYewregRUs1MimS3Whtw4uQlInazFV0COzIy1K8miOskFEpyEWE1wai4ptEbWiMkb2Ubtgg4LEaWzKDaDhYF7cJZ652yM5lHBs6c7eU90MKLd1WX%2FCY%3D"}],"group":"cf-nel","max_age":604800}
NEL: {"success_fraction":0,"report_to":"cf-nel","max_age":604800}
Server: cloudflare
CF-RAY: 89bf2ea6fa269d5b-DME
alt-svc: h3=":443"; ma=86400

{
    "success": true,
    "message": "User successfully removed"
}
HTTP/1.1 202 Accepted
Date: Sun, 30 Jun 2024 15:27:46 GMT
Content-Type: application/json; charset=utf-8
Content-Length: 54
Connection: keep-alive
X-Powered-By: Express
Access-Control-Allow-Origin: *
ETag: W/"36-hDmZnQ3Ou/ynnqAeC6TYmyseuzY"
CF-Cache-Status: DYNAMIC
Report-To: {"endpoints":[{"url":"https:\/\/a.nel.cloudflare.com\/report\/v4?s=vTUySGcbbjtIfuwX0%2F5jUoeG51Di6SnmAjXi6dsgPYewregRUs1MimS3Whtw4uQlInazFV0COzIy1K8miOskFEpyEWE1wai4ptEbWiMkb2Ubtgg4LEaWzKDaDhYF7cJZ652yM5lHBs6c7eU90MKLd1WX%2FCY%3D"}],"group":"cf-nel","max_age":604800}
NEL: {"success_fraction":0,"report_to":"cf-nel","max_age":604800}
Server: cloudflare
CF-RAY: 89bf2ea6fa269d5b-DME
alt-svc: h3=":443"; ma=86400

{
    "success": true,
    "message": "User successfully removed"
}
HTTP/1.1 202 Accepted
Date: Sun, 30 Jun 2024 15:27:46 GMT
Content-Type: application/json; charset=utf-8
Content-Length: 54
Connection: keep-alive
X-Powered-By: Express
Access-Control-Allow-Origin: *
ETag: W/"36-hDmZnQ3Ou/ynnqAeC6TYmyseuzY"
CF-Cache-Status: DYNAMIC
Report-To: {"endpoints":[{"url":"https:\/\/a.nel.cloudflare.com\/report\/v4?s=vTUySGcbbjtIfuwX0%2F5jUoeG51Di6SnmAjXi6dsgPYewregRUs1MimS3Whtw4uQlInazFV0COzIy1K8miOskFEpyEWE1wai4ptEbWiMkb2Ubtgg4LEaWzKDaDhYF7cJZ652yM5lHBs6c7eU90MKLd1WX%2FCY%3D"}],"group":"cf-nel","max_age":604800}
NEL: {"success_fraction":0,"report_to":"cf-nel","max_age":604800}
Server: cloudflare
CF-RAY: 89bf2ea6fa269d5b-DME
alt-svc: h3=":443"; ma=86400

{
    "success": true,
    "message": "User successfully removed"
}
HTTP/1.1 202 Accepted
Date: Sun, 30 Jun 2024 15:27:46 GMT
Content-Type: application/json; charset=utf-8
Content-Length: 54
Connection: keep-alive
X-Powered-By: Express
Access-Control-Allow-Origin: *
ETag: W/"36-hDmZnQ3Ou/ynnqAeC6TYmyseuzY"
CF-Cache-Status: DYNAMIC
Report-To: {"endpoints":[{"url":"https:\/\/a.nel.cloudflare.com\/report\/v4?s=vTUySGcbbjtIfuwX0%2F5jUoeG51Di6SnmAjXi6dsgPYewregRUs1MimS3Whtw4uQlInazFV0COzIy1K8miOskFEpyEWE1wai4ptEbWiMkb2Ubtgg4LEaWzKDaDhYF7cJZ652yM5lHBs6c7eU90MKLd1WX%2FCY%3D"}],"group":"cf-nel","max_age":604800}
NEL: {"success_fraction":0,"report_to":"cf-nel","max_age":604800}
Server: cloudflare
CF-RAY: 89bf2ea6fa269d5b-DME
alt-svc: h3=":443"; ma=86400

{
    "success": true,
    "message": "User successfully removed"
}
HTTP/1.1 202 Accepted
Date: Sun, 30 Jun 2024 15:27:46 GMT
Content-Type: application/json; charset=utf-8
Content-Length: 54
Connection: keep-alive
X-Powered-By: Express
Access-Control-Allow-Origin: *
ETag: W/"36-hDmZnQ3Ou/ynnqAeC6TYmyseuzY"
CF-Cache-Status: DYNAMIC
Report-To: {"endpoints":[{"url":"https:\/\/a.nel.cloudflare.com\/report\/v4?s=vTUySGcbbjtIfuwX0%2F5jUoeG51Di6SnmAjXi6dsgPYewregRUs1MimS3Whtw4uQlInazFV0COzIy1K8miOskFEpyEWE1wai4ptEbWiMkb2Ubtgg4LEaWzKDaDhYF7cJZ652yM5lHBs6c7eU90MKLd1WX%2FCY%3D"}],"group":"cf-nel","max_age":604800}
NEL: {"success_fraction":0,"report_to":"cf-nel","max_age":604800}
Server: cloudflare
CF-RAY: 89bf2ea6fa269d5b-DME
alt-svc: h3=":443"; ma=86400

{
    "success": true,
    "message": "User successfully removed"
}
HTTP/1.1 202 Accepted
Date: Sun, 30 Jun 2024 15:27:46 GMT
Content-Type: application/json; charset=utf-8
Content-Length: 54
Connection: keep-alive
X-Powered-By: Express
Access-Control-Allow-Origin: *
ETag: W/"36-hDmZnQ3Ou/ynnqAeC6TYmyseuzY"
CF-Cache-Status: DYNAMIC
Report-To: {"endpoints":[{"url":"https:\/\/a.nel.cloudflare.com\/report\/v4?s=vTUySGcbbjtIfuwX0%2F5jUoeG51Di6SnmAjXi6dsgPYewregRUs1MimS3Whtw4uQlInazFV0COzIy1K8miOskFEpyEWE1wai4ptEbWiMkb2Ubtgg4LEaWzKDaDhYF7cJZ652yM5lHBs6c7eU90MKLd1WX%2FCY%3D"}],"group":"cf-nel","max_age":604800}
NEL: {"success_fraction":0,"report_to":"cf-nel","max_age":604800}
Server: cloudflare
CF-RAY: 89bf2ea6fa269d5b-DME
alt-svc: h3=":443"; ma=86400

{
    "success": true,
    "message": "User successfully removed"
}
HTTP/1.1 202 Accepted
Date: Sun, 30 Jun 2024 15:27:46 GMT
Content-Type: application/json; charset=utf-8
Content-Length: 54
Connection: keep-alive
X-Powered-By: Express
Access-Control-Allow-Origin: *
ETag: W/"36-hDmZnQ3Ou/ynnqAeC6TYmyseuzY"
CF-Cache-Status: DYNAMIC
Report-To: {"endpoints":[{"url":"https:\/\/a.nel.cloudflare.com\/report\/v4?s=vTUySGcbbjtIfuwX0%2F5jUoeG51Di6SnmAjXi6dsgPYewregRUs1MimS3Whtw4uQlInazFV0COzIy1K8miOskFEpyEWE1wai4ptEbWiMkb2Ubtgg4LEaWzKDaDhYF7cJZ652yM5lHBs6c7eU90MKLd1WX%2FCY%3D"}],"group":"cf-nel","max_age":604800}
NEL: {"success_fraction":0,"report_to":"cf-nel","max_age":604800}
Server: cloudflare
CF-RAY: 89bf2ea6fa269d5b-DME
alt-svc: h3=":443"; ma=86400

{
    "success": true,
    "message": "User successfully removed"
}
HTTP/1.1 202 Accepted
Date: Sun, 30 Jun 2024 15:27:46 GMT
Content-Type: application/json; charset=utf-8
Content-Length: 54
Connection: keep-alive
X-Powered-By: Express
Access-Control-Allow-Origin: *
ETag: W/"36-hDmZnQ3Ou/ynnqAeC6TYmyseuzY"
CF-Cache-Status: DYNAMIC
Report-To: {"endpoints":[{"url":"https:\/\/a.nel.cloudflare.com\/report\/v4?s=vTUySGcbbjtIfuwX0%2F5jUoeG51Di6SnmAjXi6dsgPYewregRUs1MimS3Whtw4uQlInazFV0COzIy1K8miOskFEpyEWE1wai4ptEbWiMkb2Ubtgg4LEaWzKDaDhYF7cJZ652yM5lHBs6c7eU90MKLd1WX%2FCY%3D"}],"group":"cf-nel","max_age":604800}
NEL: {"success_fraction":0,"report_to":"cf-nel","max_age":604800}
Server: cloudflare
CF-RAY: 89bf2ea6fa269d5b-DME
alt-svc: h3=":443"; ma=86400

{
    "success": true,
    "message": "User successfully removed"
}
HTTP/1.1 202 Accepted
Date: Sun, 30 Jun 2024 15:27:46 GMT
Content-Type: application/json; charset=utf-8
Content-Length: 54
Connection: keep-alive
X-Powered-By: Express
Access-Control-Allow-Origin: *
ETag: W/"36-hDmZnQ3Ou/ynnqAeC6TYmyseuzY"
CF-Cache-Status: DYNAMIC
Report-To: {"endpoints":[{"url":"https:\/\/a.nel.cloudflare.com\/report\/v4?s=vTUySGcbbjtIfuwX0%2F5jUoeG51Di6SnmAjXi6dsgPYewregRUs1MimS3Whtw4uQlInazFV0COzIy1K8miOskFEpyEWE1wai4ptEbWiMkb2Ubtgg4LEaWzKDaDhYF7cJZ652yM5lHBs6c7eU90MKLd1WX%2FCY%3D"}],"group":"cf-nel","max_age":604800}
NEL: {"success_fraction":0,"report_to":"cf-nel","max_age":604800}
Server: cloudflare
CF-RAY: 89bf2ea6fa269d5b-DME
alt-svc: h3=":443"; ma=86400

{
    "success": true,
    "message": "User successfully removed"
}
HTTP/1.1 202 Accepted
Date: Sun, 30 Jun 2024 15:27:46 GMT
Content-Type: application/json; charset=utf-8
Content-Length: 54
Connection: keep-alive
X-Powered-By: Express
Access-Control-Allow-Origin: *
ETag: W/"36-hDmZnQ3Ou/ynnqAeC6TYmyseuzY"
CF-Cache-Status: DYNAMIC
Report-To: {"endpoints":[{"url":"https:\/\/a.nel.cloudflare.com\/report\/v4?s=vTUySGcbbjtIfuwX0%2F5jUoeG51Di6SnmAjXi6dsgPYewregRUs1MimS3Whtw4uQlInazFV0COzIy1K8miOskFEpyEWE1wai4ptEbWiMkb2Ubtgg4LEaWzKDaDhYF7cJZ652yM5lHBs6c7eU90MKLd1WX%2FCY%3D"}],"group":"cf-nel","max_age":604800}
NEL: {"success_fraction":0,"report_to":"cf-nel","max_age":604800}
Server: cloudflare
CF-RAY: 89bf2ea6fa269d5b-DME
alt-svc: h3=":443"; ma=86400

{
    "success": true,
    "message": "User successfully removed"
}
HTTP/1.1 202 Accepted
Date: Sun, 30 Jun 2024 15:27:46 GMT
Content-Type: application/json; charset=utf-8
Content-Length: 54
Connection: keep-alive
X-Powered-By: Express
Access-Control-Allow-Origin: *
ETag: W/"36-hDmZnQ3Ou/ynnqAeC6TYmyseuzY"
CF-Cache-Status: DYNAMIC
Report-To: {"endpoints":[{"url":"https:\/\/a.nel.cloudflare.com\/report\/v4?s=vTUySGcbbjtIfuwX0%2F5jUoeG51Di6SnmAjXi6dsgPYewregRUs1MimS3Whtw4uQlInazFV0COzIy1K8miOskFEpyEWE1wai4ptEbWiMkb2Ubtgg4LEaWzKDaDhYF7cJZ652yM5lHBs6c7eU90MKLd1WX%2FCY%3D"}],"group":"cf-nel","max_age":604800}
NEL: {"success_fraction":0,"report_to":"cf-nel","max_age":604800}
Server: cloudflare
CF-RAY: 89bf2ea6fa269d5b-DME
alt-svc: h3=":443"; ma=86400

{
    "success": true,
    "message": "User successfully removed"
}
HTTP/1.1 202 Accepted
Date: Sun, 30 Jun 2024 15:27:46 GMT
Content-Type: application/json; charset=utf-8
Content-Length: 54
Connection: keep-alive
X-Powered-By: Express
Access-Control-Allow-Origin: *
ETag: W/"36-hDmZnQ3Ou/ynnqAeC6TYmyseuzY"
CF-Cache-Status: DYNAMIC
Report-To: {"endpoints":[{"url":"https:\/\/a.nel.cloudflare.com\/report\/v4?s=vTUySGcbbjtIfuwX0%2F5jUoeG51Di6SnmAjXi6dsgPYewregRUs1MimS3Whtw4uQlInazFV0COzIy1K8miOskFEpyEWE1wai4ptEbWiMkb2Ubtgg4LEaWzKDaDhYF7cJZ652yM5lHBs6c7eU90MKLd1WX%2FCY%3D"}],"group":"cf-nel","max_age":604800}
NEL: {"success_fraction":0,"report_to":"cf-nel","max_age":604800}
Server: cloudflare
CF-RAY: 89bf2ea6fa269d5b-DME
alt-svc: h3=":443"; ma=86400

{
    "success": true,
    "message": "User successfully removed"
}
HTTP/1.1 202 Accepted
Date: Sun, 30 Jun 2024 15:27:46 GMT
Content-Type: application/json; charset=utf-8
Content-Length: 54
Connection: keep-alive
X-Powered-By: Express
Access-Control-Allow-Origin: *
ETag: W/"36-hDmZnQ3Ou/ynnqAeC6TYmyseuzY"
CF-Cache-Status: DYNAMIC
Report-To: {"endpoints":[{"url":"https:\/\/a.nel.cloudflare.com\/report\/v4?s=vTUySGcbbjtIfuwX0%2F5jUoeG51Di6SnmAjXi6dsgPYewregRUs1MimS3Whtw4uQlInazFV0COzIy1K8miOskFEpyEWE1wai4ptEbWiMkb2Ubtgg4LEaWzKDaDhYF7cJZ652yM5lHBs6c7eU90MKLd1WX%2FCY%3D"}],"group":"cf-nel","max_age":604800}
NEL: {"success_fraction":0,"report_to":"cf-nel","max_age":604800}
Server: cloudflare
CF-RAY: 89bf2ea6fa269d5b-DME
alt-svc: h3=":443"; ma=86400

{
    "success": true,
    "message": "User successfully removed"
}
HTTP/1.1 202 Accepted
Date: Sun, 30 Jun 2024 15:27:46 GMT
Content-Type: application/json; charset=utf-8
Content-Length: 54
Connection: keep-alive
X-Powered-By: Express
Access-Control-Allow-Origin: *
ETag: W/"36-hDmZnQ3Ou/ynnqAeC6TYmyseuzY"
CF-Cache-Status: DYNAMIC
Report-To: {"endpoints":[{"url":"https:\/\/a.nel.cloudflare.com\/report\/v4?s=vTUySGcbbjtIfuwX0%2F5jUoeG51Di6SnmAjXi6dsgPYewregRUs1MimS3Whtw4uQlInazFV0COzIy1K8miOskFEpyEWE1wai4ptEbWiMkb2Ubtgg4LEaWzKDaDhYF7cJZ652yM5lHBs6c7eU90MKLd1WX%2FCY%3D"}],"group":"cf-nel","max_age":604800}
NEL: {"success_fraction":0,"report_to":"cf-nel","max_age":604800}
Server: cloudflare
CF-RAY: 89bf2ea6fa269d5b-DME
alt-svc: h3=":443"; ma=86400

{
    "success": true,
    "message": "User successfully removed"
}
HTTP/1.1 202 Accepted
Date: Sun, 30 Jun 2024 15:27:46 GMT
Content-Type: application/json; charset=utf-8
Content-Length: 54
Connection: keep-alive
X-Powered-By: Express
Access-Control-Allow-Origin: *
ETag: W/"36-hDmZnQ3Ou/ynnqAeC6TYmyseuzY"
CF-Cache-Status: DYNAMIC
Report-To: {"endpoints":[{"url":"https:\/\/a.nel.cloudflare.com\/report\/v4?s=vTUySGcbbjtIfuwX0%2F5jUoeG51Di6SnmAjXi6dsgPYewregRUs1MimS3Whtw4uQlInazFV0COzIy1K8miOskFEpyEWE1wai4ptEbWiMkb2Ubtgg4LEaWzKDaDhYF7cJZ652yM5lHBs6c7eU90MKLd1WX%2FCY%3D"}],"group":"cf-nel","max_age":604800}
NEL: {"success_fraction":0,"report_to":"cf-nel","max_age":604800}
Server: cloudflare
CF-RAY: 89bf2ea6fa269d5b-DME
alt-svc: h3=":443"; ma=86400

{
    "success": true,
    "message": "User successfully removed"
}
HTTP/1.1 202 Accepted
Date: Sun, 30 Jun 2024 15:27:46 GMT
Content-Type: application/json; charset=utf-8
Content-Length: 54
Connection: keep-alive
X-Powered-By: Express
Access-Control-Allow-Origin: *
ETag: W/"36-hDmZnQ3Ou/ynnqAeC6TYmyseuzY"
CF-Cache-Status: DYNAMIC
Report-To: {"endpoints":[{"url":"https:\/\/a.nel.cloudflare.com\/report\/v4?s=vTUySGcbbjtIfuwX0%2F5jUoeG51Di6SnmAjXi6dsgPYewregRUs1MimS3Whtw4uQlInazFV0COzIy1K8miOskFEpyEWE1wai4ptEbWiMkb2Ubtgg4LEaWzKDaDhYF7cJZ652yM5lHBs6c7eU90MKLd1WX%2FCY%3D"}],"group":"cf-nel","max_age":604800}
NEL: {"success_fraction":0,"report_to":"cf-nel","max_age":604800}
Server: cloudflare
CF-RAY: 89bf2ea6fa269d5b-DME
alt-svc: h3=":443"; ma=86400

{
    "success": true,
    "message": "User successfully removed"
}
HTTP/1.1 202 Accepted
Date: Sun, 30 Jun 2024 15:27:46 GMT
Content-Type: application/json; charset=utf-8
Content-Length: 54
Connection: keep-alive
X-Powered-By: Express
Access-Control-Allow-Origin: *
ETag: W/"36-hDmZnQ3Ou/ynnqAeC6TYmyseuzY"
CF-Cache-Status: DYNAMIC
Report-To: {"endpoints":[{"url":"https:\/\/a.nel.cloudflare.com\/report\/v4?s=vTUySGcbbjtIfuwX0%2F5jUoeG51Di6SnmAjXi6dsgPYewregRUs1MimS3Whtw4uQlInazFV0COzIy1K8miOskFEpyEWE1wai4ptEbWiMkb2Ubtgg4LEaWzKDaDhYF7cJZ652yM5lHBs6c7eU90MKLd1WX%2FCY%3D"}],"group":"cf-nel","max_age":604800}
NEL: {"success_fraction":0,"report_to":"cf-nel","max_age":604800}
Server: cloudflare
CF-RAY: 89bf2ea6fa269d5b-DME
alt-svc: h3=":443"; ma=86400

{
    "success": true,
    "message": "User successfully removed"
}
HTTP/1.1 202 Accepted
Date: Sun, 30 Jun 2024 15:27:46 GMT
Content-Type: application/json; charset=utf-8
Content-Length: 54
Connection: keep-alive
X-Powered-By: Express
Access-Control-Allow-Origin: *
ETag: W/"36-hDmZnQ3Ou/ynnqAeC6TYmyseuzY"
CF-Cache-Status: DYNAMIC
Report-To: {"endpoints":[{"url":"https:\/\/a.nel.cloudflare.com\/report\/v4?s=vTUySGcbbjtIfuwX0%2F5jUoeG51Di6SnmAjXi6dsgPYewregRUs1MimS3Whtw4uQlInazFV0COzIy1K8miOskFEpyEWE1wai4ptEbWiMkb2Ubtgg4LEaWzKDaDhYF7cJZ652yM5lHBs6c7eU90MKLd1WX%2FCY%3D"}],"group":"cf-nel","max_age":604800}
NEL: {"success_fraction":0,"report_to":"cf-nel","max_age":604800}
Server: cloudflare
CF-RAY: 89bf2ea6fa269d5b-DME
alt-svc: h3=":443"; ma=86400

{
    "success": true,
    "message": "User successfully removed"
}
HTTP/1.1 202 Accepted
Date: Sun, 30 Jun 2024 15:27:46 GMT
Content-Type: application/json; charset=utf-8
Content-Length: 54
Connection: keep-alive
X-Powered-By: Express
Access-Control-Allow-Origin: *
ETag: W/"36-hDmZnQ3Ou/ynnqAeC6TYmyseuzY"
CF-Cache-Status: DYNAMIC
Report-To: {"endpoints":[{"url":"https:\/\/a.nel.cloudflare.com\/report\/v4?s=vTUySGcbbjtIfuwX0%2F5jUoeG51Di6SnmAjXi6dsgPYewregRUs1MimS3Whtw4uQlInazFV0COzIy1K8miOskFEpyEWE1wai4ptEbWiMkb2Ubtgg4LEaWzKDaDhYF7cJZ652yM5lHBs6c7eU90MKLd1WX%2FCY%3D"}],"group":"cf-nel","max_age":604800}
NEL: {"success_fraction":0,"report_to":"cf-nel","max_age":604800}
Server: cloudflare
CF-RAY: 89bf2ea6fa269d5b-DME
alt-svc: h3=":443"; ma=86400

{
    "success": true,
    "message": "User successfully removed"
}
]]></system-out>
  </testcase>
  <testcase name="authIncorrectPasswordUser" classname="LoginUserTest" time="1.467">
    <system-out><![CDATA[Request method:	POST
Request URI:	https://stellarburgers.nomoreparties.site/api/auth/register
Proxy:			<none>
Request params:	<none>
Query params:	<none>
Form params:	<none>
Path params:	<none>
Headers:		Accept=*/*
				Content-Type=application/json
Cookies:		<none>
Multiparts:		<none>
Body:
{
    "email": "PGyRfHQBoY@ya.ru",
    "password": "eklrrNjjof",
    "name": "HtKOBxdveI"
}
Request method:	POST
Request URI:	https://stellarburgers.nomoreparties.site/api/auth/register
Proxy:			<none>
Request params:	<none>
Query params:	<none>
Form params:	<none>
Path params:	<none>
Headers:		Accept=*/*
				Content-Type=application/json
Cookies:		<none>
Multiparts:		<none>
Body:
{
    "email": "PGyRfHQBoY@ya.ru",
    "password": "eklrrNjjof",
    "name": "HtKOBxdveI"
}
Request method:	POST
Request URI:	https://stellarburgers.nomoreparties.site/api/auth/register
Proxy:			<none>
Request params:	<none>
Query params:	<none>
Form params:	<none>
Path params:	<none>
Headers:		Accept=*/*
				Content-Type=application/json
Cookies:		<none>
Multiparts:		<none>
Body:
{
    "email": "PGyRfHQBoY@ya.ru",
    "password": "eklrrNjjof",
    "name": "HtKOBxdveI"
}
Request method:	POST
Request URI:	https://stellarburgers.nomoreparties.site/api/auth/register
Proxy:			<none>
Request params:	<none>
Query params:	<none>
Form params:	<none>
Path params:	<none>
Headers:		Accept=*/*
				Content-Type=application/json
Cookies:		<none>
Multiparts:		<none>
Body:
{
    "email": "PGyRfHQBoY@ya.ru",
    "password": "eklrrNjjof",
    "name": "HtKOBxdveI"
}
Request method:	POST
Request URI:	https://stellarburgers.nomoreparties.site/api/auth/register
Proxy:			<none>
Request params:	<none>
Query params:	<none>
Form params:	<none>
Path params:	<none>
Headers:		Accept=*/*
				Content-Type=application/json
Cookies:		<none>
Multiparts:		<none>
Body:
{
    "email": "PGyRfHQBoY@ya.ru",
    "password": "eklrrNjjof",
    "name": "HtKOBxdveI"
}
Request method:	POST
Request URI:	https://stellarburgers.nomoreparties.site/api/auth/register
Proxy:			<none>
Request params:	<none>
Query params:	<none>
Form params:	<none>
Path params:	<none>
Headers:		Accept=*/*
				Content-Type=application/json
Cookies:		<none>
Multiparts:		<none>
Body:
{
    "email": "PGyRfHQBoY@ya.ru",
    "password": "eklrrNjjof",
    "name": "HtKOBxdveI"
}
Request method:	POST
Request URI:	https://stellarburgers.nomoreparties.site/api/auth/register
Proxy:			<none>
Request params:	<none>
Query params:	<none>
Form params:	<none>
Path params:	<none>
Headers:		Accept=*/*
				Content-Type=application/json
Cookies:		<none>
Multiparts:		<none>
Body:
{
    "email": "PGyRfHQBoY@ya.ru",
    "password": "eklrrNjjof",
    "name": "HtKOBxdveI"
}
Request method:	POST
Request URI:	https://stellarburgers.nomoreparties.site/api/auth/register
Proxy:			<none>
Request params:	<none>
Query params:	<none>
Form params:	<none>
Path params:	<none>
Headers:		Accept=*/*
				Content-Type=application/json
Cookies:		<none>
Multiparts:		<none>
Body:
{
    "email": "PGyRfHQBoY@ya.ru",
    "password": "eklrrNjjof",
    "name": "HtKOBxdveI"
}
Request method:	POST
Request URI:	https://stellarburgers.nomoreparties.site/api/auth/register
Proxy:			<none>
Request params:	<none>
Query params:	<none>
Form params:	<none>
Path params:	<none>
Headers:		Accept=*/*
				Content-Type=application/json
Cookies:		<none>
Multiparts:		<none>
Body:
{
    "email": "PGyRfHQBoY@ya.ru",
    "password": "eklrrNjjof",
    "name": "HtKOBxdveI"
}
Request method:	POST
Request URI:	https://stellarburgers.nomoreparties.site/api/auth/register
Proxy:			<none>
Request params:	<none>
Query params:	<none>
Form params:	<none>
Path params:	<none>
Headers:		Accept=*/*
				Content-Type=application/json
Cookies:		<none>
Multiparts:		<none>
Body:
{
    "email": "PGyRfHQBoY@ya.ru",
    "password": "eklrrNjjof",
    "name": "HtKOBxdveI"
}
Request method:	POST
Request URI:	https://stellarburgers.nomoreparties.site/api/auth/register
Proxy:			<none>
Request params:	<none>
Query params:	<none>
Form params:	<none>
Path params:	<none>
Headers:		Accept=*/*
				Content-Type=application/json
Cookies:		<none>
Multiparts:		<none>
Body:
{
    "email": "PGyRfHQBoY@ya.ru",
    "password": "eklrrNjjof",
    "name": "HtKOBxdveI"
}
Request method:	POST
Request URI:	https://stellarburgers.nomoreparties.site/api/auth/register
Proxy:			<none>
Request params:	<none>
Query params:	<none>
Form params:	<none>
Path params:	<none>
Headers:		Accept=*/*
				Content-Type=application/json
Cookies:		<none>
Multiparts:		<none>
Body:
{
    "email": "PGyRfHQBoY@ya.ru",
    "password": "eklrrNjjof",
    "name": "HtKOBxdveI"
}
Request method:	POST
Request URI:	https://stellarburgers.nomoreparties.site/api/auth/register
Proxy:			<none>
Request params:	<none>
Query params:	<none>
Form params:	<none>
Path params:	<none>
Headers:		Accept=*/*
				Content-Type=application/json
Cookies:		<none>
Multiparts:		<none>
Body:
{
    "email": "PGyRfHQBoY@ya.ru",
    "password": "eklrrNjjof",
    "name": "HtKOBxdveI"
}
Request method:	POST
Request URI:	https://stellarburgers.nomoreparties.site/api/auth/register
Proxy:			<none>
Request params:	<none>
Query params:	<none>
Form params:	<none>
Path params:	<none>
Headers:		Accept=*/*
				Content-Type=application/json
Cookies:		<none>
Multiparts:		<none>
Body:
{
    "email": "PGyRfHQBoY@ya.ru",
    "password": "eklrrNjjof",
    "name": "HtKOBxdveI"
}
Request method:	POST
Request URI:	https://stellarburgers.nomoreparties.site/api/auth/register
Proxy:			<none>
Request params:	<none>
Query params:	<none>
Form params:	<none>
Path params:	<none>
Headers:		Accept=*/*
				Content-Type=application/json
Cookies:		<none>
Multiparts:		<none>
Body:
{
    "email": "PGyRfHQBoY@ya.ru",
    "password": "eklrrNjjof",
    "name": "HtKOBxdveI"
}
Request method:	POST
Request URI:	https://stellarburgers.nomoreparties.site/api/auth/register
Proxy:			<none>
Request params:	<none>
Query params:	<none>
Form params:	<none>
Path params:	<none>
Headers:		Accept=*/*
				Content-Type=application/json
Cookies:		<none>
Multiparts:		<none>
Body:
{
    "email": "PGyRfHQBoY@ya.ru",
    "password": "eklrrNjjof",
    "name": "HtKOBxdveI"
}
Request method:	POST
Request URI:	https://stellarburgers.nomoreparties.site/api/auth/register
Proxy:			<none>
Request params:	<none>
Query params:	<none>
Form params:	<none>
Path params:	<none>
Headers:		Accept=*/*
				Content-Type=application/json
Cookies:		<none>
Multiparts:		<none>
Body:
{
    "email": "PGyRfHQBoY@ya.ru",
    "password": "eklrrNjjof",
    "name": "HtKOBxdveI"
}
Request method:	POST
Request URI:	https://stellarburgers.nomoreparties.site/api/auth/register
Proxy:			<none>
Request params:	<none>
Query params:	<none>
Form params:	<none>
Path params:	<none>
Headers:		Accept=*/*
				Content-Type=application/json
Cookies:		<none>
Multiparts:		<none>
Body:
{
    "email": "PGyRfHQBoY@ya.ru",
    "password": "eklrrNjjof",
    "name": "HtKOBxdveI"
}
Request method:	POST
Request URI:	https://stellarburgers.nomoreparties.site/api/auth/register
Proxy:			<none>
Request params:	<none>
Query params:	<none>
Form params:	<none>
Path params:	<none>
Headers:		Accept=*/*
				Content-Type=application/json
Cookies:		<none>
Multiparts:		<none>
Body:
{
    "email": "PGyRfHQBoY@ya.ru",
    "password": "eklrrNjjof",
    "name": "HtKOBxdveI"
}
Request method:	POST
Request URI:	https://stellarburgers.nomoreparties.site/api/auth/register
Proxy:			<none>
Request params:	<none>
Query params:	<none>
Form params:	<none>
Path params:	<none>
Headers:		Accept=*/*
				Content-Type=application/json
Cookies:		<none>
Multiparts:		<none>
Body:
{
    "email": "PGyRfHQBoY@ya.ru",
    "password": "eklrrNjjof",
    "name": "HtKOBxdveI"
}
Request method:	POST
Request URI:	https://stellarburgers.nomoreparties.site/api/auth/register
Proxy:			<none>
Request params:	<none>
Query params:	<none>
Form params:	<none>
Path params:	<none>
Headers:		Accept=*/*
				Content-Type=application/json
Cookies:		<none>
Multiparts:		<none>
Body:
{
    "email": "PGyRfHQBoY@ya.ru",
    "password": "eklrrNjjof",
    "name": "HtKOBxdveI"
}
Request method:	POST
Request URI:	https://stellarburgers.nomoreparties.site/api/auth/register
Proxy:			<none>
Request params:	<none>
Query params:	<none>
Form params:	<none>
Path params:	<none>
Headers:		Accept=*/*
				Content-Type=application/json
Cookies:		<none>
Multiparts:		<none>
Body:
{
    "email": "PGyRfHQBoY@ya.ru",
    "password": "eklrrNjjof",
    "name": "HtKOBxdveI"
}
Request method:	POST
Request URI:	https://stellarburgers.nomoreparties.site/api/auth/register
Proxy:			<none>
Request params:	<none>
Query params:	<none>
Form params:	<none>
Path params:	<none>
Headers:		Accept=*/*
				Content-Type=application/json
Cookies:		<none>
Multiparts:		<none>
Body:
{
    "email": "PGyRfHQBoY@ya.ru",
    "password": "eklrrNjjof",
    "name": "HtKOBxdveI"
}
Request method:	POST
Request URI:	https://stellarburgers.nomoreparties.site/api/auth/register
Proxy:			<none>
Request params:	<none>
Query params:	<none>
Form params:	<none>
Path params:	<none>
Headers:		Accept=*/*
				Content-Type=application/json
Cookies:		<none>
Multiparts:		<none>
Body:
{
    "email": "PGyRfHQBoY@ya.ru",
    "password": "eklrrNjjof",
    "name": "HtKOBxdveI"
}
HTTP/1.1 200 OK
Date: Sun, 30 Jun 2024 15:27:46 GMT
Content-Type: application/json; charset=utf-8
Transfer-Encoding: chunked
Connection: keep-alive
X-Powered-By: Express
Access-Control-Allow-Origin: *
authorization: Bearer eyJhbGciOiJIUzI1NiIsInR5cCI6IkpXVCJ9.eyJpZCI6IjY2ODE3OTcyOWVkMjgwMDAxYjQ1OTYxMCIsImlhdCI6MTcxOTc2MTI2NiwiZXhwIjoxNzE5NzYyNDY2fQ.txrk-N2ndrvBCWRmXsaO5QupS0MLPCv-MwVesRH4mr4
ETag: W/"16d-GfUXONI+5FYy9E449ppzKd3d7zs"
CF-Cache-Status: DYNAMIC
Report-To: {"endpoints":[{"url":"https:\/\/a.nel.cloudflare.com\/report\/v4?s=%2Bmjt%2FZhCp2uA7CIH34itSNnUhW5XRI3BQFl9g6TEzYpEvoL6JsUDp0wsfRxhhAYngZ2tZpx373W2B2XQ%2Fl2ZMpMK4XypPX8sAW3%2BcWCz2RBuO5XQCEzQWc0k6efMOvA8oiNb8wtPin8wElHoQobizEc0Mv8%3D"}],"group":"cf-nel","max_age":604800}
NEL: {"success_fraction":0,"report_to":"cf-nel","max_age":604800}
Server: cloudflare
CF-RAY: 89bf2ea96ed89da9-DME
Content-Encoding: gzip
alt-svc: h3=":443"; ma=86400

{
    "success": true,
    "user": {
        "email": "pgyrfhqboy@ya.ru",
        "name": "HtKOBxdveI"
    },
    "accessToken": "Bearer eyJhbGciOiJIUzI1NiIsInR5cCI6IkpXVCJ9.eyJpZCI6IjY2ODE3OTcyOWVkMjgwMDAxYjQ1OTYxMCIsImlhdCI6MTcxOTc2MTI2NiwiZXhwIjoxNzE5NzYyNDY2fQ.txrk-N2ndrvBCWRmXsaO5QupS0MLPCv-MwVesRH4mr4",
    "refreshToken": "8330b0513e871a916c4f1622aacb6031e61fedaca68441a374af1f9b1adb6fb5f14aca2f6de8d38b"
}
HTTP/1.1 200 OK
Date: Sun, 30 Jun 2024 15:27:46 GMT
Content-Type: application/json; charset=utf-8
Transfer-Encoding: chunked
Connection: keep-alive
X-Powered-By: Express
Access-Control-Allow-Origin: *
authorization: Bearer eyJhbGciOiJIUzI1NiIsInR5cCI6IkpXVCJ9.eyJpZCI6IjY2ODE3OTcyOWVkMjgwMDAxYjQ1OTYxMCIsImlhdCI6MTcxOTc2MTI2NiwiZXhwIjoxNzE5NzYyNDY2fQ.txrk-N2ndrvBCWRmXsaO5QupS0MLPCv-MwVesRH4mr4
ETag: W/"16d-GfUXONI+5FYy9E449ppzKd3d7zs"
CF-Cache-Status: DYNAMIC
Report-To: {"endpoints":[{"url":"https:\/\/a.nel.cloudflare.com\/report\/v4?s=%2Bmjt%2FZhCp2uA7CIH34itSNnUhW5XRI3BQFl9g6TEzYpEvoL6JsUDp0wsfRxhhAYngZ2tZpx373W2B2XQ%2Fl2ZMpMK4XypPX8sAW3%2BcWCz2RBuO5XQCEzQWc0k6efMOvA8oiNb8wtPin8wElHoQobizEc0Mv8%3D"}],"group":"cf-nel","max_age":604800}
NEL: {"success_fraction":0,"report_to":"cf-nel","max_age":604800}
Server: cloudflare
CF-RAY: 89bf2ea96ed89da9-DME
Content-Encoding: gzip
alt-svc: h3=":443"; ma=86400

{
    "success": true,
    "user": {
        "email": "pgyrfhqboy@ya.ru",
        "name": "HtKOBxdveI"
    },
    "accessToken": "Bearer eyJhbGciOiJIUzI1NiIsInR5cCI6IkpXVCJ9.eyJpZCI6IjY2ODE3OTcyOWVkMjgwMDAxYjQ1OTYxMCIsImlhdCI6MTcxOTc2MTI2NiwiZXhwIjoxNzE5NzYyNDY2fQ.txrk-N2ndrvBCWRmXsaO5QupS0MLPCv-MwVesRH4mr4",
    "refreshToken": "8330b0513e871a916c4f1622aacb6031e61fedaca68441a374af1f9b1adb6fb5f14aca2f6de8d38b"
}
HTTP/1.1 200 OK
Date: Sun, 30 Jun 2024 15:27:46 GMT
Content-Type: application/json; charset=utf-8
Transfer-Encoding: chunked
Connection: keep-alive
X-Powered-By: Express
Access-Control-Allow-Origin: *
authorization: Bearer eyJhbGciOiJIUzI1NiIsInR5cCI6IkpXVCJ9.eyJpZCI6IjY2ODE3OTcyOWVkMjgwMDAxYjQ1OTYxMCIsImlhdCI6MTcxOTc2MTI2NiwiZXhwIjoxNzE5NzYyNDY2fQ.txrk-N2ndrvBCWRmXsaO5QupS0MLPCv-MwVesRH4mr4
ETag: W/"16d-GfUXONI+5FYy9E449ppzKd3d7zs"
CF-Cache-Status: DYNAMIC
Report-To: {"endpoints":[{"url":"https:\/\/a.nel.cloudflare.com\/report\/v4?s=%2Bmjt%2FZhCp2uA7CIH34itSNnUhW5XRI3BQFl9g6TEzYpEvoL6JsUDp0wsfRxhhAYngZ2tZpx373W2B2XQ%2Fl2ZMpMK4XypPX8sAW3%2BcWCz2RBuO5XQCEzQWc0k6efMOvA8oiNb8wtPin8wElHoQobizEc0Mv8%3D"}],"group":"cf-nel","max_age":604800}
NEL: {"success_fraction":0,"report_to":"cf-nel","max_age":604800}
Server: cloudflare
CF-RAY: 89bf2ea96ed89da9-DME
Content-Encoding: gzip
alt-svc: h3=":443"; ma=86400

{
    "success": true,
    "user": {
        "email": "pgyrfhqboy@ya.ru",
        "name": "HtKOBxdveI"
    },
    "accessToken": "Bearer eyJhbGciOiJIUzI1NiIsInR5cCI6IkpXVCJ9.eyJpZCI6IjY2ODE3OTcyOWVkMjgwMDAxYjQ1OTYxMCIsImlhdCI6MTcxOTc2MTI2NiwiZXhwIjoxNzE5NzYyNDY2fQ.txrk-N2ndrvBCWRmXsaO5QupS0MLPCv-MwVesRH4mr4",
    "refreshToken": "8330b0513e871a916c4f1622aacb6031e61fedaca68441a374af1f9b1adb6fb5f14aca2f6de8d38b"
}
HTTP/1.1 200 OK
Date: Sun, 30 Jun 2024 15:27:46 GMT
Content-Type: application/json; charset=utf-8
Transfer-Encoding: chunked
Connection: keep-alive
X-Powered-By: Express
Access-Control-Allow-Origin: *
authorization: Bearer eyJhbGciOiJIUzI1NiIsInR5cCI6IkpXVCJ9.eyJpZCI6IjY2ODE3OTcyOWVkMjgwMDAxYjQ1OTYxMCIsImlhdCI6MTcxOTc2MTI2NiwiZXhwIjoxNzE5NzYyNDY2fQ.txrk-N2ndrvBCWRmXsaO5QupS0MLPCv-MwVesRH4mr4
ETag: W/"16d-GfUXONI+5FYy9E449ppzKd3d7zs"
CF-Cache-Status: DYNAMIC
Report-To: {"endpoints":[{"url":"https:\/\/a.nel.cloudflare.com\/report\/v4?s=%2Bmjt%2FZhCp2uA7CIH34itSNnUhW5XRI3BQFl9g6TEzYpEvoL6JsUDp0wsfRxhhAYngZ2tZpx373W2B2XQ%2Fl2ZMpMK4XypPX8sAW3%2BcWCz2RBuO5XQCEzQWc0k6efMOvA8oiNb8wtPin8wElHoQobizEc0Mv8%3D"}],"group":"cf-nel","max_age":604800}
NEL: {"success_fraction":0,"report_to":"cf-nel","max_age":604800}
Server: cloudflare
CF-RAY: 89bf2ea96ed89da9-DME
Content-Encoding: gzip
alt-svc: h3=":443"; ma=86400

{
    "success": true,
    "user": {
        "email": "pgyrfhqboy@ya.ru",
        "name": "HtKOBxdveI"
    },
    "accessToken": "Bearer eyJhbGciOiJIUzI1NiIsInR5cCI6IkpXVCJ9.eyJpZCI6IjY2ODE3OTcyOWVkMjgwMDAxYjQ1OTYxMCIsImlhdCI6MTcxOTc2MTI2NiwiZXhwIjoxNzE5NzYyNDY2fQ.txrk-N2ndrvBCWRmXsaO5QupS0MLPCv-MwVesRH4mr4",
    "refreshToken": "8330b0513e871a916c4f1622aacb6031e61fedaca68441a374af1f9b1adb6fb5f14aca2f6de8d38b"
}
HTTP/1.1 200 OK
Date: Sun, 30 Jun 2024 15:27:46 GMT
Content-Type: application/json; charset=utf-8
Transfer-Encoding: chunked
Connection: keep-alive
X-Powered-By: Express
Access-Control-Allow-Origin: *
authorization: Bearer eyJhbGciOiJIUzI1NiIsInR5cCI6IkpXVCJ9.eyJpZCI6IjY2ODE3OTcyOWVkMjgwMDAxYjQ1OTYxMCIsImlhdCI6MTcxOTc2MTI2NiwiZXhwIjoxNzE5NzYyNDY2fQ.txrk-N2ndrvBCWRmXsaO5QupS0MLPCv-MwVesRH4mr4
ETag: W/"16d-GfUXONI+5FYy9E449ppzKd3d7zs"
CF-Cache-Status: DYNAMIC
Report-To: {"endpoints":[{"url":"https:\/\/a.nel.cloudflare.com\/report\/v4?s=%2Bmjt%2FZhCp2uA7CIH34itSNnUhW5XRI3BQFl9g6TEzYpEvoL6JsUDp0wsfRxhhAYngZ2tZpx373W2B2XQ%2Fl2ZMpMK4XypPX8sAW3%2BcWCz2RBuO5XQCEzQWc0k6efMOvA8oiNb8wtPin8wElHoQobizEc0Mv8%3D"}],"group":"cf-nel","max_age":604800}
NEL: {"success_fraction":0,"report_to":"cf-nel","max_age":604800}
Server: cloudflare
CF-RAY: 89bf2ea96ed89da9-DME
Content-Encoding: gzip
alt-svc: h3=":443"; ma=86400

{
    "success": true,
    "user": {
        "email": "pgyrfhqboy@ya.ru",
        "name": "HtKOBxdveI"
    },
    "accessToken": "Bearer eyJhbGciOiJIUzI1NiIsInR5cCI6IkpXVCJ9.eyJpZCI6IjY2ODE3OTcyOWVkMjgwMDAxYjQ1OTYxMCIsImlhdCI6MTcxOTc2MTI2NiwiZXhwIjoxNzE5NzYyNDY2fQ.txrk-N2ndrvBCWRmXsaO5QupS0MLPCv-MwVesRH4mr4",
    "refreshToken": "8330b0513e871a916c4f1622aacb6031e61fedaca68441a374af1f9b1adb6fb5f14aca2f6de8d38b"
}
HTTP/1.1 200 OK
Date: Sun, 30 Jun 2024 15:27:46 GMT
Content-Type: application/json; charset=utf-8
Transfer-Encoding: chunked
Connection: keep-alive
X-Powered-By: Express
Access-Control-Allow-Origin: *
authorization: Bearer eyJhbGciOiJIUzI1NiIsInR5cCI6IkpXVCJ9.eyJpZCI6IjY2ODE3OTcyOWVkMjgwMDAxYjQ1OTYxMCIsImlhdCI6MTcxOTc2MTI2NiwiZXhwIjoxNzE5NzYyNDY2fQ.txrk-N2ndrvBCWRmXsaO5QupS0MLPCv-MwVesRH4mr4
ETag: W/"16d-GfUXONI+5FYy9E449ppzKd3d7zs"
CF-Cache-Status: DYNAMIC
Report-To: {"endpoints":[{"url":"https:\/\/a.nel.cloudflare.com\/report\/v4?s=%2Bmjt%2FZhCp2uA7CIH34itSNnUhW5XRI3BQFl9g6TEzYpEvoL6JsUDp0wsfRxhhAYngZ2tZpx373W2B2XQ%2Fl2ZMpMK4XypPX8sAW3%2BcWCz2RBuO5XQCEzQWc0k6efMOvA8oiNb8wtPin8wElHoQobizEc0Mv8%3D"}],"group":"cf-nel","max_age":604800}
NEL: {"success_fraction":0,"report_to":"cf-nel","max_age":604800}
Server: cloudflare
CF-RAY: 89bf2ea96ed89da9-DME
Content-Encoding: gzip
alt-svc: h3=":443"; ma=86400

{
    "success": true,
    "user": {
        "email": "pgyrfhqboy@ya.ru",
        "name": "HtKOBxdveI"
    },
    "accessToken": "Bearer eyJhbGciOiJIUzI1NiIsInR5cCI6IkpXVCJ9.eyJpZCI6IjY2ODE3OTcyOWVkMjgwMDAxYjQ1OTYxMCIsImlhdCI6MTcxOTc2MTI2NiwiZXhwIjoxNzE5NzYyNDY2fQ.txrk-N2ndrvBCWRmXsaO5QupS0MLPCv-MwVesRH4mr4",
    "refreshToken": "8330b0513e871a916c4f1622aacb6031e61fedaca68441a374af1f9b1adb6fb5f14aca2f6de8d38b"
}
HTTP/1.1 200 OK
Date: Sun, 30 Jun 2024 15:27:46 GMT
Content-Type: application/json; charset=utf-8
Transfer-Encoding: chunked
Connection: keep-alive
X-Powered-By: Express
Access-Control-Allow-Origin: *
authorization: Bearer eyJhbGciOiJIUzI1NiIsInR5cCI6IkpXVCJ9.eyJpZCI6IjY2ODE3OTcyOWVkMjgwMDAxYjQ1OTYxMCIsImlhdCI6MTcxOTc2MTI2NiwiZXhwIjoxNzE5NzYyNDY2fQ.txrk-N2ndrvBCWRmXsaO5QupS0MLPCv-MwVesRH4mr4
ETag: W/"16d-GfUXONI+5FYy9E449ppzKd3d7zs"
CF-Cache-Status: DYNAMIC
Report-To: {"endpoints":[{"url":"https:\/\/a.nel.cloudflare.com\/report\/v4?s=%2Bmjt%2FZhCp2uA7CIH34itSNnUhW5XRI3BQFl9g6TEzYpEvoL6JsUDp0wsfRxhhAYngZ2tZpx373W2B2XQ%2Fl2ZMpMK4XypPX8sAW3%2BcWCz2RBuO5XQCEzQWc0k6efMOvA8oiNb8wtPin8wElHoQobizEc0Mv8%3D"}],"group":"cf-nel","max_age":604800}
NEL: {"success_fraction":0,"report_to":"cf-nel","max_age":604800}
Server: cloudflare
CF-RAY: 89bf2ea96ed89da9-DME
Content-Encoding: gzip
alt-svc: h3=":443"; ma=86400

{
    "success": true,
    "user": {
        "email": "pgyrfhqboy@ya.ru",
        "name": "HtKOBxdveI"
    },
    "accessToken": "Bearer eyJhbGciOiJIUzI1NiIsInR5cCI6IkpXVCJ9.eyJpZCI6IjY2ODE3OTcyOWVkMjgwMDAxYjQ1OTYxMCIsImlhdCI6MTcxOTc2MTI2NiwiZXhwIjoxNzE5NzYyNDY2fQ.txrk-N2ndrvBCWRmXsaO5QupS0MLPCv-MwVesRH4mr4",
    "refreshToken": "8330b0513e871a916c4f1622aacb6031e61fedaca68441a374af1f9b1adb6fb5f14aca2f6de8d38b"
}
HTTP/1.1 200 OK
Date: Sun, 30 Jun 2024 15:27:46 GMT
Content-Type: application/json; charset=utf-8
Transfer-Encoding: chunked
Connection: keep-alive
X-Powered-By: Express
Access-Control-Allow-Origin: *
authorization: Bearer eyJhbGciOiJIUzI1NiIsInR5cCI6IkpXVCJ9.eyJpZCI6IjY2ODE3OTcyOWVkMjgwMDAxYjQ1OTYxMCIsImlhdCI6MTcxOTc2MTI2NiwiZXhwIjoxNzE5NzYyNDY2fQ.txrk-N2ndrvBCWRmXsaO5QupS0MLPCv-MwVesRH4mr4
ETag: W/"16d-GfUXONI+5FYy9E449ppzKd3d7zs"
CF-Cache-Status: DYNAMIC
Report-To: {"endpoints":[{"url":"https:\/\/a.nel.cloudflare.com\/report\/v4?s=%2Bmjt%2FZhCp2uA7CIH34itSNnUhW5XRI3BQFl9g6TEzYpEvoL6JsUDp0wsfRxhhAYngZ2tZpx373W2B2XQ%2Fl2ZMpMK4XypPX8sAW3%2BcWCz2RBuO5XQCEzQWc0k6efMOvA8oiNb8wtPin8wElHoQobizEc0Mv8%3D"}],"group":"cf-nel","max_age":604800}
NEL: {"success_fraction":0,"report_to":"cf-nel","max_age":604800}
Server: cloudflare
CF-RAY: 89bf2ea96ed89da9-DME
Content-Encoding: gzip
alt-svc: h3=":443"; ma=86400

{
    "success": true,
    "user": {
        "email": "pgyrfhqboy@ya.ru",
        "name": "HtKOBxdveI"
    },
    "accessToken": "Bearer eyJhbGciOiJIUzI1NiIsInR5cCI6IkpXVCJ9.eyJpZCI6IjY2ODE3OTcyOWVkMjgwMDAxYjQ1OTYxMCIsImlhdCI6MTcxOTc2MTI2NiwiZXhwIjoxNzE5NzYyNDY2fQ.txrk-N2ndrvBCWRmXsaO5QupS0MLPCv-MwVesRH4mr4",
    "refreshToken": "8330b0513e871a916c4f1622aacb6031e61fedaca68441a374af1f9b1adb6fb5f14aca2f6de8d38b"
}
HTTP/1.1 200 OK
Date: Sun, 30 Jun 2024 15:27:46 GMT
Content-Type: application/json; charset=utf-8
Transfer-Encoding: chunked
Connection: keep-alive
X-Powered-By: Express
Access-Control-Allow-Origin: *
authorization: Bearer eyJhbGciOiJIUzI1NiIsInR5cCI6IkpXVCJ9.eyJpZCI6IjY2ODE3OTcyOWVkMjgwMDAxYjQ1OTYxMCIsImlhdCI6MTcxOTc2MTI2NiwiZXhwIjoxNzE5NzYyNDY2fQ.txrk-N2ndrvBCWRmXsaO5QupS0MLPCv-MwVesRH4mr4
ETag: W/"16d-GfUXONI+5FYy9E449ppzKd3d7zs"
CF-Cache-Status: DYNAMIC
Report-To: {"endpoints":[{"url":"https:\/\/a.nel.cloudflare.com\/report\/v4?s=%2Bmjt%2FZhCp2uA7CIH34itSNnUhW5XRI3BQFl9g6TEzYpEvoL6JsUDp0wsfRxhhAYngZ2tZpx373W2B2XQ%2Fl2ZMpMK4XypPX8sAW3%2BcWCz2RBuO5XQCEzQWc0k6efMOvA8oiNb8wtPin8wElHoQobizEc0Mv8%3D"}],"group":"cf-nel","max_age":604800}
NEL: {"success_fraction":0,"report_to":"cf-nel","max_age":604800}
Server: cloudflare
CF-RAY: 89bf2ea96ed89da9-DME
Content-Encoding: gzip
alt-svc: h3=":443"; ma=86400

{
    "success": true,
    "user": {
        "email": "pgyrfhqboy@ya.ru",
        "name": "HtKOBxdveI"
    },
    "accessToken": "Bearer eyJhbGciOiJIUzI1NiIsInR5cCI6IkpXVCJ9.eyJpZCI6IjY2ODE3OTcyOWVkMjgwMDAxYjQ1OTYxMCIsImlhdCI6MTcxOTc2MTI2NiwiZXhwIjoxNzE5NzYyNDY2fQ.txrk-N2ndrvBCWRmXsaO5QupS0MLPCv-MwVesRH4mr4",
    "refreshToken": "8330b0513e871a916c4f1622aacb6031e61fedaca68441a374af1f9b1adb6fb5f14aca2f6de8d38b"
}
HTTP/1.1 200 OK
Date: Sun, 30 Jun 2024 15:27:46 GMT
Content-Type: application/json; charset=utf-8
Transfer-Encoding: chunked
Connection: keep-alive
X-Powered-By: Express
Access-Control-Allow-Origin: *
authorization: Bearer eyJhbGciOiJIUzI1NiIsInR5cCI6IkpXVCJ9.eyJpZCI6IjY2ODE3OTcyOWVkMjgwMDAxYjQ1OTYxMCIsImlhdCI6MTcxOTc2MTI2NiwiZXhwIjoxNzE5NzYyNDY2fQ.txrk-N2ndrvBCWRmXsaO5QupS0MLPCv-MwVesRH4mr4
ETag: W/"16d-GfUXONI+5FYy9E449ppzKd3d7zs"
CF-Cache-Status: DYNAMIC
Report-To: {"endpoints":[{"url":"https:\/\/a.nel.cloudflare.com\/report\/v4?s=%2Bmjt%2FZhCp2uA7CIH34itSNnUhW5XRI3BQFl9g6TEzYpEvoL6JsUDp0wsfRxhhAYngZ2tZpx373W2B2XQ%2Fl2ZMpMK4XypPX8sAW3%2BcWCz2RBuO5XQCEzQWc0k6efMOvA8oiNb8wtPin8wElHoQobizEc0Mv8%3D"}],"group":"cf-nel","max_age":604800}
NEL: {"success_fraction":0,"report_to":"cf-nel","max_age":604800}
Server: cloudflare
CF-RAY: 89bf2ea96ed89da9-DME
Content-Encoding: gzip
alt-svc: h3=":443"; ma=86400

{
    "success": true,
    "user": {
        "email": "pgyrfhqboy@ya.ru",
        "name": "HtKOBxdveI"
    },
    "accessToken": "Bearer eyJhbGciOiJIUzI1NiIsInR5cCI6IkpXVCJ9.eyJpZCI6IjY2ODE3OTcyOWVkMjgwMDAxYjQ1OTYxMCIsImlhdCI6MTcxOTc2MTI2NiwiZXhwIjoxNzE5NzYyNDY2fQ.txrk-N2ndrvBCWRmXsaO5QupS0MLPCv-MwVesRH4mr4",
    "refreshToken": "8330b0513e871a916c4f1622aacb6031e61fedaca68441a374af1f9b1adb6fb5f14aca2f6de8d38b"
}
HTTP/1.1 200 OK
Date: Sun, 30 Jun 2024 15:27:46 GMT
Content-Type: application/json; charset=utf-8
Transfer-Encoding: chunked
Connection: keep-alive
X-Powered-By: Express
Access-Control-Allow-Origin: *
authorization: Bearer eyJhbGciOiJIUzI1NiIsInR5cCI6IkpXVCJ9.eyJpZCI6IjY2ODE3OTcyOWVkMjgwMDAxYjQ1OTYxMCIsImlhdCI6MTcxOTc2MTI2NiwiZXhwIjoxNzE5NzYyNDY2fQ.txrk-N2ndrvBCWRmXsaO5QupS0MLPCv-MwVesRH4mr4
ETag: W/"16d-GfUXONI+5FYy9E449ppzKd3d7zs"
CF-Cache-Status: DYNAMIC
Report-To: {"endpoints":[{"url":"https:\/\/a.nel.cloudflare.com\/report\/v4?s=%2Bmjt%2FZhCp2uA7CIH34itSNnUhW5XRI3BQFl9g6TEzYpEvoL6JsUDp0wsfRxhhAYngZ2tZpx373W2B2XQ%2Fl2ZMpMK4XypPX8sAW3%2BcWCz2RBuO5XQCEzQWc0k6efMOvA8oiNb8wtPin8wElHoQobizEc0Mv8%3D"}],"group":"cf-nel","max_age":604800}
NEL: {"success_fraction":0,"report_to":"cf-nel","max_age":604800}
Server: cloudflare
CF-RAY: 89bf2ea96ed89da9-DME
Content-Encoding: gzip
alt-svc: h3=":443"; ma=86400

{
    "success": true,
    "user": {
        "email": "pgyrfhqboy@ya.ru",
        "name": "HtKOBxdveI"
    },
    "accessToken": "Bearer eyJhbGciOiJIUzI1NiIsInR5cCI6IkpXVCJ9.eyJpZCI6IjY2ODE3OTcyOWVkMjgwMDAxYjQ1OTYxMCIsImlhdCI6MTcxOTc2MTI2NiwiZXhwIjoxNzE5NzYyNDY2fQ.txrk-N2ndrvBCWRmXsaO5QupS0MLPCv-MwVesRH4mr4",
    "refreshToken": "8330b0513e871a916c4f1622aacb6031e61fedaca68441a374af1f9b1adb6fb5f14aca2f6de8d38b"
}
HTTP/1.1 200 OK
Date: Sun, 30 Jun 2024 15:27:46 GMT
Content-Type: application/json; charset=utf-8
Transfer-Encoding: chunked
Connection: keep-alive
X-Powered-By: Express
Access-Control-Allow-Origin: *
authorization: Bearer eyJhbGciOiJIUzI1NiIsInR5cCI6IkpXVCJ9.eyJpZCI6IjY2ODE3OTcyOWVkMjgwMDAxYjQ1OTYxMCIsImlhdCI6MTcxOTc2MTI2NiwiZXhwIjoxNzE5NzYyNDY2fQ.txrk-N2ndrvBCWRmXsaO5QupS0MLPCv-MwVesRH4mr4
ETag: W/"16d-GfUXONI+5FYy9E449ppzKd3d7zs"
CF-Cache-Status: DYNAMIC
Report-To: {"endpoints":[{"url":"https:\/\/a.nel.cloudflare.com\/report\/v4?s=%2Bmjt%2FZhCp2uA7CIH34itSNnUhW5XRI3BQFl9g6TEzYpEvoL6JsUDp0wsfRxhhAYngZ2tZpx373W2B2XQ%2Fl2ZMpMK4XypPX8sAW3%2BcWCz2RBuO5XQCEzQWc0k6efMOvA8oiNb8wtPin8wElHoQobizEc0Mv8%3D"}],"group":"cf-nel","max_age":604800}
NEL: {"success_fraction":0,"report_to":"cf-nel","max_age":604800}
Server: cloudflare
CF-RAY: 89bf2ea96ed89da9-DME
Content-Encoding: gzip
alt-svc: h3=":443"; ma=86400

{
    "success": true,
    "user": {
        "email": "pgyrfhqboy@ya.ru",
        "name": "HtKOBxdveI"
    },
    "accessToken": "Bearer eyJhbGciOiJIUzI1NiIsInR5cCI6IkpXVCJ9.eyJpZCI6IjY2ODE3OTcyOWVkMjgwMDAxYjQ1OTYxMCIsImlhdCI6MTcxOTc2MTI2NiwiZXhwIjoxNzE5NzYyNDY2fQ.txrk-N2ndrvBCWRmXsaO5QupS0MLPCv-MwVesRH4mr4",
    "refreshToken": "8330b0513e871a916c4f1622aacb6031e61fedaca68441a374af1f9b1adb6fb5f14aca2f6de8d38b"
}
HTTP/1.1 200 OK
Date: Sun, 30 Jun 2024 15:27:46 GMT
Content-Type: application/json; charset=utf-8
Transfer-Encoding: chunked
Connection: keep-alive
X-Powered-By: Express
Access-Control-Allow-Origin: *
authorization: Bearer eyJhbGciOiJIUzI1NiIsInR5cCI6IkpXVCJ9.eyJpZCI6IjY2ODE3OTcyOWVkMjgwMDAxYjQ1OTYxMCIsImlhdCI6MTcxOTc2MTI2NiwiZXhwIjoxNzE5NzYyNDY2fQ.txrk-N2ndrvBCWRmXsaO5QupS0MLPCv-MwVesRH4mr4
ETag: W/"16d-GfUXONI+5FYy9E449ppzKd3d7zs"
CF-Cache-Status: DYNAMIC
Report-To: {"endpoints":[{"url":"https:\/\/a.nel.cloudflare.com\/report\/v4?s=%2Bmjt%2FZhCp2uA7CIH34itSNnUhW5XRI3BQFl9g6TEzYpEvoL6JsUDp0wsfRxhhAYngZ2tZpx373W2B2XQ%2Fl2ZMpMK4XypPX8sAW3%2BcWCz2RBuO5XQCEzQWc0k6efMOvA8oiNb8wtPin8wElHoQobizEc0Mv8%3D"}],"group":"cf-nel","max_age":604800}
NEL: {"success_fraction":0,"report_to":"cf-nel","max_age":604800}
Server: cloudflare
CF-RAY: 89bf2ea96ed89da9-DME
Content-Encoding: gzip
alt-svc: h3=":443"; ma=86400

{
    "success": true,
    "user": {
        "email": "pgyrfhqboy@ya.ru",
        "name": "HtKOBxdveI"
    },
    "accessToken": "Bearer eyJhbGciOiJIUzI1NiIsInR5cCI6IkpXVCJ9.eyJpZCI6IjY2ODE3OTcyOWVkMjgwMDAxYjQ1OTYxMCIsImlhdCI6MTcxOTc2MTI2NiwiZXhwIjoxNzE5NzYyNDY2fQ.txrk-N2ndrvBCWRmXsaO5QupS0MLPCv-MwVesRH4mr4",
    "refreshToken": "8330b0513e871a916c4f1622aacb6031e61fedaca68441a374af1f9b1adb6fb5f14aca2f6de8d38b"
}
HTTP/1.1 200 OK
Date: Sun, 30 Jun 2024 15:27:46 GMT
Content-Type: application/json; charset=utf-8
Transfer-Encoding: chunked
Connection: keep-alive
X-Powered-By: Express
Access-Control-Allow-Origin: *
authorization: Bearer eyJhbGciOiJIUzI1NiIsInR5cCI6IkpXVCJ9.eyJpZCI6IjY2ODE3OTcyOWVkMjgwMDAxYjQ1OTYxMCIsImlhdCI6MTcxOTc2MTI2NiwiZXhwIjoxNzE5NzYyNDY2fQ.txrk-N2ndrvBCWRmXsaO5QupS0MLPCv-MwVesRH4mr4
ETag: W/"16d-GfUXONI+5FYy9E449ppzKd3d7zs"
CF-Cache-Status: DYNAMIC
Report-To: {"endpoints":[{"url":"https:\/\/a.nel.cloudflare.com\/report\/v4?s=%2Bmjt%2FZhCp2uA7CIH34itSNnUhW5XRI3BQFl9g6TEzYpEvoL6JsUDp0wsfRxhhAYngZ2tZpx373W2B2XQ%2Fl2ZMpMK4XypPX8sAW3%2BcWCz2RBuO5XQCEzQWc0k6efMOvA8oiNb8wtPin8wElHoQobizEc0Mv8%3D"}],"group":"cf-nel","max_age":604800}
NEL: {"success_fraction":0,"report_to":"cf-nel","max_age":604800}
Server: cloudflare
CF-RAY: 89bf2ea96ed89da9-DME
Content-Encoding: gzip
alt-svc: h3=":443"; ma=86400

{
    "success": true,
    "user": {
        "email": "pgyrfhqboy@ya.ru",
        "name": "HtKOBxdveI"
    },
    "accessToken": "Bearer eyJhbGciOiJIUzI1NiIsInR5cCI6IkpXVCJ9.eyJpZCI6IjY2ODE3OTcyOWVkMjgwMDAxYjQ1OTYxMCIsImlhdCI6MTcxOTc2MTI2NiwiZXhwIjoxNzE5NzYyNDY2fQ.txrk-N2ndrvBCWRmXsaO5QupS0MLPCv-MwVesRH4mr4",
    "refreshToken": "8330b0513e871a916c4f1622aacb6031e61fedaca68441a374af1f9b1adb6fb5f14aca2f6de8d38b"
}
HTTP/1.1 200 OK
Date: Sun, 30 Jun 2024 15:27:46 GMT
Content-Type: application/json; charset=utf-8
Transfer-Encoding: chunked
Connection: keep-alive
X-Powered-By: Express
Access-Control-Allow-Origin: *
authorization: Bearer eyJhbGciOiJIUzI1NiIsInR5cCI6IkpXVCJ9.eyJpZCI6IjY2ODE3OTcyOWVkMjgwMDAxYjQ1OTYxMCIsImlhdCI6MTcxOTc2MTI2NiwiZXhwIjoxNzE5NzYyNDY2fQ.txrk-N2ndrvBCWRmXsaO5QupS0MLPCv-MwVesRH4mr4
ETag: W/"16d-GfUXONI+5FYy9E449ppzKd3d7zs"
CF-Cache-Status: DYNAMIC
Report-To: {"endpoints":[{"url":"https:\/\/a.nel.cloudflare.com\/report\/v4?s=%2Bmjt%2FZhCp2uA7CIH34itSNnUhW5XRI3BQFl9g6TEzYpEvoL6JsUDp0wsfRxhhAYngZ2tZpx373W2B2XQ%2Fl2ZMpMK4XypPX8sAW3%2BcWCz2RBuO5XQCEzQWc0k6efMOvA8oiNb8wtPin8wElHoQobizEc0Mv8%3D"}],"group":"cf-nel","max_age":604800}
NEL: {"success_fraction":0,"report_to":"cf-nel","max_age":604800}
Server: cloudflare
CF-RAY: 89bf2ea96ed89da9-DME
Content-Encoding: gzip
alt-svc: h3=":443"; ma=86400

{
    "success": true,
    "user": {
        "email": "pgyrfhqboy@ya.ru",
        "name": "HtKOBxdveI"
    },
    "accessToken": "Bearer eyJhbGciOiJIUzI1NiIsInR5cCI6IkpXVCJ9.eyJpZCI6IjY2ODE3OTcyOWVkMjgwMDAxYjQ1OTYxMCIsImlhdCI6MTcxOTc2MTI2NiwiZXhwIjoxNzE5NzYyNDY2fQ.txrk-N2ndrvBCWRmXsaO5QupS0MLPCv-MwVesRH4mr4",
    "refreshToken": "8330b0513e871a916c4f1622aacb6031e61fedaca68441a374af1f9b1adb6fb5f14aca2f6de8d38b"
}
HTTP/1.1 200 OK
Date: Sun, 30 Jun 2024 15:27:46 GMT
Content-Type: application/json; charset=utf-8
Transfer-Encoding: chunked
Connection: keep-alive
X-Powered-By: Express
Access-Control-Allow-Origin: *
authorization: Bearer eyJhbGciOiJIUzI1NiIsInR5cCI6IkpXVCJ9.eyJpZCI6IjY2ODE3OTcyOWVkMjgwMDAxYjQ1OTYxMCIsImlhdCI6MTcxOTc2MTI2NiwiZXhwIjoxNzE5NzYyNDY2fQ.txrk-N2ndrvBCWRmXsaO5QupS0MLPCv-MwVesRH4mr4
ETag: W/"16d-GfUXONI+5FYy9E449ppzKd3d7zs"
CF-Cache-Status: DYNAMIC
Report-To: {"endpoints":[{"url":"https:\/\/a.nel.cloudflare.com\/report\/v4?s=%2Bmjt%2FZhCp2uA7CIH34itSNnUhW5XRI3BQFl9g6TEzYpEvoL6JsUDp0wsfRxhhAYngZ2tZpx373W2B2XQ%2Fl2ZMpMK4XypPX8sAW3%2BcWCz2RBuO5XQCEzQWc0k6efMOvA8oiNb8wtPin8wElHoQobizEc0Mv8%3D"}],"group":"cf-nel","max_age":604800}
NEL: {"success_fraction":0,"report_to":"cf-nel","max_age":604800}
Server: cloudflare
CF-RAY: 89bf2ea96ed89da9-DME
Content-Encoding: gzip
alt-svc: h3=":443"; ma=86400

{
    "success": true,
    "user": {
        "email": "pgyrfhqboy@ya.ru",
        "name": "HtKOBxdveI"
    },
    "accessToken": "Bearer eyJhbGciOiJIUzI1NiIsInR5cCI6IkpXVCJ9.eyJpZCI6IjY2ODE3OTcyOWVkMjgwMDAxYjQ1OTYxMCIsImlhdCI6MTcxOTc2MTI2NiwiZXhwIjoxNzE5NzYyNDY2fQ.txrk-N2ndrvBCWRmXsaO5QupS0MLPCv-MwVesRH4mr4",
    "refreshToken": "8330b0513e871a916c4f1622aacb6031e61fedaca68441a374af1f9b1adb6fb5f14aca2f6de8d38b"
}
HTTP/1.1 200 OK
Date: Sun, 30 Jun 2024 15:27:46 GMT
Content-Type: application/json; charset=utf-8
Transfer-Encoding: chunked
Connection: keep-alive
X-Powered-By: Express
Access-Control-Allow-Origin: *
authorization: Bearer eyJhbGciOiJIUzI1NiIsInR5cCI6IkpXVCJ9.eyJpZCI6IjY2ODE3OTcyOWVkMjgwMDAxYjQ1OTYxMCIsImlhdCI6MTcxOTc2MTI2NiwiZXhwIjoxNzE5NzYyNDY2fQ.txrk-N2ndrvBCWRmXsaO5QupS0MLPCv-MwVesRH4mr4
ETag: W/"16d-GfUXONI+5FYy9E449ppzKd3d7zs"
CF-Cache-Status: DYNAMIC
Report-To: {"endpoints":[{"url":"https:\/\/a.nel.cloudflare.com\/report\/v4?s=%2Bmjt%2FZhCp2uA7CIH34itSNnUhW5XRI3BQFl9g6TEzYpEvoL6JsUDp0wsfRxhhAYngZ2tZpx373W2B2XQ%2Fl2ZMpMK4XypPX8sAW3%2BcWCz2RBuO5XQCEzQWc0k6efMOvA8oiNb8wtPin8wElHoQobizEc0Mv8%3D"}],"group":"cf-nel","max_age":604800}
NEL: {"success_fraction":0,"report_to":"cf-nel","max_age":604800}
Server: cloudflare
CF-RAY: 89bf2ea96ed89da9-DME
Content-Encoding: gzip
alt-svc: h3=":443"; ma=86400

{
    "success": true,
    "user": {
        "email": "pgyrfhqboy@ya.ru",
        "name": "HtKOBxdveI"
    },
    "accessToken": "Bearer eyJhbGciOiJIUzI1NiIsInR5cCI6IkpXVCJ9.eyJpZCI6IjY2ODE3OTcyOWVkMjgwMDAxYjQ1OTYxMCIsImlhdCI6MTcxOTc2MTI2NiwiZXhwIjoxNzE5NzYyNDY2fQ.txrk-N2ndrvBCWRmXsaO5QupS0MLPCv-MwVesRH4mr4",
    "refreshToken": "8330b0513e871a916c4f1622aacb6031e61fedaca68441a374af1f9b1adb6fb5f14aca2f6de8d38b"
}
HTTP/1.1 200 OK
Date: Sun, 30 Jun 2024 15:27:46 GMT
Content-Type: application/json; charset=utf-8
Transfer-Encoding: chunked
Connection: keep-alive
X-Powered-By: Express
Access-Control-Allow-Origin: *
authorization: Bearer eyJhbGciOiJIUzI1NiIsInR5cCI6IkpXVCJ9.eyJpZCI6IjY2ODE3OTcyOWVkMjgwMDAxYjQ1OTYxMCIsImlhdCI6MTcxOTc2MTI2NiwiZXhwIjoxNzE5NzYyNDY2fQ.txrk-N2ndrvBCWRmXsaO5QupS0MLPCv-MwVesRH4mr4
ETag: W/"16d-GfUXONI+5FYy9E449ppzKd3d7zs"
CF-Cache-Status: DYNAMIC
Report-To: {"endpoints":[{"url":"https:\/\/a.nel.cloudflare.com\/report\/v4?s=%2Bmjt%2FZhCp2uA7CIH34itSNnUhW5XRI3BQFl9g6TEzYpEvoL6JsUDp0wsfRxhhAYngZ2tZpx373W2B2XQ%2Fl2ZMpMK4XypPX8sAW3%2BcWCz2RBuO5XQCEzQWc0k6efMOvA8oiNb8wtPin8wElHoQobizEc0Mv8%3D"}],"group":"cf-nel","max_age":604800}
NEL: {"success_fraction":0,"report_to":"cf-nel","max_age":604800}
Server: cloudflare
CF-RAY: 89bf2ea96ed89da9-DME
Content-Encoding: gzip
alt-svc: h3=":443"; ma=86400

{
    "success": true,
    "user": {
        "email": "pgyrfhqboy@ya.ru",
        "name": "HtKOBxdveI"
    },
    "accessToken": "Bearer eyJhbGciOiJIUzI1NiIsInR5cCI6IkpXVCJ9.eyJpZCI6IjY2ODE3OTcyOWVkMjgwMDAxYjQ1OTYxMCIsImlhdCI6MTcxOTc2MTI2NiwiZXhwIjoxNzE5NzYyNDY2fQ.txrk-N2ndrvBCWRmXsaO5QupS0MLPCv-MwVesRH4mr4",
    "refreshToken": "8330b0513e871a916c4f1622aacb6031e61fedaca68441a374af1f9b1adb6fb5f14aca2f6de8d38b"
}
HTTP/1.1 200 OK
Date: Sun, 30 Jun 2024 15:27:46 GMT
Content-Type: application/json; charset=utf-8
Transfer-Encoding: chunked
Connection: keep-alive
X-Powered-By: Express
Access-Control-Allow-Origin: *
authorization: Bearer eyJhbGciOiJIUzI1NiIsInR5cCI6IkpXVCJ9.eyJpZCI6IjY2ODE3OTcyOWVkMjgwMDAxYjQ1OTYxMCIsImlhdCI6MTcxOTc2MTI2NiwiZXhwIjoxNzE5NzYyNDY2fQ.txrk-N2ndrvBCWRmXsaO5QupS0MLPCv-MwVesRH4mr4
ETag: W/"16d-GfUXONI+5FYy9E449ppzKd3d7zs"
CF-Cache-Status: DYNAMIC
Report-To: {"endpoints":[{"url":"https:\/\/a.nel.cloudflare.com\/report\/v4?s=%2Bmjt%2FZhCp2uA7CIH34itSNnUhW5XRI3BQFl9g6TEzYpEvoL6JsUDp0wsfRxhhAYngZ2tZpx373W2B2XQ%2Fl2ZMpMK4XypPX8sAW3%2BcWCz2RBuO5XQCEzQWc0k6efMOvA8oiNb8wtPin8wElHoQobizEc0Mv8%3D"}],"group":"cf-nel","max_age":604800}
NEL: {"success_fraction":0,"report_to":"cf-nel","max_age":604800}
Server: cloudflare
CF-RAY: 89bf2ea96ed89da9-DME
Content-Encoding: gzip
alt-svc: h3=":443"; ma=86400

{
    "success": true,
    "user": {
        "email": "pgyrfhqboy@ya.ru",
        "name": "HtKOBxdveI"
    },
    "accessToken": "Bearer eyJhbGciOiJIUzI1NiIsInR5cCI6IkpXVCJ9.eyJpZCI6IjY2ODE3OTcyOWVkMjgwMDAxYjQ1OTYxMCIsImlhdCI6MTcxOTc2MTI2NiwiZXhwIjoxNzE5NzYyNDY2fQ.txrk-N2ndrvBCWRmXsaO5QupS0MLPCv-MwVesRH4mr4",
    "refreshToken": "8330b0513e871a916c4f1622aacb6031e61fedaca68441a374af1f9b1adb6fb5f14aca2f6de8d38b"
}
HTTP/1.1 200 OK
Date: Sun, 30 Jun 2024 15:27:46 GMT
Content-Type: application/json; charset=utf-8
Transfer-Encoding: chunked
Connection: keep-alive
X-Powered-By: Express
Access-Control-Allow-Origin: *
authorization: Bearer eyJhbGciOiJIUzI1NiIsInR5cCI6IkpXVCJ9.eyJpZCI6IjY2ODE3OTcyOWVkMjgwMDAxYjQ1OTYxMCIsImlhdCI6MTcxOTc2MTI2NiwiZXhwIjoxNzE5NzYyNDY2fQ.txrk-N2ndrvBCWRmXsaO5QupS0MLPCv-MwVesRH4mr4
ETag: W/"16d-GfUXONI+5FYy9E449ppzKd3d7zs"
CF-Cache-Status: DYNAMIC
Report-To: {"endpoints":[{"url":"https:\/\/a.nel.cloudflare.com\/report\/v4?s=%2Bmjt%2FZhCp2uA7CIH34itSNnUhW5XRI3BQFl9g6TEzYpEvoL6JsUDp0wsfRxhhAYngZ2tZpx373W2B2XQ%2Fl2ZMpMK4XypPX8sAW3%2BcWCz2RBuO5XQCEzQWc0k6efMOvA8oiNb8wtPin8wElHoQobizEc0Mv8%3D"}],"group":"cf-nel","max_age":604800}
NEL: {"success_fraction":0,"report_to":"cf-nel","max_age":604800}
Server: cloudflare
CF-RAY: 89bf2ea96ed89da9-DME
Content-Encoding: gzip
alt-svc: h3=":443"; ma=86400

{
    "success": true,
    "user": {
        "email": "pgyrfhqboy@ya.ru",
        "name": "HtKOBxdveI"
    },
    "accessToken": "Bearer eyJhbGciOiJIUzI1NiIsInR5cCI6IkpXVCJ9.eyJpZCI6IjY2ODE3OTcyOWVkMjgwMDAxYjQ1OTYxMCIsImlhdCI6MTcxOTc2MTI2NiwiZXhwIjoxNzE5NzYyNDY2fQ.txrk-N2ndrvBCWRmXsaO5QupS0MLPCv-MwVesRH4mr4",
    "refreshToken": "8330b0513e871a916c4f1622aacb6031e61fedaca68441a374af1f9b1adb6fb5f14aca2f6de8d38b"
}
HTTP/1.1 200 OK
Date: Sun, 30 Jun 2024 15:27:46 GMT
Content-Type: application/json; charset=utf-8
Transfer-Encoding: chunked
Connection: keep-alive
X-Powered-By: Express
Access-Control-Allow-Origin: *
authorization: Bearer eyJhbGciOiJIUzI1NiIsInR5cCI6IkpXVCJ9.eyJpZCI6IjY2ODE3OTcyOWVkMjgwMDAxYjQ1OTYxMCIsImlhdCI6MTcxOTc2MTI2NiwiZXhwIjoxNzE5NzYyNDY2fQ.txrk-N2ndrvBCWRmXsaO5QupS0MLPCv-MwVesRH4mr4
ETag: W/"16d-GfUXONI+5FYy9E449ppzKd3d7zs"
CF-Cache-Status: DYNAMIC
Report-To: {"endpoints":[{"url":"https:\/\/a.nel.cloudflare.com\/report\/v4?s=%2Bmjt%2FZhCp2uA7CIH34itSNnUhW5XRI3BQFl9g6TEzYpEvoL6JsUDp0wsfRxhhAYngZ2tZpx373W2B2XQ%2Fl2ZMpMK4XypPX8sAW3%2BcWCz2RBuO5XQCEzQWc0k6efMOvA8oiNb8wtPin8wElHoQobizEc0Mv8%3D"}],"group":"cf-nel","max_age":604800}
NEL: {"success_fraction":0,"report_to":"cf-nel","max_age":604800}
Server: cloudflare
CF-RAY: 89bf2ea96ed89da9-DME
Content-Encoding: gzip
alt-svc: h3=":443"; ma=86400

{
    "success": true,
    "user": {
        "email": "pgyrfhqboy@ya.ru",
        "name": "HtKOBxdveI"
    },
    "accessToken": "Bearer eyJhbGciOiJIUzI1NiIsInR5cCI6IkpXVCJ9.eyJpZCI6IjY2ODE3OTcyOWVkMjgwMDAxYjQ1OTYxMCIsImlhdCI6MTcxOTc2MTI2NiwiZXhwIjoxNzE5NzYyNDY2fQ.txrk-N2ndrvBCWRmXsaO5QupS0MLPCv-MwVesRH4mr4",
    "refreshToken": "8330b0513e871a916c4f1622aacb6031e61fedaca68441a374af1f9b1adb6fb5f14aca2f6de8d38b"
}
HTTP/1.1 200 OK
Date: Sun, 30 Jun 2024 15:27:46 GMT
Content-Type: application/json; charset=utf-8
Transfer-Encoding: chunked
Connection: keep-alive
X-Powered-By: Express
Access-Control-Allow-Origin: *
authorization: Bearer eyJhbGciOiJIUzI1NiIsInR5cCI6IkpXVCJ9.eyJpZCI6IjY2ODE3OTcyOWVkMjgwMDAxYjQ1OTYxMCIsImlhdCI6MTcxOTc2MTI2NiwiZXhwIjoxNzE5NzYyNDY2fQ.txrk-N2ndrvBCWRmXsaO5QupS0MLPCv-MwVesRH4mr4
ETag: W/"16d-GfUXONI+5FYy9E449ppzKd3d7zs"
CF-Cache-Status: DYNAMIC
Report-To: {"endpoints":[{"url":"https:\/\/a.nel.cloudflare.com\/report\/v4?s=%2Bmjt%2FZhCp2uA7CIH34itSNnUhW5XRI3BQFl9g6TEzYpEvoL6JsUDp0wsfRxhhAYngZ2tZpx373W2B2XQ%2Fl2ZMpMK4XypPX8sAW3%2BcWCz2RBuO5XQCEzQWc0k6efMOvA8oiNb8wtPin8wElHoQobizEc0Mv8%3D"}],"group":"cf-nel","max_age":604800}
NEL: {"success_fraction":0,"report_to":"cf-nel","max_age":604800}
Server: cloudflare
CF-RAY: 89bf2ea96ed89da9-DME
Content-Encoding: gzip
alt-svc: h3=":443"; ma=86400

{
    "success": true,
    "user": {
        "email": "pgyrfhqboy@ya.ru",
        "name": "HtKOBxdveI"
    },
    "accessToken": "Bearer eyJhbGciOiJIUzI1NiIsInR5cCI6IkpXVCJ9.eyJpZCI6IjY2ODE3OTcyOWVkMjgwMDAxYjQ1OTYxMCIsImlhdCI6MTcxOTc2MTI2NiwiZXhwIjoxNzE5NzYyNDY2fQ.txrk-N2ndrvBCWRmXsaO5QupS0MLPCv-MwVesRH4mr4",
    "refreshToken": "8330b0513e871a916c4f1622aacb6031e61fedaca68441a374af1f9b1adb6fb5f14aca2f6de8d38b"
}
HTTP/1.1 200 OK
Date: Sun, 30 Jun 2024 15:27:46 GMT
Content-Type: application/json; charset=utf-8
Transfer-Encoding: chunked
Connection: keep-alive
X-Powered-By: Express
Access-Control-Allow-Origin: *
authorization: Bearer eyJhbGciOiJIUzI1NiIsInR5cCI6IkpXVCJ9.eyJpZCI6IjY2ODE3OTcyOWVkMjgwMDAxYjQ1OTYxMCIsImlhdCI6MTcxOTc2MTI2NiwiZXhwIjoxNzE5NzYyNDY2fQ.txrk-N2ndrvBCWRmXsaO5QupS0MLPCv-MwVesRH4mr4
ETag: W/"16d-GfUXONI+5FYy9E449ppzKd3d7zs"
CF-Cache-Status: DYNAMIC
Report-To: {"endpoints":[{"url":"https:\/\/a.nel.cloudflare.com\/report\/v4?s=%2Bmjt%2FZhCp2uA7CIH34itSNnUhW5XRI3BQFl9g6TEzYpEvoL6JsUDp0wsfRxhhAYngZ2tZpx373W2B2XQ%2Fl2ZMpMK4XypPX8sAW3%2BcWCz2RBuO5XQCEzQWc0k6efMOvA8oiNb8wtPin8wElHoQobizEc0Mv8%3D"}],"group":"cf-nel","max_age":604800}
NEL: {"success_fraction":0,"report_to":"cf-nel","max_age":604800}
Server: cloudflare
CF-RAY: 89bf2ea96ed89da9-DME
Content-Encoding: gzip
alt-svc: h3=":443"; ma=86400

{
    "success": true,
    "user": {
        "email": "pgyrfhqboy@ya.ru",
        "name": "HtKOBxdveI"
    },
    "accessToken": "Bearer eyJhbGciOiJIUzI1NiIsInR5cCI6IkpXVCJ9.eyJpZCI6IjY2ODE3OTcyOWVkMjgwMDAxYjQ1OTYxMCIsImlhdCI6MTcxOTc2MTI2NiwiZXhwIjoxNzE5NzYyNDY2fQ.txrk-N2ndrvBCWRmXsaO5QupS0MLPCv-MwVesRH4mr4",
    "refreshToken": "8330b0513e871a916c4f1622aacb6031e61fedaca68441a374af1f9b1adb6fb5f14aca2f6de8d38b"
}
HTTP/1.1 200 OK
Date: Sun, 30 Jun 2024 15:27:46 GMT
Content-Type: application/json; charset=utf-8
Transfer-Encoding: chunked
Connection: keep-alive
X-Powered-By: Express
Access-Control-Allow-Origin: *
authorization: Bearer eyJhbGciOiJIUzI1NiIsInR5cCI6IkpXVCJ9.eyJpZCI6IjY2ODE3OTcyOWVkMjgwMDAxYjQ1OTYxMCIsImlhdCI6MTcxOTc2MTI2NiwiZXhwIjoxNzE5NzYyNDY2fQ.txrk-N2ndrvBCWRmXsaO5QupS0MLPCv-MwVesRH4mr4
ETag: W/"16d-GfUXONI+5FYy9E449ppzKd3d7zs"
CF-Cache-Status: DYNAMIC
Report-To: {"endpoints":[{"url":"https:\/\/a.nel.cloudflare.com\/report\/v4?s=%2Bmjt%2FZhCp2uA7CIH34itSNnUhW5XRI3BQFl9g6TEzYpEvoL6JsUDp0wsfRxhhAYngZ2tZpx373W2B2XQ%2Fl2ZMpMK4XypPX8sAW3%2BcWCz2RBuO5XQCEzQWc0k6efMOvA8oiNb8wtPin8wElHoQobizEc0Mv8%3D"}],"group":"cf-nel","max_age":604800}
NEL: {"success_fraction":0,"report_to":"cf-nel","max_age":604800}
Server: cloudflare
CF-RAY: 89bf2ea96ed89da9-DME
Content-Encoding: gzip
alt-svc: h3=":443"; ma=86400

{
    "success": true,
    "user": {
        "email": "pgyrfhqboy@ya.ru",
        "name": "HtKOBxdveI"
    },
    "accessToken": "Bearer eyJhbGciOiJIUzI1NiIsInR5cCI6IkpXVCJ9.eyJpZCI6IjY2ODE3OTcyOWVkMjgwMDAxYjQ1OTYxMCIsImlhdCI6MTcxOTc2MTI2NiwiZXhwIjoxNzE5NzYyNDY2fQ.txrk-N2ndrvBCWRmXsaO5QupS0MLPCv-MwVesRH4mr4",
    "refreshToken": "8330b0513e871a916c4f1622aacb6031e61fedaca68441a374af1f9b1adb6fb5f14aca2f6de8d38b"
}
Request method:	POST
Request URI:	https://stellarburgers.nomoreparties.site/api/auth/login
Proxy:			<none>
Request params:	<none>
Query params:	<none>
Form params:	<none>
Path params:	<none>
Headers:		Accept=*/*
				Content-Type=application/json
Cookies:		<none>
Multiparts:		<none>
Body:
{
    "email": "PGyRfHQBoY@ya.ru",
    "password": "eklrrNjjof",
    "name": "HtKOBxdveI"
}
Request method:	POST
Request URI:	https://stellarburgers.nomoreparties.site/api/auth/login
Proxy:			<none>
Request params:	<none>
Query params:	<none>
Form params:	<none>
Path params:	<none>
Headers:		Accept=*/*
				Content-Type=application/json
Cookies:		<none>
Multiparts:		<none>
Body:
{
    "email": "PGyRfHQBoY@ya.ru",
    "password": "eklrrNjjof",
    "name": "HtKOBxdveI"
}
Request method:	POST
Request URI:	https://stellarburgers.nomoreparties.site/api/auth/login
Proxy:			<none>
Request params:	<none>
Query params:	<none>
Form params:	<none>
Path params:	<none>
Headers:		Accept=*/*
				Content-Type=application/json
Cookies:		<none>
Multiparts:		<none>
Body:
{
    "email": "PGyRfHQBoY@ya.ru",
    "password": "eklrrNjjof",
    "name": "HtKOBxdveI"
}
Request method:	POST
Request URI:	https://stellarburgers.nomoreparties.site/api/auth/login
Proxy:			<none>
Request params:	<none>
Query params:	<none>
Form params:	<none>
Path params:	<none>
Headers:		Accept=*/*
				Content-Type=application/json
Cookies:		<none>
Multiparts:		<none>
Body:
{
    "email": "PGyRfHQBoY@ya.ru",
    "password": "eklrrNjjof",
    "name": "HtKOBxdveI"
}
Request method:	POST
Request URI:	https://stellarburgers.nomoreparties.site/api/auth/login
Proxy:			<none>
Request params:	<none>
Query params:	<none>
Form params:	<none>
Path params:	<none>
Headers:		Accept=*/*
				Content-Type=application/json
Cookies:		<none>
Multiparts:		<none>
Body:
{
    "email": "PGyRfHQBoY@ya.ru",
    "password": "eklrrNjjof",
    "name": "HtKOBxdveI"
}
Request method:	POST
Request URI:	https://stellarburgers.nomoreparties.site/api/auth/login
Proxy:			<none>
Request params:	<none>
Query params:	<none>
Form params:	<none>
Path params:	<none>
Headers:		Accept=*/*
				Content-Type=application/json
Cookies:		<none>
Multiparts:		<none>
Body:
{
    "email": "PGyRfHQBoY@ya.ru",
    "password": "eklrrNjjof",
    "name": "HtKOBxdveI"
}
Request method:	POST
Request URI:	https://stellarburgers.nomoreparties.site/api/auth/login
Proxy:			<none>
Request params:	<none>
Query params:	<none>
Form params:	<none>
Path params:	<none>
Headers:		Accept=*/*
				Content-Type=application/json
Cookies:		<none>
Multiparts:		<none>
Body:
{
    "email": "PGyRfHQBoY@ya.ru",
    "password": "eklrrNjjof",
    "name": "HtKOBxdveI"
}
Request method:	POST
Request URI:	https://stellarburgers.nomoreparties.site/api/auth/login
Proxy:			<none>
Request params:	<none>
Query params:	<none>
Form params:	<none>
Path params:	<none>
Headers:		Accept=*/*
				Content-Type=application/json
Cookies:		<none>
Multiparts:		<none>
Body:
{
    "email": "PGyRfHQBoY@ya.ru",
    "password": "eklrrNjjof",
    "name": "HtKOBxdveI"
}
Request method:	POST
Request URI:	https://stellarburgers.nomoreparties.site/api/auth/login
Proxy:			<none>
Request params:	<none>
Query params:	<none>
Form params:	<none>
Path params:	<none>
Headers:		Accept=*/*
				Content-Type=application/json
Cookies:		<none>
Multiparts:		<none>
Body:
{
    "email": "PGyRfHQBoY@ya.ru",
    "password": "eklrrNjjof",
    "name": "HtKOBxdveI"
}
Request method:	POST
Request URI:	https://stellarburgers.nomoreparties.site/api/auth/login
Proxy:			<none>
Request params:	<none>
Query params:	<none>
Form params:	<none>
Path params:	<none>
Headers:		Accept=*/*
				Content-Type=application/json
Cookies:		<none>
Multiparts:		<none>
Body:
{
    "email": "PGyRfHQBoY@ya.ru",
    "password": "eklrrNjjof",
    "name": "HtKOBxdveI"
}
Request method:	POST
Request URI:	https://stellarburgers.nomoreparties.site/api/auth/login
Proxy:			<none>
Request params:	<none>
Query params:	<none>
Form params:	<none>
Path params:	<none>
Headers:		Accept=*/*
				Content-Type=application/json
Cookies:		<none>
Multiparts:		<none>
Body:
{
    "email": "PGyRfHQBoY@ya.ru",
    "password": "eklrrNjjof",
    "name": "HtKOBxdveI"
}
Request method:	POST
Request URI:	https://stellarburgers.nomoreparties.site/api/auth/login
Proxy:			<none>
Request params:	<none>
Query params:	<none>
Form params:	<none>
Path params:	<none>
Headers:		Accept=*/*
				Content-Type=application/json
Cookies:		<none>
Multiparts:		<none>
Body:
{
    "email": "PGyRfHQBoY@ya.ru",
    "password": "eklrrNjjof",
    "name": "HtKOBxdveI"
}
Request method:	POST
Request URI:	https://stellarburgers.nomoreparties.site/api/auth/login
Proxy:			<none>
Request params:	<none>
Query params:	<none>
Form params:	<none>
Path params:	<none>
Headers:		Accept=*/*
				Content-Type=application/json
Cookies:		<none>
Multiparts:		<none>
Body:
{
    "email": "PGyRfHQBoY@ya.ru",
    "password": "eklrrNjjof",
    "name": "HtKOBxdveI"
}
Request method:	POST
Request URI:	https://stellarburgers.nomoreparties.site/api/auth/login
Proxy:			<none>
Request params:	<none>
Query params:	<none>
Form params:	<none>
Path params:	<none>
Headers:		Accept=*/*
				Content-Type=application/json
Cookies:		<none>
Multiparts:		<none>
Body:
{
    "email": "PGyRfHQBoY@ya.ru",
    "password": "eklrrNjjof",
    "name": "HtKOBxdveI"
}
Request method:	POST
Request URI:	https://stellarburgers.nomoreparties.site/api/auth/login
Proxy:			<none>
Request params:	<none>
Query params:	<none>
Form params:	<none>
Path params:	<none>
Headers:		Accept=*/*
				Content-Type=application/json
Cookies:		<none>
Multiparts:		<none>
Body:
{
    "email": "PGyRfHQBoY@ya.ru",
    "password": "eklrrNjjof",
    "name": "HtKOBxdveI"
}
Request method:	POST
Request URI:	https://stellarburgers.nomoreparties.site/api/auth/login
Proxy:			<none>
Request params:	<none>
Query params:	<none>
Form params:	<none>
Path params:	<none>
Headers:		Accept=*/*
				Content-Type=application/json
Cookies:		<none>
Multiparts:		<none>
Body:
{
    "email": "PGyRfHQBoY@ya.ru",
    "password": "eklrrNjjof",
    "name": "HtKOBxdveI"
}
Request method:	POST
Request URI:	https://stellarburgers.nomoreparties.site/api/auth/login
Proxy:			<none>
Request params:	<none>
Query params:	<none>
Form params:	<none>
Path params:	<none>
Headers:		Accept=*/*
				Content-Type=application/json
Cookies:		<none>
Multiparts:		<none>
Body:
{
    "email": "PGyRfHQBoY@ya.ru",
    "password": "eklrrNjjof",
    "name": "HtKOBxdveI"
}
Request method:	POST
Request URI:	https://stellarburgers.nomoreparties.site/api/auth/login
Proxy:			<none>
Request params:	<none>
Query params:	<none>
Form params:	<none>
Path params:	<none>
Headers:		Accept=*/*
				Content-Type=application/json
Cookies:		<none>
Multiparts:		<none>
Body:
{
    "email": "PGyRfHQBoY@ya.ru",
    "password": "eklrrNjjof",
    "name": "HtKOBxdveI"
}
Request method:	POST
Request URI:	https://stellarburgers.nomoreparties.site/api/auth/login
Proxy:			<none>
Request params:	<none>
Query params:	<none>
Form params:	<none>
Path params:	<none>
Headers:		Accept=*/*
				Content-Type=application/json
Cookies:		<none>
Multiparts:		<none>
Body:
{
    "email": "PGyRfHQBoY@ya.ru",
    "password": "eklrrNjjof",
    "name": "HtKOBxdveI"
}
Request method:	POST
Request URI:	https://stellarburgers.nomoreparties.site/api/auth/login
Proxy:			<none>
Request params:	<none>
Query params:	<none>
Form params:	<none>
Path params:	<none>
Headers:		Accept=*/*
				Content-Type=application/json
Cookies:		<none>
Multiparts:		<none>
Body:
{
    "email": "PGyRfHQBoY@ya.ru",
    "password": "eklrrNjjof",
    "name": "HtKOBxdveI"
}
Request method:	POST
Request URI:	https://stellarburgers.nomoreparties.site/api/auth/login
Proxy:			<none>
Request params:	<none>
Query params:	<none>
Form params:	<none>
Path params:	<none>
Headers:		Accept=*/*
				Content-Type=application/json
Cookies:		<none>
Multiparts:		<none>
Body:
{
    "email": "PGyRfHQBoY@ya.ru",
    "password": "eklrrNjjof",
    "name": "HtKOBxdveI"
}
Request method:	POST
Request URI:	https://stellarburgers.nomoreparties.site/api/auth/login
Proxy:			<none>
Request params:	<none>
Query params:	<none>
Form params:	<none>
Path params:	<none>
Headers:		Accept=*/*
				Content-Type=application/json
Cookies:		<none>
Multiparts:		<none>
Body:
{
    "email": "PGyRfHQBoY@ya.ru",
    "password": "eklrrNjjof",
    "name": "HtKOBxdveI"
}
Request method:	POST
Request URI:	https://stellarburgers.nomoreparties.site/api/auth/login
Proxy:			<none>
Request params:	<none>
Query params:	<none>
Form params:	<none>
Path params:	<none>
Headers:		Accept=*/*
				Content-Type=application/json
Cookies:		<none>
Multiparts:		<none>
Body:
{
    "email": "PGyRfHQBoY@ya.ru",
    "password": "eklrrNjjof",
    "name": "HtKOBxdveI"
}
Request method:	POST
Request URI:	https://stellarburgers.nomoreparties.site/api/auth/login
Proxy:			<none>
Request params:	<none>
Query params:	<none>
Form params:	<none>
Path params:	<none>
Headers:		Accept=*/*
				Content-Type=application/json
Cookies:		<none>
Multiparts:		<none>
Body:
{
    "email": "PGyRfHQBoY@ya.ru",
    "password": "eklrrNjjof",
    "name": "HtKOBxdveI"
}
HTTP/1.1 200 OK
Date: Sun, 30 Jun 2024 15:27:46 GMT
Content-Type: application/json; charset=utf-8
Transfer-Encoding: chunked
Connection: keep-alive
X-Powered-By: Express
Access-Control-Allow-Origin: *
ETag: W/"16d-uBJj3uk0zn7A3Itkspehk5qKpcA"
CF-Cache-Status: DYNAMIC
Report-To: {"endpoints":[{"url":"https:\/\/a.nel.cloudflare.com\/report\/v4?s=P6ozoBX%2Fog5qexze5DuJ%2FfNgJ8%2FZvlWWcx8nYGCs9Hi9I%2FDNLA13Wjnb6tfmcg9uo77WpFIKGS2uLa7SSHm61YTL%2BsSR%2FPvMjVKPRhEH3jB5wY%2FlcWK9%2FfynSLCuMQBLU%2BwoGsaygUMoTuZHgy%2FXF2B2B2U%3D"}],"group":"cf-nel","max_age":604800}
NEL: {"success_fraction":0,"report_to":"cf-nel","max_age":604800}
Server: cloudflare
CF-RAY: 89bf2eab0e2b6401-LHR
Content-Encoding: gzip
alt-svc: h3=":443"; ma=86400

{
    "success": true,
    "accessToken": "Bearer eyJhbGciOiJIUzI1NiIsInR5cCI6IkpXVCJ9.eyJpZCI6IjY2ODE3OTcyOWVkMjgwMDAxYjQ1OTYxMCIsImlhdCI6MTcxOTc2MTI2NiwiZXhwIjoxNzE5NzYyNDY2fQ.txrk-N2ndrvBCWRmXsaO5QupS0MLPCv-MwVesRH4mr4",
    "refreshToken": "5c38b7b7133d6c9663390a8c75fa002ebecb0f31299a02823ad355ecdbd77aa04dfc56357ef39f00",
    "user": {
        "email": "pgyrfhqboy@ya.ru",
        "name": "HtKOBxdveI"
    }
}
HTTP/1.1 200 OK
Date: Sun, 30 Jun 2024 15:27:46 GMT
Content-Type: application/json; charset=utf-8
Transfer-Encoding: chunked
Connection: keep-alive
X-Powered-By: Express
Access-Control-Allow-Origin: *
ETag: W/"16d-uBJj3uk0zn7A3Itkspehk5qKpcA"
CF-Cache-Status: DYNAMIC
Report-To: {"endpoints":[{"url":"https:\/\/a.nel.cloudflare.com\/report\/v4?s=P6ozoBX%2Fog5qexze5DuJ%2FfNgJ8%2FZvlWWcx8nYGCs9Hi9I%2FDNLA13Wjnb6tfmcg9uo77WpFIKGS2uLa7SSHm61YTL%2BsSR%2FPvMjVKPRhEH3jB5wY%2FlcWK9%2FfynSLCuMQBLU%2BwoGsaygUMoTuZHgy%2FXF2B2B2U%3D"}],"group":"cf-nel","max_age":604800}
NEL: {"success_fraction":0,"report_to":"cf-nel","max_age":604800}
Server: cloudflare
CF-RAY: 89bf2eab0e2b6401-LHR
Content-Encoding: gzip
alt-svc: h3=":443"; ma=86400

{
    "success": true,
    "accessToken": "Bearer eyJhbGciOiJIUzI1NiIsInR5cCI6IkpXVCJ9.eyJpZCI6IjY2ODE3OTcyOWVkMjgwMDAxYjQ1OTYxMCIsImlhdCI6MTcxOTc2MTI2NiwiZXhwIjoxNzE5NzYyNDY2fQ.txrk-N2ndrvBCWRmXsaO5QupS0MLPCv-MwVesRH4mr4",
    "refreshToken": "5c38b7b7133d6c9663390a8c75fa002ebecb0f31299a02823ad355ecdbd77aa04dfc56357ef39f00",
    "user": {
        "email": "pgyrfhqboy@ya.ru",
        "name": "HtKOBxdveI"
    }
}
HTTP/1.1 200 OK
Date: Sun, 30 Jun 2024 15:27:46 GMT
Content-Type: application/json; charset=utf-8
Transfer-Encoding: chunked
Connection: keep-alive
X-Powered-By: Express
Access-Control-Allow-Origin: *
ETag: W/"16d-uBJj3uk0zn7A3Itkspehk5qKpcA"
CF-Cache-Status: DYNAMIC
Report-To: {"endpoints":[{"url":"https:\/\/a.nel.cloudflare.com\/report\/v4?s=P6ozoBX%2Fog5qexze5DuJ%2FfNgJ8%2FZvlWWcx8nYGCs9Hi9I%2FDNLA13Wjnb6tfmcg9uo77WpFIKGS2uLa7SSHm61YTL%2BsSR%2FPvMjVKPRhEH3jB5wY%2FlcWK9%2FfynSLCuMQBLU%2BwoGsaygUMoTuZHgy%2FXF2B2B2U%3D"}],"group":"cf-nel","max_age":604800}
NEL: {"success_fraction":0,"report_to":"cf-nel","max_age":604800}
Server: cloudflare
CF-RAY: 89bf2eab0e2b6401-LHR
Content-Encoding: gzip
alt-svc: h3=":443"; ma=86400

{
    "success": true,
    "accessToken": "Bearer eyJhbGciOiJIUzI1NiIsInR5cCI6IkpXVCJ9.eyJpZCI6IjY2ODE3OTcyOWVkMjgwMDAxYjQ1OTYxMCIsImlhdCI6MTcxOTc2MTI2NiwiZXhwIjoxNzE5NzYyNDY2fQ.txrk-N2ndrvBCWRmXsaO5QupS0MLPCv-MwVesRH4mr4",
    "refreshToken": "5c38b7b7133d6c9663390a8c75fa002ebecb0f31299a02823ad355ecdbd77aa04dfc56357ef39f00",
    "user": {
        "email": "pgyrfhqboy@ya.ru",
        "name": "HtKOBxdveI"
    }
}
HTTP/1.1 200 OK
Date: Sun, 30 Jun 2024 15:27:46 GMT
Content-Type: application/json; charset=utf-8
Transfer-Encoding: chunked
Connection: keep-alive
X-Powered-By: Express
Access-Control-Allow-Origin: *
ETag: W/"16d-uBJj3uk0zn7A3Itkspehk5qKpcA"
CF-Cache-Status: DYNAMIC
Report-To: {"endpoints":[{"url":"https:\/\/a.nel.cloudflare.com\/report\/v4?s=P6ozoBX%2Fog5qexze5DuJ%2FfNgJ8%2FZvlWWcx8nYGCs9Hi9I%2FDNLA13Wjnb6tfmcg9uo77WpFIKGS2uLa7SSHm61YTL%2BsSR%2FPvMjVKPRhEH3jB5wY%2FlcWK9%2FfynSLCuMQBLU%2BwoGsaygUMoTuZHgy%2FXF2B2B2U%3D"}],"group":"cf-nel","max_age":604800}
NEL: {"success_fraction":0,"report_to":"cf-nel","max_age":604800}
Server: cloudflare
CF-RAY: 89bf2eab0e2b6401-LHR
Content-Encoding: gzip
alt-svc: h3=":443"; ma=86400

{
    "success": true,
    "accessToken": "Bearer eyJhbGciOiJIUzI1NiIsInR5cCI6IkpXVCJ9.eyJpZCI6IjY2ODE3OTcyOWVkMjgwMDAxYjQ1OTYxMCIsImlhdCI6MTcxOTc2MTI2NiwiZXhwIjoxNzE5NzYyNDY2fQ.txrk-N2ndrvBCWRmXsaO5QupS0MLPCv-MwVesRH4mr4",
    "refreshToken": "5c38b7b7133d6c9663390a8c75fa002ebecb0f31299a02823ad355ecdbd77aa04dfc56357ef39f00",
    "user": {
        "email": "pgyrfhqboy@ya.ru",
        "name": "HtKOBxdveI"
    }
}
HTTP/1.1 200 OK
Date: Sun, 30 Jun 2024 15:27:46 GMT
Content-Type: application/json; charset=utf-8
Transfer-Encoding: chunked
Connection: keep-alive
X-Powered-By: Express
Access-Control-Allow-Origin: *
ETag: W/"16d-uBJj3uk0zn7A3Itkspehk5qKpcA"
CF-Cache-Status: DYNAMIC
Report-To: {"endpoints":[{"url":"https:\/\/a.nel.cloudflare.com\/report\/v4?s=P6ozoBX%2Fog5qexze5DuJ%2FfNgJ8%2FZvlWWcx8nYGCs9Hi9I%2FDNLA13Wjnb6tfmcg9uo77WpFIKGS2uLa7SSHm61YTL%2BsSR%2FPvMjVKPRhEH3jB5wY%2FlcWK9%2FfynSLCuMQBLU%2BwoGsaygUMoTuZHgy%2FXF2B2B2U%3D"}],"group":"cf-nel","max_age":604800}
NEL: {"success_fraction":0,"report_to":"cf-nel","max_age":604800}
Server: cloudflare
CF-RAY: 89bf2eab0e2b6401-LHR
Content-Encoding: gzip
alt-svc: h3=":443"; ma=86400

{
    "success": true,
    "accessToken": "Bearer eyJhbGciOiJIUzI1NiIsInR5cCI6IkpXVCJ9.eyJpZCI6IjY2ODE3OTcyOWVkMjgwMDAxYjQ1OTYxMCIsImlhdCI6MTcxOTc2MTI2NiwiZXhwIjoxNzE5NzYyNDY2fQ.txrk-N2ndrvBCWRmXsaO5QupS0MLPCv-MwVesRH4mr4",
    "refreshToken": "5c38b7b7133d6c9663390a8c75fa002ebecb0f31299a02823ad355ecdbd77aa04dfc56357ef39f00",
    "user": {
        "email": "pgyrfhqboy@ya.ru",
        "name": "HtKOBxdveI"
    }
}
HTTP/1.1 200 OK
Date: Sun, 30 Jun 2024 15:27:46 GMT
Content-Type: application/json; charset=utf-8
Transfer-Encoding: chunked
Connection: keep-alive
X-Powered-By: Express
Access-Control-Allow-Origin: *
ETag: W/"16d-uBJj3uk0zn7A3Itkspehk5qKpcA"
CF-Cache-Status: DYNAMIC
Report-To: {"endpoints":[{"url":"https:\/\/a.nel.cloudflare.com\/report\/v4?s=P6ozoBX%2Fog5qexze5DuJ%2FfNgJ8%2FZvlWWcx8nYGCs9Hi9I%2FDNLA13Wjnb6tfmcg9uo77WpFIKGS2uLa7SSHm61YTL%2BsSR%2FPvMjVKPRhEH3jB5wY%2FlcWK9%2FfynSLCuMQBLU%2BwoGsaygUMoTuZHgy%2FXF2B2B2U%3D"}],"group":"cf-nel","max_age":604800}
NEL: {"success_fraction":0,"report_to":"cf-nel","max_age":604800}
Server: cloudflare
CF-RAY: 89bf2eab0e2b6401-LHR
Content-Encoding: gzip
alt-svc: h3=":443"; ma=86400

{
    "success": true,
    "accessToken": "Bearer eyJhbGciOiJIUzI1NiIsInR5cCI6IkpXVCJ9.eyJpZCI6IjY2ODE3OTcyOWVkMjgwMDAxYjQ1OTYxMCIsImlhdCI6MTcxOTc2MTI2NiwiZXhwIjoxNzE5NzYyNDY2fQ.txrk-N2ndrvBCWRmXsaO5QupS0MLPCv-MwVesRH4mr4",
    "refreshToken": "5c38b7b7133d6c9663390a8c75fa002ebecb0f31299a02823ad355ecdbd77aa04dfc56357ef39f00",
    "user": {
        "email": "pgyrfhqboy@ya.ru",
        "name": "HtKOBxdveI"
    }
}
HTTP/1.1 200 OK
Date: Sun, 30 Jun 2024 15:27:46 GMT
Content-Type: application/json; charset=utf-8
Transfer-Encoding: chunked
Connection: keep-alive
X-Powered-By: Express
Access-Control-Allow-Origin: *
ETag: W/"16d-uBJj3uk0zn7A3Itkspehk5qKpcA"
CF-Cache-Status: DYNAMIC
Report-To: {"endpoints":[{"url":"https:\/\/a.nel.cloudflare.com\/report\/v4?s=P6ozoBX%2Fog5qexze5DuJ%2FfNgJ8%2FZvlWWcx8nYGCs9Hi9I%2FDNLA13Wjnb6tfmcg9uo77WpFIKGS2uLa7SSHm61YTL%2BsSR%2FPvMjVKPRhEH3jB5wY%2FlcWK9%2FfynSLCuMQBLU%2BwoGsaygUMoTuZHgy%2FXF2B2B2U%3D"}],"group":"cf-nel","max_age":604800}
NEL: {"success_fraction":0,"report_to":"cf-nel","max_age":604800}
Server: cloudflare
CF-RAY: 89bf2eab0e2b6401-LHR
Content-Encoding: gzip
alt-svc: h3=":443"; ma=86400

{
    "success": true,
    "accessToken": "Bearer eyJhbGciOiJIUzI1NiIsInR5cCI6IkpXVCJ9.eyJpZCI6IjY2ODE3OTcyOWVkMjgwMDAxYjQ1OTYxMCIsImlhdCI6MTcxOTc2MTI2NiwiZXhwIjoxNzE5NzYyNDY2fQ.txrk-N2ndrvBCWRmXsaO5QupS0MLPCv-MwVesRH4mr4",
    "refreshToken": "5c38b7b7133d6c9663390a8c75fa002ebecb0f31299a02823ad355ecdbd77aa04dfc56357ef39f00",
    "user": {
        "email": "pgyrfhqboy@ya.ru",
        "name": "HtKOBxdveI"
    }
}
HTTP/1.1 200 OK
Date: Sun, 30 Jun 2024 15:27:46 GMT
Content-Type: application/json; charset=utf-8
Transfer-Encoding: chunked
Connection: keep-alive
X-Powered-By: Express
Access-Control-Allow-Origin: *
ETag: W/"16d-uBJj3uk0zn7A3Itkspehk5qKpcA"
CF-Cache-Status: DYNAMIC
Report-To: {"endpoints":[{"url":"https:\/\/a.nel.cloudflare.com\/report\/v4?s=P6ozoBX%2Fog5qexze5DuJ%2FfNgJ8%2FZvlWWcx8nYGCs9Hi9I%2FDNLA13Wjnb6tfmcg9uo77WpFIKGS2uLa7SSHm61YTL%2BsSR%2FPvMjVKPRhEH3jB5wY%2FlcWK9%2FfynSLCuMQBLU%2BwoGsaygUMoTuZHgy%2FXF2B2B2U%3D"}],"group":"cf-nel","max_age":604800}
NEL: {"success_fraction":0,"report_to":"cf-nel","max_age":604800}
Server: cloudflare
CF-RAY: 89bf2eab0e2b6401-LHR
Content-Encoding: gzip
alt-svc: h3=":443"; ma=86400

{
    "success": true,
    "accessToken": "Bearer eyJhbGciOiJIUzI1NiIsInR5cCI6IkpXVCJ9.eyJpZCI6IjY2ODE3OTcyOWVkMjgwMDAxYjQ1OTYxMCIsImlhdCI6MTcxOTc2MTI2NiwiZXhwIjoxNzE5NzYyNDY2fQ.txrk-N2ndrvBCWRmXsaO5QupS0MLPCv-MwVesRH4mr4",
    "refreshToken": "5c38b7b7133d6c9663390a8c75fa002ebecb0f31299a02823ad355ecdbd77aa04dfc56357ef39f00",
    "user": {
        "email": "pgyrfhqboy@ya.ru",
        "name": "HtKOBxdveI"
    }
}
HTTP/1.1 200 OK
Date: Sun, 30 Jun 2024 15:27:46 GMT
Content-Type: application/json; charset=utf-8
Transfer-Encoding: chunked
Connection: keep-alive
X-Powered-By: Express
Access-Control-Allow-Origin: *
ETag: W/"16d-uBJj3uk0zn7A3Itkspehk5qKpcA"
CF-Cache-Status: DYNAMIC
Report-To: {"endpoints":[{"url":"https:\/\/a.nel.cloudflare.com\/report\/v4?s=P6ozoBX%2Fog5qexze5DuJ%2FfNgJ8%2FZvlWWcx8nYGCs9Hi9I%2FDNLA13Wjnb6tfmcg9uo77WpFIKGS2uLa7SSHm61YTL%2BsSR%2FPvMjVKPRhEH3jB5wY%2FlcWK9%2FfynSLCuMQBLU%2BwoGsaygUMoTuZHgy%2FXF2B2B2U%3D"}],"group":"cf-nel","max_age":604800}
NEL: {"success_fraction":0,"report_to":"cf-nel","max_age":604800}
Server: cloudflare
CF-RAY: 89bf2eab0e2b6401-LHR
Content-Encoding: gzip
alt-svc: h3=":443"; ma=86400

{
    "success": true,
    "accessToken": "Bearer eyJhbGciOiJIUzI1NiIsInR5cCI6IkpXVCJ9.eyJpZCI6IjY2ODE3OTcyOWVkMjgwMDAxYjQ1OTYxMCIsImlhdCI6MTcxOTc2MTI2NiwiZXhwIjoxNzE5NzYyNDY2fQ.txrk-N2ndrvBCWRmXsaO5QupS0MLPCv-MwVesRH4mr4",
    "refreshToken": "5c38b7b7133d6c9663390a8c75fa002ebecb0f31299a02823ad355ecdbd77aa04dfc56357ef39f00",
    "user": {
        "email": "pgyrfhqboy@ya.ru",
        "name": "HtKOBxdveI"
    }
}
HTTP/1.1 200 OK
Date: Sun, 30 Jun 2024 15:27:46 GMT
Content-Type: application/json; charset=utf-8
Transfer-Encoding: chunked
Connection: keep-alive
X-Powered-By: Express
Access-Control-Allow-Origin: *
ETag: W/"16d-uBJj3uk0zn7A3Itkspehk5qKpcA"
CF-Cache-Status: DYNAMIC
Report-To: {"endpoints":[{"url":"https:\/\/a.nel.cloudflare.com\/report\/v4?s=P6ozoBX%2Fog5qexze5DuJ%2FfNgJ8%2FZvlWWcx8nYGCs9Hi9I%2FDNLA13Wjnb6tfmcg9uo77WpFIKGS2uLa7SSHm61YTL%2BsSR%2FPvMjVKPRhEH3jB5wY%2FlcWK9%2FfynSLCuMQBLU%2BwoGsaygUMoTuZHgy%2FXF2B2B2U%3D"}],"group":"cf-nel","max_age":604800}
NEL: {"success_fraction":0,"report_to":"cf-nel","max_age":604800}
Server: cloudflare
CF-RAY: 89bf2eab0e2b6401-LHR
Content-Encoding: gzip
alt-svc: h3=":443"; ma=86400

{
    "success": true,
    "accessToken": "Bearer eyJhbGciOiJIUzI1NiIsInR5cCI6IkpXVCJ9.eyJpZCI6IjY2ODE3OTcyOWVkMjgwMDAxYjQ1OTYxMCIsImlhdCI6MTcxOTc2MTI2NiwiZXhwIjoxNzE5NzYyNDY2fQ.txrk-N2ndrvBCWRmXsaO5QupS0MLPCv-MwVesRH4mr4",
    "refreshToken": "5c38b7b7133d6c9663390a8c75fa002ebecb0f31299a02823ad355ecdbd77aa04dfc56357ef39f00",
    "user": {
        "email": "pgyrfhqboy@ya.ru",
        "name": "HtKOBxdveI"
    }
}
HTTP/1.1 200 OK
Date: Sun, 30 Jun 2024 15:27:46 GMT
Content-Type: application/json; charset=utf-8
Transfer-Encoding: chunked
Connection: keep-alive
X-Powered-By: Express
Access-Control-Allow-Origin: *
ETag: W/"16d-uBJj3uk0zn7A3Itkspehk5qKpcA"
CF-Cache-Status: DYNAMIC
Report-To: {"endpoints":[{"url":"https:\/\/a.nel.cloudflare.com\/report\/v4?s=P6ozoBX%2Fog5qexze5DuJ%2FfNgJ8%2FZvlWWcx8nYGCs9Hi9I%2FDNLA13Wjnb6tfmcg9uo77WpFIKGS2uLa7SSHm61YTL%2BsSR%2FPvMjVKPRhEH3jB5wY%2FlcWK9%2FfynSLCuMQBLU%2BwoGsaygUMoTuZHgy%2FXF2B2B2U%3D"}],"group":"cf-nel","max_age":604800}
NEL: {"success_fraction":0,"report_to":"cf-nel","max_age":604800}
Server: cloudflare
CF-RAY: 89bf2eab0e2b6401-LHR
Content-Encoding: gzip
alt-svc: h3=":443"; ma=86400

{
    "success": true,
    "accessToken": "Bearer eyJhbGciOiJIUzI1NiIsInR5cCI6IkpXVCJ9.eyJpZCI6IjY2ODE3OTcyOWVkMjgwMDAxYjQ1OTYxMCIsImlhdCI6MTcxOTc2MTI2NiwiZXhwIjoxNzE5NzYyNDY2fQ.txrk-N2ndrvBCWRmXsaO5QupS0MLPCv-MwVesRH4mr4",
    "refreshToken": "5c38b7b7133d6c9663390a8c75fa002ebecb0f31299a02823ad355ecdbd77aa04dfc56357ef39f00",
    "user": {
        "email": "pgyrfhqboy@ya.ru",
        "name": "HtKOBxdveI"
    }
}
HTTP/1.1 200 OK
Date: Sun, 30 Jun 2024 15:27:46 GMT
Content-Type: application/json; charset=utf-8
Transfer-Encoding: chunked
Connection: keep-alive
X-Powered-By: Express
Access-Control-Allow-Origin: *
ETag: W/"16d-uBJj3uk0zn7A3Itkspehk5qKpcA"
CF-Cache-Status: DYNAMIC
Report-To: {"endpoints":[{"url":"https:\/\/a.nel.cloudflare.com\/report\/v4?s=P6ozoBX%2Fog5qexze5DuJ%2FfNgJ8%2FZvlWWcx8nYGCs9Hi9I%2FDNLA13Wjnb6tfmcg9uo77WpFIKGS2uLa7SSHm61YTL%2BsSR%2FPvMjVKPRhEH3jB5wY%2FlcWK9%2FfynSLCuMQBLU%2BwoGsaygUMoTuZHgy%2FXF2B2B2U%3D"}],"group":"cf-nel","max_age":604800}
NEL: {"success_fraction":0,"report_to":"cf-nel","max_age":604800}
Server: cloudflare
CF-RAY: 89bf2eab0e2b6401-LHR
Content-Encoding: gzip
alt-svc: h3=":443"; ma=86400

{
    "success": true,
    "accessToken": "Bearer eyJhbGciOiJIUzI1NiIsInR5cCI6IkpXVCJ9.eyJpZCI6IjY2ODE3OTcyOWVkMjgwMDAxYjQ1OTYxMCIsImlhdCI6MTcxOTc2MTI2NiwiZXhwIjoxNzE5NzYyNDY2fQ.txrk-N2ndrvBCWRmXsaO5QupS0MLPCv-MwVesRH4mr4",
    "refreshToken": "5c38b7b7133d6c9663390a8c75fa002ebecb0f31299a02823ad355ecdbd77aa04dfc56357ef39f00",
    "user": {
        "email": "pgyrfhqboy@ya.ru",
        "name": "HtKOBxdveI"
    }
}
HTTP/1.1 200 OK
Date: Sun, 30 Jun 2024 15:27:46 GMT
Content-Type: application/json; charset=utf-8
Transfer-Encoding: chunked
Connection: keep-alive
X-Powered-By: Express
Access-Control-Allow-Origin: *
ETag: W/"16d-uBJj3uk0zn7A3Itkspehk5qKpcA"
CF-Cache-Status: DYNAMIC
Report-To: {"endpoints":[{"url":"https:\/\/a.nel.cloudflare.com\/report\/v4?s=P6ozoBX%2Fog5qexze5DuJ%2FfNgJ8%2FZvlWWcx8nYGCs9Hi9I%2FDNLA13Wjnb6tfmcg9uo77WpFIKGS2uLa7SSHm61YTL%2BsSR%2FPvMjVKPRhEH3jB5wY%2FlcWK9%2FfynSLCuMQBLU%2BwoGsaygUMoTuZHgy%2FXF2B2B2U%3D"}],"group":"cf-nel","max_age":604800}
NEL: {"success_fraction":0,"report_to":"cf-nel","max_age":604800}
Server: cloudflare
CF-RAY: 89bf2eab0e2b6401-LHR
Content-Encoding: gzip
alt-svc: h3=":443"; ma=86400

{
    "success": true,
    "accessToken": "Bearer eyJhbGciOiJIUzI1NiIsInR5cCI6IkpXVCJ9.eyJpZCI6IjY2ODE3OTcyOWVkMjgwMDAxYjQ1OTYxMCIsImlhdCI6MTcxOTc2MTI2NiwiZXhwIjoxNzE5NzYyNDY2fQ.txrk-N2ndrvBCWRmXsaO5QupS0MLPCv-MwVesRH4mr4",
    "refreshToken": "5c38b7b7133d6c9663390a8c75fa002ebecb0f31299a02823ad355ecdbd77aa04dfc56357ef39f00",
    "user": {
        "email": "pgyrfhqboy@ya.ru",
        "name": "HtKOBxdveI"
    }
}
HTTP/1.1 200 OK
Date: Sun, 30 Jun 2024 15:27:46 GMT
Content-Type: application/json; charset=utf-8
Transfer-Encoding: chunked
Connection: keep-alive
X-Powered-By: Express
Access-Control-Allow-Origin: *
ETag: W/"16d-uBJj3uk0zn7A3Itkspehk5qKpcA"
CF-Cache-Status: DYNAMIC
Report-To: {"endpoints":[{"url":"https:\/\/a.nel.cloudflare.com\/report\/v4?s=P6ozoBX%2Fog5qexze5DuJ%2FfNgJ8%2FZvlWWcx8nYGCs9Hi9I%2FDNLA13Wjnb6tfmcg9uo77WpFIKGS2uLa7SSHm61YTL%2BsSR%2FPvMjVKPRhEH3jB5wY%2FlcWK9%2FfynSLCuMQBLU%2BwoGsaygUMoTuZHgy%2FXF2B2B2U%3D"}],"group":"cf-nel","max_age":604800}
NEL: {"success_fraction":0,"report_to":"cf-nel","max_age":604800}
Server: cloudflare
CF-RAY: 89bf2eab0e2b6401-LHR
Content-Encoding: gzip
alt-svc: h3=":443"; ma=86400

{
    "success": true,
    "accessToken": "Bearer eyJhbGciOiJIUzI1NiIsInR5cCI6IkpXVCJ9.eyJpZCI6IjY2ODE3OTcyOWVkMjgwMDAxYjQ1OTYxMCIsImlhdCI6MTcxOTc2MTI2NiwiZXhwIjoxNzE5NzYyNDY2fQ.txrk-N2ndrvBCWRmXsaO5QupS0MLPCv-MwVesRH4mr4",
    "refreshToken": "5c38b7b7133d6c9663390a8c75fa002ebecb0f31299a02823ad355ecdbd77aa04dfc56357ef39f00",
    "user": {
        "email": "pgyrfhqboy@ya.ru",
        "name": "HtKOBxdveI"
    }
}
HTTP/1.1 200 OK
Date: Sun, 30 Jun 2024 15:27:46 GMT
Content-Type: application/json; charset=utf-8
Transfer-Encoding: chunked
Connection: keep-alive
X-Powered-By: Express
Access-Control-Allow-Origin: *
ETag: W/"16d-uBJj3uk0zn7A3Itkspehk5qKpcA"
CF-Cache-Status: DYNAMIC
Report-To: {"endpoints":[{"url":"https:\/\/a.nel.cloudflare.com\/report\/v4?s=P6ozoBX%2Fog5qexze5DuJ%2FfNgJ8%2FZvlWWcx8nYGCs9Hi9I%2FDNLA13Wjnb6tfmcg9uo77WpFIKGS2uLa7SSHm61YTL%2BsSR%2FPvMjVKPRhEH3jB5wY%2FlcWK9%2FfynSLCuMQBLU%2BwoGsaygUMoTuZHgy%2FXF2B2B2U%3D"}],"group":"cf-nel","max_age":604800}
NEL: {"success_fraction":0,"report_to":"cf-nel","max_age":604800}
Server: cloudflare
CF-RAY: 89bf2eab0e2b6401-LHR
Content-Encoding: gzip
alt-svc: h3=":443"; ma=86400

{
    "success": true,
    "accessToken": "Bearer eyJhbGciOiJIUzI1NiIsInR5cCI6IkpXVCJ9.eyJpZCI6IjY2ODE3OTcyOWVkMjgwMDAxYjQ1OTYxMCIsImlhdCI6MTcxOTc2MTI2NiwiZXhwIjoxNzE5NzYyNDY2fQ.txrk-N2ndrvBCWRmXsaO5QupS0MLPCv-MwVesRH4mr4",
    "refreshToken": "5c38b7b7133d6c9663390a8c75fa002ebecb0f31299a02823ad355ecdbd77aa04dfc56357ef39f00",
    "user": {
        "email": "pgyrfhqboy@ya.ru",
        "name": "HtKOBxdveI"
    }
}
HTTP/1.1 200 OK
Date: Sun, 30 Jun 2024 15:27:46 GMT
Content-Type: application/json; charset=utf-8
Transfer-Encoding: chunked
Connection: keep-alive
X-Powered-By: Express
Access-Control-Allow-Origin: *
ETag: W/"16d-uBJj3uk0zn7A3Itkspehk5qKpcA"
CF-Cache-Status: DYNAMIC
Report-To: {"endpoints":[{"url":"https:\/\/a.nel.cloudflare.com\/report\/v4?s=P6ozoBX%2Fog5qexze5DuJ%2FfNgJ8%2FZvlWWcx8nYGCs9Hi9I%2FDNLA13Wjnb6tfmcg9uo77WpFIKGS2uLa7SSHm61YTL%2BsSR%2FPvMjVKPRhEH3jB5wY%2FlcWK9%2FfynSLCuMQBLU%2BwoGsaygUMoTuZHgy%2FXF2B2B2U%3D"}],"group":"cf-nel","max_age":604800}
NEL: {"success_fraction":0,"report_to":"cf-nel","max_age":604800}
Server: cloudflare
CF-RAY: 89bf2eab0e2b6401-LHR
Content-Encoding: gzip
alt-svc: h3=":443"; ma=86400

{
    "success": true,
    "accessToken": "Bearer eyJhbGciOiJIUzI1NiIsInR5cCI6IkpXVCJ9.eyJpZCI6IjY2ODE3OTcyOWVkMjgwMDAxYjQ1OTYxMCIsImlhdCI6MTcxOTc2MTI2NiwiZXhwIjoxNzE5NzYyNDY2fQ.txrk-N2ndrvBCWRmXsaO5QupS0MLPCv-MwVesRH4mr4",
    "refreshToken": "5c38b7b7133d6c9663390a8c75fa002ebecb0f31299a02823ad355ecdbd77aa04dfc56357ef39f00",
    "user": {
        "email": "pgyrfhqboy@ya.ru",
        "name": "HtKOBxdveI"
    }
}
HTTP/1.1 200 OK
Date: Sun, 30 Jun 2024 15:27:46 GMT
Content-Type: application/json; charset=utf-8
Transfer-Encoding: chunked
Connection: keep-alive
X-Powered-By: Express
Access-Control-Allow-Origin: *
ETag: W/"16d-uBJj3uk0zn7A3Itkspehk5qKpcA"
CF-Cache-Status: DYNAMIC
Report-To: {"endpoints":[{"url":"https:\/\/a.nel.cloudflare.com\/report\/v4?s=P6ozoBX%2Fog5qexze5DuJ%2FfNgJ8%2FZvlWWcx8nYGCs9Hi9I%2FDNLA13Wjnb6tfmcg9uo77WpFIKGS2uLa7SSHm61YTL%2BsSR%2FPvMjVKPRhEH3jB5wY%2FlcWK9%2FfynSLCuMQBLU%2BwoGsaygUMoTuZHgy%2FXF2B2B2U%3D"}],"group":"cf-nel","max_age":604800}
NEL: {"success_fraction":0,"report_to":"cf-nel","max_age":604800}
Server: cloudflare
CF-RAY: 89bf2eab0e2b6401-LHR
Content-Encoding: gzip
alt-svc: h3=":443"; ma=86400

{
    "success": true,
    "accessToken": "Bearer eyJhbGciOiJIUzI1NiIsInR5cCI6IkpXVCJ9.eyJpZCI6IjY2ODE3OTcyOWVkMjgwMDAxYjQ1OTYxMCIsImlhdCI6MTcxOTc2MTI2NiwiZXhwIjoxNzE5NzYyNDY2fQ.txrk-N2ndrvBCWRmXsaO5QupS0MLPCv-MwVesRH4mr4",
    "refreshToken": "5c38b7b7133d6c9663390a8c75fa002ebecb0f31299a02823ad355ecdbd77aa04dfc56357ef39f00",
    "user": {
        "email": "pgyrfhqboy@ya.ru",
        "name": "HtKOBxdveI"
    }
}
HTTP/1.1 200 OK
Date: Sun, 30 Jun 2024 15:27:46 GMT
Content-Type: application/json; charset=utf-8
Transfer-Encoding: chunked
Connection: keep-alive
X-Powered-By: Express
Access-Control-Allow-Origin: *
ETag: W/"16d-uBJj3uk0zn7A3Itkspehk5qKpcA"
CF-Cache-Status: DYNAMIC
Report-To: {"endpoints":[{"url":"https:\/\/a.nel.cloudflare.com\/report\/v4?s=P6ozoBX%2Fog5qexze5DuJ%2FfNgJ8%2FZvlWWcx8nYGCs9Hi9I%2FDNLA13Wjnb6tfmcg9uo77WpFIKGS2uLa7SSHm61YTL%2BsSR%2FPvMjVKPRhEH3jB5wY%2FlcWK9%2FfynSLCuMQBLU%2BwoGsaygUMoTuZHgy%2FXF2B2B2U%3D"}],"group":"cf-nel","max_age":604800}
NEL: {"success_fraction":0,"report_to":"cf-nel","max_age":604800}
Server: cloudflare
CF-RAY: 89bf2eab0e2b6401-LHR
Content-Encoding: gzip
alt-svc: h3=":443"; ma=86400

{
    "success": true,
    "accessToken": "Bearer eyJhbGciOiJIUzI1NiIsInR5cCI6IkpXVCJ9.eyJpZCI6IjY2ODE3OTcyOWVkMjgwMDAxYjQ1OTYxMCIsImlhdCI6MTcxOTc2MTI2NiwiZXhwIjoxNzE5NzYyNDY2fQ.txrk-N2ndrvBCWRmXsaO5QupS0MLPCv-MwVesRH4mr4",
    "refreshToken": "5c38b7b7133d6c9663390a8c75fa002ebecb0f31299a02823ad355ecdbd77aa04dfc56357ef39f00",
    "user": {
        "email": "pgyrfhqboy@ya.ru",
        "name": "HtKOBxdveI"
    }
}
HTTP/1.1 200 OK
Date: Sun, 30 Jun 2024 15:27:46 GMT
Content-Type: application/json; charset=utf-8
Transfer-Encoding: chunked
Connection: keep-alive
X-Powered-By: Express
Access-Control-Allow-Origin: *
ETag: W/"16d-uBJj3uk0zn7A3Itkspehk5qKpcA"
CF-Cache-Status: DYNAMIC
Report-To: {"endpoints":[{"url":"https:\/\/a.nel.cloudflare.com\/report\/v4?s=P6ozoBX%2Fog5qexze5DuJ%2FfNgJ8%2FZvlWWcx8nYGCs9Hi9I%2FDNLA13Wjnb6tfmcg9uo77WpFIKGS2uLa7SSHm61YTL%2BsSR%2FPvMjVKPRhEH3jB5wY%2FlcWK9%2FfynSLCuMQBLU%2BwoGsaygUMoTuZHgy%2FXF2B2B2U%3D"}],"group":"cf-nel","max_age":604800}
NEL: {"success_fraction":0,"report_to":"cf-nel","max_age":604800}
Server: cloudflare
CF-RAY: 89bf2eab0e2b6401-LHR
Content-Encoding: gzip
alt-svc: h3=":443"; ma=86400

{
    "success": true,
    "accessToken": "Bearer eyJhbGciOiJIUzI1NiIsInR5cCI6IkpXVCJ9.eyJpZCI6IjY2ODE3OTcyOWVkMjgwMDAxYjQ1OTYxMCIsImlhdCI6MTcxOTc2MTI2NiwiZXhwIjoxNzE5NzYyNDY2fQ.txrk-N2ndrvBCWRmXsaO5QupS0MLPCv-MwVesRH4mr4",
    "refreshToken": "5c38b7b7133d6c9663390a8c75fa002ebecb0f31299a02823ad355ecdbd77aa04dfc56357ef39f00",
    "user": {
        "email": "pgyrfhqboy@ya.ru",
        "name": "HtKOBxdveI"
    }
}
HTTP/1.1 200 OK
Date: Sun, 30 Jun 2024 15:27:46 GMT
Content-Type: application/json; charset=utf-8
Transfer-Encoding: chunked
Connection: keep-alive
X-Powered-By: Express
Access-Control-Allow-Origin: *
ETag: W/"16d-uBJj3uk0zn7A3Itkspehk5qKpcA"
CF-Cache-Status: DYNAMIC
Report-To: {"endpoints":[{"url":"https:\/\/a.nel.cloudflare.com\/report\/v4?s=P6ozoBX%2Fog5qexze5DuJ%2FfNgJ8%2FZvlWWcx8nYGCs9Hi9I%2FDNLA13Wjnb6tfmcg9uo77WpFIKGS2uLa7SSHm61YTL%2BsSR%2FPvMjVKPRhEH3jB5wY%2FlcWK9%2FfynSLCuMQBLU%2BwoGsaygUMoTuZHgy%2FXF2B2B2U%3D"}],"group":"cf-nel","max_age":604800}
NEL: {"success_fraction":0,"report_to":"cf-nel","max_age":604800}
Server: cloudflare
CF-RAY: 89bf2eab0e2b6401-LHR
Content-Encoding: gzip
alt-svc: h3=":443"; ma=86400

{
    "success": true,
    "accessToken": "Bearer eyJhbGciOiJIUzI1NiIsInR5cCI6IkpXVCJ9.eyJpZCI6IjY2ODE3OTcyOWVkMjgwMDAxYjQ1OTYxMCIsImlhdCI6MTcxOTc2MTI2NiwiZXhwIjoxNzE5NzYyNDY2fQ.txrk-N2ndrvBCWRmXsaO5QupS0MLPCv-MwVesRH4mr4",
    "refreshToken": "5c38b7b7133d6c9663390a8c75fa002ebecb0f31299a02823ad355ecdbd77aa04dfc56357ef39f00",
    "user": {
        "email": "pgyrfhqboy@ya.ru",
        "name": "HtKOBxdveI"
    }
}
HTTP/1.1 200 OK
Date: Sun, 30 Jun 2024 15:27:46 GMT
Content-Type: application/json; charset=utf-8
Transfer-Encoding: chunked
Connection: keep-alive
X-Powered-By: Express
Access-Control-Allow-Origin: *
ETag: W/"16d-uBJj3uk0zn7A3Itkspehk5qKpcA"
CF-Cache-Status: DYNAMIC
Report-To: {"endpoints":[{"url":"https:\/\/a.nel.cloudflare.com\/report\/v4?s=P6ozoBX%2Fog5qexze5DuJ%2FfNgJ8%2FZvlWWcx8nYGCs9Hi9I%2FDNLA13Wjnb6tfmcg9uo77WpFIKGS2uLa7SSHm61YTL%2BsSR%2FPvMjVKPRhEH3jB5wY%2FlcWK9%2FfynSLCuMQBLU%2BwoGsaygUMoTuZHgy%2FXF2B2B2U%3D"}],"group":"cf-nel","max_age":604800}
NEL: {"success_fraction":0,"report_to":"cf-nel","max_age":604800}
Server: cloudflare
CF-RAY: 89bf2eab0e2b6401-LHR
Content-Encoding: gzip
alt-svc: h3=":443"; ma=86400

{
    "success": true,
    "accessToken": "Bearer eyJhbGciOiJIUzI1NiIsInR5cCI6IkpXVCJ9.eyJpZCI6IjY2ODE3OTcyOWVkMjgwMDAxYjQ1OTYxMCIsImlhdCI6MTcxOTc2MTI2NiwiZXhwIjoxNzE5NzYyNDY2fQ.txrk-N2ndrvBCWRmXsaO5QupS0MLPCv-MwVesRH4mr4",
    "refreshToken": "5c38b7b7133d6c9663390a8c75fa002ebecb0f31299a02823ad355ecdbd77aa04dfc56357ef39f00",
    "user": {
        "email": "pgyrfhqboy@ya.ru",
        "name": "HtKOBxdveI"
    }
}
HTTP/1.1 200 OK
Date: Sun, 30 Jun 2024 15:27:46 GMT
Content-Type: application/json; charset=utf-8
Transfer-Encoding: chunked
Connection: keep-alive
X-Powered-By: Express
Access-Control-Allow-Origin: *
ETag: W/"16d-uBJj3uk0zn7A3Itkspehk5qKpcA"
CF-Cache-Status: DYNAMIC
Report-To: {"endpoints":[{"url":"https:\/\/a.nel.cloudflare.com\/report\/v4?s=P6ozoBX%2Fog5qexze5DuJ%2FfNgJ8%2FZvlWWcx8nYGCs9Hi9I%2FDNLA13Wjnb6tfmcg9uo77WpFIKGS2uLa7SSHm61YTL%2BsSR%2FPvMjVKPRhEH3jB5wY%2FlcWK9%2FfynSLCuMQBLU%2BwoGsaygUMoTuZHgy%2FXF2B2B2U%3D"}],"group":"cf-nel","max_age":604800}
NEL: {"success_fraction":0,"report_to":"cf-nel","max_age":604800}
Server: cloudflare
CF-RAY: 89bf2eab0e2b6401-LHR
Content-Encoding: gzip
alt-svc: h3=":443"; ma=86400

{
    "success": true,
    "accessToken": "Bearer eyJhbGciOiJIUzI1NiIsInR5cCI6IkpXVCJ9.eyJpZCI6IjY2ODE3OTcyOWVkMjgwMDAxYjQ1OTYxMCIsImlhdCI6MTcxOTc2MTI2NiwiZXhwIjoxNzE5NzYyNDY2fQ.txrk-N2ndrvBCWRmXsaO5QupS0MLPCv-MwVesRH4mr4",
    "refreshToken": "5c38b7b7133d6c9663390a8c75fa002ebecb0f31299a02823ad355ecdbd77aa04dfc56357ef39f00",
    "user": {
        "email": "pgyrfhqboy@ya.ru",
        "name": "HtKOBxdveI"
    }
}
HTTP/1.1 200 OK
Date: Sun, 30 Jun 2024 15:27:46 GMT
Content-Type: application/json; charset=utf-8
Transfer-Encoding: chunked
Connection: keep-alive
X-Powered-By: Express
Access-Control-Allow-Origin: *
ETag: W/"16d-uBJj3uk0zn7A3Itkspehk5qKpcA"
CF-Cache-Status: DYNAMIC
Report-To: {"endpoints":[{"url":"https:\/\/a.nel.cloudflare.com\/report\/v4?s=P6ozoBX%2Fog5qexze5DuJ%2FfNgJ8%2FZvlWWcx8nYGCs9Hi9I%2FDNLA13Wjnb6tfmcg9uo77WpFIKGS2uLa7SSHm61YTL%2BsSR%2FPvMjVKPRhEH3jB5wY%2FlcWK9%2FfynSLCuMQBLU%2BwoGsaygUMoTuZHgy%2FXF2B2B2U%3D"}],"group":"cf-nel","max_age":604800}
NEL: {"success_fraction":0,"report_to":"cf-nel","max_age":604800}
Server: cloudflare
CF-RAY: 89bf2eab0e2b6401-LHR
Content-Encoding: gzip
alt-svc: h3=":443"; ma=86400

{
    "success": true,
    "accessToken": "Bearer eyJhbGciOiJIUzI1NiIsInR5cCI6IkpXVCJ9.eyJpZCI6IjY2ODE3OTcyOWVkMjgwMDAxYjQ1OTYxMCIsImlhdCI6MTcxOTc2MTI2NiwiZXhwIjoxNzE5NzYyNDY2fQ.txrk-N2ndrvBCWRmXsaO5QupS0MLPCv-MwVesRH4mr4",
    "refreshToken": "5c38b7b7133d6c9663390a8c75fa002ebecb0f31299a02823ad355ecdbd77aa04dfc56357ef39f00",
    "user": {
        "email": "pgyrfhqboy@ya.ru",
        "name": "HtKOBxdveI"
    }
}
HTTP/1.1 200 OK
Date: Sun, 30 Jun 2024 15:27:46 GMT
Content-Type: application/json; charset=utf-8
Transfer-Encoding: chunked
Connection: keep-alive
X-Powered-By: Express
Access-Control-Allow-Origin: *
ETag: W/"16d-uBJj3uk0zn7A3Itkspehk5qKpcA"
CF-Cache-Status: DYNAMIC
Report-To: {"endpoints":[{"url":"https:\/\/a.nel.cloudflare.com\/report\/v4?s=P6ozoBX%2Fog5qexze5DuJ%2FfNgJ8%2FZvlWWcx8nYGCs9Hi9I%2FDNLA13Wjnb6tfmcg9uo77WpFIKGS2uLa7SSHm61YTL%2BsSR%2FPvMjVKPRhEH3jB5wY%2FlcWK9%2FfynSLCuMQBLU%2BwoGsaygUMoTuZHgy%2FXF2B2B2U%3D"}],"group":"cf-nel","max_age":604800}
NEL: {"success_fraction":0,"report_to":"cf-nel","max_age":604800}
Server: cloudflare
CF-RAY: 89bf2eab0e2b6401-LHR
Content-Encoding: gzip
alt-svc: h3=":443"; ma=86400

{
    "success": true,
    "accessToken": "Bearer eyJhbGciOiJIUzI1NiIsInR5cCI6IkpXVCJ9.eyJpZCI6IjY2ODE3OTcyOWVkMjgwMDAxYjQ1OTYxMCIsImlhdCI6MTcxOTc2MTI2NiwiZXhwIjoxNzE5NzYyNDY2fQ.txrk-N2ndrvBCWRmXsaO5QupS0MLPCv-MwVesRH4mr4",
    "refreshToken": "5c38b7b7133d6c9663390a8c75fa002ebecb0f31299a02823ad355ecdbd77aa04dfc56357ef39f00",
    "user": {
        "email": "pgyrfhqboy@ya.ru",
        "name": "HtKOBxdveI"
    }
}
Request method:	POST
Request URI:	https://stellarburgers.nomoreparties.site/api/auth/login
Proxy:			<none>
Request params:	<none>
Query params:	<none>
Form params:	<none>
Path params:	<none>
Headers:		Accept=*/*
				Content-Type=application/json
Cookies:		<none>
Multiparts:		<none>
Body:
{
    "email": "PGyRfHQBoY@ya.ru",
    "password": "eklrrNjjofincorrect",
    "name": "HtKOBxdveI"
}
Request method:	POST
Request URI:	https://stellarburgers.nomoreparties.site/api/auth/login
Proxy:			<none>
Request params:	<none>
Query params:	<none>
Form params:	<none>
Path params:	<none>
Headers:		Accept=*/*
				Content-Type=application/json
Cookies:		<none>
Multiparts:		<none>
Body:
{
    "email": "PGyRfHQBoY@ya.ru",
    "password": "eklrrNjjofincorrect",
    "name": "HtKOBxdveI"
}
Request method:	POST
Request URI:	https://stellarburgers.nomoreparties.site/api/auth/login
Proxy:			<none>
Request params:	<none>
Query params:	<none>
Form params:	<none>
Path params:	<none>
Headers:		Accept=*/*
				Content-Type=application/json
Cookies:		<none>
Multiparts:		<none>
Body:
{
    "email": "PGyRfHQBoY@ya.ru",
    "password": "eklrrNjjofincorrect",
    "name": "HtKOBxdveI"
}
Request method:	POST
Request URI:	https://stellarburgers.nomoreparties.site/api/auth/login
Proxy:			<none>
Request params:	<none>
Query params:	<none>
Form params:	<none>
Path params:	<none>
Headers:		Accept=*/*
				Content-Type=application/json
Cookies:		<none>
Multiparts:		<none>
Body:
{
    "email": "PGyRfHQBoY@ya.ru",
    "password": "eklrrNjjofincorrect",
    "name": "HtKOBxdveI"
}
Request method:	POST
Request URI:	https://stellarburgers.nomoreparties.site/api/auth/login
Proxy:			<none>
Request params:	<none>
Query params:	<none>
Form params:	<none>
Path params:	<none>
Headers:		Accept=*/*
				Content-Type=application/json
Cookies:		<none>
Multiparts:		<none>
Body:
{
    "email": "PGyRfHQBoY@ya.ru",
    "password": "eklrrNjjofincorrect",
    "name": "HtKOBxdveI"
}
Request method:	POST
Request URI:	https://stellarburgers.nomoreparties.site/api/auth/login
Proxy:			<none>
Request params:	<none>
Query params:	<none>
Form params:	<none>
Path params:	<none>
Headers:		Accept=*/*
				Content-Type=application/json
Cookies:		<none>
Multiparts:		<none>
Body:
{
    "email": "PGyRfHQBoY@ya.ru",
    "password": "eklrrNjjofincorrect",
    "name": "HtKOBxdveI"
}
Request method:	POST
Request URI:	https://stellarburgers.nomoreparties.site/api/auth/login
Proxy:			<none>
Request params:	<none>
Query params:	<none>
Form params:	<none>
Path params:	<none>
Headers:		Accept=*/*
				Content-Type=application/json
Cookies:		<none>
Multiparts:		<none>
Body:
{
    "email": "PGyRfHQBoY@ya.ru",
    "password": "eklrrNjjofincorrect",
    "name": "HtKOBxdveI"
}
Request method:	POST
Request URI:	https://stellarburgers.nomoreparties.site/api/auth/login
Proxy:			<none>
Request params:	<none>
Query params:	<none>
Form params:	<none>
Path params:	<none>
Headers:		Accept=*/*
				Content-Type=application/json
Cookies:		<none>
Multiparts:		<none>
Body:
{
    "email": "PGyRfHQBoY@ya.ru",
    "password": "eklrrNjjofincorrect",
    "name": "HtKOBxdveI"
}
Request method:	POST
Request URI:	https://stellarburgers.nomoreparties.site/api/auth/login
Proxy:			<none>
Request params:	<none>
Query params:	<none>
Form params:	<none>
Path params:	<none>
Headers:		Accept=*/*
				Content-Type=application/json
Cookies:		<none>
Multiparts:		<none>
Body:
{
    "email": "PGyRfHQBoY@ya.ru",
    "password": "eklrrNjjofincorrect",
    "name": "HtKOBxdveI"
}
Request method:	POST
Request URI:	https://stellarburgers.nomoreparties.site/api/auth/login
Proxy:			<none>
Request params:	<none>
Query params:	<none>
Form params:	<none>
Path params:	<none>
Headers:		Accept=*/*
				Content-Type=application/json
Cookies:		<none>
Multiparts:		<none>
Body:
{
    "email": "PGyRfHQBoY@ya.ru",
    "password": "eklrrNjjofincorrect",
    "name": "HtKOBxdveI"
}
Request method:	POST
Request URI:	https://stellarburgers.nomoreparties.site/api/auth/login
Proxy:			<none>
Request params:	<none>
Query params:	<none>
Form params:	<none>
Path params:	<none>
Headers:		Accept=*/*
				Content-Type=application/json
Cookies:		<none>
Multiparts:		<none>
Body:
{
    "email": "PGyRfHQBoY@ya.ru",
    "password": "eklrrNjjofincorrect",
    "name": "HtKOBxdveI"
}
Request method:	POST
Request URI:	https://stellarburgers.nomoreparties.site/api/auth/login
Proxy:			<none>
Request params:	<none>
Query params:	<none>
Form params:	<none>
Path params:	<none>
Headers:		Accept=*/*
				Content-Type=application/json
Cookies:		<none>
Multiparts:		<none>
Body:
{
    "email": "PGyRfHQBoY@ya.ru",
    "password": "eklrrNjjofincorrect",
    "name": "HtKOBxdveI"
}
Request method:	POST
Request URI:	https://stellarburgers.nomoreparties.site/api/auth/login
Proxy:			<none>
Request params:	<none>
Query params:	<none>
Form params:	<none>
Path params:	<none>
Headers:		Accept=*/*
				Content-Type=application/json
Cookies:		<none>
Multiparts:		<none>
Body:
{
    "email": "PGyRfHQBoY@ya.ru",
    "password": "eklrrNjjofincorrect",
    "name": "HtKOBxdveI"
}
Request method:	POST
Request URI:	https://stellarburgers.nomoreparties.site/api/auth/login
Proxy:			<none>
Request params:	<none>
Query params:	<none>
Form params:	<none>
Path params:	<none>
Headers:		Accept=*/*
				Content-Type=application/json
Cookies:		<none>
Multiparts:		<none>
Body:
{
    "email": "PGyRfHQBoY@ya.ru",
    "password": "eklrrNjjofincorrect",
    "name": "HtKOBxdveI"
}
Request method:	POST
Request URI:	https://stellarburgers.nomoreparties.site/api/auth/login
Proxy:			<none>
Request params:	<none>
Query params:	<none>
Form params:	<none>
Path params:	<none>
Headers:		Accept=*/*
				Content-Type=application/json
Cookies:		<none>
Multiparts:		<none>
Body:
{
    "email": "PGyRfHQBoY@ya.ru",
    "password": "eklrrNjjofincorrect",
    "name": "HtKOBxdveI"
}
Request method:	POST
Request URI:	https://stellarburgers.nomoreparties.site/api/auth/login
Proxy:			<none>
Request params:	<none>
Query params:	<none>
Form params:	<none>
Path params:	<none>
Headers:		Accept=*/*
				Content-Type=application/json
Cookies:		<none>
Multiparts:		<none>
Body:
{
    "email": "PGyRfHQBoY@ya.ru",
    "password": "eklrrNjjofincorrect",
    "name": "HtKOBxdveI"
}
Request method:	POST
Request URI:	https://stellarburgers.nomoreparties.site/api/auth/login
Proxy:			<none>
Request params:	<none>
Query params:	<none>
Form params:	<none>
Path params:	<none>
Headers:		Accept=*/*
				Content-Type=application/json
Cookies:		<none>
Multiparts:		<none>
Body:
{
    "email": "PGyRfHQBoY@ya.ru",
    "password": "eklrrNjjofincorrect",
    "name": "HtKOBxdveI"
}
Request method:	POST
Request URI:	https://stellarburgers.nomoreparties.site/api/auth/login
Proxy:			<none>
Request params:	<none>
Query params:	<none>
Form params:	<none>
Path params:	<none>
Headers:		Accept=*/*
				Content-Type=application/json
Cookies:		<none>
Multiparts:		<none>
Body:
{
    "email": "PGyRfHQBoY@ya.ru",
    "password": "eklrrNjjofincorrect",
    "name": "HtKOBxdveI"
}
Request method:	POST
Request URI:	https://stellarburgers.nomoreparties.site/api/auth/login
Proxy:			<none>
Request params:	<none>
Query params:	<none>
Form params:	<none>
Path params:	<none>
Headers:		Accept=*/*
				Content-Type=application/json
Cookies:		<none>
Multiparts:		<none>
Body:
{
    "email": "PGyRfHQBoY@ya.ru",
    "password": "eklrrNjjofincorrect",
    "name": "HtKOBxdveI"
}
Request method:	POST
Request URI:	https://stellarburgers.nomoreparties.site/api/auth/login
Proxy:			<none>
Request params:	<none>
Query params:	<none>
Form params:	<none>
Path params:	<none>
Headers:		Accept=*/*
				Content-Type=application/json
Cookies:		<none>
Multiparts:		<none>
Body:
{
    "email": "PGyRfHQBoY@ya.ru",
    "password": "eklrrNjjofincorrect",
    "name": "HtKOBxdveI"
}
Request method:	POST
Request URI:	https://stellarburgers.nomoreparties.site/api/auth/login
Proxy:			<none>
Request params:	<none>
Query params:	<none>
Form params:	<none>
Path params:	<none>
Headers:		Accept=*/*
				Content-Type=application/json
Cookies:		<none>
Multiparts:		<none>
Body:
{
    "email": "PGyRfHQBoY@ya.ru",
    "password": "eklrrNjjofincorrect",
    "name": "HtKOBxdveI"
}
Request method:	POST
Request URI:	https://stellarburgers.nomoreparties.site/api/auth/login
Proxy:			<none>
Request params:	<none>
Query params:	<none>
Form params:	<none>
Path params:	<none>
Headers:		Accept=*/*
				Content-Type=application/json
Cookies:		<none>
Multiparts:		<none>
Body:
{
    "email": "PGyRfHQBoY@ya.ru",
    "password": "eklrrNjjofincorrect",
    "name": "HtKOBxdveI"
}
Request method:	POST
Request URI:	https://stellarburgers.nomoreparties.site/api/auth/login
Proxy:			<none>
Request params:	<none>
Query params:	<none>
Form params:	<none>
Path params:	<none>
Headers:		Accept=*/*
				Content-Type=application/json
Cookies:		<none>
Multiparts:		<none>
Body:
{
    "email": "PGyRfHQBoY@ya.ru",
    "password": "eklrrNjjofincorrect",
    "name": "HtKOBxdveI"
}
Request method:	POST
Request URI:	https://stellarburgers.nomoreparties.site/api/auth/login
Proxy:			<none>
Request params:	<none>
Query params:	<none>
Form params:	<none>
Path params:	<none>
Headers:		Accept=*/*
				Content-Type=application/json
Cookies:		<none>
Multiparts:		<none>
Body:
{
    "email": "PGyRfHQBoY@ya.ru",
    "password": "eklrrNjjofincorrect",
    "name": "HtKOBxdveI"
}
Request method:	POST
Request URI:	https://stellarburgers.nomoreparties.site/api/auth/login
Proxy:			<none>
Request params:	<none>
Query params:	<none>
Form params:	<none>
Path params:	<none>
Headers:		Accept=*/*
				Content-Type=application/json
Cookies:		<none>
Multiparts:		<none>
Body:
{
    "email": "PGyRfHQBoY@ya.ru",
    "password": "eklrrNjjofincorrect",
    "name": "HtKOBxdveI"
}
HTTP/1.1 401 Unauthorized
Date: Sun, 30 Jun 2024 15:27:46 GMT
Content-Type: application/json; charset=utf-8
Content-Length: 61
Connection: keep-alive
X-Powered-By: Express
Access-Control-Allow-Origin: *
ETag: W/"3d-ad9nrqlzQBuoZ0AId1U3rIgKU84"
CF-Cache-Status: DYNAMIC
Report-To: {"endpoints":[{"url":"https:\/\/a.nel.cloudflare.com\/report\/v4?s=QMzOmG1LLxqxztNjjdncBeNyki%2FDOUJ9O4i%2BL%2Fy9Ks8s4c7tgvf0CDmLj9M%2BQ2afs35YKKKCY66GkBYyhz%2FPbgKAHmsMmX%2FAHRf5Ikse9%2Be1vTosxT%2F36Ap2jMitzhLPtVgr1wOOluv%2B6tKQ9mjBvLW%2F7gc%3D"}],"group":"cf-nel","max_age":604800}
NEL: {"success_fraction":0,"report_to":"cf-nel","max_age":604800}
Server: cloudflare
CF-RAY: 89bf2ead4fde637d-LHR
alt-svc: h3=":443"; ma=86400

{
    "success": false,
    "message": "email or password are incorrect"
}
HTTP/1.1 401 Unauthorized
Date: Sun, 30 Jun 2024 15:27:46 GMT
Content-Type: application/json; charset=utf-8
Content-Length: 61
Connection: keep-alive
X-Powered-By: Express
Access-Control-Allow-Origin: *
ETag: W/"3d-ad9nrqlzQBuoZ0AId1U3rIgKU84"
CF-Cache-Status: DYNAMIC
Report-To: {"endpoints":[{"url":"https:\/\/a.nel.cloudflare.com\/report\/v4?s=QMzOmG1LLxqxztNjjdncBeNyki%2FDOUJ9O4i%2BL%2Fy9Ks8s4c7tgvf0CDmLj9M%2BQ2afs35YKKKCY66GkBYyhz%2FPbgKAHmsMmX%2FAHRf5Ikse9%2Be1vTosxT%2F36Ap2jMitzhLPtVgr1wOOluv%2B6tKQ9mjBvLW%2F7gc%3D"}],"group":"cf-nel","max_age":604800}
NEL: {"success_fraction":0,"report_to":"cf-nel","max_age":604800}
Server: cloudflare
CF-RAY: 89bf2ead4fde637d-LHR
alt-svc: h3=":443"; ma=86400

{
    "success": false,
    "message": "email or password are incorrect"
}
HTTP/1.1 401 Unauthorized
Date: Sun, 30 Jun 2024 15:27:46 GMT
Content-Type: application/json; charset=utf-8
Content-Length: 61
Connection: keep-alive
X-Powered-By: Express
Access-Control-Allow-Origin: *
ETag: W/"3d-ad9nrqlzQBuoZ0AId1U3rIgKU84"
CF-Cache-Status: DYNAMIC
Report-To: {"endpoints":[{"url":"https:\/\/a.nel.cloudflare.com\/report\/v4?s=QMzOmG1LLxqxztNjjdncBeNyki%2FDOUJ9O4i%2BL%2Fy9Ks8s4c7tgvf0CDmLj9M%2BQ2afs35YKKKCY66GkBYyhz%2FPbgKAHmsMmX%2FAHRf5Ikse9%2Be1vTosxT%2F36Ap2jMitzhLPtVgr1wOOluv%2B6tKQ9mjBvLW%2F7gc%3D"}],"group":"cf-nel","max_age":604800}
NEL: {"success_fraction":0,"report_to":"cf-nel","max_age":604800}
Server: cloudflare
CF-RAY: 89bf2ead4fde637d-LHR
alt-svc: h3=":443"; ma=86400

{
    "success": false,
    "message": "email or password are incorrect"
}
HTTP/1.1 401 Unauthorized
Date: Sun, 30 Jun 2024 15:27:46 GMT
Content-Type: application/json; charset=utf-8
Content-Length: 61
Connection: keep-alive
X-Powered-By: Express
Access-Control-Allow-Origin: *
ETag: W/"3d-ad9nrqlzQBuoZ0AId1U3rIgKU84"
CF-Cache-Status: DYNAMIC
Report-To: {"endpoints":[{"url":"https:\/\/a.nel.cloudflare.com\/report\/v4?s=QMzOmG1LLxqxztNjjdncBeNyki%2FDOUJ9O4i%2BL%2Fy9Ks8s4c7tgvf0CDmLj9M%2BQ2afs35YKKKCY66GkBYyhz%2FPbgKAHmsMmX%2FAHRf5Ikse9%2Be1vTosxT%2F36Ap2jMitzhLPtVgr1wOOluv%2B6tKQ9mjBvLW%2F7gc%3D"}],"group":"cf-nel","max_age":604800}
NEL: {"success_fraction":0,"report_to":"cf-nel","max_age":604800}
Server: cloudflare
CF-RAY: 89bf2ead4fde637d-LHR
alt-svc: h3=":443"; ma=86400

{
    "success": false,
    "message": "email or password are incorrect"
}
HTTP/1.1 401 Unauthorized
Date: Sun, 30 Jun 2024 15:27:46 GMT
Content-Type: application/json; charset=utf-8
Content-Length: 61
Connection: keep-alive
X-Powered-By: Express
Access-Control-Allow-Origin: *
ETag: W/"3d-ad9nrqlzQBuoZ0AId1U3rIgKU84"
CF-Cache-Status: DYNAMIC
Report-To: {"endpoints":[{"url":"https:\/\/a.nel.cloudflare.com\/report\/v4?s=QMzOmG1LLxqxztNjjdncBeNyki%2FDOUJ9O4i%2BL%2Fy9Ks8s4c7tgvf0CDmLj9M%2BQ2afs35YKKKCY66GkBYyhz%2FPbgKAHmsMmX%2FAHRf5Ikse9%2Be1vTosxT%2F36Ap2jMitzhLPtVgr1wOOluv%2B6tKQ9mjBvLW%2F7gc%3D"}],"group":"cf-nel","max_age":604800}
NEL: {"success_fraction":0,"report_to":"cf-nel","max_age":604800}
Server: cloudflare
CF-RAY: 89bf2ead4fde637d-LHR
alt-svc: h3=":443"; ma=86400

{
    "success": false,
    "message": "email or password are incorrect"
}
HTTP/1.1 401 Unauthorized
Date: Sun, 30 Jun 2024 15:27:46 GMT
Content-Type: application/json; charset=utf-8
Content-Length: 61
Connection: keep-alive
X-Powered-By: Express
Access-Control-Allow-Origin: *
ETag: W/"3d-ad9nrqlzQBuoZ0AId1U3rIgKU84"
CF-Cache-Status: DYNAMIC
Report-To: {"endpoints":[{"url":"https:\/\/a.nel.cloudflare.com\/report\/v4?s=QMzOmG1LLxqxztNjjdncBeNyki%2FDOUJ9O4i%2BL%2Fy9Ks8s4c7tgvf0CDmLj9M%2BQ2afs35YKKKCY66GkBYyhz%2FPbgKAHmsMmX%2FAHRf5Ikse9%2Be1vTosxT%2F36Ap2jMitzhLPtVgr1wOOluv%2B6tKQ9mjBvLW%2F7gc%3D"}],"group":"cf-nel","max_age":604800}
NEL: {"success_fraction":0,"report_to":"cf-nel","max_age":604800}
Server: cloudflare
CF-RAY: 89bf2ead4fde637d-LHR
alt-svc: h3=":443"; ma=86400

{
    "success": false,
    "message": "email or password are incorrect"
}
HTTP/1.1 401 Unauthorized
Date: Sun, 30 Jun 2024 15:27:46 GMT
Content-Type: application/json; charset=utf-8
Content-Length: 61
Connection: keep-alive
X-Powered-By: Express
Access-Control-Allow-Origin: *
ETag: W/"3d-ad9nrqlzQBuoZ0AId1U3rIgKU84"
CF-Cache-Status: DYNAMIC
Report-To: {"endpoints":[{"url":"https:\/\/a.nel.cloudflare.com\/report\/v4?s=QMzOmG1LLxqxztNjjdncBeNyki%2FDOUJ9O4i%2BL%2Fy9Ks8s4c7tgvf0CDmLj9M%2BQ2afs35YKKKCY66GkBYyhz%2FPbgKAHmsMmX%2FAHRf5Ikse9%2Be1vTosxT%2F36Ap2jMitzhLPtVgr1wOOluv%2B6tKQ9mjBvLW%2F7gc%3D"}],"group":"cf-nel","max_age":604800}
NEL: {"success_fraction":0,"report_to":"cf-nel","max_age":604800}
Server: cloudflare
CF-RAY: 89bf2ead4fde637d-LHR
alt-svc: h3=":443"; ma=86400

{
    "success": false,
    "message": "email or password are incorrect"
}
HTTP/1.1 401 Unauthorized
Date: Sun, 30 Jun 2024 15:27:46 GMT
Content-Type: application/json; charset=utf-8
Content-Length: 61
Connection: keep-alive
X-Powered-By: Express
Access-Control-Allow-Origin: *
ETag: W/"3d-ad9nrqlzQBuoZ0AId1U3rIgKU84"
CF-Cache-Status: DYNAMIC
Report-To: {"endpoints":[{"url":"https:\/\/a.nel.cloudflare.com\/report\/v4?s=QMzOmG1LLxqxztNjjdncBeNyki%2FDOUJ9O4i%2BL%2Fy9Ks8s4c7tgvf0CDmLj9M%2BQ2afs35YKKKCY66GkBYyhz%2FPbgKAHmsMmX%2FAHRf5Ikse9%2Be1vTosxT%2F36Ap2jMitzhLPtVgr1wOOluv%2B6tKQ9mjBvLW%2F7gc%3D"}],"group":"cf-nel","max_age":604800}
NEL: {"success_fraction":0,"report_to":"cf-nel","max_age":604800}
Server: cloudflare
CF-RAY: 89bf2ead4fde637d-LHR
alt-svc: h3=":443"; ma=86400

{
    "success": false,
    "message": "email or password are incorrect"
}
HTTP/1.1 401 Unauthorized
Date: Sun, 30 Jun 2024 15:27:46 GMT
Content-Type: application/json; charset=utf-8
Content-Length: 61
Connection: keep-alive
X-Powered-By: Express
Access-Control-Allow-Origin: *
ETag: W/"3d-ad9nrqlzQBuoZ0AId1U3rIgKU84"
CF-Cache-Status: DYNAMIC
Report-To: {"endpoints":[{"url":"https:\/\/a.nel.cloudflare.com\/report\/v4?s=QMzOmG1LLxqxztNjjdncBeNyki%2FDOUJ9O4i%2BL%2Fy9Ks8s4c7tgvf0CDmLj9M%2BQ2afs35YKKKCY66GkBYyhz%2FPbgKAHmsMmX%2FAHRf5Ikse9%2Be1vTosxT%2F36Ap2jMitzhLPtVgr1wOOluv%2B6tKQ9mjBvLW%2F7gc%3D"}],"group":"cf-nel","max_age":604800}
NEL: {"success_fraction":0,"report_to":"cf-nel","max_age":604800}
Server: cloudflare
CF-RAY: 89bf2ead4fde637d-LHR
alt-svc: h3=":443"; ma=86400

{
    "success": false,
    "message": "email or password are incorrect"
}
HTTP/1.1 401 Unauthorized
Date: Sun, 30 Jun 2024 15:27:46 GMT
Content-Type: application/json; charset=utf-8
Content-Length: 61
Connection: keep-alive
X-Powered-By: Express
Access-Control-Allow-Origin: *
ETag: W/"3d-ad9nrqlzQBuoZ0AId1U3rIgKU84"
CF-Cache-Status: DYNAMIC
Report-To: {"endpoints":[{"url":"https:\/\/a.nel.cloudflare.com\/report\/v4?s=QMzOmG1LLxqxztNjjdncBeNyki%2FDOUJ9O4i%2BL%2Fy9Ks8s4c7tgvf0CDmLj9M%2BQ2afs35YKKKCY66GkBYyhz%2FPbgKAHmsMmX%2FAHRf5Ikse9%2Be1vTosxT%2F36Ap2jMitzhLPtVgr1wOOluv%2B6tKQ9mjBvLW%2F7gc%3D"}],"group":"cf-nel","max_age":604800}
NEL: {"success_fraction":0,"report_to":"cf-nel","max_age":604800}
Server: cloudflare
CF-RAY: 89bf2ead4fde637d-LHR
alt-svc: h3=":443"; ma=86400

{
    "success": false,
    "message": "email or password are incorrect"
}
HTTP/1.1 401 Unauthorized
Date: Sun, 30 Jun 2024 15:27:46 GMT
Content-Type: application/json; charset=utf-8
Content-Length: 61
Connection: keep-alive
X-Powered-By: Express
Access-Control-Allow-Origin: *
ETag: W/"3d-ad9nrqlzQBuoZ0AId1U3rIgKU84"
CF-Cache-Status: DYNAMIC
Report-To: {"endpoints":[{"url":"https:\/\/a.nel.cloudflare.com\/report\/v4?s=QMzOmG1LLxqxztNjjdncBeNyki%2FDOUJ9O4i%2BL%2Fy9Ks8s4c7tgvf0CDmLj9M%2BQ2afs35YKKKCY66GkBYyhz%2FPbgKAHmsMmX%2FAHRf5Ikse9%2Be1vTosxT%2F36Ap2jMitzhLPtVgr1wOOluv%2B6tKQ9mjBvLW%2F7gc%3D"}],"group":"cf-nel","max_age":604800}
NEL: {"success_fraction":0,"report_to":"cf-nel","max_age":604800}
Server: cloudflare
CF-RAY: 89bf2ead4fde637d-LHR
alt-svc: h3=":443"; ma=86400

{
    "success": false,
    "message": "email or password are incorrect"
}
HTTP/1.1 401 Unauthorized
Date: Sun, 30 Jun 2024 15:27:46 GMT
Content-Type: application/json; charset=utf-8
Content-Length: 61
Connection: keep-alive
X-Powered-By: Express
Access-Control-Allow-Origin: *
ETag: W/"3d-ad9nrqlzQBuoZ0AId1U3rIgKU84"
CF-Cache-Status: DYNAMIC
Report-To: {"endpoints":[{"url":"https:\/\/a.nel.cloudflare.com\/report\/v4?s=QMzOmG1LLxqxztNjjdncBeNyki%2FDOUJ9O4i%2BL%2Fy9Ks8s4c7tgvf0CDmLj9M%2BQ2afs35YKKKCY66GkBYyhz%2FPbgKAHmsMmX%2FAHRf5Ikse9%2Be1vTosxT%2F36Ap2jMitzhLPtVgr1wOOluv%2B6tKQ9mjBvLW%2F7gc%3D"}],"group":"cf-nel","max_age":604800}
NEL: {"success_fraction":0,"report_to":"cf-nel","max_age":604800}
Server: cloudflare
CF-RAY: 89bf2ead4fde637d-LHR
alt-svc: h3=":443"; ma=86400

{
    "success": false,
    "message": "email or password are incorrect"
}
HTTP/1.1 401 Unauthorized
Date: Sun, 30 Jun 2024 15:27:46 GMT
Content-Type: application/json; charset=utf-8
Content-Length: 61
Connection: keep-alive
X-Powered-By: Express
Access-Control-Allow-Origin: *
ETag: W/"3d-ad9nrqlzQBuoZ0AId1U3rIgKU84"
CF-Cache-Status: DYNAMIC
Report-To: {"endpoints":[{"url":"https:\/\/a.nel.cloudflare.com\/report\/v4?s=QMzOmG1LLxqxztNjjdncBeNyki%2FDOUJ9O4i%2BL%2Fy9Ks8s4c7tgvf0CDmLj9M%2BQ2afs35YKKKCY66GkBYyhz%2FPbgKAHmsMmX%2FAHRf5Ikse9%2Be1vTosxT%2F36Ap2jMitzhLPtVgr1wOOluv%2B6tKQ9mjBvLW%2F7gc%3D"}],"group":"cf-nel","max_age":604800}
NEL: {"success_fraction":0,"report_to":"cf-nel","max_age":604800}
Server: cloudflare
CF-RAY: 89bf2ead4fde637d-LHR
alt-svc: h3=":443"; ma=86400

{
    "success": false,
    "message": "email or password are incorrect"
}
HTTP/1.1 401 Unauthorized
Date: Sun, 30 Jun 2024 15:27:46 GMT
Content-Type: application/json; charset=utf-8
Content-Length: 61
Connection: keep-alive
X-Powered-By: Express
Access-Control-Allow-Origin: *
ETag: W/"3d-ad9nrqlzQBuoZ0AId1U3rIgKU84"
CF-Cache-Status: DYNAMIC
Report-To: {"endpoints":[{"url":"https:\/\/a.nel.cloudflare.com\/report\/v4?s=QMzOmG1LLxqxztNjjdncBeNyki%2FDOUJ9O4i%2BL%2Fy9Ks8s4c7tgvf0CDmLj9M%2BQ2afs35YKKKCY66GkBYyhz%2FPbgKAHmsMmX%2FAHRf5Ikse9%2Be1vTosxT%2F36Ap2jMitzhLPtVgr1wOOluv%2B6tKQ9mjBvLW%2F7gc%3D"}],"group":"cf-nel","max_age":604800}
NEL: {"success_fraction":0,"report_to":"cf-nel","max_age":604800}
Server: cloudflare
CF-RAY: 89bf2ead4fde637d-LHR
alt-svc: h3=":443"; ma=86400

{
    "success": false,
    "message": "email or password are incorrect"
}
HTTP/1.1 401 Unauthorized
Date: Sun, 30 Jun 2024 15:27:46 GMT
Content-Type: application/json; charset=utf-8
Content-Length: 61
Connection: keep-alive
X-Powered-By: Express
Access-Control-Allow-Origin: *
ETag: W/"3d-ad9nrqlzQBuoZ0AId1U3rIgKU84"
CF-Cache-Status: DYNAMIC
Report-To: {"endpoints":[{"url":"https:\/\/a.nel.cloudflare.com\/report\/v4?s=QMzOmG1LLxqxztNjjdncBeNyki%2FDOUJ9O4i%2BL%2Fy9Ks8s4c7tgvf0CDmLj9M%2BQ2afs35YKKKCY66GkBYyhz%2FPbgKAHmsMmX%2FAHRf5Ikse9%2Be1vTosxT%2F36Ap2jMitzhLPtVgr1wOOluv%2B6tKQ9mjBvLW%2F7gc%3D"}],"group":"cf-nel","max_age":604800}
NEL: {"success_fraction":0,"report_to":"cf-nel","max_age":604800}
Server: cloudflare
CF-RAY: 89bf2ead4fde637d-LHR
alt-svc: h3=":443"; ma=86400

{
    "success": false,
    "message": "email or password are incorrect"
}
HTTP/1.1 401 Unauthorized
Date: Sun, 30 Jun 2024 15:27:46 GMT
Content-Type: application/json; charset=utf-8
Content-Length: 61
Connection: keep-alive
X-Powered-By: Express
Access-Control-Allow-Origin: *
ETag: W/"3d-ad9nrqlzQBuoZ0AId1U3rIgKU84"
CF-Cache-Status: DYNAMIC
Report-To: {"endpoints":[{"url":"https:\/\/a.nel.cloudflare.com\/report\/v4?s=QMzOmG1LLxqxztNjjdncBeNyki%2FDOUJ9O4i%2BL%2Fy9Ks8s4c7tgvf0CDmLj9M%2BQ2afs35YKKKCY66GkBYyhz%2FPbgKAHmsMmX%2FAHRf5Ikse9%2Be1vTosxT%2F36Ap2jMitzhLPtVgr1wOOluv%2B6tKQ9mjBvLW%2F7gc%3D"}],"group":"cf-nel","max_age":604800}
NEL: {"success_fraction":0,"report_to":"cf-nel","max_age":604800}
Server: cloudflare
CF-RAY: 89bf2ead4fde637d-LHR
alt-svc: h3=":443"; ma=86400

{
    "success": false,
    "message": "email or password are incorrect"
}
HTTP/1.1 401 Unauthorized
Date: Sun, 30 Jun 2024 15:27:46 GMT
Content-Type: application/json; charset=utf-8
Content-Length: 61
Connection: keep-alive
X-Powered-By: Express
Access-Control-Allow-Origin: *
ETag: W/"3d-ad9nrqlzQBuoZ0AId1U3rIgKU84"
CF-Cache-Status: DYNAMIC
Report-To: {"endpoints":[{"url":"https:\/\/a.nel.cloudflare.com\/report\/v4?s=QMzOmG1LLxqxztNjjdncBeNyki%2FDOUJ9O4i%2BL%2Fy9Ks8s4c7tgvf0CDmLj9M%2BQ2afs35YKKKCY66GkBYyhz%2FPbgKAHmsMmX%2FAHRf5Ikse9%2Be1vTosxT%2F36Ap2jMitzhLPtVgr1wOOluv%2B6tKQ9mjBvLW%2F7gc%3D"}],"group":"cf-nel","max_age":604800}
NEL: {"success_fraction":0,"report_to":"cf-nel","max_age":604800}
Server: cloudflare
CF-RAY: 89bf2ead4fde637d-LHR
alt-svc: h3=":443"; ma=86400

{
    "success": false,
    "message": "email or password are incorrect"
}
HTTP/1.1 401 Unauthorized
Date: Sun, 30 Jun 2024 15:27:46 GMT
Content-Type: application/json; charset=utf-8
Content-Length: 61
Connection: keep-alive
X-Powered-By: Express
Access-Control-Allow-Origin: *
ETag: W/"3d-ad9nrqlzQBuoZ0AId1U3rIgKU84"
CF-Cache-Status: DYNAMIC
Report-To: {"endpoints":[{"url":"https:\/\/a.nel.cloudflare.com\/report\/v4?s=QMzOmG1LLxqxztNjjdncBeNyki%2FDOUJ9O4i%2BL%2Fy9Ks8s4c7tgvf0CDmLj9M%2BQ2afs35YKKKCY66GkBYyhz%2FPbgKAHmsMmX%2FAHRf5Ikse9%2Be1vTosxT%2F36Ap2jMitzhLPtVgr1wOOluv%2B6tKQ9mjBvLW%2F7gc%3D"}],"group":"cf-nel","max_age":604800}
NEL: {"success_fraction":0,"report_to":"cf-nel","max_age":604800}
Server: cloudflare
CF-RAY: 89bf2ead4fde637d-LHR
alt-svc: h3=":443"; ma=86400

{
    "success": false,
    "message": "email or password are incorrect"
}
HTTP/1.1 401 Unauthorized
Date: Sun, 30 Jun 2024 15:27:46 GMT
Content-Type: application/json; charset=utf-8
Content-Length: 61
Connection: keep-alive
X-Powered-By: Express
Access-Control-Allow-Origin: *
ETag: W/"3d-ad9nrqlzQBuoZ0AId1U3rIgKU84"
CF-Cache-Status: DYNAMIC
Report-To: {"endpoints":[{"url":"https:\/\/a.nel.cloudflare.com\/report\/v4?s=QMzOmG1LLxqxztNjjdncBeNyki%2FDOUJ9O4i%2BL%2Fy9Ks8s4c7tgvf0CDmLj9M%2BQ2afs35YKKKCY66GkBYyhz%2FPbgKAHmsMmX%2FAHRf5Ikse9%2Be1vTosxT%2F36Ap2jMitzhLPtVgr1wOOluv%2B6tKQ9mjBvLW%2F7gc%3D"}],"group":"cf-nel","max_age":604800}
NEL: {"success_fraction":0,"report_to":"cf-nel","max_age":604800}
Server: cloudflare
CF-RAY: 89bf2ead4fde637d-LHR
alt-svc: h3=":443"; ma=86400

{
    "success": false,
    "message": "email or password are incorrect"
}
HTTP/1.1 401 Unauthorized
Date: Sun, 30 Jun 2024 15:27:46 GMT
Content-Type: application/json; charset=utf-8
Content-Length: 61
Connection: keep-alive
X-Powered-By: Express
Access-Control-Allow-Origin: *
ETag: W/"3d-ad9nrqlzQBuoZ0AId1U3rIgKU84"
CF-Cache-Status: DYNAMIC
Report-To: {"endpoints":[{"url":"https:\/\/a.nel.cloudflare.com\/report\/v4?s=QMzOmG1LLxqxztNjjdncBeNyki%2FDOUJ9O4i%2BL%2Fy9Ks8s4c7tgvf0CDmLj9M%2BQ2afs35YKKKCY66GkBYyhz%2FPbgKAHmsMmX%2FAHRf5Ikse9%2Be1vTosxT%2F36Ap2jMitzhLPtVgr1wOOluv%2B6tKQ9mjBvLW%2F7gc%3D"}],"group":"cf-nel","max_age":604800}
NEL: {"success_fraction":0,"report_to":"cf-nel","max_age":604800}
Server: cloudflare
CF-RAY: 89bf2ead4fde637d-LHR
alt-svc: h3=":443"; ma=86400

{
    "success": false,
    "message": "email or password are incorrect"
}
HTTP/1.1 401 Unauthorized
Date: Sun, 30 Jun 2024 15:27:46 GMT
Content-Type: application/json; charset=utf-8
Content-Length: 61
Connection: keep-alive
X-Powered-By: Express
Access-Control-Allow-Origin: *
ETag: W/"3d-ad9nrqlzQBuoZ0AId1U3rIgKU84"
CF-Cache-Status: DYNAMIC
Report-To: {"endpoints":[{"url":"https:\/\/a.nel.cloudflare.com\/report\/v4?s=QMzOmG1LLxqxztNjjdncBeNyki%2FDOUJ9O4i%2BL%2Fy9Ks8s4c7tgvf0CDmLj9M%2BQ2afs35YKKKCY66GkBYyhz%2FPbgKAHmsMmX%2FAHRf5Ikse9%2Be1vTosxT%2F36Ap2jMitzhLPtVgr1wOOluv%2B6tKQ9mjBvLW%2F7gc%3D"}],"group":"cf-nel","max_age":604800}
NEL: {"success_fraction":0,"report_to":"cf-nel","max_age":604800}
Server: cloudflare
CF-RAY: 89bf2ead4fde637d-LHR
alt-svc: h3=":443"; ma=86400

{
    "success": false,
    "message": "email or password are incorrect"
}
HTTP/1.1 401 Unauthorized
Date: Sun, 30 Jun 2024 15:27:46 GMT
Content-Type: application/json; charset=utf-8
Content-Length: 61
Connection: keep-alive
X-Powered-By: Express
Access-Control-Allow-Origin: *
ETag: W/"3d-ad9nrqlzQBuoZ0AId1U3rIgKU84"
CF-Cache-Status: DYNAMIC
Report-To: {"endpoints":[{"url":"https:\/\/a.nel.cloudflare.com\/report\/v4?s=QMzOmG1LLxqxztNjjdncBeNyki%2FDOUJ9O4i%2BL%2Fy9Ks8s4c7tgvf0CDmLj9M%2BQ2afs35YKKKCY66GkBYyhz%2FPbgKAHmsMmX%2FAHRf5Ikse9%2Be1vTosxT%2F36Ap2jMitzhLPtVgr1wOOluv%2B6tKQ9mjBvLW%2F7gc%3D"}],"group":"cf-nel","max_age":604800}
NEL: {"success_fraction":0,"report_to":"cf-nel","max_age":604800}
Server: cloudflare
CF-RAY: 89bf2ead4fde637d-LHR
alt-svc: h3=":443"; ma=86400

{
    "success": false,
    "message": "email or password are incorrect"
}
HTTP/1.1 401 Unauthorized
Date: Sun, 30 Jun 2024 15:27:46 GMT
Content-Type: application/json; charset=utf-8
Content-Length: 61
Connection: keep-alive
X-Powered-By: Express
Access-Control-Allow-Origin: *
ETag: W/"3d-ad9nrqlzQBuoZ0AId1U3rIgKU84"
CF-Cache-Status: DYNAMIC
Report-To: {"endpoints":[{"url":"https:\/\/a.nel.cloudflare.com\/report\/v4?s=QMzOmG1LLxqxztNjjdncBeNyki%2FDOUJ9O4i%2BL%2Fy9Ks8s4c7tgvf0CDmLj9M%2BQ2afs35YKKKCY66GkBYyhz%2FPbgKAHmsMmX%2FAHRf5Ikse9%2Be1vTosxT%2F36Ap2jMitzhLPtVgr1wOOluv%2B6tKQ9mjBvLW%2F7gc%3D"}],"group":"cf-nel","max_age":604800}
NEL: {"success_fraction":0,"report_to":"cf-nel","max_age":604800}
Server: cloudflare
CF-RAY: 89bf2ead4fde637d-LHR
alt-svc: h3=":443"; ma=86400

{
    "success": false,
    "message": "email or password are incorrect"
}
HTTP/1.1 401 Unauthorized
Date: Sun, 30 Jun 2024 15:27:46 GMT
Content-Type: application/json; charset=utf-8
Content-Length: 61
Connection: keep-alive
X-Powered-By: Express
Access-Control-Allow-Origin: *
ETag: W/"3d-ad9nrqlzQBuoZ0AId1U3rIgKU84"
CF-Cache-Status: DYNAMIC
Report-To: {"endpoints":[{"url":"https:\/\/a.nel.cloudflare.com\/report\/v4?s=QMzOmG1LLxqxztNjjdncBeNyki%2FDOUJ9O4i%2BL%2Fy9Ks8s4c7tgvf0CDmLj9M%2BQ2afs35YKKKCY66GkBYyhz%2FPbgKAHmsMmX%2FAHRf5Ikse9%2Be1vTosxT%2F36Ap2jMitzhLPtVgr1wOOluv%2B6tKQ9mjBvLW%2F7gc%3D"}],"group":"cf-nel","max_age":604800}
NEL: {"success_fraction":0,"report_to":"cf-nel","max_age":604800}
Server: cloudflare
CF-RAY: 89bf2ead4fde637d-LHR
alt-svc: h3=":443"; ma=86400

{
    "success": false,
    "message": "email or password are incorrect"
}
HTTP/1.1 401 Unauthorized
Date: Sun, 30 Jun 2024 15:27:46 GMT
Content-Type: application/json; charset=utf-8
Content-Length: 61
Connection: keep-alive
X-Powered-By: Express
Access-Control-Allow-Origin: *
ETag: W/"3d-ad9nrqlzQBuoZ0AId1U3rIgKU84"
CF-Cache-Status: DYNAMIC
Report-To: {"endpoints":[{"url":"https:\/\/a.nel.cloudflare.com\/report\/v4?s=QMzOmG1LLxqxztNjjdncBeNyki%2FDOUJ9O4i%2BL%2Fy9Ks8s4c7tgvf0CDmLj9M%2BQ2afs35YKKKCY66GkBYyhz%2FPbgKAHmsMmX%2FAHRf5Ikse9%2Be1vTosxT%2F36Ap2jMitzhLPtVgr1wOOluv%2B6tKQ9mjBvLW%2F7gc%3D"}],"group":"cf-nel","max_age":604800}
NEL: {"success_fraction":0,"report_to":"cf-nel","max_age":604800}
Server: cloudflare
CF-RAY: 89bf2ead4fde637d-LHR
alt-svc: h3=":443"; ma=86400

{
    "success": false,
    "message": "email or password are incorrect"
}
Request method:	DELETE
Request URI:	https://stellarburgers.nomoreparties.site/api/auth/user
Proxy:			<none>
Request params:	<none>
Query params:	<none>
Form params:	<none>
Path params:	<none>
Headers:		authorization=Bearer eyJhbGciOiJIUzI1NiIsInR5cCI6IkpXVCJ9.eyJpZCI6IjY2ODE3OTcyOWVkMjgwMDAxYjQ1OTYxMCIsImlhdCI6MTcxOTc2MTI2NiwiZXhwIjoxNzE5NzYyNDY2fQ.txrk-N2ndrvBCWRmXsaO5QupS0MLPCv-MwVesRH4mr4
				Accept=*/*
				Content-Type=application/json
Cookies:		<none>
Multiparts:		<none>
Body:			<none>
Request method:	DELETE
Request URI:	https://stellarburgers.nomoreparties.site/api/auth/user
Proxy:			<none>
Request params:	<none>
Query params:	<none>
Form params:	<none>
Path params:	<none>
Headers:		authorization=Bearer eyJhbGciOiJIUzI1NiIsInR5cCI6IkpXVCJ9.eyJpZCI6IjY2ODE3OTcyOWVkMjgwMDAxYjQ1OTYxMCIsImlhdCI6MTcxOTc2MTI2NiwiZXhwIjoxNzE5NzYyNDY2fQ.txrk-N2ndrvBCWRmXsaO5QupS0MLPCv-MwVesRH4mr4
				Accept=*/*
				Content-Type=application/json
Cookies:		<none>
Multiparts:		<none>
Body:			<none>
Request method:	DELETE
Request URI:	https://stellarburgers.nomoreparties.site/api/auth/user
Proxy:			<none>
Request params:	<none>
Query params:	<none>
Form params:	<none>
Path params:	<none>
Headers:		authorization=Bearer eyJhbGciOiJIUzI1NiIsInR5cCI6IkpXVCJ9.eyJpZCI6IjY2ODE3OTcyOWVkMjgwMDAxYjQ1OTYxMCIsImlhdCI6MTcxOTc2MTI2NiwiZXhwIjoxNzE5NzYyNDY2fQ.txrk-N2ndrvBCWRmXsaO5QupS0MLPCv-MwVesRH4mr4
				Accept=*/*
				Content-Type=application/json
Cookies:		<none>
Multiparts:		<none>
Body:			<none>
Request method:	DELETE
Request URI:	https://stellarburgers.nomoreparties.site/api/auth/user
Proxy:			<none>
Request params:	<none>
Query params:	<none>
Form params:	<none>
Path params:	<none>
Headers:		authorization=Bearer eyJhbGciOiJIUzI1NiIsInR5cCI6IkpXVCJ9.eyJpZCI6IjY2ODE3OTcyOWVkMjgwMDAxYjQ1OTYxMCIsImlhdCI6MTcxOTc2MTI2NiwiZXhwIjoxNzE5NzYyNDY2fQ.txrk-N2ndrvBCWRmXsaO5QupS0MLPCv-MwVesRH4mr4
				Accept=*/*
				Content-Type=application/json
Cookies:		<none>
Multiparts:		<none>
Body:			<none>
Request method:	DELETE
Request URI:	https://stellarburgers.nomoreparties.site/api/auth/user
Proxy:			<none>
Request params:	<none>
Query params:	<none>
Form params:	<none>
Path params:	<none>
Headers:		authorization=Bearer eyJhbGciOiJIUzI1NiIsInR5cCI6IkpXVCJ9.eyJpZCI6IjY2ODE3OTcyOWVkMjgwMDAxYjQ1OTYxMCIsImlhdCI6MTcxOTc2MTI2NiwiZXhwIjoxNzE5NzYyNDY2fQ.txrk-N2ndrvBCWRmXsaO5QupS0MLPCv-MwVesRH4mr4
				Accept=*/*
				Content-Type=application/json
Cookies:		<none>
Multiparts:		<none>
Body:			<none>
Request method:	DELETE
Request URI:	https://stellarburgers.nomoreparties.site/api/auth/user
Proxy:			<none>
Request params:	<none>
Query params:	<none>
Form params:	<none>
Path params:	<none>
Headers:		authorization=Bearer eyJhbGciOiJIUzI1NiIsInR5cCI6IkpXVCJ9.eyJpZCI6IjY2ODE3OTcyOWVkMjgwMDAxYjQ1OTYxMCIsImlhdCI6MTcxOTc2MTI2NiwiZXhwIjoxNzE5NzYyNDY2fQ.txrk-N2ndrvBCWRmXsaO5QupS0MLPCv-MwVesRH4mr4
				Accept=*/*
				Content-Type=application/json
Cookies:		<none>
Multiparts:		<none>
Body:			<none>
Request method:	DELETE
Request URI:	https://stellarburgers.nomoreparties.site/api/auth/user
Proxy:			<none>
Request params:	<none>
Query params:	<none>
Form params:	<none>
Path params:	<none>
Headers:		authorization=Bearer eyJhbGciOiJIUzI1NiIsInR5cCI6IkpXVCJ9.eyJpZCI6IjY2ODE3OTcyOWVkMjgwMDAxYjQ1OTYxMCIsImlhdCI6MTcxOTc2MTI2NiwiZXhwIjoxNzE5NzYyNDY2fQ.txrk-N2ndrvBCWRmXsaO5QupS0MLPCv-MwVesRH4mr4
				Accept=*/*
				Content-Type=application/json
Cookies:		<none>
Multiparts:		<none>
Body:			<none>
Request method:	DELETE
Request URI:	https://stellarburgers.nomoreparties.site/api/auth/user
Proxy:			<none>
Request params:	<none>
Query params:	<none>
Form params:	<none>
Path params:	<none>
Headers:		authorization=Bearer eyJhbGciOiJIUzI1NiIsInR5cCI6IkpXVCJ9.eyJpZCI6IjY2ODE3OTcyOWVkMjgwMDAxYjQ1OTYxMCIsImlhdCI6MTcxOTc2MTI2NiwiZXhwIjoxNzE5NzYyNDY2fQ.txrk-N2ndrvBCWRmXsaO5QupS0MLPCv-MwVesRH4mr4
				Accept=*/*
				Content-Type=application/json
Cookies:		<none>
Multiparts:		<none>
Body:			<none>
Request method:	DELETE
Request URI:	https://stellarburgers.nomoreparties.site/api/auth/user
Proxy:			<none>
Request params:	<none>
Query params:	<none>
Form params:	<none>
Path params:	<none>
Headers:		authorization=Bearer eyJhbGciOiJIUzI1NiIsInR5cCI6IkpXVCJ9.eyJpZCI6IjY2ODE3OTcyOWVkMjgwMDAxYjQ1OTYxMCIsImlhdCI6MTcxOTc2MTI2NiwiZXhwIjoxNzE5NzYyNDY2fQ.txrk-N2ndrvBCWRmXsaO5QupS0MLPCv-MwVesRH4mr4
				Accept=*/*
				Content-Type=application/json
Cookies:		<none>
Multiparts:		<none>
Body:			<none>
Request method:	DELETE
Request URI:	https://stellarburgers.nomoreparties.site/api/auth/user
Proxy:			<none>
Request params:	<none>
Query params:	<none>
Form params:	<none>
Path params:	<none>
Headers:		authorization=Bearer eyJhbGciOiJIUzI1NiIsInR5cCI6IkpXVCJ9.eyJpZCI6IjY2ODE3OTcyOWVkMjgwMDAxYjQ1OTYxMCIsImlhdCI6MTcxOTc2MTI2NiwiZXhwIjoxNzE5NzYyNDY2fQ.txrk-N2ndrvBCWRmXsaO5QupS0MLPCv-MwVesRH4mr4
				Accept=*/*
				Content-Type=application/json
Cookies:		<none>
Multiparts:		<none>
Body:			<none>
Request method:	DELETE
Request URI:	https://stellarburgers.nomoreparties.site/api/auth/user
Proxy:			<none>
Request params:	<none>
Query params:	<none>
Form params:	<none>
Path params:	<none>
Headers:		authorization=Bearer eyJhbGciOiJIUzI1NiIsInR5cCI6IkpXVCJ9.eyJpZCI6IjY2ODE3OTcyOWVkMjgwMDAxYjQ1OTYxMCIsImlhdCI6MTcxOTc2MTI2NiwiZXhwIjoxNzE5NzYyNDY2fQ.txrk-N2ndrvBCWRmXsaO5QupS0MLPCv-MwVesRH4mr4
				Accept=*/*
				Content-Type=application/json
Cookies:		<none>
Multiparts:		<none>
Body:			<none>
Request method:	DELETE
Request URI:	https://stellarburgers.nomoreparties.site/api/auth/user
Proxy:			<none>
Request params:	<none>
Query params:	<none>
Form params:	<none>
Path params:	<none>
Headers:		authorization=Bearer eyJhbGciOiJIUzI1NiIsInR5cCI6IkpXVCJ9.eyJpZCI6IjY2ODE3OTcyOWVkMjgwMDAxYjQ1OTYxMCIsImlhdCI6MTcxOTc2MTI2NiwiZXhwIjoxNzE5NzYyNDY2fQ.txrk-N2ndrvBCWRmXsaO5QupS0MLPCv-MwVesRH4mr4
				Accept=*/*
				Content-Type=application/json
Cookies:		<none>
Multiparts:		<none>
Body:			<none>
Request method:	DELETE
Request URI:	https://stellarburgers.nomoreparties.site/api/auth/user
Proxy:			<none>
Request params:	<none>
Query params:	<none>
Form params:	<none>
Path params:	<none>
Headers:		authorization=Bearer eyJhbGciOiJIUzI1NiIsInR5cCI6IkpXVCJ9.eyJpZCI6IjY2ODE3OTcyOWVkMjgwMDAxYjQ1OTYxMCIsImlhdCI6MTcxOTc2MTI2NiwiZXhwIjoxNzE5NzYyNDY2fQ.txrk-N2ndrvBCWRmXsaO5QupS0MLPCv-MwVesRH4mr4
				Accept=*/*
				Content-Type=application/json
Cookies:		<none>
Multiparts:		<none>
Body:			<none>
Request method:	DELETE
Request URI:	https://stellarburgers.nomoreparties.site/api/auth/user
Proxy:			<none>
Request params:	<none>
Query params:	<none>
Form params:	<none>
Path params:	<none>
Headers:		authorization=Bearer eyJhbGciOiJIUzI1NiIsInR5cCI6IkpXVCJ9.eyJpZCI6IjY2ODE3OTcyOWVkMjgwMDAxYjQ1OTYxMCIsImlhdCI6MTcxOTc2MTI2NiwiZXhwIjoxNzE5NzYyNDY2fQ.txrk-N2ndrvBCWRmXsaO5QupS0MLPCv-MwVesRH4mr4
				Accept=*/*
				Content-Type=application/json
Cookies:		<none>
Multiparts:		<none>
Body:			<none>
Request method:	DELETE
Request URI:	https://stellarburgers.nomoreparties.site/api/auth/user
Proxy:			<none>
Request params:	<none>
Query params:	<none>
Form params:	<none>
Path params:	<none>
Headers:		authorization=Bearer eyJhbGciOiJIUzI1NiIsInR5cCI6IkpXVCJ9.eyJpZCI6IjY2ODE3OTcyOWVkMjgwMDAxYjQ1OTYxMCIsImlhdCI6MTcxOTc2MTI2NiwiZXhwIjoxNzE5NzYyNDY2fQ.txrk-N2ndrvBCWRmXsaO5QupS0MLPCv-MwVesRH4mr4
				Accept=*/*
				Content-Type=application/json
Cookies:		<none>
Multiparts:		<none>
Body:			<none>
Request method:	DELETE
Request URI:	https://stellarburgers.nomoreparties.site/api/auth/user
Proxy:			<none>
Request params:	<none>
Query params:	<none>
Form params:	<none>
Path params:	<none>
Headers:		authorization=Bearer eyJhbGciOiJIUzI1NiIsInR5cCI6IkpXVCJ9.eyJpZCI6IjY2ODE3OTcyOWVkMjgwMDAxYjQ1OTYxMCIsImlhdCI6MTcxOTc2MTI2NiwiZXhwIjoxNzE5NzYyNDY2fQ.txrk-N2ndrvBCWRmXsaO5QupS0MLPCv-MwVesRH4mr4
				Accept=*/*
				Content-Type=application/json
Cookies:		<none>
Multiparts:		<none>
Body:			<none>
Request method:	DELETE
Request URI:	https://stellarburgers.nomoreparties.site/api/auth/user
Proxy:			<none>
Request params:	<none>
Query params:	<none>
Form params:	<none>
Path params:	<none>
Headers:		authorization=Bearer eyJhbGciOiJIUzI1NiIsInR5cCI6IkpXVCJ9.eyJpZCI6IjY2ODE3OTcyOWVkMjgwMDAxYjQ1OTYxMCIsImlhdCI6MTcxOTc2MTI2NiwiZXhwIjoxNzE5NzYyNDY2fQ.txrk-N2ndrvBCWRmXsaO5QupS0MLPCv-MwVesRH4mr4
				Accept=*/*
				Content-Type=application/json
Cookies:		<none>
Multiparts:		<none>
Body:			<none>
Request method:	DELETE
Request URI:	https://stellarburgers.nomoreparties.site/api/auth/user
Proxy:			<none>
Request params:	<none>
Query params:	<none>
Form params:	<none>
Path params:	<none>
Headers:		authorization=Bearer eyJhbGciOiJIUzI1NiIsInR5cCI6IkpXVCJ9.eyJpZCI6IjY2ODE3OTcyOWVkMjgwMDAxYjQ1OTYxMCIsImlhdCI6MTcxOTc2MTI2NiwiZXhwIjoxNzE5NzYyNDY2fQ.txrk-N2ndrvBCWRmXsaO5QupS0MLPCv-MwVesRH4mr4
				Accept=*/*
				Content-Type=application/json
Cookies:		<none>
Multiparts:		<none>
Body:			<none>
Request method:	DELETE
Request URI:	https://stellarburgers.nomoreparties.site/api/auth/user
Proxy:			<none>
Request params:	<none>
Query params:	<none>
Form params:	<none>
Path params:	<none>
Headers:		authorization=Bearer eyJhbGciOiJIUzI1NiIsInR5cCI6IkpXVCJ9.eyJpZCI6IjY2ODE3OTcyOWVkMjgwMDAxYjQ1OTYxMCIsImlhdCI6MTcxOTc2MTI2NiwiZXhwIjoxNzE5NzYyNDY2fQ.txrk-N2ndrvBCWRmXsaO5QupS0MLPCv-MwVesRH4mr4
				Accept=*/*
				Content-Type=application/json
Cookies:		<none>
Multiparts:		<none>
Body:			<none>
Request method:	DELETE
Request URI:	https://stellarburgers.nomoreparties.site/api/auth/user
Proxy:			<none>
Request params:	<none>
Query params:	<none>
Form params:	<none>
Path params:	<none>
Headers:		authorization=Bearer eyJhbGciOiJIUzI1NiIsInR5cCI6IkpXVCJ9.eyJpZCI6IjY2ODE3OTcyOWVkMjgwMDAxYjQ1OTYxMCIsImlhdCI6MTcxOTc2MTI2NiwiZXhwIjoxNzE5NzYyNDY2fQ.txrk-N2ndrvBCWRmXsaO5QupS0MLPCv-MwVesRH4mr4
				Accept=*/*
				Content-Type=application/json
Cookies:		<none>
Multiparts:		<none>
Body:			<none>
Request method:	DELETE
Request URI:	https://stellarburgers.nomoreparties.site/api/auth/user
Proxy:			<none>
Request params:	<none>
Query params:	<none>
Form params:	<none>
Path params:	<none>
Headers:		authorization=Bearer eyJhbGciOiJIUzI1NiIsInR5cCI6IkpXVCJ9.eyJpZCI6IjY2ODE3OTcyOWVkMjgwMDAxYjQ1OTYxMCIsImlhdCI6MTcxOTc2MTI2NiwiZXhwIjoxNzE5NzYyNDY2fQ.txrk-N2ndrvBCWRmXsaO5QupS0MLPCv-MwVesRH4mr4
				Accept=*/*
				Content-Type=application/json
Cookies:		<none>
Multiparts:		<none>
Body:			<none>
Request method:	DELETE
Request URI:	https://stellarburgers.nomoreparties.site/api/auth/user
Proxy:			<none>
Request params:	<none>
Query params:	<none>
Form params:	<none>
Path params:	<none>
Headers:		authorization=Bearer eyJhbGciOiJIUzI1NiIsInR5cCI6IkpXVCJ9.eyJpZCI6IjY2ODE3OTcyOWVkMjgwMDAxYjQ1OTYxMCIsImlhdCI6MTcxOTc2MTI2NiwiZXhwIjoxNzE5NzYyNDY2fQ.txrk-N2ndrvBCWRmXsaO5QupS0MLPCv-MwVesRH4mr4
				Accept=*/*
				Content-Type=application/json
Cookies:		<none>
Multiparts:		<none>
Body:			<none>
Request method:	DELETE
Request URI:	https://stellarburgers.nomoreparties.site/api/auth/user
Proxy:			<none>
Request params:	<none>
Query params:	<none>
Form params:	<none>
Path params:	<none>
Headers:		authorization=Bearer eyJhbGciOiJIUzI1NiIsInR5cCI6IkpXVCJ9.eyJpZCI6IjY2ODE3OTcyOWVkMjgwMDAxYjQ1OTYxMCIsImlhdCI6MTcxOTc2MTI2NiwiZXhwIjoxNzE5NzYyNDY2fQ.txrk-N2ndrvBCWRmXsaO5QupS0MLPCv-MwVesRH4mr4
				Accept=*/*
				Content-Type=application/json
Cookies:		<none>
Multiparts:		<none>
Body:			<none>
Request method:	DELETE
Request URI:	https://stellarburgers.nomoreparties.site/api/auth/user
Proxy:			<none>
Request params:	<none>
Query params:	<none>
Form params:	<none>
Path params:	<none>
Headers:		authorization=Bearer eyJhbGciOiJIUzI1NiIsInR5cCI6IkpXVCJ9.eyJpZCI6IjY2ODE3OTcyOWVkMjgwMDAxYjQ1OTYxMCIsImlhdCI6MTcxOTc2MTI2NiwiZXhwIjoxNzE5NzYyNDY2fQ.txrk-N2ndrvBCWRmXsaO5QupS0MLPCv-MwVesRH4mr4
				Accept=*/*
				Content-Type=application/json
Cookies:		<none>
Multiparts:		<none>
Body:			<none>
Request method:	DELETE
Request URI:	https://stellarburgers.nomoreparties.site/api/auth/user
Proxy:			<none>
Request params:	<none>
Query params:	<none>
Form params:	<none>
Path params:	<none>
Headers:		authorization=Bearer eyJhbGciOiJIUzI1NiIsInR5cCI6IkpXVCJ9.eyJpZCI6IjY2ODE3OTcyOWVkMjgwMDAxYjQ1OTYxMCIsImlhdCI6MTcxOTc2MTI2NiwiZXhwIjoxNzE5NzYyNDY2fQ.txrk-N2ndrvBCWRmXsaO5QupS0MLPCv-MwVesRH4mr4
				Accept=*/*
				Content-Type=application/json
Cookies:		<none>
Multiparts:		<none>
Body:			<none>
Request method:	DELETE
Request URI:	https://stellarburgers.nomoreparties.site/api/auth/user
Proxy:			<none>
Request params:	<none>
Query params:	<none>
Form params:	<none>
Path params:	<none>
Headers:		authorization=Bearer eyJhbGciOiJIUzI1NiIsInR5cCI6IkpXVCJ9.eyJpZCI6IjY2ODE3OTcyOWVkMjgwMDAxYjQ1OTYxMCIsImlhdCI6MTcxOTc2MTI2NiwiZXhwIjoxNzE5NzYyNDY2fQ.txrk-N2ndrvBCWRmXsaO5QupS0MLPCv-MwVesRH4mr4
				Accept=*/*
				Content-Type=application/json
Cookies:		<none>
Multiparts:		<none>
Body:			<none>
HTTP/1.1 202 Accepted
Date: Sun, 30 Jun 2024 15:27:47 GMT
Content-Type: application/json; charset=utf-8
Content-Length: 54
Connection: keep-alive
X-Powered-By: Express
Access-Control-Allow-Origin: *
ETag: W/"36-hDmZnQ3Ou/ynnqAeC6TYmyseuzY"
CF-Cache-Status: DYNAMIC
Report-To: {"endpoints":[{"url":"https:\/\/a.nel.cloudflare.com\/report\/v4?s=dQKVpPmcW377SpJVkJNy4xxoc8Tdlk1qqE%2FmW6R68ZLNGNLDwElufxXmpbUKHcfNT1%2FSKqhAAnFffDlxwoOQjgHRm%2FujzRD1%2Bz8JvasL8aPr97nNCmRnTeeQGv6kksRiEVrNwBCrSOWEkZpLw96VUsVdibg%3D"}],"group":"cf-nel","max_age":604800}
NEL: {"success_fraction":0,"report_to":"cf-nel","max_age":604800}
Server: cloudflare
CF-RAY: 89bf2eafde35d0d1-AMS
alt-svc: h3=":443"; ma=86400

{
    "success": true,
    "message": "User successfully removed"
}
HTTP/1.1 202 Accepted
Date: Sun, 30 Jun 2024 15:27:47 GMT
Content-Type: application/json; charset=utf-8
Content-Length: 54
Connection: keep-alive
X-Powered-By: Express
Access-Control-Allow-Origin: *
ETag: W/"36-hDmZnQ3Ou/ynnqAeC6TYmyseuzY"
CF-Cache-Status: DYNAMIC
Report-To: {"endpoints":[{"url":"https:\/\/a.nel.cloudflare.com\/report\/v4?s=dQKVpPmcW377SpJVkJNy4xxoc8Tdlk1qqE%2FmW6R68ZLNGNLDwElufxXmpbUKHcfNT1%2FSKqhAAnFffDlxwoOQjgHRm%2FujzRD1%2Bz8JvasL8aPr97nNCmRnTeeQGv6kksRiEVrNwBCrSOWEkZpLw96VUsVdibg%3D"}],"group":"cf-nel","max_age":604800}
NEL: {"success_fraction":0,"report_to":"cf-nel","max_age":604800}
Server: cloudflare
CF-RAY: 89bf2eafde35d0d1-AMS
alt-svc: h3=":443"; ma=86400

{
    "success": true,
    "message": "User successfully removed"
}
HTTP/1.1 202 Accepted
Date: Sun, 30 Jun 2024 15:27:47 GMT
Content-Type: application/json; charset=utf-8
Content-Length: 54
Connection: keep-alive
X-Powered-By: Express
Access-Control-Allow-Origin: *
ETag: W/"36-hDmZnQ3Ou/ynnqAeC6TYmyseuzY"
CF-Cache-Status: DYNAMIC
Report-To: {"endpoints":[{"url":"https:\/\/a.nel.cloudflare.com\/report\/v4?s=dQKVpPmcW377SpJVkJNy4xxoc8Tdlk1qqE%2FmW6R68ZLNGNLDwElufxXmpbUKHcfNT1%2FSKqhAAnFffDlxwoOQjgHRm%2FujzRD1%2Bz8JvasL8aPr97nNCmRnTeeQGv6kksRiEVrNwBCrSOWEkZpLw96VUsVdibg%3D"}],"group":"cf-nel","max_age":604800}
NEL: {"success_fraction":0,"report_to":"cf-nel","max_age":604800}
Server: cloudflare
CF-RAY: 89bf2eafde35d0d1-AMS
alt-svc: h3=":443"; ma=86400

{
    "success": true,
    "message": "User successfully removed"
}
HTTP/1.1 202 Accepted
Date: Sun, 30 Jun 2024 15:27:47 GMT
Content-Type: application/json; charset=utf-8
Content-Length: 54
Connection: keep-alive
X-Powered-By: Express
Access-Control-Allow-Origin: *
ETag: W/"36-hDmZnQ3Ou/ynnqAeC6TYmyseuzY"
CF-Cache-Status: DYNAMIC
Report-To: {"endpoints":[{"url":"https:\/\/a.nel.cloudflare.com\/report\/v4?s=dQKVpPmcW377SpJVkJNy4xxoc8Tdlk1qqE%2FmW6R68ZLNGNLDwElufxXmpbUKHcfNT1%2FSKqhAAnFffDlxwoOQjgHRm%2FujzRD1%2Bz8JvasL8aPr97nNCmRnTeeQGv6kksRiEVrNwBCrSOWEkZpLw96VUsVdibg%3D"}],"group":"cf-nel","max_age":604800}
NEL: {"success_fraction":0,"report_to":"cf-nel","max_age":604800}
Server: cloudflare
CF-RAY: 89bf2eafde35d0d1-AMS
alt-svc: h3=":443"; ma=86400

{
    "success": true,
    "message": "User successfully removed"
}
HTTP/1.1 202 Accepted
Date: Sun, 30 Jun 2024 15:27:47 GMT
Content-Type: application/json; charset=utf-8
Content-Length: 54
Connection: keep-alive
X-Powered-By: Express
Access-Control-Allow-Origin: *
ETag: W/"36-hDmZnQ3Ou/ynnqAeC6TYmyseuzY"
CF-Cache-Status: DYNAMIC
Report-To: {"endpoints":[{"url":"https:\/\/a.nel.cloudflare.com\/report\/v4?s=dQKVpPmcW377SpJVkJNy4xxoc8Tdlk1qqE%2FmW6R68ZLNGNLDwElufxXmpbUKHcfNT1%2FSKqhAAnFffDlxwoOQjgHRm%2FujzRD1%2Bz8JvasL8aPr97nNCmRnTeeQGv6kksRiEVrNwBCrSOWEkZpLw96VUsVdibg%3D"}],"group":"cf-nel","max_age":604800}
NEL: {"success_fraction":0,"report_to":"cf-nel","max_age":604800}
Server: cloudflare
CF-RAY: 89bf2eafde35d0d1-AMS
alt-svc: h3=":443"; ma=86400

{
    "success": true,
    "message": "User successfully removed"
}
HTTP/1.1 202 Accepted
Date: Sun, 30 Jun 2024 15:27:47 GMT
Content-Type: application/json; charset=utf-8
Content-Length: 54
Connection: keep-alive
X-Powered-By: Express
Access-Control-Allow-Origin: *
ETag: W/"36-hDmZnQ3Ou/ynnqAeC6TYmyseuzY"
CF-Cache-Status: DYNAMIC
Report-To: {"endpoints":[{"url":"https:\/\/a.nel.cloudflare.com\/report\/v4?s=dQKVpPmcW377SpJVkJNy4xxoc8Tdlk1qqE%2FmW6R68ZLNGNLDwElufxXmpbUKHcfNT1%2FSKqhAAnFffDlxwoOQjgHRm%2FujzRD1%2Bz8JvasL8aPr97nNCmRnTeeQGv6kksRiEVrNwBCrSOWEkZpLw96VUsVdibg%3D"}],"group":"cf-nel","max_age":604800}
NEL: {"success_fraction":0,"report_to":"cf-nel","max_age":604800}
Server: cloudflare
CF-RAY: 89bf2eafde35d0d1-AMS
alt-svc: h3=":443"; ma=86400

{
    "success": true,
    "message": "User successfully removed"
}
HTTP/1.1 202 Accepted
Date: Sun, 30 Jun 2024 15:27:47 GMT
Content-Type: application/json; charset=utf-8
Content-Length: 54
Connection: keep-alive
X-Powered-By: Express
Access-Control-Allow-Origin: *
ETag: W/"36-hDmZnQ3Ou/ynnqAeC6TYmyseuzY"
CF-Cache-Status: DYNAMIC
Report-To: {"endpoints":[{"url":"https:\/\/a.nel.cloudflare.com\/report\/v4?s=dQKVpPmcW377SpJVkJNy4xxoc8Tdlk1qqE%2FmW6R68ZLNGNLDwElufxXmpbUKHcfNT1%2FSKqhAAnFffDlxwoOQjgHRm%2FujzRD1%2Bz8JvasL8aPr97nNCmRnTeeQGv6kksRiEVrNwBCrSOWEkZpLw96VUsVdibg%3D"}],"group":"cf-nel","max_age":604800}
NEL: {"success_fraction":0,"report_to":"cf-nel","max_age":604800}
Server: cloudflare
CF-RAY: 89bf2eafde35d0d1-AMS
alt-svc: h3=":443"; ma=86400

{
    "success": true,
    "message": "User successfully removed"
}
HTTP/1.1 202 Accepted
Date: Sun, 30 Jun 2024 15:27:47 GMT
Content-Type: application/json; charset=utf-8
Content-Length: 54
Connection: keep-alive
X-Powered-By: Express
Access-Control-Allow-Origin: *
ETag: W/"36-hDmZnQ3Ou/ynnqAeC6TYmyseuzY"
CF-Cache-Status: DYNAMIC
Report-To: {"endpoints":[{"url":"https:\/\/a.nel.cloudflare.com\/report\/v4?s=dQKVpPmcW377SpJVkJNy4xxoc8Tdlk1qqE%2FmW6R68ZLNGNLDwElufxXmpbUKHcfNT1%2FSKqhAAnFffDlxwoOQjgHRm%2FujzRD1%2Bz8JvasL8aPr97nNCmRnTeeQGv6kksRiEVrNwBCrSOWEkZpLw96VUsVdibg%3D"}],"group":"cf-nel","max_age":604800}
NEL: {"success_fraction":0,"report_to":"cf-nel","max_age":604800}
Server: cloudflare
CF-RAY: 89bf2eafde35d0d1-AMS
alt-svc: h3=":443"; ma=86400

{
    "success": true,
    "message": "User successfully removed"
}
HTTP/1.1 202 Accepted
Date: Sun, 30 Jun 2024 15:27:47 GMT
Content-Type: application/json; charset=utf-8
Content-Length: 54
Connection: keep-alive
X-Powered-By: Express
Access-Control-Allow-Origin: *
ETag: W/"36-hDmZnQ3Ou/ynnqAeC6TYmyseuzY"
CF-Cache-Status: DYNAMIC
Report-To: {"endpoints":[{"url":"https:\/\/a.nel.cloudflare.com\/report\/v4?s=dQKVpPmcW377SpJVkJNy4xxoc8Tdlk1qqE%2FmW6R68ZLNGNLDwElufxXmpbUKHcfNT1%2FSKqhAAnFffDlxwoOQjgHRm%2FujzRD1%2Bz8JvasL8aPr97nNCmRnTeeQGv6kksRiEVrNwBCrSOWEkZpLw96VUsVdibg%3D"}],"group":"cf-nel","max_age":604800}
NEL: {"success_fraction":0,"report_to":"cf-nel","max_age":604800}
Server: cloudflare
CF-RAY: 89bf2eafde35d0d1-AMS
alt-svc: h3=":443"; ma=86400

{
    "success": true,
    "message": "User successfully removed"
}
HTTP/1.1 202 Accepted
Date: Sun, 30 Jun 2024 15:27:47 GMT
Content-Type: application/json; charset=utf-8
Content-Length: 54
Connection: keep-alive
X-Powered-By: Express
Access-Control-Allow-Origin: *
ETag: W/"36-hDmZnQ3Ou/ynnqAeC6TYmyseuzY"
CF-Cache-Status: DYNAMIC
Report-To: {"endpoints":[{"url":"https:\/\/a.nel.cloudflare.com\/report\/v4?s=dQKVpPmcW377SpJVkJNy4xxoc8Tdlk1qqE%2FmW6R68ZLNGNLDwElufxXmpbUKHcfNT1%2FSKqhAAnFffDlxwoOQjgHRm%2FujzRD1%2Bz8JvasL8aPr97nNCmRnTeeQGv6kksRiEVrNwBCrSOWEkZpLw96VUsVdibg%3D"}],"group":"cf-nel","max_age":604800}
NEL: {"success_fraction":0,"report_to":"cf-nel","max_age":604800}
Server: cloudflare
CF-RAY: 89bf2eafde35d0d1-AMS
alt-svc: h3=":443"; ma=86400

{
    "success": true,
    "message": "User successfully removed"
}
HTTP/1.1 202 Accepted
Date: Sun, 30 Jun 2024 15:27:47 GMT
Content-Type: application/json; charset=utf-8
Content-Length: 54
Connection: keep-alive
X-Powered-By: Express
Access-Control-Allow-Origin: *
ETag: W/"36-hDmZnQ3Ou/ynnqAeC6TYmyseuzY"
CF-Cache-Status: DYNAMIC
Report-To: {"endpoints":[{"url":"https:\/\/a.nel.cloudflare.com\/report\/v4?s=dQKVpPmcW377SpJVkJNy4xxoc8Tdlk1qqE%2FmW6R68ZLNGNLDwElufxXmpbUKHcfNT1%2FSKqhAAnFffDlxwoOQjgHRm%2FujzRD1%2Bz8JvasL8aPr97nNCmRnTeeQGv6kksRiEVrNwBCrSOWEkZpLw96VUsVdibg%3D"}],"group":"cf-nel","max_age":604800}
NEL: {"success_fraction":0,"report_to":"cf-nel","max_age":604800}
Server: cloudflare
CF-RAY: 89bf2eafde35d0d1-AMS
alt-svc: h3=":443"; ma=86400

{
    "success": true,
    "message": "User successfully removed"
}
HTTP/1.1 202 Accepted
Date: Sun, 30 Jun 2024 15:27:47 GMT
Content-Type: application/json; charset=utf-8
Content-Length: 54
Connection: keep-alive
X-Powered-By: Express
Access-Control-Allow-Origin: *
ETag: W/"36-hDmZnQ3Ou/ynnqAeC6TYmyseuzY"
CF-Cache-Status: DYNAMIC
Report-To: {"endpoints":[{"url":"https:\/\/a.nel.cloudflare.com\/report\/v4?s=dQKVpPmcW377SpJVkJNy4xxoc8Tdlk1qqE%2FmW6R68ZLNGNLDwElufxXmpbUKHcfNT1%2FSKqhAAnFffDlxwoOQjgHRm%2FujzRD1%2Bz8JvasL8aPr97nNCmRnTeeQGv6kksRiEVrNwBCrSOWEkZpLw96VUsVdibg%3D"}],"group":"cf-nel","max_age":604800}
NEL: {"success_fraction":0,"report_to":"cf-nel","max_age":604800}
Server: cloudflare
CF-RAY: 89bf2eafde35d0d1-AMS
alt-svc: h3=":443"; ma=86400

{
    "success": true,
    "message": "User successfully removed"
}
HTTP/1.1 202 Accepted
Date: Sun, 30 Jun 2024 15:27:47 GMT
Content-Type: application/json; charset=utf-8
Content-Length: 54
Connection: keep-alive
X-Powered-By: Express
Access-Control-Allow-Origin: *
ETag: W/"36-hDmZnQ3Ou/ynnqAeC6TYmyseuzY"
CF-Cache-Status: DYNAMIC
Report-To: {"endpoints":[{"url":"https:\/\/a.nel.cloudflare.com\/report\/v4?s=dQKVpPmcW377SpJVkJNy4xxoc8Tdlk1qqE%2FmW6R68ZLNGNLDwElufxXmpbUKHcfNT1%2FSKqhAAnFffDlxwoOQjgHRm%2FujzRD1%2Bz8JvasL8aPr97nNCmRnTeeQGv6kksRiEVrNwBCrSOWEkZpLw96VUsVdibg%3D"}],"group":"cf-nel","max_age":604800}
NEL: {"success_fraction":0,"report_to":"cf-nel","max_age":604800}
Server: cloudflare
CF-RAY: 89bf2eafde35d0d1-AMS
alt-svc: h3=":443"; ma=86400

{
    "success": true,
    "message": "User successfully removed"
}
HTTP/1.1 202 Accepted
Date: Sun, 30 Jun 2024 15:27:47 GMT
Content-Type: application/json; charset=utf-8
Content-Length: 54
Connection: keep-alive
X-Powered-By: Express
Access-Control-Allow-Origin: *
ETag: W/"36-hDmZnQ3Ou/ynnqAeC6TYmyseuzY"
CF-Cache-Status: DYNAMIC
Report-To: {"endpoints":[{"url":"https:\/\/a.nel.cloudflare.com\/report\/v4?s=dQKVpPmcW377SpJVkJNy4xxoc8Tdlk1qqE%2FmW6R68ZLNGNLDwElufxXmpbUKHcfNT1%2FSKqhAAnFffDlxwoOQjgHRm%2FujzRD1%2Bz8JvasL8aPr97nNCmRnTeeQGv6kksRiEVrNwBCrSOWEkZpLw96VUsVdibg%3D"}],"group":"cf-nel","max_age":604800}
NEL: {"success_fraction":0,"report_to":"cf-nel","max_age":604800}
Server: cloudflare
CF-RAY: 89bf2eafde35d0d1-AMS
alt-svc: h3=":443"; ma=86400

{
    "success": true,
    "message": "User successfully removed"
}
HTTP/1.1 202 Accepted
Date: Sun, 30 Jun 2024 15:27:47 GMT
Content-Type: application/json; charset=utf-8
Content-Length: 54
Connection: keep-alive
X-Powered-By: Express
Access-Control-Allow-Origin: *
ETag: W/"36-hDmZnQ3Ou/ynnqAeC6TYmyseuzY"
CF-Cache-Status: DYNAMIC
Report-To: {"endpoints":[{"url":"https:\/\/a.nel.cloudflare.com\/report\/v4?s=dQKVpPmcW377SpJVkJNy4xxoc8Tdlk1qqE%2FmW6R68ZLNGNLDwElufxXmpbUKHcfNT1%2FSKqhAAnFffDlxwoOQjgHRm%2FujzRD1%2Bz8JvasL8aPr97nNCmRnTeeQGv6kksRiEVrNwBCrSOWEkZpLw96VUsVdibg%3D"}],"group":"cf-nel","max_age":604800}
NEL: {"success_fraction":0,"report_to":"cf-nel","max_age":604800}
Server: cloudflare
CF-RAY: 89bf2eafde35d0d1-AMS
alt-svc: h3=":443"; ma=86400

{
    "success": true,
    "message": "User successfully removed"
}
HTTP/1.1 202 Accepted
Date: Sun, 30 Jun 2024 15:27:47 GMT
Content-Type: application/json; charset=utf-8
Content-Length: 54
Connection: keep-alive
X-Powered-By: Express
Access-Control-Allow-Origin: *
ETag: W/"36-hDmZnQ3Ou/ynnqAeC6TYmyseuzY"
CF-Cache-Status: DYNAMIC
Report-To: {"endpoints":[{"url":"https:\/\/a.nel.cloudflare.com\/report\/v4?s=dQKVpPmcW377SpJVkJNy4xxoc8Tdlk1qqE%2FmW6R68ZLNGNLDwElufxXmpbUKHcfNT1%2FSKqhAAnFffDlxwoOQjgHRm%2FujzRD1%2Bz8JvasL8aPr97nNCmRnTeeQGv6kksRiEVrNwBCrSOWEkZpLw96VUsVdibg%3D"}],"group":"cf-nel","max_age":604800}
NEL: {"success_fraction":0,"report_to":"cf-nel","max_age":604800}
Server: cloudflare
CF-RAY: 89bf2eafde35d0d1-AMS
alt-svc: h3=":443"; ma=86400

{
    "success": true,
    "message": "User successfully removed"
}
HTTP/1.1 202 Accepted
Date: Sun, 30 Jun 2024 15:27:47 GMT
Content-Type: application/json; charset=utf-8
Content-Length: 54
Connection: keep-alive
X-Powered-By: Express
Access-Control-Allow-Origin: *
ETag: W/"36-hDmZnQ3Ou/ynnqAeC6TYmyseuzY"
CF-Cache-Status: DYNAMIC
Report-To: {"endpoints":[{"url":"https:\/\/a.nel.cloudflare.com\/report\/v4?s=dQKVpPmcW377SpJVkJNy4xxoc8Tdlk1qqE%2FmW6R68ZLNGNLDwElufxXmpbUKHcfNT1%2FSKqhAAnFffDlxwoOQjgHRm%2FujzRD1%2Bz8JvasL8aPr97nNCmRnTeeQGv6kksRiEVrNwBCrSOWEkZpLw96VUsVdibg%3D"}],"group":"cf-nel","max_age":604800}
NEL: {"success_fraction":0,"report_to":"cf-nel","max_age":604800}
Server: cloudflare
CF-RAY: 89bf2eafde35d0d1-AMS
alt-svc: h3=":443"; ma=86400

{
    "success": true,
    "message": "User successfully removed"
}
HTTP/1.1 202 Accepted
Date: Sun, 30 Jun 2024 15:27:47 GMT
Content-Type: application/json; charset=utf-8
Content-Length: 54
Connection: keep-alive
X-Powered-By: Express
Access-Control-Allow-Origin: *
ETag: W/"36-hDmZnQ3Ou/ynnqAeC6TYmyseuzY"
CF-Cache-Status: DYNAMIC
Report-To: {"endpoints":[{"url":"https:\/\/a.nel.cloudflare.com\/report\/v4?s=dQKVpPmcW377SpJVkJNy4xxoc8Tdlk1qqE%2FmW6R68ZLNGNLDwElufxXmpbUKHcfNT1%2FSKqhAAnFffDlxwoOQjgHRm%2FujzRD1%2Bz8JvasL8aPr97nNCmRnTeeQGv6kksRiEVrNwBCrSOWEkZpLw96VUsVdibg%3D"}],"group":"cf-nel","max_age":604800}
NEL: {"success_fraction":0,"report_to":"cf-nel","max_age":604800}
Server: cloudflare
CF-RAY: 89bf2eafde35d0d1-AMS
alt-svc: h3=":443"; ma=86400

{
    "success": true,
    "message": "User successfully removed"
}
HTTP/1.1 202 Accepted
Date: Sun, 30 Jun 2024 15:27:47 GMT
Content-Type: application/json; charset=utf-8
Content-Length: 54
Connection: keep-alive
X-Powered-By: Express
Access-Control-Allow-Origin: *
ETag: W/"36-hDmZnQ3Ou/ynnqAeC6TYmyseuzY"
CF-Cache-Status: DYNAMIC
Report-To: {"endpoints":[{"url":"https:\/\/a.nel.cloudflare.com\/report\/v4?s=dQKVpPmcW377SpJVkJNy4xxoc8Tdlk1qqE%2FmW6R68ZLNGNLDwElufxXmpbUKHcfNT1%2FSKqhAAnFffDlxwoOQjgHRm%2FujzRD1%2Bz8JvasL8aPr97nNCmRnTeeQGv6kksRiEVrNwBCrSOWEkZpLw96VUsVdibg%3D"}],"group":"cf-nel","max_age":604800}
NEL: {"success_fraction":0,"report_to":"cf-nel","max_age":604800}
Server: cloudflare
CF-RAY: 89bf2eafde35d0d1-AMS
alt-svc: h3=":443"; ma=86400

{
    "success": true,
    "message": "User successfully removed"
}
HTTP/1.1 202 Accepted
Date: Sun, 30 Jun 2024 15:27:47 GMT
Content-Type: application/json; charset=utf-8
Content-Length: 54
Connection: keep-alive
X-Powered-By: Express
Access-Control-Allow-Origin: *
ETag: W/"36-hDmZnQ3Ou/ynnqAeC6TYmyseuzY"
CF-Cache-Status: DYNAMIC
Report-To: {"endpoints":[{"url":"https:\/\/a.nel.cloudflare.com\/report\/v4?s=dQKVpPmcW377SpJVkJNy4xxoc8Tdlk1qqE%2FmW6R68ZLNGNLDwElufxXmpbUKHcfNT1%2FSKqhAAnFffDlxwoOQjgHRm%2FujzRD1%2Bz8JvasL8aPr97nNCmRnTeeQGv6kksRiEVrNwBCrSOWEkZpLw96VUsVdibg%3D"}],"group":"cf-nel","max_age":604800}
NEL: {"success_fraction":0,"report_to":"cf-nel","max_age":604800}
Server: cloudflare
CF-RAY: 89bf2eafde35d0d1-AMS
alt-svc: h3=":443"; ma=86400

{
    "success": true,
    "message": "User successfully removed"
}
HTTP/1.1 202 Accepted
Date: Sun, 30 Jun 2024 15:27:47 GMT
Content-Type: application/json; charset=utf-8
Content-Length: 54
Connection: keep-alive
X-Powered-By: Express
Access-Control-Allow-Origin: *
ETag: W/"36-hDmZnQ3Ou/ynnqAeC6TYmyseuzY"
CF-Cache-Status: DYNAMIC
Report-To: {"endpoints":[{"url":"https:\/\/a.nel.cloudflare.com\/report\/v4?s=dQKVpPmcW377SpJVkJNy4xxoc8Tdlk1qqE%2FmW6R68ZLNGNLDwElufxXmpbUKHcfNT1%2FSKqhAAnFffDlxwoOQjgHRm%2FujzRD1%2Bz8JvasL8aPr97nNCmRnTeeQGv6kksRiEVrNwBCrSOWEkZpLw96VUsVdibg%3D"}],"group":"cf-nel","max_age":604800}
NEL: {"success_fraction":0,"report_to":"cf-nel","max_age":604800}
Server: cloudflare
CF-RAY: 89bf2eafde35d0d1-AMS
alt-svc: h3=":443"; ma=86400

{
    "success": true,
    "message": "User successfully removed"
}
HTTP/1.1 202 Accepted
Date: Sun, 30 Jun 2024 15:27:47 GMT
Content-Type: application/json; charset=utf-8
Content-Length: 54
Connection: keep-alive
X-Powered-By: Express
Access-Control-Allow-Origin: *
ETag: W/"36-hDmZnQ3Ou/ynnqAeC6TYmyseuzY"
CF-Cache-Status: DYNAMIC
Report-To: {"endpoints":[{"url":"https:\/\/a.nel.cloudflare.com\/report\/v4?s=dQKVpPmcW377SpJVkJNy4xxoc8Tdlk1qqE%2FmW6R68ZLNGNLDwElufxXmpbUKHcfNT1%2FSKqhAAnFffDlxwoOQjgHRm%2FujzRD1%2Bz8JvasL8aPr97nNCmRnTeeQGv6kksRiEVrNwBCrSOWEkZpLw96VUsVdibg%3D"}],"group":"cf-nel","max_age":604800}
NEL: {"success_fraction":0,"report_to":"cf-nel","max_age":604800}
Server: cloudflare
CF-RAY: 89bf2eafde35d0d1-AMS
alt-svc: h3=":443"; ma=86400

{
    "success": true,
    "message": "User successfully removed"
}
HTTP/1.1 202 Accepted
Date: Sun, 30 Jun 2024 15:27:47 GMT
Content-Type: application/json; charset=utf-8
Content-Length: 54
Connection: keep-alive
X-Powered-By: Express
Access-Control-Allow-Origin: *
ETag: W/"36-hDmZnQ3Ou/ynnqAeC6TYmyseuzY"
CF-Cache-Status: DYNAMIC
Report-To: {"endpoints":[{"url":"https:\/\/a.nel.cloudflare.com\/report\/v4?s=dQKVpPmcW377SpJVkJNy4xxoc8Tdlk1qqE%2FmW6R68ZLNGNLDwElufxXmpbUKHcfNT1%2FSKqhAAnFffDlxwoOQjgHRm%2FujzRD1%2Bz8JvasL8aPr97nNCmRnTeeQGv6kksRiEVrNwBCrSOWEkZpLw96VUsVdibg%3D"}],"group":"cf-nel","max_age":604800}
NEL: {"success_fraction":0,"report_to":"cf-nel","max_age":604800}
Server: cloudflare
CF-RAY: 89bf2eafde35d0d1-AMS
alt-svc: h3=":443"; ma=86400

{
    "success": true,
    "message": "User successfully removed"
}
HTTP/1.1 202 Accepted
Date: Sun, 30 Jun 2024 15:27:47 GMT
Content-Type: application/json; charset=utf-8
Content-Length: 54
Connection: keep-alive
X-Powered-By: Express
Access-Control-Allow-Origin: *
ETag: W/"36-hDmZnQ3Ou/ynnqAeC6TYmyseuzY"
CF-Cache-Status: DYNAMIC
Report-To: {"endpoints":[{"url":"https:\/\/a.nel.cloudflare.com\/report\/v4?s=dQKVpPmcW377SpJVkJNy4xxoc8Tdlk1qqE%2FmW6R68ZLNGNLDwElufxXmpbUKHcfNT1%2FSKqhAAnFffDlxwoOQjgHRm%2FujzRD1%2Bz8JvasL8aPr97nNCmRnTeeQGv6kksRiEVrNwBCrSOWEkZpLw96VUsVdibg%3D"}],"group":"cf-nel","max_age":604800}
NEL: {"success_fraction":0,"report_to":"cf-nel","max_age":604800}
Server: cloudflare
CF-RAY: 89bf2eafde35d0d1-AMS
alt-svc: h3=":443"; ma=86400

{
    "success": true,
    "message": "User successfully removed"
}
HTTP/1.1 202 Accepted
Date: Sun, 30 Jun 2024 15:27:47 GMT
Content-Type: application/json; charset=utf-8
Content-Length: 54
Connection: keep-alive
X-Powered-By: Express
Access-Control-Allow-Origin: *
ETag: W/"36-hDmZnQ3Ou/ynnqAeC6TYmyseuzY"
CF-Cache-Status: DYNAMIC
Report-To: {"endpoints":[{"url":"https:\/\/a.nel.cloudflare.com\/report\/v4?s=dQKVpPmcW377SpJVkJNy4xxoc8Tdlk1qqE%2FmW6R68ZLNGNLDwElufxXmpbUKHcfNT1%2FSKqhAAnFffDlxwoOQjgHRm%2FujzRD1%2Bz8JvasL8aPr97nNCmRnTeeQGv6kksRiEVrNwBCrSOWEkZpLw96VUsVdibg%3D"}],"group":"cf-nel","max_age":604800}
NEL: {"success_fraction":0,"report_to":"cf-nel","max_age":604800}
Server: cloudflare
CF-RAY: 89bf2eafde35d0d1-AMS
alt-svc: h3=":443"; ma=86400

{
    "success": true,
    "message": "User successfully removed"
}
HTTP/1.1 202 Accepted
Date: Sun, 30 Jun 2024 15:27:47 GMT
Content-Type: application/json; charset=utf-8
Content-Length: 54
Connection: keep-alive
X-Powered-By: Express
Access-Control-Allow-Origin: *
ETag: W/"36-hDmZnQ3Ou/ynnqAeC6TYmyseuzY"
CF-Cache-Status: DYNAMIC
Report-To: {"endpoints":[{"url":"https:\/\/a.nel.cloudflare.com\/report\/v4?s=dQKVpPmcW377SpJVkJNy4xxoc8Tdlk1qqE%2FmW6R68ZLNGNLDwElufxXmpbUKHcfNT1%2FSKqhAAnFffDlxwoOQjgHRm%2FujzRD1%2Bz8JvasL8aPr97nNCmRnTeeQGv6kksRiEVrNwBCrSOWEkZpLw96VUsVdibg%3D"}],"group":"cf-nel","max_age":604800}
NEL: {"success_fraction":0,"report_to":"cf-nel","max_age":604800}
Server: cloudflare
CF-RAY: 89bf2eafde35d0d1-AMS
alt-svc: h3=":443"; ma=86400

{
    "success": true,
    "message": "User successfully removed"
}
]]></system-out>
  </testcase>
  <testcase name="authIncorrectLoginUser" classname="LoginUserTest" time="1.489">
    <system-out><![CDATA[Request method:	POST
Request URI:	https://stellarburgers.nomoreparties.site/api/auth/register
Proxy:			<none>
Request params:	<none>
Query params:	<none>
Form params:	<none>
Path params:	<none>
Headers:		Accept=*/*
				Content-Type=application/json
Cookies:		<none>
Multiparts:		<none>
Body:
{
    "email": "fFOqVGrpma@ya.ru",
    "password": "bSMPYPDdts",
    "name": "IuZtecmZQE"
}
Request method:	POST
Request URI:	https://stellarburgers.nomoreparties.site/api/auth/register
Proxy:			<none>
Request params:	<none>
Query params:	<none>
Form params:	<none>
Path params:	<none>
Headers:		Accept=*/*
				Content-Type=application/json
Cookies:		<none>
Multiparts:		<none>
Body:
{
    "email": "fFOqVGrpma@ya.ru",
    "password": "bSMPYPDdts",
    "name": "IuZtecmZQE"
}
Request method:	POST
Request URI:	https://stellarburgers.nomoreparties.site/api/auth/register
Proxy:			<none>
Request params:	<none>
Query params:	<none>
Form params:	<none>
Path params:	<none>
Headers:		Accept=*/*
				Content-Type=application/json
Cookies:		<none>
Multiparts:		<none>
Body:
{
    "email": "fFOqVGrpma@ya.ru",
    "password": "bSMPYPDdts",
    "name": "IuZtecmZQE"
}
Request method:	POST
Request URI:	https://stellarburgers.nomoreparties.site/api/auth/register
Proxy:			<none>
Request params:	<none>
Query params:	<none>
Form params:	<none>
Path params:	<none>
Headers:		Accept=*/*
				Content-Type=application/json
Cookies:		<none>
Multiparts:		<none>
Body:
{
    "email": "fFOqVGrpma@ya.ru",
    "password": "bSMPYPDdts",
    "name": "IuZtecmZQE"
}
Request method:	POST
Request URI:	https://stellarburgers.nomoreparties.site/api/auth/register
Proxy:			<none>
Request params:	<none>
Query params:	<none>
Form params:	<none>
Path params:	<none>
Headers:		Accept=*/*
				Content-Type=application/json
Cookies:		<none>
Multiparts:		<none>
Body:
{
    "email": "fFOqVGrpma@ya.ru",
    "password": "bSMPYPDdts",
    "name": "IuZtecmZQE"
}
Request method:	POST
Request URI:	https://stellarburgers.nomoreparties.site/api/auth/register
Proxy:			<none>
Request params:	<none>
Query params:	<none>
Form params:	<none>
Path params:	<none>
Headers:		Accept=*/*
				Content-Type=application/json
Cookies:		<none>
Multiparts:		<none>
Body:
{
    "email": "fFOqVGrpma@ya.ru",
    "password": "bSMPYPDdts",
    "name": "IuZtecmZQE"
}
Request method:	POST
Request URI:	https://stellarburgers.nomoreparties.site/api/auth/register
Proxy:			<none>
Request params:	<none>
Query params:	<none>
Form params:	<none>
Path params:	<none>
Headers:		Accept=*/*
				Content-Type=application/json
Cookies:		<none>
Multiparts:		<none>
Body:
{
    "email": "fFOqVGrpma@ya.ru",
    "password": "bSMPYPDdts",
    "name": "IuZtecmZQE"
}
Request method:	POST
Request URI:	https://stellarburgers.nomoreparties.site/api/auth/register
Proxy:			<none>
Request params:	<none>
Query params:	<none>
Form params:	<none>
Path params:	<none>
Headers:		Accept=*/*
				Content-Type=application/json
Cookies:		<none>
Multiparts:		<none>
Body:
{
    "email": "fFOqVGrpma@ya.ru",
    "password": "bSMPYPDdts",
    "name": "IuZtecmZQE"
}
Request method:	POST
Request URI:	https://stellarburgers.nomoreparties.site/api/auth/register
Proxy:			<none>
Request params:	<none>
Query params:	<none>
Form params:	<none>
Path params:	<none>
Headers:		Accept=*/*
				Content-Type=application/json
Cookies:		<none>
Multiparts:		<none>
Body:
{
    "email": "fFOqVGrpma@ya.ru",
    "password": "bSMPYPDdts",
    "name": "IuZtecmZQE"
}
Request method:	POST
Request URI:	https://stellarburgers.nomoreparties.site/api/auth/register
Proxy:			<none>
Request params:	<none>
Query params:	<none>
Form params:	<none>
Path params:	<none>
Headers:		Accept=*/*
				Content-Type=application/json
Cookies:		<none>
Multiparts:		<none>
Body:
{
    "email": "fFOqVGrpma@ya.ru",
    "password": "bSMPYPDdts",
    "name": "IuZtecmZQE"
}
Request method:	POST
Request URI:	https://stellarburgers.nomoreparties.site/api/auth/register
Proxy:			<none>
Request params:	<none>
Query params:	<none>
Form params:	<none>
Path params:	<none>
Headers:		Accept=*/*
				Content-Type=application/json
Cookies:		<none>
Multiparts:		<none>
Body:
{
    "email": "fFOqVGrpma@ya.ru",
    "password": "bSMPYPDdts",
    "name": "IuZtecmZQE"
}
Request method:	POST
Request URI:	https://stellarburgers.nomoreparties.site/api/auth/register
Proxy:			<none>
Request params:	<none>
Query params:	<none>
Form params:	<none>
Path params:	<none>
Headers:		Accept=*/*
				Content-Type=application/json
Cookies:		<none>
Multiparts:		<none>
Body:
{
    "email": "fFOqVGrpma@ya.ru",
    "password": "bSMPYPDdts",
    "name": "IuZtecmZQE"
}
Request method:	POST
Request URI:	https://stellarburgers.nomoreparties.site/api/auth/register
Proxy:			<none>
Request params:	<none>
Query params:	<none>
Form params:	<none>
Path params:	<none>
Headers:		Accept=*/*
				Content-Type=application/json
Cookies:		<none>
Multiparts:		<none>
Body:
{
    "email": "fFOqVGrpma@ya.ru",
    "password": "bSMPYPDdts",
    "name": "IuZtecmZQE"
}
Request method:	POST
Request URI:	https://stellarburgers.nomoreparties.site/api/auth/register
Proxy:			<none>
Request params:	<none>
Query params:	<none>
Form params:	<none>
Path params:	<none>
Headers:		Accept=*/*
				Content-Type=application/json
Cookies:		<none>
Multiparts:		<none>
Body:
{
    "email": "fFOqVGrpma@ya.ru",
    "password": "bSMPYPDdts",
    "name": "IuZtecmZQE"
}
Request method:	POST
Request URI:	https://stellarburgers.nomoreparties.site/api/auth/register
Proxy:			<none>
Request params:	<none>
Query params:	<none>
Form params:	<none>
Path params:	<none>
Headers:		Accept=*/*
				Content-Type=application/json
Cookies:		<none>
Multiparts:		<none>
Body:
{
    "email": "fFOqVGrpma@ya.ru",
    "password": "bSMPYPDdts",
    "name": "IuZtecmZQE"
}
Request method:	POST
Request URI:	https://stellarburgers.nomoreparties.site/api/auth/register
Proxy:			<none>
Request params:	<none>
Query params:	<none>
Form params:	<none>
Path params:	<none>
Headers:		Accept=*/*
				Content-Type=application/json
Cookies:		<none>
Multiparts:		<none>
Body:
{
    "email": "fFOqVGrpma@ya.ru",
    "password": "bSMPYPDdts",
    "name": "IuZtecmZQE"
}
Request method:	POST
Request URI:	https://stellarburgers.nomoreparties.site/api/auth/register
Proxy:			<none>
Request params:	<none>
Query params:	<none>
Form params:	<none>
Path params:	<none>
Headers:		Accept=*/*
				Content-Type=application/json
Cookies:		<none>
Multiparts:		<none>
Body:
{
    "email": "fFOqVGrpma@ya.ru",
    "password": "bSMPYPDdts",
    "name": "IuZtecmZQE"
}
Request method:	POST
Request URI:	https://stellarburgers.nomoreparties.site/api/auth/register
Proxy:			<none>
Request params:	<none>
Query params:	<none>
Form params:	<none>
Path params:	<none>
Headers:		Accept=*/*
				Content-Type=application/json
Cookies:		<none>
Multiparts:		<none>
Body:
{
    "email": "fFOqVGrpma@ya.ru",
    "password": "bSMPYPDdts",
    "name": "IuZtecmZQE"
}
Request method:	POST
Request URI:	https://stellarburgers.nomoreparties.site/api/auth/register
Proxy:			<none>
Request params:	<none>
Query params:	<none>
Form params:	<none>
Path params:	<none>
Headers:		Accept=*/*
				Content-Type=application/json
Cookies:		<none>
Multiparts:		<none>
Body:
{
    "email": "fFOqVGrpma@ya.ru",
    "password": "bSMPYPDdts",
    "name": "IuZtecmZQE"
}
Request method:	POST
Request URI:	https://stellarburgers.nomoreparties.site/api/auth/register
Proxy:			<none>
Request params:	<none>
Query params:	<none>
Form params:	<none>
Path params:	<none>
Headers:		Accept=*/*
				Content-Type=application/json
Cookies:		<none>
Multiparts:		<none>
Body:
{
    "email": "fFOqVGrpma@ya.ru",
    "password": "bSMPYPDdts",
    "name": "IuZtecmZQE"
}
Request method:	POST
Request URI:	https://stellarburgers.nomoreparties.site/api/auth/register
Proxy:			<none>
Request params:	<none>
Query params:	<none>
Form params:	<none>
Path params:	<none>
Headers:		Accept=*/*
				Content-Type=application/json
Cookies:		<none>
Multiparts:		<none>
Body:
{
    "email": "fFOqVGrpma@ya.ru",
    "password": "bSMPYPDdts",
    "name": "IuZtecmZQE"
}
Request method:	POST
Request URI:	https://stellarburgers.nomoreparties.site/api/auth/register
Proxy:			<none>
Request params:	<none>
Query params:	<none>
Form params:	<none>
Path params:	<none>
Headers:		Accept=*/*
				Content-Type=application/json
Cookies:		<none>
Multiparts:		<none>
Body:
{
    "email": "fFOqVGrpma@ya.ru",
    "password": "bSMPYPDdts",
    "name": "IuZtecmZQE"
}
Request method:	POST
Request URI:	https://stellarburgers.nomoreparties.site/api/auth/register
Proxy:			<none>
Request params:	<none>
Query params:	<none>
Form params:	<none>
Path params:	<none>
Headers:		Accept=*/*
				Content-Type=application/json
Cookies:		<none>
Multiparts:		<none>
Body:
{
    "email": "fFOqVGrpma@ya.ru",
    "password": "bSMPYPDdts",
    "name": "IuZtecmZQE"
}
Request method:	POST
Request URI:	https://stellarburgers.nomoreparties.site/api/auth/register
Proxy:			<none>
Request params:	<none>
Query params:	<none>
Form params:	<none>
Path params:	<none>
Headers:		Accept=*/*
				Content-Type=application/json
Cookies:		<none>
Multiparts:		<none>
Body:
{
    "email": "fFOqVGrpma@ya.ru",
    "password": "bSMPYPDdts",
    "name": "IuZtecmZQE"
}
Request method:	POST
Request URI:	https://stellarburgers.nomoreparties.site/api/auth/register
Proxy:			<none>
Request params:	<none>
Query params:	<none>
Form params:	<none>
Path params:	<none>
Headers:		Accept=*/*
				Content-Type=application/json
Cookies:		<none>
Multiparts:		<none>
Body:
{
    "email": "fFOqVGrpma@ya.ru",
    "password": "bSMPYPDdts",
    "name": "IuZtecmZQE"
}
Request method:	POST
Request URI:	https://stellarburgers.nomoreparties.site/api/auth/register
Proxy:			<none>
Request params:	<none>
Query params:	<none>
Form params:	<none>
Path params:	<none>
Headers:		Accept=*/*
				Content-Type=application/json
Cookies:		<none>
Multiparts:		<none>
Body:
{
    "email": "fFOqVGrpma@ya.ru",
    "password": "bSMPYPDdts",
    "name": "IuZtecmZQE"
}
HTTP/1.1 200 OK
Date: Sun, 30 Jun 2024 15:27:47 GMT
Content-Type: application/json; charset=utf-8
Transfer-Encoding: chunked
Connection: keep-alive
X-Powered-By: Express
Access-Control-Allow-Origin: *
authorization: Bearer eyJhbGciOiJIUzI1NiIsInR5cCI6IkpXVCJ9.eyJpZCI6IjY2ODE3OTczOWVkMjgwMDAxYjQ1OTYxMyIsImlhdCI6MTcxOTc2MTI2NywiZXhwIjoxNzE5NzYyNDY3fQ.vS5sMfwfW4_0gusjxStLstJromXLgTvjFJDOmzrIazg
ETag: W/"16d-0UTzHNxhwvU4Occl1/bxzXdNlT4"
CF-Cache-Status: DYNAMIC
Report-To: {"endpoints":[{"url":"https:\/\/a.nel.cloudflare.com\/report\/v4?s=sWdFxh4aht6qLeXKuTUm8B98hX%2BIkmRLOiIeTob9HL5yoKYVI3Mgd0CeJVyO2kxi3HO0PjwMBfszhy%2FrN93bmcVOiL7hPB%2FQlFBkB1UP4uCNLWAmoasEWNKAZu2Sz3pjv50hT2sfsRnBgoEZF58TFqmW1PY%3D"}],"group":"cf-nel","max_age":604800}
NEL: {"success_fraction":0,"report_to":"cf-nel","max_age":604800}
Server: cloudflare
CF-RAY: 89bf2eb329c61ca6-AMS
Content-Encoding: gzip
alt-svc: h3=":443"; ma=86400

{
    "success": true,
    "user": {
        "email": "ffoqvgrpma@ya.ru",
        "name": "IuZtecmZQE"
    },
    "accessToken": "Bearer eyJhbGciOiJIUzI1NiIsInR5cCI6IkpXVCJ9.eyJpZCI6IjY2ODE3OTczOWVkMjgwMDAxYjQ1OTYxMyIsImlhdCI6MTcxOTc2MTI2NywiZXhwIjoxNzE5NzYyNDY3fQ.vS5sMfwfW4_0gusjxStLstJromXLgTvjFJDOmzrIazg",
    "refreshToken": "f6ea033fbcd4346de1c11b36bdc25ef5da527eb786800decd9574b787d931d0bb52dcf3655548399"
}
HTTP/1.1 200 OK
Date: Sun, 30 Jun 2024 15:27:47 GMT
Content-Type: application/json; charset=utf-8
Transfer-Encoding: chunked
Connection: keep-alive
X-Powered-By: Express
Access-Control-Allow-Origin: *
authorization: Bearer eyJhbGciOiJIUzI1NiIsInR5cCI6IkpXVCJ9.eyJpZCI6IjY2ODE3OTczOWVkMjgwMDAxYjQ1OTYxMyIsImlhdCI6MTcxOTc2MTI2NywiZXhwIjoxNzE5NzYyNDY3fQ.vS5sMfwfW4_0gusjxStLstJromXLgTvjFJDOmzrIazg
ETag: W/"16d-0UTzHNxhwvU4Occl1/bxzXdNlT4"
CF-Cache-Status: DYNAMIC
Report-To: {"endpoints":[{"url":"https:\/\/a.nel.cloudflare.com\/report\/v4?s=sWdFxh4aht6qLeXKuTUm8B98hX%2BIkmRLOiIeTob9HL5yoKYVI3Mgd0CeJVyO2kxi3HO0PjwMBfszhy%2FrN93bmcVOiL7hPB%2FQlFBkB1UP4uCNLWAmoasEWNKAZu2Sz3pjv50hT2sfsRnBgoEZF58TFqmW1PY%3D"}],"group":"cf-nel","max_age":604800}
NEL: {"success_fraction":0,"report_to":"cf-nel","max_age":604800}
Server: cloudflare
CF-RAY: 89bf2eb329c61ca6-AMS
Content-Encoding: gzip
alt-svc: h3=":443"; ma=86400

{
    "success": true,
    "user": {
        "email": "ffoqvgrpma@ya.ru",
        "name": "IuZtecmZQE"
    },
    "accessToken": "Bearer eyJhbGciOiJIUzI1NiIsInR5cCI6IkpXVCJ9.eyJpZCI6IjY2ODE3OTczOWVkMjgwMDAxYjQ1OTYxMyIsImlhdCI6MTcxOTc2MTI2NywiZXhwIjoxNzE5NzYyNDY3fQ.vS5sMfwfW4_0gusjxStLstJromXLgTvjFJDOmzrIazg",
    "refreshToken": "f6ea033fbcd4346de1c11b36bdc25ef5da527eb786800decd9574b787d931d0bb52dcf3655548399"
}
HTTP/1.1 200 OK
Date: Sun, 30 Jun 2024 15:27:47 GMT
Content-Type: application/json; charset=utf-8
Transfer-Encoding: chunked
Connection: keep-alive
X-Powered-By: Express
Access-Control-Allow-Origin: *
authorization: Bearer eyJhbGciOiJIUzI1NiIsInR5cCI6IkpXVCJ9.eyJpZCI6IjY2ODE3OTczOWVkMjgwMDAxYjQ1OTYxMyIsImlhdCI6MTcxOTc2MTI2NywiZXhwIjoxNzE5NzYyNDY3fQ.vS5sMfwfW4_0gusjxStLstJromXLgTvjFJDOmzrIazg
ETag: W/"16d-0UTzHNxhwvU4Occl1/bxzXdNlT4"
CF-Cache-Status: DYNAMIC
Report-To: {"endpoints":[{"url":"https:\/\/a.nel.cloudflare.com\/report\/v4?s=sWdFxh4aht6qLeXKuTUm8B98hX%2BIkmRLOiIeTob9HL5yoKYVI3Mgd0CeJVyO2kxi3HO0PjwMBfszhy%2FrN93bmcVOiL7hPB%2FQlFBkB1UP4uCNLWAmoasEWNKAZu2Sz3pjv50hT2sfsRnBgoEZF58TFqmW1PY%3D"}],"group":"cf-nel","max_age":604800}
NEL: {"success_fraction":0,"report_to":"cf-nel","max_age":604800}
Server: cloudflare
CF-RAY: 89bf2eb329c61ca6-AMS
Content-Encoding: gzip
alt-svc: h3=":443"; ma=86400

{
    "success": true,
    "user": {
        "email": "ffoqvgrpma@ya.ru",
        "name": "IuZtecmZQE"
    },
    "accessToken": "Bearer eyJhbGciOiJIUzI1NiIsInR5cCI6IkpXVCJ9.eyJpZCI6IjY2ODE3OTczOWVkMjgwMDAxYjQ1OTYxMyIsImlhdCI6MTcxOTc2MTI2NywiZXhwIjoxNzE5NzYyNDY3fQ.vS5sMfwfW4_0gusjxStLstJromXLgTvjFJDOmzrIazg",
    "refreshToken": "f6ea033fbcd4346de1c11b36bdc25ef5da527eb786800decd9574b787d931d0bb52dcf3655548399"
}
HTTP/1.1 200 OK
Date: Sun, 30 Jun 2024 15:27:47 GMT
Content-Type: application/json; charset=utf-8
Transfer-Encoding: chunked
Connection: keep-alive
X-Powered-By: Express
Access-Control-Allow-Origin: *
authorization: Bearer eyJhbGciOiJIUzI1NiIsInR5cCI6IkpXVCJ9.eyJpZCI6IjY2ODE3OTczOWVkMjgwMDAxYjQ1OTYxMyIsImlhdCI6MTcxOTc2MTI2NywiZXhwIjoxNzE5NzYyNDY3fQ.vS5sMfwfW4_0gusjxStLstJromXLgTvjFJDOmzrIazg
ETag: W/"16d-0UTzHNxhwvU4Occl1/bxzXdNlT4"
CF-Cache-Status: DYNAMIC
Report-To: {"endpoints":[{"url":"https:\/\/a.nel.cloudflare.com\/report\/v4?s=sWdFxh4aht6qLeXKuTUm8B98hX%2BIkmRLOiIeTob9HL5yoKYVI3Mgd0CeJVyO2kxi3HO0PjwMBfszhy%2FrN93bmcVOiL7hPB%2FQlFBkB1UP4uCNLWAmoasEWNKAZu2Sz3pjv50hT2sfsRnBgoEZF58TFqmW1PY%3D"}],"group":"cf-nel","max_age":604800}
NEL: {"success_fraction":0,"report_to":"cf-nel","max_age":604800}
Server: cloudflare
CF-RAY: 89bf2eb329c61ca6-AMS
Content-Encoding: gzip
alt-svc: h3=":443"; ma=86400

{
    "success": true,
    "user": {
        "email": "ffoqvgrpma@ya.ru",
        "name": "IuZtecmZQE"
    },
    "accessToken": "Bearer eyJhbGciOiJIUzI1NiIsInR5cCI6IkpXVCJ9.eyJpZCI6IjY2ODE3OTczOWVkMjgwMDAxYjQ1OTYxMyIsImlhdCI6MTcxOTc2MTI2NywiZXhwIjoxNzE5NzYyNDY3fQ.vS5sMfwfW4_0gusjxStLstJromXLgTvjFJDOmzrIazg",
    "refreshToken": "f6ea033fbcd4346de1c11b36bdc25ef5da527eb786800decd9574b787d931d0bb52dcf3655548399"
}
HTTP/1.1 200 OK
Date: Sun, 30 Jun 2024 15:27:47 GMT
Content-Type: application/json; charset=utf-8
Transfer-Encoding: chunked
Connection: keep-alive
X-Powered-By: Express
Access-Control-Allow-Origin: *
authorization: Bearer eyJhbGciOiJIUzI1NiIsInR5cCI6IkpXVCJ9.eyJpZCI6IjY2ODE3OTczOWVkMjgwMDAxYjQ1OTYxMyIsImlhdCI6MTcxOTc2MTI2NywiZXhwIjoxNzE5NzYyNDY3fQ.vS5sMfwfW4_0gusjxStLstJromXLgTvjFJDOmzrIazg
ETag: W/"16d-0UTzHNxhwvU4Occl1/bxzXdNlT4"
CF-Cache-Status: DYNAMIC
Report-To: {"endpoints":[{"url":"https:\/\/a.nel.cloudflare.com\/report\/v4?s=sWdFxh4aht6qLeXKuTUm8B98hX%2BIkmRLOiIeTob9HL5yoKYVI3Mgd0CeJVyO2kxi3HO0PjwMBfszhy%2FrN93bmcVOiL7hPB%2FQlFBkB1UP4uCNLWAmoasEWNKAZu2Sz3pjv50hT2sfsRnBgoEZF58TFqmW1PY%3D"}],"group":"cf-nel","max_age":604800}
NEL: {"success_fraction":0,"report_to":"cf-nel","max_age":604800}
Server: cloudflare
CF-RAY: 89bf2eb329c61ca6-AMS
Content-Encoding: gzip
alt-svc: h3=":443"; ma=86400

{
    "success": true,
    "user": {
        "email": "ffoqvgrpma@ya.ru",
        "name": "IuZtecmZQE"
    },
    "accessToken": "Bearer eyJhbGciOiJIUzI1NiIsInR5cCI6IkpXVCJ9.eyJpZCI6IjY2ODE3OTczOWVkMjgwMDAxYjQ1OTYxMyIsImlhdCI6MTcxOTc2MTI2NywiZXhwIjoxNzE5NzYyNDY3fQ.vS5sMfwfW4_0gusjxStLstJromXLgTvjFJDOmzrIazg",
    "refreshToken": "f6ea033fbcd4346de1c11b36bdc25ef5da527eb786800decd9574b787d931d0bb52dcf3655548399"
}
HTTP/1.1 200 OK
Date: Sun, 30 Jun 2024 15:27:47 GMT
Content-Type: application/json; charset=utf-8
Transfer-Encoding: chunked
Connection: keep-alive
X-Powered-By: Express
Access-Control-Allow-Origin: *
authorization: Bearer eyJhbGciOiJIUzI1NiIsInR5cCI6IkpXVCJ9.eyJpZCI6IjY2ODE3OTczOWVkMjgwMDAxYjQ1OTYxMyIsImlhdCI6MTcxOTc2MTI2NywiZXhwIjoxNzE5NzYyNDY3fQ.vS5sMfwfW4_0gusjxStLstJromXLgTvjFJDOmzrIazg
ETag: W/"16d-0UTzHNxhwvU4Occl1/bxzXdNlT4"
CF-Cache-Status: DYNAMIC
Report-To: {"endpoints":[{"url":"https:\/\/a.nel.cloudflare.com\/report\/v4?s=sWdFxh4aht6qLeXKuTUm8B98hX%2BIkmRLOiIeTob9HL5yoKYVI3Mgd0CeJVyO2kxi3HO0PjwMBfszhy%2FrN93bmcVOiL7hPB%2FQlFBkB1UP4uCNLWAmoasEWNKAZu2Sz3pjv50hT2sfsRnBgoEZF58TFqmW1PY%3D"}],"group":"cf-nel","max_age":604800}
NEL: {"success_fraction":0,"report_to":"cf-nel","max_age":604800}
Server: cloudflare
CF-RAY: 89bf2eb329c61ca6-AMS
Content-Encoding: gzip
alt-svc: h3=":443"; ma=86400

{
    "success": true,
    "user": {
        "email": "ffoqvgrpma@ya.ru",
        "name": "IuZtecmZQE"
    },
    "accessToken": "Bearer eyJhbGciOiJIUzI1NiIsInR5cCI6IkpXVCJ9.eyJpZCI6IjY2ODE3OTczOWVkMjgwMDAxYjQ1OTYxMyIsImlhdCI6MTcxOTc2MTI2NywiZXhwIjoxNzE5NzYyNDY3fQ.vS5sMfwfW4_0gusjxStLstJromXLgTvjFJDOmzrIazg",
    "refreshToken": "f6ea033fbcd4346de1c11b36bdc25ef5da527eb786800decd9574b787d931d0bb52dcf3655548399"
}
HTTP/1.1 200 OK
Date: Sun, 30 Jun 2024 15:27:47 GMT
Content-Type: application/json; charset=utf-8
Transfer-Encoding: chunked
Connection: keep-alive
X-Powered-By: Express
Access-Control-Allow-Origin: *
authorization: Bearer eyJhbGciOiJIUzI1NiIsInR5cCI6IkpXVCJ9.eyJpZCI6IjY2ODE3OTczOWVkMjgwMDAxYjQ1OTYxMyIsImlhdCI6MTcxOTc2MTI2NywiZXhwIjoxNzE5NzYyNDY3fQ.vS5sMfwfW4_0gusjxStLstJromXLgTvjFJDOmzrIazg
ETag: W/"16d-0UTzHNxhwvU4Occl1/bxzXdNlT4"
CF-Cache-Status: DYNAMIC
Report-To: {"endpoints":[{"url":"https:\/\/a.nel.cloudflare.com\/report\/v4?s=sWdFxh4aht6qLeXKuTUm8B98hX%2BIkmRLOiIeTob9HL5yoKYVI3Mgd0CeJVyO2kxi3HO0PjwMBfszhy%2FrN93bmcVOiL7hPB%2FQlFBkB1UP4uCNLWAmoasEWNKAZu2Sz3pjv50hT2sfsRnBgoEZF58TFqmW1PY%3D"}],"group":"cf-nel","max_age":604800}
NEL: {"success_fraction":0,"report_to":"cf-nel","max_age":604800}
Server: cloudflare
CF-RAY: 89bf2eb329c61ca6-AMS
Content-Encoding: gzip
alt-svc: h3=":443"; ma=86400

{
    "success": true,
    "user": {
        "email": "ffoqvgrpma@ya.ru",
        "name": "IuZtecmZQE"
    },
    "accessToken": "Bearer eyJhbGciOiJIUzI1NiIsInR5cCI6IkpXVCJ9.eyJpZCI6IjY2ODE3OTczOWVkMjgwMDAxYjQ1OTYxMyIsImlhdCI6MTcxOTc2MTI2NywiZXhwIjoxNzE5NzYyNDY3fQ.vS5sMfwfW4_0gusjxStLstJromXLgTvjFJDOmzrIazg",
    "refreshToken": "f6ea033fbcd4346de1c11b36bdc25ef5da527eb786800decd9574b787d931d0bb52dcf3655548399"
}
HTTP/1.1 200 OK
Date: Sun, 30 Jun 2024 15:27:47 GMT
Content-Type: application/json; charset=utf-8
Transfer-Encoding: chunked
Connection: keep-alive
X-Powered-By: Express
Access-Control-Allow-Origin: *
authorization: Bearer eyJhbGciOiJIUzI1NiIsInR5cCI6IkpXVCJ9.eyJpZCI6IjY2ODE3OTczOWVkMjgwMDAxYjQ1OTYxMyIsImlhdCI6MTcxOTc2MTI2NywiZXhwIjoxNzE5NzYyNDY3fQ.vS5sMfwfW4_0gusjxStLstJromXLgTvjFJDOmzrIazg
ETag: W/"16d-0UTzHNxhwvU4Occl1/bxzXdNlT4"
CF-Cache-Status: DYNAMIC
Report-To: {"endpoints":[{"url":"https:\/\/a.nel.cloudflare.com\/report\/v4?s=sWdFxh4aht6qLeXKuTUm8B98hX%2BIkmRLOiIeTob9HL5yoKYVI3Mgd0CeJVyO2kxi3HO0PjwMBfszhy%2FrN93bmcVOiL7hPB%2FQlFBkB1UP4uCNLWAmoasEWNKAZu2Sz3pjv50hT2sfsRnBgoEZF58TFqmW1PY%3D"}],"group":"cf-nel","max_age":604800}
NEL: {"success_fraction":0,"report_to":"cf-nel","max_age":604800}
Server: cloudflare
CF-RAY: 89bf2eb329c61ca6-AMS
Content-Encoding: gzip
alt-svc: h3=":443"; ma=86400

{
    "success": true,
    "user": {
        "email": "ffoqvgrpma@ya.ru",
        "name": "IuZtecmZQE"
    },
    "accessToken": "Bearer eyJhbGciOiJIUzI1NiIsInR5cCI6IkpXVCJ9.eyJpZCI6IjY2ODE3OTczOWVkMjgwMDAxYjQ1OTYxMyIsImlhdCI6MTcxOTc2MTI2NywiZXhwIjoxNzE5NzYyNDY3fQ.vS5sMfwfW4_0gusjxStLstJromXLgTvjFJDOmzrIazg",
    "refreshToken": "f6ea033fbcd4346de1c11b36bdc25ef5da527eb786800decd9574b787d931d0bb52dcf3655548399"
}
HTTP/1.1 200 OK
Date: Sun, 30 Jun 2024 15:27:47 GMT
Content-Type: application/json; charset=utf-8
Transfer-Encoding: chunked
Connection: keep-alive
X-Powered-By: Express
Access-Control-Allow-Origin: *
authorization: Bearer eyJhbGciOiJIUzI1NiIsInR5cCI6IkpXVCJ9.eyJpZCI6IjY2ODE3OTczOWVkMjgwMDAxYjQ1OTYxMyIsImlhdCI6MTcxOTc2MTI2NywiZXhwIjoxNzE5NzYyNDY3fQ.vS5sMfwfW4_0gusjxStLstJromXLgTvjFJDOmzrIazg
ETag: W/"16d-0UTzHNxhwvU4Occl1/bxzXdNlT4"
CF-Cache-Status: DYNAMIC
Report-To: {"endpoints":[{"url":"https:\/\/a.nel.cloudflare.com\/report\/v4?s=sWdFxh4aht6qLeXKuTUm8B98hX%2BIkmRLOiIeTob9HL5yoKYVI3Mgd0CeJVyO2kxi3HO0PjwMBfszhy%2FrN93bmcVOiL7hPB%2FQlFBkB1UP4uCNLWAmoasEWNKAZu2Sz3pjv50hT2sfsRnBgoEZF58TFqmW1PY%3D"}],"group":"cf-nel","max_age":604800}
NEL: {"success_fraction":0,"report_to":"cf-nel","max_age":604800}
Server: cloudflare
CF-RAY: 89bf2eb329c61ca6-AMS
Content-Encoding: gzip
alt-svc: h3=":443"; ma=86400

{
    "success": true,
    "user": {
        "email": "ffoqvgrpma@ya.ru",
        "name": "IuZtecmZQE"
    },
    "accessToken": "Bearer eyJhbGciOiJIUzI1NiIsInR5cCI6IkpXVCJ9.eyJpZCI6IjY2ODE3OTczOWVkMjgwMDAxYjQ1OTYxMyIsImlhdCI6MTcxOTc2MTI2NywiZXhwIjoxNzE5NzYyNDY3fQ.vS5sMfwfW4_0gusjxStLstJromXLgTvjFJDOmzrIazg",
    "refreshToken": "f6ea033fbcd4346de1c11b36bdc25ef5da527eb786800decd9574b787d931d0bb52dcf3655548399"
}
HTTP/1.1 200 OK
Date: Sun, 30 Jun 2024 15:27:47 GMT
Content-Type: application/json; charset=utf-8
Transfer-Encoding: chunked
Connection: keep-alive
X-Powered-By: Express
Access-Control-Allow-Origin: *
authorization: Bearer eyJhbGciOiJIUzI1NiIsInR5cCI6IkpXVCJ9.eyJpZCI6IjY2ODE3OTczOWVkMjgwMDAxYjQ1OTYxMyIsImlhdCI6MTcxOTc2MTI2NywiZXhwIjoxNzE5NzYyNDY3fQ.vS5sMfwfW4_0gusjxStLstJromXLgTvjFJDOmzrIazg
ETag: W/"16d-0UTzHNxhwvU4Occl1/bxzXdNlT4"
CF-Cache-Status: DYNAMIC
Report-To: {"endpoints":[{"url":"https:\/\/a.nel.cloudflare.com\/report\/v4?s=sWdFxh4aht6qLeXKuTUm8B98hX%2BIkmRLOiIeTob9HL5yoKYVI3Mgd0CeJVyO2kxi3HO0PjwMBfszhy%2FrN93bmcVOiL7hPB%2FQlFBkB1UP4uCNLWAmoasEWNKAZu2Sz3pjv50hT2sfsRnBgoEZF58TFqmW1PY%3D"}],"group":"cf-nel","max_age":604800}
NEL: {"success_fraction":0,"report_to":"cf-nel","max_age":604800}
Server: cloudflare
CF-RAY: 89bf2eb329c61ca6-AMS
Content-Encoding: gzip
alt-svc: h3=":443"; ma=86400

{
    "success": true,
    "user": {
        "email": "ffoqvgrpma@ya.ru",
        "name": "IuZtecmZQE"
    },
    "accessToken": "Bearer eyJhbGciOiJIUzI1NiIsInR5cCI6IkpXVCJ9.eyJpZCI6IjY2ODE3OTczOWVkMjgwMDAxYjQ1OTYxMyIsImlhdCI6MTcxOTc2MTI2NywiZXhwIjoxNzE5NzYyNDY3fQ.vS5sMfwfW4_0gusjxStLstJromXLgTvjFJDOmzrIazg",
    "refreshToken": "f6ea033fbcd4346de1c11b36bdc25ef5da527eb786800decd9574b787d931d0bb52dcf3655548399"
}
HTTP/1.1 200 OK
Date: Sun, 30 Jun 2024 15:27:47 GMT
Content-Type: application/json; charset=utf-8
Transfer-Encoding: chunked
Connection: keep-alive
X-Powered-By: Express
Access-Control-Allow-Origin: *
authorization: Bearer eyJhbGciOiJIUzI1NiIsInR5cCI6IkpXVCJ9.eyJpZCI6IjY2ODE3OTczOWVkMjgwMDAxYjQ1OTYxMyIsImlhdCI6MTcxOTc2MTI2NywiZXhwIjoxNzE5NzYyNDY3fQ.vS5sMfwfW4_0gusjxStLstJromXLgTvjFJDOmzrIazg
ETag: W/"16d-0UTzHNxhwvU4Occl1/bxzXdNlT4"
CF-Cache-Status: DYNAMIC
Report-To: {"endpoints":[{"url":"https:\/\/a.nel.cloudflare.com\/report\/v4?s=sWdFxh4aht6qLeXKuTUm8B98hX%2BIkmRLOiIeTob9HL5yoKYVI3Mgd0CeJVyO2kxi3HO0PjwMBfszhy%2FrN93bmcVOiL7hPB%2FQlFBkB1UP4uCNLWAmoasEWNKAZu2Sz3pjv50hT2sfsRnBgoEZF58TFqmW1PY%3D"}],"group":"cf-nel","max_age":604800}
NEL: {"success_fraction":0,"report_to":"cf-nel","max_age":604800}
Server: cloudflare
CF-RAY: 89bf2eb329c61ca6-AMS
Content-Encoding: gzip
alt-svc: h3=":443"; ma=86400

{
    "success": true,
    "user": {
        "email": "ffoqvgrpma@ya.ru",
        "name": "IuZtecmZQE"
    },
    "accessToken": "Bearer eyJhbGciOiJIUzI1NiIsInR5cCI6IkpXVCJ9.eyJpZCI6IjY2ODE3OTczOWVkMjgwMDAxYjQ1OTYxMyIsImlhdCI6MTcxOTc2MTI2NywiZXhwIjoxNzE5NzYyNDY3fQ.vS5sMfwfW4_0gusjxStLstJromXLgTvjFJDOmzrIazg",
    "refreshToken": "f6ea033fbcd4346de1c11b36bdc25ef5da527eb786800decd9574b787d931d0bb52dcf3655548399"
}
HTTP/1.1 200 OK
Date: Sun, 30 Jun 2024 15:27:47 GMT
Content-Type: application/json; charset=utf-8
Transfer-Encoding: chunked
Connection: keep-alive
X-Powered-By: Express
Access-Control-Allow-Origin: *
authorization: Bearer eyJhbGciOiJIUzI1NiIsInR5cCI6IkpXVCJ9.eyJpZCI6IjY2ODE3OTczOWVkMjgwMDAxYjQ1OTYxMyIsImlhdCI6MTcxOTc2MTI2NywiZXhwIjoxNzE5NzYyNDY3fQ.vS5sMfwfW4_0gusjxStLstJromXLgTvjFJDOmzrIazg
ETag: W/"16d-0UTzHNxhwvU4Occl1/bxzXdNlT4"
CF-Cache-Status: DYNAMIC
Report-To: {"endpoints":[{"url":"https:\/\/a.nel.cloudflare.com\/report\/v4?s=sWdFxh4aht6qLeXKuTUm8B98hX%2BIkmRLOiIeTob9HL5yoKYVI3Mgd0CeJVyO2kxi3HO0PjwMBfszhy%2FrN93bmcVOiL7hPB%2FQlFBkB1UP4uCNLWAmoasEWNKAZu2Sz3pjv50hT2sfsRnBgoEZF58TFqmW1PY%3D"}],"group":"cf-nel","max_age":604800}
NEL: {"success_fraction":0,"report_to":"cf-nel","max_age":604800}
Server: cloudflare
CF-RAY: 89bf2eb329c61ca6-AMS
Content-Encoding: gzip
alt-svc: h3=":443"; ma=86400

{
    "success": true,
    "user": {
        "email": "ffoqvgrpma@ya.ru",
        "name": "IuZtecmZQE"
    },
    "accessToken": "Bearer eyJhbGciOiJIUzI1NiIsInR5cCI6IkpXVCJ9.eyJpZCI6IjY2ODE3OTczOWVkMjgwMDAxYjQ1OTYxMyIsImlhdCI6MTcxOTc2MTI2NywiZXhwIjoxNzE5NzYyNDY3fQ.vS5sMfwfW4_0gusjxStLstJromXLgTvjFJDOmzrIazg",
    "refreshToken": "f6ea033fbcd4346de1c11b36bdc25ef5da527eb786800decd9574b787d931d0bb52dcf3655548399"
}
HTTP/1.1 200 OK
Date: Sun, 30 Jun 2024 15:27:47 GMT
Content-Type: application/json; charset=utf-8
Transfer-Encoding: chunked
Connection: keep-alive
X-Powered-By: Express
Access-Control-Allow-Origin: *
authorization: Bearer eyJhbGciOiJIUzI1NiIsInR5cCI6IkpXVCJ9.eyJpZCI6IjY2ODE3OTczOWVkMjgwMDAxYjQ1OTYxMyIsImlhdCI6MTcxOTc2MTI2NywiZXhwIjoxNzE5NzYyNDY3fQ.vS5sMfwfW4_0gusjxStLstJromXLgTvjFJDOmzrIazg
ETag: W/"16d-0UTzHNxhwvU4Occl1/bxzXdNlT4"
CF-Cache-Status: DYNAMIC
Report-To: {"endpoints":[{"url":"https:\/\/a.nel.cloudflare.com\/report\/v4?s=sWdFxh4aht6qLeXKuTUm8B98hX%2BIkmRLOiIeTob9HL5yoKYVI3Mgd0CeJVyO2kxi3HO0PjwMBfszhy%2FrN93bmcVOiL7hPB%2FQlFBkB1UP4uCNLWAmoasEWNKAZu2Sz3pjv50hT2sfsRnBgoEZF58TFqmW1PY%3D"}],"group":"cf-nel","max_age":604800}
NEL: {"success_fraction":0,"report_to":"cf-nel","max_age":604800}
Server: cloudflare
CF-RAY: 89bf2eb329c61ca6-AMS
Content-Encoding: gzip
alt-svc: h3=":443"; ma=86400

{
    "success": true,
    "user": {
        "email": "ffoqvgrpma@ya.ru",
        "name": "IuZtecmZQE"
    },
    "accessToken": "Bearer eyJhbGciOiJIUzI1NiIsInR5cCI6IkpXVCJ9.eyJpZCI6IjY2ODE3OTczOWVkMjgwMDAxYjQ1OTYxMyIsImlhdCI6MTcxOTc2MTI2NywiZXhwIjoxNzE5NzYyNDY3fQ.vS5sMfwfW4_0gusjxStLstJromXLgTvjFJDOmzrIazg",
    "refreshToken": "f6ea033fbcd4346de1c11b36bdc25ef5da527eb786800decd9574b787d931d0bb52dcf3655548399"
}
HTTP/1.1 200 OK
Date: Sun, 30 Jun 2024 15:27:47 GMT
Content-Type: application/json; charset=utf-8
Transfer-Encoding: chunked
Connection: keep-alive
X-Powered-By: Express
Access-Control-Allow-Origin: *
authorization: Bearer eyJhbGciOiJIUzI1NiIsInR5cCI6IkpXVCJ9.eyJpZCI6IjY2ODE3OTczOWVkMjgwMDAxYjQ1OTYxMyIsImlhdCI6MTcxOTc2MTI2NywiZXhwIjoxNzE5NzYyNDY3fQ.vS5sMfwfW4_0gusjxStLstJromXLgTvjFJDOmzrIazg
ETag: W/"16d-0UTzHNxhwvU4Occl1/bxzXdNlT4"
CF-Cache-Status: DYNAMIC
Report-To: {"endpoints":[{"url":"https:\/\/a.nel.cloudflare.com\/report\/v4?s=sWdFxh4aht6qLeXKuTUm8B98hX%2BIkmRLOiIeTob9HL5yoKYVI3Mgd0CeJVyO2kxi3HO0PjwMBfszhy%2FrN93bmcVOiL7hPB%2FQlFBkB1UP4uCNLWAmoasEWNKAZu2Sz3pjv50hT2sfsRnBgoEZF58TFqmW1PY%3D"}],"group":"cf-nel","max_age":604800}
NEL: {"success_fraction":0,"report_to":"cf-nel","max_age":604800}
Server: cloudflare
CF-RAY: 89bf2eb329c61ca6-AMS
Content-Encoding: gzip
alt-svc: h3=":443"; ma=86400

{
    "success": true,
    "user": {
        "email": "ffoqvgrpma@ya.ru",
        "name": "IuZtecmZQE"
    },
    "accessToken": "Bearer eyJhbGciOiJIUzI1NiIsInR5cCI6IkpXVCJ9.eyJpZCI6IjY2ODE3OTczOWVkMjgwMDAxYjQ1OTYxMyIsImlhdCI6MTcxOTc2MTI2NywiZXhwIjoxNzE5NzYyNDY3fQ.vS5sMfwfW4_0gusjxStLstJromXLgTvjFJDOmzrIazg",
    "refreshToken": "f6ea033fbcd4346de1c11b36bdc25ef5da527eb786800decd9574b787d931d0bb52dcf3655548399"
}
HTTP/1.1 200 OK
Date: Sun, 30 Jun 2024 15:27:47 GMT
Content-Type: application/json; charset=utf-8
Transfer-Encoding: chunked
Connection: keep-alive
X-Powered-By: Express
Access-Control-Allow-Origin: *
authorization: Bearer eyJhbGciOiJIUzI1NiIsInR5cCI6IkpXVCJ9.eyJpZCI6IjY2ODE3OTczOWVkMjgwMDAxYjQ1OTYxMyIsImlhdCI6MTcxOTc2MTI2NywiZXhwIjoxNzE5NzYyNDY3fQ.vS5sMfwfW4_0gusjxStLstJromXLgTvjFJDOmzrIazg
ETag: W/"16d-0UTzHNxhwvU4Occl1/bxzXdNlT4"
CF-Cache-Status: DYNAMIC
Report-To: {"endpoints":[{"url":"https:\/\/a.nel.cloudflare.com\/report\/v4?s=sWdFxh4aht6qLeXKuTUm8B98hX%2BIkmRLOiIeTob9HL5yoKYVI3Mgd0CeJVyO2kxi3HO0PjwMBfszhy%2FrN93bmcVOiL7hPB%2FQlFBkB1UP4uCNLWAmoasEWNKAZu2Sz3pjv50hT2sfsRnBgoEZF58TFqmW1PY%3D"}],"group":"cf-nel","max_age":604800}
NEL: {"success_fraction":0,"report_to":"cf-nel","max_age":604800}
Server: cloudflare
CF-RAY: 89bf2eb329c61ca6-AMS
Content-Encoding: gzip
alt-svc: h3=":443"; ma=86400

{
    "success": true,
    "user": {
        "email": "ffoqvgrpma@ya.ru",
        "name": "IuZtecmZQE"
    },
    "accessToken": "Bearer eyJhbGciOiJIUzI1NiIsInR5cCI6IkpXVCJ9.eyJpZCI6IjY2ODE3OTczOWVkMjgwMDAxYjQ1OTYxMyIsImlhdCI6MTcxOTc2MTI2NywiZXhwIjoxNzE5NzYyNDY3fQ.vS5sMfwfW4_0gusjxStLstJromXLgTvjFJDOmzrIazg",
    "refreshToken": "f6ea033fbcd4346de1c11b36bdc25ef5da527eb786800decd9574b787d931d0bb52dcf3655548399"
}
HTTP/1.1 200 OK
Date: Sun, 30 Jun 2024 15:27:47 GMT
Content-Type: application/json; charset=utf-8
Transfer-Encoding: chunked
Connection: keep-alive
X-Powered-By: Express
Access-Control-Allow-Origin: *
authorization: Bearer eyJhbGciOiJIUzI1NiIsInR5cCI6IkpXVCJ9.eyJpZCI6IjY2ODE3OTczOWVkMjgwMDAxYjQ1OTYxMyIsImlhdCI6MTcxOTc2MTI2NywiZXhwIjoxNzE5NzYyNDY3fQ.vS5sMfwfW4_0gusjxStLstJromXLgTvjFJDOmzrIazg
ETag: W/"16d-0UTzHNxhwvU4Occl1/bxzXdNlT4"
CF-Cache-Status: DYNAMIC
Report-To: {"endpoints":[{"url":"https:\/\/a.nel.cloudflare.com\/report\/v4?s=sWdFxh4aht6qLeXKuTUm8B98hX%2BIkmRLOiIeTob9HL5yoKYVI3Mgd0CeJVyO2kxi3HO0PjwMBfszhy%2FrN93bmcVOiL7hPB%2FQlFBkB1UP4uCNLWAmoasEWNKAZu2Sz3pjv50hT2sfsRnBgoEZF58TFqmW1PY%3D"}],"group":"cf-nel","max_age":604800}
NEL: {"success_fraction":0,"report_to":"cf-nel","max_age":604800}
Server: cloudflare
CF-RAY: 89bf2eb329c61ca6-AMS
Content-Encoding: gzip
alt-svc: h3=":443"; ma=86400

{
    "success": true,
    "user": {
        "email": "ffoqvgrpma@ya.ru",
        "name": "IuZtecmZQE"
    },
    "accessToken": "Bearer eyJhbGciOiJIUzI1NiIsInR5cCI6IkpXVCJ9.eyJpZCI6IjY2ODE3OTczOWVkMjgwMDAxYjQ1OTYxMyIsImlhdCI6MTcxOTc2MTI2NywiZXhwIjoxNzE5NzYyNDY3fQ.vS5sMfwfW4_0gusjxStLstJromXLgTvjFJDOmzrIazg",
    "refreshToken": "f6ea033fbcd4346de1c11b36bdc25ef5da527eb786800decd9574b787d931d0bb52dcf3655548399"
}
HTTP/1.1 200 OK
Date: Sun, 30 Jun 2024 15:27:47 GMT
Content-Type: application/json; charset=utf-8
Transfer-Encoding: chunked
Connection: keep-alive
X-Powered-By: Express
Access-Control-Allow-Origin: *
authorization: Bearer eyJhbGciOiJIUzI1NiIsInR5cCI6IkpXVCJ9.eyJpZCI6IjY2ODE3OTczOWVkMjgwMDAxYjQ1OTYxMyIsImlhdCI6MTcxOTc2MTI2NywiZXhwIjoxNzE5NzYyNDY3fQ.vS5sMfwfW4_0gusjxStLstJromXLgTvjFJDOmzrIazg
ETag: W/"16d-0UTzHNxhwvU4Occl1/bxzXdNlT4"
CF-Cache-Status: DYNAMIC
Report-To: {"endpoints":[{"url":"https:\/\/a.nel.cloudflare.com\/report\/v4?s=sWdFxh4aht6qLeXKuTUm8B98hX%2BIkmRLOiIeTob9HL5yoKYVI3Mgd0CeJVyO2kxi3HO0PjwMBfszhy%2FrN93bmcVOiL7hPB%2FQlFBkB1UP4uCNLWAmoasEWNKAZu2Sz3pjv50hT2sfsRnBgoEZF58TFqmW1PY%3D"}],"group":"cf-nel","max_age":604800}
NEL: {"success_fraction":0,"report_to":"cf-nel","max_age":604800}
Server: cloudflare
CF-RAY: 89bf2eb329c61ca6-AMS
Content-Encoding: gzip
alt-svc: h3=":443"; ma=86400

{
    "success": true,
    "user": {
        "email": "ffoqvgrpma@ya.ru",
        "name": "IuZtecmZQE"
    },
    "accessToken": "Bearer eyJhbGciOiJIUzI1NiIsInR5cCI6IkpXVCJ9.eyJpZCI6IjY2ODE3OTczOWVkMjgwMDAxYjQ1OTYxMyIsImlhdCI6MTcxOTc2MTI2NywiZXhwIjoxNzE5NzYyNDY3fQ.vS5sMfwfW4_0gusjxStLstJromXLgTvjFJDOmzrIazg",
    "refreshToken": "f6ea033fbcd4346de1c11b36bdc25ef5da527eb786800decd9574b787d931d0bb52dcf3655548399"
}
HTTP/1.1 200 OK
Date: Sun, 30 Jun 2024 15:27:47 GMT
Content-Type: application/json; charset=utf-8
Transfer-Encoding: chunked
Connection: keep-alive
X-Powered-By: Express
Access-Control-Allow-Origin: *
authorization: Bearer eyJhbGciOiJIUzI1NiIsInR5cCI6IkpXVCJ9.eyJpZCI6IjY2ODE3OTczOWVkMjgwMDAxYjQ1OTYxMyIsImlhdCI6MTcxOTc2MTI2NywiZXhwIjoxNzE5NzYyNDY3fQ.vS5sMfwfW4_0gusjxStLstJromXLgTvjFJDOmzrIazg
ETag: W/"16d-0UTzHNxhwvU4Occl1/bxzXdNlT4"
CF-Cache-Status: DYNAMIC
Report-To: {"endpoints":[{"url":"https:\/\/a.nel.cloudflare.com\/report\/v4?s=sWdFxh4aht6qLeXKuTUm8B98hX%2BIkmRLOiIeTob9HL5yoKYVI3Mgd0CeJVyO2kxi3HO0PjwMBfszhy%2FrN93bmcVOiL7hPB%2FQlFBkB1UP4uCNLWAmoasEWNKAZu2Sz3pjv50hT2sfsRnBgoEZF58TFqmW1PY%3D"}],"group":"cf-nel","max_age":604800}
NEL: {"success_fraction":0,"report_to":"cf-nel","max_age":604800}
Server: cloudflare
CF-RAY: 89bf2eb329c61ca6-AMS
Content-Encoding: gzip
alt-svc: h3=":443"; ma=86400

{
    "success": true,
    "user": {
        "email": "ffoqvgrpma@ya.ru",
        "name": "IuZtecmZQE"
    },
    "accessToken": "Bearer eyJhbGciOiJIUzI1NiIsInR5cCI6IkpXVCJ9.eyJpZCI6IjY2ODE3OTczOWVkMjgwMDAxYjQ1OTYxMyIsImlhdCI6MTcxOTc2MTI2NywiZXhwIjoxNzE5NzYyNDY3fQ.vS5sMfwfW4_0gusjxStLstJromXLgTvjFJDOmzrIazg",
    "refreshToken": "f6ea033fbcd4346de1c11b36bdc25ef5da527eb786800decd9574b787d931d0bb52dcf3655548399"
}
HTTP/1.1 200 OK
Date: Sun, 30 Jun 2024 15:27:47 GMT
Content-Type: application/json; charset=utf-8
Transfer-Encoding: chunked
Connection: keep-alive
X-Powered-By: Express
Access-Control-Allow-Origin: *
authorization: Bearer eyJhbGciOiJIUzI1NiIsInR5cCI6IkpXVCJ9.eyJpZCI6IjY2ODE3OTczOWVkMjgwMDAxYjQ1OTYxMyIsImlhdCI6MTcxOTc2MTI2NywiZXhwIjoxNzE5NzYyNDY3fQ.vS5sMfwfW4_0gusjxStLstJromXLgTvjFJDOmzrIazg
ETag: W/"16d-0UTzHNxhwvU4Occl1/bxzXdNlT4"
CF-Cache-Status: DYNAMIC
Report-To: {"endpoints":[{"url":"https:\/\/a.nel.cloudflare.com\/report\/v4?s=sWdFxh4aht6qLeXKuTUm8B98hX%2BIkmRLOiIeTob9HL5yoKYVI3Mgd0CeJVyO2kxi3HO0PjwMBfszhy%2FrN93bmcVOiL7hPB%2FQlFBkB1UP4uCNLWAmoasEWNKAZu2Sz3pjv50hT2sfsRnBgoEZF58TFqmW1PY%3D"}],"group":"cf-nel","max_age":604800}
NEL: {"success_fraction":0,"report_to":"cf-nel","max_age":604800}
Server: cloudflare
CF-RAY: 89bf2eb329c61ca6-AMS
Content-Encoding: gzip
alt-svc: h3=":443"; ma=86400

{
    "success": true,
    "user": {
        "email": "ffoqvgrpma@ya.ru",
        "name": "IuZtecmZQE"
    },
    "accessToken": "Bearer eyJhbGciOiJIUzI1NiIsInR5cCI6IkpXVCJ9.eyJpZCI6IjY2ODE3OTczOWVkMjgwMDAxYjQ1OTYxMyIsImlhdCI6MTcxOTc2MTI2NywiZXhwIjoxNzE5NzYyNDY3fQ.vS5sMfwfW4_0gusjxStLstJromXLgTvjFJDOmzrIazg",
    "refreshToken": "f6ea033fbcd4346de1c11b36bdc25ef5da527eb786800decd9574b787d931d0bb52dcf3655548399"
}
HTTP/1.1 200 OK
Date: Sun, 30 Jun 2024 15:27:47 GMT
Content-Type: application/json; charset=utf-8
Transfer-Encoding: chunked
Connection: keep-alive
X-Powered-By: Express
Access-Control-Allow-Origin: *
authorization: Bearer eyJhbGciOiJIUzI1NiIsInR5cCI6IkpXVCJ9.eyJpZCI6IjY2ODE3OTczOWVkMjgwMDAxYjQ1OTYxMyIsImlhdCI6MTcxOTc2MTI2NywiZXhwIjoxNzE5NzYyNDY3fQ.vS5sMfwfW4_0gusjxStLstJromXLgTvjFJDOmzrIazg
ETag: W/"16d-0UTzHNxhwvU4Occl1/bxzXdNlT4"
CF-Cache-Status: DYNAMIC
Report-To: {"endpoints":[{"url":"https:\/\/a.nel.cloudflare.com\/report\/v4?s=sWdFxh4aht6qLeXKuTUm8B98hX%2BIkmRLOiIeTob9HL5yoKYVI3Mgd0CeJVyO2kxi3HO0PjwMBfszhy%2FrN93bmcVOiL7hPB%2FQlFBkB1UP4uCNLWAmoasEWNKAZu2Sz3pjv50hT2sfsRnBgoEZF58TFqmW1PY%3D"}],"group":"cf-nel","max_age":604800}
NEL: {"success_fraction":0,"report_to":"cf-nel","max_age":604800}
Server: cloudflare
CF-RAY: 89bf2eb329c61ca6-AMS
Content-Encoding: gzip
alt-svc: h3=":443"; ma=86400

{
    "success": true,
    "user": {
        "email": "ffoqvgrpma@ya.ru",
        "name": "IuZtecmZQE"
    },
    "accessToken": "Bearer eyJhbGciOiJIUzI1NiIsInR5cCI6IkpXVCJ9.eyJpZCI6IjY2ODE3OTczOWVkMjgwMDAxYjQ1OTYxMyIsImlhdCI6MTcxOTc2MTI2NywiZXhwIjoxNzE5NzYyNDY3fQ.vS5sMfwfW4_0gusjxStLstJromXLgTvjFJDOmzrIazg",
    "refreshToken": "f6ea033fbcd4346de1c11b36bdc25ef5da527eb786800decd9574b787d931d0bb52dcf3655548399"
}
HTTP/1.1 200 OK
Date: Sun, 30 Jun 2024 15:27:47 GMT
Content-Type: application/json; charset=utf-8
Transfer-Encoding: chunked
Connection: keep-alive
X-Powered-By: Express
Access-Control-Allow-Origin: *
authorization: Bearer eyJhbGciOiJIUzI1NiIsInR5cCI6IkpXVCJ9.eyJpZCI6IjY2ODE3OTczOWVkMjgwMDAxYjQ1OTYxMyIsImlhdCI6MTcxOTc2MTI2NywiZXhwIjoxNzE5NzYyNDY3fQ.vS5sMfwfW4_0gusjxStLstJromXLgTvjFJDOmzrIazg
ETag: W/"16d-0UTzHNxhwvU4Occl1/bxzXdNlT4"
CF-Cache-Status: DYNAMIC
Report-To: {"endpoints":[{"url":"https:\/\/a.nel.cloudflare.com\/report\/v4?s=sWdFxh4aht6qLeXKuTUm8B98hX%2BIkmRLOiIeTob9HL5yoKYVI3Mgd0CeJVyO2kxi3HO0PjwMBfszhy%2FrN93bmcVOiL7hPB%2FQlFBkB1UP4uCNLWAmoasEWNKAZu2Sz3pjv50hT2sfsRnBgoEZF58TFqmW1PY%3D"}],"group":"cf-nel","max_age":604800}
NEL: {"success_fraction":0,"report_to":"cf-nel","max_age":604800}
Server: cloudflare
CF-RAY: 89bf2eb329c61ca6-AMS
Content-Encoding: gzip
alt-svc: h3=":443"; ma=86400

{
    "success": true,
    "user": {
        "email": "ffoqvgrpma@ya.ru",
        "name": "IuZtecmZQE"
    },
    "accessToken": "Bearer eyJhbGciOiJIUzI1NiIsInR5cCI6IkpXVCJ9.eyJpZCI6IjY2ODE3OTczOWVkMjgwMDAxYjQ1OTYxMyIsImlhdCI6MTcxOTc2MTI2NywiZXhwIjoxNzE5NzYyNDY3fQ.vS5sMfwfW4_0gusjxStLstJromXLgTvjFJDOmzrIazg",
    "refreshToken": "f6ea033fbcd4346de1c11b36bdc25ef5da527eb786800decd9574b787d931d0bb52dcf3655548399"
}
HTTP/1.1 200 OK
Date: Sun, 30 Jun 2024 15:27:47 GMT
Content-Type: application/json; charset=utf-8
Transfer-Encoding: chunked
Connection: keep-alive
X-Powered-By: Express
Access-Control-Allow-Origin: *
authorization: Bearer eyJhbGciOiJIUzI1NiIsInR5cCI6IkpXVCJ9.eyJpZCI6IjY2ODE3OTczOWVkMjgwMDAxYjQ1OTYxMyIsImlhdCI6MTcxOTc2MTI2NywiZXhwIjoxNzE5NzYyNDY3fQ.vS5sMfwfW4_0gusjxStLstJromXLgTvjFJDOmzrIazg
ETag: W/"16d-0UTzHNxhwvU4Occl1/bxzXdNlT4"
CF-Cache-Status: DYNAMIC
Report-To: {"endpoints":[{"url":"https:\/\/a.nel.cloudflare.com\/report\/v4?s=sWdFxh4aht6qLeXKuTUm8B98hX%2BIkmRLOiIeTob9HL5yoKYVI3Mgd0CeJVyO2kxi3HO0PjwMBfszhy%2FrN93bmcVOiL7hPB%2FQlFBkB1UP4uCNLWAmoasEWNKAZu2Sz3pjv50hT2sfsRnBgoEZF58TFqmW1PY%3D"}],"group":"cf-nel","max_age":604800}
NEL: {"success_fraction":0,"report_to":"cf-nel","max_age":604800}
Server: cloudflare
CF-RAY: 89bf2eb329c61ca6-AMS
Content-Encoding: gzip
alt-svc: h3=":443"; ma=86400

{
    "success": true,
    "user": {
        "email": "ffoqvgrpma@ya.ru",
        "name": "IuZtecmZQE"
    },
    "accessToken": "Bearer eyJhbGciOiJIUzI1NiIsInR5cCI6IkpXVCJ9.eyJpZCI6IjY2ODE3OTczOWVkMjgwMDAxYjQ1OTYxMyIsImlhdCI6MTcxOTc2MTI2NywiZXhwIjoxNzE5NzYyNDY3fQ.vS5sMfwfW4_0gusjxStLstJromXLgTvjFJDOmzrIazg",
    "refreshToken": "f6ea033fbcd4346de1c11b36bdc25ef5da527eb786800decd9574b787d931d0bb52dcf3655548399"
}
HTTP/1.1 200 OK
Date: Sun, 30 Jun 2024 15:27:47 GMT
Content-Type: application/json; charset=utf-8
Transfer-Encoding: chunked
Connection: keep-alive
X-Powered-By: Express
Access-Control-Allow-Origin: *
authorization: Bearer eyJhbGciOiJIUzI1NiIsInR5cCI6IkpXVCJ9.eyJpZCI6IjY2ODE3OTczOWVkMjgwMDAxYjQ1OTYxMyIsImlhdCI6MTcxOTc2MTI2NywiZXhwIjoxNzE5NzYyNDY3fQ.vS5sMfwfW4_0gusjxStLstJromXLgTvjFJDOmzrIazg
ETag: W/"16d-0UTzHNxhwvU4Occl1/bxzXdNlT4"
CF-Cache-Status: DYNAMIC
Report-To: {"endpoints":[{"url":"https:\/\/a.nel.cloudflare.com\/report\/v4?s=sWdFxh4aht6qLeXKuTUm8B98hX%2BIkmRLOiIeTob9HL5yoKYVI3Mgd0CeJVyO2kxi3HO0PjwMBfszhy%2FrN93bmcVOiL7hPB%2FQlFBkB1UP4uCNLWAmoasEWNKAZu2Sz3pjv50hT2sfsRnBgoEZF58TFqmW1PY%3D"}],"group":"cf-nel","max_age":604800}
NEL: {"success_fraction":0,"report_to":"cf-nel","max_age":604800}
Server: cloudflare
CF-RAY: 89bf2eb329c61ca6-AMS
Content-Encoding: gzip
alt-svc: h3=":443"; ma=86400

{
    "success": true,
    "user": {
        "email": "ffoqvgrpma@ya.ru",
        "name": "IuZtecmZQE"
    },
    "accessToken": "Bearer eyJhbGciOiJIUzI1NiIsInR5cCI6IkpXVCJ9.eyJpZCI6IjY2ODE3OTczOWVkMjgwMDAxYjQ1OTYxMyIsImlhdCI6MTcxOTc2MTI2NywiZXhwIjoxNzE5NzYyNDY3fQ.vS5sMfwfW4_0gusjxStLstJromXLgTvjFJDOmzrIazg",
    "refreshToken": "f6ea033fbcd4346de1c11b36bdc25ef5da527eb786800decd9574b787d931d0bb52dcf3655548399"
}
HTTP/1.1 200 OK
Date: Sun, 30 Jun 2024 15:27:47 GMT
Content-Type: application/json; charset=utf-8
Transfer-Encoding: chunked
Connection: keep-alive
X-Powered-By: Express
Access-Control-Allow-Origin: *
authorization: Bearer eyJhbGciOiJIUzI1NiIsInR5cCI6IkpXVCJ9.eyJpZCI6IjY2ODE3OTczOWVkMjgwMDAxYjQ1OTYxMyIsImlhdCI6MTcxOTc2MTI2NywiZXhwIjoxNzE5NzYyNDY3fQ.vS5sMfwfW4_0gusjxStLstJromXLgTvjFJDOmzrIazg
ETag: W/"16d-0UTzHNxhwvU4Occl1/bxzXdNlT4"
CF-Cache-Status: DYNAMIC
Report-To: {"endpoints":[{"url":"https:\/\/a.nel.cloudflare.com\/report\/v4?s=sWdFxh4aht6qLeXKuTUm8B98hX%2BIkmRLOiIeTob9HL5yoKYVI3Mgd0CeJVyO2kxi3HO0PjwMBfszhy%2FrN93bmcVOiL7hPB%2FQlFBkB1UP4uCNLWAmoasEWNKAZu2Sz3pjv50hT2sfsRnBgoEZF58TFqmW1PY%3D"}],"group":"cf-nel","max_age":604800}
NEL: {"success_fraction":0,"report_to":"cf-nel","max_age":604800}
Server: cloudflare
CF-RAY: 89bf2eb329c61ca6-AMS
Content-Encoding: gzip
alt-svc: h3=":443"; ma=86400

{
    "success": true,
    "user": {
        "email": "ffoqvgrpma@ya.ru",
        "name": "IuZtecmZQE"
    },
    "accessToken": "Bearer eyJhbGciOiJIUzI1NiIsInR5cCI6IkpXVCJ9.eyJpZCI6IjY2ODE3OTczOWVkMjgwMDAxYjQ1OTYxMyIsImlhdCI6MTcxOTc2MTI2NywiZXhwIjoxNzE5NzYyNDY3fQ.vS5sMfwfW4_0gusjxStLstJromXLgTvjFJDOmzrIazg",
    "refreshToken": "f6ea033fbcd4346de1c11b36bdc25ef5da527eb786800decd9574b787d931d0bb52dcf3655548399"
}
HTTP/1.1 200 OK
Date: Sun, 30 Jun 2024 15:27:47 GMT
Content-Type: application/json; charset=utf-8
Transfer-Encoding: chunked
Connection: keep-alive
X-Powered-By: Express
Access-Control-Allow-Origin: *
authorization: Bearer eyJhbGciOiJIUzI1NiIsInR5cCI6IkpXVCJ9.eyJpZCI6IjY2ODE3OTczOWVkMjgwMDAxYjQ1OTYxMyIsImlhdCI6MTcxOTc2MTI2NywiZXhwIjoxNzE5NzYyNDY3fQ.vS5sMfwfW4_0gusjxStLstJromXLgTvjFJDOmzrIazg
ETag: W/"16d-0UTzHNxhwvU4Occl1/bxzXdNlT4"
CF-Cache-Status: DYNAMIC
Report-To: {"endpoints":[{"url":"https:\/\/a.nel.cloudflare.com\/report\/v4?s=sWdFxh4aht6qLeXKuTUm8B98hX%2BIkmRLOiIeTob9HL5yoKYVI3Mgd0CeJVyO2kxi3HO0PjwMBfszhy%2FrN93bmcVOiL7hPB%2FQlFBkB1UP4uCNLWAmoasEWNKAZu2Sz3pjv50hT2sfsRnBgoEZF58TFqmW1PY%3D"}],"group":"cf-nel","max_age":604800}
NEL: {"success_fraction":0,"report_to":"cf-nel","max_age":604800}
Server: cloudflare
CF-RAY: 89bf2eb329c61ca6-AMS
Content-Encoding: gzip
alt-svc: h3=":443"; ma=86400

{
    "success": true,
    "user": {
        "email": "ffoqvgrpma@ya.ru",
        "name": "IuZtecmZQE"
    },
    "accessToken": "Bearer eyJhbGciOiJIUzI1NiIsInR5cCI6IkpXVCJ9.eyJpZCI6IjY2ODE3OTczOWVkMjgwMDAxYjQ1OTYxMyIsImlhdCI6MTcxOTc2MTI2NywiZXhwIjoxNzE5NzYyNDY3fQ.vS5sMfwfW4_0gusjxStLstJromXLgTvjFJDOmzrIazg",
    "refreshToken": "f6ea033fbcd4346de1c11b36bdc25ef5da527eb786800decd9574b787d931d0bb52dcf3655548399"
}
HTTP/1.1 200 OK
Date: Sun, 30 Jun 2024 15:27:47 GMT
Content-Type: application/json; charset=utf-8
Transfer-Encoding: chunked
Connection: keep-alive
X-Powered-By: Express
Access-Control-Allow-Origin: *
authorization: Bearer eyJhbGciOiJIUzI1NiIsInR5cCI6IkpXVCJ9.eyJpZCI6IjY2ODE3OTczOWVkMjgwMDAxYjQ1OTYxMyIsImlhdCI6MTcxOTc2MTI2NywiZXhwIjoxNzE5NzYyNDY3fQ.vS5sMfwfW4_0gusjxStLstJromXLgTvjFJDOmzrIazg
ETag: W/"16d-0UTzHNxhwvU4Occl1/bxzXdNlT4"
CF-Cache-Status: DYNAMIC
Report-To: {"endpoints":[{"url":"https:\/\/a.nel.cloudflare.com\/report\/v4?s=sWdFxh4aht6qLeXKuTUm8B98hX%2BIkmRLOiIeTob9HL5yoKYVI3Mgd0CeJVyO2kxi3HO0PjwMBfszhy%2FrN93bmcVOiL7hPB%2FQlFBkB1UP4uCNLWAmoasEWNKAZu2Sz3pjv50hT2sfsRnBgoEZF58TFqmW1PY%3D"}],"group":"cf-nel","max_age":604800}
NEL: {"success_fraction":0,"report_to":"cf-nel","max_age":604800}
Server: cloudflare
CF-RAY: 89bf2eb329c61ca6-AMS
Content-Encoding: gzip
alt-svc: h3=":443"; ma=86400

{
    "success": true,
    "user": {
        "email": "ffoqvgrpma@ya.ru",
        "name": "IuZtecmZQE"
    },
    "accessToken": "Bearer eyJhbGciOiJIUzI1NiIsInR5cCI6IkpXVCJ9.eyJpZCI6IjY2ODE3OTczOWVkMjgwMDAxYjQ1OTYxMyIsImlhdCI6MTcxOTc2MTI2NywiZXhwIjoxNzE5NzYyNDY3fQ.vS5sMfwfW4_0gusjxStLstJromXLgTvjFJDOmzrIazg",
    "refreshToken": "f6ea033fbcd4346de1c11b36bdc25ef5da527eb786800decd9574b787d931d0bb52dcf3655548399"
}
Request method:	POST
Request URI:	https://stellarburgers.nomoreparties.site/api/auth/login
Proxy:			<none>
Request params:	<none>
Query params:	<none>
Form params:	<none>
Path params:	<none>
Headers:		Accept=*/*
				Content-Type=application/json
Cookies:		<none>
Multiparts:		<none>
Body:
{
    "email": "fFOqVGrpma@ya.ru",
    "password": "bSMPYPDdts",
    "name": "IuZtecmZQE"
}
Request method:	POST
Request URI:	https://stellarburgers.nomoreparties.site/api/auth/login
Proxy:			<none>
Request params:	<none>
Query params:	<none>
Form params:	<none>
Path params:	<none>
Headers:		Accept=*/*
				Content-Type=application/json
Cookies:		<none>
Multiparts:		<none>
Body:
{
    "email": "fFOqVGrpma@ya.ru",
    "password": "bSMPYPDdts",
    "name": "IuZtecmZQE"
}
Request method:	POST
Request URI:	https://stellarburgers.nomoreparties.site/api/auth/login
Proxy:			<none>
Request params:	<none>
Query params:	<none>
Form params:	<none>
Path params:	<none>
Headers:		Accept=*/*
				Content-Type=application/json
Cookies:		<none>
Multiparts:		<none>
Body:
{
    "email": "fFOqVGrpma@ya.ru",
    "password": "bSMPYPDdts",
    "name": "IuZtecmZQE"
}
Request method:	POST
Request URI:	https://stellarburgers.nomoreparties.site/api/auth/login
Proxy:			<none>
Request params:	<none>
Query params:	<none>
Form params:	<none>
Path params:	<none>
Headers:		Accept=*/*
				Content-Type=application/json
Cookies:		<none>
Multiparts:		<none>
Body:
{
    "email": "fFOqVGrpma@ya.ru",
    "password": "bSMPYPDdts",
    "name": "IuZtecmZQE"
}
Request method:	POST
Request URI:	https://stellarburgers.nomoreparties.site/api/auth/login
Proxy:			<none>
Request params:	<none>
Query params:	<none>
Form params:	<none>
Path params:	<none>
Headers:		Accept=*/*
				Content-Type=application/json
Cookies:		<none>
Multiparts:		<none>
Body:
{
    "email": "fFOqVGrpma@ya.ru",
    "password": "bSMPYPDdts",
    "name": "IuZtecmZQE"
}
Request method:	POST
Request URI:	https://stellarburgers.nomoreparties.site/api/auth/login
Proxy:			<none>
Request params:	<none>
Query params:	<none>
Form params:	<none>
Path params:	<none>
Headers:		Accept=*/*
				Content-Type=application/json
Cookies:		<none>
Multiparts:		<none>
Body:
{
    "email": "fFOqVGrpma@ya.ru",
    "password": "bSMPYPDdts",
    "name": "IuZtecmZQE"
}
Request method:	POST
Request URI:	https://stellarburgers.nomoreparties.site/api/auth/login
Proxy:			<none>
Request params:	<none>
Query params:	<none>
Form params:	<none>
Path params:	<none>
Headers:		Accept=*/*
				Content-Type=application/json
Cookies:		<none>
Multiparts:		<none>
Body:
{
    "email": "fFOqVGrpma@ya.ru",
    "password": "bSMPYPDdts",
    "name": "IuZtecmZQE"
}
Request method:	POST
Request URI:	https://stellarburgers.nomoreparties.site/api/auth/login
Proxy:			<none>
Request params:	<none>
Query params:	<none>
Form params:	<none>
Path params:	<none>
Headers:		Accept=*/*
				Content-Type=application/json
Cookies:		<none>
Multiparts:		<none>
Body:
{
    "email": "fFOqVGrpma@ya.ru",
    "password": "bSMPYPDdts",
    "name": "IuZtecmZQE"
}
Request method:	POST
Request URI:	https://stellarburgers.nomoreparties.site/api/auth/login
Proxy:			<none>
Request params:	<none>
Query params:	<none>
Form params:	<none>
Path params:	<none>
Headers:		Accept=*/*
				Content-Type=application/json
Cookies:		<none>
Multiparts:		<none>
Body:
{
    "email": "fFOqVGrpma@ya.ru",
    "password": "bSMPYPDdts",
    "name": "IuZtecmZQE"
}
Request method:	POST
Request URI:	https://stellarburgers.nomoreparties.site/api/auth/login
Proxy:			<none>
Request params:	<none>
Query params:	<none>
Form params:	<none>
Path params:	<none>
Headers:		Accept=*/*
				Content-Type=application/json
Cookies:		<none>
Multiparts:		<none>
Body:
{
    "email": "fFOqVGrpma@ya.ru",
    "password": "bSMPYPDdts",
    "name": "IuZtecmZQE"
}
Request method:	POST
Request URI:	https://stellarburgers.nomoreparties.site/api/auth/login
Proxy:			<none>
Request params:	<none>
Query params:	<none>
Form params:	<none>
Path params:	<none>
Headers:		Accept=*/*
				Content-Type=application/json
Cookies:		<none>
Multiparts:		<none>
Body:
{
    "email": "fFOqVGrpma@ya.ru",
    "password": "bSMPYPDdts",
    "name": "IuZtecmZQE"
}
Request method:	POST
Request URI:	https://stellarburgers.nomoreparties.site/api/auth/login
Proxy:			<none>
Request params:	<none>
Query params:	<none>
Form params:	<none>
Path params:	<none>
Headers:		Accept=*/*
				Content-Type=application/json
Cookies:		<none>
Multiparts:		<none>
Body:
{
    "email": "fFOqVGrpma@ya.ru",
    "password": "bSMPYPDdts",
    "name": "IuZtecmZQE"
}
Request method:	POST
Request URI:	https://stellarburgers.nomoreparties.site/api/auth/login
Proxy:			<none>
Request params:	<none>
Query params:	<none>
Form params:	<none>
Path params:	<none>
Headers:		Accept=*/*
				Content-Type=application/json
Cookies:		<none>
Multiparts:		<none>
Body:
{
    "email": "fFOqVGrpma@ya.ru",
    "password": "bSMPYPDdts",
    "name": "IuZtecmZQE"
}
Request method:	POST
Request URI:	https://stellarburgers.nomoreparties.site/api/auth/login
Proxy:			<none>
Request params:	<none>
Query params:	<none>
Form params:	<none>
Path params:	<none>
Headers:		Accept=*/*
				Content-Type=application/json
Cookies:		<none>
Multiparts:		<none>
Body:
{
    "email": "fFOqVGrpma@ya.ru",
    "password": "bSMPYPDdts",
    "name": "IuZtecmZQE"
}
Request method:	POST
Request URI:	https://stellarburgers.nomoreparties.site/api/auth/login
Proxy:			<none>
Request params:	<none>
Query params:	<none>
Form params:	<none>
Path params:	<none>
Headers:		Accept=*/*
				Content-Type=application/json
Cookies:		<none>
Multiparts:		<none>
Body:
{
    "email": "fFOqVGrpma@ya.ru",
    "password": "bSMPYPDdts",
    "name": "IuZtecmZQE"
}
Request method:	POST
Request URI:	https://stellarburgers.nomoreparties.site/api/auth/login
Proxy:			<none>
Request params:	<none>
Query params:	<none>
Form params:	<none>
Path params:	<none>
Headers:		Accept=*/*
				Content-Type=application/json
Cookies:		<none>
Multiparts:		<none>
Body:
{
    "email": "fFOqVGrpma@ya.ru",
    "password": "bSMPYPDdts",
    "name": "IuZtecmZQE"
}
Request method:	POST
Request URI:	https://stellarburgers.nomoreparties.site/api/auth/login
Proxy:			<none>
Request params:	<none>
Query params:	<none>
Form params:	<none>
Path params:	<none>
Headers:		Accept=*/*
				Content-Type=application/json
Cookies:		<none>
Multiparts:		<none>
Body:
{
    "email": "fFOqVGrpma@ya.ru",
    "password": "bSMPYPDdts",
    "name": "IuZtecmZQE"
}
Request method:	POST
Request URI:	https://stellarburgers.nomoreparties.site/api/auth/login
Proxy:			<none>
Request params:	<none>
Query params:	<none>
Form params:	<none>
Path params:	<none>
Headers:		Accept=*/*
				Content-Type=application/json
Cookies:		<none>
Multiparts:		<none>
Body:
{
    "email": "fFOqVGrpma@ya.ru",
    "password": "bSMPYPDdts",
    "name": "IuZtecmZQE"
}
Request method:	POST
Request URI:	https://stellarburgers.nomoreparties.site/api/auth/login
Proxy:			<none>
Request params:	<none>
Query params:	<none>
Form params:	<none>
Path params:	<none>
Headers:		Accept=*/*
				Content-Type=application/json
Cookies:		<none>
Multiparts:		<none>
Body:
{
    "email": "fFOqVGrpma@ya.ru",
    "password": "bSMPYPDdts",
    "name": "IuZtecmZQE"
}
Request method:	POST
Request URI:	https://stellarburgers.nomoreparties.site/api/auth/login
Proxy:			<none>
Request params:	<none>
Query params:	<none>
Form params:	<none>
Path params:	<none>
Headers:		Accept=*/*
				Content-Type=application/json
Cookies:		<none>
Multiparts:		<none>
Body:
{
    "email": "fFOqVGrpma@ya.ru",
    "password": "bSMPYPDdts",
    "name": "IuZtecmZQE"
}
Request method:	POST
Request URI:	https://stellarburgers.nomoreparties.site/api/auth/login
Proxy:			<none>
Request params:	<none>
Query params:	<none>
Form params:	<none>
Path params:	<none>
Headers:		Accept=*/*
				Content-Type=application/json
Cookies:		<none>
Multiparts:		<none>
Body:
{
    "email": "fFOqVGrpma@ya.ru",
    "password": "bSMPYPDdts",
    "name": "IuZtecmZQE"
}
Request method:	POST
Request URI:	https://stellarburgers.nomoreparties.site/api/auth/login
Proxy:			<none>
Request params:	<none>
Query params:	<none>
Form params:	<none>
Path params:	<none>
Headers:		Accept=*/*
				Content-Type=application/json
Cookies:		<none>
Multiparts:		<none>
Body:
{
    "email": "fFOqVGrpma@ya.ru",
    "password": "bSMPYPDdts",
    "name": "IuZtecmZQE"
}
Request method:	POST
Request URI:	https://stellarburgers.nomoreparties.site/api/auth/login
Proxy:			<none>
Request params:	<none>
Query params:	<none>
Form params:	<none>
Path params:	<none>
Headers:		Accept=*/*
				Content-Type=application/json
Cookies:		<none>
Multiparts:		<none>
Body:
{
    "email": "fFOqVGrpma@ya.ru",
    "password": "bSMPYPDdts",
    "name": "IuZtecmZQE"
}
Request method:	POST
Request URI:	https://stellarburgers.nomoreparties.site/api/auth/login
Proxy:			<none>
Request params:	<none>
Query params:	<none>
Form params:	<none>
Path params:	<none>
Headers:		Accept=*/*
				Content-Type=application/json
Cookies:		<none>
Multiparts:		<none>
Body:
{
    "email": "fFOqVGrpma@ya.ru",
    "password": "bSMPYPDdts",
    "name": "IuZtecmZQE"
}
Request method:	POST
Request URI:	https://stellarburgers.nomoreparties.site/api/auth/login
Proxy:			<none>
Request params:	<none>
Query params:	<none>
Form params:	<none>
Path params:	<none>
Headers:		Accept=*/*
				Content-Type=application/json
Cookies:		<none>
Multiparts:		<none>
Body:
{
    "email": "fFOqVGrpma@ya.ru",
    "password": "bSMPYPDdts",
    "name": "IuZtecmZQE"
}
Request method:	POST
Request URI:	https://stellarburgers.nomoreparties.site/api/auth/login
Proxy:			<none>
Request params:	<none>
Query params:	<none>
Form params:	<none>
Path params:	<none>
Headers:		Accept=*/*
				Content-Type=application/json
Cookies:		<none>
Multiparts:		<none>
Body:
{
    "email": "fFOqVGrpma@ya.ru",
    "password": "bSMPYPDdts",
    "name": "IuZtecmZQE"
}
HTTP/1.1 200 OK
Date: Sun, 30 Jun 2024 15:27:48 GMT
Content-Type: application/json; charset=utf-8
Transfer-Encoding: chunked
Connection: keep-alive
X-Powered-By: Express
Access-Control-Allow-Origin: *
ETag: W/"16d-26uv+lL3kcKiY8wGXlXFZYDAhq4"
CF-Cache-Status: DYNAMIC
Report-To: {"endpoints":[{"url":"https:\/\/a.nel.cloudflare.com\/report\/v4?s=rfA%2FH%2F0ohi02S%2BAmK%2B3mK69RZ6SRScqaFWCMp9Tlw06B%2FPjaXa6Nvj0Qmg7qcTtCyPkIXZhN2wH6RSI0Ll1EsnIGBQvngYnTdLHIACte7Bm0kgoJykXtkVA1aiWv7Svco83%2Fp7F9Hs7vxuRoTsh0e6JsUj8%3D"}],"group":"cf-nel","max_age":604800}
NEL: {"success_fraction":0,"report_to":"cf-nel","max_age":604800}
Server: cloudflare
CF-RAY: 89bf2eb52e566515-LHR
Content-Encoding: gzip
alt-svc: h3=":443"; ma=86400

{
    "success": true,
    "accessToken": "Bearer eyJhbGciOiJIUzI1NiIsInR5cCI6IkpXVCJ9.eyJpZCI6IjY2ODE3OTczOWVkMjgwMDAxYjQ1OTYxMyIsImlhdCI6MTcxOTc2MTI2OCwiZXhwIjoxNzE5NzYyNDY4fQ.O7YgfYAGa6b9VV8lW45XgUH3j4nGzrHDU18xsY0CrbQ",
    "refreshToken": "eea15f1b97a3213c4953c45a57e345cd472eb734d956fcc4d582eed0c20294f5ff3914bd789b247f",
    "user": {
        "email": "ffoqvgrpma@ya.ru",
        "name": "IuZtecmZQE"
    }
}
HTTP/1.1 200 OK
Date: Sun, 30 Jun 2024 15:27:48 GMT
Content-Type: application/json; charset=utf-8
Transfer-Encoding: chunked
Connection: keep-alive
X-Powered-By: Express
Access-Control-Allow-Origin: *
ETag: W/"16d-26uv+lL3kcKiY8wGXlXFZYDAhq4"
CF-Cache-Status: DYNAMIC
Report-To: {"endpoints":[{"url":"https:\/\/a.nel.cloudflare.com\/report\/v4?s=rfA%2FH%2F0ohi02S%2BAmK%2B3mK69RZ6SRScqaFWCMp9Tlw06B%2FPjaXa6Nvj0Qmg7qcTtCyPkIXZhN2wH6RSI0Ll1EsnIGBQvngYnTdLHIACte7Bm0kgoJykXtkVA1aiWv7Svco83%2Fp7F9Hs7vxuRoTsh0e6JsUj8%3D"}],"group":"cf-nel","max_age":604800}
NEL: {"success_fraction":0,"report_to":"cf-nel","max_age":604800}
Server: cloudflare
CF-RAY: 89bf2eb52e566515-LHR
Content-Encoding: gzip
alt-svc: h3=":443"; ma=86400

{
    "success": true,
    "accessToken": "Bearer eyJhbGciOiJIUzI1NiIsInR5cCI6IkpXVCJ9.eyJpZCI6IjY2ODE3OTczOWVkMjgwMDAxYjQ1OTYxMyIsImlhdCI6MTcxOTc2MTI2OCwiZXhwIjoxNzE5NzYyNDY4fQ.O7YgfYAGa6b9VV8lW45XgUH3j4nGzrHDU18xsY0CrbQ",
    "refreshToken": "eea15f1b97a3213c4953c45a57e345cd472eb734d956fcc4d582eed0c20294f5ff3914bd789b247f",
    "user": {
        "email": "ffoqvgrpma@ya.ru",
        "name": "IuZtecmZQE"
    }
}
HTTP/1.1 200 OK
Date: Sun, 30 Jun 2024 15:27:48 GMT
Content-Type: application/json; charset=utf-8
Transfer-Encoding: chunked
Connection: keep-alive
X-Powered-By: Express
Access-Control-Allow-Origin: *
ETag: W/"16d-26uv+lL3kcKiY8wGXlXFZYDAhq4"
CF-Cache-Status: DYNAMIC
Report-To: {"endpoints":[{"url":"https:\/\/a.nel.cloudflare.com\/report\/v4?s=rfA%2FH%2F0ohi02S%2BAmK%2B3mK69RZ6SRScqaFWCMp9Tlw06B%2FPjaXa6Nvj0Qmg7qcTtCyPkIXZhN2wH6RSI0Ll1EsnIGBQvngYnTdLHIACte7Bm0kgoJykXtkVA1aiWv7Svco83%2Fp7F9Hs7vxuRoTsh0e6JsUj8%3D"}],"group":"cf-nel","max_age":604800}
NEL: {"success_fraction":0,"report_to":"cf-nel","max_age":604800}
Server: cloudflare
CF-RAY: 89bf2eb52e566515-LHR
Content-Encoding: gzip
alt-svc: h3=":443"; ma=86400

{
    "success": true,
    "accessToken": "Bearer eyJhbGciOiJIUzI1NiIsInR5cCI6IkpXVCJ9.eyJpZCI6IjY2ODE3OTczOWVkMjgwMDAxYjQ1OTYxMyIsImlhdCI6MTcxOTc2MTI2OCwiZXhwIjoxNzE5NzYyNDY4fQ.O7YgfYAGa6b9VV8lW45XgUH3j4nGzrHDU18xsY0CrbQ",
    "refreshToken": "eea15f1b97a3213c4953c45a57e345cd472eb734d956fcc4d582eed0c20294f5ff3914bd789b247f",
    "user": {
        "email": "ffoqvgrpma@ya.ru",
        "name": "IuZtecmZQE"
    }
}
HTTP/1.1 200 OK
Date: Sun, 30 Jun 2024 15:27:48 GMT
Content-Type: application/json; charset=utf-8
Transfer-Encoding: chunked
Connection: keep-alive
X-Powered-By: Express
Access-Control-Allow-Origin: *
ETag: W/"16d-26uv+lL3kcKiY8wGXlXFZYDAhq4"
CF-Cache-Status: DYNAMIC
Report-To: {"endpoints":[{"url":"https:\/\/a.nel.cloudflare.com\/report\/v4?s=rfA%2FH%2F0ohi02S%2BAmK%2B3mK69RZ6SRScqaFWCMp9Tlw06B%2FPjaXa6Nvj0Qmg7qcTtCyPkIXZhN2wH6RSI0Ll1EsnIGBQvngYnTdLHIACte7Bm0kgoJykXtkVA1aiWv7Svco83%2Fp7F9Hs7vxuRoTsh0e6JsUj8%3D"}],"group":"cf-nel","max_age":604800}
NEL: {"success_fraction":0,"report_to":"cf-nel","max_age":604800}
Server: cloudflare
CF-RAY: 89bf2eb52e566515-LHR
Content-Encoding: gzip
alt-svc: h3=":443"; ma=86400

{
    "success": true,
    "accessToken": "Bearer eyJhbGciOiJIUzI1NiIsInR5cCI6IkpXVCJ9.eyJpZCI6IjY2ODE3OTczOWVkMjgwMDAxYjQ1OTYxMyIsImlhdCI6MTcxOTc2MTI2OCwiZXhwIjoxNzE5NzYyNDY4fQ.O7YgfYAGa6b9VV8lW45XgUH3j4nGzrHDU18xsY0CrbQ",
    "refreshToken": "eea15f1b97a3213c4953c45a57e345cd472eb734d956fcc4d582eed0c20294f5ff3914bd789b247f",
    "user": {
        "email": "ffoqvgrpma@ya.ru",
        "name": "IuZtecmZQE"
    }
}
HTTP/1.1 200 OK
Date: Sun, 30 Jun 2024 15:27:48 GMT
Content-Type: application/json; charset=utf-8
Transfer-Encoding: chunked
Connection: keep-alive
X-Powered-By: Express
Access-Control-Allow-Origin: *
ETag: W/"16d-26uv+lL3kcKiY8wGXlXFZYDAhq4"
CF-Cache-Status: DYNAMIC
Report-To: {"endpoints":[{"url":"https:\/\/a.nel.cloudflare.com\/report\/v4?s=rfA%2FH%2F0ohi02S%2BAmK%2B3mK69RZ6SRScqaFWCMp9Tlw06B%2FPjaXa6Nvj0Qmg7qcTtCyPkIXZhN2wH6RSI0Ll1EsnIGBQvngYnTdLHIACte7Bm0kgoJykXtkVA1aiWv7Svco83%2Fp7F9Hs7vxuRoTsh0e6JsUj8%3D"}],"group":"cf-nel","max_age":604800}
NEL: {"success_fraction":0,"report_to":"cf-nel","max_age":604800}
Server: cloudflare
CF-RAY: 89bf2eb52e566515-LHR
Content-Encoding: gzip
alt-svc: h3=":443"; ma=86400

{
    "success": true,
    "accessToken": "Bearer eyJhbGciOiJIUzI1NiIsInR5cCI6IkpXVCJ9.eyJpZCI6IjY2ODE3OTczOWVkMjgwMDAxYjQ1OTYxMyIsImlhdCI6MTcxOTc2MTI2OCwiZXhwIjoxNzE5NzYyNDY4fQ.O7YgfYAGa6b9VV8lW45XgUH3j4nGzrHDU18xsY0CrbQ",
    "refreshToken": "eea15f1b97a3213c4953c45a57e345cd472eb734d956fcc4d582eed0c20294f5ff3914bd789b247f",
    "user": {
        "email": "ffoqvgrpma@ya.ru",
        "name": "IuZtecmZQE"
    }
}
HTTP/1.1 200 OK
Date: Sun, 30 Jun 2024 15:27:48 GMT
Content-Type: application/json; charset=utf-8
Transfer-Encoding: chunked
Connection: keep-alive
X-Powered-By: Express
Access-Control-Allow-Origin: *
ETag: W/"16d-26uv+lL3kcKiY8wGXlXFZYDAhq4"
CF-Cache-Status: DYNAMIC
Report-To: {"endpoints":[{"url":"https:\/\/a.nel.cloudflare.com\/report\/v4?s=rfA%2FH%2F0ohi02S%2BAmK%2B3mK69RZ6SRScqaFWCMp9Tlw06B%2FPjaXa6Nvj0Qmg7qcTtCyPkIXZhN2wH6RSI0Ll1EsnIGBQvngYnTdLHIACte7Bm0kgoJykXtkVA1aiWv7Svco83%2Fp7F9Hs7vxuRoTsh0e6JsUj8%3D"}],"group":"cf-nel","max_age":604800}
NEL: {"success_fraction":0,"report_to":"cf-nel","max_age":604800}
Server: cloudflare
CF-RAY: 89bf2eb52e566515-LHR
Content-Encoding: gzip
alt-svc: h3=":443"; ma=86400

{
    "success": true,
    "accessToken": "Bearer eyJhbGciOiJIUzI1NiIsInR5cCI6IkpXVCJ9.eyJpZCI6IjY2ODE3OTczOWVkMjgwMDAxYjQ1OTYxMyIsImlhdCI6MTcxOTc2MTI2OCwiZXhwIjoxNzE5NzYyNDY4fQ.O7YgfYAGa6b9VV8lW45XgUH3j4nGzrHDU18xsY0CrbQ",
    "refreshToken": "eea15f1b97a3213c4953c45a57e345cd472eb734d956fcc4d582eed0c20294f5ff3914bd789b247f",
    "user": {
        "email": "ffoqvgrpma@ya.ru",
        "name": "IuZtecmZQE"
    }
}
HTTP/1.1 200 OK
Date: Sun, 30 Jun 2024 15:27:48 GMT
Content-Type: application/json; charset=utf-8
Transfer-Encoding: chunked
Connection: keep-alive
X-Powered-By: Express
Access-Control-Allow-Origin: *
ETag: W/"16d-26uv+lL3kcKiY8wGXlXFZYDAhq4"
CF-Cache-Status: DYNAMIC
Report-To: {"endpoints":[{"url":"https:\/\/a.nel.cloudflare.com\/report\/v4?s=rfA%2FH%2F0ohi02S%2BAmK%2B3mK69RZ6SRScqaFWCMp9Tlw06B%2FPjaXa6Nvj0Qmg7qcTtCyPkIXZhN2wH6RSI0Ll1EsnIGBQvngYnTdLHIACte7Bm0kgoJykXtkVA1aiWv7Svco83%2Fp7F9Hs7vxuRoTsh0e6JsUj8%3D"}],"group":"cf-nel","max_age":604800}
NEL: {"success_fraction":0,"report_to":"cf-nel","max_age":604800}
Server: cloudflare
CF-RAY: 89bf2eb52e566515-LHR
Content-Encoding: gzip
alt-svc: h3=":443"; ma=86400

{
    "success": true,
    "accessToken": "Bearer eyJhbGciOiJIUzI1NiIsInR5cCI6IkpXVCJ9.eyJpZCI6IjY2ODE3OTczOWVkMjgwMDAxYjQ1OTYxMyIsImlhdCI6MTcxOTc2MTI2OCwiZXhwIjoxNzE5NzYyNDY4fQ.O7YgfYAGa6b9VV8lW45XgUH3j4nGzrHDU18xsY0CrbQ",
    "refreshToken": "eea15f1b97a3213c4953c45a57e345cd472eb734d956fcc4d582eed0c20294f5ff3914bd789b247f",
    "user": {
        "email": "ffoqvgrpma@ya.ru",
        "name": "IuZtecmZQE"
    }
}
HTTP/1.1 200 OK
Date: Sun, 30 Jun 2024 15:27:48 GMT
Content-Type: application/json; charset=utf-8
Transfer-Encoding: chunked
Connection: keep-alive
X-Powered-By: Express
Access-Control-Allow-Origin: *
ETag: W/"16d-26uv+lL3kcKiY8wGXlXFZYDAhq4"
CF-Cache-Status: DYNAMIC
Report-To: {"endpoints":[{"url":"https:\/\/a.nel.cloudflare.com\/report\/v4?s=rfA%2FH%2F0ohi02S%2BAmK%2B3mK69RZ6SRScqaFWCMp9Tlw06B%2FPjaXa6Nvj0Qmg7qcTtCyPkIXZhN2wH6RSI0Ll1EsnIGBQvngYnTdLHIACte7Bm0kgoJykXtkVA1aiWv7Svco83%2Fp7F9Hs7vxuRoTsh0e6JsUj8%3D"}],"group":"cf-nel","max_age":604800}
NEL: {"success_fraction":0,"report_to":"cf-nel","max_age":604800}
Server: cloudflare
CF-RAY: 89bf2eb52e566515-LHR
Content-Encoding: gzip
alt-svc: h3=":443"; ma=86400

{
    "success": true,
    "accessToken": "Bearer eyJhbGciOiJIUzI1NiIsInR5cCI6IkpXVCJ9.eyJpZCI6IjY2ODE3OTczOWVkMjgwMDAxYjQ1OTYxMyIsImlhdCI6MTcxOTc2MTI2OCwiZXhwIjoxNzE5NzYyNDY4fQ.O7YgfYAGa6b9VV8lW45XgUH3j4nGzrHDU18xsY0CrbQ",
    "refreshToken": "eea15f1b97a3213c4953c45a57e345cd472eb734d956fcc4d582eed0c20294f5ff3914bd789b247f",
    "user": {
        "email": "ffoqvgrpma@ya.ru",
        "name": "IuZtecmZQE"
    }
}
HTTP/1.1 200 OK
Date: Sun, 30 Jun 2024 15:27:48 GMT
Content-Type: application/json; charset=utf-8
Transfer-Encoding: chunked
Connection: keep-alive
X-Powered-By: Express
Access-Control-Allow-Origin: *
ETag: W/"16d-26uv+lL3kcKiY8wGXlXFZYDAhq4"
CF-Cache-Status: DYNAMIC
Report-To: {"endpoints":[{"url":"https:\/\/a.nel.cloudflare.com\/report\/v4?s=rfA%2FH%2F0ohi02S%2BAmK%2B3mK69RZ6SRScqaFWCMp9Tlw06B%2FPjaXa6Nvj0Qmg7qcTtCyPkIXZhN2wH6RSI0Ll1EsnIGBQvngYnTdLHIACte7Bm0kgoJykXtkVA1aiWv7Svco83%2Fp7F9Hs7vxuRoTsh0e6JsUj8%3D"}],"group":"cf-nel","max_age":604800}
NEL: {"success_fraction":0,"report_to":"cf-nel","max_age":604800}
Server: cloudflare
CF-RAY: 89bf2eb52e566515-LHR
Content-Encoding: gzip
alt-svc: h3=":443"; ma=86400

{
    "success": true,
    "accessToken": "Bearer eyJhbGciOiJIUzI1NiIsInR5cCI6IkpXVCJ9.eyJpZCI6IjY2ODE3OTczOWVkMjgwMDAxYjQ1OTYxMyIsImlhdCI6MTcxOTc2MTI2OCwiZXhwIjoxNzE5NzYyNDY4fQ.O7YgfYAGa6b9VV8lW45XgUH3j4nGzrHDU18xsY0CrbQ",
    "refreshToken": "eea15f1b97a3213c4953c45a57e345cd472eb734d956fcc4d582eed0c20294f5ff3914bd789b247f",
    "user": {
        "email": "ffoqvgrpma@ya.ru",
        "name": "IuZtecmZQE"
    }
}
HTTP/1.1 200 OK
Date: Sun, 30 Jun 2024 15:27:48 GMT
Content-Type: application/json; charset=utf-8
Transfer-Encoding: chunked
Connection: keep-alive
X-Powered-By: Express
Access-Control-Allow-Origin: *
ETag: W/"16d-26uv+lL3kcKiY8wGXlXFZYDAhq4"
CF-Cache-Status: DYNAMIC
Report-To: {"endpoints":[{"url":"https:\/\/a.nel.cloudflare.com\/report\/v4?s=rfA%2FH%2F0ohi02S%2BAmK%2B3mK69RZ6SRScqaFWCMp9Tlw06B%2FPjaXa6Nvj0Qmg7qcTtCyPkIXZhN2wH6RSI0Ll1EsnIGBQvngYnTdLHIACte7Bm0kgoJykXtkVA1aiWv7Svco83%2Fp7F9Hs7vxuRoTsh0e6JsUj8%3D"}],"group":"cf-nel","max_age":604800}
NEL: {"success_fraction":0,"report_to":"cf-nel","max_age":604800}
Server: cloudflare
CF-RAY: 89bf2eb52e566515-LHR
Content-Encoding: gzip
alt-svc: h3=":443"; ma=86400

{
    "success": true,
    "accessToken": "Bearer eyJhbGciOiJIUzI1NiIsInR5cCI6IkpXVCJ9.eyJpZCI6IjY2ODE3OTczOWVkMjgwMDAxYjQ1OTYxMyIsImlhdCI6MTcxOTc2MTI2OCwiZXhwIjoxNzE5NzYyNDY4fQ.O7YgfYAGa6b9VV8lW45XgUH3j4nGzrHDU18xsY0CrbQ",
    "refreshToken": "eea15f1b97a3213c4953c45a57e345cd472eb734d956fcc4d582eed0c20294f5ff3914bd789b247f",
    "user": {
        "email": "ffoqvgrpma@ya.ru",
        "name": "IuZtecmZQE"
    }
}
HTTP/1.1 200 OK
Date: Sun, 30 Jun 2024 15:27:48 GMT
Content-Type: application/json; charset=utf-8
Transfer-Encoding: chunked
Connection: keep-alive
X-Powered-By: Express
Access-Control-Allow-Origin: *
ETag: W/"16d-26uv+lL3kcKiY8wGXlXFZYDAhq4"
CF-Cache-Status: DYNAMIC
Report-To: {"endpoints":[{"url":"https:\/\/a.nel.cloudflare.com\/report\/v4?s=rfA%2FH%2F0ohi02S%2BAmK%2B3mK69RZ6SRScqaFWCMp9Tlw06B%2FPjaXa6Nvj0Qmg7qcTtCyPkIXZhN2wH6RSI0Ll1EsnIGBQvngYnTdLHIACte7Bm0kgoJykXtkVA1aiWv7Svco83%2Fp7F9Hs7vxuRoTsh0e6JsUj8%3D"}],"group":"cf-nel","max_age":604800}
NEL: {"success_fraction":0,"report_to":"cf-nel","max_age":604800}
Server: cloudflare
CF-RAY: 89bf2eb52e566515-LHR
Content-Encoding: gzip
alt-svc: h3=":443"; ma=86400

{
    "success": true,
    "accessToken": "Bearer eyJhbGciOiJIUzI1NiIsInR5cCI6IkpXVCJ9.eyJpZCI6IjY2ODE3OTczOWVkMjgwMDAxYjQ1OTYxMyIsImlhdCI6MTcxOTc2MTI2OCwiZXhwIjoxNzE5NzYyNDY4fQ.O7YgfYAGa6b9VV8lW45XgUH3j4nGzrHDU18xsY0CrbQ",
    "refreshToken": "eea15f1b97a3213c4953c45a57e345cd472eb734d956fcc4d582eed0c20294f5ff3914bd789b247f",
    "user": {
        "email": "ffoqvgrpma@ya.ru",
        "name": "IuZtecmZQE"
    }
}
HTTP/1.1 200 OK
Date: Sun, 30 Jun 2024 15:27:48 GMT
Content-Type: application/json; charset=utf-8
Transfer-Encoding: chunked
Connection: keep-alive
X-Powered-By: Express
Access-Control-Allow-Origin: *
ETag: W/"16d-26uv+lL3kcKiY8wGXlXFZYDAhq4"
CF-Cache-Status: DYNAMIC
Report-To: {"endpoints":[{"url":"https:\/\/a.nel.cloudflare.com\/report\/v4?s=rfA%2FH%2F0ohi02S%2BAmK%2B3mK69RZ6SRScqaFWCMp9Tlw06B%2FPjaXa6Nvj0Qmg7qcTtCyPkIXZhN2wH6RSI0Ll1EsnIGBQvngYnTdLHIACte7Bm0kgoJykXtkVA1aiWv7Svco83%2Fp7F9Hs7vxuRoTsh0e6JsUj8%3D"}],"group":"cf-nel","max_age":604800}
NEL: {"success_fraction":0,"report_to":"cf-nel","max_age":604800}
Server: cloudflare
CF-RAY: 89bf2eb52e566515-LHR
Content-Encoding: gzip
alt-svc: h3=":443"; ma=86400

{
    "success": true,
    "accessToken": "Bearer eyJhbGciOiJIUzI1NiIsInR5cCI6IkpXVCJ9.eyJpZCI6IjY2ODE3OTczOWVkMjgwMDAxYjQ1OTYxMyIsImlhdCI6MTcxOTc2MTI2OCwiZXhwIjoxNzE5NzYyNDY4fQ.O7YgfYAGa6b9VV8lW45XgUH3j4nGzrHDU18xsY0CrbQ",
    "refreshToken": "eea15f1b97a3213c4953c45a57e345cd472eb734d956fcc4d582eed0c20294f5ff3914bd789b247f",
    "user": {
        "email": "ffoqvgrpma@ya.ru",
        "name": "IuZtecmZQE"
    }
}
HTTP/1.1 200 OK
Date: Sun, 30 Jun 2024 15:27:48 GMT
Content-Type: application/json; charset=utf-8
Transfer-Encoding: chunked
Connection: keep-alive
X-Powered-By: Express
Access-Control-Allow-Origin: *
ETag: W/"16d-26uv+lL3kcKiY8wGXlXFZYDAhq4"
CF-Cache-Status: DYNAMIC
Report-To: {"endpoints":[{"url":"https:\/\/a.nel.cloudflare.com\/report\/v4?s=rfA%2FH%2F0ohi02S%2BAmK%2B3mK69RZ6SRScqaFWCMp9Tlw06B%2FPjaXa6Nvj0Qmg7qcTtCyPkIXZhN2wH6RSI0Ll1EsnIGBQvngYnTdLHIACte7Bm0kgoJykXtkVA1aiWv7Svco83%2Fp7F9Hs7vxuRoTsh0e6JsUj8%3D"}],"group":"cf-nel","max_age":604800}
NEL: {"success_fraction":0,"report_to":"cf-nel","max_age":604800}
Server: cloudflare
CF-RAY: 89bf2eb52e566515-LHR
Content-Encoding: gzip
alt-svc: h3=":443"; ma=86400

{
    "success": true,
    "accessToken": "Bearer eyJhbGciOiJIUzI1NiIsInR5cCI6IkpXVCJ9.eyJpZCI6IjY2ODE3OTczOWVkMjgwMDAxYjQ1OTYxMyIsImlhdCI6MTcxOTc2MTI2OCwiZXhwIjoxNzE5NzYyNDY4fQ.O7YgfYAGa6b9VV8lW45XgUH3j4nGzrHDU18xsY0CrbQ",
    "refreshToken": "eea15f1b97a3213c4953c45a57e345cd472eb734d956fcc4d582eed0c20294f5ff3914bd789b247f",
    "user": {
        "email": "ffoqvgrpma@ya.ru",
        "name": "IuZtecmZQE"
    }
}
HTTP/1.1 200 OK
Date: Sun, 30 Jun 2024 15:27:48 GMT
Content-Type: application/json; charset=utf-8
Transfer-Encoding: chunked
Connection: keep-alive
X-Powered-By: Express
Access-Control-Allow-Origin: *
ETag: W/"16d-26uv+lL3kcKiY8wGXlXFZYDAhq4"
CF-Cache-Status: DYNAMIC
Report-To: {"endpoints":[{"url":"https:\/\/a.nel.cloudflare.com\/report\/v4?s=rfA%2FH%2F0ohi02S%2BAmK%2B3mK69RZ6SRScqaFWCMp9Tlw06B%2FPjaXa6Nvj0Qmg7qcTtCyPkIXZhN2wH6RSI0Ll1EsnIGBQvngYnTdLHIACte7Bm0kgoJykXtkVA1aiWv7Svco83%2Fp7F9Hs7vxuRoTsh0e6JsUj8%3D"}],"group":"cf-nel","max_age":604800}
NEL: {"success_fraction":0,"report_to":"cf-nel","max_age":604800}
Server: cloudflare
CF-RAY: 89bf2eb52e566515-LHR
Content-Encoding: gzip
alt-svc: h3=":443"; ma=86400

{
    "success": true,
    "accessToken": "Bearer eyJhbGciOiJIUzI1NiIsInR5cCI6IkpXVCJ9.eyJpZCI6IjY2ODE3OTczOWVkMjgwMDAxYjQ1OTYxMyIsImlhdCI6MTcxOTc2MTI2OCwiZXhwIjoxNzE5NzYyNDY4fQ.O7YgfYAGa6b9VV8lW45XgUH3j4nGzrHDU18xsY0CrbQ",
    "refreshToken": "eea15f1b97a3213c4953c45a57e345cd472eb734d956fcc4d582eed0c20294f5ff3914bd789b247f",
    "user": {
        "email": "ffoqvgrpma@ya.ru",
        "name": "IuZtecmZQE"
    }
}
HTTP/1.1 200 OK
Date: Sun, 30 Jun 2024 15:27:48 GMT
Content-Type: application/json; charset=utf-8
Transfer-Encoding: chunked
Connection: keep-alive
X-Powered-By: Express
Access-Control-Allow-Origin: *
ETag: W/"16d-26uv+lL3kcKiY8wGXlXFZYDAhq4"
CF-Cache-Status: DYNAMIC
Report-To: {"endpoints":[{"url":"https:\/\/a.nel.cloudflare.com\/report\/v4?s=rfA%2FH%2F0ohi02S%2BAmK%2B3mK69RZ6SRScqaFWCMp9Tlw06B%2FPjaXa6Nvj0Qmg7qcTtCyPkIXZhN2wH6RSI0Ll1EsnIGBQvngYnTdLHIACte7Bm0kgoJykXtkVA1aiWv7Svco83%2Fp7F9Hs7vxuRoTsh0e6JsUj8%3D"}],"group":"cf-nel","max_age":604800}
NEL: {"success_fraction":0,"report_to":"cf-nel","max_age":604800}
Server: cloudflare
CF-RAY: 89bf2eb52e566515-LHR
Content-Encoding: gzip
alt-svc: h3=":443"; ma=86400

{
    "success": true,
    "accessToken": "Bearer eyJhbGciOiJIUzI1NiIsInR5cCI6IkpXVCJ9.eyJpZCI6IjY2ODE3OTczOWVkMjgwMDAxYjQ1OTYxMyIsImlhdCI6MTcxOTc2MTI2OCwiZXhwIjoxNzE5NzYyNDY4fQ.O7YgfYAGa6b9VV8lW45XgUH3j4nGzrHDU18xsY0CrbQ",
    "refreshToken": "eea15f1b97a3213c4953c45a57e345cd472eb734d956fcc4d582eed0c20294f5ff3914bd789b247f",
    "user": {
        "email": "ffoqvgrpma@ya.ru",
        "name": "IuZtecmZQE"
    }
}
HTTP/1.1 200 OK
Date: Sun, 30 Jun 2024 15:27:48 GMT
Content-Type: application/json; charset=utf-8
Transfer-Encoding: chunked
Connection: keep-alive
X-Powered-By: Express
Access-Control-Allow-Origin: *
ETag: W/"16d-26uv+lL3kcKiY8wGXlXFZYDAhq4"
CF-Cache-Status: DYNAMIC
Report-To: {"endpoints":[{"url":"https:\/\/a.nel.cloudflare.com\/report\/v4?s=rfA%2FH%2F0ohi02S%2BAmK%2B3mK69RZ6SRScqaFWCMp9Tlw06B%2FPjaXa6Nvj0Qmg7qcTtCyPkIXZhN2wH6RSI0Ll1EsnIGBQvngYnTdLHIACte7Bm0kgoJykXtkVA1aiWv7Svco83%2Fp7F9Hs7vxuRoTsh0e6JsUj8%3D"}],"group":"cf-nel","max_age":604800}
NEL: {"success_fraction":0,"report_to":"cf-nel","max_age":604800}
Server: cloudflare
CF-RAY: 89bf2eb52e566515-LHR
Content-Encoding: gzip
alt-svc: h3=":443"; ma=86400

{
    "success": true,
    "accessToken": "Bearer eyJhbGciOiJIUzI1NiIsInR5cCI6IkpXVCJ9.eyJpZCI6IjY2ODE3OTczOWVkMjgwMDAxYjQ1OTYxMyIsImlhdCI6MTcxOTc2MTI2OCwiZXhwIjoxNzE5NzYyNDY4fQ.O7YgfYAGa6b9VV8lW45XgUH3j4nGzrHDU18xsY0CrbQ",
    "refreshToken": "eea15f1b97a3213c4953c45a57e345cd472eb734d956fcc4d582eed0c20294f5ff3914bd789b247f",
    "user": {
        "email": "ffoqvgrpma@ya.ru",
        "name": "IuZtecmZQE"
    }
}
HTTP/1.1 200 OK
Date: Sun, 30 Jun 2024 15:27:48 GMT
Content-Type: application/json; charset=utf-8
Transfer-Encoding: chunked
Connection: keep-alive
X-Powered-By: Express
Access-Control-Allow-Origin: *
ETag: W/"16d-26uv+lL3kcKiY8wGXlXFZYDAhq4"
CF-Cache-Status: DYNAMIC
Report-To: {"endpoints":[{"url":"https:\/\/a.nel.cloudflare.com\/report\/v4?s=rfA%2FH%2F0ohi02S%2BAmK%2B3mK69RZ6SRScqaFWCMp9Tlw06B%2FPjaXa6Nvj0Qmg7qcTtCyPkIXZhN2wH6RSI0Ll1EsnIGBQvngYnTdLHIACte7Bm0kgoJykXtkVA1aiWv7Svco83%2Fp7F9Hs7vxuRoTsh0e6JsUj8%3D"}],"group":"cf-nel","max_age":604800}
NEL: {"success_fraction":0,"report_to":"cf-nel","max_age":604800}
Server: cloudflare
CF-RAY: 89bf2eb52e566515-LHR
Content-Encoding: gzip
alt-svc: h3=":443"; ma=86400

{
    "success": true,
    "accessToken": "Bearer eyJhbGciOiJIUzI1NiIsInR5cCI6IkpXVCJ9.eyJpZCI6IjY2ODE3OTczOWVkMjgwMDAxYjQ1OTYxMyIsImlhdCI6MTcxOTc2MTI2OCwiZXhwIjoxNzE5NzYyNDY4fQ.O7YgfYAGa6b9VV8lW45XgUH3j4nGzrHDU18xsY0CrbQ",
    "refreshToken": "eea15f1b97a3213c4953c45a57e345cd472eb734d956fcc4d582eed0c20294f5ff3914bd789b247f",
    "user": {
        "email": "ffoqvgrpma@ya.ru",
        "name": "IuZtecmZQE"
    }
}
HTTP/1.1 200 OK
Date: Sun, 30 Jun 2024 15:27:48 GMT
Content-Type: application/json; charset=utf-8
Transfer-Encoding: chunked
Connection: keep-alive
X-Powered-By: Express
Access-Control-Allow-Origin: *
ETag: W/"16d-26uv+lL3kcKiY8wGXlXFZYDAhq4"
CF-Cache-Status: DYNAMIC
Report-To: {"endpoints":[{"url":"https:\/\/a.nel.cloudflare.com\/report\/v4?s=rfA%2FH%2F0ohi02S%2BAmK%2B3mK69RZ6SRScqaFWCMp9Tlw06B%2FPjaXa6Nvj0Qmg7qcTtCyPkIXZhN2wH6RSI0Ll1EsnIGBQvngYnTdLHIACte7Bm0kgoJykXtkVA1aiWv7Svco83%2Fp7F9Hs7vxuRoTsh0e6JsUj8%3D"}],"group":"cf-nel","max_age":604800}
NEL: {"success_fraction":0,"report_to":"cf-nel","max_age":604800}
Server: cloudflare
CF-RAY: 89bf2eb52e566515-LHR
Content-Encoding: gzip
alt-svc: h3=":443"; ma=86400

{
    "success": true,
    "accessToken": "Bearer eyJhbGciOiJIUzI1NiIsInR5cCI6IkpXVCJ9.eyJpZCI6IjY2ODE3OTczOWVkMjgwMDAxYjQ1OTYxMyIsImlhdCI6MTcxOTc2MTI2OCwiZXhwIjoxNzE5NzYyNDY4fQ.O7YgfYAGa6b9VV8lW45XgUH3j4nGzrHDU18xsY0CrbQ",
    "refreshToken": "eea15f1b97a3213c4953c45a57e345cd472eb734d956fcc4d582eed0c20294f5ff3914bd789b247f",
    "user": {
        "email": "ffoqvgrpma@ya.ru",
        "name": "IuZtecmZQE"
    }
}
HTTP/1.1 200 OK
Date: Sun, 30 Jun 2024 15:27:48 GMT
Content-Type: application/json; charset=utf-8
Transfer-Encoding: chunked
Connection: keep-alive
X-Powered-By: Express
Access-Control-Allow-Origin: *
ETag: W/"16d-26uv+lL3kcKiY8wGXlXFZYDAhq4"
CF-Cache-Status: DYNAMIC
Report-To: {"endpoints":[{"url":"https:\/\/a.nel.cloudflare.com\/report\/v4?s=rfA%2FH%2F0ohi02S%2BAmK%2B3mK69RZ6SRScqaFWCMp9Tlw06B%2FPjaXa6Nvj0Qmg7qcTtCyPkIXZhN2wH6RSI0Ll1EsnIGBQvngYnTdLHIACte7Bm0kgoJykXtkVA1aiWv7Svco83%2Fp7F9Hs7vxuRoTsh0e6JsUj8%3D"}],"group":"cf-nel","max_age":604800}
NEL: {"success_fraction":0,"report_to":"cf-nel","max_age":604800}
Server: cloudflare
CF-RAY: 89bf2eb52e566515-LHR
Content-Encoding: gzip
alt-svc: h3=":443"; ma=86400

{
    "success": true,
    "accessToken": "Bearer eyJhbGciOiJIUzI1NiIsInR5cCI6IkpXVCJ9.eyJpZCI6IjY2ODE3OTczOWVkMjgwMDAxYjQ1OTYxMyIsImlhdCI6MTcxOTc2MTI2OCwiZXhwIjoxNzE5NzYyNDY4fQ.O7YgfYAGa6b9VV8lW45XgUH3j4nGzrHDU18xsY0CrbQ",
    "refreshToken": "eea15f1b97a3213c4953c45a57e345cd472eb734d956fcc4d582eed0c20294f5ff3914bd789b247f",
    "user": {
        "email": "ffoqvgrpma@ya.ru",
        "name": "IuZtecmZQE"
    }
}
HTTP/1.1 200 OK
Date: Sun, 30 Jun 2024 15:27:48 GMT
Content-Type: application/json; charset=utf-8
Transfer-Encoding: chunked
Connection: keep-alive
X-Powered-By: Express
Access-Control-Allow-Origin: *
ETag: W/"16d-26uv+lL3kcKiY8wGXlXFZYDAhq4"
CF-Cache-Status: DYNAMIC
Report-To: {"endpoints":[{"url":"https:\/\/a.nel.cloudflare.com\/report\/v4?s=rfA%2FH%2F0ohi02S%2BAmK%2B3mK69RZ6SRScqaFWCMp9Tlw06B%2FPjaXa6Nvj0Qmg7qcTtCyPkIXZhN2wH6RSI0Ll1EsnIGBQvngYnTdLHIACte7Bm0kgoJykXtkVA1aiWv7Svco83%2Fp7F9Hs7vxuRoTsh0e6JsUj8%3D"}],"group":"cf-nel","max_age":604800}
NEL: {"success_fraction":0,"report_to":"cf-nel","max_age":604800}
Server: cloudflare
CF-RAY: 89bf2eb52e566515-LHR
Content-Encoding: gzip
alt-svc: h3=":443"; ma=86400

{
    "success": true,
    "accessToken": "Bearer eyJhbGciOiJIUzI1NiIsInR5cCI6IkpXVCJ9.eyJpZCI6IjY2ODE3OTczOWVkMjgwMDAxYjQ1OTYxMyIsImlhdCI6MTcxOTc2MTI2OCwiZXhwIjoxNzE5NzYyNDY4fQ.O7YgfYAGa6b9VV8lW45XgUH3j4nGzrHDU18xsY0CrbQ",
    "refreshToken": "eea15f1b97a3213c4953c45a57e345cd472eb734d956fcc4d582eed0c20294f5ff3914bd789b247f",
    "user": {
        "email": "ffoqvgrpma@ya.ru",
        "name": "IuZtecmZQE"
    }
}
HTTP/1.1 200 OK
Date: Sun, 30 Jun 2024 15:27:48 GMT
Content-Type: application/json; charset=utf-8
Transfer-Encoding: chunked
Connection: keep-alive
X-Powered-By: Express
Access-Control-Allow-Origin: *
ETag: W/"16d-26uv+lL3kcKiY8wGXlXFZYDAhq4"
CF-Cache-Status: DYNAMIC
Report-To: {"endpoints":[{"url":"https:\/\/a.nel.cloudflare.com\/report\/v4?s=rfA%2FH%2F0ohi02S%2BAmK%2B3mK69RZ6SRScqaFWCMp9Tlw06B%2FPjaXa6Nvj0Qmg7qcTtCyPkIXZhN2wH6RSI0Ll1EsnIGBQvngYnTdLHIACte7Bm0kgoJykXtkVA1aiWv7Svco83%2Fp7F9Hs7vxuRoTsh0e6JsUj8%3D"}],"group":"cf-nel","max_age":604800}
NEL: {"success_fraction":0,"report_to":"cf-nel","max_age":604800}
Server: cloudflare
CF-RAY: 89bf2eb52e566515-LHR
Content-Encoding: gzip
alt-svc: h3=":443"; ma=86400

{
    "success": true,
    "accessToken": "Bearer eyJhbGciOiJIUzI1NiIsInR5cCI6IkpXVCJ9.eyJpZCI6IjY2ODE3OTczOWVkMjgwMDAxYjQ1OTYxMyIsImlhdCI6MTcxOTc2MTI2OCwiZXhwIjoxNzE5NzYyNDY4fQ.O7YgfYAGa6b9VV8lW45XgUH3j4nGzrHDU18xsY0CrbQ",
    "refreshToken": "eea15f1b97a3213c4953c45a57e345cd472eb734d956fcc4d582eed0c20294f5ff3914bd789b247f",
    "user": {
        "email": "ffoqvgrpma@ya.ru",
        "name": "IuZtecmZQE"
    }
}
HTTP/1.1 200 OK
Date: Sun, 30 Jun 2024 15:27:48 GMT
Content-Type: application/json; charset=utf-8
Transfer-Encoding: chunked
Connection: keep-alive
X-Powered-By: Express
Access-Control-Allow-Origin: *
ETag: W/"16d-26uv+lL3kcKiY8wGXlXFZYDAhq4"
CF-Cache-Status: DYNAMIC
Report-To: {"endpoints":[{"url":"https:\/\/a.nel.cloudflare.com\/report\/v4?s=rfA%2FH%2F0ohi02S%2BAmK%2B3mK69RZ6SRScqaFWCMp9Tlw06B%2FPjaXa6Nvj0Qmg7qcTtCyPkIXZhN2wH6RSI0Ll1EsnIGBQvngYnTdLHIACte7Bm0kgoJykXtkVA1aiWv7Svco83%2Fp7F9Hs7vxuRoTsh0e6JsUj8%3D"}],"group":"cf-nel","max_age":604800}
NEL: {"success_fraction":0,"report_to":"cf-nel","max_age":604800}
Server: cloudflare
CF-RAY: 89bf2eb52e566515-LHR
Content-Encoding: gzip
alt-svc: h3=":443"; ma=86400

{
    "success": true,
    "accessToken": "Bearer eyJhbGciOiJIUzI1NiIsInR5cCI6IkpXVCJ9.eyJpZCI6IjY2ODE3OTczOWVkMjgwMDAxYjQ1OTYxMyIsImlhdCI6MTcxOTc2MTI2OCwiZXhwIjoxNzE5NzYyNDY4fQ.O7YgfYAGa6b9VV8lW45XgUH3j4nGzrHDU18xsY0CrbQ",
    "refreshToken": "eea15f1b97a3213c4953c45a57e345cd472eb734d956fcc4d582eed0c20294f5ff3914bd789b247f",
    "user": {
        "email": "ffoqvgrpma@ya.ru",
        "name": "IuZtecmZQE"
    }
}
HTTP/1.1 200 OK
Date: Sun, 30 Jun 2024 15:27:48 GMT
Content-Type: application/json; charset=utf-8
Transfer-Encoding: chunked
Connection: keep-alive
X-Powered-By: Express
Access-Control-Allow-Origin: *
ETag: W/"16d-26uv+lL3kcKiY8wGXlXFZYDAhq4"
CF-Cache-Status: DYNAMIC
Report-To: {"endpoints":[{"url":"https:\/\/a.nel.cloudflare.com\/report\/v4?s=rfA%2FH%2F0ohi02S%2BAmK%2B3mK69RZ6SRScqaFWCMp9Tlw06B%2FPjaXa6Nvj0Qmg7qcTtCyPkIXZhN2wH6RSI0Ll1EsnIGBQvngYnTdLHIACte7Bm0kgoJykXtkVA1aiWv7Svco83%2Fp7F9Hs7vxuRoTsh0e6JsUj8%3D"}],"group":"cf-nel","max_age":604800}
NEL: {"success_fraction":0,"report_to":"cf-nel","max_age":604800}
Server: cloudflare
CF-RAY: 89bf2eb52e566515-LHR
Content-Encoding: gzip
alt-svc: h3=":443"; ma=86400

{
    "success": true,
    "accessToken": "Bearer eyJhbGciOiJIUzI1NiIsInR5cCI6IkpXVCJ9.eyJpZCI6IjY2ODE3OTczOWVkMjgwMDAxYjQ1OTYxMyIsImlhdCI6MTcxOTc2MTI2OCwiZXhwIjoxNzE5NzYyNDY4fQ.O7YgfYAGa6b9VV8lW45XgUH3j4nGzrHDU18xsY0CrbQ",
    "refreshToken": "eea15f1b97a3213c4953c45a57e345cd472eb734d956fcc4d582eed0c20294f5ff3914bd789b247f",
    "user": {
        "email": "ffoqvgrpma@ya.ru",
        "name": "IuZtecmZQE"
    }
}
HTTP/1.1 200 OK
Date: Sun, 30 Jun 2024 15:27:48 GMT
Content-Type: application/json; charset=utf-8
Transfer-Encoding: chunked
Connection: keep-alive
X-Powered-By: Express
Access-Control-Allow-Origin: *
ETag: W/"16d-26uv+lL3kcKiY8wGXlXFZYDAhq4"
CF-Cache-Status: DYNAMIC
Report-To: {"endpoints":[{"url":"https:\/\/a.nel.cloudflare.com\/report\/v4?s=rfA%2FH%2F0ohi02S%2BAmK%2B3mK69RZ6SRScqaFWCMp9Tlw06B%2FPjaXa6Nvj0Qmg7qcTtCyPkIXZhN2wH6RSI0Ll1EsnIGBQvngYnTdLHIACte7Bm0kgoJykXtkVA1aiWv7Svco83%2Fp7F9Hs7vxuRoTsh0e6JsUj8%3D"}],"group":"cf-nel","max_age":604800}
NEL: {"success_fraction":0,"report_to":"cf-nel","max_age":604800}
Server: cloudflare
CF-RAY: 89bf2eb52e566515-LHR
Content-Encoding: gzip
alt-svc: h3=":443"; ma=86400

{
    "success": true,
    "accessToken": "Bearer eyJhbGciOiJIUzI1NiIsInR5cCI6IkpXVCJ9.eyJpZCI6IjY2ODE3OTczOWVkMjgwMDAxYjQ1OTYxMyIsImlhdCI6MTcxOTc2MTI2OCwiZXhwIjoxNzE5NzYyNDY4fQ.O7YgfYAGa6b9VV8lW45XgUH3j4nGzrHDU18xsY0CrbQ",
    "refreshToken": "eea15f1b97a3213c4953c45a57e345cd472eb734d956fcc4d582eed0c20294f5ff3914bd789b247f",
    "user": {
        "email": "ffoqvgrpma@ya.ru",
        "name": "IuZtecmZQE"
    }
}
HTTP/1.1 200 OK
Date: Sun, 30 Jun 2024 15:27:48 GMT
Content-Type: application/json; charset=utf-8
Transfer-Encoding: chunked
Connection: keep-alive
X-Powered-By: Express
Access-Control-Allow-Origin: *
ETag: W/"16d-26uv+lL3kcKiY8wGXlXFZYDAhq4"
CF-Cache-Status: DYNAMIC
Report-To: {"endpoints":[{"url":"https:\/\/a.nel.cloudflare.com\/report\/v4?s=rfA%2FH%2F0ohi02S%2BAmK%2B3mK69RZ6SRScqaFWCMp9Tlw06B%2FPjaXa6Nvj0Qmg7qcTtCyPkIXZhN2wH6RSI0Ll1EsnIGBQvngYnTdLHIACte7Bm0kgoJykXtkVA1aiWv7Svco83%2Fp7F9Hs7vxuRoTsh0e6JsUj8%3D"}],"group":"cf-nel","max_age":604800}
NEL: {"success_fraction":0,"report_to":"cf-nel","max_age":604800}
Server: cloudflare
CF-RAY: 89bf2eb52e566515-LHR
Content-Encoding: gzip
alt-svc: h3=":443"; ma=86400

{
    "success": true,
    "accessToken": "Bearer eyJhbGciOiJIUzI1NiIsInR5cCI6IkpXVCJ9.eyJpZCI6IjY2ODE3OTczOWVkMjgwMDAxYjQ1OTYxMyIsImlhdCI6MTcxOTc2MTI2OCwiZXhwIjoxNzE5NzYyNDY4fQ.O7YgfYAGa6b9VV8lW45XgUH3j4nGzrHDU18xsY0CrbQ",
    "refreshToken": "eea15f1b97a3213c4953c45a57e345cd472eb734d956fcc4d582eed0c20294f5ff3914bd789b247f",
    "user": {
        "email": "ffoqvgrpma@ya.ru",
        "name": "IuZtecmZQE"
    }
}
HTTP/1.1 200 OK
Date: Sun, 30 Jun 2024 15:27:48 GMT
Content-Type: application/json; charset=utf-8
Transfer-Encoding: chunked
Connection: keep-alive
X-Powered-By: Express
Access-Control-Allow-Origin: *
ETag: W/"16d-26uv+lL3kcKiY8wGXlXFZYDAhq4"
CF-Cache-Status: DYNAMIC
Report-To: {"endpoints":[{"url":"https:\/\/a.nel.cloudflare.com\/report\/v4?s=rfA%2FH%2F0ohi02S%2BAmK%2B3mK69RZ6SRScqaFWCMp9Tlw06B%2FPjaXa6Nvj0Qmg7qcTtCyPkIXZhN2wH6RSI0Ll1EsnIGBQvngYnTdLHIACte7Bm0kgoJykXtkVA1aiWv7Svco83%2Fp7F9Hs7vxuRoTsh0e6JsUj8%3D"}],"group":"cf-nel","max_age":604800}
NEL: {"success_fraction":0,"report_to":"cf-nel","max_age":604800}
Server: cloudflare
CF-RAY: 89bf2eb52e566515-LHR
Content-Encoding: gzip
alt-svc: h3=":443"; ma=86400

{
    "success": true,
    "accessToken": "Bearer eyJhbGciOiJIUzI1NiIsInR5cCI6IkpXVCJ9.eyJpZCI6IjY2ODE3OTczOWVkMjgwMDAxYjQ1OTYxMyIsImlhdCI6MTcxOTc2MTI2OCwiZXhwIjoxNzE5NzYyNDY4fQ.O7YgfYAGa6b9VV8lW45XgUH3j4nGzrHDU18xsY0CrbQ",
    "refreshToken": "eea15f1b97a3213c4953c45a57e345cd472eb734d956fcc4d582eed0c20294f5ff3914bd789b247f",
    "user": {
        "email": "ffoqvgrpma@ya.ru",
        "name": "IuZtecmZQE"
    }
}
Request method:	POST
Request URI:	https://stellarburgers.nomoreparties.site/api/auth/login
Proxy:			<none>
Request params:	<none>
Query params:	<none>
Form params:	<none>
Path params:	<none>
Headers:		Accept=*/*
				Content-Type=application/json
Cookies:		<none>
Multiparts:		<none>
Body:
{
    "email": "fFOqVGrpma@ya.ruincorrect",
    "password": "bSMPYPDdts",
    "name": "IuZtecmZQE"
}
Request method:	POST
Request URI:	https://stellarburgers.nomoreparties.site/api/auth/login
Proxy:			<none>
Request params:	<none>
Query params:	<none>
Form params:	<none>
Path params:	<none>
Headers:		Accept=*/*
				Content-Type=application/json
Cookies:		<none>
Multiparts:		<none>
Body:
{
    "email": "fFOqVGrpma@ya.ruincorrect",
    "password": "bSMPYPDdts",
    "name": "IuZtecmZQE"
}
Request method:	POST
Request URI:	https://stellarburgers.nomoreparties.site/api/auth/login
Proxy:			<none>
Request params:	<none>
Query params:	<none>
Form params:	<none>
Path params:	<none>
Headers:		Accept=*/*
				Content-Type=application/json
Cookies:		<none>
Multiparts:		<none>
Body:
{
    "email": "fFOqVGrpma@ya.ruincorrect",
    "password": "bSMPYPDdts",
    "name": "IuZtecmZQE"
}
Request method:	POST
Request URI:	https://stellarburgers.nomoreparties.site/api/auth/login
Proxy:			<none>
Request params:	<none>
Query params:	<none>
Form params:	<none>
Path params:	<none>
Headers:		Accept=*/*
				Content-Type=application/json
Cookies:		<none>
Multiparts:		<none>
Body:
{
    "email": "fFOqVGrpma@ya.ruincorrect",
    "password": "bSMPYPDdts",
    "name": "IuZtecmZQE"
}
Request method:	POST
Request URI:	https://stellarburgers.nomoreparties.site/api/auth/login
Proxy:			<none>
Request params:	<none>
Query params:	<none>
Form params:	<none>
Path params:	<none>
Headers:		Accept=*/*
				Content-Type=application/json
Cookies:		<none>
Multiparts:		<none>
Body:
{
    "email": "fFOqVGrpma@ya.ruincorrect",
    "password": "bSMPYPDdts",
    "name": "IuZtecmZQE"
}
Request method:	POST
Request URI:	https://stellarburgers.nomoreparties.site/api/auth/login
Proxy:			<none>
Request params:	<none>
Query params:	<none>
Form params:	<none>
Path params:	<none>
Headers:		Accept=*/*
				Content-Type=application/json
Cookies:		<none>
Multiparts:		<none>
Body:
{
    "email": "fFOqVGrpma@ya.ruincorrect",
    "password": "bSMPYPDdts",
    "name": "IuZtecmZQE"
}
Request method:	POST
Request URI:	https://stellarburgers.nomoreparties.site/api/auth/login
Proxy:			<none>
Request params:	<none>
Query params:	<none>
Form params:	<none>
Path params:	<none>
Headers:		Accept=*/*
				Content-Type=application/json
Cookies:		<none>
Multiparts:		<none>
Body:
{
    "email": "fFOqVGrpma@ya.ruincorrect",
    "password": "bSMPYPDdts",
    "name": "IuZtecmZQE"
}
Request method:	POST
Request URI:	https://stellarburgers.nomoreparties.site/api/auth/login
Proxy:			<none>
Request params:	<none>
Query params:	<none>
Form params:	<none>
Path params:	<none>
Headers:		Accept=*/*
				Content-Type=application/json
Cookies:		<none>
Multiparts:		<none>
Body:
{
    "email": "fFOqVGrpma@ya.ruincorrect",
    "password": "bSMPYPDdts",
    "name": "IuZtecmZQE"
}
Request method:	POST
Request URI:	https://stellarburgers.nomoreparties.site/api/auth/login
Proxy:			<none>
Request params:	<none>
Query params:	<none>
Form params:	<none>
Path params:	<none>
Headers:		Accept=*/*
				Content-Type=application/json
Cookies:		<none>
Multiparts:		<none>
Body:
{
    "email": "fFOqVGrpma@ya.ruincorrect",
    "password": "bSMPYPDdts",
    "name": "IuZtecmZQE"
}
Request method:	POST
Request URI:	https://stellarburgers.nomoreparties.site/api/auth/login
Proxy:			<none>
Request params:	<none>
Query params:	<none>
Form params:	<none>
Path params:	<none>
Headers:		Accept=*/*
				Content-Type=application/json
Cookies:		<none>
Multiparts:		<none>
Body:
{
    "email": "fFOqVGrpma@ya.ruincorrect",
    "password": "bSMPYPDdts",
    "name": "IuZtecmZQE"
}
Request method:	POST
Request URI:	https://stellarburgers.nomoreparties.site/api/auth/login
Proxy:			<none>
Request params:	<none>
Query params:	<none>
Form params:	<none>
Path params:	<none>
Headers:		Accept=*/*
				Content-Type=application/json
Cookies:		<none>
Multiparts:		<none>
Body:
{
    "email": "fFOqVGrpma@ya.ruincorrect",
    "password": "bSMPYPDdts",
    "name": "IuZtecmZQE"
}
Request method:	POST
Request URI:	https://stellarburgers.nomoreparties.site/api/auth/login
Proxy:			<none>
Request params:	<none>
Query params:	<none>
Form params:	<none>
Path params:	<none>
Headers:		Accept=*/*
				Content-Type=application/json
Cookies:		<none>
Multiparts:		<none>
Body:
{
    "email": "fFOqVGrpma@ya.ruincorrect",
    "password": "bSMPYPDdts",
    "name": "IuZtecmZQE"
}
Request method:	POST
Request URI:	https://stellarburgers.nomoreparties.site/api/auth/login
Proxy:			<none>
Request params:	<none>
Query params:	<none>
Form params:	<none>
Path params:	<none>
Headers:		Accept=*/*
				Content-Type=application/json
Cookies:		<none>
Multiparts:		<none>
Body:
{
    "email": "fFOqVGrpma@ya.ruincorrect",
    "password": "bSMPYPDdts",
    "name": "IuZtecmZQE"
}
Request method:	POST
Request URI:	https://stellarburgers.nomoreparties.site/api/auth/login
Proxy:			<none>
Request params:	<none>
Query params:	<none>
Form params:	<none>
Path params:	<none>
Headers:		Accept=*/*
				Content-Type=application/json
Cookies:		<none>
Multiparts:		<none>
Body:
{
    "email": "fFOqVGrpma@ya.ruincorrect",
    "password": "bSMPYPDdts",
    "name": "IuZtecmZQE"
}
Request method:	POST
Request URI:	https://stellarburgers.nomoreparties.site/api/auth/login
Proxy:			<none>
Request params:	<none>
Query params:	<none>
Form params:	<none>
Path params:	<none>
Headers:		Accept=*/*
				Content-Type=application/json
Cookies:		<none>
Multiparts:		<none>
Body:
{
    "email": "fFOqVGrpma@ya.ruincorrect",
    "password": "bSMPYPDdts",
    "name": "IuZtecmZQE"
}
Request method:	POST
Request URI:	https://stellarburgers.nomoreparties.site/api/auth/login
Proxy:			<none>
Request params:	<none>
Query params:	<none>
Form params:	<none>
Path params:	<none>
Headers:		Accept=*/*
				Content-Type=application/json
Cookies:		<none>
Multiparts:		<none>
Body:
{
    "email": "fFOqVGrpma@ya.ruincorrect",
    "password": "bSMPYPDdts",
    "name": "IuZtecmZQE"
}
Request method:	POST
Request URI:	https://stellarburgers.nomoreparties.site/api/auth/login
Proxy:			<none>
Request params:	<none>
Query params:	<none>
Form params:	<none>
Path params:	<none>
Headers:		Accept=*/*
				Content-Type=application/json
Cookies:		<none>
Multiparts:		<none>
Body:
{
    "email": "fFOqVGrpma@ya.ruincorrect",
    "password": "bSMPYPDdts",
    "name": "IuZtecmZQE"
}
Request method:	POST
Request URI:	https://stellarburgers.nomoreparties.site/api/auth/login
Proxy:			<none>
Request params:	<none>
Query params:	<none>
Form params:	<none>
Path params:	<none>
Headers:		Accept=*/*
				Content-Type=application/json
Cookies:		<none>
Multiparts:		<none>
Body:
{
    "email": "fFOqVGrpma@ya.ruincorrect",
    "password": "bSMPYPDdts",
    "name": "IuZtecmZQE"
}
Request method:	POST
Request URI:	https://stellarburgers.nomoreparties.site/api/auth/login
Proxy:			<none>
Request params:	<none>
Query params:	<none>
Form params:	<none>
Path params:	<none>
Headers:		Accept=*/*
				Content-Type=application/json
Cookies:		<none>
Multiparts:		<none>
Body:
{
    "email": "fFOqVGrpma@ya.ruincorrect",
    "password": "bSMPYPDdts",
    "name": "IuZtecmZQE"
}
Request method:	POST
Request URI:	https://stellarburgers.nomoreparties.site/api/auth/login
Proxy:			<none>
Request params:	<none>
Query params:	<none>
Form params:	<none>
Path params:	<none>
Headers:		Accept=*/*
				Content-Type=application/json
Cookies:		<none>
Multiparts:		<none>
Body:
{
    "email": "fFOqVGrpma@ya.ruincorrect",
    "password": "bSMPYPDdts",
    "name": "IuZtecmZQE"
}
Request method:	POST
Request URI:	https://stellarburgers.nomoreparties.site/api/auth/login
Proxy:			<none>
Request params:	<none>
Query params:	<none>
Form params:	<none>
Path params:	<none>
Headers:		Accept=*/*
				Content-Type=application/json
Cookies:		<none>
Multiparts:		<none>
Body:
{
    "email": "fFOqVGrpma@ya.ruincorrect",
    "password": "bSMPYPDdts",
    "name": "IuZtecmZQE"
}
Request method:	POST
Request URI:	https://stellarburgers.nomoreparties.site/api/auth/login
Proxy:			<none>
Request params:	<none>
Query params:	<none>
Form params:	<none>
Path params:	<none>
Headers:		Accept=*/*
				Content-Type=application/json
Cookies:		<none>
Multiparts:		<none>
Body:
{
    "email": "fFOqVGrpma@ya.ruincorrect",
    "password": "bSMPYPDdts",
    "name": "IuZtecmZQE"
}
Request method:	POST
Request URI:	https://stellarburgers.nomoreparties.site/api/auth/login
Proxy:			<none>
Request params:	<none>
Query params:	<none>
Form params:	<none>
Path params:	<none>
Headers:		Accept=*/*
				Content-Type=application/json
Cookies:		<none>
Multiparts:		<none>
Body:
{
    "email": "fFOqVGrpma@ya.ruincorrect",
    "password": "bSMPYPDdts",
    "name": "IuZtecmZQE"
}
Request method:	POST
Request URI:	https://stellarburgers.nomoreparties.site/api/auth/login
Proxy:			<none>
Request params:	<none>
Query params:	<none>
Form params:	<none>
Path params:	<none>
Headers:		Accept=*/*
				Content-Type=application/json
Cookies:		<none>
Multiparts:		<none>
Body:
{
    "email": "fFOqVGrpma@ya.ruincorrect",
    "password": "bSMPYPDdts",
    "name": "IuZtecmZQE"
}
Request method:	POST
Request URI:	https://stellarburgers.nomoreparties.site/api/auth/login
Proxy:			<none>
Request params:	<none>
Query params:	<none>
Form params:	<none>
Path params:	<none>
Headers:		Accept=*/*
				Content-Type=application/json
Cookies:		<none>
Multiparts:		<none>
Body:
{
    "email": "fFOqVGrpma@ya.ruincorrect",
    "password": "bSMPYPDdts",
    "name": "IuZtecmZQE"
}
Request method:	POST
Request URI:	https://stellarburgers.nomoreparties.site/api/auth/login
Proxy:			<none>
Request params:	<none>
Query params:	<none>
Form params:	<none>
Path params:	<none>
Headers:		Accept=*/*
				Content-Type=application/json
Cookies:		<none>
Multiparts:		<none>
Body:
{
    "email": "fFOqVGrpma@ya.ruincorrect",
    "password": "bSMPYPDdts",
    "name": "IuZtecmZQE"
}
Request method:	POST
Request URI:	https://stellarburgers.nomoreparties.site/api/auth/login
Proxy:			<none>
Request params:	<none>
Query params:	<none>
Form params:	<none>
Path params:	<none>
Headers:		Accept=*/*
				Content-Type=application/json
Cookies:		<none>
Multiparts:		<none>
Body:
{
    "email": "fFOqVGrpma@ya.ruincorrect",
    "password": "bSMPYPDdts",
    "name": "IuZtecmZQE"
}
HTTP/1.1 401 Unauthorized
Date: Sun, 30 Jun 2024 15:27:48 GMT
Content-Type: application/json; charset=utf-8
Content-Length: 61
Connection: keep-alive
X-Powered-By: Express
Access-Control-Allow-Origin: *
ETag: W/"3d-ad9nrqlzQBuoZ0AId1U3rIgKU84"
CF-Cache-Status: DYNAMIC
Report-To: {"endpoints":[{"url":"https:\/\/a.nel.cloudflare.com\/report\/v4?s=iItsuqf7VcZdwgCOXKru9RJi%2F%2F4UdD8RQUvVPbGedFUA2HRzTGQ7QpihR8iv%2FH5Xh7t1tKRNBHJkC3BLQ63cUEohxXqPi9wxki5wyvLvInYjMXswR2l9lHc2O0L8b05TNr%2Ffu1EUc3gwMchd39aa7cgIDYo%3D"}],"group":"cf-nel","max_age":604800}
NEL: {"success_fraction":0,"report_to":"cf-nel","max_age":604800}
Server: cloudflare
CF-RAY: 89bf2eb76dcfa890-RIX
alt-svc: h3=":443"; ma=86400

{
    "success": false,
    "message": "email or password are incorrect"
}
HTTP/1.1 401 Unauthorized
Date: Sun, 30 Jun 2024 15:27:48 GMT
Content-Type: application/json; charset=utf-8
Content-Length: 61
Connection: keep-alive
X-Powered-By: Express
Access-Control-Allow-Origin: *
ETag: W/"3d-ad9nrqlzQBuoZ0AId1U3rIgKU84"
CF-Cache-Status: DYNAMIC
Report-To: {"endpoints":[{"url":"https:\/\/a.nel.cloudflare.com\/report\/v4?s=iItsuqf7VcZdwgCOXKru9RJi%2F%2F4UdD8RQUvVPbGedFUA2HRzTGQ7QpihR8iv%2FH5Xh7t1tKRNBHJkC3BLQ63cUEohxXqPi9wxki5wyvLvInYjMXswR2l9lHc2O0L8b05TNr%2Ffu1EUc3gwMchd39aa7cgIDYo%3D"}],"group":"cf-nel","max_age":604800}
NEL: {"success_fraction":0,"report_to":"cf-nel","max_age":604800}
Server: cloudflare
CF-RAY: 89bf2eb76dcfa890-RIX
alt-svc: h3=":443"; ma=86400

{
    "success": false,
    "message": "email or password are incorrect"
}
HTTP/1.1 401 Unauthorized
Date: Sun, 30 Jun 2024 15:27:48 GMT
Content-Type: application/json; charset=utf-8
Content-Length: 61
Connection: keep-alive
X-Powered-By: Express
Access-Control-Allow-Origin: *
ETag: W/"3d-ad9nrqlzQBuoZ0AId1U3rIgKU84"
CF-Cache-Status: DYNAMIC
Report-To: {"endpoints":[{"url":"https:\/\/a.nel.cloudflare.com\/report\/v4?s=iItsuqf7VcZdwgCOXKru9RJi%2F%2F4UdD8RQUvVPbGedFUA2HRzTGQ7QpihR8iv%2FH5Xh7t1tKRNBHJkC3BLQ63cUEohxXqPi9wxki5wyvLvInYjMXswR2l9lHc2O0L8b05TNr%2Ffu1EUc3gwMchd39aa7cgIDYo%3D"}],"group":"cf-nel","max_age":604800}
NEL: {"success_fraction":0,"report_to":"cf-nel","max_age":604800}
Server: cloudflare
CF-RAY: 89bf2eb76dcfa890-RIX
alt-svc: h3=":443"; ma=86400

{
    "success": false,
    "message": "email or password are incorrect"
}
HTTP/1.1 401 Unauthorized
Date: Sun, 30 Jun 2024 15:27:48 GMT
Content-Type: application/json; charset=utf-8
Content-Length: 61
Connection: keep-alive
X-Powered-By: Express
Access-Control-Allow-Origin: *
ETag: W/"3d-ad9nrqlzQBuoZ0AId1U3rIgKU84"
CF-Cache-Status: DYNAMIC
Report-To: {"endpoints":[{"url":"https:\/\/a.nel.cloudflare.com\/report\/v4?s=iItsuqf7VcZdwgCOXKru9RJi%2F%2F4UdD8RQUvVPbGedFUA2HRzTGQ7QpihR8iv%2FH5Xh7t1tKRNBHJkC3BLQ63cUEohxXqPi9wxki5wyvLvInYjMXswR2l9lHc2O0L8b05TNr%2Ffu1EUc3gwMchd39aa7cgIDYo%3D"}],"group":"cf-nel","max_age":604800}
NEL: {"success_fraction":0,"report_to":"cf-nel","max_age":604800}
Server: cloudflare
CF-RAY: 89bf2eb76dcfa890-RIX
alt-svc: h3=":443"; ma=86400

{
    "success": false,
    "message": "email or password are incorrect"
}
HTTP/1.1 401 Unauthorized
Date: Sun, 30 Jun 2024 15:27:48 GMT
Content-Type: application/json; charset=utf-8
Content-Length: 61
Connection: keep-alive
X-Powered-By: Express
Access-Control-Allow-Origin: *
ETag: W/"3d-ad9nrqlzQBuoZ0AId1U3rIgKU84"
CF-Cache-Status: DYNAMIC
Report-To: {"endpoints":[{"url":"https:\/\/a.nel.cloudflare.com\/report\/v4?s=iItsuqf7VcZdwgCOXKru9RJi%2F%2F4UdD8RQUvVPbGedFUA2HRzTGQ7QpihR8iv%2FH5Xh7t1tKRNBHJkC3BLQ63cUEohxXqPi9wxki5wyvLvInYjMXswR2l9lHc2O0L8b05TNr%2Ffu1EUc3gwMchd39aa7cgIDYo%3D"}],"group":"cf-nel","max_age":604800}
NEL: {"success_fraction":0,"report_to":"cf-nel","max_age":604800}
Server: cloudflare
CF-RAY: 89bf2eb76dcfa890-RIX
alt-svc: h3=":443"; ma=86400

{
    "success": false,
    "message": "email or password are incorrect"
}
HTTP/1.1 401 Unauthorized
Date: Sun, 30 Jun 2024 15:27:48 GMT
Content-Type: application/json; charset=utf-8
Content-Length: 61
Connection: keep-alive
X-Powered-By: Express
Access-Control-Allow-Origin: *
ETag: W/"3d-ad9nrqlzQBuoZ0AId1U3rIgKU84"
CF-Cache-Status: DYNAMIC
Report-To: {"endpoints":[{"url":"https:\/\/a.nel.cloudflare.com\/report\/v4?s=iItsuqf7VcZdwgCOXKru9RJi%2F%2F4UdD8RQUvVPbGedFUA2HRzTGQ7QpihR8iv%2FH5Xh7t1tKRNBHJkC3BLQ63cUEohxXqPi9wxki5wyvLvInYjMXswR2l9lHc2O0L8b05TNr%2Ffu1EUc3gwMchd39aa7cgIDYo%3D"}],"group":"cf-nel","max_age":604800}
NEL: {"success_fraction":0,"report_to":"cf-nel","max_age":604800}
Server: cloudflare
CF-RAY: 89bf2eb76dcfa890-RIX
alt-svc: h3=":443"; ma=86400

{
    "success": false,
    "message": "email or password are incorrect"
}
HTTP/1.1 401 Unauthorized
Date: Sun, 30 Jun 2024 15:27:48 GMT
Content-Type: application/json; charset=utf-8
Content-Length: 61
Connection: keep-alive
X-Powered-By: Express
Access-Control-Allow-Origin: *
ETag: W/"3d-ad9nrqlzQBuoZ0AId1U3rIgKU84"
CF-Cache-Status: DYNAMIC
Report-To: {"endpoints":[{"url":"https:\/\/a.nel.cloudflare.com\/report\/v4?s=iItsuqf7VcZdwgCOXKru9RJi%2F%2F4UdD8RQUvVPbGedFUA2HRzTGQ7QpihR8iv%2FH5Xh7t1tKRNBHJkC3BLQ63cUEohxXqPi9wxki5wyvLvInYjMXswR2l9lHc2O0L8b05TNr%2Ffu1EUc3gwMchd39aa7cgIDYo%3D"}],"group":"cf-nel","max_age":604800}
NEL: {"success_fraction":0,"report_to":"cf-nel","max_age":604800}
Server: cloudflare
CF-RAY: 89bf2eb76dcfa890-RIX
alt-svc: h3=":443"; ma=86400

{
    "success": false,
    "message": "email or password are incorrect"
}
HTTP/1.1 401 Unauthorized
Date: Sun, 30 Jun 2024 15:27:48 GMT
Content-Type: application/json; charset=utf-8
Content-Length: 61
Connection: keep-alive
X-Powered-By: Express
Access-Control-Allow-Origin: *
ETag: W/"3d-ad9nrqlzQBuoZ0AId1U3rIgKU84"
CF-Cache-Status: DYNAMIC
Report-To: {"endpoints":[{"url":"https:\/\/a.nel.cloudflare.com\/report\/v4?s=iItsuqf7VcZdwgCOXKru9RJi%2F%2F4UdD8RQUvVPbGedFUA2HRzTGQ7QpihR8iv%2FH5Xh7t1tKRNBHJkC3BLQ63cUEohxXqPi9wxki5wyvLvInYjMXswR2l9lHc2O0L8b05TNr%2Ffu1EUc3gwMchd39aa7cgIDYo%3D"}],"group":"cf-nel","max_age":604800}
NEL: {"success_fraction":0,"report_to":"cf-nel","max_age":604800}
Server: cloudflare
CF-RAY: 89bf2eb76dcfa890-RIX
alt-svc: h3=":443"; ma=86400

{
    "success": false,
    "message": "email or password are incorrect"
}
HTTP/1.1 401 Unauthorized
Date: Sun, 30 Jun 2024 15:27:48 GMT
Content-Type: application/json; charset=utf-8
Content-Length: 61
Connection: keep-alive
X-Powered-By: Express
Access-Control-Allow-Origin: *
ETag: W/"3d-ad9nrqlzQBuoZ0AId1U3rIgKU84"
CF-Cache-Status: DYNAMIC
Report-To: {"endpoints":[{"url":"https:\/\/a.nel.cloudflare.com\/report\/v4?s=iItsuqf7VcZdwgCOXKru9RJi%2F%2F4UdD8RQUvVPbGedFUA2HRzTGQ7QpihR8iv%2FH5Xh7t1tKRNBHJkC3BLQ63cUEohxXqPi9wxki5wyvLvInYjMXswR2l9lHc2O0L8b05TNr%2Ffu1EUc3gwMchd39aa7cgIDYo%3D"}],"group":"cf-nel","max_age":604800}
NEL: {"success_fraction":0,"report_to":"cf-nel","max_age":604800}
Server: cloudflare
CF-RAY: 89bf2eb76dcfa890-RIX
alt-svc: h3=":443"; ma=86400

{
    "success": false,
    "message": "email or password are incorrect"
}
HTTP/1.1 401 Unauthorized
Date: Sun, 30 Jun 2024 15:27:48 GMT
Content-Type: application/json; charset=utf-8
Content-Length: 61
Connection: keep-alive
X-Powered-By: Express
Access-Control-Allow-Origin: *
ETag: W/"3d-ad9nrqlzQBuoZ0AId1U3rIgKU84"
CF-Cache-Status: DYNAMIC
Report-To: {"endpoints":[{"url":"https:\/\/a.nel.cloudflare.com\/report\/v4?s=iItsuqf7VcZdwgCOXKru9RJi%2F%2F4UdD8RQUvVPbGedFUA2HRzTGQ7QpihR8iv%2FH5Xh7t1tKRNBHJkC3BLQ63cUEohxXqPi9wxki5wyvLvInYjMXswR2l9lHc2O0L8b05TNr%2Ffu1EUc3gwMchd39aa7cgIDYo%3D"}],"group":"cf-nel","max_age":604800}
NEL: {"success_fraction":0,"report_to":"cf-nel","max_age":604800}
Server: cloudflare
CF-RAY: 89bf2eb76dcfa890-RIX
alt-svc: h3=":443"; ma=86400

{
    "success": false,
    "message": "email or password are incorrect"
}
HTTP/1.1 401 Unauthorized
Date: Sun, 30 Jun 2024 15:27:48 GMT
Content-Type: application/json; charset=utf-8
Content-Length: 61
Connection: keep-alive
X-Powered-By: Express
Access-Control-Allow-Origin: *
ETag: W/"3d-ad9nrqlzQBuoZ0AId1U3rIgKU84"
CF-Cache-Status: DYNAMIC
Report-To: {"endpoints":[{"url":"https:\/\/a.nel.cloudflare.com\/report\/v4?s=iItsuqf7VcZdwgCOXKru9RJi%2F%2F4UdD8RQUvVPbGedFUA2HRzTGQ7QpihR8iv%2FH5Xh7t1tKRNBHJkC3BLQ63cUEohxXqPi9wxki5wyvLvInYjMXswR2l9lHc2O0L8b05TNr%2Ffu1EUc3gwMchd39aa7cgIDYo%3D"}],"group":"cf-nel","max_age":604800}
NEL: {"success_fraction":0,"report_to":"cf-nel","max_age":604800}
Server: cloudflare
CF-RAY: 89bf2eb76dcfa890-RIX
alt-svc: h3=":443"; ma=86400

{
    "success": false,
    "message": "email or password are incorrect"
}
HTTP/1.1 401 Unauthorized
Date: Sun, 30 Jun 2024 15:27:48 GMT
Content-Type: application/json; charset=utf-8
Content-Length: 61
Connection: keep-alive
X-Powered-By: Express
Access-Control-Allow-Origin: *
ETag: W/"3d-ad9nrqlzQBuoZ0AId1U3rIgKU84"
CF-Cache-Status: DYNAMIC
Report-To: {"endpoints":[{"url":"https:\/\/a.nel.cloudflare.com\/report\/v4?s=iItsuqf7VcZdwgCOXKru9RJi%2F%2F4UdD8RQUvVPbGedFUA2HRzTGQ7QpihR8iv%2FH5Xh7t1tKRNBHJkC3BLQ63cUEohxXqPi9wxki5wyvLvInYjMXswR2l9lHc2O0L8b05TNr%2Ffu1EUc3gwMchd39aa7cgIDYo%3D"}],"group":"cf-nel","max_age":604800}
NEL: {"success_fraction":0,"report_to":"cf-nel","max_age":604800}
Server: cloudflare
CF-RAY: 89bf2eb76dcfa890-RIX
alt-svc: h3=":443"; ma=86400

{
    "success": false,
    "message": "email or password are incorrect"
}
HTTP/1.1 401 Unauthorized
Date: Sun, 30 Jun 2024 15:27:48 GMT
Content-Type: application/json; charset=utf-8
Content-Length: 61
Connection: keep-alive
X-Powered-By: Express
Access-Control-Allow-Origin: *
ETag: W/"3d-ad9nrqlzQBuoZ0AId1U3rIgKU84"
CF-Cache-Status: DYNAMIC
Report-To: {"endpoints":[{"url":"https:\/\/a.nel.cloudflare.com\/report\/v4?s=iItsuqf7VcZdwgCOXKru9RJi%2F%2F4UdD8RQUvVPbGedFUA2HRzTGQ7QpihR8iv%2FH5Xh7t1tKRNBHJkC3BLQ63cUEohxXqPi9wxki5wyvLvInYjMXswR2l9lHc2O0L8b05TNr%2Ffu1EUc3gwMchd39aa7cgIDYo%3D"}],"group":"cf-nel","max_age":604800}
NEL: {"success_fraction":0,"report_to":"cf-nel","max_age":604800}
Server: cloudflare
CF-RAY: 89bf2eb76dcfa890-RIX
alt-svc: h3=":443"; ma=86400

{
    "success": false,
    "message": "email or password are incorrect"
}
HTTP/1.1 401 Unauthorized
Date: Sun, 30 Jun 2024 15:27:48 GMT
Content-Type: application/json; charset=utf-8
Content-Length: 61
Connection: keep-alive
X-Powered-By: Express
Access-Control-Allow-Origin: *
ETag: W/"3d-ad9nrqlzQBuoZ0AId1U3rIgKU84"
CF-Cache-Status: DYNAMIC
Report-To: {"endpoints":[{"url":"https:\/\/a.nel.cloudflare.com\/report\/v4?s=iItsuqf7VcZdwgCOXKru9RJi%2F%2F4UdD8RQUvVPbGedFUA2HRzTGQ7QpihR8iv%2FH5Xh7t1tKRNBHJkC3BLQ63cUEohxXqPi9wxki5wyvLvInYjMXswR2l9lHc2O0L8b05TNr%2Ffu1EUc3gwMchd39aa7cgIDYo%3D"}],"group":"cf-nel","max_age":604800}
NEL: {"success_fraction":0,"report_to":"cf-nel","max_age":604800}
Server: cloudflare
CF-RAY: 89bf2eb76dcfa890-RIX
alt-svc: h3=":443"; ma=86400

{
    "success": false,
    "message": "email or password are incorrect"
}
HTTP/1.1 401 Unauthorized
Date: Sun, 30 Jun 2024 15:27:48 GMT
Content-Type: application/json; charset=utf-8
Content-Length: 61
Connection: keep-alive
X-Powered-By: Express
Access-Control-Allow-Origin: *
ETag: W/"3d-ad9nrqlzQBuoZ0AId1U3rIgKU84"
CF-Cache-Status: DYNAMIC
Report-To: {"endpoints":[{"url":"https:\/\/a.nel.cloudflare.com\/report\/v4?s=iItsuqf7VcZdwgCOXKru9RJi%2F%2F4UdD8RQUvVPbGedFUA2HRzTGQ7QpihR8iv%2FH5Xh7t1tKRNBHJkC3BLQ63cUEohxXqPi9wxki5wyvLvInYjMXswR2l9lHc2O0L8b05TNr%2Ffu1EUc3gwMchd39aa7cgIDYo%3D"}],"group":"cf-nel","max_age":604800}
NEL: {"success_fraction":0,"report_to":"cf-nel","max_age":604800}
Server: cloudflare
CF-RAY: 89bf2eb76dcfa890-RIX
alt-svc: h3=":443"; ma=86400

{
    "success": false,
    "message": "email or password are incorrect"
}
HTTP/1.1 401 Unauthorized
Date: Sun, 30 Jun 2024 15:27:48 GMT
Content-Type: application/json; charset=utf-8
Content-Length: 61
Connection: keep-alive
X-Powered-By: Express
Access-Control-Allow-Origin: *
ETag: W/"3d-ad9nrqlzQBuoZ0AId1U3rIgKU84"
CF-Cache-Status: DYNAMIC
Report-To: {"endpoints":[{"url":"https:\/\/a.nel.cloudflare.com\/report\/v4?s=iItsuqf7VcZdwgCOXKru9RJi%2F%2F4UdD8RQUvVPbGedFUA2HRzTGQ7QpihR8iv%2FH5Xh7t1tKRNBHJkC3BLQ63cUEohxXqPi9wxki5wyvLvInYjMXswR2l9lHc2O0L8b05TNr%2Ffu1EUc3gwMchd39aa7cgIDYo%3D"}],"group":"cf-nel","max_age":604800}
NEL: {"success_fraction":0,"report_to":"cf-nel","max_age":604800}
Server: cloudflare
CF-RAY: 89bf2eb76dcfa890-RIX
alt-svc: h3=":443"; ma=86400

{
    "success": false,
    "message": "email or password are incorrect"
}
HTTP/1.1 401 Unauthorized
Date: Sun, 30 Jun 2024 15:27:48 GMT
Content-Type: application/json; charset=utf-8
Content-Length: 61
Connection: keep-alive
X-Powered-By: Express
Access-Control-Allow-Origin: *
ETag: W/"3d-ad9nrqlzQBuoZ0AId1U3rIgKU84"
CF-Cache-Status: DYNAMIC
Report-To: {"endpoints":[{"url":"https:\/\/a.nel.cloudflare.com\/report\/v4?s=iItsuqf7VcZdwgCOXKru9RJi%2F%2F4UdD8RQUvVPbGedFUA2HRzTGQ7QpihR8iv%2FH5Xh7t1tKRNBHJkC3BLQ63cUEohxXqPi9wxki5wyvLvInYjMXswR2l9lHc2O0L8b05TNr%2Ffu1EUc3gwMchd39aa7cgIDYo%3D"}],"group":"cf-nel","max_age":604800}
NEL: {"success_fraction":0,"report_to":"cf-nel","max_age":604800}
Server: cloudflare
CF-RAY: 89bf2eb76dcfa890-RIX
alt-svc: h3=":443"; ma=86400

{
    "success": false,
    "message": "email or password are incorrect"
}
HTTP/1.1 401 Unauthorized
Date: Sun, 30 Jun 2024 15:27:48 GMT
Content-Type: application/json; charset=utf-8
Content-Length: 61
Connection: keep-alive
X-Powered-By: Express
Access-Control-Allow-Origin: *
ETag: W/"3d-ad9nrqlzQBuoZ0AId1U3rIgKU84"
CF-Cache-Status: DYNAMIC
Report-To: {"endpoints":[{"url":"https:\/\/a.nel.cloudflare.com\/report\/v4?s=iItsuqf7VcZdwgCOXKru9RJi%2F%2F4UdD8RQUvVPbGedFUA2HRzTGQ7QpihR8iv%2FH5Xh7t1tKRNBHJkC3BLQ63cUEohxXqPi9wxki5wyvLvInYjMXswR2l9lHc2O0L8b05TNr%2Ffu1EUc3gwMchd39aa7cgIDYo%3D"}],"group":"cf-nel","max_age":604800}
NEL: {"success_fraction":0,"report_to":"cf-nel","max_age":604800}
Server: cloudflare
CF-RAY: 89bf2eb76dcfa890-RIX
alt-svc: h3=":443"; ma=86400

{
    "success": false,
    "message": "email or password are incorrect"
}
HTTP/1.1 401 Unauthorized
Date: Sun, 30 Jun 2024 15:27:48 GMT
Content-Type: application/json; charset=utf-8
Content-Length: 61
Connection: keep-alive
X-Powered-By: Express
Access-Control-Allow-Origin: *
ETag: W/"3d-ad9nrqlzQBuoZ0AId1U3rIgKU84"
CF-Cache-Status: DYNAMIC
Report-To: {"endpoints":[{"url":"https:\/\/a.nel.cloudflare.com\/report\/v4?s=iItsuqf7VcZdwgCOXKru9RJi%2F%2F4UdD8RQUvVPbGedFUA2HRzTGQ7QpihR8iv%2FH5Xh7t1tKRNBHJkC3BLQ63cUEohxXqPi9wxki5wyvLvInYjMXswR2l9lHc2O0L8b05TNr%2Ffu1EUc3gwMchd39aa7cgIDYo%3D"}],"group":"cf-nel","max_age":604800}
NEL: {"success_fraction":0,"report_to":"cf-nel","max_age":604800}
Server: cloudflare
CF-RAY: 89bf2eb76dcfa890-RIX
alt-svc: h3=":443"; ma=86400

{
    "success": false,
    "message": "email or password are incorrect"
}
HTTP/1.1 401 Unauthorized
Date: Sun, 30 Jun 2024 15:27:48 GMT
Content-Type: application/json; charset=utf-8
Content-Length: 61
Connection: keep-alive
X-Powered-By: Express
Access-Control-Allow-Origin: *
ETag: W/"3d-ad9nrqlzQBuoZ0AId1U3rIgKU84"
CF-Cache-Status: DYNAMIC
Report-To: {"endpoints":[{"url":"https:\/\/a.nel.cloudflare.com\/report\/v4?s=iItsuqf7VcZdwgCOXKru9RJi%2F%2F4UdD8RQUvVPbGedFUA2HRzTGQ7QpihR8iv%2FH5Xh7t1tKRNBHJkC3BLQ63cUEohxXqPi9wxki5wyvLvInYjMXswR2l9lHc2O0L8b05TNr%2Ffu1EUc3gwMchd39aa7cgIDYo%3D"}],"group":"cf-nel","max_age":604800}
NEL: {"success_fraction":0,"report_to":"cf-nel","max_age":604800}
Server: cloudflare
CF-RAY: 89bf2eb76dcfa890-RIX
alt-svc: h3=":443"; ma=86400

{
    "success": false,
    "message": "email or password are incorrect"
}
HTTP/1.1 401 Unauthorized
Date: Sun, 30 Jun 2024 15:27:48 GMT
Content-Type: application/json; charset=utf-8
Content-Length: 61
Connection: keep-alive
X-Powered-By: Express
Access-Control-Allow-Origin: *
ETag: W/"3d-ad9nrqlzQBuoZ0AId1U3rIgKU84"
CF-Cache-Status: DYNAMIC
Report-To: {"endpoints":[{"url":"https:\/\/a.nel.cloudflare.com\/report\/v4?s=iItsuqf7VcZdwgCOXKru9RJi%2F%2F4UdD8RQUvVPbGedFUA2HRzTGQ7QpihR8iv%2FH5Xh7t1tKRNBHJkC3BLQ63cUEohxXqPi9wxki5wyvLvInYjMXswR2l9lHc2O0L8b05TNr%2Ffu1EUc3gwMchd39aa7cgIDYo%3D"}],"group":"cf-nel","max_age":604800}
NEL: {"success_fraction":0,"report_to":"cf-nel","max_age":604800}
Server: cloudflare
CF-RAY: 89bf2eb76dcfa890-RIX
alt-svc: h3=":443"; ma=86400

{
    "success": false,
    "message": "email or password are incorrect"
}
HTTP/1.1 401 Unauthorized
Date: Sun, 30 Jun 2024 15:27:48 GMT
Content-Type: application/json; charset=utf-8
Content-Length: 61
Connection: keep-alive
X-Powered-By: Express
Access-Control-Allow-Origin: *
ETag: W/"3d-ad9nrqlzQBuoZ0AId1U3rIgKU84"
CF-Cache-Status: DYNAMIC
Report-To: {"endpoints":[{"url":"https:\/\/a.nel.cloudflare.com\/report\/v4?s=iItsuqf7VcZdwgCOXKru9RJi%2F%2F4UdD8RQUvVPbGedFUA2HRzTGQ7QpihR8iv%2FH5Xh7t1tKRNBHJkC3BLQ63cUEohxXqPi9wxki5wyvLvInYjMXswR2l9lHc2O0L8b05TNr%2Ffu1EUc3gwMchd39aa7cgIDYo%3D"}],"group":"cf-nel","max_age":604800}
NEL: {"success_fraction":0,"report_to":"cf-nel","max_age":604800}
Server: cloudflare
CF-RAY: 89bf2eb76dcfa890-RIX
alt-svc: h3=":443"; ma=86400

{
    "success": false,
    "message": "email or password are incorrect"
}
HTTP/1.1 401 Unauthorized
Date: Sun, 30 Jun 2024 15:27:48 GMT
Content-Type: application/json; charset=utf-8
Content-Length: 61
Connection: keep-alive
X-Powered-By: Express
Access-Control-Allow-Origin: *
ETag: W/"3d-ad9nrqlzQBuoZ0AId1U3rIgKU84"
CF-Cache-Status: DYNAMIC
Report-To: {"endpoints":[{"url":"https:\/\/a.nel.cloudflare.com\/report\/v4?s=iItsuqf7VcZdwgCOXKru9RJi%2F%2F4UdD8RQUvVPbGedFUA2HRzTGQ7QpihR8iv%2FH5Xh7t1tKRNBHJkC3BLQ63cUEohxXqPi9wxki5wyvLvInYjMXswR2l9lHc2O0L8b05TNr%2Ffu1EUc3gwMchd39aa7cgIDYo%3D"}],"group":"cf-nel","max_age":604800}
NEL: {"success_fraction":0,"report_to":"cf-nel","max_age":604800}
Server: cloudflare
CF-RAY: 89bf2eb76dcfa890-RIX
alt-svc: h3=":443"; ma=86400

{
    "success": false,
    "message": "email or password are incorrect"
}
HTTP/1.1 401 Unauthorized
Date: Sun, 30 Jun 2024 15:27:48 GMT
Content-Type: application/json; charset=utf-8
Content-Length: 61
Connection: keep-alive
X-Powered-By: Express
Access-Control-Allow-Origin: *
ETag: W/"3d-ad9nrqlzQBuoZ0AId1U3rIgKU84"
CF-Cache-Status: DYNAMIC
Report-To: {"endpoints":[{"url":"https:\/\/a.nel.cloudflare.com\/report\/v4?s=iItsuqf7VcZdwgCOXKru9RJi%2F%2F4UdD8RQUvVPbGedFUA2HRzTGQ7QpihR8iv%2FH5Xh7t1tKRNBHJkC3BLQ63cUEohxXqPi9wxki5wyvLvInYjMXswR2l9lHc2O0L8b05TNr%2Ffu1EUc3gwMchd39aa7cgIDYo%3D"}],"group":"cf-nel","max_age":604800}
NEL: {"success_fraction":0,"report_to":"cf-nel","max_age":604800}
Server: cloudflare
CF-RAY: 89bf2eb76dcfa890-RIX
alt-svc: h3=":443"; ma=86400

{
    "success": false,
    "message": "email or password are incorrect"
}
HTTP/1.1 401 Unauthorized
Date: Sun, 30 Jun 2024 15:27:48 GMT
Content-Type: application/json; charset=utf-8
Content-Length: 61
Connection: keep-alive
X-Powered-By: Express
Access-Control-Allow-Origin: *
ETag: W/"3d-ad9nrqlzQBuoZ0AId1U3rIgKU84"
CF-Cache-Status: DYNAMIC
Report-To: {"endpoints":[{"url":"https:\/\/a.nel.cloudflare.com\/report\/v4?s=iItsuqf7VcZdwgCOXKru9RJi%2F%2F4UdD8RQUvVPbGedFUA2HRzTGQ7QpihR8iv%2FH5Xh7t1tKRNBHJkC3BLQ63cUEohxXqPi9wxki5wyvLvInYjMXswR2l9lHc2O0L8b05TNr%2Ffu1EUc3gwMchd39aa7cgIDYo%3D"}],"group":"cf-nel","max_age":604800}
NEL: {"success_fraction":0,"report_to":"cf-nel","max_age":604800}
Server: cloudflare
CF-RAY: 89bf2eb76dcfa890-RIX
alt-svc: h3=":443"; ma=86400

{
    "success": false,
    "message": "email or password are incorrect"
}
HTTP/1.1 401 Unauthorized
Date: Sun, 30 Jun 2024 15:27:48 GMT
Content-Type: application/json; charset=utf-8
Content-Length: 61
Connection: keep-alive
X-Powered-By: Express
Access-Control-Allow-Origin: *
ETag: W/"3d-ad9nrqlzQBuoZ0AId1U3rIgKU84"
CF-Cache-Status: DYNAMIC
Report-To: {"endpoints":[{"url":"https:\/\/a.nel.cloudflare.com\/report\/v4?s=iItsuqf7VcZdwgCOXKru9RJi%2F%2F4UdD8RQUvVPbGedFUA2HRzTGQ7QpihR8iv%2FH5Xh7t1tKRNBHJkC3BLQ63cUEohxXqPi9wxki5wyvLvInYjMXswR2l9lHc2O0L8b05TNr%2Ffu1EUc3gwMchd39aa7cgIDYo%3D"}],"group":"cf-nel","max_age":604800}
NEL: {"success_fraction":0,"report_to":"cf-nel","max_age":604800}
Server: cloudflare
CF-RAY: 89bf2eb76dcfa890-RIX
alt-svc: h3=":443"; ma=86400

{
    "success": false,
    "message": "email or password are incorrect"
}
HTTP/1.1 401 Unauthorized
Date: Sun, 30 Jun 2024 15:27:48 GMT
Content-Type: application/json; charset=utf-8
Content-Length: 61
Connection: keep-alive
X-Powered-By: Express
Access-Control-Allow-Origin: *
ETag: W/"3d-ad9nrqlzQBuoZ0AId1U3rIgKU84"
CF-Cache-Status: DYNAMIC
Report-To: {"endpoints":[{"url":"https:\/\/a.nel.cloudflare.com\/report\/v4?s=iItsuqf7VcZdwgCOXKru9RJi%2F%2F4UdD8RQUvVPbGedFUA2HRzTGQ7QpihR8iv%2FH5Xh7t1tKRNBHJkC3BLQ63cUEohxXqPi9wxki5wyvLvInYjMXswR2l9lHc2O0L8b05TNr%2Ffu1EUc3gwMchd39aa7cgIDYo%3D"}],"group":"cf-nel","max_age":604800}
NEL: {"success_fraction":0,"report_to":"cf-nel","max_age":604800}
Server: cloudflare
CF-RAY: 89bf2eb76dcfa890-RIX
alt-svc: h3=":443"; ma=86400

{
    "success": false,
    "message": "email or password are incorrect"
}
Request method:	DELETE
Request URI:	https://stellarburgers.nomoreparties.site/api/auth/user
Proxy:			<none>
Request params:	<none>
Query params:	<none>
Form params:	<none>
Path params:	<none>
Headers:		authorization=Bearer eyJhbGciOiJIUzI1NiIsInR5cCI6IkpXVCJ9.eyJpZCI6IjY2ODE3OTczOWVkMjgwMDAxYjQ1OTYxMyIsImlhdCI6MTcxOTc2MTI2OCwiZXhwIjoxNzE5NzYyNDY4fQ.O7YgfYAGa6b9VV8lW45XgUH3j4nGzrHDU18xsY0CrbQ
				Accept=*/*
				Content-Type=application/json
Cookies:		<none>
Multiparts:		<none>
Body:			<none>
Request method:	DELETE
Request URI:	https://stellarburgers.nomoreparties.site/api/auth/user
Proxy:			<none>
Request params:	<none>
Query params:	<none>
Form params:	<none>
Path params:	<none>
Headers:		authorization=Bearer eyJhbGciOiJIUzI1NiIsInR5cCI6IkpXVCJ9.eyJpZCI6IjY2ODE3OTczOWVkMjgwMDAxYjQ1OTYxMyIsImlhdCI6MTcxOTc2MTI2OCwiZXhwIjoxNzE5NzYyNDY4fQ.O7YgfYAGa6b9VV8lW45XgUH3j4nGzrHDU18xsY0CrbQ
				Accept=*/*
				Content-Type=application/json
Cookies:		<none>
Multiparts:		<none>
Body:			<none>
Request method:	DELETE
Request URI:	https://stellarburgers.nomoreparties.site/api/auth/user
Proxy:			<none>
Request params:	<none>
Query params:	<none>
Form params:	<none>
Path params:	<none>
Headers:		authorization=Bearer eyJhbGciOiJIUzI1NiIsInR5cCI6IkpXVCJ9.eyJpZCI6IjY2ODE3OTczOWVkMjgwMDAxYjQ1OTYxMyIsImlhdCI6MTcxOTc2MTI2OCwiZXhwIjoxNzE5NzYyNDY4fQ.O7YgfYAGa6b9VV8lW45XgUH3j4nGzrHDU18xsY0CrbQ
				Accept=*/*
				Content-Type=application/json
Cookies:		<none>
Multiparts:		<none>
Body:			<none>
Request method:	DELETE
Request URI:	https://stellarburgers.nomoreparties.site/api/auth/user
Proxy:			<none>
Request params:	<none>
Query params:	<none>
Form params:	<none>
Path params:	<none>
Headers:		authorization=Bearer eyJhbGciOiJIUzI1NiIsInR5cCI6IkpXVCJ9.eyJpZCI6IjY2ODE3OTczOWVkMjgwMDAxYjQ1OTYxMyIsImlhdCI6MTcxOTc2MTI2OCwiZXhwIjoxNzE5NzYyNDY4fQ.O7YgfYAGa6b9VV8lW45XgUH3j4nGzrHDU18xsY0CrbQ
				Accept=*/*
				Content-Type=application/json
Cookies:		<none>
Multiparts:		<none>
Body:			<none>
Request method:	DELETE
Request URI:	https://stellarburgers.nomoreparties.site/api/auth/user
Proxy:			<none>
Request params:	<none>
Query params:	<none>
Form params:	<none>
Path params:	<none>
Headers:		authorization=Bearer eyJhbGciOiJIUzI1NiIsInR5cCI6IkpXVCJ9.eyJpZCI6IjY2ODE3OTczOWVkMjgwMDAxYjQ1OTYxMyIsImlhdCI6MTcxOTc2MTI2OCwiZXhwIjoxNzE5NzYyNDY4fQ.O7YgfYAGa6b9VV8lW45XgUH3j4nGzrHDU18xsY0CrbQ
				Accept=*/*
				Content-Type=application/json
Cookies:		<none>
Multiparts:		<none>
Body:			<none>
Request method:	DELETE
Request URI:	https://stellarburgers.nomoreparties.site/api/auth/user
Proxy:			<none>
Request params:	<none>
Query params:	<none>
Form params:	<none>
Path params:	<none>
Headers:		authorization=Bearer eyJhbGciOiJIUzI1NiIsInR5cCI6IkpXVCJ9.eyJpZCI6IjY2ODE3OTczOWVkMjgwMDAxYjQ1OTYxMyIsImlhdCI6MTcxOTc2MTI2OCwiZXhwIjoxNzE5NzYyNDY4fQ.O7YgfYAGa6b9VV8lW45XgUH3j4nGzrHDU18xsY0CrbQ
				Accept=*/*
				Content-Type=application/json
Cookies:		<none>
Multiparts:		<none>
Body:			<none>
Request method:	DELETE
Request URI:	https://stellarburgers.nomoreparties.site/api/auth/user
Proxy:			<none>
Request params:	<none>
Query params:	<none>
Form params:	<none>
Path params:	<none>
Headers:		authorization=Bearer eyJhbGciOiJIUzI1NiIsInR5cCI6IkpXVCJ9.eyJpZCI6IjY2ODE3OTczOWVkMjgwMDAxYjQ1OTYxMyIsImlhdCI6MTcxOTc2MTI2OCwiZXhwIjoxNzE5NzYyNDY4fQ.O7YgfYAGa6b9VV8lW45XgUH3j4nGzrHDU18xsY0CrbQ
				Accept=*/*
				Content-Type=application/json
Cookies:		<none>
Multiparts:		<none>
Body:			<none>
Request method:	DELETE
Request URI:	https://stellarburgers.nomoreparties.site/api/auth/user
Proxy:			<none>
Request params:	<none>
Query params:	<none>
Form params:	<none>
Path params:	<none>
Headers:		authorization=Bearer eyJhbGciOiJIUzI1NiIsInR5cCI6IkpXVCJ9.eyJpZCI6IjY2ODE3OTczOWVkMjgwMDAxYjQ1OTYxMyIsImlhdCI6MTcxOTc2MTI2OCwiZXhwIjoxNzE5NzYyNDY4fQ.O7YgfYAGa6b9VV8lW45XgUH3j4nGzrHDU18xsY0CrbQ
				Accept=*/*
				Content-Type=application/json
Cookies:		<none>
Multiparts:		<none>
Body:			<none>
Request method:	DELETE
Request URI:	https://stellarburgers.nomoreparties.site/api/auth/user
Proxy:			<none>
Request params:	<none>
Query params:	<none>
Form params:	<none>
Path params:	<none>
Headers:		authorization=Bearer eyJhbGciOiJIUzI1NiIsInR5cCI6IkpXVCJ9.eyJpZCI6IjY2ODE3OTczOWVkMjgwMDAxYjQ1OTYxMyIsImlhdCI6MTcxOTc2MTI2OCwiZXhwIjoxNzE5NzYyNDY4fQ.O7YgfYAGa6b9VV8lW45XgUH3j4nGzrHDU18xsY0CrbQ
				Accept=*/*
				Content-Type=application/json
Cookies:		<none>
Multiparts:		<none>
Body:			<none>
Request method:	DELETE
Request URI:	https://stellarburgers.nomoreparties.site/api/auth/user
Proxy:			<none>
Request params:	<none>
Query params:	<none>
Form params:	<none>
Path params:	<none>
Headers:		authorization=Bearer eyJhbGciOiJIUzI1NiIsInR5cCI6IkpXVCJ9.eyJpZCI6IjY2ODE3OTczOWVkMjgwMDAxYjQ1OTYxMyIsImlhdCI6MTcxOTc2MTI2OCwiZXhwIjoxNzE5NzYyNDY4fQ.O7YgfYAGa6b9VV8lW45XgUH3j4nGzrHDU18xsY0CrbQ
				Accept=*/*
				Content-Type=application/json
Cookies:		<none>
Multiparts:		<none>
Body:			<none>
Request method:	DELETE
Request URI:	https://stellarburgers.nomoreparties.site/api/auth/user
Proxy:			<none>
Request params:	<none>
Query params:	<none>
Form params:	<none>
Path params:	<none>
Headers:		authorization=Bearer eyJhbGciOiJIUzI1NiIsInR5cCI6IkpXVCJ9.eyJpZCI6IjY2ODE3OTczOWVkMjgwMDAxYjQ1OTYxMyIsImlhdCI6MTcxOTc2MTI2OCwiZXhwIjoxNzE5NzYyNDY4fQ.O7YgfYAGa6b9VV8lW45XgUH3j4nGzrHDU18xsY0CrbQ
				Accept=*/*
				Content-Type=application/json
Cookies:		<none>
Multiparts:		<none>
Body:			<none>
Request method:	DELETE
Request URI:	https://stellarburgers.nomoreparties.site/api/auth/user
Proxy:			<none>
Request params:	<none>
Query params:	<none>
Form params:	<none>
Path params:	<none>
Headers:		authorization=Bearer eyJhbGciOiJIUzI1NiIsInR5cCI6IkpXVCJ9.eyJpZCI6IjY2ODE3OTczOWVkMjgwMDAxYjQ1OTYxMyIsImlhdCI6MTcxOTc2MTI2OCwiZXhwIjoxNzE5NzYyNDY4fQ.O7YgfYAGa6b9VV8lW45XgUH3j4nGzrHDU18xsY0CrbQ
				Accept=*/*
				Content-Type=application/json
Cookies:		<none>
Multiparts:		<none>
Body:			<none>
Request method:	DELETE
Request URI:	https://stellarburgers.nomoreparties.site/api/auth/user
Proxy:			<none>
Request params:	<none>
Query params:	<none>
Form params:	<none>
Path params:	<none>
Headers:		authorization=Bearer eyJhbGciOiJIUzI1NiIsInR5cCI6IkpXVCJ9.eyJpZCI6IjY2ODE3OTczOWVkMjgwMDAxYjQ1OTYxMyIsImlhdCI6MTcxOTc2MTI2OCwiZXhwIjoxNzE5NzYyNDY4fQ.O7YgfYAGa6b9VV8lW45XgUH3j4nGzrHDU18xsY0CrbQ
				Accept=*/*
				Content-Type=application/json
Cookies:		<none>
Multiparts:		<none>
Body:			<none>
Request method:	DELETE
Request URI:	https://stellarburgers.nomoreparties.site/api/auth/user
Proxy:			<none>
Request params:	<none>
Query params:	<none>
Form params:	<none>
Path params:	<none>
Headers:		authorization=Bearer eyJhbGciOiJIUzI1NiIsInR5cCI6IkpXVCJ9.eyJpZCI6IjY2ODE3OTczOWVkMjgwMDAxYjQ1OTYxMyIsImlhdCI6MTcxOTc2MTI2OCwiZXhwIjoxNzE5NzYyNDY4fQ.O7YgfYAGa6b9VV8lW45XgUH3j4nGzrHDU18xsY0CrbQ
				Accept=*/*
				Content-Type=application/json
Cookies:		<none>
Multiparts:		<none>
Body:			<none>
Request method:	DELETE
Request URI:	https://stellarburgers.nomoreparties.site/api/auth/user
Proxy:			<none>
Request params:	<none>
Query params:	<none>
Form params:	<none>
Path params:	<none>
Headers:		authorization=Bearer eyJhbGciOiJIUzI1NiIsInR5cCI6IkpXVCJ9.eyJpZCI6IjY2ODE3OTczOWVkMjgwMDAxYjQ1OTYxMyIsImlhdCI6MTcxOTc2MTI2OCwiZXhwIjoxNzE5NzYyNDY4fQ.O7YgfYAGa6b9VV8lW45XgUH3j4nGzrHDU18xsY0CrbQ
				Accept=*/*
				Content-Type=application/json
Cookies:		<none>
Multiparts:		<none>
Body:			<none>
Request method:	DELETE
Request URI:	https://stellarburgers.nomoreparties.site/api/auth/user
Proxy:			<none>
Request params:	<none>
Query params:	<none>
Form params:	<none>
Path params:	<none>
Headers:		authorization=Bearer eyJhbGciOiJIUzI1NiIsInR5cCI6IkpXVCJ9.eyJpZCI6IjY2ODE3OTczOWVkMjgwMDAxYjQ1OTYxMyIsImlhdCI6MTcxOTc2MTI2OCwiZXhwIjoxNzE5NzYyNDY4fQ.O7YgfYAGa6b9VV8lW45XgUH3j4nGzrHDU18xsY0CrbQ
				Accept=*/*
				Content-Type=application/json
Cookies:		<none>
Multiparts:		<none>
Body:			<none>
Request method:	DELETE
Request URI:	https://stellarburgers.nomoreparties.site/api/auth/user
Proxy:			<none>
Request params:	<none>
Query params:	<none>
Form params:	<none>
Path params:	<none>
Headers:		authorization=Bearer eyJhbGciOiJIUzI1NiIsInR5cCI6IkpXVCJ9.eyJpZCI6IjY2ODE3OTczOWVkMjgwMDAxYjQ1OTYxMyIsImlhdCI6MTcxOTc2MTI2OCwiZXhwIjoxNzE5NzYyNDY4fQ.O7YgfYAGa6b9VV8lW45XgUH3j4nGzrHDU18xsY0CrbQ
				Accept=*/*
				Content-Type=application/json
Cookies:		<none>
Multiparts:		<none>
Body:			<none>
Request method:	DELETE
Request URI:	https://stellarburgers.nomoreparties.site/api/auth/user
Proxy:			<none>
Request params:	<none>
Query params:	<none>
Form params:	<none>
Path params:	<none>
Headers:		authorization=Bearer eyJhbGciOiJIUzI1NiIsInR5cCI6IkpXVCJ9.eyJpZCI6IjY2ODE3OTczOWVkMjgwMDAxYjQ1OTYxMyIsImlhdCI6MTcxOTc2MTI2OCwiZXhwIjoxNzE5NzYyNDY4fQ.O7YgfYAGa6b9VV8lW45XgUH3j4nGzrHDU18xsY0CrbQ
				Accept=*/*
				Content-Type=application/json
Cookies:		<none>
Multiparts:		<none>
Body:			<none>
Request method:	DELETE
Request URI:	https://stellarburgers.nomoreparties.site/api/auth/user
Proxy:			<none>
Request params:	<none>
Query params:	<none>
Form params:	<none>
Path params:	<none>
Headers:		authorization=Bearer eyJhbGciOiJIUzI1NiIsInR5cCI6IkpXVCJ9.eyJpZCI6IjY2ODE3OTczOWVkMjgwMDAxYjQ1OTYxMyIsImlhdCI6MTcxOTc2MTI2OCwiZXhwIjoxNzE5NzYyNDY4fQ.O7YgfYAGa6b9VV8lW45XgUH3j4nGzrHDU18xsY0CrbQ
				Accept=*/*
				Content-Type=application/json
Cookies:		<none>
Multiparts:		<none>
Body:			<none>
Request method:	DELETE
Request URI:	https://stellarburgers.nomoreparties.site/api/auth/user
Proxy:			<none>
Request params:	<none>
Query params:	<none>
Form params:	<none>
Path params:	<none>
Headers:		authorization=Bearer eyJhbGciOiJIUzI1NiIsInR5cCI6IkpXVCJ9.eyJpZCI6IjY2ODE3OTczOWVkMjgwMDAxYjQ1OTYxMyIsImlhdCI6MTcxOTc2MTI2OCwiZXhwIjoxNzE5NzYyNDY4fQ.O7YgfYAGa6b9VV8lW45XgUH3j4nGzrHDU18xsY0CrbQ
				Accept=*/*
				Content-Type=application/json
Cookies:		<none>
Multiparts:		<none>
Body:			<none>
Request method:	DELETE
Request URI:	https://stellarburgers.nomoreparties.site/api/auth/user
Proxy:			<none>
Request params:	<none>
Query params:	<none>
Form params:	<none>
Path params:	<none>
Headers:		authorization=Bearer eyJhbGciOiJIUzI1NiIsInR5cCI6IkpXVCJ9.eyJpZCI6IjY2ODE3OTczOWVkMjgwMDAxYjQ1OTYxMyIsImlhdCI6MTcxOTc2MTI2OCwiZXhwIjoxNzE5NzYyNDY4fQ.O7YgfYAGa6b9VV8lW45XgUH3j4nGzrHDU18xsY0CrbQ
				Accept=*/*
				Content-Type=application/json
Cookies:		<none>
Multiparts:		<none>
Body:			<none>
Request method:	DELETE
Request URI:	https://stellarburgers.nomoreparties.site/api/auth/user
Proxy:			<none>
Request params:	<none>
Query params:	<none>
Form params:	<none>
Path params:	<none>
Headers:		authorization=Bearer eyJhbGciOiJIUzI1NiIsInR5cCI6IkpXVCJ9.eyJpZCI6IjY2ODE3OTczOWVkMjgwMDAxYjQ1OTYxMyIsImlhdCI6MTcxOTc2MTI2OCwiZXhwIjoxNzE5NzYyNDY4fQ.O7YgfYAGa6b9VV8lW45XgUH3j4nGzrHDU18xsY0CrbQ
				Accept=*/*
				Content-Type=application/json
Cookies:		<none>
Multiparts:		<none>
Body:			<none>
Request method:	DELETE
Request URI:	https://stellarburgers.nomoreparties.site/api/auth/user
Proxy:			<none>
Request params:	<none>
Query params:	<none>
Form params:	<none>
Path params:	<none>
Headers:		authorization=Bearer eyJhbGciOiJIUzI1NiIsInR5cCI6IkpXVCJ9.eyJpZCI6IjY2ODE3OTczOWVkMjgwMDAxYjQ1OTYxMyIsImlhdCI6MTcxOTc2MTI2OCwiZXhwIjoxNzE5NzYyNDY4fQ.O7YgfYAGa6b9VV8lW45XgUH3j4nGzrHDU18xsY0CrbQ
				Accept=*/*
				Content-Type=application/json
Cookies:		<none>
Multiparts:		<none>
Body:			<none>
Request method:	DELETE
Request URI:	https://stellarburgers.nomoreparties.site/api/auth/user
Proxy:			<none>
Request params:	<none>
Query params:	<none>
Form params:	<none>
Path params:	<none>
Headers:		authorization=Bearer eyJhbGciOiJIUzI1NiIsInR5cCI6IkpXVCJ9.eyJpZCI6IjY2ODE3OTczOWVkMjgwMDAxYjQ1OTYxMyIsImlhdCI6MTcxOTc2MTI2OCwiZXhwIjoxNzE5NzYyNDY4fQ.O7YgfYAGa6b9VV8lW45XgUH3j4nGzrHDU18xsY0CrbQ
				Accept=*/*
				Content-Type=application/json
Cookies:		<none>
Multiparts:		<none>
Body:			<none>
Request method:	DELETE
Request URI:	https://stellarburgers.nomoreparties.site/api/auth/user
Proxy:			<none>
Request params:	<none>
Query params:	<none>
Form params:	<none>
Path params:	<none>
Headers:		authorization=Bearer eyJhbGciOiJIUzI1NiIsInR5cCI6IkpXVCJ9.eyJpZCI6IjY2ODE3OTczOWVkMjgwMDAxYjQ1OTYxMyIsImlhdCI6MTcxOTc2MTI2OCwiZXhwIjoxNzE5NzYyNDY4fQ.O7YgfYAGa6b9VV8lW45XgUH3j4nGzrHDU18xsY0CrbQ
				Accept=*/*
				Content-Type=application/json
Cookies:		<none>
Multiparts:		<none>
Body:			<none>
Request method:	DELETE
Request URI:	https://stellarburgers.nomoreparties.site/api/auth/user
Proxy:			<none>
Request params:	<none>
Query params:	<none>
Form params:	<none>
Path params:	<none>
Headers:		authorization=Bearer eyJhbGciOiJIUzI1NiIsInR5cCI6IkpXVCJ9.eyJpZCI6IjY2ODE3OTczOWVkMjgwMDAxYjQ1OTYxMyIsImlhdCI6MTcxOTc2MTI2OCwiZXhwIjoxNzE5NzYyNDY4fQ.O7YgfYAGa6b9VV8lW45XgUH3j4nGzrHDU18xsY0CrbQ
				Accept=*/*
				Content-Type=application/json
Cookies:		<none>
Multiparts:		<none>
Body:			<none>
Request method:	DELETE
Request URI:	https://stellarburgers.nomoreparties.site/api/auth/user
Proxy:			<none>
Request params:	<none>
Query params:	<none>
Form params:	<none>
Path params:	<none>
Headers:		authorization=Bearer eyJhbGciOiJIUzI1NiIsInR5cCI6IkpXVCJ9.eyJpZCI6IjY2ODE3OTczOWVkMjgwMDAxYjQ1OTYxMyIsImlhdCI6MTcxOTc2MTI2OCwiZXhwIjoxNzE5NzYyNDY4fQ.O7YgfYAGa6b9VV8lW45XgUH3j4nGzrHDU18xsY0CrbQ
				Accept=*/*
				Content-Type=application/json
Cookies:		<none>
Multiparts:		<none>
Body:			<none>
Request method:	DELETE
Request URI:	https://stellarburgers.nomoreparties.site/api/auth/user
Proxy:			<none>
Request params:	<none>
Query params:	<none>
Form params:	<none>
Path params:	<none>
Headers:		authorization=Bearer eyJhbGciOiJIUzI1NiIsInR5cCI6IkpXVCJ9.eyJpZCI6IjY2ODE3OTczOWVkMjgwMDAxYjQ1OTYxMyIsImlhdCI6MTcxOTc2MTI2OCwiZXhwIjoxNzE5NzYyNDY4fQ.O7YgfYAGa6b9VV8lW45XgUH3j4nGzrHDU18xsY0CrbQ
				Accept=*/*
				Content-Type=application/json
Cookies:		<none>
Multiparts:		<none>
Body:			<none>
HTTP/1.1 202 Accepted
Date: Sun, 30 Jun 2024 15:27:48 GMT
Content-Type: application/json; charset=utf-8
Content-Length: 54
Connection: keep-alive
X-Powered-By: Express
Access-Control-Allow-Origin: *
ETag: W/"36-hDmZnQ3Ou/ynnqAeC6TYmyseuzY"
CF-Cache-Status: DYNAMIC
Report-To: {"endpoints":[{"url":"https:\/\/a.nel.cloudflare.com\/report\/v4?s=Jm6nnVMDklRcHvgajSc1BTJLBLgGZlg9Dl0zQWunPtcf3Q05ZfNUgUQ7y%2BgEMjLpBcpOJ6OOeaLNVRPRVNhJmoiE21YLK7T%2FL1nCCjzVvDy4lJ8QBYA%2FkDFNWeNNssh2NJ5816Cs6xw7kwbqtf4zNkE7Iv0%3D"}],"group":"cf-nel","max_age":604800}
NEL: {"success_fraction":0,"report_to":"cf-nel","max_age":604800}
Server: cloudflare
CF-RAY: 89bf2eb8ec2a6404-LHR
alt-svc: h3=":443"; ma=86400

{
    "success": true,
    "message": "User successfully removed"
}
HTTP/1.1 202 Accepted
Date: Sun, 30 Jun 2024 15:27:48 GMT
Content-Type: application/json; charset=utf-8
Content-Length: 54
Connection: keep-alive
X-Powered-By: Express
Access-Control-Allow-Origin: *
ETag: W/"36-hDmZnQ3Ou/ynnqAeC6TYmyseuzY"
CF-Cache-Status: DYNAMIC
Report-To: {"endpoints":[{"url":"https:\/\/a.nel.cloudflare.com\/report\/v4?s=Jm6nnVMDklRcHvgajSc1BTJLBLgGZlg9Dl0zQWunPtcf3Q05ZfNUgUQ7y%2BgEMjLpBcpOJ6OOeaLNVRPRVNhJmoiE21YLK7T%2FL1nCCjzVvDy4lJ8QBYA%2FkDFNWeNNssh2NJ5816Cs6xw7kwbqtf4zNkE7Iv0%3D"}],"group":"cf-nel","max_age":604800}
NEL: {"success_fraction":0,"report_to":"cf-nel","max_age":604800}
Server: cloudflare
CF-RAY: 89bf2eb8ec2a6404-LHR
alt-svc: h3=":443"; ma=86400

{
    "success": true,
    "message": "User successfully removed"
}
HTTP/1.1 202 Accepted
Date: Sun, 30 Jun 2024 15:27:48 GMT
Content-Type: application/json; charset=utf-8
Content-Length: 54
Connection: keep-alive
X-Powered-By: Express
Access-Control-Allow-Origin: *
ETag: W/"36-hDmZnQ3Ou/ynnqAeC6TYmyseuzY"
CF-Cache-Status: DYNAMIC
Report-To: {"endpoints":[{"url":"https:\/\/a.nel.cloudflare.com\/report\/v4?s=Jm6nnVMDklRcHvgajSc1BTJLBLgGZlg9Dl0zQWunPtcf3Q05ZfNUgUQ7y%2BgEMjLpBcpOJ6OOeaLNVRPRVNhJmoiE21YLK7T%2FL1nCCjzVvDy4lJ8QBYA%2FkDFNWeNNssh2NJ5816Cs6xw7kwbqtf4zNkE7Iv0%3D"}],"group":"cf-nel","max_age":604800}
NEL: {"success_fraction":0,"report_to":"cf-nel","max_age":604800}
Server: cloudflare
CF-RAY: 89bf2eb8ec2a6404-LHR
alt-svc: h3=":443"; ma=86400

{
    "success": true,
    "message": "User successfully removed"
}
HTTP/1.1 202 Accepted
Date: Sun, 30 Jun 2024 15:27:48 GMT
Content-Type: application/json; charset=utf-8
Content-Length: 54
Connection: keep-alive
X-Powered-By: Express
Access-Control-Allow-Origin: *
ETag: W/"36-hDmZnQ3Ou/ynnqAeC6TYmyseuzY"
CF-Cache-Status: DYNAMIC
Report-To: {"endpoints":[{"url":"https:\/\/a.nel.cloudflare.com\/report\/v4?s=Jm6nnVMDklRcHvgajSc1BTJLBLgGZlg9Dl0zQWunPtcf3Q05ZfNUgUQ7y%2BgEMjLpBcpOJ6OOeaLNVRPRVNhJmoiE21YLK7T%2FL1nCCjzVvDy4lJ8QBYA%2FkDFNWeNNssh2NJ5816Cs6xw7kwbqtf4zNkE7Iv0%3D"}],"group":"cf-nel","max_age":604800}
NEL: {"success_fraction":0,"report_to":"cf-nel","max_age":604800}
Server: cloudflare
CF-RAY: 89bf2eb8ec2a6404-LHR
alt-svc: h3=":443"; ma=86400

{
    "success": true,
    "message": "User successfully removed"
}
HTTP/1.1 202 Accepted
Date: Sun, 30 Jun 2024 15:27:48 GMT
Content-Type: application/json; charset=utf-8
Content-Length: 54
Connection: keep-alive
X-Powered-By: Express
Access-Control-Allow-Origin: *
ETag: W/"36-hDmZnQ3Ou/ynnqAeC6TYmyseuzY"
CF-Cache-Status: DYNAMIC
Report-To: {"endpoints":[{"url":"https:\/\/a.nel.cloudflare.com\/report\/v4?s=Jm6nnVMDklRcHvgajSc1BTJLBLgGZlg9Dl0zQWunPtcf3Q05ZfNUgUQ7y%2BgEMjLpBcpOJ6OOeaLNVRPRVNhJmoiE21YLK7T%2FL1nCCjzVvDy4lJ8QBYA%2FkDFNWeNNssh2NJ5816Cs6xw7kwbqtf4zNkE7Iv0%3D"}],"group":"cf-nel","max_age":604800}
NEL: {"success_fraction":0,"report_to":"cf-nel","max_age":604800}
Server: cloudflare
CF-RAY: 89bf2eb8ec2a6404-LHR
alt-svc: h3=":443"; ma=86400

{
    "success": true,
    "message": "User successfully removed"
}
HTTP/1.1 202 Accepted
Date: Sun, 30 Jun 2024 15:27:48 GMT
Content-Type: application/json; charset=utf-8
Content-Length: 54
Connection: keep-alive
X-Powered-By: Express
Access-Control-Allow-Origin: *
ETag: W/"36-hDmZnQ3Ou/ynnqAeC6TYmyseuzY"
CF-Cache-Status: DYNAMIC
Report-To: {"endpoints":[{"url":"https:\/\/a.nel.cloudflare.com\/report\/v4?s=Jm6nnVMDklRcHvgajSc1BTJLBLgGZlg9Dl0zQWunPtcf3Q05ZfNUgUQ7y%2BgEMjLpBcpOJ6OOeaLNVRPRVNhJmoiE21YLK7T%2FL1nCCjzVvDy4lJ8QBYA%2FkDFNWeNNssh2NJ5816Cs6xw7kwbqtf4zNkE7Iv0%3D"}],"group":"cf-nel","max_age":604800}
NEL: {"success_fraction":0,"report_to":"cf-nel","max_age":604800}
Server: cloudflare
CF-RAY: 89bf2eb8ec2a6404-LHR
alt-svc: h3=":443"; ma=86400

{
    "success": true,
    "message": "User successfully removed"
}
HTTP/1.1 202 Accepted
Date: Sun, 30 Jun 2024 15:27:48 GMT
Content-Type: application/json; charset=utf-8
Content-Length: 54
Connection: keep-alive
X-Powered-By: Express
Access-Control-Allow-Origin: *
ETag: W/"36-hDmZnQ3Ou/ynnqAeC6TYmyseuzY"
CF-Cache-Status: DYNAMIC
Report-To: {"endpoints":[{"url":"https:\/\/a.nel.cloudflare.com\/report\/v4?s=Jm6nnVMDklRcHvgajSc1BTJLBLgGZlg9Dl0zQWunPtcf3Q05ZfNUgUQ7y%2BgEMjLpBcpOJ6OOeaLNVRPRVNhJmoiE21YLK7T%2FL1nCCjzVvDy4lJ8QBYA%2FkDFNWeNNssh2NJ5816Cs6xw7kwbqtf4zNkE7Iv0%3D"}],"group":"cf-nel","max_age":604800}
NEL: {"success_fraction":0,"report_to":"cf-nel","max_age":604800}
Server: cloudflare
CF-RAY: 89bf2eb8ec2a6404-LHR
alt-svc: h3=":443"; ma=86400

{
    "success": true,
    "message": "User successfully removed"
}
HTTP/1.1 202 Accepted
Date: Sun, 30 Jun 2024 15:27:48 GMT
Content-Type: application/json; charset=utf-8
Content-Length: 54
Connection: keep-alive
X-Powered-By: Express
Access-Control-Allow-Origin: *
ETag: W/"36-hDmZnQ3Ou/ynnqAeC6TYmyseuzY"
CF-Cache-Status: DYNAMIC
Report-To: {"endpoints":[{"url":"https:\/\/a.nel.cloudflare.com\/report\/v4?s=Jm6nnVMDklRcHvgajSc1BTJLBLgGZlg9Dl0zQWunPtcf3Q05ZfNUgUQ7y%2BgEMjLpBcpOJ6OOeaLNVRPRVNhJmoiE21YLK7T%2FL1nCCjzVvDy4lJ8QBYA%2FkDFNWeNNssh2NJ5816Cs6xw7kwbqtf4zNkE7Iv0%3D"}],"group":"cf-nel","max_age":604800}
NEL: {"success_fraction":0,"report_to":"cf-nel","max_age":604800}
Server: cloudflare
CF-RAY: 89bf2eb8ec2a6404-LHR
alt-svc: h3=":443"; ma=86400

{
    "success": true,
    "message": "User successfully removed"
}
HTTP/1.1 202 Accepted
Date: Sun, 30 Jun 2024 15:27:48 GMT
Content-Type: application/json; charset=utf-8
Content-Length: 54
Connection: keep-alive
X-Powered-By: Express
Access-Control-Allow-Origin: *
ETag: W/"36-hDmZnQ3Ou/ynnqAeC6TYmyseuzY"
CF-Cache-Status: DYNAMIC
Report-To: {"endpoints":[{"url":"https:\/\/a.nel.cloudflare.com\/report\/v4?s=Jm6nnVMDklRcHvgajSc1BTJLBLgGZlg9Dl0zQWunPtcf3Q05ZfNUgUQ7y%2BgEMjLpBcpOJ6OOeaLNVRPRVNhJmoiE21YLK7T%2FL1nCCjzVvDy4lJ8QBYA%2FkDFNWeNNssh2NJ5816Cs6xw7kwbqtf4zNkE7Iv0%3D"}],"group":"cf-nel","max_age":604800}
NEL: {"success_fraction":0,"report_to":"cf-nel","max_age":604800}
Server: cloudflare
CF-RAY: 89bf2eb8ec2a6404-LHR
alt-svc: h3=":443"; ma=86400

{
    "success": true,
    "message": "User successfully removed"
}
HTTP/1.1 202 Accepted
Date: Sun, 30 Jun 2024 15:27:48 GMT
Content-Type: application/json; charset=utf-8
Content-Length: 54
Connection: keep-alive
X-Powered-By: Express
Access-Control-Allow-Origin: *
ETag: W/"36-hDmZnQ3Ou/ynnqAeC6TYmyseuzY"
CF-Cache-Status: DYNAMIC
Report-To: {"endpoints":[{"url":"https:\/\/a.nel.cloudflare.com\/report\/v4?s=Jm6nnVMDklRcHvgajSc1BTJLBLgGZlg9Dl0zQWunPtcf3Q05ZfNUgUQ7y%2BgEMjLpBcpOJ6OOeaLNVRPRVNhJmoiE21YLK7T%2FL1nCCjzVvDy4lJ8QBYA%2FkDFNWeNNssh2NJ5816Cs6xw7kwbqtf4zNkE7Iv0%3D"}],"group":"cf-nel","max_age":604800}
NEL: {"success_fraction":0,"report_to":"cf-nel","max_age":604800}
Server: cloudflare
CF-RAY: 89bf2eb8ec2a6404-LHR
alt-svc: h3=":443"; ma=86400

{
    "success": true,
    "message": "User successfully removed"
}
HTTP/1.1 202 Accepted
Date: Sun, 30 Jun 2024 15:27:48 GMT
Content-Type: application/json; charset=utf-8
Content-Length: 54
Connection: keep-alive
X-Powered-By: Express
Access-Control-Allow-Origin: *
ETag: W/"36-hDmZnQ3Ou/ynnqAeC6TYmyseuzY"
CF-Cache-Status: DYNAMIC
Report-To: {"endpoints":[{"url":"https:\/\/a.nel.cloudflare.com\/report\/v4?s=Jm6nnVMDklRcHvgajSc1BTJLBLgGZlg9Dl0zQWunPtcf3Q05ZfNUgUQ7y%2BgEMjLpBcpOJ6OOeaLNVRPRVNhJmoiE21YLK7T%2FL1nCCjzVvDy4lJ8QBYA%2FkDFNWeNNssh2NJ5816Cs6xw7kwbqtf4zNkE7Iv0%3D"}],"group":"cf-nel","max_age":604800}
NEL: {"success_fraction":0,"report_to":"cf-nel","max_age":604800}
Server: cloudflare
CF-RAY: 89bf2eb8ec2a6404-LHR
alt-svc: h3=":443"; ma=86400

{
    "success": true,
    "message": "User successfully removed"
}
HTTP/1.1 202 Accepted
Date: Sun, 30 Jun 2024 15:27:48 GMT
Content-Type: application/json; charset=utf-8
Content-Length: 54
Connection: keep-alive
X-Powered-By: Express
Access-Control-Allow-Origin: *
ETag: W/"36-hDmZnQ3Ou/ynnqAeC6TYmyseuzY"
CF-Cache-Status: DYNAMIC
Report-To: {"endpoints":[{"url":"https:\/\/a.nel.cloudflare.com\/report\/v4?s=Jm6nnVMDklRcHvgajSc1BTJLBLgGZlg9Dl0zQWunPtcf3Q05ZfNUgUQ7y%2BgEMjLpBcpOJ6OOeaLNVRPRVNhJmoiE21YLK7T%2FL1nCCjzVvDy4lJ8QBYA%2FkDFNWeNNssh2NJ5816Cs6xw7kwbqtf4zNkE7Iv0%3D"}],"group":"cf-nel","max_age":604800}
NEL: {"success_fraction":0,"report_to":"cf-nel","max_age":604800}
Server: cloudflare
CF-RAY: 89bf2eb8ec2a6404-LHR
alt-svc: h3=":443"; ma=86400

{
    "success": true,
    "message": "User successfully removed"
}
HTTP/1.1 202 Accepted
Date: Sun, 30 Jun 2024 15:27:48 GMT
Content-Type: application/json; charset=utf-8
Content-Length: 54
Connection: keep-alive
X-Powered-By: Express
Access-Control-Allow-Origin: *
ETag: W/"36-hDmZnQ3Ou/ynnqAeC6TYmyseuzY"
CF-Cache-Status: DYNAMIC
Report-To: {"endpoints":[{"url":"https:\/\/a.nel.cloudflare.com\/report\/v4?s=Jm6nnVMDklRcHvgajSc1BTJLBLgGZlg9Dl0zQWunPtcf3Q05ZfNUgUQ7y%2BgEMjLpBcpOJ6OOeaLNVRPRVNhJmoiE21YLK7T%2FL1nCCjzVvDy4lJ8QBYA%2FkDFNWeNNssh2NJ5816Cs6xw7kwbqtf4zNkE7Iv0%3D"}],"group":"cf-nel","max_age":604800}
NEL: {"success_fraction":0,"report_to":"cf-nel","max_age":604800}
Server: cloudflare
CF-RAY: 89bf2eb8ec2a6404-LHR
alt-svc: h3=":443"; ma=86400

{
    "success": true,
    "message": "User successfully removed"
}
HTTP/1.1 202 Accepted
Date: Sun, 30 Jun 2024 15:27:48 GMT
Content-Type: application/json; charset=utf-8
Content-Length: 54
Connection: keep-alive
X-Powered-By: Express
Access-Control-Allow-Origin: *
ETag: W/"36-hDmZnQ3Ou/ynnqAeC6TYmyseuzY"
CF-Cache-Status: DYNAMIC
Report-To: {"endpoints":[{"url":"https:\/\/a.nel.cloudflare.com\/report\/v4?s=Jm6nnVMDklRcHvgajSc1BTJLBLgGZlg9Dl0zQWunPtcf3Q05ZfNUgUQ7y%2BgEMjLpBcpOJ6OOeaLNVRPRVNhJmoiE21YLK7T%2FL1nCCjzVvDy4lJ8QBYA%2FkDFNWeNNssh2NJ5816Cs6xw7kwbqtf4zNkE7Iv0%3D"}],"group":"cf-nel","max_age":604800}
NEL: {"success_fraction":0,"report_to":"cf-nel","max_age":604800}
Server: cloudflare
CF-RAY: 89bf2eb8ec2a6404-LHR
alt-svc: h3=":443"; ma=86400

{
    "success": true,
    "message": "User successfully removed"
}
HTTP/1.1 202 Accepted
Date: Sun, 30 Jun 2024 15:27:48 GMT
Content-Type: application/json; charset=utf-8
Content-Length: 54
Connection: keep-alive
X-Powered-By: Express
Access-Control-Allow-Origin: *
ETag: W/"36-hDmZnQ3Ou/ynnqAeC6TYmyseuzY"
CF-Cache-Status: DYNAMIC
Report-To: {"endpoints":[{"url":"https:\/\/a.nel.cloudflare.com\/report\/v4?s=Jm6nnVMDklRcHvgajSc1BTJLBLgGZlg9Dl0zQWunPtcf3Q05ZfNUgUQ7y%2BgEMjLpBcpOJ6OOeaLNVRPRVNhJmoiE21YLK7T%2FL1nCCjzVvDy4lJ8QBYA%2FkDFNWeNNssh2NJ5816Cs6xw7kwbqtf4zNkE7Iv0%3D"}],"group":"cf-nel","max_age":604800}
NEL: {"success_fraction":0,"report_to":"cf-nel","max_age":604800}
Server: cloudflare
CF-RAY: 89bf2eb8ec2a6404-LHR
alt-svc: h3=":443"; ma=86400

{
    "success": true,
    "message": "User successfully removed"
}
HTTP/1.1 202 Accepted
Date: Sun, 30 Jun 2024 15:27:48 GMT
Content-Type: application/json; charset=utf-8
Content-Length: 54
Connection: keep-alive
X-Powered-By: Express
Access-Control-Allow-Origin: *
ETag: W/"36-hDmZnQ3Ou/ynnqAeC6TYmyseuzY"
CF-Cache-Status: DYNAMIC
Report-To: {"endpoints":[{"url":"https:\/\/a.nel.cloudflare.com\/report\/v4?s=Jm6nnVMDklRcHvgajSc1BTJLBLgGZlg9Dl0zQWunPtcf3Q05ZfNUgUQ7y%2BgEMjLpBcpOJ6OOeaLNVRPRVNhJmoiE21YLK7T%2FL1nCCjzVvDy4lJ8QBYA%2FkDFNWeNNssh2NJ5816Cs6xw7kwbqtf4zNkE7Iv0%3D"}],"group":"cf-nel","max_age":604800}
NEL: {"success_fraction":0,"report_to":"cf-nel","max_age":604800}
Server: cloudflare
CF-RAY: 89bf2eb8ec2a6404-LHR
alt-svc: h3=":443"; ma=86400

{
    "success": true,
    "message": "User successfully removed"
}
HTTP/1.1 202 Accepted
Date: Sun, 30 Jun 2024 15:27:48 GMT
Content-Type: application/json; charset=utf-8
Content-Length: 54
Connection: keep-alive
X-Powered-By: Express
Access-Control-Allow-Origin: *
ETag: W/"36-hDmZnQ3Ou/ynnqAeC6TYmyseuzY"
CF-Cache-Status: DYNAMIC
Report-To: {"endpoints":[{"url":"https:\/\/a.nel.cloudflare.com\/report\/v4?s=Jm6nnVMDklRcHvgajSc1BTJLBLgGZlg9Dl0zQWunPtcf3Q05ZfNUgUQ7y%2BgEMjLpBcpOJ6OOeaLNVRPRVNhJmoiE21YLK7T%2FL1nCCjzVvDy4lJ8QBYA%2FkDFNWeNNssh2NJ5816Cs6xw7kwbqtf4zNkE7Iv0%3D"}],"group":"cf-nel","max_age":604800}
NEL: {"success_fraction":0,"report_to":"cf-nel","max_age":604800}
Server: cloudflare
CF-RAY: 89bf2eb8ec2a6404-LHR
alt-svc: h3=":443"; ma=86400

{
    "success": true,
    "message": "User successfully removed"
}
HTTP/1.1 202 Accepted
Date: Sun, 30 Jun 2024 15:27:48 GMT
Content-Type: application/json; charset=utf-8
Content-Length: 54
Connection: keep-alive
X-Powered-By: Express
Access-Control-Allow-Origin: *
ETag: W/"36-hDmZnQ3Ou/ynnqAeC6TYmyseuzY"
CF-Cache-Status: DYNAMIC
Report-To: {"endpoints":[{"url":"https:\/\/a.nel.cloudflare.com\/report\/v4?s=Jm6nnVMDklRcHvgajSc1BTJLBLgGZlg9Dl0zQWunPtcf3Q05ZfNUgUQ7y%2BgEMjLpBcpOJ6OOeaLNVRPRVNhJmoiE21YLK7T%2FL1nCCjzVvDy4lJ8QBYA%2FkDFNWeNNssh2NJ5816Cs6xw7kwbqtf4zNkE7Iv0%3D"}],"group":"cf-nel","max_age":604800}
NEL: {"success_fraction":0,"report_to":"cf-nel","max_age":604800}
Server: cloudflare
CF-RAY: 89bf2eb8ec2a6404-LHR
alt-svc: h3=":443"; ma=86400

{
    "success": true,
    "message": "User successfully removed"
}
HTTP/1.1 202 Accepted
Date: Sun, 30 Jun 2024 15:27:48 GMT
Content-Type: application/json; charset=utf-8
Content-Length: 54
Connection: keep-alive
X-Powered-By: Express
Access-Control-Allow-Origin: *
ETag: W/"36-hDmZnQ3Ou/ynnqAeC6TYmyseuzY"
CF-Cache-Status: DYNAMIC
Report-To: {"endpoints":[{"url":"https:\/\/a.nel.cloudflare.com\/report\/v4?s=Jm6nnVMDklRcHvgajSc1BTJLBLgGZlg9Dl0zQWunPtcf3Q05ZfNUgUQ7y%2BgEMjLpBcpOJ6OOeaLNVRPRVNhJmoiE21YLK7T%2FL1nCCjzVvDy4lJ8QBYA%2FkDFNWeNNssh2NJ5816Cs6xw7kwbqtf4zNkE7Iv0%3D"}],"group":"cf-nel","max_age":604800}
NEL: {"success_fraction":0,"report_to":"cf-nel","max_age":604800}
Server: cloudflare
CF-RAY: 89bf2eb8ec2a6404-LHR
alt-svc: h3=":443"; ma=86400

{
    "success": true,
    "message": "User successfully removed"
}
HTTP/1.1 202 Accepted
Date: Sun, 30 Jun 2024 15:27:48 GMT
Content-Type: application/json; charset=utf-8
Content-Length: 54
Connection: keep-alive
X-Powered-By: Express
Access-Control-Allow-Origin: *
ETag: W/"36-hDmZnQ3Ou/ynnqAeC6TYmyseuzY"
CF-Cache-Status: DYNAMIC
Report-To: {"endpoints":[{"url":"https:\/\/a.nel.cloudflare.com\/report\/v4?s=Jm6nnVMDklRcHvgajSc1BTJLBLgGZlg9Dl0zQWunPtcf3Q05ZfNUgUQ7y%2BgEMjLpBcpOJ6OOeaLNVRPRVNhJmoiE21YLK7T%2FL1nCCjzVvDy4lJ8QBYA%2FkDFNWeNNssh2NJ5816Cs6xw7kwbqtf4zNkE7Iv0%3D"}],"group":"cf-nel","max_age":604800}
NEL: {"success_fraction":0,"report_to":"cf-nel","max_age":604800}
Server: cloudflare
CF-RAY: 89bf2eb8ec2a6404-LHR
alt-svc: h3=":443"; ma=86400

{
    "success": true,
    "message": "User successfully removed"
}
HTTP/1.1 202 Accepted
Date: Sun, 30 Jun 2024 15:27:48 GMT
Content-Type: application/json; charset=utf-8
Content-Length: 54
Connection: keep-alive
X-Powered-By: Express
Access-Control-Allow-Origin: *
ETag: W/"36-hDmZnQ3Ou/ynnqAeC6TYmyseuzY"
CF-Cache-Status: DYNAMIC
Report-To: {"endpoints":[{"url":"https:\/\/a.nel.cloudflare.com\/report\/v4?s=Jm6nnVMDklRcHvgajSc1BTJLBLgGZlg9Dl0zQWunPtcf3Q05ZfNUgUQ7y%2BgEMjLpBcpOJ6OOeaLNVRPRVNhJmoiE21YLK7T%2FL1nCCjzVvDy4lJ8QBYA%2FkDFNWeNNssh2NJ5816Cs6xw7kwbqtf4zNkE7Iv0%3D"}],"group":"cf-nel","max_age":604800}
NEL: {"success_fraction":0,"report_to":"cf-nel","max_age":604800}
Server: cloudflare
CF-RAY: 89bf2eb8ec2a6404-LHR
alt-svc: h3=":443"; ma=86400

{
    "success": true,
    "message": "User successfully removed"
}
HTTP/1.1 202 Accepted
Date: Sun, 30 Jun 2024 15:27:48 GMT
Content-Type: application/json; charset=utf-8
Content-Length: 54
Connection: keep-alive
X-Powered-By: Express
Access-Control-Allow-Origin: *
ETag: W/"36-hDmZnQ3Ou/ynnqAeC6TYmyseuzY"
CF-Cache-Status: DYNAMIC
Report-To: {"endpoints":[{"url":"https:\/\/a.nel.cloudflare.com\/report\/v4?s=Jm6nnVMDklRcHvgajSc1BTJLBLgGZlg9Dl0zQWunPtcf3Q05ZfNUgUQ7y%2BgEMjLpBcpOJ6OOeaLNVRPRVNhJmoiE21YLK7T%2FL1nCCjzVvDy4lJ8QBYA%2FkDFNWeNNssh2NJ5816Cs6xw7kwbqtf4zNkE7Iv0%3D"}],"group":"cf-nel","max_age":604800}
NEL: {"success_fraction":0,"report_to":"cf-nel","max_age":604800}
Server: cloudflare
CF-RAY: 89bf2eb8ec2a6404-LHR
alt-svc: h3=":443"; ma=86400

{
    "success": true,
    "message": "User successfully removed"
}
HTTP/1.1 202 Accepted
Date: Sun, 30 Jun 2024 15:27:48 GMT
Content-Type: application/json; charset=utf-8
Content-Length: 54
Connection: keep-alive
X-Powered-By: Express
Access-Control-Allow-Origin: *
ETag: W/"36-hDmZnQ3Ou/ynnqAeC6TYmyseuzY"
CF-Cache-Status: DYNAMIC
Report-To: {"endpoints":[{"url":"https:\/\/a.nel.cloudflare.com\/report\/v4?s=Jm6nnVMDklRcHvgajSc1BTJLBLgGZlg9Dl0zQWunPtcf3Q05ZfNUgUQ7y%2BgEMjLpBcpOJ6OOeaLNVRPRVNhJmoiE21YLK7T%2FL1nCCjzVvDy4lJ8QBYA%2FkDFNWeNNssh2NJ5816Cs6xw7kwbqtf4zNkE7Iv0%3D"}],"group":"cf-nel","max_age":604800}
NEL: {"success_fraction":0,"report_to":"cf-nel","max_age":604800}
Server: cloudflare
CF-RAY: 89bf2eb8ec2a6404-LHR
alt-svc: h3=":443"; ma=86400

{
    "success": true,
    "message": "User successfully removed"
}
HTTP/1.1 202 Accepted
Date: Sun, 30 Jun 2024 15:27:48 GMT
Content-Type: application/json; charset=utf-8
Content-Length: 54
Connection: keep-alive
X-Powered-By: Express
Access-Control-Allow-Origin: *
ETag: W/"36-hDmZnQ3Ou/ynnqAeC6TYmyseuzY"
CF-Cache-Status: DYNAMIC
Report-To: {"endpoints":[{"url":"https:\/\/a.nel.cloudflare.com\/report\/v4?s=Jm6nnVMDklRcHvgajSc1BTJLBLgGZlg9Dl0zQWunPtcf3Q05ZfNUgUQ7y%2BgEMjLpBcpOJ6OOeaLNVRPRVNhJmoiE21YLK7T%2FL1nCCjzVvDy4lJ8QBYA%2FkDFNWeNNssh2NJ5816Cs6xw7kwbqtf4zNkE7Iv0%3D"}],"group":"cf-nel","max_age":604800}
NEL: {"success_fraction":0,"report_to":"cf-nel","max_age":604800}
Server: cloudflare
CF-RAY: 89bf2eb8ec2a6404-LHR
alt-svc: h3=":443"; ma=86400

{
    "success": true,
    "message": "User successfully removed"
}
HTTP/1.1 202 Accepted
Date: Sun, 30 Jun 2024 15:27:48 GMT
Content-Type: application/json; charset=utf-8
Content-Length: 54
Connection: keep-alive
X-Powered-By: Express
Access-Control-Allow-Origin: *
ETag: W/"36-hDmZnQ3Ou/ynnqAeC6TYmyseuzY"
CF-Cache-Status: DYNAMIC
Report-To: {"endpoints":[{"url":"https:\/\/a.nel.cloudflare.com\/report\/v4?s=Jm6nnVMDklRcHvgajSc1BTJLBLgGZlg9Dl0zQWunPtcf3Q05ZfNUgUQ7y%2BgEMjLpBcpOJ6OOeaLNVRPRVNhJmoiE21YLK7T%2FL1nCCjzVvDy4lJ8QBYA%2FkDFNWeNNssh2NJ5816Cs6xw7kwbqtf4zNkE7Iv0%3D"}],"group":"cf-nel","max_age":604800}
NEL: {"success_fraction":0,"report_to":"cf-nel","max_age":604800}
Server: cloudflare
CF-RAY: 89bf2eb8ec2a6404-LHR
alt-svc: h3=":443"; ma=86400

{
    "success": true,
    "message": "User successfully removed"
}
HTTP/1.1 202 Accepted
Date: Sun, 30 Jun 2024 15:27:48 GMT
Content-Type: application/json; charset=utf-8
Content-Length: 54
Connection: keep-alive
X-Powered-By: Express
Access-Control-Allow-Origin: *
ETag: W/"36-hDmZnQ3Ou/ynnqAeC6TYmyseuzY"
CF-Cache-Status: DYNAMIC
Report-To: {"endpoints":[{"url":"https:\/\/a.nel.cloudflare.com\/report\/v4?s=Jm6nnVMDklRcHvgajSc1BTJLBLgGZlg9Dl0zQWunPtcf3Q05ZfNUgUQ7y%2BgEMjLpBcpOJ6OOeaLNVRPRVNhJmoiE21YLK7T%2FL1nCCjzVvDy4lJ8QBYA%2FkDFNWeNNssh2NJ5816Cs6xw7kwbqtf4zNkE7Iv0%3D"}],"group":"cf-nel","max_age":604800}
NEL: {"success_fraction":0,"report_to":"cf-nel","max_age":604800}
Server: cloudflare
CF-RAY: 89bf2eb8ec2a6404-LHR
alt-svc: h3=":443"; ma=86400

{
    "success": true,
    "message": "User successfully removed"
}
HTTP/1.1 202 Accepted
Date: Sun, 30 Jun 2024 15:27:48 GMT
Content-Type: application/json; charset=utf-8
Content-Length: 54
Connection: keep-alive
X-Powered-By: Express
Access-Control-Allow-Origin: *
ETag: W/"36-hDmZnQ3Ou/ynnqAeC6TYmyseuzY"
CF-Cache-Status: DYNAMIC
Report-To: {"endpoints":[{"url":"https:\/\/a.nel.cloudflare.com\/report\/v4?s=Jm6nnVMDklRcHvgajSc1BTJLBLgGZlg9Dl0zQWunPtcf3Q05ZfNUgUQ7y%2BgEMjLpBcpOJ6OOeaLNVRPRVNhJmoiE21YLK7T%2FL1nCCjzVvDy4lJ8QBYA%2FkDFNWeNNssh2NJ5816Cs6xw7kwbqtf4zNkE7Iv0%3D"}],"group":"cf-nel","max_age":604800}
NEL: {"success_fraction":0,"report_to":"cf-nel","max_age":604800}
Server: cloudflare
CF-RAY: 89bf2eb8ec2a6404-LHR
alt-svc: h3=":443"; ma=86400

{
    "success": true,
    "message": "User successfully removed"
}
HTTP/1.1 202 Accepted
Date: Sun, 30 Jun 2024 15:27:48 GMT
Content-Type: application/json; charset=utf-8
Content-Length: 54
Connection: keep-alive
X-Powered-By: Express
Access-Control-Allow-Origin: *
ETag: W/"36-hDmZnQ3Ou/ynnqAeC6TYmyseuzY"
CF-Cache-Status: DYNAMIC
Report-To: {"endpoints":[{"url":"https:\/\/a.nel.cloudflare.com\/report\/v4?s=Jm6nnVMDklRcHvgajSc1BTJLBLgGZlg9Dl0zQWunPtcf3Q05ZfNUgUQ7y%2BgEMjLpBcpOJ6OOeaLNVRPRVNhJmoiE21YLK7T%2FL1nCCjzVvDy4lJ8QBYA%2FkDFNWeNNssh2NJ5816Cs6xw7kwbqtf4zNkE7Iv0%3D"}],"group":"cf-nel","max_age":604800}
NEL: {"success_fraction":0,"report_to":"cf-nel","max_age":604800}
Server: cloudflare
CF-RAY: 89bf2eb8ec2a6404-LHR
alt-svc: h3=":443"; ma=86400

{
    "success": true,
    "message": "User successfully removed"
}
]]></system-out>
  </testcase>
</testsuite>