<?xml version="1.0" encoding="UTF-8"?>
<testsuite xmlns:xsi="http://www.w3.org/2001/XMLSchema-instance" xsi:noNamespaceSchemaLocation="https://maven.apache.org/surefire/maven-surefire-plugin/xsd/surefire-test-report-3.0.xsd" version="3.0" name="UpdateUserTest" time="8.572" tests="6" errors="0" skipped="0" failures="0">
  <properties>
    <property name="sun.desktop" value="windows"/>
    <property name="awt.toolkit" value="sun.awt.windows.WToolkit"/>
    <property name="java.specification.version" value="11"/>
    <property name="sun.cpu.isalist" value="amd64"/>
    <property name="sun.jnu.encoding" value="Cp1251"/>
    <property name="java.class.path" value="D:\projects\Diplom\Diplom_2\target\test-classes;D:\projects\Diplom\Diplom_2\target\classes;C:\Users\User\.m2\repository\junit\junit\4.13.2\junit-4.13.2.jar;C:\Users\User\.m2\repository\org\hamcrest\hamcrest-core\1.3\hamcrest-core-1.3.jar;C:\Users\User\.m2\repository\io\rest-assured\rest-assured\5.4.0\rest-assured-5.4.0.jar;C:\Users\User\.m2\repository\org\apache\groovy\groovy\4.0.16\groovy-4.0.16.jar;C:\Users\User\.m2\repository\org\apache\groovy\groovy-xml\4.0.16\groovy-xml-4.0.16.jar;C:\Users\User\.m2\repository\org\apache\httpcomponents\httpclient\4.5.13\httpclient-4.5.13.jar;C:\Users\User\.m2\repository\org\apache\httpcomponents\httpcore\4.4.13\httpcore-4.4.13.jar;C:\Users\User\.m2\repository\commons-logging\commons-logging\1.2\commons-logging-1.2.jar;C:\Users\User\.m2\repository\commons-codec\commons-codec\1.11\commons-codec-1.11.jar;C:\Users\User\.m2\repository\org\apache\httpcomponents\httpmime\4.5.13\httpmime-4.5.13.jar;C:\Users\User\.m2\repository\org\hamcrest\hamcrest\2.2\hamcrest-2.2.jar;C:\Users\User\.m2\repository\org\ccil\cowan\tagsoup\tagsoup\1.2.1\tagsoup-1.2.1.jar;C:\Users\User\.m2\repository\io\rest-assured\json-path\5.4.0\json-path-5.4.0.jar;C:\Users\User\.m2\repository\org\apache\groovy\groovy-json\4.0.16\groovy-json-4.0.16.jar;C:\Users\User\.m2\repository\io\rest-assured\rest-assured-common\5.4.0\rest-assured-common-5.4.0.jar;C:\Users\User\.m2\repository\io\rest-assured\xml-path\5.4.0\xml-path-5.4.0.jar;C:\Users\User\.m2\repository\org\apache\commons\commons-lang3\3.11\commons-lang3-3.11.jar;C:\Users\User\.m2\repository\io\qameta\allure\allure-junit4\2.15.0\allure-junit4-2.15.0.jar;C:\Users\User\.m2\repository\io\qameta\allure\allure-java-commons\2.15.0\allure-java-commons-2.15.0.jar;C:\Users\User\.m2\repository\org\slf4j\slf4j-api\1.7.30\slf4j-api-1.7.30.jar;C:\Users\User\.m2\repository\io\qameta\allure\allure-model\2.15.0\allure-model-2.15.0.jar;C:\Users\User\.m2\repository\io\qameta\allure\allure-rest-assured\2.15.0\allure-rest-assured-2.15.0.jar;C:\Users\User\.m2\repository\io\qameta\allure\allure-attachments\2.15.0\allure-attachments-2.15.0.jar;C:\Users\User\.m2\repository\org\freemarker\freemarker\2.3.31\freemarker-2.3.31.jar;C:\Users\User\.m2\repository\org\projectlombok\lombok\1.18.32\lombok-1.18.32.jar;C:\Users\User\.m2\repository\com\google\code\gson\gson\2.11.0\gson-2.11.0.jar;C:\Users\User\.m2\repository\com\google\errorprone\error_prone_annotations\2.27.0\error_prone_annotations-2.27.0.jar;"/>
    <property name="java.vm.vendor" value="Amazon.com Inc."/>
    <property name="sun.arch.data.model" value="64"/>
    <property name="user.variant" value=""/>
    <property name="java.vendor.url" value="https://aws.amazon.com/corretto/"/>
    <property name="user.timezone" value="Europe/Moscow"/>
    <property name="java.vm.specification.version" value="11"/>
    <property name="os.name" value="Windows 10"/>
    <property name="sun.java.launcher" value="SUN_STANDARD"/>
    <property name="user.country" value="RU"/>
    <property name="sun.boot.library.path" value="C:\Program Files\Amazon Corretto\jdk11.0.22_7\bin"/>
    <property name="sun.java.command" value="C:\Users\User\AppData\Local\Temp\surefire6552429497858181900\surefirebooter-20240630182716301_3.jar C:\Users\User\AppData\Local\Temp\surefire6552429497858181900 2024-06-30T18-27-15_670-jvmRun1 surefire-20240630182716301_1tmp surefire_0-20240630182716301_2tmp"/>
    <property name="jdk.debug" value="release"/>
    <property name="surefire.test.class.path" value="D:\projects\Diplom\Diplom_2\target\test-classes;D:\projects\Diplom\Diplom_2\target\classes;C:\Users\User\.m2\repository\junit\junit\4.13.2\junit-4.13.2.jar;C:\Users\User\.m2\repository\org\hamcrest\hamcrest-core\1.3\hamcrest-core-1.3.jar;C:\Users\User\.m2\repository\io\rest-assured\rest-assured\5.4.0\rest-assured-5.4.0.jar;C:\Users\User\.m2\repository\org\apache\groovy\groovy\4.0.16\groovy-4.0.16.jar;C:\Users\User\.m2\repository\org\apache\groovy\groovy-xml\4.0.16\groovy-xml-4.0.16.jar;C:\Users\User\.m2\repository\org\apache\httpcomponents\httpclient\4.5.13\httpclient-4.5.13.jar;C:\Users\User\.m2\repository\org\apache\httpcomponents\httpcore\4.4.13\httpcore-4.4.13.jar;C:\Users\User\.m2\repository\commons-logging\commons-logging\1.2\commons-logging-1.2.jar;C:\Users\User\.m2\repository\commons-codec\commons-codec\1.11\commons-codec-1.11.jar;C:\Users\User\.m2\repository\org\apache\httpcomponents\httpmime\4.5.13\httpmime-4.5.13.jar;C:\Users\User\.m2\repository\org\hamcrest\hamcrest\2.2\hamcrest-2.2.jar;C:\Users\User\.m2\repository\org\ccil\cowan\tagsoup\tagsoup\1.2.1\tagsoup-1.2.1.jar;C:\Users\User\.m2\repository\io\rest-assured\json-path\5.4.0\json-path-5.4.0.jar;C:\Users\User\.m2\repository\org\apache\groovy\groovy-json\4.0.16\groovy-json-4.0.16.jar;C:\Users\User\.m2\repository\io\rest-assured\rest-assured-common\5.4.0\rest-assured-common-5.4.0.jar;C:\Users\User\.m2\repository\io\rest-assured\xml-path\5.4.0\xml-path-5.4.0.jar;C:\Users\User\.m2\repository\org\apache\commons\commons-lang3\3.11\commons-lang3-3.11.jar;C:\Users\User\.m2\repository\io\qameta\allure\allure-junit4\2.15.0\allure-junit4-2.15.0.jar;C:\Users\User\.m2\repository\io\qameta\allure\allure-java-commons\2.15.0\allure-java-commons-2.15.0.jar;C:\Users\User\.m2\repository\org\slf4j\slf4j-api\1.7.30\slf4j-api-1.7.30.jar;C:\Users\User\.m2\repository\io\qameta\allure\allure-model\2.15.0\allure-model-2.15.0.jar;C:\Users\User\.m2\repository\io\qameta\allure\allure-rest-assured\2.15.0\allure-rest-assured-2.15.0.jar;C:\Users\User\.m2\repository\io\qameta\allure\allure-attachments\2.15.0\allure-attachments-2.15.0.jar;C:\Users\User\.m2\repository\org\freemarker\freemarker\2.3.31\freemarker-2.3.31.jar;C:\Users\User\.m2\repository\org\projectlombok\lombok\1.18.32\lombok-1.18.32.jar;C:\Users\User\.m2\repository\com\google\code\gson\gson\2.11.0\gson-2.11.0.jar;C:\Users\User\.m2\repository\com\google\errorprone\error_prone_annotations\2.27.0\error_prone_annotations-2.27.0.jar;"/>
    <property name="sun.cpu.endian" value="little"/>
    <property name="allure.results.directory" value="D:\projects\Diplom\Diplom_2\target/allure-results"/>
    <property name="user.home" value="C:\Users\User"/>
    <property name="user.language" value="ru"/>
    <property name="java.specification.vendor" value="Oracle Corporation"/>
    <property name="java.version.date" value="2024-01-16"/>
    <property name="java.home" value="C:\Program Files\Amazon Corretto\jdk11.0.22_7"/>
    <property name="file.separator" value="\"/>
    <property name="basedir" value="D:\projects\Diplom\Diplom_2"/>
    <property name="java.vm.compressedOopsMode" value="32-bit"/>
    <property name="line.separator" value="&#10;"/>
    <property name="java.specification.name" value="Java Platform API Specification"/>
    <property name="java.vm.specification.vendor" value="Oracle Corporation"/>
    <property name="java.awt.graphicsenv" value="sun.awt.Win32GraphicsEnvironment"/>
    <property name="surefire.real.class.path" value="C:\Users\User\AppData\Local\Temp\surefire6552429497858181900\surefirebooter-20240630182716301_3.jar"/>
    <property name="user.script" value=""/>
    <property name="sun.management.compiler" value="HotSpot 64-Bit Tiered Compilers"/>
    <property name="java.runtime.version" value="11.0.22+7-LTS"/>
    <property name="user.name" value="User"/>
    <property name="path.separator" value=";"/>
    <property name="os.version" value="10.0"/>
    <property name="java.runtime.name" value="OpenJDK Runtime Environment"/>
    <property name="file.encoding" value="Cp1251"/>
    <property name="java.vm.name" value="OpenJDK 64-Bit Server VM"/>
    <property name="java.vendor.version" value="Corretto-11.0.22.7.1"/>
    <property name="localRepository" value="C:\Users\User\.m2\repository"/>
    <property name="java.vendor.url.bug" value="https://github.com/corretto/corretto-11/issues/"/>
    <property name="java.io.tmpdir" value="C:\Users\User\AppData\Local\Temp\"/>
    <property name="idea.version" value="2023.3.4"/>
    <property name="java.version" value="11.0.22"/>
    <property name="user.dir" value="D:\projects\Diplom\Diplom_2"/>
    <property name="os.arch" value="amd64"/>
    <property name="java.vm.specification.name" value="Java Virtual Machine Specification"/>
    <property name="java.awt.printerjob" value="sun.awt.windows.WPrinterJob"/>
    <property name="sun.os.patch.level" value=""/>
    <property name="java.library.path" value="C:\Program Files\Amazon Corretto\jdk11.0.22_7\bin;C:\Windows\Sun\Java\bin;C:\Windows\system32;C:\Windows;C:\Program Files\Amazon Corretto\jdk11.0.22_7\bin;C:\Program Files\Common Files\Oracle\Java\javapath;C:\ProgramData\Oracle\Java\javapath;C:\Windows\system32;C:\Windows;C:\Windows\System32\Wbem;C:\Windows\System32\WindowsPowerShell\v1.0\;C:\Windows\System32\OpenSSH\;C:\Program Files (x86)\Intel\Intel(R) Management Engine Components\DAL;C:\Program Files\Intel\Intel(R) Management Engine Components\DAL;C:\Program Files\TortoiseGit\bin;C:\Program Files\apache-maven-3.9.6\bin;C:\Program Files\Git\cmd;C:\Program Files\Git\mingw64\bin;C:\Program Files\Git\usr\bin;C:\WebDriver\bin;C:\allure-2.29.0\bin;C:\Users\User\AppData\Local\Microsoft\WindowsApps;C:\Users\User\AppData\Local\Programs\Fiddler;C:\Users\User\AppData\Local\GitHubDesktop\bin;C:\Program Files\Docker Toolbox;."/>
    <property name="java.vm.info" value="mixed mode"/>
    <property name="java.vendor" value="Amazon.com Inc."/>
    <property name="java.vm.version" value="11.0.22+7-LTS"/>
    <property name="java.specification.maintenance.version" value="2"/>
    <property name="sun.io.unicode.encoding" value="UnicodeLittle"/>
    <property name="java.class.version" value="55.0"/>
  </properties>
  <testcase name="updatePasswordUserNotAuth" classname="UpdateUserTest" time="1.283">
    <system-out><![CDATA[Request method:	POST
Request URI:	https://stellarburgers.nomoreparties.site/api/auth/register
Proxy:			<none>
Request params:	<none>
Query params:	<none>
Form params:	<none>
Path params:	<none>
Headers:		Accept=*/*
				Content-Type=application/json
Cookies:		<none>
Multiparts:		<none>
Body:
{
    "email": "xAYexPEQZA@ya.ru",
    "password": "OALtdaFZQm",
    "name": "KwMadfaKRW"
}
Request method:	POST
Request URI:	https://stellarburgers.nomoreparties.site/api/auth/register
Proxy:			<none>
Request params:	<none>
Query params:	<none>
Form params:	<none>
Path params:	<none>
Headers:		Accept=*/*
				Content-Type=application/json
Cookies:		<none>
Multiparts:		<none>
Body:
{
    "email": "xAYexPEQZA@ya.ru",
    "password": "OALtdaFZQm",
    "name": "KwMadfaKRW"
}
Request method:	POST
Request URI:	https://stellarburgers.nomoreparties.site/api/auth/register
Proxy:			<none>
Request params:	<none>
Query params:	<none>
Form params:	<none>
Path params:	<none>
Headers:		Accept=*/*
				Content-Type=application/json
Cookies:		<none>
Multiparts:		<none>
Body:
{
    "email": "xAYexPEQZA@ya.ru",
    "password": "OALtdaFZQm",
    "name": "KwMadfaKRW"
}
Request method:	POST
Request URI:	https://stellarburgers.nomoreparties.site/api/auth/register
Proxy:			<none>
Request params:	<none>
Query params:	<none>
Form params:	<none>
Path params:	<none>
Headers:		Accept=*/*
				Content-Type=application/json
Cookies:		<none>
Multiparts:		<none>
Body:
{
    "email": "xAYexPEQZA@ya.ru",
    "password": "OALtdaFZQm",
    "name": "KwMadfaKRW"
}
Request method:	POST
Request URI:	https://stellarburgers.nomoreparties.site/api/auth/register
Proxy:			<none>
Request params:	<none>
Query params:	<none>
Form params:	<none>
Path params:	<none>
Headers:		Accept=*/*
				Content-Type=application/json
Cookies:		<none>
Multiparts:		<none>
Body:
{
    "email": "xAYexPEQZA@ya.ru",
    "password": "OALtdaFZQm",
    "name": "KwMadfaKRW"
}
Request method:	POST
Request URI:	https://stellarburgers.nomoreparties.site/api/auth/register
Proxy:			<none>
Request params:	<none>
Query params:	<none>
Form params:	<none>
Path params:	<none>
Headers:		Accept=*/*
				Content-Type=application/json
Cookies:		<none>
Multiparts:		<none>
Body:
{
    "email": "xAYexPEQZA@ya.ru",
    "password": "OALtdaFZQm",
    "name": "KwMadfaKRW"
}
Request method:	POST
Request URI:	https://stellarburgers.nomoreparties.site/api/auth/register
Proxy:			<none>
Request params:	<none>
Query params:	<none>
Form params:	<none>
Path params:	<none>
Headers:		Accept=*/*
				Content-Type=application/json
Cookies:		<none>
Multiparts:		<none>
Body:
{
    "email": "xAYexPEQZA@ya.ru",
    "password": "OALtdaFZQm",
    "name": "KwMadfaKRW"
}
Request method:	POST
Request URI:	https://stellarburgers.nomoreparties.site/api/auth/register
Proxy:			<none>
Request params:	<none>
Query params:	<none>
Form params:	<none>
Path params:	<none>
Headers:		Accept=*/*
				Content-Type=application/json
Cookies:		<none>
Multiparts:		<none>
Body:
{
    "email": "xAYexPEQZA@ya.ru",
    "password": "OALtdaFZQm",
    "name": "KwMadfaKRW"
}
Request method:	POST
Request URI:	https://stellarburgers.nomoreparties.site/api/auth/register
Proxy:			<none>
Request params:	<none>
Query params:	<none>
Form params:	<none>
Path params:	<none>
Headers:		Accept=*/*
				Content-Type=application/json
Cookies:		<none>
Multiparts:		<none>
Body:
{
    "email": "xAYexPEQZA@ya.ru",
    "password": "OALtdaFZQm",
    "name": "KwMadfaKRW"
}
Request method:	POST
Request URI:	https://stellarburgers.nomoreparties.site/api/auth/register
Proxy:			<none>
Request params:	<none>
Query params:	<none>
Form params:	<none>
Path params:	<none>
Headers:		Accept=*/*
				Content-Type=application/json
Cookies:		<none>
Multiparts:		<none>
Body:
{
    "email": "xAYexPEQZA@ya.ru",
    "password": "OALtdaFZQm",
    "name": "KwMadfaKRW"
}
Request method:	POST
Request URI:	https://stellarburgers.nomoreparties.site/api/auth/register
Proxy:			<none>
Request params:	<none>
Query params:	<none>
Form params:	<none>
Path params:	<none>
Headers:		Accept=*/*
				Content-Type=application/json
Cookies:		<none>
Multiparts:		<none>
Body:
{
    "email": "xAYexPEQZA@ya.ru",
    "password": "OALtdaFZQm",
    "name": "KwMadfaKRW"
}
Request method:	POST
Request URI:	https://stellarburgers.nomoreparties.site/api/auth/register
Proxy:			<none>
Request params:	<none>
Query params:	<none>
Form params:	<none>
Path params:	<none>
Headers:		Accept=*/*
				Content-Type=application/json
Cookies:		<none>
Multiparts:		<none>
Body:
{
    "email": "xAYexPEQZA@ya.ru",
    "password": "OALtdaFZQm",
    "name": "KwMadfaKRW"
}
Request method:	POST
Request URI:	https://stellarburgers.nomoreparties.site/api/auth/register
Proxy:			<none>
Request params:	<none>
Query params:	<none>
Form params:	<none>
Path params:	<none>
Headers:		Accept=*/*
				Content-Type=application/json
Cookies:		<none>
Multiparts:		<none>
Body:
{
    "email": "xAYexPEQZA@ya.ru",
    "password": "OALtdaFZQm",
    "name": "KwMadfaKRW"
}
Request method:	POST
Request URI:	https://stellarburgers.nomoreparties.site/api/auth/register
Proxy:			<none>
Request params:	<none>
Query params:	<none>
Form params:	<none>
Path params:	<none>
Headers:		Accept=*/*
				Content-Type=application/json
Cookies:		<none>
Multiparts:		<none>
Body:
{
    "email": "xAYexPEQZA@ya.ru",
    "password": "OALtdaFZQm",
    "name": "KwMadfaKRW"
}
Request method:	POST
Request URI:	https://stellarburgers.nomoreparties.site/api/auth/register
Proxy:			<none>
Request params:	<none>
Query params:	<none>
Form params:	<none>
Path params:	<none>
Headers:		Accept=*/*
				Content-Type=application/json
Cookies:		<none>
Multiparts:		<none>
Body:
{
    "email": "xAYexPEQZA@ya.ru",
    "password": "OALtdaFZQm",
    "name": "KwMadfaKRW"
}
Request method:	POST
Request URI:	https://stellarburgers.nomoreparties.site/api/auth/register
Proxy:			<none>
Request params:	<none>
Query params:	<none>
Form params:	<none>
Path params:	<none>
Headers:		Accept=*/*
				Content-Type=application/json
Cookies:		<none>
Multiparts:		<none>
Body:
{
    "email": "xAYexPEQZA@ya.ru",
    "password": "OALtdaFZQm",
    "name": "KwMadfaKRW"
}
Request method:	POST
Request URI:	https://stellarburgers.nomoreparties.site/api/auth/register
Proxy:			<none>
Request params:	<none>
Query params:	<none>
Form params:	<none>
Path params:	<none>
Headers:		Accept=*/*
				Content-Type=application/json
Cookies:		<none>
Multiparts:		<none>
Body:
{
    "email": "xAYexPEQZA@ya.ru",
    "password": "OALtdaFZQm",
    "name": "KwMadfaKRW"
}
Request method:	POST
Request URI:	https://stellarburgers.nomoreparties.site/api/auth/register
Proxy:			<none>
Request params:	<none>
Query params:	<none>
Form params:	<none>
Path params:	<none>
Headers:		Accept=*/*
				Content-Type=application/json
Cookies:		<none>
Multiparts:		<none>
Body:
{
    "email": "xAYexPEQZA@ya.ru",
    "password": "OALtdaFZQm",
    "name": "KwMadfaKRW"
}
Request method:	POST
Request URI:	https://stellarburgers.nomoreparties.site/api/auth/register
Proxy:			<none>
Request params:	<none>
Query params:	<none>
Form params:	<none>
Path params:	<none>
Headers:		Accept=*/*
				Content-Type=application/json
Cookies:		<none>
Multiparts:		<none>
Body:
{
    "email": "xAYexPEQZA@ya.ru",
    "password": "OALtdaFZQm",
    "name": "KwMadfaKRW"
}
Request method:	POST
Request URI:	https://stellarburgers.nomoreparties.site/api/auth/register
Proxy:			<none>
Request params:	<none>
Query params:	<none>
Form params:	<none>
Path params:	<none>
Headers:		Accept=*/*
				Content-Type=application/json
Cookies:		<none>
Multiparts:		<none>
Body:
{
    "email": "xAYexPEQZA@ya.ru",
    "password": "OALtdaFZQm",
    "name": "KwMadfaKRW"
}
Request method:	POST
Request URI:	https://stellarburgers.nomoreparties.site/api/auth/register
Proxy:			<none>
Request params:	<none>
Query params:	<none>
Form params:	<none>
Path params:	<none>
Headers:		Accept=*/*
				Content-Type=application/json
Cookies:		<none>
Multiparts:		<none>
Body:
{
    "email": "xAYexPEQZA@ya.ru",
    "password": "OALtdaFZQm",
    "name": "KwMadfaKRW"
}
Request method:	POST
Request URI:	https://stellarburgers.nomoreparties.site/api/auth/register
Proxy:			<none>
Request params:	<none>
Query params:	<none>
Form params:	<none>
Path params:	<none>
Headers:		Accept=*/*
				Content-Type=application/json
Cookies:		<none>
Multiparts:		<none>
Body:
{
    "email": "xAYexPEQZA@ya.ru",
    "password": "OALtdaFZQm",
    "name": "KwMadfaKRW"
}
Request method:	POST
Request URI:	https://stellarburgers.nomoreparties.site/api/auth/register
Proxy:			<none>
Request params:	<none>
Query params:	<none>
Form params:	<none>
Path params:	<none>
Headers:		Accept=*/*
				Content-Type=application/json
Cookies:		<none>
Multiparts:		<none>
Body:
{
    "email": "xAYexPEQZA@ya.ru",
    "password": "OALtdaFZQm",
    "name": "KwMadfaKRW"
}
Request method:	POST
Request URI:	https://stellarburgers.nomoreparties.site/api/auth/register
Proxy:			<none>
Request params:	<none>
Query params:	<none>
Form params:	<none>
Path params:	<none>
Headers:		Accept=*/*
				Content-Type=application/json
Cookies:		<none>
Multiparts:		<none>
Body:
{
    "email": "xAYexPEQZA@ya.ru",
    "password": "OALtdaFZQm",
    "name": "KwMadfaKRW"
}
Request method:	POST
Request URI:	https://stellarburgers.nomoreparties.site/api/auth/register
Proxy:			<none>
Request params:	<none>
Query params:	<none>
Form params:	<none>
Path params:	<none>
Headers:		Accept=*/*
				Content-Type=application/json
Cookies:		<none>
Multiparts:		<none>
Body:
{
    "email": "xAYexPEQZA@ya.ru",
    "password": "OALtdaFZQm",
    "name": "KwMadfaKRW"
}
Request method:	POST
Request URI:	https://stellarburgers.nomoreparties.site/api/auth/register
Proxy:			<none>
Request params:	<none>
Query params:	<none>
Form params:	<none>
Path params:	<none>
Headers:		Accept=*/*
				Content-Type=application/json
Cookies:		<none>
Multiparts:		<none>
Body:
{
    "email": "xAYexPEQZA@ya.ru",
    "password": "OALtdaFZQm",
    "name": "KwMadfaKRW"
}
Request method:	POST
Request URI:	https://stellarburgers.nomoreparties.site/api/auth/register
Proxy:			<none>
Request params:	<none>
Query params:	<none>
Form params:	<none>
Path params:	<none>
Headers:		Accept=*/*
				Content-Type=application/json
Cookies:		<none>
Multiparts:		<none>
Body:
{
    "email": "xAYexPEQZA@ya.ru",
    "password": "OALtdaFZQm",
    "name": "KwMadfaKRW"
}
Request method:	POST
Request URI:	https://stellarburgers.nomoreparties.site/api/auth/register
Proxy:			<none>
Request params:	<none>
Query params:	<none>
Form params:	<none>
Path params:	<none>
Headers:		Accept=*/*
				Content-Type=application/json
Cookies:		<none>
Multiparts:		<none>
Body:
{
    "email": "xAYexPEQZA@ya.ru",
    "password": "OALtdaFZQm",
    "name": "KwMadfaKRW"
}
HTTP/1.1 200 OK
Date: Sun, 30 Jun 2024 15:27:49 GMT
Content-Type: application/json; charset=utf-8
Transfer-Encoding: chunked
Connection: keep-alive
X-Powered-By: Express
Access-Control-Allow-Origin: *
authorization: Bearer eyJhbGciOiJIUzI1NiIsInR5cCI6IkpXVCJ9.eyJpZCI6IjY2ODE3OTc1OWVkMjgwMDAxYjQ1OTYxNiIsImlhdCI6MTcxOTc2MTI2OSwiZXhwIjoxNzE5NzYyNDY5fQ.EMA4hmZm7ReAjMsJdTJcRHN42y7oMq70FnD2x2pRkKg
ETag: W/"16d-3dxO5fo/g3jW+3B1n5/hg+tg2ls"
CF-Cache-Status: DYNAMIC
Report-To: {"endpoints":[{"url":"https:\/\/a.nel.cloudflare.com\/report\/v4?s=n19kQGMY6OFEC5I9dK%2BIMKjobW2mARs3TOWXh6pct8C4dKtvhvoDMUZIHZ9mbF4L9mQWo1YVatsSBC17QUe9t40MKNOqkfFbCWuiF%2BQPAK%2BgAVn4nFgwXUKY2YcQGpfMfOkHLWSi0FhSd%2FfzAam1IcwROoU%3D"}],"group":"cf-nel","max_age":604800}
NEL: {"success_fraction":0,"report_to":"cf-nel","max_age":604800}
Server: cloudflare
CF-RAY: 89bf2ebc6919666e-AMS
Content-Encoding: gzip
alt-svc: h3=":443"; ma=86400

{
    "success": true,
    "user": {
        "email": "xayexpeqza@ya.ru",
        "name": "KwMadfaKRW"
    },
    "accessToken": "Bearer eyJhbGciOiJIUzI1NiIsInR5cCI6IkpXVCJ9.eyJpZCI6IjY2ODE3OTc1OWVkMjgwMDAxYjQ1OTYxNiIsImlhdCI6MTcxOTc2MTI2OSwiZXhwIjoxNzE5NzYyNDY5fQ.EMA4hmZm7ReAjMsJdTJcRHN42y7oMq70FnD2x2pRkKg",
    "refreshToken": "e9f0897ad34ff85e8c7bc46e750177d39aeda48fb66b9e08ba9679e306ce8396e5c2196b14f45427"
}
HTTP/1.1 200 OK
Date: Sun, 30 Jun 2024 15:27:49 GMT
Content-Type: application/json; charset=utf-8
Transfer-Encoding: chunked
Connection: keep-alive
X-Powered-By: Express
Access-Control-Allow-Origin: *
authorization: Bearer eyJhbGciOiJIUzI1NiIsInR5cCI6IkpXVCJ9.eyJpZCI6IjY2ODE3OTc1OWVkMjgwMDAxYjQ1OTYxNiIsImlhdCI6MTcxOTc2MTI2OSwiZXhwIjoxNzE5NzYyNDY5fQ.EMA4hmZm7ReAjMsJdTJcRHN42y7oMq70FnD2x2pRkKg
ETag: W/"16d-3dxO5fo/g3jW+3B1n5/hg+tg2ls"
CF-Cache-Status: DYNAMIC
Report-To: {"endpoints":[{"url":"https:\/\/a.nel.cloudflare.com\/report\/v4?s=n19kQGMY6OFEC5I9dK%2BIMKjobW2mARs3TOWXh6pct8C4dKtvhvoDMUZIHZ9mbF4L9mQWo1YVatsSBC17QUe9t40MKNOqkfFbCWuiF%2BQPAK%2BgAVn4nFgwXUKY2YcQGpfMfOkHLWSi0FhSd%2FfzAam1IcwROoU%3D"}],"group":"cf-nel","max_age":604800}
NEL: {"success_fraction":0,"report_to":"cf-nel","max_age":604800}
Server: cloudflare
CF-RAY: 89bf2ebc6919666e-AMS
Content-Encoding: gzip
alt-svc: h3=":443"; ma=86400

{
    "success": true,
    "user": {
        "email": "xayexpeqza@ya.ru",
        "name": "KwMadfaKRW"
    },
    "accessToken": "Bearer eyJhbGciOiJIUzI1NiIsInR5cCI6IkpXVCJ9.eyJpZCI6IjY2ODE3OTc1OWVkMjgwMDAxYjQ1OTYxNiIsImlhdCI6MTcxOTc2MTI2OSwiZXhwIjoxNzE5NzYyNDY5fQ.EMA4hmZm7ReAjMsJdTJcRHN42y7oMq70FnD2x2pRkKg",
    "refreshToken": "e9f0897ad34ff85e8c7bc46e750177d39aeda48fb66b9e08ba9679e306ce8396e5c2196b14f45427"
}
HTTP/1.1 200 OK
Date: Sun, 30 Jun 2024 15:27:49 GMT
Content-Type: application/json; charset=utf-8
Transfer-Encoding: chunked
Connection: keep-alive
X-Powered-By: Express
Access-Control-Allow-Origin: *
authorization: Bearer eyJhbGciOiJIUzI1NiIsInR5cCI6IkpXVCJ9.eyJpZCI6IjY2ODE3OTc1OWVkMjgwMDAxYjQ1OTYxNiIsImlhdCI6MTcxOTc2MTI2OSwiZXhwIjoxNzE5NzYyNDY5fQ.EMA4hmZm7ReAjMsJdTJcRHN42y7oMq70FnD2x2pRkKg
ETag: W/"16d-3dxO5fo/g3jW+3B1n5/hg+tg2ls"
CF-Cache-Status: DYNAMIC
Report-To: {"endpoints":[{"url":"https:\/\/a.nel.cloudflare.com\/report\/v4?s=n19kQGMY6OFEC5I9dK%2BIMKjobW2mARs3TOWXh6pct8C4dKtvhvoDMUZIHZ9mbF4L9mQWo1YVatsSBC17QUe9t40MKNOqkfFbCWuiF%2BQPAK%2BgAVn4nFgwXUKY2YcQGpfMfOkHLWSi0FhSd%2FfzAam1IcwROoU%3D"}],"group":"cf-nel","max_age":604800}
NEL: {"success_fraction":0,"report_to":"cf-nel","max_age":604800}
Server: cloudflare
CF-RAY: 89bf2ebc6919666e-AMS
Content-Encoding: gzip
alt-svc: h3=":443"; ma=86400

{
    "success": true,
    "user": {
        "email": "xayexpeqza@ya.ru",
        "name": "KwMadfaKRW"
    },
    "accessToken": "Bearer eyJhbGciOiJIUzI1NiIsInR5cCI6IkpXVCJ9.eyJpZCI6IjY2ODE3OTc1OWVkMjgwMDAxYjQ1OTYxNiIsImlhdCI6MTcxOTc2MTI2OSwiZXhwIjoxNzE5NzYyNDY5fQ.EMA4hmZm7ReAjMsJdTJcRHN42y7oMq70FnD2x2pRkKg",
    "refreshToken": "e9f0897ad34ff85e8c7bc46e750177d39aeda48fb66b9e08ba9679e306ce8396e5c2196b14f45427"
}
HTTP/1.1 200 OK
Date: Sun, 30 Jun 2024 15:27:49 GMT
Content-Type: application/json; charset=utf-8
Transfer-Encoding: chunked
Connection: keep-alive
X-Powered-By: Express
Access-Control-Allow-Origin: *
authorization: Bearer eyJhbGciOiJIUzI1NiIsInR5cCI6IkpXVCJ9.eyJpZCI6IjY2ODE3OTc1OWVkMjgwMDAxYjQ1OTYxNiIsImlhdCI6MTcxOTc2MTI2OSwiZXhwIjoxNzE5NzYyNDY5fQ.EMA4hmZm7ReAjMsJdTJcRHN42y7oMq70FnD2x2pRkKg
ETag: W/"16d-3dxO5fo/g3jW+3B1n5/hg+tg2ls"
CF-Cache-Status: DYNAMIC
Report-To: {"endpoints":[{"url":"https:\/\/a.nel.cloudflare.com\/report\/v4?s=n19kQGMY6OFEC5I9dK%2BIMKjobW2mARs3TOWXh6pct8C4dKtvhvoDMUZIHZ9mbF4L9mQWo1YVatsSBC17QUe9t40MKNOqkfFbCWuiF%2BQPAK%2BgAVn4nFgwXUKY2YcQGpfMfOkHLWSi0FhSd%2FfzAam1IcwROoU%3D"}],"group":"cf-nel","max_age":604800}
NEL: {"success_fraction":0,"report_to":"cf-nel","max_age":604800}
Server: cloudflare
CF-RAY: 89bf2ebc6919666e-AMS
Content-Encoding: gzip
alt-svc: h3=":443"; ma=86400

{
    "success": true,
    "user": {
        "email": "xayexpeqza@ya.ru",
        "name": "KwMadfaKRW"
    },
    "accessToken": "Bearer eyJhbGciOiJIUzI1NiIsInR5cCI6IkpXVCJ9.eyJpZCI6IjY2ODE3OTc1OWVkMjgwMDAxYjQ1OTYxNiIsImlhdCI6MTcxOTc2MTI2OSwiZXhwIjoxNzE5NzYyNDY5fQ.EMA4hmZm7ReAjMsJdTJcRHN42y7oMq70FnD2x2pRkKg",
    "refreshToken": "e9f0897ad34ff85e8c7bc46e750177d39aeda48fb66b9e08ba9679e306ce8396e5c2196b14f45427"
}
HTTP/1.1 200 OK
Date: Sun, 30 Jun 2024 15:27:49 GMT
Content-Type: application/json; charset=utf-8
Transfer-Encoding: chunked
Connection: keep-alive
X-Powered-By: Express
Access-Control-Allow-Origin: *
authorization: Bearer eyJhbGciOiJIUzI1NiIsInR5cCI6IkpXVCJ9.eyJpZCI6IjY2ODE3OTc1OWVkMjgwMDAxYjQ1OTYxNiIsImlhdCI6MTcxOTc2MTI2OSwiZXhwIjoxNzE5NzYyNDY5fQ.EMA4hmZm7ReAjMsJdTJcRHN42y7oMq70FnD2x2pRkKg
ETag: W/"16d-3dxO5fo/g3jW+3B1n5/hg+tg2ls"
CF-Cache-Status: DYNAMIC
Report-To: {"endpoints":[{"url":"https:\/\/a.nel.cloudflare.com\/report\/v4?s=n19kQGMY6OFEC5I9dK%2BIMKjobW2mARs3TOWXh6pct8C4dKtvhvoDMUZIHZ9mbF4L9mQWo1YVatsSBC17QUe9t40MKNOqkfFbCWuiF%2BQPAK%2BgAVn4nFgwXUKY2YcQGpfMfOkHLWSi0FhSd%2FfzAam1IcwROoU%3D"}],"group":"cf-nel","max_age":604800}
NEL: {"success_fraction":0,"report_to":"cf-nel","max_age":604800}
Server: cloudflare
CF-RAY: 89bf2ebc6919666e-AMS
Content-Encoding: gzip
alt-svc: h3=":443"; ma=86400

{
    "success": true,
    "user": {
        "email": "xayexpeqza@ya.ru",
        "name": "KwMadfaKRW"
    },
    "accessToken": "Bearer eyJhbGciOiJIUzI1NiIsInR5cCI6IkpXVCJ9.eyJpZCI6IjY2ODE3OTc1OWVkMjgwMDAxYjQ1OTYxNiIsImlhdCI6MTcxOTc2MTI2OSwiZXhwIjoxNzE5NzYyNDY5fQ.EMA4hmZm7ReAjMsJdTJcRHN42y7oMq70FnD2x2pRkKg",
    "refreshToken": "e9f0897ad34ff85e8c7bc46e750177d39aeda48fb66b9e08ba9679e306ce8396e5c2196b14f45427"
}
HTTP/1.1 200 OK
Date: Sun, 30 Jun 2024 15:27:49 GMT
Content-Type: application/json; charset=utf-8
Transfer-Encoding: chunked
Connection: keep-alive
X-Powered-By: Express
Access-Control-Allow-Origin: *
authorization: Bearer eyJhbGciOiJIUzI1NiIsInR5cCI6IkpXVCJ9.eyJpZCI6IjY2ODE3OTc1OWVkMjgwMDAxYjQ1OTYxNiIsImlhdCI6MTcxOTc2MTI2OSwiZXhwIjoxNzE5NzYyNDY5fQ.EMA4hmZm7ReAjMsJdTJcRHN42y7oMq70FnD2x2pRkKg
ETag: W/"16d-3dxO5fo/g3jW+3B1n5/hg+tg2ls"
CF-Cache-Status: DYNAMIC
Report-To: {"endpoints":[{"url":"https:\/\/a.nel.cloudflare.com\/report\/v4?s=n19kQGMY6OFEC5I9dK%2BIMKjobW2mARs3TOWXh6pct8C4dKtvhvoDMUZIHZ9mbF4L9mQWo1YVatsSBC17QUe9t40MKNOqkfFbCWuiF%2BQPAK%2BgAVn4nFgwXUKY2YcQGpfMfOkHLWSi0FhSd%2FfzAam1IcwROoU%3D"}],"group":"cf-nel","max_age":604800}
NEL: {"success_fraction":0,"report_to":"cf-nel","max_age":604800}
Server: cloudflare
CF-RAY: 89bf2ebc6919666e-AMS
Content-Encoding: gzip
alt-svc: h3=":443"; ma=86400

{
    "success": true,
    "user": {
        "email": "xayexpeqza@ya.ru",
        "name": "KwMadfaKRW"
    },
    "accessToken": "Bearer eyJhbGciOiJIUzI1NiIsInR5cCI6IkpXVCJ9.eyJpZCI6IjY2ODE3OTc1OWVkMjgwMDAxYjQ1OTYxNiIsImlhdCI6MTcxOTc2MTI2OSwiZXhwIjoxNzE5NzYyNDY5fQ.EMA4hmZm7ReAjMsJdTJcRHN42y7oMq70FnD2x2pRkKg",
    "refreshToken": "e9f0897ad34ff85e8c7bc46e750177d39aeda48fb66b9e08ba9679e306ce8396e5c2196b14f45427"
}
HTTP/1.1 200 OK
Date: Sun, 30 Jun 2024 15:27:49 GMT
Content-Type: application/json; charset=utf-8
Transfer-Encoding: chunked
Connection: keep-alive
X-Powered-By: Express
Access-Control-Allow-Origin: *
authorization: Bearer eyJhbGciOiJIUzI1NiIsInR5cCI6IkpXVCJ9.eyJpZCI6IjY2ODE3OTc1OWVkMjgwMDAxYjQ1OTYxNiIsImlhdCI6MTcxOTc2MTI2OSwiZXhwIjoxNzE5NzYyNDY5fQ.EMA4hmZm7ReAjMsJdTJcRHN42y7oMq70FnD2x2pRkKg
ETag: W/"16d-3dxO5fo/g3jW+3B1n5/hg+tg2ls"
CF-Cache-Status: DYNAMIC
Report-To: {"endpoints":[{"url":"https:\/\/a.nel.cloudflare.com\/report\/v4?s=n19kQGMY6OFEC5I9dK%2BIMKjobW2mARs3TOWXh6pct8C4dKtvhvoDMUZIHZ9mbF4L9mQWo1YVatsSBC17QUe9t40MKNOqkfFbCWuiF%2BQPAK%2BgAVn4nFgwXUKY2YcQGpfMfOkHLWSi0FhSd%2FfzAam1IcwROoU%3D"}],"group":"cf-nel","max_age":604800}
NEL: {"success_fraction":0,"report_to":"cf-nel","max_age":604800}
Server: cloudflare
CF-RAY: 89bf2ebc6919666e-AMS
Content-Encoding: gzip
alt-svc: h3=":443"; ma=86400

{
    "success": true,
    "user": {
        "email": "xayexpeqza@ya.ru",
        "name": "KwMadfaKRW"
    },
    "accessToken": "Bearer eyJhbGciOiJIUzI1NiIsInR5cCI6IkpXVCJ9.eyJpZCI6IjY2ODE3OTc1OWVkMjgwMDAxYjQ1OTYxNiIsImlhdCI6MTcxOTc2MTI2OSwiZXhwIjoxNzE5NzYyNDY5fQ.EMA4hmZm7ReAjMsJdTJcRHN42y7oMq70FnD2x2pRkKg",
    "refreshToken": "e9f0897ad34ff85e8c7bc46e750177d39aeda48fb66b9e08ba9679e306ce8396e5c2196b14f45427"
}
HTTP/1.1 200 OK
Date: Sun, 30 Jun 2024 15:27:49 GMT
Content-Type: application/json; charset=utf-8
Transfer-Encoding: chunked
Connection: keep-alive
X-Powered-By: Express
Access-Control-Allow-Origin: *
authorization: Bearer eyJhbGciOiJIUzI1NiIsInR5cCI6IkpXVCJ9.eyJpZCI6IjY2ODE3OTc1OWVkMjgwMDAxYjQ1OTYxNiIsImlhdCI6MTcxOTc2MTI2OSwiZXhwIjoxNzE5NzYyNDY5fQ.EMA4hmZm7ReAjMsJdTJcRHN42y7oMq70FnD2x2pRkKg
ETag: W/"16d-3dxO5fo/g3jW+3B1n5/hg+tg2ls"
CF-Cache-Status: DYNAMIC
Report-To: {"endpoints":[{"url":"https:\/\/a.nel.cloudflare.com\/report\/v4?s=n19kQGMY6OFEC5I9dK%2BIMKjobW2mARs3TOWXh6pct8C4dKtvhvoDMUZIHZ9mbF4L9mQWo1YVatsSBC17QUe9t40MKNOqkfFbCWuiF%2BQPAK%2BgAVn4nFgwXUKY2YcQGpfMfOkHLWSi0FhSd%2FfzAam1IcwROoU%3D"}],"group":"cf-nel","max_age":604800}
NEL: {"success_fraction":0,"report_to":"cf-nel","max_age":604800}
Server: cloudflare
CF-RAY: 89bf2ebc6919666e-AMS
Content-Encoding: gzip
alt-svc: h3=":443"; ma=86400

{
    "success": true,
    "user": {
        "email": "xayexpeqza@ya.ru",
        "name": "KwMadfaKRW"
    },
    "accessToken": "Bearer eyJhbGciOiJIUzI1NiIsInR5cCI6IkpXVCJ9.eyJpZCI6IjY2ODE3OTc1OWVkMjgwMDAxYjQ1OTYxNiIsImlhdCI6MTcxOTc2MTI2OSwiZXhwIjoxNzE5NzYyNDY5fQ.EMA4hmZm7ReAjMsJdTJcRHN42y7oMq70FnD2x2pRkKg",
    "refreshToken": "e9f0897ad34ff85e8c7bc46e750177d39aeda48fb66b9e08ba9679e306ce8396e5c2196b14f45427"
}
HTTP/1.1 200 OK
Date: Sun, 30 Jun 2024 15:27:49 GMT
Content-Type: application/json; charset=utf-8
Transfer-Encoding: chunked
Connection: keep-alive
X-Powered-By: Express
Access-Control-Allow-Origin: *
authorization: Bearer eyJhbGciOiJIUzI1NiIsInR5cCI6IkpXVCJ9.eyJpZCI6IjY2ODE3OTc1OWVkMjgwMDAxYjQ1OTYxNiIsImlhdCI6MTcxOTc2MTI2OSwiZXhwIjoxNzE5NzYyNDY5fQ.EMA4hmZm7ReAjMsJdTJcRHN42y7oMq70FnD2x2pRkKg
ETag: W/"16d-3dxO5fo/g3jW+3B1n5/hg+tg2ls"
CF-Cache-Status: DYNAMIC
Report-To: {"endpoints":[{"url":"https:\/\/a.nel.cloudflare.com\/report\/v4?s=n19kQGMY6OFEC5I9dK%2BIMKjobW2mARs3TOWXh6pct8C4dKtvhvoDMUZIHZ9mbF4L9mQWo1YVatsSBC17QUe9t40MKNOqkfFbCWuiF%2BQPAK%2BgAVn4nFgwXUKY2YcQGpfMfOkHLWSi0FhSd%2FfzAam1IcwROoU%3D"}],"group":"cf-nel","max_age":604800}
NEL: {"success_fraction":0,"report_to":"cf-nel","max_age":604800}
Server: cloudflare
CF-RAY: 89bf2ebc6919666e-AMS
Content-Encoding: gzip
alt-svc: h3=":443"; ma=86400

{
    "success": true,
    "user": {
        "email": "xayexpeqza@ya.ru",
        "name": "KwMadfaKRW"
    },
    "accessToken": "Bearer eyJhbGciOiJIUzI1NiIsInR5cCI6IkpXVCJ9.eyJpZCI6IjY2ODE3OTc1OWVkMjgwMDAxYjQ1OTYxNiIsImlhdCI6MTcxOTc2MTI2OSwiZXhwIjoxNzE5NzYyNDY5fQ.EMA4hmZm7ReAjMsJdTJcRHN42y7oMq70FnD2x2pRkKg",
    "refreshToken": "e9f0897ad34ff85e8c7bc46e750177d39aeda48fb66b9e08ba9679e306ce8396e5c2196b14f45427"
}
HTTP/1.1 200 OK
Date: Sun, 30 Jun 2024 15:27:49 GMT
Content-Type: application/json; charset=utf-8
Transfer-Encoding: chunked
Connection: keep-alive
X-Powered-By: Express
Access-Control-Allow-Origin: *
authorization: Bearer eyJhbGciOiJIUzI1NiIsInR5cCI6IkpXVCJ9.eyJpZCI6IjY2ODE3OTc1OWVkMjgwMDAxYjQ1OTYxNiIsImlhdCI6MTcxOTc2MTI2OSwiZXhwIjoxNzE5NzYyNDY5fQ.EMA4hmZm7ReAjMsJdTJcRHN42y7oMq70FnD2x2pRkKg
ETag: W/"16d-3dxO5fo/g3jW+3B1n5/hg+tg2ls"
CF-Cache-Status: DYNAMIC
Report-To: {"endpoints":[{"url":"https:\/\/a.nel.cloudflare.com\/report\/v4?s=n19kQGMY6OFEC5I9dK%2BIMKjobW2mARs3TOWXh6pct8C4dKtvhvoDMUZIHZ9mbF4L9mQWo1YVatsSBC17QUe9t40MKNOqkfFbCWuiF%2BQPAK%2BgAVn4nFgwXUKY2YcQGpfMfOkHLWSi0FhSd%2FfzAam1IcwROoU%3D"}],"group":"cf-nel","max_age":604800}
NEL: {"success_fraction":0,"report_to":"cf-nel","max_age":604800}
Server: cloudflare
CF-RAY: 89bf2ebc6919666e-AMS
Content-Encoding: gzip
alt-svc: h3=":443"; ma=86400

{
    "success": true,
    "user": {
        "email": "xayexpeqza@ya.ru",
        "name": "KwMadfaKRW"
    },
    "accessToken": "Bearer eyJhbGciOiJIUzI1NiIsInR5cCI6IkpXVCJ9.eyJpZCI6IjY2ODE3OTc1OWVkMjgwMDAxYjQ1OTYxNiIsImlhdCI6MTcxOTc2MTI2OSwiZXhwIjoxNzE5NzYyNDY5fQ.EMA4hmZm7ReAjMsJdTJcRHN42y7oMq70FnD2x2pRkKg",
    "refreshToken": "e9f0897ad34ff85e8c7bc46e750177d39aeda48fb66b9e08ba9679e306ce8396e5c2196b14f45427"
}
HTTP/1.1 200 OK
Date: Sun, 30 Jun 2024 15:27:49 GMT
Content-Type: application/json; charset=utf-8
Transfer-Encoding: chunked
Connection: keep-alive
X-Powered-By: Express
Access-Control-Allow-Origin: *
authorization: Bearer eyJhbGciOiJIUzI1NiIsInR5cCI6IkpXVCJ9.eyJpZCI6IjY2ODE3OTc1OWVkMjgwMDAxYjQ1OTYxNiIsImlhdCI6MTcxOTc2MTI2OSwiZXhwIjoxNzE5NzYyNDY5fQ.EMA4hmZm7ReAjMsJdTJcRHN42y7oMq70FnD2x2pRkKg
ETag: W/"16d-3dxO5fo/g3jW+3B1n5/hg+tg2ls"
CF-Cache-Status: DYNAMIC
Report-To: {"endpoints":[{"url":"https:\/\/a.nel.cloudflare.com\/report\/v4?s=n19kQGMY6OFEC5I9dK%2BIMKjobW2mARs3TOWXh6pct8C4dKtvhvoDMUZIHZ9mbF4L9mQWo1YVatsSBC17QUe9t40MKNOqkfFbCWuiF%2BQPAK%2BgAVn4nFgwXUKY2YcQGpfMfOkHLWSi0FhSd%2FfzAam1IcwROoU%3D"}],"group":"cf-nel","max_age":604800}
NEL: {"success_fraction":0,"report_to":"cf-nel","max_age":604800}
Server: cloudflare
CF-RAY: 89bf2ebc6919666e-AMS
Content-Encoding: gzip
alt-svc: h3=":443"; ma=86400

{
    "success": true,
    "user": {
        "email": "xayexpeqza@ya.ru",
        "name": "KwMadfaKRW"
    },
    "accessToken": "Bearer eyJhbGciOiJIUzI1NiIsInR5cCI6IkpXVCJ9.eyJpZCI6IjY2ODE3OTc1OWVkMjgwMDAxYjQ1OTYxNiIsImlhdCI6MTcxOTc2MTI2OSwiZXhwIjoxNzE5NzYyNDY5fQ.EMA4hmZm7ReAjMsJdTJcRHN42y7oMq70FnD2x2pRkKg",
    "refreshToken": "e9f0897ad34ff85e8c7bc46e750177d39aeda48fb66b9e08ba9679e306ce8396e5c2196b14f45427"
}
HTTP/1.1 200 OK
Date: Sun, 30 Jun 2024 15:27:49 GMT
Content-Type: application/json; charset=utf-8
Transfer-Encoding: chunked
Connection: keep-alive
X-Powered-By: Express
Access-Control-Allow-Origin: *
authorization: Bearer eyJhbGciOiJIUzI1NiIsInR5cCI6IkpXVCJ9.eyJpZCI6IjY2ODE3OTc1OWVkMjgwMDAxYjQ1OTYxNiIsImlhdCI6MTcxOTc2MTI2OSwiZXhwIjoxNzE5NzYyNDY5fQ.EMA4hmZm7ReAjMsJdTJcRHN42y7oMq70FnD2x2pRkKg
ETag: W/"16d-3dxO5fo/g3jW+3B1n5/hg+tg2ls"
CF-Cache-Status: DYNAMIC
Report-To: {"endpoints":[{"url":"https:\/\/a.nel.cloudflare.com\/report\/v4?s=n19kQGMY6OFEC5I9dK%2BIMKjobW2mARs3TOWXh6pct8C4dKtvhvoDMUZIHZ9mbF4L9mQWo1YVatsSBC17QUe9t40MKNOqkfFbCWuiF%2BQPAK%2BgAVn4nFgwXUKY2YcQGpfMfOkHLWSi0FhSd%2FfzAam1IcwROoU%3D"}],"group":"cf-nel","max_age":604800}
NEL: {"success_fraction":0,"report_to":"cf-nel","max_age":604800}
Server: cloudflare
CF-RAY: 89bf2ebc6919666e-AMS
Content-Encoding: gzip
alt-svc: h3=":443"; ma=86400

{
    "success": true,
    "user": {
        "email": "xayexpeqza@ya.ru",
        "name": "KwMadfaKRW"
    },
    "accessToken": "Bearer eyJhbGciOiJIUzI1NiIsInR5cCI6IkpXVCJ9.eyJpZCI6IjY2ODE3OTc1OWVkMjgwMDAxYjQ1OTYxNiIsImlhdCI6MTcxOTc2MTI2OSwiZXhwIjoxNzE5NzYyNDY5fQ.EMA4hmZm7ReAjMsJdTJcRHN42y7oMq70FnD2x2pRkKg",
    "refreshToken": "e9f0897ad34ff85e8c7bc46e750177d39aeda48fb66b9e08ba9679e306ce8396e5c2196b14f45427"
}
HTTP/1.1 200 OK
Date: Sun, 30 Jun 2024 15:27:49 GMT
Content-Type: application/json; charset=utf-8
Transfer-Encoding: chunked
Connection: keep-alive
X-Powered-By: Express
Access-Control-Allow-Origin: *
authorization: Bearer eyJhbGciOiJIUzI1NiIsInR5cCI6IkpXVCJ9.eyJpZCI6IjY2ODE3OTc1OWVkMjgwMDAxYjQ1OTYxNiIsImlhdCI6MTcxOTc2MTI2OSwiZXhwIjoxNzE5NzYyNDY5fQ.EMA4hmZm7ReAjMsJdTJcRHN42y7oMq70FnD2x2pRkKg
ETag: W/"16d-3dxO5fo/g3jW+3B1n5/hg+tg2ls"
CF-Cache-Status: DYNAMIC
Report-To: {"endpoints":[{"url":"https:\/\/a.nel.cloudflare.com\/report\/v4?s=n19kQGMY6OFEC5I9dK%2BIMKjobW2mARs3TOWXh6pct8C4dKtvhvoDMUZIHZ9mbF4L9mQWo1YVatsSBC17QUe9t40MKNOqkfFbCWuiF%2BQPAK%2BgAVn4nFgwXUKY2YcQGpfMfOkHLWSi0FhSd%2FfzAam1IcwROoU%3D"}],"group":"cf-nel","max_age":604800}
NEL: {"success_fraction":0,"report_to":"cf-nel","max_age":604800}
Server: cloudflare
CF-RAY: 89bf2ebc6919666e-AMS
Content-Encoding: gzip
alt-svc: h3=":443"; ma=86400

{
    "success": true,
    "user": {
        "email": "xayexpeqza@ya.ru",
        "name": "KwMadfaKRW"
    },
    "accessToken": "Bearer eyJhbGciOiJIUzI1NiIsInR5cCI6IkpXVCJ9.eyJpZCI6IjY2ODE3OTc1OWVkMjgwMDAxYjQ1OTYxNiIsImlhdCI6MTcxOTc2MTI2OSwiZXhwIjoxNzE5NzYyNDY5fQ.EMA4hmZm7ReAjMsJdTJcRHN42y7oMq70FnD2x2pRkKg",
    "refreshToken": "e9f0897ad34ff85e8c7bc46e750177d39aeda48fb66b9e08ba9679e306ce8396e5c2196b14f45427"
}
HTTP/1.1 200 OK
Date: Sun, 30 Jun 2024 15:27:49 GMT
Content-Type: application/json; charset=utf-8
Transfer-Encoding: chunked
Connection: keep-alive
X-Powered-By: Express
Access-Control-Allow-Origin: *
authorization: Bearer eyJhbGciOiJIUzI1NiIsInR5cCI6IkpXVCJ9.eyJpZCI6IjY2ODE3OTc1OWVkMjgwMDAxYjQ1OTYxNiIsImlhdCI6MTcxOTc2MTI2OSwiZXhwIjoxNzE5NzYyNDY5fQ.EMA4hmZm7ReAjMsJdTJcRHN42y7oMq70FnD2x2pRkKg
ETag: W/"16d-3dxO5fo/g3jW+3B1n5/hg+tg2ls"
CF-Cache-Status: DYNAMIC
Report-To: {"endpoints":[{"url":"https:\/\/a.nel.cloudflare.com\/report\/v4?s=n19kQGMY6OFEC5I9dK%2BIMKjobW2mARs3TOWXh6pct8C4dKtvhvoDMUZIHZ9mbF4L9mQWo1YVatsSBC17QUe9t40MKNOqkfFbCWuiF%2BQPAK%2BgAVn4nFgwXUKY2YcQGpfMfOkHLWSi0FhSd%2FfzAam1IcwROoU%3D"}],"group":"cf-nel","max_age":604800}
NEL: {"success_fraction":0,"report_to":"cf-nel","max_age":604800}
Server: cloudflare
CF-RAY: 89bf2ebc6919666e-AMS
Content-Encoding: gzip
alt-svc: h3=":443"; ma=86400

{
    "success": true,
    "user": {
        "email": "xayexpeqza@ya.ru",
        "name": "KwMadfaKRW"
    },
    "accessToken": "Bearer eyJhbGciOiJIUzI1NiIsInR5cCI6IkpXVCJ9.eyJpZCI6IjY2ODE3OTc1OWVkMjgwMDAxYjQ1OTYxNiIsImlhdCI6MTcxOTc2MTI2OSwiZXhwIjoxNzE5NzYyNDY5fQ.EMA4hmZm7ReAjMsJdTJcRHN42y7oMq70FnD2x2pRkKg",
    "refreshToken": "e9f0897ad34ff85e8c7bc46e750177d39aeda48fb66b9e08ba9679e306ce8396e5c2196b14f45427"
}
HTTP/1.1 200 OK
Date: Sun, 30 Jun 2024 15:27:49 GMT
Content-Type: application/json; charset=utf-8
Transfer-Encoding: chunked
Connection: keep-alive
X-Powered-By: Express
Access-Control-Allow-Origin: *
authorization: Bearer eyJhbGciOiJIUzI1NiIsInR5cCI6IkpXVCJ9.eyJpZCI6IjY2ODE3OTc1OWVkMjgwMDAxYjQ1OTYxNiIsImlhdCI6MTcxOTc2MTI2OSwiZXhwIjoxNzE5NzYyNDY5fQ.EMA4hmZm7ReAjMsJdTJcRHN42y7oMq70FnD2x2pRkKg
ETag: W/"16d-3dxO5fo/g3jW+3B1n5/hg+tg2ls"
CF-Cache-Status: DYNAMIC
Report-To: {"endpoints":[{"url":"https:\/\/a.nel.cloudflare.com\/report\/v4?s=n19kQGMY6OFEC5I9dK%2BIMKjobW2mARs3TOWXh6pct8C4dKtvhvoDMUZIHZ9mbF4L9mQWo1YVatsSBC17QUe9t40MKNOqkfFbCWuiF%2BQPAK%2BgAVn4nFgwXUKY2YcQGpfMfOkHLWSi0FhSd%2FfzAam1IcwROoU%3D"}],"group":"cf-nel","max_age":604800}
NEL: {"success_fraction":0,"report_to":"cf-nel","max_age":604800}
Server: cloudflare
CF-RAY: 89bf2ebc6919666e-AMS
Content-Encoding: gzip
alt-svc: h3=":443"; ma=86400

{
    "success": true,
    "user": {
        "email": "xayexpeqza@ya.ru",
        "name": "KwMadfaKRW"
    },
    "accessToken": "Bearer eyJhbGciOiJIUzI1NiIsInR5cCI6IkpXVCJ9.eyJpZCI6IjY2ODE3OTc1OWVkMjgwMDAxYjQ1OTYxNiIsImlhdCI6MTcxOTc2MTI2OSwiZXhwIjoxNzE5NzYyNDY5fQ.EMA4hmZm7ReAjMsJdTJcRHN42y7oMq70FnD2x2pRkKg",
    "refreshToken": "e9f0897ad34ff85e8c7bc46e750177d39aeda48fb66b9e08ba9679e306ce8396e5c2196b14f45427"
}
HTTP/1.1 200 OK
Date: Sun, 30 Jun 2024 15:27:49 GMT
Content-Type: application/json; charset=utf-8
Transfer-Encoding: chunked
Connection: keep-alive
X-Powered-By: Express
Access-Control-Allow-Origin: *
authorization: Bearer eyJhbGciOiJIUzI1NiIsInR5cCI6IkpXVCJ9.eyJpZCI6IjY2ODE3OTc1OWVkMjgwMDAxYjQ1OTYxNiIsImlhdCI6MTcxOTc2MTI2OSwiZXhwIjoxNzE5NzYyNDY5fQ.EMA4hmZm7ReAjMsJdTJcRHN42y7oMq70FnD2x2pRkKg
ETag: W/"16d-3dxO5fo/g3jW+3B1n5/hg+tg2ls"
CF-Cache-Status: DYNAMIC
Report-To: {"endpoints":[{"url":"https:\/\/a.nel.cloudflare.com\/report\/v4?s=n19kQGMY6OFEC5I9dK%2BIMKjobW2mARs3TOWXh6pct8C4dKtvhvoDMUZIHZ9mbF4L9mQWo1YVatsSBC17QUe9t40MKNOqkfFbCWuiF%2BQPAK%2BgAVn4nFgwXUKY2YcQGpfMfOkHLWSi0FhSd%2FfzAam1IcwROoU%3D"}],"group":"cf-nel","max_age":604800}
NEL: {"success_fraction":0,"report_to":"cf-nel","max_age":604800}
Server: cloudflare
CF-RAY: 89bf2ebc6919666e-AMS
Content-Encoding: gzip
alt-svc: h3=":443"; ma=86400

{
    "success": true,
    "user": {
        "email": "xayexpeqza@ya.ru",
        "name": "KwMadfaKRW"
    },
    "accessToken": "Bearer eyJhbGciOiJIUzI1NiIsInR5cCI6IkpXVCJ9.eyJpZCI6IjY2ODE3OTc1OWVkMjgwMDAxYjQ1OTYxNiIsImlhdCI6MTcxOTc2MTI2OSwiZXhwIjoxNzE5NzYyNDY5fQ.EMA4hmZm7ReAjMsJdTJcRHN42y7oMq70FnD2x2pRkKg",
    "refreshToken": "e9f0897ad34ff85e8c7bc46e750177d39aeda48fb66b9e08ba9679e306ce8396e5c2196b14f45427"
}
HTTP/1.1 200 OK
Date: Sun, 30 Jun 2024 15:27:49 GMT
Content-Type: application/json; charset=utf-8
Transfer-Encoding: chunked
Connection: keep-alive
X-Powered-By: Express
Access-Control-Allow-Origin: *
authorization: Bearer eyJhbGciOiJIUzI1NiIsInR5cCI6IkpXVCJ9.eyJpZCI6IjY2ODE3OTc1OWVkMjgwMDAxYjQ1OTYxNiIsImlhdCI6MTcxOTc2MTI2OSwiZXhwIjoxNzE5NzYyNDY5fQ.EMA4hmZm7ReAjMsJdTJcRHN42y7oMq70FnD2x2pRkKg
ETag: W/"16d-3dxO5fo/g3jW+3B1n5/hg+tg2ls"
CF-Cache-Status: DYNAMIC
Report-To: {"endpoints":[{"url":"https:\/\/a.nel.cloudflare.com\/report\/v4?s=n19kQGMY6OFEC5I9dK%2BIMKjobW2mARs3TOWXh6pct8C4dKtvhvoDMUZIHZ9mbF4L9mQWo1YVatsSBC17QUe9t40MKNOqkfFbCWuiF%2BQPAK%2BgAVn4nFgwXUKY2YcQGpfMfOkHLWSi0FhSd%2FfzAam1IcwROoU%3D"}],"group":"cf-nel","max_age":604800}
NEL: {"success_fraction":0,"report_to":"cf-nel","max_age":604800}
Server: cloudflare
CF-RAY: 89bf2ebc6919666e-AMS
Content-Encoding: gzip
alt-svc: h3=":443"; ma=86400

{
    "success": true,
    "user": {
        "email": "xayexpeqza@ya.ru",
        "name": "KwMadfaKRW"
    },
    "accessToken": "Bearer eyJhbGciOiJIUzI1NiIsInR5cCI6IkpXVCJ9.eyJpZCI6IjY2ODE3OTc1OWVkMjgwMDAxYjQ1OTYxNiIsImlhdCI6MTcxOTc2MTI2OSwiZXhwIjoxNzE5NzYyNDY5fQ.EMA4hmZm7ReAjMsJdTJcRHN42y7oMq70FnD2x2pRkKg",
    "refreshToken": "e9f0897ad34ff85e8c7bc46e750177d39aeda48fb66b9e08ba9679e306ce8396e5c2196b14f45427"
}
HTTP/1.1 200 OK
Date: Sun, 30 Jun 2024 15:27:49 GMT
Content-Type: application/json; charset=utf-8
Transfer-Encoding: chunked
Connection: keep-alive
X-Powered-By: Express
Access-Control-Allow-Origin: *
authorization: Bearer eyJhbGciOiJIUzI1NiIsInR5cCI6IkpXVCJ9.eyJpZCI6IjY2ODE3OTc1OWVkMjgwMDAxYjQ1OTYxNiIsImlhdCI6MTcxOTc2MTI2OSwiZXhwIjoxNzE5NzYyNDY5fQ.EMA4hmZm7ReAjMsJdTJcRHN42y7oMq70FnD2x2pRkKg
ETag: W/"16d-3dxO5fo/g3jW+3B1n5/hg+tg2ls"
CF-Cache-Status: DYNAMIC
Report-To: {"endpoints":[{"url":"https:\/\/a.nel.cloudflare.com\/report\/v4?s=n19kQGMY6OFEC5I9dK%2BIMKjobW2mARs3TOWXh6pct8C4dKtvhvoDMUZIHZ9mbF4L9mQWo1YVatsSBC17QUe9t40MKNOqkfFbCWuiF%2BQPAK%2BgAVn4nFgwXUKY2YcQGpfMfOkHLWSi0FhSd%2FfzAam1IcwROoU%3D"}],"group":"cf-nel","max_age":604800}
NEL: {"success_fraction":0,"report_to":"cf-nel","max_age":604800}
Server: cloudflare
CF-RAY: 89bf2ebc6919666e-AMS
Content-Encoding: gzip
alt-svc: h3=":443"; ma=86400

{
    "success": true,
    "user": {
        "email": "xayexpeqza@ya.ru",
        "name": "KwMadfaKRW"
    },
    "accessToken": "Bearer eyJhbGciOiJIUzI1NiIsInR5cCI6IkpXVCJ9.eyJpZCI6IjY2ODE3OTc1OWVkMjgwMDAxYjQ1OTYxNiIsImlhdCI6MTcxOTc2MTI2OSwiZXhwIjoxNzE5NzYyNDY5fQ.EMA4hmZm7ReAjMsJdTJcRHN42y7oMq70FnD2x2pRkKg",
    "refreshToken": "e9f0897ad34ff85e8c7bc46e750177d39aeda48fb66b9e08ba9679e306ce8396e5c2196b14f45427"
}
HTTP/1.1 200 OK
Date: Sun, 30 Jun 2024 15:27:49 GMT
Content-Type: application/json; charset=utf-8
Transfer-Encoding: chunked
Connection: keep-alive
X-Powered-By: Express
Access-Control-Allow-Origin: *
authorization: Bearer eyJhbGciOiJIUzI1NiIsInR5cCI6IkpXVCJ9.eyJpZCI6IjY2ODE3OTc1OWVkMjgwMDAxYjQ1OTYxNiIsImlhdCI6MTcxOTc2MTI2OSwiZXhwIjoxNzE5NzYyNDY5fQ.EMA4hmZm7ReAjMsJdTJcRHN42y7oMq70FnD2x2pRkKg
ETag: W/"16d-3dxO5fo/g3jW+3B1n5/hg+tg2ls"
CF-Cache-Status: DYNAMIC
Report-To: {"endpoints":[{"url":"https:\/\/a.nel.cloudflare.com\/report\/v4?s=n19kQGMY6OFEC5I9dK%2BIMKjobW2mARs3TOWXh6pct8C4dKtvhvoDMUZIHZ9mbF4L9mQWo1YVatsSBC17QUe9t40MKNOqkfFbCWuiF%2BQPAK%2BgAVn4nFgwXUKY2YcQGpfMfOkHLWSi0FhSd%2FfzAam1IcwROoU%3D"}],"group":"cf-nel","max_age":604800}
NEL: {"success_fraction":0,"report_to":"cf-nel","max_age":604800}
Server: cloudflare
CF-RAY: 89bf2ebc6919666e-AMS
Content-Encoding: gzip
alt-svc: h3=":443"; ma=86400

{
    "success": true,
    "user": {
        "email": "xayexpeqza@ya.ru",
        "name": "KwMadfaKRW"
    },
    "accessToken": "Bearer eyJhbGciOiJIUzI1NiIsInR5cCI6IkpXVCJ9.eyJpZCI6IjY2ODE3OTc1OWVkMjgwMDAxYjQ1OTYxNiIsImlhdCI6MTcxOTc2MTI2OSwiZXhwIjoxNzE5NzYyNDY5fQ.EMA4hmZm7ReAjMsJdTJcRHN42y7oMq70FnD2x2pRkKg",
    "refreshToken": "e9f0897ad34ff85e8c7bc46e750177d39aeda48fb66b9e08ba9679e306ce8396e5c2196b14f45427"
}
HTTP/1.1 200 OK
Date: Sun, 30 Jun 2024 15:27:49 GMT
Content-Type: application/json; charset=utf-8
Transfer-Encoding: chunked
Connection: keep-alive
X-Powered-By: Express
Access-Control-Allow-Origin: *
authorization: Bearer eyJhbGciOiJIUzI1NiIsInR5cCI6IkpXVCJ9.eyJpZCI6IjY2ODE3OTc1OWVkMjgwMDAxYjQ1OTYxNiIsImlhdCI6MTcxOTc2MTI2OSwiZXhwIjoxNzE5NzYyNDY5fQ.EMA4hmZm7ReAjMsJdTJcRHN42y7oMq70FnD2x2pRkKg
ETag: W/"16d-3dxO5fo/g3jW+3B1n5/hg+tg2ls"
CF-Cache-Status: DYNAMIC
Report-To: {"endpoints":[{"url":"https:\/\/a.nel.cloudflare.com\/report\/v4?s=n19kQGMY6OFEC5I9dK%2BIMKjobW2mARs3TOWXh6pct8C4dKtvhvoDMUZIHZ9mbF4L9mQWo1YVatsSBC17QUe9t40MKNOqkfFbCWuiF%2BQPAK%2BgAVn4nFgwXUKY2YcQGpfMfOkHLWSi0FhSd%2FfzAam1IcwROoU%3D"}],"group":"cf-nel","max_age":604800}
NEL: {"success_fraction":0,"report_to":"cf-nel","max_age":604800}
Server: cloudflare
CF-RAY: 89bf2ebc6919666e-AMS
Content-Encoding: gzip
alt-svc: h3=":443"; ma=86400

{
    "success": true,
    "user": {
        "email": "xayexpeqza@ya.ru",
        "name": "KwMadfaKRW"
    },
    "accessToken": "Bearer eyJhbGciOiJIUzI1NiIsInR5cCI6IkpXVCJ9.eyJpZCI6IjY2ODE3OTc1OWVkMjgwMDAxYjQ1OTYxNiIsImlhdCI6MTcxOTc2MTI2OSwiZXhwIjoxNzE5NzYyNDY5fQ.EMA4hmZm7ReAjMsJdTJcRHN42y7oMq70FnD2x2pRkKg",
    "refreshToken": "e9f0897ad34ff85e8c7bc46e750177d39aeda48fb66b9e08ba9679e306ce8396e5c2196b14f45427"
}
HTTP/1.1 200 OK
Date: Sun, 30 Jun 2024 15:27:49 GMT
Content-Type: application/json; charset=utf-8
Transfer-Encoding: chunked
Connection: keep-alive
X-Powered-By: Express
Access-Control-Allow-Origin: *
authorization: Bearer eyJhbGciOiJIUzI1NiIsInR5cCI6IkpXVCJ9.eyJpZCI6IjY2ODE3OTc1OWVkMjgwMDAxYjQ1OTYxNiIsImlhdCI6MTcxOTc2MTI2OSwiZXhwIjoxNzE5NzYyNDY5fQ.EMA4hmZm7ReAjMsJdTJcRHN42y7oMq70FnD2x2pRkKg
ETag: W/"16d-3dxO5fo/g3jW+3B1n5/hg+tg2ls"
CF-Cache-Status: DYNAMIC
Report-To: {"endpoints":[{"url":"https:\/\/a.nel.cloudflare.com\/report\/v4?s=n19kQGMY6OFEC5I9dK%2BIMKjobW2mARs3TOWXh6pct8C4dKtvhvoDMUZIHZ9mbF4L9mQWo1YVatsSBC17QUe9t40MKNOqkfFbCWuiF%2BQPAK%2BgAVn4nFgwXUKY2YcQGpfMfOkHLWSi0FhSd%2FfzAam1IcwROoU%3D"}],"group":"cf-nel","max_age":604800}
NEL: {"success_fraction":0,"report_to":"cf-nel","max_age":604800}
Server: cloudflare
CF-RAY: 89bf2ebc6919666e-AMS
Content-Encoding: gzip
alt-svc: h3=":443"; ma=86400

{
    "success": true,
    "user": {
        "email": "xayexpeqza@ya.ru",
        "name": "KwMadfaKRW"
    },
    "accessToken": "Bearer eyJhbGciOiJIUzI1NiIsInR5cCI6IkpXVCJ9.eyJpZCI6IjY2ODE3OTc1OWVkMjgwMDAxYjQ1OTYxNiIsImlhdCI6MTcxOTc2MTI2OSwiZXhwIjoxNzE5NzYyNDY5fQ.EMA4hmZm7ReAjMsJdTJcRHN42y7oMq70FnD2x2pRkKg",
    "refreshToken": "e9f0897ad34ff85e8c7bc46e750177d39aeda48fb66b9e08ba9679e306ce8396e5c2196b14f45427"
}
HTTP/1.1 200 OK
Date: Sun, 30 Jun 2024 15:27:49 GMT
Content-Type: application/json; charset=utf-8
Transfer-Encoding: chunked
Connection: keep-alive
X-Powered-By: Express
Access-Control-Allow-Origin: *
authorization: Bearer eyJhbGciOiJIUzI1NiIsInR5cCI6IkpXVCJ9.eyJpZCI6IjY2ODE3OTc1OWVkMjgwMDAxYjQ1OTYxNiIsImlhdCI6MTcxOTc2MTI2OSwiZXhwIjoxNzE5NzYyNDY5fQ.EMA4hmZm7ReAjMsJdTJcRHN42y7oMq70FnD2x2pRkKg
ETag: W/"16d-3dxO5fo/g3jW+3B1n5/hg+tg2ls"
CF-Cache-Status: DYNAMIC
Report-To: {"endpoints":[{"url":"https:\/\/a.nel.cloudflare.com\/report\/v4?s=n19kQGMY6OFEC5I9dK%2BIMKjobW2mARs3TOWXh6pct8C4dKtvhvoDMUZIHZ9mbF4L9mQWo1YVatsSBC17QUe9t40MKNOqkfFbCWuiF%2BQPAK%2BgAVn4nFgwXUKY2YcQGpfMfOkHLWSi0FhSd%2FfzAam1IcwROoU%3D"}],"group":"cf-nel","max_age":604800}
NEL: {"success_fraction":0,"report_to":"cf-nel","max_age":604800}
Server: cloudflare
CF-RAY: 89bf2ebc6919666e-AMS
Content-Encoding: gzip
alt-svc: h3=":443"; ma=86400

{
    "success": true,
    "user": {
        "email": "xayexpeqza@ya.ru",
        "name": "KwMadfaKRW"
    },
    "accessToken": "Bearer eyJhbGciOiJIUzI1NiIsInR5cCI6IkpXVCJ9.eyJpZCI6IjY2ODE3OTc1OWVkMjgwMDAxYjQ1OTYxNiIsImlhdCI6MTcxOTc2MTI2OSwiZXhwIjoxNzE5NzYyNDY5fQ.EMA4hmZm7ReAjMsJdTJcRHN42y7oMq70FnD2x2pRkKg",
    "refreshToken": "e9f0897ad34ff85e8c7bc46e750177d39aeda48fb66b9e08ba9679e306ce8396e5c2196b14f45427"
}
HTTP/1.1 200 OK
Date: Sun, 30 Jun 2024 15:27:49 GMT
Content-Type: application/json; charset=utf-8
Transfer-Encoding: chunked
Connection: keep-alive
X-Powered-By: Express
Access-Control-Allow-Origin: *
authorization: Bearer eyJhbGciOiJIUzI1NiIsInR5cCI6IkpXVCJ9.eyJpZCI6IjY2ODE3OTc1OWVkMjgwMDAxYjQ1OTYxNiIsImlhdCI6MTcxOTc2MTI2OSwiZXhwIjoxNzE5NzYyNDY5fQ.EMA4hmZm7ReAjMsJdTJcRHN42y7oMq70FnD2x2pRkKg
ETag: W/"16d-3dxO5fo/g3jW+3B1n5/hg+tg2ls"
CF-Cache-Status: DYNAMIC
Report-To: {"endpoints":[{"url":"https:\/\/a.nel.cloudflare.com\/report\/v4?s=n19kQGMY6OFEC5I9dK%2BIMKjobW2mARs3TOWXh6pct8C4dKtvhvoDMUZIHZ9mbF4L9mQWo1YVatsSBC17QUe9t40MKNOqkfFbCWuiF%2BQPAK%2BgAVn4nFgwXUKY2YcQGpfMfOkHLWSi0FhSd%2FfzAam1IcwROoU%3D"}],"group":"cf-nel","max_age":604800}
NEL: {"success_fraction":0,"report_to":"cf-nel","max_age":604800}
Server: cloudflare
CF-RAY: 89bf2ebc6919666e-AMS
Content-Encoding: gzip
alt-svc: h3=":443"; ma=86400

{
    "success": true,
    "user": {
        "email": "xayexpeqza@ya.ru",
        "name": "KwMadfaKRW"
    },
    "accessToken": "Bearer eyJhbGciOiJIUzI1NiIsInR5cCI6IkpXVCJ9.eyJpZCI6IjY2ODE3OTc1OWVkMjgwMDAxYjQ1OTYxNiIsImlhdCI6MTcxOTc2MTI2OSwiZXhwIjoxNzE5NzYyNDY5fQ.EMA4hmZm7ReAjMsJdTJcRHN42y7oMq70FnD2x2pRkKg",
    "refreshToken": "e9f0897ad34ff85e8c7bc46e750177d39aeda48fb66b9e08ba9679e306ce8396e5c2196b14f45427"
}
HTTP/1.1 200 OK
Date: Sun, 30 Jun 2024 15:27:49 GMT
Content-Type: application/json; charset=utf-8
Transfer-Encoding: chunked
Connection: keep-alive
X-Powered-By: Express
Access-Control-Allow-Origin: *
authorization: Bearer eyJhbGciOiJIUzI1NiIsInR5cCI6IkpXVCJ9.eyJpZCI6IjY2ODE3OTc1OWVkMjgwMDAxYjQ1OTYxNiIsImlhdCI6MTcxOTc2MTI2OSwiZXhwIjoxNzE5NzYyNDY5fQ.EMA4hmZm7ReAjMsJdTJcRHN42y7oMq70FnD2x2pRkKg
ETag: W/"16d-3dxO5fo/g3jW+3B1n5/hg+tg2ls"
CF-Cache-Status: DYNAMIC
Report-To: {"endpoints":[{"url":"https:\/\/a.nel.cloudflare.com\/report\/v4?s=n19kQGMY6OFEC5I9dK%2BIMKjobW2mARs3TOWXh6pct8C4dKtvhvoDMUZIHZ9mbF4L9mQWo1YVatsSBC17QUe9t40MKNOqkfFbCWuiF%2BQPAK%2BgAVn4nFgwXUKY2YcQGpfMfOkHLWSi0FhSd%2FfzAam1IcwROoU%3D"}],"group":"cf-nel","max_age":604800}
NEL: {"success_fraction":0,"report_to":"cf-nel","max_age":604800}
Server: cloudflare
CF-RAY: 89bf2ebc6919666e-AMS
Content-Encoding: gzip
alt-svc: h3=":443"; ma=86400

{
    "success": true,
    "user": {
        "email": "xayexpeqza@ya.ru",
        "name": "KwMadfaKRW"
    },
    "accessToken": "Bearer eyJhbGciOiJIUzI1NiIsInR5cCI6IkpXVCJ9.eyJpZCI6IjY2ODE3OTc1OWVkMjgwMDAxYjQ1OTYxNiIsImlhdCI6MTcxOTc2MTI2OSwiZXhwIjoxNzE5NzYyNDY5fQ.EMA4hmZm7ReAjMsJdTJcRHN42y7oMq70FnD2x2pRkKg",
    "refreshToken": "e9f0897ad34ff85e8c7bc46e750177d39aeda48fb66b9e08ba9679e306ce8396e5c2196b14f45427"
}
HTTP/1.1 200 OK
Date: Sun, 30 Jun 2024 15:27:49 GMT
Content-Type: application/json; charset=utf-8
Transfer-Encoding: chunked
Connection: keep-alive
X-Powered-By: Express
Access-Control-Allow-Origin: *
authorization: Bearer eyJhbGciOiJIUzI1NiIsInR5cCI6IkpXVCJ9.eyJpZCI6IjY2ODE3OTc1OWVkMjgwMDAxYjQ1OTYxNiIsImlhdCI6MTcxOTc2MTI2OSwiZXhwIjoxNzE5NzYyNDY5fQ.EMA4hmZm7ReAjMsJdTJcRHN42y7oMq70FnD2x2pRkKg
ETag: W/"16d-3dxO5fo/g3jW+3B1n5/hg+tg2ls"
CF-Cache-Status: DYNAMIC
Report-To: {"endpoints":[{"url":"https:\/\/a.nel.cloudflare.com\/report\/v4?s=n19kQGMY6OFEC5I9dK%2BIMKjobW2mARs3TOWXh6pct8C4dKtvhvoDMUZIHZ9mbF4L9mQWo1YVatsSBC17QUe9t40MKNOqkfFbCWuiF%2BQPAK%2BgAVn4nFgwXUKY2YcQGpfMfOkHLWSi0FhSd%2FfzAam1IcwROoU%3D"}],"group":"cf-nel","max_age":604800}
NEL: {"success_fraction":0,"report_to":"cf-nel","max_age":604800}
Server: cloudflare
CF-RAY: 89bf2ebc6919666e-AMS
Content-Encoding: gzip
alt-svc: h3=":443"; ma=86400

{
    "success": true,
    "user": {
        "email": "xayexpeqza@ya.ru",
        "name": "KwMadfaKRW"
    },
    "accessToken": "Bearer eyJhbGciOiJIUzI1NiIsInR5cCI6IkpXVCJ9.eyJpZCI6IjY2ODE3OTc1OWVkMjgwMDAxYjQ1OTYxNiIsImlhdCI6MTcxOTc2MTI2OSwiZXhwIjoxNzE5NzYyNDY5fQ.EMA4hmZm7ReAjMsJdTJcRHN42y7oMq70FnD2x2pRkKg",
    "refreshToken": "e9f0897ad34ff85e8c7bc46e750177d39aeda48fb66b9e08ba9679e306ce8396e5c2196b14f45427"
}
HTTP/1.1 200 OK
Date: Sun, 30 Jun 2024 15:27:49 GMT
Content-Type: application/json; charset=utf-8
Transfer-Encoding: chunked
Connection: keep-alive
X-Powered-By: Express
Access-Control-Allow-Origin: *
authorization: Bearer eyJhbGciOiJIUzI1NiIsInR5cCI6IkpXVCJ9.eyJpZCI6IjY2ODE3OTc1OWVkMjgwMDAxYjQ1OTYxNiIsImlhdCI6MTcxOTc2MTI2OSwiZXhwIjoxNzE5NzYyNDY5fQ.EMA4hmZm7ReAjMsJdTJcRHN42y7oMq70FnD2x2pRkKg
ETag: W/"16d-3dxO5fo/g3jW+3B1n5/hg+tg2ls"
CF-Cache-Status: DYNAMIC
Report-To: {"endpoints":[{"url":"https:\/\/a.nel.cloudflare.com\/report\/v4?s=n19kQGMY6OFEC5I9dK%2BIMKjobW2mARs3TOWXh6pct8C4dKtvhvoDMUZIHZ9mbF4L9mQWo1YVatsSBC17QUe9t40MKNOqkfFbCWuiF%2BQPAK%2BgAVn4nFgwXUKY2YcQGpfMfOkHLWSi0FhSd%2FfzAam1IcwROoU%3D"}],"group":"cf-nel","max_age":604800}
NEL: {"success_fraction":0,"report_to":"cf-nel","max_age":604800}
Server: cloudflare
CF-RAY: 89bf2ebc6919666e-AMS
Content-Encoding: gzip
alt-svc: h3=":443"; ma=86400

{
    "success": true,
    "user": {
        "email": "xayexpeqza@ya.ru",
        "name": "KwMadfaKRW"
    },
    "accessToken": "Bearer eyJhbGciOiJIUzI1NiIsInR5cCI6IkpXVCJ9.eyJpZCI6IjY2ODE3OTc1OWVkMjgwMDAxYjQ1OTYxNiIsImlhdCI6MTcxOTc2MTI2OSwiZXhwIjoxNzE5NzYyNDY5fQ.EMA4hmZm7ReAjMsJdTJcRHN42y7oMq70FnD2x2pRkKg",
    "refreshToken": "e9f0897ad34ff85e8c7bc46e750177d39aeda48fb66b9e08ba9679e306ce8396e5c2196b14f45427"
}
HTTP/1.1 200 OK
Date: Sun, 30 Jun 2024 15:27:49 GMT
Content-Type: application/json; charset=utf-8
Transfer-Encoding: chunked
Connection: keep-alive
X-Powered-By: Express
Access-Control-Allow-Origin: *
authorization: Bearer eyJhbGciOiJIUzI1NiIsInR5cCI6IkpXVCJ9.eyJpZCI6IjY2ODE3OTc1OWVkMjgwMDAxYjQ1OTYxNiIsImlhdCI6MTcxOTc2MTI2OSwiZXhwIjoxNzE5NzYyNDY5fQ.EMA4hmZm7ReAjMsJdTJcRHN42y7oMq70FnD2x2pRkKg
ETag: W/"16d-3dxO5fo/g3jW+3B1n5/hg+tg2ls"
CF-Cache-Status: DYNAMIC
Report-To: {"endpoints":[{"url":"https:\/\/a.nel.cloudflare.com\/report\/v4?s=n19kQGMY6OFEC5I9dK%2BIMKjobW2mARs3TOWXh6pct8C4dKtvhvoDMUZIHZ9mbF4L9mQWo1YVatsSBC17QUe9t40MKNOqkfFbCWuiF%2BQPAK%2BgAVn4nFgwXUKY2YcQGpfMfOkHLWSi0FhSd%2FfzAam1IcwROoU%3D"}],"group":"cf-nel","max_age":604800}
NEL: {"success_fraction":0,"report_to":"cf-nel","max_age":604800}
Server: cloudflare
CF-RAY: 89bf2ebc6919666e-AMS
Content-Encoding: gzip
alt-svc: h3=":443"; ma=86400

{
    "success": true,
    "user": {
        "email": "xayexpeqza@ya.ru",
        "name": "KwMadfaKRW"
    },
    "accessToken": "Bearer eyJhbGciOiJIUzI1NiIsInR5cCI6IkpXVCJ9.eyJpZCI6IjY2ODE3OTc1OWVkMjgwMDAxYjQ1OTYxNiIsImlhdCI6MTcxOTc2MTI2OSwiZXhwIjoxNzE5NzYyNDY5fQ.EMA4hmZm7ReAjMsJdTJcRHN42y7oMq70FnD2x2pRkKg",
    "refreshToken": "e9f0897ad34ff85e8c7bc46e750177d39aeda48fb66b9e08ba9679e306ce8396e5c2196b14f45427"
}
HTTP/1.1 200 OK
Date: Sun, 30 Jun 2024 15:27:49 GMT
Content-Type: application/json; charset=utf-8
Transfer-Encoding: chunked
Connection: keep-alive
X-Powered-By: Express
Access-Control-Allow-Origin: *
authorization: Bearer eyJhbGciOiJIUzI1NiIsInR5cCI6IkpXVCJ9.eyJpZCI6IjY2ODE3OTc1OWVkMjgwMDAxYjQ1OTYxNiIsImlhdCI6MTcxOTc2MTI2OSwiZXhwIjoxNzE5NzYyNDY5fQ.EMA4hmZm7ReAjMsJdTJcRHN42y7oMq70FnD2x2pRkKg
ETag: W/"16d-3dxO5fo/g3jW+3B1n5/hg+tg2ls"
CF-Cache-Status: DYNAMIC
Report-To: {"endpoints":[{"url":"https:\/\/a.nel.cloudflare.com\/report\/v4?s=n19kQGMY6OFEC5I9dK%2BIMKjobW2mARs3TOWXh6pct8C4dKtvhvoDMUZIHZ9mbF4L9mQWo1YVatsSBC17QUe9t40MKNOqkfFbCWuiF%2BQPAK%2BgAVn4nFgwXUKY2YcQGpfMfOkHLWSi0FhSd%2FfzAam1IcwROoU%3D"}],"group":"cf-nel","max_age":604800}
NEL: {"success_fraction":0,"report_to":"cf-nel","max_age":604800}
Server: cloudflare
CF-RAY: 89bf2ebc6919666e-AMS
Content-Encoding: gzip
alt-svc: h3=":443"; ma=86400

{
    "success": true,
    "user": {
        "email": "xayexpeqza@ya.ru",
        "name": "KwMadfaKRW"
    },
    "accessToken": "Bearer eyJhbGciOiJIUzI1NiIsInR5cCI6IkpXVCJ9.eyJpZCI6IjY2ODE3OTc1OWVkMjgwMDAxYjQ1OTYxNiIsImlhdCI6MTcxOTc2MTI2OSwiZXhwIjoxNzE5NzYyNDY5fQ.EMA4hmZm7ReAjMsJdTJcRHN42y7oMq70FnD2x2pRkKg",
    "refreshToken": "e9f0897ad34ff85e8c7bc46e750177d39aeda48fb66b9e08ba9679e306ce8396e5c2196b14f45427"
}
Request method:	POST
Request URI:	https://stellarburgers.nomoreparties.site/api/auth/login
Proxy:			<none>
Request params:	<none>
Query params:	<none>
Form params:	<none>
Path params:	<none>
Headers:		Accept=*/*
				Content-Type=application/json
Cookies:		<none>
Multiparts:		<none>
Body:
{
    "email": "xAYexPEQZA@ya.ru",
    "password": "OALtdaFZQm",
    "name": "KwMadfaKRW"
}
Request method:	POST
Request URI:	https://stellarburgers.nomoreparties.site/api/auth/login
Proxy:			<none>
Request params:	<none>
Query params:	<none>
Form params:	<none>
Path params:	<none>
Headers:		Accept=*/*
				Content-Type=application/json
Cookies:		<none>
Multiparts:		<none>
Body:
{
    "email": "xAYexPEQZA@ya.ru",
    "password": "OALtdaFZQm",
    "name": "KwMadfaKRW"
}
Request method:	POST
Request URI:	https://stellarburgers.nomoreparties.site/api/auth/login
Proxy:			<none>
Request params:	<none>
Query params:	<none>
Form params:	<none>
Path params:	<none>
Headers:		Accept=*/*
				Content-Type=application/json
Cookies:		<none>
Multiparts:		<none>
Body:
{
    "email": "xAYexPEQZA@ya.ru",
    "password": "OALtdaFZQm",
    "name": "KwMadfaKRW"
}
Request method:	POST
Request URI:	https://stellarburgers.nomoreparties.site/api/auth/login
Proxy:			<none>
Request params:	<none>
Query params:	<none>
Form params:	<none>
Path params:	<none>
Headers:		Accept=*/*
				Content-Type=application/json
Cookies:		<none>
Multiparts:		<none>
Body:
{
    "email": "xAYexPEQZA@ya.ru",
    "password": "OALtdaFZQm",
    "name": "KwMadfaKRW"
}
Request method:	POST
Request URI:	https://stellarburgers.nomoreparties.site/api/auth/login
Proxy:			<none>
Request params:	<none>
Query params:	<none>
Form params:	<none>
Path params:	<none>
Headers:		Accept=*/*
				Content-Type=application/json
Cookies:		<none>
Multiparts:		<none>
Body:
{
    "email": "xAYexPEQZA@ya.ru",
    "password": "OALtdaFZQm",
    "name": "KwMadfaKRW"
}
Request method:	POST
Request URI:	https://stellarburgers.nomoreparties.site/api/auth/login
Proxy:			<none>
Request params:	<none>
Query params:	<none>
Form params:	<none>
Path params:	<none>
Headers:		Accept=*/*
				Content-Type=application/json
Cookies:		<none>
Multiparts:		<none>
Body:
{
    "email": "xAYexPEQZA@ya.ru",
    "password": "OALtdaFZQm",
    "name": "KwMadfaKRW"
}
Request method:	POST
Request URI:	https://stellarburgers.nomoreparties.site/api/auth/login
Proxy:			<none>
Request params:	<none>
Query params:	<none>
Form params:	<none>
Path params:	<none>
Headers:		Accept=*/*
				Content-Type=application/json
Cookies:		<none>
Multiparts:		<none>
Body:
{
    "email": "xAYexPEQZA@ya.ru",
    "password": "OALtdaFZQm",
    "name": "KwMadfaKRW"
}
Request method:	POST
Request URI:	https://stellarburgers.nomoreparties.site/api/auth/login
Proxy:			<none>
Request params:	<none>
Query params:	<none>
Form params:	<none>
Path params:	<none>
Headers:		Accept=*/*
				Content-Type=application/json
Cookies:		<none>
Multiparts:		<none>
Body:
{
    "email": "xAYexPEQZA@ya.ru",
    "password": "OALtdaFZQm",
    "name": "KwMadfaKRW"
}
Request method:	POST
Request URI:	https://stellarburgers.nomoreparties.site/api/auth/login
Proxy:			<none>
Request params:	<none>
Query params:	<none>
Form params:	<none>
Path params:	<none>
Headers:		Accept=*/*
				Content-Type=application/json
Cookies:		<none>
Multiparts:		<none>
Body:
{
    "email": "xAYexPEQZA@ya.ru",
    "password": "OALtdaFZQm",
    "name": "KwMadfaKRW"
}
Request method:	POST
Request URI:	https://stellarburgers.nomoreparties.site/api/auth/login
Proxy:			<none>
Request params:	<none>
Query params:	<none>
Form params:	<none>
Path params:	<none>
Headers:		Accept=*/*
				Content-Type=application/json
Cookies:		<none>
Multiparts:		<none>
Body:
{
    "email": "xAYexPEQZA@ya.ru",
    "password": "OALtdaFZQm",
    "name": "KwMadfaKRW"
}
Request method:	POST
Request URI:	https://stellarburgers.nomoreparties.site/api/auth/login
Proxy:			<none>
Request params:	<none>
Query params:	<none>
Form params:	<none>
Path params:	<none>
Headers:		Accept=*/*
				Content-Type=application/json
Cookies:		<none>
Multiparts:		<none>
Body:
{
    "email": "xAYexPEQZA@ya.ru",
    "password": "OALtdaFZQm",
    "name": "KwMadfaKRW"
}
Request method:	POST
Request URI:	https://stellarburgers.nomoreparties.site/api/auth/login
Proxy:			<none>
Request params:	<none>
Query params:	<none>
Form params:	<none>
Path params:	<none>
Headers:		Accept=*/*
				Content-Type=application/json
Cookies:		<none>
Multiparts:		<none>
Body:
{
    "email": "xAYexPEQZA@ya.ru",
    "password": "OALtdaFZQm",
    "name": "KwMadfaKRW"
}
Request method:	POST
Request URI:	https://stellarburgers.nomoreparties.site/api/auth/login
Proxy:			<none>
Request params:	<none>
Query params:	<none>
Form params:	<none>
Path params:	<none>
Headers:		Accept=*/*
				Content-Type=application/json
Cookies:		<none>
Multiparts:		<none>
Body:
{
    "email": "xAYexPEQZA@ya.ru",
    "password": "OALtdaFZQm",
    "name": "KwMadfaKRW"
}
Request method:	POST
Request URI:	https://stellarburgers.nomoreparties.site/api/auth/login
Proxy:			<none>
Request params:	<none>
Query params:	<none>
Form params:	<none>
Path params:	<none>
Headers:		Accept=*/*
				Content-Type=application/json
Cookies:		<none>
Multiparts:		<none>
Body:
{
    "email": "xAYexPEQZA@ya.ru",
    "password": "OALtdaFZQm",
    "name": "KwMadfaKRW"
}
Request method:	POST
Request URI:	https://stellarburgers.nomoreparties.site/api/auth/login
Proxy:			<none>
Request params:	<none>
Query params:	<none>
Form params:	<none>
Path params:	<none>
Headers:		Accept=*/*
				Content-Type=application/json
Cookies:		<none>
Multiparts:		<none>
Body:
{
    "email": "xAYexPEQZA@ya.ru",
    "password": "OALtdaFZQm",
    "name": "KwMadfaKRW"
}
Request method:	POST
Request URI:	https://stellarburgers.nomoreparties.site/api/auth/login
Proxy:			<none>
Request params:	<none>
Query params:	<none>
Form params:	<none>
Path params:	<none>
Headers:		Accept=*/*
				Content-Type=application/json
Cookies:		<none>
Multiparts:		<none>
Body:
{
    "email": "xAYexPEQZA@ya.ru",
    "password": "OALtdaFZQm",
    "name": "KwMadfaKRW"
}
Request method:	POST
Request URI:	https://stellarburgers.nomoreparties.site/api/auth/login
Proxy:			<none>
Request params:	<none>
Query params:	<none>
Form params:	<none>
Path params:	<none>
Headers:		Accept=*/*
				Content-Type=application/json
Cookies:		<none>
Multiparts:		<none>
Body:
{
    "email": "xAYexPEQZA@ya.ru",
    "password": "OALtdaFZQm",
    "name": "KwMadfaKRW"
}
Request method:	POST
Request URI:	https://stellarburgers.nomoreparties.site/api/auth/login
Proxy:			<none>
Request params:	<none>
Query params:	<none>
Form params:	<none>
Path params:	<none>
Headers:		Accept=*/*
				Content-Type=application/json
Cookies:		<none>
Multiparts:		<none>
Body:
{
    "email": "xAYexPEQZA@ya.ru",
    "password": "OALtdaFZQm",
    "name": "KwMadfaKRW"
}
Request method:	POST
Request URI:	https://stellarburgers.nomoreparties.site/api/auth/login
Proxy:			<none>
Request params:	<none>
Query params:	<none>
Form params:	<none>
Path params:	<none>
Headers:		Accept=*/*
				Content-Type=application/json
Cookies:		<none>
Multiparts:		<none>
Body:
{
    "email": "xAYexPEQZA@ya.ru",
    "password": "OALtdaFZQm",
    "name": "KwMadfaKRW"
}
Request method:	POST
Request URI:	https://stellarburgers.nomoreparties.site/api/auth/login
Proxy:			<none>
Request params:	<none>
Query params:	<none>
Form params:	<none>
Path params:	<none>
Headers:		Accept=*/*
				Content-Type=application/json
Cookies:		<none>
Multiparts:		<none>
Body:
{
    "email": "xAYexPEQZA@ya.ru",
    "password": "OALtdaFZQm",
    "name": "KwMadfaKRW"
}
Request method:	POST
Request URI:	https://stellarburgers.nomoreparties.site/api/auth/login
Proxy:			<none>
Request params:	<none>
Query params:	<none>
Form params:	<none>
Path params:	<none>
Headers:		Accept=*/*
				Content-Type=application/json
Cookies:		<none>
Multiparts:		<none>
Body:
{
    "email": "xAYexPEQZA@ya.ru",
    "password": "OALtdaFZQm",
    "name": "KwMadfaKRW"
}
Request method:	POST
Request URI:	https://stellarburgers.nomoreparties.site/api/auth/login
Proxy:			<none>
Request params:	<none>
Query params:	<none>
Form params:	<none>
Path params:	<none>
Headers:		Accept=*/*
				Content-Type=application/json
Cookies:		<none>
Multiparts:		<none>
Body:
{
    "email": "xAYexPEQZA@ya.ru",
    "password": "OALtdaFZQm",
    "name": "KwMadfaKRW"
}
Request method:	POST
Request URI:	https://stellarburgers.nomoreparties.site/api/auth/login
Proxy:			<none>
Request params:	<none>
Query params:	<none>
Form params:	<none>
Path params:	<none>
Headers:		Accept=*/*
				Content-Type=application/json
Cookies:		<none>
Multiparts:		<none>
Body:
{
    "email": "xAYexPEQZA@ya.ru",
    "password": "OALtdaFZQm",
    "name": "KwMadfaKRW"
}
Request method:	POST
Request URI:	https://stellarburgers.nomoreparties.site/api/auth/login
Proxy:			<none>
Request params:	<none>
Query params:	<none>
Form params:	<none>
Path params:	<none>
Headers:		Accept=*/*
				Content-Type=application/json
Cookies:		<none>
Multiparts:		<none>
Body:
{
    "email": "xAYexPEQZA@ya.ru",
    "password": "OALtdaFZQm",
    "name": "KwMadfaKRW"
}
Request method:	POST
Request URI:	https://stellarburgers.nomoreparties.site/api/auth/login
Proxy:			<none>
Request params:	<none>
Query params:	<none>
Form params:	<none>
Path params:	<none>
Headers:		Accept=*/*
				Content-Type=application/json
Cookies:		<none>
Multiparts:		<none>
Body:
{
    "email": "xAYexPEQZA@ya.ru",
    "password": "OALtdaFZQm",
    "name": "KwMadfaKRW"
}
Request method:	POST
Request URI:	https://stellarburgers.nomoreparties.site/api/auth/login
Proxy:			<none>
Request params:	<none>
Query params:	<none>
Form params:	<none>
Path params:	<none>
Headers:		Accept=*/*
				Content-Type=application/json
Cookies:		<none>
Multiparts:		<none>
Body:
{
    "email": "xAYexPEQZA@ya.ru",
    "password": "OALtdaFZQm",
    "name": "KwMadfaKRW"
}
Request method:	POST
Request URI:	https://stellarburgers.nomoreparties.site/api/auth/login
Proxy:			<none>
Request params:	<none>
Query params:	<none>
Form params:	<none>
Path params:	<none>
Headers:		Accept=*/*
				Content-Type=application/json
Cookies:		<none>
Multiparts:		<none>
Body:
{
    "email": "xAYexPEQZA@ya.ru",
    "password": "OALtdaFZQm",
    "name": "KwMadfaKRW"
}
Request method:	POST
Request URI:	https://stellarburgers.nomoreparties.site/api/auth/login
Proxy:			<none>
Request params:	<none>
Query params:	<none>
Form params:	<none>
Path params:	<none>
Headers:		Accept=*/*
				Content-Type=application/json
Cookies:		<none>
Multiparts:		<none>
Body:
{
    "email": "xAYexPEQZA@ya.ru",
    "password": "OALtdaFZQm",
    "name": "KwMadfaKRW"
}
HTTP/1.1 200 OK
Date: Sun, 30 Jun 2024 15:27:49 GMT
Content-Type: application/json; charset=utf-8
Transfer-Encoding: chunked
Connection: keep-alive
X-Powered-By: Express
Access-Control-Allow-Origin: *
ETag: W/"16d-600Qy7MrRcJulB6rhKv7nL2YsI4"
CF-Cache-Status: DYNAMIC
Report-To: {"endpoints":[{"url":"https:\/\/a.nel.cloudflare.com\/report\/v4?s=5ETYTdBrQzfi0vucCoehtbmDTfrADmqAj6CdwwMziOLWAa%2Ff2Vl6yMGUL6BdykCrr44lLK5cyOyivNlZkTNCmA%2B3qAGftzzTe160v0zkJYsoD07KytPXcdz68F0NQQTFdvnLglymDdBW1UnnG0LKHwzN%2BvQ%3D"}],"group":"cf-nel","max_age":604800}
NEL: {"success_fraction":0,"report_to":"cf-nel","max_age":604800}
Server: cloudflare
CF-RAY: 89bf2ebec8399719-AMS
Content-Encoding: gzip
alt-svc: h3=":443"; ma=86400

{
    "success": true,
    "accessToken": "Bearer eyJhbGciOiJIUzI1NiIsInR5cCI6IkpXVCJ9.eyJpZCI6IjY2ODE3OTc1OWVkMjgwMDAxYjQ1OTYxNiIsImlhdCI6MTcxOTc2MTI2OSwiZXhwIjoxNzE5NzYyNDY5fQ.EMA4hmZm7ReAjMsJdTJcRHN42y7oMq70FnD2x2pRkKg",
    "refreshToken": "3cafab46dbd8b149fa7dbe1ad3b351cb484b2b64ebc634ba8cf882d1703dafe3c4d3a14b712acb1c",
    "user": {
        "email": "xayexpeqza@ya.ru",
        "name": "KwMadfaKRW"
    }
}
HTTP/1.1 200 OK
Date: Sun, 30 Jun 2024 15:27:49 GMT
Content-Type: application/json; charset=utf-8
Transfer-Encoding: chunked
Connection: keep-alive
X-Powered-By: Express
Access-Control-Allow-Origin: *
ETag: W/"16d-600Qy7MrRcJulB6rhKv7nL2YsI4"
CF-Cache-Status: DYNAMIC
Report-To: {"endpoints":[{"url":"https:\/\/a.nel.cloudflare.com\/report\/v4?s=5ETYTdBrQzfi0vucCoehtbmDTfrADmqAj6CdwwMziOLWAa%2Ff2Vl6yMGUL6BdykCrr44lLK5cyOyivNlZkTNCmA%2B3qAGftzzTe160v0zkJYsoD07KytPXcdz68F0NQQTFdvnLglymDdBW1UnnG0LKHwzN%2BvQ%3D"}],"group":"cf-nel","max_age":604800}
NEL: {"success_fraction":0,"report_to":"cf-nel","max_age":604800}
Server: cloudflare
CF-RAY: 89bf2ebec8399719-AMS
Content-Encoding: gzip
alt-svc: h3=":443"; ma=86400

{
    "success": true,
    "accessToken": "Bearer eyJhbGciOiJIUzI1NiIsInR5cCI6IkpXVCJ9.eyJpZCI6IjY2ODE3OTc1OWVkMjgwMDAxYjQ1OTYxNiIsImlhdCI6MTcxOTc2MTI2OSwiZXhwIjoxNzE5NzYyNDY5fQ.EMA4hmZm7ReAjMsJdTJcRHN42y7oMq70FnD2x2pRkKg",
    "refreshToken": "3cafab46dbd8b149fa7dbe1ad3b351cb484b2b64ebc634ba8cf882d1703dafe3c4d3a14b712acb1c",
    "user": {
        "email": "xayexpeqza@ya.ru",
        "name": "KwMadfaKRW"
    }
}
HTTP/1.1 200 OK
Date: Sun, 30 Jun 2024 15:27:49 GMT
Content-Type: application/json; charset=utf-8
Transfer-Encoding: chunked
Connection: keep-alive
X-Powered-By: Express
Access-Control-Allow-Origin: *
ETag: W/"16d-600Qy7MrRcJulB6rhKv7nL2YsI4"
CF-Cache-Status: DYNAMIC
Report-To: {"endpoints":[{"url":"https:\/\/a.nel.cloudflare.com\/report\/v4?s=5ETYTdBrQzfi0vucCoehtbmDTfrADmqAj6CdwwMziOLWAa%2Ff2Vl6yMGUL6BdykCrr44lLK5cyOyivNlZkTNCmA%2B3qAGftzzTe160v0zkJYsoD07KytPXcdz68F0NQQTFdvnLglymDdBW1UnnG0LKHwzN%2BvQ%3D"}],"group":"cf-nel","max_age":604800}
NEL: {"success_fraction":0,"report_to":"cf-nel","max_age":604800}
Server: cloudflare
CF-RAY: 89bf2ebec8399719-AMS
Content-Encoding: gzip
alt-svc: h3=":443"; ma=86400

{
    "success": true,
    "accessToken": "Bearer eyJhbGciOiJIUzI1NiIsInR5cCI6IkpXVCJ9.eyJpZCI6IjY2ODE3OTc1OWVkMjgwMDAxYjQ1OTYxNiIsImlhdCI6MTcxOTc2MTI2OSwiZXhwIjoxNzE5NzYyNDY5fQ.EMA4hmZm7ReAjMsJdTJcRHN42y7oMq70FnD2x2pRkKg",
    "refreshToken": "3cafab46dbd8b149fa7dbe1ad3b351cb484b2b64ebc634ba8cf882d1703dafe3c4d3a14b712acb1c",
    "user": {
        "email": "xayexpeqza@ya.ru",
        "name": "KwMadfaKRW"
    }
}
HTTP/1.1 200 OK
Date: Sun, 30 Jun 2024 15:27:49 GMT
Content-Type: application/json; charset=utf-8
Transfer-Encoding: chunked
Connection: keep-alive
X-Powered-By: Express
Access-Control-Allow-Origin: *
ETag: W/"16d-600Qy7MrRcJulB6rhKv7nL2YsI4"
CF-Cache-Status: DYNAMIC
Report-To: {"endpoints":[{"url":"https:\/\/a.nel.cloudflare.com\/report\/v4?s=5ETYTdBrQzfi0vucCoehtbmDTfrADmqAj6CdwwMziOLWAa%2Ff2Vl6yMGUL6BdykCrr44lLK5cyOyivNlZkTNCmA%2B3qAGftzzTe160v0zkJYsoD07KytPXcdz68F0NQQTFdvnLglymDdBW1UnnG0LKHwzN%2BvQ%3D"}],"group":"cf-nel","max_age":604800}
NEL: {"success_fraction":0,"report_to":"cf-nel","max_age":604800}
Server: cloudflare
CF-RAY: 89bf2ebec8399719-AMS
Content-Encoding: gzip
alt-svc: h3=":443"; ma=86400

{
    "success": true,
    "accessToken": "Bearer eyJhbGciOiJIUzI1NiIsInR5cCI6IkpXVCJ9.eyJpZCI6IjY2ODE3OTc1OWVkMjgwMDAxYjQ1OTYxNiIsImlhdCI6MTcxOTc2MTI2OSwiZXhwIjoxNzE5NzYyNDY5fQ.EMA4hmZm7ReAjMsJdTJcRHN42y7oMq70FnD2x2pRkKg",
    "refreshToken": "3cafab46dbd8b149fa7dbe1ad3b351cb484b2b64ebc634ba8cf882d1703dafe3c4d3a14b712acb1c",
    "user": {
        "email": "xayexpeqza@ya.ru",
        "name": "KwMadfaKRW"
    }
}
HTTP/1.1 200 OK
Date: Sun, 30 Jun 2024 15:27:49 GMT
Content-Type: application/json; charset=utf-8
Transfer-Encoding: chunked
Connection: keep-alive
X-Powered-By: Express
Access-Control-Allow-Origin: *
ETag: W/"16d-600Qy7MrRcJulB6rhKv7nL2YsI4"
CF-Cache-Status: DYNAMIC
Report-To: {"endpoints":[{"url":"https:\/\/a.nel.cloudflare.com\/report\/v4?s=5ETYTdBrQzfi0vucCoehtbmDTfrADmqAj6CdwwMziOLWAa%2Ff2Vl6yMGUL6BdykCrr44lLK5cyOyivNlZkTNCmA%2B3qAGftzzTe160v0zkJYsoD07KytPXcdz68F0NQQTFdvnLglymDdBW1UnnG0LKHwzN%2BvQ%3D"}],"group":"cf-nel","max_age":604800}
NEL: {"success_fraction":0,"report_to":"cf-nel","max_age":604800}
Server: cloudflare
CF-RAY: 89bf2ebec8399719-AMS
Content-Encoding: gzip
alt-svc: h3=":443"; ma=86400

{
    "success": true,
    "accessToken": "Bearer eyJhbGciOiJIUzI1NiIsInR5cCI6IkpXVCJ9.eyJpZCI6IjY2ODE3OTc1OWVkMjgwMDAxYjQ1OTYxNiIsImlhdCI6MTcxOTc2MTI2OSwiZXhwIjoxNzE5NzYyNDY5fQ.EMA4hmZm7ReAjMsJdTJcRHN42y7oMq70FnD2x2pRkKg",
    "refreshToken": "3cafab46dbd8b149fa7dbe1ad3b351cb484b2b64ebc634ba8cf882d1703dafe3c4d3a14b712acb1c",
    "user": {
        "email": "xayexpeqza@ya.ru",
        "name": "KwMadfaKRW"
    }
}
HTTP/1.1 200 OK
Date: Sun, 30 Jun 2024 15:27:49 GMT
Content-Type: application/json; charset=utf-8
Transfer-Encoding: chunked
Connection: keep-alive
X-Powered-By: Express
Access-Control-Allow-Origin: *
ETag: W/"16d-600Qy7MrRcJulB6rhKv7nL2YsI4"
CF-Cache-Status: DYNAMIC
Report-To: {"endpoints":[{"url":"https:\/\/a.nel.cloudflare.com\/report\/v4?s=5ETYTdBrQzfi0vucCoehtbmDTfrADmqAj6CdwwMziOLWAa%2Ff2Vl6yMGUL6BdykCrr44lLK5cyOyivNlZkTNCmA%2B3qAGftzzTe160v0zkJYsoD07KytPXcdz68F0NQQTFdvnLglymDdBW1UnnG0LKHwzN%2BvQ%3D"}],"group":"cf-nel","max_age":604800}
NEL: {"success_fraction":0,"report_to":"cf-nel","max_age":604800}
Server: cloudflare
CF-RAY: 89bf2ebec8399719-AMS
Content-Encoding: gzip
alt-svc: h3=":443"; ma=86400

{
    "success": true,
    "accessToken": "Bearer eyJhbGciOiJIUzI1NiIsInR5cCI6IkpXVCJ9.eyJpZCI6IjY2ODE3OTc1OWVkMjgwMDAxYjQ1OTYxNiIsImlhdCI6MTcxOTc2MTI2OSwiZXhwIjoxNzE5NzYyNDY5fQ.EMA4hmZm7ReAjMsJdTJcRHN42y7oMq70FnD2x2pRkKg",
    "refreshToken": "3cafab46dbd8b149fa7dbe1ad3b351cb484b2b64ebc634ba8cf882d1703dafe3c4d3a14b712acb1c",
    "user": {
        "email": "xayexpeqza@ya.ru",
        "name": "KwMadfaKRW"
    }
}
HTTP/1.1 200 OK
Date: Sun, 30 Jun 2024 15:27:49 GMT
Content-Type: application/json; charset=utf-8
Transfer-Encoding: chunked
Connection: keep-alive
X-Powered-By: Express
Access-Control-Allow-Origin: *
ETag: W/"16d-600Qy7MrRcJulB6rhKv7nL2YsI4"
CF-Cache-Status: DYNAMIC
Report-To: {"endpoints":[{"url":"https:\/\/a.nel.cloudflare.com\/report\/v4?s=5ETYTdBrQzfi0vucCoehtbmDTfrADmqAj6CdwwMziOLWAa%2Ff2Vl6yMGUL6BdykCrr44lLK5cyOyivNlZkTNCmA%2B3qAGftzzTe160v0zkJYsoD07KytPXcdz68F0NQQTFdvnLglymDdBW1UnnG0LKHwzN%2BvQ%3D"}],"group":"cf-nel","max_age":604800}
NEL: {"success_fraction":0,"report_to":"cf-nel","max_age":604800}
Server: cloudflare
CF-RAY: 89bf2ebec8399719-AMS
Content-Encoding: gzip
alt-svc: h3=":443"; ma=86400

{
    "success": true,
    "accessToken": "Bearer eyJhbGciOiJIUzI1NiIsInR5cCI6IkpXVCJ9.eyJpZCI6IjY2ODE3OTc1OWVkMjgwMDAxYjQ1OTYxNiIsImlhdCI6MTcxOTc2MTI2OSwiZXhwIjoxNzE5NzYyNDY5fQ.EMA4hmZm7ReAjMsJdTJcRHN42y7oMq70FnD2x2pRkKg",
    "refreshToken": "3cafab46dbd8b149fa7dbe1ad3b351cb484b2b64ebc634ba8cf882d1703dafe3c4d3a14b712acb1c",
    "user": {
        "email": "xayexpeqza@ya.ru",
        "name": "KwMadfaKRW"
    }
}
HTTP/1.1 200 OK
Date: Sun, 30 Jun 2024 15:27:49 GMT
Content-Type: application/json; charset=utf-8
Transfer-Encoding: chunked
Connection: keep-alive
X-Powered-By: Express
Access-Control-Allow-Origin: *
ETag: W/"16d-600Qy7MrRcJulB6rhKv7nL2YsI4"
CF-Cache-Status: DYNAMIC
Report-To: {"endpoints":[{"url":"https:\/\/a.nel.cloudflare.com\/report\/v4?s=5ETYTdBrQzfi0vucCoehtbmDTfrADmqAj6CdwwMziOLWAa%2Ff2Vl6yMGUL6BdykCrr44lLK5cyOyivNlZkTNCmA%2B3qAGftzzTe160v0zkJYsoD07KytPXcdz68F0NQQTFdvnLglymDdBW1UnnG0LKHwzN%2BvQ%3D"}],"group":"cf-nel","max_age":604800}
NEL: {"success_fraction":0,"report_to":"cf-nel","max_age":604800}
Server: cloudflare
CF-RAY: 89bf2ebec8399719-AMS
Content-Encoding: gzip
alt-svc: h3=":443"; ma=86400

{
    "success": true,
    "accessToken": "Bearer eyJhbGciOiJIUzI1NiIsInR5cCI6IkpXVCJ9.eyJpZCI6IjY2ODE3OTc1OWVkMjgwMDAxYjQ1OTYxNiIsImlhdCI6MTcxOTc2MTI2OSwiZXhwIjoxNzE5NzYyNDY5fQ.EMA4hmZm7ReAjMsJdTJcRHN42y7oMq70FnD2x2pRkKg",
    "refreshToken": "3cafab46dbd8b149fa7dbe1ad3b351cb484b2b64ebc634ba8cf882d1703dafe3c4d3a14b712acb1c",
    "user": {
        "email": "xayexpeqza@ya.ru",
        "name": "KwMadfaKRW"
    }
}
HTTP/1.1 200 OK
Date: Sun, 30 Jun 2024 15:27:49 GMT
Content-Type: application/json; charset=utf-8
Transfer-Encoding: chunked
Connection: keep-alive
X-Powered-By: Express
Access-Control-Allow-Origin: *
ETag: W/"16d-600Qy7MrRcJulB6rhKv7nL2YsI4"
CF-Cache-Status: DYNAMIC
Report-To: {"endpoints":[{"url":"https:\/\/a.nel.cloudflare.com\/report\/v4?s=5ETYTdBrQzfi0vucCoehtbmDTfrADmqAj6CdwwMziOLWAa%2Ff2Vl6yMGUL6BdykCrr44lLK5cyOyivNlZkTNCmA%2B3qAGftzzTe160v0zkJYsoD07KytPXcdz68F0NQQTFdvnLglymDdBW1UnnG0LKHwzN%2BvQ%3D"}],"group":"cf-nel","max_age":604800}
NEL: {"success_fraction":0,"report_to":"cf-nel","max_age":604800}
Server: cloudflare
CF-RAY: 89bf2ebec8399719-AMS
Content-Encoding: gzip
alt-svc: h3=":443"; ma=86400

{
    "success": true,
    "accessToken": "Bearer eyJhbGciOiJIUzI1NiIsInR5cCI6IkpXVCJ9.eyJpZCI6IjY2ODE3OTc1OWVkMjgwMDAxYjQ1OTYxNiIsImlhdCI6MTcxOTc2MTI2OSwiZXhwIjoxNzE5NzYyNDY5fQ.EMA4hmZm7ReAjMsJdTJcRHN42y7oMq70FnD2x2pRkKg",
    "refreshToken": "3cafab46dbd8b149fa7dbe1ad3b351cb484b2b64ebc634ba8cf882d1703dafe3c4d3a14b712acb1c",
    "user": {
        "email": "xayexpeqza@ya.ru",
        "name": "KwMadfaKRW"
    }
}
HTTP/1.1 200 OK
Date: Sun, 30 Jun 2024 15:27:49 GMT
Content-Type: application/json; charset=utf-8
Transfer-Encoding: chunked
Connection: keep-alive
X-Powered-By: Express
Access-Control-Allow-Origin: *
ETag: W/"16d-600Qy7MrRcJulB6rhKv7nL2YsI4"
CF-Cache-Status: DYNAMIC
Report-To: {"endpoints":[{"url":"https:\/\/a.nel.cloudflare.com\/report\/v4?s=5ETYTdBrQzfi0vucCoehtbmDTfrADmqAj6CdwwMziOLWAa%2Ff2Vl6yMGUL6BdykCrr44lLK5cyOyivNlZkTNCmA%2B3qAGftzzTe160v0zkJYsoD07KytPXcdz68F0NQQTFdvnLglymDdBW1UnnG0LKHwzN%2BvQ%3D"}],"group":"cf-nel","max_age":604800}
NEL: {"success_fraction":0,"report_to":"cf-nel","max_age":604800}
Server: cloudflare
CF-RAY: 89bf2ebec8399719-AMS
Content-Encoding: gzip
alt-svc: h3=":443"; ma=86400

{
    "success": true,
    "accessToken": "Bearer eyJhbGciOiJIUzI1NiIsInR5cCI6IkpXVCJ9.eyJpZCI6IjY2ODE3OTc1OWVkMjgwMDAxYjQ1OTYxNiIsImlhdCI6MTcxOTc2MTI2OSwiZXhwIjoxNzE5NzYyNDY5fQ.EMA4hmZm7ReAjMsJdTJcRHN42y7oMq70FnD2x2pRkKg",
    "refreshToken": "3cafab46dbd8b149fa7dbe1ad3b351cb484b2b64ebc634ba8cf882d1703dafe3c4d3a14b712acb1c",
    "user": {
        "email": "xayexpeqza@ya.ru",
        "name": "KwMadfaKRW"
    }
}
HTTP/1.1 200 OK
Date: Sun, 30 Jun 2024 15:27:49 GMT
Content-Type: application/json; charset=utf-8
Transfer-Encoding: chunked
Connection: keep-alive
X-Powered-By: Express
Access-Control-Allow-Origin: *
ETag: W/"16d-600Qy7MrRcJulB6rhKv7nL2YsI4"
CF-Cache-Status: DYNAMIC
Report-To: {"endpoints":[{"url":"https:\/\/a.nel.cloudflare.com\/report\/v4?s=5ETYTdBrQzfi0vucCoehtbmDTfrADmqAj6CdwwMziOLWAa%2Ff2Vl6yMGUL6BdykCrr44lLK5cyOyivNlZkTNCmA%2B3qAGftzzTe160v0zkJYsoD07KytPXcdz68F0NQQTFdvnLglymDdBW1UnnG0LKHwzN%2BvQ%3D"}],"group":"cf-nel","max_age":604800}
NEL: {"success_fraction":0,"report_to":"cf-nel","max_age":604800}
Server: cloudflare
CF-RAY: 89bf2ebec8399719-AMS
Content-Encoding: gzip
alt-svc: h3=":443"; ma=86400

{
    "success": true,
    "accessToken": "Bearer eyJhbGciOiJIUzI1NiIsInR5cCI6IkpXVCJ9.eyJpZCI6IjY2ODE3OTc1OWVkMjgwMDAxYjQ1OTYxNiIsImlhdCI6MTcxOTc2MTI2OSwiZXhwIjoxNzE5NzYyNDY5fQ.EMA4hmZm7ReAjMsJdTJcRHN42y7oMq70FnD2x2pRkKg",
    "refreshToken": "3cafab46dbd8b149fa7dbe1ad3b351cb484b2b64ebc634ba8cf882d1703dafe3c4d3a14b712acb1c",
    "user": {
        "email": "xayexpeqza@ya.ru",
        "name": "KwMadfaKRW"
    }
}
HTTP/1.1 200 OK
Date: Sun, 30 Jun 2024 15:27:49 GMT
Content-Type: application/json; charset=utf-8
Transfer-Encoding: chunked
Connection: keep-alive
X-Powered-By: Express
Access-Control-Allow-Origin: *
ETag: W/"16d-600Qy7MrRcJulB6rhKv7nL2YsI4"
CF-Cache-Status: DYNAMIC
Report-To: {"endpoints":[{"url":"https:\/\/a.nel.cloudflare.com\/report\/v4?s=5ETYTdBrQzfi0vucCoehtbmDTfrADmqAj6CdwwMziOLWAa%2Ff2Vl6yMGUL6BdykCrr44lLK5cyOyivNlZkTNCmA%2B3qAGftzzTe160v0zkJYsoD07KytPXcdz68F0NQQTFdvnLglymDdBW1UnnG0LKHwzN%2BvQ%3D"}],"group":"cf-nel","max_age":604800}
NEL: {"success_fraction":0,"report_to":"cf-nel","max_age":604800}
Server: cloudflare
CF-RAY: 89bf2ebec8399719-AMS
Content-Encoding: gzip
alt-svc: h3=":443"; ma=86400

{
    "success": true,
    "accessToken": "Bearer eyJhbGciOiJIUzI1NiIsInR5cCI6IkpXVCJ9.eyJpZCI6IjY2ODE3OTc1OWVkMjgwMDAxYjQ1OTYxNiIsImlhdCI6MTcxOTc2MTI2OSwiZXhwIjoxNzE5NzYyNDY5fQ.EMA4hmZm7ReAjMsJdTJcRHN42y7oMq70FnD2x2pRkKg",
    "refreshToken": "3cafab46dbd8b149fa7dbe1ad3b351cb484b2b64ebc634ba8cf882d1703dafe3c4d3a14b712acb1c",
    "user": {
        "email": "xayexpeqza@ya.ru",
        "name": "KwMadfaKRW"
    }
}
HTTP/1.1 200 OK
Date: Sun, 30 Jun 2024 15:27:49 GMT
Content-Type: application/json; charset=utf-8
Transfer-Encoding: chunked
Connection: keep-alive
X-Powered-By: Express
Access-Control-Allow-Origin: *
ETag: W/"16d-600Qy7MrRcJulB6rhKv7nL2YsI4"
CF-Cache-Status: DYNAMIC
Report-To: {"endpoints":[{"url":"https:\/\/a.nel.cloudflare.com\/report\/v4?s=5ETYTdBrQzfi0vucCoehtbmDTfrADmqAj6CdwwMziOLWAa%2Ff2Vl6yMGUL6BdykCrr44lLK5cyOyivNlZkTNCmA%2B3qAGftzzTe160v0zkJYsoD07KytPXcdz68F0NQQTFdvnLglymDdBW1UnnG0LKHwzN%2BvQ%3D"}],"group":"cf-nel","max_age":604800}
NEL: {"success_fraction":0,"report_to":"cf-nel","max_age":604800}
Server: cloudflare
CF-RAY: 89bf2ebec8399719-AMS
Content-Encoding: gzip
alt-svc: h3=":443"; ma=86400

{
    "success": true,
    "accessToken": "Bearer eyJhbGciOiJIUzI1NiIsInR5cCI6IkpXVCJ9.eyJpZCI6IjY2ODE3OTc1OWVkMjgwMDAxYjQ1OTYxNiIsImlhdCI6MTcxOTc2MTI2OSwiZXhwIjoxNzE5NzYyNDY5fQ.EMA4hmZm7ReAjMsJdTJcRHN42y7oMq70FnD2x2pRkKg",
    "refreshToken": "3cafab46dbd8b149fa7dbe1ad3b351cb484b2b64ebc634ba8cf882d1703dafe3c4d3a14b712acb1c",
    "user": {
        "email": "xayexpeqza@ya.ru",
        "name": "KwMadfaKRW"
    }
}
HTTP/1.1 200 OK
Date: Sun, 30 Jun 2024 15:27:49 GMT
Content-Type: application/json; charset=utf-8
Transfer-Encoding: chunked
Connection: keep-alive
X-Powered-By: Express
Access-Control-Allow-Origin: *
ETag: W/"16d-600Qy7MrRcJulB6rhKv7nL2YsI4"
CF-Cache-Status: DYNAMIC
Report-To: {"endpoints":[{"url":"https:\/\/a.nel.cloudflare.com\/report\/v4?s=5ETYTdBrQzfi0vucCoehtbmDTfrADmqAj6CdwwMziOLWAa%2Ff2Vl6yMGUL6BdykCrr44lLK5cyOyivNlZkTNCmA%2B3qAGftzzTe160v0zkJYsoD07KytPXcdz68F0NQQTFdvnLglymDdBW1UnnG0LKHwzN%2BvQ%3D"}],"group":"cf-nel","max_age":604800}
NEL: {"success_fraction":0,"report_to":"cf-nel","max_age":604800}
Server: cloudflare
CF-RAY: 89bf2ebec8399719-AMS
Content-Encoding: gzip
alt-svc: h3=":443"; ma=86400

{
    "success": true,
    "accessToken": "Bearer eyJhbGciOiJIUzI1NiIsInR5cCI6IkpXVCJ9.eyJpZCI6IjY2ODE3OTc1OWVkMjgwMDAxYjQ1OTYxNiIsImlhdCI6MTcxOTc2MTI2OSwiZXhwIjoxNzE5NzYyNDY5fQ.EMA4hmZm7ReAjMsJdTJcRHN42y7oMq70FnD2x2pRkKg",
    "refreshToken": "3cafab46dbd8b149fa7dbe1ad3b351cb484b2b64ebc634ba8cf882d1703dafe3c4d3a14b712acb1c",
    "user": {
        "email": "xayexpeqza@ya.ru",
        "name": "KwMadfaKRW"
    }
}
HTTP/1.1 200 OK
Date: Sun, 30 Jun 2024 15:27:49 GMT
Content-Type: application/json; charset=utf-8
Transfer-Encoding: chunked
Connection: keep-alive
X-Powered-By: Express
Access-Control-Allow-Origin: *
ETag: W/"16d-600Qy7MrRcJulB6rhKv7nL2YsI4"
CF-Cache-Status: DYNAMIC
Report-To: {"endpoints":[{"url":"https:\/\/a.nel.cloudflare.com\/report\/v4?s=5ETYTdBrQzfi0vucCoehtbmDTfrADmqAj6CdwwMziOLWAa%2Ff2Vl6yMGUL6BdykCrr44lLK5cyOyivNlZkTNCmA%2B3qAGftzzTe160v0zkJYsoD07KytPXcdz68F0NQQTFdvnLglymDdBW1UnnG0LKHwzN%2BvQ%3D"}],"group":"cf-nel","max_age":604800}
NEL: {"success_fraction":0,"report_to":"cf-nel","max_age":604800}
Server: cloudflare
CF-RAY: 89bf2ebec8399719-AMS
Content-Encoding: gzip
alt-svc: h3=":443"; ma=86400

{
    "success": true,
    "accessToken": "Bearer eyJhbGciOiJIUzI1NiIsInR5cCI6IkpXVCJ9.eyJpZCI6IjY2ODE3OTc1OWVkMjgwMDAxYjQ1OTYxNiIsImlhdCI6MTcxOTc2MTI2OSwiZXhwIjoxNzE5NzYyNDY5fQ.EMA4hmZm7ReAjMsJdTJcRHN42y7oMq70FnD2x2pRkKg",
    "refreshToken": "3cafab46dbd8b149fa7dbe1ad3b351cb484b2b64ebc634ba8cf882d1703dafe3c4d3a14b712acb1c",
    "user": {
        "email": "xayexpeqza@ya.ru",
        "name": "KwMadfaKRW"
    }
}
HTTP/1.1 200 OK
Date: Sun, 30 Jun 2024 15:27:49 GMT
Content-Type: application/json; charset=utf-8
Transfer-Encoding: chunked
Connection: keep-alive
X-Powered-By: Express
Access-Control-Allow-Origin: *
ETag: W/"16d-600Qy7MrRcJulB6rhKv7nL2YsI4"
CF-Cache-Status: DYNAMIC
Report-To: {"endpoints":[{"url":"https:\/\/a.nel.cloudflare.com\/report\/v4?s=5ETYTdBrQzfi0vucCoehtbmDTfrADmqAj6CdwwMziOLWAa%2Ff2Vl6yMGUL6BdykCrr44lLK5cyOyivNlZkTNCmA%2B3qAGftzzTe160v0zkJYsoD07KytPXcdz68F0NQQTFdvnLglymDdBW1UnnG0LKHwzN%2BvQ%3D"}],"group":"cf-nel","max_age":604800}
NEL: {"success_fraction":0,"report_to":"cf-nel","max_age":604800}
Server: cloudflare
CF-RAY: 89bf2ebec8399719-AMS
Content-Encoding: gzip
alt-svc: h3=":443"; ma=86400

{
    "success": true,
    "accessToken": "Bearer eyJhbGciOiJIUzI1NiIsInR5cCI6IkpXVCJ9.eyJpZCI6IjY2ODE3OTc1OWVkMjgwMDAxYjQ1OTYxNiIsImlhdCI6MTcxOTc2MTI2OSwiZXhwIjoxNzE5NzYyNDY5fQ.EMA4hmZm7ReAjMsJdTJcRHN42y7oMq70FnD2x2pRkKg",
    "refreshToken": "3cafab46dbd8b149fa7dbe1ad3b351cb484b2b64ebc634ba8cf882d1703dafe3c4d3a14b712acb1c",
    "user": {
        "email": "xayexpeqza@ya.ru",
        "name": "KwMadfaKRW"
    }
}
HTTP/1.1 200 OK
Date: Sun, 30 Jun 2024 15:27:49 GMT
Content-Type: application/json; charset=utf-8
Transfer-Encoding: chunked
Connection: keep-alive
X-Powered-By: Express
Access-Control-Allow-Origin: *
ETag: W/"16d-600Qy7MrRcJulB6rhKv7nL2YsI4"
CF-Cache-Status: DYNAMIC
Report-To: {"endpoints":[{"url":"https:\/\/a.nel.cloudflare.com\/report\/v4?s=5ETYTdBrQzfi0vucCoehtbmDTfrADmqAj6CdwwMziOLWAa%2Ff2Vl6yMGUL6BdykCrr44lLK5cyOyivNlZkTNCmA%2B3qAGftzzTe160v0zkJYsoD07KytPXcdz68F0NQQTFdvnLglymDdBW1UnnG0LKHwzN%2BvQ%3D"}],"group":"cf-nel","max_age":604800}
NEL: {"success_fraction":0,"report_to":"cf-nel","max_age":604800}
Server: cloudflare
CF-RAY: 89bf2ebec8399719-AMS
Content-Encoding: gzip
alt-svc: h3=":443"; ma=86400

{
    "success": true,
    "accessToken": "Bearer eyJhbGciOiJIUzI1NiIsInR5cCI6IkpXVCJ9.eyJpZCI6IjY2ODE3OTc1OWVkMjgwMDAxYjQ1OTYxNiIsImlhdCI6MTcxOTc2MTI2OSwiZXhwIjoxNzE5NzYyNDY5fQ.EMA4hmZm7ReAjMsJdTJcRHN42y7oMq70FnD2x2pRkKg",
    "refreshToken": "3cafab46dbd8b149fa7dbe1ad3b351cb484b2b64ebc634ba8cf882d1703dafe3c4d3a14b712acb1c",
    "user": {
        "email": "xayexpeqza@ya.ru",
        "name": "KwMadfaKRW"
    }
}
HTTP/1.1 200 OK
Date: Sun, 30 Jun 2024 15:27:49 GMT
Content-Type: application/json; charset=utf-8
Transfer-Encoding: chunked
Connection: keep-alive
X-Powered-By: Express
Access-Control-Allow-Origin: *
ETag: W/"16d-600Qy7MrRcJulB6rhKv7nL2YsI4"
CF-Cache-Status: DYNAMIC
Report-To: {"endpoints":[{"url":"https:\/\/a.nel.cloudflare.com\/report\/v4?s=5ETYTdBrQzfi0vucCoehtbmDTfrADmqAj6CdwwMziOLWAa%2Ff2Vl6yMGUL6BdykCrr44lLK5cyOyivNlZkTNCmA%2B3qAGftzzTe160v0zkJYsoD07KytPXcdz68F0NQQTFdvnLglymDdBW1UnnG0LKHwzN%2BvQ%3D"}],"group":"cf-nel","max_age":604800}
NEL: {"success_fraction":0,"report_to":"cf-nel","max_age":604800}
Server: cloudflare
CF-RAY: 89bf2ebec8399719-AMS
Content-Encoding: gzip
alt-svc: h3=":443"; ma=86400

{
    "success": true,
    "accessToken": "Bearer eyJhbGciOiJIUzI1NiIsInR5cCI6IkpXVCJ9.eyJpZCI6IjY2ODE3OTc1OWVkMjgwMDAxYjQ1OTYxNiIsImlhdCI6MTcxOTc2MTI2OSwiZXhwIjoxNzE5NzYyNDY5fQ.EMA4hmZm7ReAjMsJdTJcRHN42y7oMq70FnD2x2pRkKg",
    "refreshToken": "3cafab46dbd8b149fa7dbe1ad3b351cb484b2b64ebc634ba8cf882d1703dafe3c4d3a14b712acb1c",
    "user": {
        "email": "xayexpeqza@ya.ru",
        "name": "KwMadfaKRW"
    }
}
HTTP/1.1 200 OK
Date: Sun, 30 Jun 2024 15:27:49 GMT
Content-Type: application/json; charset=utf-8
Transfer-Encoding: chunked
Connection: keep-alive
X-Powered-By: Express
Access-Control-Allow-Origin: *
ETag: W/"16d-600Qy7MrRcJulB6rhKv7nL2YsI4"
CF-Cache-Status: DYNAMIC
Report-To: {"endpoints":[{"url":"https:\/\/a.nel.cloudflare.com\/report\/v4?s=5ETYTdBrQzfi0vucCoehtbmDTfrADmqAj6CdwwMziOLWAa%2Ff2Vl6yMGUL6BdykCrr44lLK5cyOyivNlZkTNCmA%2B3qAGftzzTe160v0zkJYsoD07KytPXcdz68F0NQQTFdvnLglymDdBW1UnnG0LKHwzN%2BvQ%3D"}],"group":"cf-nel","max_age":604800}
NEL: {"success_fraction":0,"report_to":"cf-nel","max_age":604800}
Server: cloudflare
CF-RAY: 89bf2ebec8399719-AMS
Content-Encoding: gzip
alt-svc: h3=":443"; ma=86400

{
    "success": true,
    "accessToken": "Bearer eyJhbGciOiJIUzI1NiIsInR5cCI6IkpXVCJ9.eyJpZCI6IjY2ODE3OTc1OWVkMjgwMDAxYjQ1OTYxNiIsImlhdCI6MTcxOTc2MTI2OSwiZXhwIjoxNzE5NzYyNDY5fQ.EMA4hmZm7ReAjMsJdTJcRHN42y7oMq70FnD2x2pRkKg",
    "refreshToken": "3cafab46dbd8b149fa7dbe1ad3b351cb484b2b64ebc634ba8cf882d1703dafe3c4d3a14b712acb1c",
    "user": {
        "email": "xayexpeqza@ya.ru",
        "name": "KwMadfaKRW"
    }
}
HTTP/1.1 200 OK
Date: Sun, 30 Jun 2024 15:27:49 GMT
Content-Type: application/json; charset=utf-8
Transfer-Encoding: chunked
Connection: keep-alive
X-Powered-By: Express
Access-Control-Allow-Origin: *
ETag: W/"16d-600Qy7MrRcJulB6rhKv7nL2YsI4"
CF-Cache-Status: DYNAMIC
Report-To: {"endpoints":[{"url":"https:\/\/a.nel.cloudflare.com\/report\/v4?s=5ETYTdBrQzfi0vucCoehtbmDTfrADmqAj6CdwwMziOLWAa%2Ff2Vl6yMGUL6BdykCrr44lLK5cyOyivNlZkTNCmA%2B3qAGftzzTe160v0zkJYsoD07KytPXcdz68F0NQQTFdvnLglymDdBW1UnnG0LKHwzN%2BvQ%3D"}],"group":"cf-nel","max_age":604800}
NEL: {"success_fraction":0,"report_to":"cf-nel","max_age":604800}
Server: cloudflare
CF-RAY: 89bf2ebec8399719-AMS
Content-Encoding: gzip
alt-svc: h3=":443"; ma=86400

{
    "success": true,
    "accessToken": "Bearer eyJhbGciOiJIUzI1NiIsInR5cCI6IkpXVCJ9.eyJpZCI6IjY2ODE3OTc1OWVkMjgwMDAxYjQ1OTYxNiIsImlhdCI6MTcxOTc2MTI2OSwiZXhwIjoxNzE5NzYyNDY5fQ.EMA4hmZm7ReAjMsJdTJcRHN42y7oMq70FnD2x2pRkKg",
    "refreshToken": "3cafab46dbd8b149fa7dbe1ad3b351cb484b2b64ebc634ba8cf882d1703dafe3c4d3a14b712acb1c",
    "user": {
        "email": "xayexpeqza@ya.ru",
        "name": "KwMadfaKRW"
    }
}
HTTP/1.1 200 OK
Date: Sun, 30 Jun 2024 15:27:49 GMT
Content-Type: application/json; charset=utf-8
Transfer-Encoding: chunked
Connection: keep-alive
X-Powered-By: Express
Access-Control-Allow-Origin: *
ETag: W/"16d-600Qy7MrRcJulB6rhKv7nL2YsI4"
CF-Cache-Status: DYNAMIC
Report-To: {"endpoints":[{"url":"https:\/\/a.nel.cloudflare.com\/report\/v4?s=5ETYTdBrQzfi0vucCoehtbmDTfrADmqAj6CdwwMziOLWAa%2Ff2Vl6yMGUL6BdykCrr44lLK5cyOyivNlZkTNCmA%2B3qAGftzzTe160v0zkJYsoD07KytPXcdz68F0NQQTFdvnLglymDdBW1UnnG0LKHwzN%2BvQ%3D"}],"group":"cf-nel","max_age":604800}
NEL: {"success_fraction":0,"report_to":"cf-nel","max_age":604800}
Server: cloudflare
CF-RAY: 89bf2ebec8399719-AMS
Content-Encoding: gzip
alt-svc: h3=":443"; ma=86400

{
    "success": true,
    "accessToken": "Bearer eyJhbGciOiJIUzI1NiIsInR5cCI6IkpXVCJ9.eyJpZCI6IjY2ODE3OTc1OWVkMjgwMDAxYjQ1OTYxNiIsImlhdCI6MTcxOTc2MTI2OSwiZXhwIjoxNzE5NzYyNDY5fQ.EMA4hmZm7ReAjMsJdTJcRHN42y7oMq70FnD2x2pRkKg",
    "refreshToken": "3cafab46dbd8b149fa7dbe1ad3b351cb484b2b64ebc634ba8cf882d1703dafe3c4d3a14b712acb1c",
    "user": {
        "email": "xayexpeqza@ya.ru",
        "name": "KwMadfaKRW"
    }
}
HTTP/1.1 200 OK
Date: Sun, 30 Jun 2024 15:27:49 GMT
Content-Type: application/json; charset=utf-8
Transfer-Encoding: chunked
Connection: keep-alive
X-Powered-By: Express
Access-Control-Allow-Origin: *
ETag: W/"16d-600Qy7MrRcJulB6rhKv7nL2YsI4"
CF-Cache-Status: DYNAMIC
Report-To: {"endpoints":[{"url":"https:\/\/a.nel.cloudflare.com\/report\/v4?s=5ETYTdBrQzfi0vucCoehtbmDTfrADmqAj6CdwwMziOLWAa%2Ff2Vl6yMGUL6BdykCrr44lLK5cyOyivNlZkTNCmA%2B3qAGftzzTe160v0zkJYsoD07KytPXcdz68F0NQQTFdvnLglymDdBW1UnnG0LKHwzN%2BvQ%3D"}],"group":"cf-nel","max_age":604800}
NEL: {"success_fraction":0,"report_to":"cf-nel","max_age":604800}
Server: cloudflare
CF-RAY: 89bf2ebec8399719-AMS
Content-Encoding: gzip
alt-svc: h3=":443"; ma=86400

{
    "success": true,
    "accessToken": "Bearer eyJhbGciOiJIUzI1NiIsInR5cCI6IkpXVCJ9.eyJpZCI6IjY2ODE3OTc1OWVkMjgwMDAxYjQ1OTYxNiIsImlhdCI6MTcxOTc2MTI2OSwiZXhwIjoxNzE5NzYyNDY5fQ.EMA4hmZm7ReAjMsJdTJcRHN42y7oMq70FnD2x2pRkKg",
    "refreshToken": "3cafab46dbd8b149fa7dbe1ad3b351cb484b2b64ebc634ba8cf882d1703dafe3c4d3a14b712acb1c",
    "user": {
        "email": "xayexpeqza@ya.ru",
        "name": "KwMadfaKRW"
    }
}
HTTP/1.1 200 OK
Date: Sun, 30 Jun 2024 15:27:49 GMT
Content-Type: application/json; charset=utf-8
Transfer-Encoding: chunked
Connection: keep-alive
X-Powered-By: Express
Access-Control-Allow-Origin: *
ETag: W/"16d-600Qy7MrRcJulB6rhKv7nL2YsI4"
CF-Cache-Status: DYNAMIC
Report-To: {"endpoints":[{"url":"https:\/\/a.nel.cloudflare.com\/report\/v4?s=5ETYTdBrQzfi0vucCoehtbmDTfrADmqAj6CdwwMziOLWAa%2Ff2Vl6yMGUL6BdykCrr44lLK5cyOyivNlZkTNCmA%2B3qAGftzzTe160v0zkJYsoD07KytPXcdz68F0NQQTFdvnLglymDdBW1UnnG0LKHwzN%2BvQ%3D"}],"group":"cf-nel","max_age":604800}
NEL: {"success_fraction":0,"report_to":"cf-nel","max_age":604800}
Server: cloudflare
CF-RAY: 89bf2ebec8399719-AMS
Content-Encoding: gzip
alt-svc: h3=":443"; ma=86400

{
    "success": true,
    "accessToken": "Bearer eyJhbGciOiJIUzI1NiIsInR5cCI6IkpXVCJ9.eyJpZCI6IjY2ODE3OTc1OWVkMjgwMDAxYjQ1OTYxNiIsImlhdCI6MTcxOTc2MTI2OSwiZXhwIjoxNzE5NzYyNDY5fQ.EMA4hmZm7ReAjMsJdTJcRHN42y7oMq70FnD2x2pRkKg",
    "refreshToken": "3cafab46dbd8b149fa7dbe1ad3b351cb484b2b64ebc634ba8cf882d1703dafe3c4d3a14b712acb1c",
    "user": {
        "email": "xayexpeqza@ya.ru",
        "name": "KwMadfaKRW"
    }
}
HTTP/1.1 200 OK
Date: Sun, 30 Jun 2024 15:27:49 GMT
Content-Type: application/json; charset=utf-8
Transfer-Encoding: chunked
Connection: keep-alive
X-Powered-By: Express
Access-Control-Allow-Origin: *
ETag: W/"16d-600Qy7MrRcJulB6rhKv7nL2YsI4"
CF-Cache-Status: DYNAMIC
Report-To: {"endpoints":[{"url":"https:\/\/a.nel.cloudflare.com\/report\/v4?s=5ETYTdBrQzfi0vucCoehtbmDTfrADmqAj6CdwwMziOLWAa%2Ff2Vl6yMGUL6BdykCrr44lLK5cyOyivNlZkTNCmA%2B3qAGftzzTe160v0zkJYsoD07KytPXcdz68F0NQQTFdvnLglymDdBW1UnnG0LKHwzN%2BvQ%3D"}],"group":"cf-nel","max_age":604800}
NEL: {"success_fraction":0,"report_to":"cf-nel","max_age":604800}
Server: cloudflare
CF-RAY: 89bf2ebec8399719-AMS
Content-Encoding: gzip
alt-svc: h3=":443"; ma=86400

{
    "success": true,
    "accessToken": "Bearer eyJhbGciOiJIUzI1NiIsInR5cCI6IkpXVCJ9.eyJpZCI6IjY2ODE3OTc1OWVkMjgwMDAxYjQ1OTYxNiIsImlhdCI6MTcxOTc2MTI2OSwiZXhwIjoxNzE5NzYyNDY5fQ.EMA4hmZm7ReAjMsJdTJcRHN42y7oMq70FnD2x2pRkKg",
    "refreshToken": "3cafab46dbd8b149fa7dbe1ad3b351cb484b2b64ebc634ba8cf882d1703dafe3c4d3a14b712acb1c",
    "user": {
        "email": "xayexpeqza@ya.ru",
        "name": "KwMadfaKRW"
    }
}
HTTP/1.1 200 OK
Date: Sun, 30 Jun 2024 15:27:49 GMT
Content-Type: application/json; charset=utf-8
Transfer-Encoding: chunked
Connection: keep-alive
X-Powered-By: Express
Access-Control-Allow-Origin: *
ETag: W/"16d-600Qy7MrRcJulB6rhKv7nL2YsI4"
CF-Cache-Status: DYNAMIC
Report-To: {"endpoints":[{"url":"https:\/\/a.nel.cloudflare.com\/report\/v4?s=5ETYTdBrQzfi0vucCoehtbmDTfrADmqAj6CdwwMziOLWAa%2Ff2Vl6yMGUL6BdykCrr44lLK5cyOyivNlZkTNCmA%2B3qAGftzzTe160v0zkJYsoD07KytPXcdz68F0NQQTFdvnLglymDdBW1UnnG0LKHwzN%2BvQ%3D"}],"group":"cf-nel","max_age":604800}
NEL: {"success_fraction":0,"report_to":"cf-nel","max_age":604800}
Server: cloudflare
CF-RAY: 89bf2ebec8399719-AMS
Content-Encoding: gzip
alt-svc: h3=":443"; ma=86400

{
    "success": true,
    "accessToken": "Bearer eyJhbGciOiJIUzI1NiIsInR5cCI6IkpXVCJ9.eyJpZCI6IjY2ODE3OTc1OWVkMjgwMDAxYjQ1OTYxNiIsImlhdCI6MTcxOTc2MTI2OSwiZXhwIjoxNzE5NzYyNDY5fQ.EMA4hmZm7ReAjMsJdTJcRHN42y7oMq70FnD2x2pRkKg",
    "refreshToken": "3cafab46dbd8b149fa7dbe1ad3b351cb484b2b64ebc634ba8cf882d1703dafe3c4d3a14b712acb1c",
    "user": {
        "email": "xayexpeqza@ya.ru",
        "name": "KwMadfaKRW"
    }
}
HTTP/1.1 200 OK
Date: Sun, 30 Jun 2024 15:27:49 GMT
Content-Type: application/json; charset=utf-8
Transfer-Encoding: chunked
Connection: keep-alive
X-Powered-By: Express
Access-Control-Allow-Origin: *
ETag: W/"16d-600Qy7MrRcJulB6rhKv7nL2YsI4"
CF-Cache-Status: DYNAMIC
Report-To: {"endpoints":[{"url":"https:\/\/a.nel.cloudflare.com\/report\/v4?s=5ETYTdBrQzfi0vucCoehtbmDTfrADmqAj6CdwwMziOLWAa%2Ff2Vl6yMGUL6BdykCrr44lLK5cyOyivNlZkTNCmA%2B3qAGftzzTe160v0zkJYsoD07KytPXcdz68F0NQQTFdvnLglymDdBW1UnnG0LKHwzN%2BvQ%3D"}],"group":"cf-nel","max_age":604800}
NEL: {"success_fraction":0,"report_to":"cf-nel","max_age":604800}
Server: cloudflare
CF-RAY: 89bf2ebec8399719-AMS
Content-Encoding: gzip
alt-svc: h3=":443"; ma=86400

{
    "success": true,
    "accessToken": "Bearer eyJhbGciOiJIUzI1NiIsInR5cCI6IkpXVCJ9.eyJpZCI6IjY2ODE3OTc1OWVkMjgwMDAxYjQ1OTYxNiIsImlhdCI6MTcxOTc2MTI2OSwiZXhwIjoxNzE5NzYyNDY5fQ.EMA4hmZm7ReAjMsJdTJcRHN42y7oMq70FnD2x2pRkKg",
    "refreshToken": "3cafab46dbd8b149fa7dbe1ad3b351cb484b2b64ebc634ba8cf882d1703dafe3c4d3a14b712acb1c",
    "user": {
        "email": "xayexpeqza@ya.ru",
        "name": "KwMadfaKRW"
    }
}
HTTP/1.1 200 OK
Date: Sun, 30 Jun 2024 15:27:49 GMT
Content-Type: application/json; charset=utf-8
Transfer-Encoding: chunked
Connection: keep-alive
X-Powered-By: Express
Access-Control-Allow-Origin: *
ETag: W/"16d-600Qy7MrRcJulB6rhKv7nL2YsI4"
CF-Cache-Status: DYNAMIC
Report-To: {"endpoints":[{"url":"https:\/\/a.nel.cloudflare.com\/report\/v4?s=5ETYTdBrQzfi0vucCoehtbmDTfrADmqAj6CdwwMziOLWAa%2Ff2Vl6yMGUL6BdykCrr44lLK5cyOyivNlZkTNCmA%2B3qAGftzzTe160v0zkJYsoD07KytPXcdz68F0NQQTFdvnLglymDdBW1UnnG0LKHwzN%2BvQ%3D"}],"group":"cf-nel","max_age":604800}
NEL: {"success_fraction":0,"report_to":"cf-nel","max_age":604800}
Server: cloudflare
CF-RAY: 89bf2ebec8399719-AMS
Content-Encoding: gzip
alt-svc: h3=":443"; ma=86400

{
    "success": true,
    "accessToken": "Bearer eyJhbGciOiJIUzI1NiIsInR5cCI6IkpXVCJ9.eyJpZCI6IjY2ODE3OTc1OWVkMjgwMDAxYjQ1OTYxNiIsImlhdCI6MTcxOTc2MTI2OSwiZXhwIjoxNzE5NzYyNDY5fQ.EMA4hmZm7ReAjMsJdTJcRHN42y7oMq70FnD2x2pRkKg",
    "refreshToken": "3cafab46dbd8b149fa7dbe1ad3b351cb484b2b64ebc634ba8cf882d1703dafe3c4d3a14b712acb1c",
    "user": {
        "email": "xayexpeqza@ya.ru",
        "name": "KwMadfaKRW"
    }
}
HTTP/1.1 200 OK
Date: Sun, 30 Jun 2024 15:27:49 GMT
Content-Type: application/json; charset=utf-8
Transfer-Encoding: chunked
Connection: keep-alive
X-Powered-By: Express
Access-Control-Allow-Origin: *
ETag: W/"16d-600Qy7MrRcJulB6rhKv7nL2YsI4"
CF-Cache-Status: DYNAMIC
Report-To: {"endpoints":[{"url":"https:\/\/a.nel.cloudflare.com\/report\/v4?s=5ETYTdBrQzfi0vucCoehtbmDTfrADmqAj6CdwwMziOLWAa%2Ff2Vl6yMGUL6BdykCrr44lLK5cyOyivNlZkTNCmA%2B3qAGftzzTe160v0zkJYsoD07KytPXcdz68F0NQQTFdvnLglymDdBW1UnnG0LKHwzN%2BvQ%3D"}],"group":"cf-nel","max_age":604800}
NEL: {"success_fraction":0,"report_to":"cf-nel","max_age":604800}
Server: cloudflare
CF-RAY: 89bf2ebec8399719-AMS
Content-Encoding: gzip
alt-svc: h3=":443"; ma=86400

{
    "success": true,
    "accessToken": "Bearer eyJhbGciOiJIUzI1NiIsInR5cCI6IkpXVCJ9.eyJpZCI6IjY2ODE3OTc1OWVkMjgwMDAxYjQ1OTYxNiIsImlhdCI6MTcxOTc2MTI2OSwiZXhwIjoxNzE5NzYyNDY5fQ.EMA4hmZm7ReAjMsJdTJcRHN42y7oMq70FnD2x2pRkKg",
    "refreshToken": "3cafab46dbd8b149fa7dbe1ad3b351cb484b2b64ebc634ba8cf882d1703dafe3c4d3a14b712acb1c",
    "user": {
        "email": "xayexpeqza@ya.ru",
        "name": "KwMadfaKRW"
    }
}
Request method:	PATCH
Request URI:	https://stellarburgers.nomoreparties.site/api/auth/user
Proxy:			<none>
Request params:	<none>
Query params:	<none>
Form params:	<none>
Path params:	<none>
Headers:		Accept=*/*
				Content-Type=application/json
Cookies:		<none>
Multiparts:		<none>
Body:
{
    "email": "xAYexPEQZA@ya.ru",
    "password": "newOALtdaFZQm",
    "name": "KwMadfaKRW"
}
Request method:	PATCH
Request URI:	https://stellarburgers.nomoreparties.site/api/auth/user
Proxy:			<none>
Request params:	<none>
Query params:	<none>
Form params:	<none>
Path params:	<none>
Headers:		Accept=*/*
				Content-Type=application/json
Cookies:		<none>
Multiparts:		<none>
Body:
{
    "email": "xAYexPEQZA@ya.ru",
    "password": "newOALtdaFZQm",
    "name": "KwMadfaKRW"
}
Request method:	PATCH
Request URI:	https://stellarburgers.nomoreparties.site/api/auth/user
Proxy:			<none>
Request params:	<none>
Query params:	<none>
Form params:	<none>
Path params:	<none>
Headers:		Accept=*/*
				Content-Type=application/json
Cookies:		<none>
Multiparts:		<none>
Body:
{
    "email": "xAYexPEQZA@ya.ru",
    "password": "newOALtdaFZQm",
    "name": "KwMadfaKRW"
}
Request method:	PATCH
Request URI:	https://stellarburgers.nomoreparties.site/api/auth/user
Proxy:			<none>
Request params:	<none>
Query params:	<none>
Form params:	<none>
Path params:	<none>
Headers:		Accept=*/*
				Content-Type=application/json
Cookies:		<none>
Multiparts:		<none>
Body:
{
    "email": "xAYexPEQZA@ya.ru",
    "password": "newOALtdaFZQm",
    "name": "KwMadfaKRW"
}
Request method:	PATCH
Request URI:	https://stellarburgers.nomoreparties.site/api/auth/user
Proxy:			<none>
Request params:	<none>
Query params:	<none>
Form params:	<none>
Path params:	<none>
Headers:		Accept=*/*
				Content-Type=application/json
Cookies:		<none>
Multiparts:		<none>
Body:
{
    "email": "xAYexPEQZA@ya.ru",
    "password": "newOALtdaFZQm",
    "name": "KwMadfaKRW"
}
Request method:	PATCH
Request URI:	https://stellarburgers.nomoreparties.site/api/auth/user
Proxy:			<none>
Request params:	<none>
Query params:	<none>
Form params:	<none>
Path params:	<none>
Headers:		Accept=*/*
				Content-Type=application/json
Cookies:		<none>
Multiparts:		<none>
Body:
{
    "email": "xAYexPEQZA@ya.ru",
    "password": "newOALtdaFZQm",
    "name": "KwMadfaKRW"
}
Request method:	PATCH
Request URI:	https://stellarburgers.nomoreparties.site/api/auth/user
Proxy:			<none>
Request params:	<none>
Query params:	<none>
Form params:	<none>
Path params:	<none>
Headers:		Accept=*/*
				Content-Type=application/json
Cookies:		<none>
Multiparts:		<none>
Body:
{
    "email": "xAYexPEQZA@ya.ru",
    "password": "newOALtdaFZQm",
    "name": "KwMadfaKRW"
}
Request method:	PATCH
Request URI:	https://stellarburgers.nomoreparties.site/api/auth/user
Proxy:			<none>
Request params:	<none>
Query params:	<none>
Form params:	<none>
Path params:	<none>
Headers:		Accept=*/*
				Content-Type=application/json
Cookies:		<none>
Multiparts:		<none>
Body:
{
    "email": "xAYexPEQZA@ya.ru",
    "password": "newOALtdaFZQm",
    "name": "KwMadfaKRW"
}
Request method:	PATCH
Request URI:	https://stellarburgers.nomoreparties.site/api/auth/user
Proxy:			<none>
Request params:	<none>
Query params:	<none>
Form params:	<none>
Path params:	<none>
Headers:		Accept=*/*
				Content-Type=application/json
Cookies:		<none>
Multiparts:		<none>
Body:
{
    "email": "xAYexPEQZA@ya.ru",
    "password": "newOALtdaFZQm",
    "name": "KwMadfaKRW"
}
Request method:	PATCH
Request URI:	https://stellarburgers.nomoreparties.site/api/auth/user
Proxy:			<none>
Request params:	<none>
Query params:	<none>
Form params:	<none>
Path params:	<none>
Headers:		Accept=*/*
				Content-Type=application/json
Cookies:		<none>
Multiparts:		<none>
Body:
{
    "email": "xAYexPEQZA@ya.ru",
    "password": "newOALtdaFZQm",
    "name": "KwMadfaKRW"
}
Request method:	PATCH
Request URI:	https://stellarburgers.nomoreparties.site/api/auth/user
Proxy:			<none>
Request params:	<none>
Query params:	<none>
Form params:	<none>
Path params:	<none>
Headers:		Accept=*/*
				Content-Type=application/json
Cookies:		<none>
Multiparts:		<none>
Body:
{
    "email": "xAYexPEQZA@ya.ru",
    "password": "newOALtdaFZQm",
    "name": "KwMadfaKRW"
}
Request method:	PATCH
Request URI:	https://stellarburgers.nomoreparties.site/api/auth/user
Proxy:			<none>
Request params:	<none>
Query params:	<none>
Form params:	<none>
Path params:	<none>
Headers:		Accept=*/*
				Content-Type=application/json
Cookies:		<none>
Multiparts:		<none>
Body:
{
    "email": "xAYexPEQZA@ya.ru",
    "password": "newOALtdaFZQm",
    "name": "KwMadfaKRW"
}
Request method:	PATCH
Request URI:	https://stellarburgers.nomoreparties.site/api/auth/user
Proxy:			<none>
Request params:	<none>
Query params:	<none>
Form params:	<none>
Path params:	<none>
Headers:		Accept=*/*
				Content-Type=application/json
Cookies:		<none>
Multiparts:		<none>
Body:
{
    "email": "xAYexPEQZA@ya.ru",
    "password": "newOALtdaFZQm",
    "name": "KwMadfaKRW"
}
Request method:	PATCH
Request URI:	https://stellarburgers.nomoreparties.site/api/auth/user
Proxy:			<none>
Request params:	<none>
Query params:	<none>
Form params:	<none>
Path params:	<none>
Headers:		Accept=*/*
				Content-Type=application/json
Cookies:		<none>
Multiparts:		<none>
Body:
{
    "email": "xAYexPEQZA@ya.ru",
    "password": "newOALtdaFZQm",
    "name": "KwMadfaKRW"
}
Request method:	PATCH
Request URI:	https://stellarburgers.nomoreparties.site/api/auth/user
Proxy:			<none>
Request params:	<none>
Query params:	<none>
Form params:	<none>
Path params:	<none>
Headers:		Accept=*/*
				Content-Type=application/json
Cookies:		<none>
Multiparts:		<none>
Body:
{
    "email": "xAYexPEQZA@ya.ru",
    "password": "newOALtdaFZQm",
    "name": "KwMadfaKRW"
}
Request method:	PATCH
Request URI:	https://stellarburgers.nomoreparties.site/api/auth/user
Proxy:			<none>
Request params:	<none>
Query params:	<none>
Form params:	<none>
Path params:	<none>
Headers:		Accept=*/*
				Content-Type=application/json
Cookies:		<none>
Multiparts:		<none>
Body:
{
    "email": "xAYexPEQZA@ya.ru",
    "password": "newOALtdaFZQm",
    "name": "KwMadfaKRW"
}
Request method:	PATCH
Request URI:	https://stellarburgers.nomoreparties.site/api/auth/user
Proxy:			<none>
Request params:	<none>
Query params:	<none>
Form params:	<none>
Path params:	<none>
Headers:		Accept=*/*
				Content-Type=application/json
Cookies:		<none>
Multiparts:		<none>
Body:
{
    "email": "xAYexPEQZA@ya.ru",
    "password": "newOALtdaFZQm",
    "name": "KwMadfaKRW"
}
Request method:	PATCH
Request URI:	https://stellarburgers.nomoreparties.site/api/auth/user
Proxy:			<none>
Request params:	<none>
Query params:	<none>
Form params:	<none>
Path params:	<none>
Headers:		Accept=*/*
				Content-Type=application/json
Cookies:		<none>
Multiparts:		<none>
Body:
{
    "email": "xAYexPEQZA@ya.ru",
    "password": "newOALtdaFZQm",
    "name": "KwMadfaKRW"
}
Request method:	PATCH
Request URI:	https://stellarburgers.nomoreparties.site/api/auth/user
Proxy:			<none>
Request params:	<none>
Query params:	<none>
Form params:	<none>
Path params:	<none>
Headers:		Accept=*/*
				Content-Type=application/json
Cookies:		<none>
Multiparts:		<none>
Body:
{
    "email": "xAYexPEQZA@ya.ru",
    "password": "newOALtdaFZQm",
    "name": "KwMadfaKRW"
}
Request method:	PATCH
Request URI:	https://stellarburgers.nomoreparties.site/api/auth/user
Proxy:			<none>
Request params:	<none>
Query params:	<none>
Form params:	<none>
Path params:	<none>
Headers:		Accept=*/*
				Content-Type=application/json
Cookies:		<none>
Multiparts:		<none>
Body:
{
    "email": "xAYexPEQZA@ya.ru",
    "password": "newOALtdaFZQm",
    "name": "KwMadfaKRW"
}
Request method:	PATCH
Request URI:	https://stellarburgers.nomoreparties.site/api/auth/user
Proxy:			<none>
Request params:	<none>
Query params:	<none>
Form params:	<none>
Path params:	<none>
Headers:		Accept=*/*
				Content-Type=application/json
Cookies:		<none>
Multiparts:		<none>
Body:
{
    "email": "xAYexPEQZA@ya.ru",
    "password": "newOALtdaFZQm",
    "name": "KwMadfaKRW"
}
Request method:	PATCH
Request URI:	https://stellarburgers.nomoreparties.site/api/auth/user
Proxy:			<none>
Request params:	<none>
Query params:	<none>
Form params:	<none>
Path params:	<none>
Headers:		Accept=*/*
				Content-Type=application/json
Cookies:		<none>
Multiparts:		<none>
Body:
{
    "email": "xAYexPEQZA@ya.ru",
    "password": "newOALtdaFZQm",
    "name": "KwMadfaKRW"
}
Request method:	PATCH
Request URI:	https://stellarburgers.nomoreparties.site/api/auth/user
Proxy:			<none>
Request params:	<none>
Query params:	<none>
Form params:	<none>
Path params:	<none>
Headers:		Accept=*/*
				Content-Type=application/json
Cookies:		<none>
Multiparts:		<none>
Body:
{
    "email": "xAYexPEQZA@ya.ru",
    "password": "newOALtdaFZQm",
    "name": "KwMadfaKRW"
}
Request method:	PATCH
Request URI:	https://stellarburgers.nomoreparties.site/api/auth/user
Proxy:			<none>
Request params:	<none>
Query params:	<none>
Form params:	<none>
Path params:	<none>
Headers:		Accept=*/*
				Content-Type=application/json
Cookies:		<none>
Multiparts:		<none>
Body:
{
    "email": "xAYexPEQZA@ya.ru",
    "password": "newOALtdaFZQm",
    "name": "KwMadfaKRW"
}
Request method:	PATCH
Request URI:	https://stellarburgers.nomoreparties.site/api/auth/user
Proxy:			<none>
Request params:	<none>
Query params:	<none>
Form params:	<none>
Path params:	<none>
Headers:		Accept=*/*
				Content-Type=application/json
Cookies:		<none>
Multiparts:		<none>
Body:
{
    "email": "xAYexPEQZA@ya.ru",
    "password": "newOALtdaFZQm",
    "name": "KwMadfaKRW"
}
Request method:	PATCH
Request URI:	https://stellarburgers.nomoreparties.site/api/auth/user
Proxy:			<none>
Request params:	<none>
Query params:	<none>
Form params:	<none>
Path params:	<none>
Headers:		Accept=*/*
				Content-Type=application/json
Cookies:		<none>
Multiparts:		<none>
Body:
{
    "email": "xAYexPEQZA@ya.ru",
    "password": "newOALtdaFZQm",
    "name": "KwMadfaKRW"
}
Request method:	PATCH
Request URI:	https://stellarburgers.nomoreparties.site/api/auth/user
Proxy:			<none>
Request params:	<none>
Query params:	<none>
Form params:	<none>
Path params:	<none>
Headers:		Accept=*/*
				Content-Type=application/json
Cookies:		<none>
Multiparts:		<none>
Body:
{
    "email": "xAYexPEQZA@ya.ru",
    "password": "newOALtdaFZQm",
    "name": "KwMadfaKRW"
}
Request method:	PATCH
Request URI:	https://stellarburgers.nomoreparties.site/api/auth/user
Proxy:			<none>
Request params:	<none>
Query params:	<none>
Form params:	<none>
Path params:	<none>
Headers:		Accept=*/*
				Content-Type=application/json
Cookies:		<none>
Multiparts:		<none>
Body:
{
    "email": "xAYexPEQZA@ya.ru",
    "password": "newOALtdaFZQm",
    "name": "KwMadfaKRW"
}
Request method:	PATCH
Request URI:	https://stellarburgers.nomoreparties.site/api/auth/user
Proxy:			<none>
Request params:	<none>
Query params:	<none>
Form params:	<none>
Path params:	<none>
Headers:		Accept=*/*
				Content-Type=application/json
Cookies:		<none>
Multiparts:		<none>
Body:
{
    "email": "xAYexPEQZA@ya.ru",
    "password": "newOALtdaFZQm",
    "name": "KwMadfaKRW"
}
HTTP/1.1 401 Unauthorized
Date: Sun, 30 Jun 2024 15:27:49 GMT
Content-Type: application/json; charset=utf-8
Content-Length: 54
Connection: keep-alive
X-Powered-By: Express
Access-Control-Allow-Origin: *
ETag: W/"36-9ndkQYJpZ8s0sMN790Nuh0MLq/U"
CF-Cache-Status: DYNAMIC
Report-To: {"endpoints":[{"url":"https:\/\/a.nel.cloudflare.com\/report\/v4?s=nXwGcbvvcDkAseZujYcnqvJ90wvCAzr%2F49frryrvqnr4EaZ8qstBwMS2n7lKGMsW1WxR%2ByiX4fzYTcEBytbe5B2v6TugIVJ2fTtovpmNNfSaLO7ByqZ5BheLq5wCujR40WH0csSyLp%2BMRnu0YDigRrgwD4s%3D"}],"group":"cf-nel","max_age":604800}
NEL: {"success_fraction":0,"report_to":"cf-nel","max_age":604800}
Server: cloudflare
CF-RAY: 89bf2ec099e7b930-AMS
alt-svc: h3=":443"; ma=86400

{
    "success": false,
    "message": "You should be authorised"
}
HTTP/1.1 401 Unauthorized
Date: Sun, 30 Jun 2024 15:27:49 GMT
Content-Type: application/json; charset=utf-8
Content-Length: 54
Connection: keep-alive
X-Powered-By: Express
Access-Control-Allow-Origin: *
ETag: W/"36-9ndkQYJpZ8s0sMN790Nuh0MLq/U"
CF-Cache-Status: DYNAMIC
Report-To: {"endpoints":[{"url":"https:\/\/a.nel.cloudflare.com\/report\/v4?s=nXwGcbvvcDkAseZujYcnqvJ90wvCAzr%2F49frryrvqnr4EaZ8qstBwMS2n7lKGMsW1WxR%2ByiX4fzYTcEBytbe5B2v6TugIVJ2fTtovpmNNfSaLO7ByqZ5BheLq5wCujR40WH0csSyLp%2BMRnu0YDigRrgwD4s%3D"}],"group":"cf-nel","max_age":604800}
NEL: {"success_fraction":0,"report_to":"cf-nel","max_age":604800}
Server: cloudflare
CF-RAY: 89bf2ec099e7b930-AMS
alt-svc: h3=":443"; ma=86400

{
    "success": false,
    "message": "You should be authorised"
}
HTTP/1.1 401 Unauthorized
Date: Sun, 30 Jun 2024 15:27:49 GMT
Content-Type: application/json; charset=utf-8
Content-Length: 54
Connection: keep-alive
X-Powered-By: Express
Access-Control-Allow-Origin: *
ETag: W/"36-9ndkQYJpZ8s0sMN790Nuh0MLq/U"
CF-Cache-Status: DYNAMIC
Report-To: {"endpoints":[{"url":"https:\/\/a.nel.cloudflare.com\/report\/v4?s=nXwGcbvvcDkAseZujYcnqvJ90wvCAzr%2F49frryrvqnr4EaZ8qstBwMS2n7lKGMsW1WxR%2ByiX4fzYTcEBytbe5B2v6TugIVJ2fTtovpmNNfSaLO7ByqZ5BheLq5wCujR40WH0csSyLp%2BMRnu0YDigRrgwD4s%3D"}],"group":"cf-nel","max_age":604800}
NEL: {"success_fraction":0,"report_to":"cf-nel","max_age":604800}
Server: cloudflare
CF-RAY: 89bf2ec099e7b930-AMS
alt-svc: h3=":443"; ma=86400

{
    "success": false,
    "message": "You should be authorised"
}
HTTP/1.1 401 Unauthorized
Date: Sun, 30 Jun 2024 15:27:49 GMT
Content-Type: application/json; charset=utf-8
Content-Length: 54
Connection: keep-alive
X-Powered-By: Express
Access-Control-Allow-Origin: *
ETag: W/"36-9ndkQYJpZ8s0sMN790Nuh0MLq/U"
CF-Cache-Status: DYNAMIC
Report-To: {"endpoints":[{"url":"https:\/\/a.nel.cloudflare.com\/report\/v4?s=nXwGcbvvcDkAseZujYcnqvJ90wvCAzr%2F49frryrvqnr4EaZ8qstBwMS2n7lKGMsW1WxR%2ByiX4fzYTcEBytbe5B2v6TugIVJ2fTtovpmNNfSaLO7ByqZ5BheLq5wCujR40WH0csSyLp%2BMRnu0YDigRrgwD4s%3D"}],"group":"cf-nel","max_age":604800}
NEL: {"success_fraction":0,"report_to":"cf-nel","max_age":604800}
Server: cloudflare
CF-RAY: 89bf2ec099e7b930-AMS
alt-svc: h3=":443"; ma=86400

{
    "success": false,
    "message": "You should be authorised"
}
HTTP/1.1 401 Unauthorized
Date: Sun, 30 Jun 2024 15:27:49 GMT
Content-Type: application/json; charset=utf-8
Content-Length: 54
Connection: keep-alive
X-Powered-By: Express
Access-Control-Allow-Origin: *
ETag: W/"36-9ndkQYJpZ8s0sMN790Nuh0MLq/U"
CF-Cache-Status: DYNAMIC
Report-To: {"endpoints":[{"url":"https:\/\/a.nel.cloudflare.com\/report\/v4?s=nXwGcbvvcDkAseZujYcnqvJ90wvCAzr%2F49frryrvqnr4EaZ8qstBwMS2n7lKGMsW1WxR%2ByiX4fzYTcEBytbe5B2v6TugIVJ2fTtovpmNNfSaLO7ByqZ5BheLq5wCujR40WH0csSyLp%2BMRnu0YDigRrgwD4s%3D"}],"group":"cf-nel","max_age":604800}
NEL: {"success_fraction":0,"report_to":"cf-nel","max_age":604800}
Server: cloudflare
CF-RAY: 89bf2ec099e7b930-AMS
alt-svc: h3=":443"; ma=86400

{
    "success": false,
    "message": "You should be authorised"
}
HTTP/1.1 401 Unauthorized
Date: Sun, 30 Jun 2024 15:27:49 GMT
Content-Type: application/json; charset=utf-8
Content-Length: 54
Connection: keep-alive
X-Powered-By: Express
Access-Control-Allow-Origin: *
ETag: W/"36-9ndkQYJpZ8s0sMN790Nuh0MLq/U"
CF-Cache-Status: DYNAMIC
Report-To: {"endpoints":[{"url":"https:\/\/a.nel.cloudflare.com\/report\/v4?s=nXwGcbvvcDkAseZujYcnqvJ90wvCAzr%2F49frryrvqnr4EaZ8qstBwMS2n7lKGMsW1WxR%2ByiX4fzYTcEBytbe5B2v6TugIVJ2fTtovpmNNfSaLO7ByqZ5BheLq5wCujR40WH0csSyLp%2BMRnu0YDigRrgwD4s%3D"}],"group":"cf-nel","max_age":604800}
NEL: {"success_fraction":0,"report_to":"cf-nel","max_age":604800}
Server: cloudflare
CF-RAY: 89bf2ec099e7b930-AMS
alt-svc: h3=":443"; ma=86400

{
    "success": false,
    "message": "You should be authorised"
}
HTTP/1.1 401 Unauthorized
Date: Sun, 30 Jun 2024 15:27:49 GMT
Content-Type: application/json; charset=utf-8
Content-Length: 54
Connection: keep-alive
X-Powered-By: Express
Access-Control-Allow-Origin: *
ETag: W/"36-9ndkQYJpZ8s0sMN790Nuh0MLq/U"
CF-Cache-Status: DYNAMIC
Report-To: {"endpoints":[{"url":"https:\/\/a.nel.cloudflare.com\/report\/v4?s=nXwGcbvvcDkAseZujYcnqvJ90wvCAzr%2F49frryrvqnr4EaZ8qstBwMS2n7lKGMsW1WxR%2ByiX4fzYTcEBytbe5B2v6TugIVJ2fTtovpmNNfSaLO7ByqZ5BheLq5wCujR40WH0csSyLp%2BMRnu0YDigRrgwD4s%3D"}],"group":"cf-nel","max_age":604800}
NEL: {"success_fraction":0,"report_to":"cf-nel","max_age":604800}
Server: cloudflare
CF-RAY: 89bf2ec099e7b930-AMS
alt-svc: h3=":443"; ma=86400

{
    "success": false,
    "message": "You should be authorised"
}
HTTP/1.1 401 Unauthorized
Date: Sun, 30 Jun 2024 15:27:49 GMT
Content-Type: application/json; charset=utf-8
Content-Length: 54
Connection: keep-alive
X-Powered-By: Express
Access-Control-Allow-Origin: *
ETag: W/"36-9ndkQYJpZ8s0sMN790Nuh0MLq/U"
CF-Cache-Status: DYNAMIC
Report-To: {"endpoints":[{"url":"https:\/\/a.nel.cloudflare.com\/report\/v4?s=nXwGcbvvcDkAseZujYcnqvJ90wvCAzr%2F49frryrvqnr4EaZ8qstBwMS2n7lKGMsW1WxR%2ByiX4fzYTcEBytbe5B2v6TugIVJ2fTtovpmNNfSaLO7ByqZ5BheLq5wCujR40WH0csSyLp%2BMRnu0YDigRrgwD4s%3D"}],"group":"cf-nel","max_age":604800}
NEL: {"success_fraction":0,"report_to":"cf-nel","max_age":604800}
Server: cloudflare
CF-RAY: 89bf2ec099e7b930-AMS
alt-svc: h3=":443"; ma=86400

{
    "success": false,
    "message": "You should be authorised"
}
HTTP/1.1 401 Unauthorized
Date: Sun, 30 Jun 2024 15:27:49 GMT
Content-Type: application/json; charset=utf-8
Content-Length: 54
Connection: keep-alive
X-Powered-By: Express
Access-Control-Allow-Origin: *
ETag: W/"36-9ndkQYJpZ8s0sMN790Nuh0MLq/U"
CF-Cache-Status: DYNAMIC
Report-To: {"endpoints":[{"url":"https:\/\/a.nel.cloudflare.com\/report\/v4?s=nXwGcbvvcDkAseZujYcnqvJ90wvCAzr%2F49frryrvqnr4EaZ8qstBwMS2n7lKGMsW1WxR%2ByiX4fzYTcEBytbe5B2v6TugIVJ2fTtovpmNNfSaLO7ByqZ5BheLq5wCujR40WH0csSyLp%2BMRnu0YDigRrgwD4s%3D"}],"group":"cf-nel","max_age":604800}
NEL: {"success_fraction":0,"report_to":"cf-nel","max_age":604800}
Server: cloudflare
CF-RAY: 89bf2ec099e7b930-AMS
alt-svc: h3=":443"; ma=86400

{
    "success": false,
    "message": "You should be authorised"
}
HTTP/1.1 401 Unauthorized
Date: Sun, 30 Jun 2024 15:27:49 GMT
Content-Type: application/json; charset=utf-8
Content-Length: 54
Connection: keep-alive
X-Powered-By: Express
Access-Control-Allow-Origin: *
ETag: W/"36-9ndkQYJpZ8s0sMN790Nuh0MLq/U"
CF-Cache-Status: DYNAMIC
Report-To: {"endpoints":[{"url":"https:\/\/a.nel.cloudflare.com\/report\/v4?s=nXwGcbvvcDkAseZujYcnqvJ90wvCAzr%2F49frryrvqnr4EaZ8qstBwMS2n7lKGMsW1WxR%2ByiX4fzYTcEBytbe5B2v6TugIVJ2fTtovpmNNfSaLO7ByqZ5BheLq5wCujR40WH0csSyLp%2BMRnu0YDigRrgwD4s%3D"}],"group":"cf-nel","max_age":604800}
NEL: {"success_fraction":0,"report_to":"cf-nel","max_age":604800}
Server: cloudflare
CF-RAY: 89bf2ec099e7b930-AMS
alt-svc: h3=":443"; ma=86400

{
    "success": false,
    "message": "You should be authorised"
}
HTTP/1.1 401 Unauthorized
Date: Sun, 30 Jun 2024 15:27:49 GMT
Content-Type: application/json; charset=utf-8
Content-Length: 54
Connection: keep-alive
X-Powered-By: Express
Access-Control-Allow-Origin: *
ETag: W/"36-9ndkQYJpZ8s0sMN790Nuh0MLq/U"
CF-Cache-Status: DYNAMIC
Report-To: {"endpoints":[{"url":"https:\/\/a.nel.cloudflare.com\/report\/v4?s=nXwGcbvvcDkAseZujYcnqvJ90wvCAzr%2F49frryrvqnr4EaZ8qstBwMS2n7lKGMsW1WxR%2ByiX4fzYTcEBytbe5B2v6TugIVJ2fTtovpmNNfSaLO7ByqZ5BheLq5wCujR40WH0csSyLp%2BMRnu0YDigRrgwD4s%3D"}],"group":"cf-nel","max_age":604800}
NEL: {"success_fraction":0,"report_to":"cf-nel","max_age":604800}
Server: cloudflare
CF-RAY: 89bf2ec099e7b930-AMS
alt-svc: h3=":443"; ma=86400

{
    "success": false,
    "message": "You should be authorised"
}
HTTP/1.1 401 Unauthorized
Date: Sun, 30 Jun 2024 15:27:49 GMT
Content-Type: application/json; charset=utf-8
Content-Length: 54
Connection: keep-alive
X-Powered-By: Express
Access-Control-Allow-Origin: *
ETag: W/"36-9ndkQYJpZ8s0sMN790Nuh0MLq/U"
CF-Cache-Status: DYNAMIC
Report-To: {"endpoints":[{"url":"https:\/\/a.nel.cloudflare.com\/report\/v4?s=nXwGcbvvcDkAseZujYcnqvJ90wvCAzr%2F49frryrvqnr4EaZ8qstBwMS2n7lKGMsW1WxR%2ByiX4fzYTcEBytbe5B2v6TugIVJ2fTtovpmNNfSaLO7ByqZ5BheLq5wCujR40WH0csSyLp%2BMRnu0YDigRrgwD4s%3D"}],"group":"cf-nel","max_age":604800}
NEL: {"success_fraction":0,"report_to":"cf-nel","max_age":604800}
Server: cloudflare
CF-RAY: 89bf2ec099e7b930-AMS
alt-svc: h3=":443"; ma=86400

{
    "success": false,
    "message": "You should be authorised"
}
HTTP/1.1 401 Unauthorized
Date: Sun, 30 Jun 2024 15:27:49 GMT
Content-Type: application/json; charset=utf-8
Content-Length: 54
Connection: keep-alive
X-Powered-By: Express
Access-Control-Allow-Origin: *
ETag: W/"36-9ndkQYJpZ8s0sMN790Nuh0MLq/U"
CF-Cache-Status: DYNAMIC
Report-To: {"endpoints":[{"url":"https:\/\/a.nel.cloudflare.com\/report\/v4?s=nXwGcbvvcDkAseZujYcnqvJ90wvCAzr%2F49frryrvqnr4EaZ8qstBwMS2n7lKGMsW1WxR%2ByiX4fzYTcEBytbe5B2v6TugIVJ2fTtovpmNNfSaLO7ByqZ5BheLq5wCujR40WH0csSyLp%2BMRnu0YDigRrgwD4s%3D"}],"group":"cf-nel","max_age":604800}
NEL: {"success_fraction":0,"report_to":"cf-nel","max_age":604800}
Server: cloudflare
CF-RAY: 89bf2ec099e7b930-AMS
alt-svc: h3=":443"; ma=86400

{
    "success": false,
    "message": "You should be authorised"
}
HTTP/1.1 401 Unauthorized
Date: Sun, 30 Jun 2024 15:27:49 GMT
Content-Type: application/json; charset=utf-8
Content-Length: 54
Connection: keep-alive
X-Powered-By: Express
Access-Control-Allow-Origin: *
ETag: W/"36-9ndkQYJpZ8s0sMN790Nuh0MLq/U"
CF-Cache-Status: DYNAMIC
Report-To: {"endpoints":[{"url":"https:\/\/a.nel.cloudflare.com\/report\/v4?s=nXwGcbvvcDkAseZujYcnqvJ90wvCAzr%2F49frryrvqnr4EaZ8qstBwMS2n7lKGMsW1WxR%2ByiX4fzYTcEBytbe5B2v6TugIVJ2fTtovpmNNfSaLO7ByqZ5BheLq5wCujR40WH0csSyLp%2BMRnu0YDigRrgwD4s%3D"}],"group":"cf-nel","max_age":604800}
NEL: {"success_fraction":0,"report_to":"cf-nel","max_age":604800}
Server: cloudflare
CF-RAY: 89bf2ec099e7b930-AMS
alt-svc: h3=":443"; ma=86400

{
    "success": false,
    "message": "You should be authorised"
}
HTTP/1.1 401 Unauthorized
Date: Sun, 30 Jun 2024 15:27:49 GMT
Content-Type: application/json; charset=utf-8
Content-Length: 54
Connection: keep-alive
X-Powered-By: Express
Access-Control-Allow-Origin: *
ETag: W/"36-9ndkQYJpZ8s0sMN790Nuh0MLq/U"
CF-Cache-Status: DYNAMIC
Report-To: {"endpoints":[{"url":"https:\/\/a.nel.cloudflare.com\/report\/v4?s=nXwGcbvvcDkAseZujYcnqvJ90wvCAzr%2F49frryrvqnr4EaZ8qstBwMS2n7lKGMsW1WxR%2ByiX4fzYTcEBytbe5B2v6TugIVJ2fTtovpmNNfSaLO7ByqZ5BheLq5wCujR40WH0csSyLp%2BMRnu0YDigRrgwD4s%3D"}],"group":"cf-nel","max_age":604800}
NEL: {"success_fraction":0,"report_to":"cf-nel","max_age":604800}
Server: cloudflare
CF-RAY: 89bf2ec099e7b930-AMS
alt-svc: h3=":443"; ma=86400

{
    "success": false,
    "message": "You should be authorised"
}
HTTP/1.1 401 Unauthorized
Date: Sun, 30 Jun 2024 15:27:49 GMT
Content-Type: application/json; charset=utf-8
Content-Length: 54
Connection: keep-alive
X-Powered-By: Express
Access-Control-Allow-Origin: *
ETag: W/"36-9ndkQYJpZ8s0sMN790Nuh0MLq/U"
CF-Cache-Status: DYNAMIC
Report-To: {"endpoints":[{"url":"https:\/\/a.nel.cloudflare.com\/report\/v4?s=nXwGcbvvcDkAseZujYcnqvJ90wvCAzr%2F49frryrvqnr4EaZ8qstBwMS2n7lKGMsW1WxR%2ByiX4fzYTcEBytbe5B2v6TugIVJ2fTtovpmNNfSaLO7ByqZ5BheLq5wCujR40WH0csSyLp%2BMRnu0YDigRrgwD4s%3D"}],"group":"cf-nel","max_age":604800}
NEL: {"success_fraction":0,"report_to":"cf-nel","max_age":604800}
Server: cloudflare
CF-RAY: 89bf2ec099e7b930-AMS
alt-svc: h3=":443"; ma=86400

{
    "success": false,
    "message": "You should be authorised"
}
HTTP/1.1 401 Unauthorized
Date: Sun, 30 Jun 2024 15:27:49 GMT
Content-Type: application/json; charset=utf-8
Content-Length: 54
Connection: keep-alive
X-Powered-By: Express
Access-Control-Allow-Origin: *
ETag: W/"36-9ndkQYJpZ8s0sMN790Nuh0MLq/U"
CF-Cache-Status: DYNAMIC
Report-To: {"endpoints":[{"url":"https:\/\/a.nel.cloudflare.com\/report\/v4?s=nXwGcbvvcDkAseZujYcnqvJ90wvCAzr%2F49frryrvqnr4EaZ8qstBwMS2n7lKGMsW1WxR%2ByiX4fzYTcEBytbe5B2v6TugIVJ2fTtovpmNNfSaLO7ByqZ5BheLq5wCujR40WH0csSyLp%2BMRnu0YDigRrgwD4s%3D"}],"group":"cf-nel","max_age":604800}
NEL: {"success_fraction":0,"report_to":"cf-nel","max_age":604800}
Server: cloudflare
CF-RAY: 89bf2ec099e7b930-AMS
alt-svc: h3=":443"; ma=86400

{
    "success": false,
    "message": "You should be authorised"
}
HTTP/1.1 401 Unauthorized
Date: Sun, 30 Jun 2024 15:27:49 GMT
Content-Type: application/json; charset=utf-8
Content-Length: 54
Connection: keep-alive
X-Powered-By: Express
Access-Control-Allow-Origin: *
ETag: W/"36-9ndkQYJpZ8s0sMN790Nuh0MLq/U"
CF-Cache-Status: DYNAMIC
Report-To: {"endpoints":[{"url":"https:\/\/a.nel.cloudflare.com\/report\/v4?s=nXwGcbvvcDkAseZujYcnqvJ90wvCAzr%2F49frryrvqnr4EaZ8qstBwMS2n7lKGMsW1WxR%2ByiX4fzYTcEBytbe5B2v6TugIVJ2fTtovpmNNfSaLO7ByqZ5BheLq5wCujR40WH0csSyLp%2BMRnu0YDigRrgwD4s%3D"}],"group":"cf-nel","max_age":604800}
NEL: {"success_fraction":0,"report_to":"cf-nel","max_age":604800}
Server: cloudflare
CF-RAY: 89bf2ec099e7b930-AMS
alt-svc: h3=":443"; ma=86400

{
    "success": false,
    "message": "You should be authorised"
}
HTTP/1.1 401 Unauthorized
Date: Sun, 30 Jun 2024 15:27:49 GMT
Content-Type: application/json; charset=utf-8
Content-Length: 54
Connection: keep-alive
X-Powered-By: Express
Access-Control-Allow-Origin: *
ETag: W/"36-9ndkQYJpZ8s0sMN790Nuh0MLq/U"
CF-Cache-Status: DYNAMIC
Report-To: {"endpoints":[{"url":"https:\/\/a.nel.cloudflare.com\/report\/v4?s=nXwGcbvvcDkAseZujYcnqvJ90wvCAzr%2F49frryrvqnr4EaZ8qstBwMS2n7lKGMsW1WxR%2ByiX4fzYTcEBytbe5B2v6TugIVJ2fTtovpmNNfSaLO7ByqZ5BheLq5wCujR40WH0csSyLp%2BMRnu0YDigRrgwD4s%3D"}],"group":"cf-nel","max_age":604800}
NEL: {"success_fraction":0,"report_to":"cf-nel","max_age":604800}
Server: cloudflare
CF-RAY: 89bf2ec099e7b930-AMS
alt-svc: h3=":443"; ma=86400

{
    "success": false,
    "message": "You should be authorised"
}
HTTP/1.1 401 Unauthorized
Date: Sun, 30 Jun 2024 15:27:49 GMT
Content-Type: application/json; charset=utf-8
Content-Length: 54
Connection: keep-alive
X-Powered-By: Express
Access-Control-Allow-Origin: *
ETag: W/"36-9ndkQYJpZ8s0sMN790Nuh0MLq/U"
CF-Cache-Status: DYNAMIC
Report-To: {"endpoints":[{"url":"https:\/\/a.nel.cloudflare.com\/report\/v4?s=nXwGcbvvcDkAseZujYcnqvJ90wvCAzr%2F49frryrvqnr4EaZ8qstBwMS2n7lKGMsW1WxR%2ByiX4fzYTcEBytbe5B2v6TugIVJ2fTtovpmNNfSaLO7ByqZ5BheLq5wCujR40WH0csSyLp%2BMRnu0YDigRrgwD4s%3D"}],"group":"cf-nel","max_age":604800}
NEL: {"success_fraction":0,"report_to":"cf-nel","max_age":604800}
Server: cloudflare
CF-RAY: 89bf2ec099e7b930-AMS
alt-svc: h3=":443"; ma=86400

{
    "success": false,
    "message": "You should be authorised"
}
HTTP/1.1 401 Unauthorized
Date: Sun, 30 Jun 2024 15:27:49 GMT
Content-Type: application/json; charset=utf-8
Content-Length: 54
Connection: keep-alive
X-Powered-By: Express
Access-Control-Allow-Origin: *
ETag: W/"36-9ndkQYJpZ8s0sMN790Nuh0MLq/U"
CF-Cache-Status: DYNAMIC
Report-To: {"endpoints":[{"url":"https:\/\/a.nel.cloudflare.com\/report\/v4?s=nXwGcbvvcDkAseZujYcnqvJ90wvCAzr%2F49frryrvqnr4EaZ8qstBwMS2n7lKGMsW1WxR%2ByiX4fzYTcEBytbe5B2v6TugIVJ2fTtovpmNNfSaLO7ByqZ5BheLq5wCujR40WH0csSyLp%2BMRnu0YDigRrgwD4s%3D"}],"group":"cf-nel","max_age":604800}
NEL: {"success_fraction":0,"report_to":"cf-nel","max_age":604800}
Server: cloudflare
CF-RAY: 89bf2ec099e7b930-AMS
alt-svc: h3=":443"; ma=86400

{
    "success": false,
    "message": "You should be authorised"
}
HTTP/1.1 401 Unauthorized
Date: Sun, 30 Jun 2024 15:27:49 GMT
Content-Type: application/json; charset=utf-8
Content-Length: 54
Connection: keep-alive
X-Powered-By: Express
Access-Control-Allow-Origin: *
ETag: W/"36-9ndkQYJpZ8s0sMN790Nuh0MLq/U"
CF-Cache-Status: DYNAMIC
Report-To: {"endpoints":[{"url":"https:\/\/a.nel.cloudflare.com\/report\/v4?s=nXwGcbvvcDkAseZujYcnqvJ90wvCAzr%2F49frryrvqnr4EaZ8qstBwMS2n7lKGMsW1WxR%2ByiX4fzYTcEBytbe5B2v6TugIVJ2fTtovpmNNfSaLO7ByqZ5BheLq5wCujR40WH0csSyLp%2BMRnu0YDigRrgwD4s%3D"}],"group":"cf-nel","max_age":604800}
NEL: {"success_fraction":0,"report_to":"cf-nel","max_age":604800}
Server: cloudflare
CF-RAY: 89bf2ec099e7b930-AMS
alt-svc: h3=":443"; ma=86400

{
    "success": false,
    "message": "You should be authorised"
}
HTTP/1.1 401 Unauthorized
Date: Sun, 30 Jun 2024 15:27:49 GMT
Content-Type: application/json; charset=utf-8
Content-Length: 54
Connection: keep-alive
X-Powered-By: Express
Access-Control-Allow-Origin: *
ETag: W/"36-9ndkQYJpZ8s0sMN790Nuh0MLq/U"
CF-Cache-Status: DYNAMIC
Report-To: {"endpoints":[{"url":"https:\/\/a.nel.cloudflare.com\/report\/v4?s=nXwGcbvvcDkAseZujYcnqvJ90wvCAzr%2F49frryrvqnr4EaZ8qstBwMS2n7lKGMsW1WxR%2ByiX4fzYTcEBytbe5B2v6TugIVJ2fTtovpmNNfSaLO7ByqZ5BheLq5wCujR40WH0csSyLp%2BMRnu0YDigRrgwD4s%3D"}],"group":"cf-nel","max_age":604800}
NEL: {"success_fraction":0,"report_to":"cf-nel","max_age":604800}
Server: cloudflare
CF-RAY: 89bf2ec099e7b930-AMS
alt-svc: h3=":443"; ma=86400

{
    "success": false,
    "message": "You should be authorised"
}
HTTP/1.1 401 Unauthorized
Date: Sun, 30 Jun 2024 15:27:49 GMT
Content-Type: application/json; charset=utf-8
Content-Length: 54
Connection: keep-alive
X-Powered-By: Express
Access-Control-Allow-Origin: *
ETag: W/"36-9ndkQYJpZ8s0sMN790Nuh0MLq/U"
CF-Cache-Status: DYNAMIC
Report-To: {"endpoints":[{"url":"https:\/\/a.nel.cloudflare.com\/report\/v4?s=nXwGcbvvcDkAseZujYcnqvJ90wvCAzr%2F49frryrvqnr4EaZ8qstBwMS2n7lKGMsW1WxR%2ByiX4fzYTcEBytbe5B2v6TugIVJ2fTtovpmNNfSaLO7ByqZ5BheLq5wCujR40WH0csSyLp%2BMRnu0YDigRrgwD4s%3D"}],"group":"cf-nel","max_age":604800}
NEL: {"success_fraction":0,"report_to":"cf-nel","max_age":604800}
Server: cloudflare
CF-RAY: 89bf2ec099e7b930-AMS
alt-svc: h3=":443"; ma=86400

{
    "success": false,
    "message": "You should be authorised"
}
HTTP/1.1 401 Unauthorized
Date: Sun, 30 Jun 2024 15:27:49 GMT
Content-Type: application/json; charset=utf-8
Content-Length: 54
Connection: keep-alive
X-Powered-By: Express
Access-Control-Allow-Origin: *
ETag: W/"36-9ndkQYJpZ8s0sMN790Nuh0MLq/U"
CF-Cache-Status: DYNAMIC
Report-To: {"endpoints":[{"url":"https:\/\/a.nel.cloudflare.com\/report\/v4?s=nXwGcbvvcDkAseZujYcnqvJ90wvCAzr%2F49frryrvqnr4EaZ8qstBwMS2n7lKGMsW1WxR%2ByiX4fzYTcEBytbe5B2v6TugIVJ2fTtovpmNNfSaLO7ByqZ5BheLq5wCujR40WH0csSyLp%2BMRnu0YDigRrgwD4s%3D"}],"group":"cf-nel","max_age":604800}
NEL: {"success_fraction":0,"report_to":"cf-nel","max_age":604800}
Server: cloudflare
CF-RAY: 89bf2ec099e7b930-AMS
alt-svc: h3=":443"; ma=86400

{
    "success": false,
    "message": "You should be authorised"
}
HTTP/1.1 401 Unauthorized
Date: Sun, 30 Jun 2024 15:27:49 GMT
Content-Type: application/json; charset=utf-8
Content-Length: 54
Connection: keep-alive
X-Powered-By: Express
Access-Control-Allow-Origin: *
ETag: W/"36-9ndkQYJpZ8s0sMN790Nuh0MLq/U"
CF-Cache-Status: DYNAMIC
Report-To: {"endpoints":[{"url":"https:\/\/a.nel.cloudflare.com\/report\/v4?s=nXwGcbvvcDkAseZujYcnqvJ90wvCAzr%2F49frryrvqnr4EaZ8qstBwMS2n7lKGMsW1WxR%2ByiX4fzYTcEBytbe5B2v6TugIVJ2fTtovpmNNfSaLO7ByqZ5BheLq5wCujR40WH0csSyLp%2BMRnu0YDigRrgwD4s%3D"}],"group":"cf-nel","max_age":604800}
NEL: {"success_fraction":0,"report_to":"cf-nel","max_age":604800}
Server: cloudflare
CF-RAY: 89bf2ec099e7b930-AMS
alt-svc: h3=":443"; ma=86400

{
    "success": false,
    "message": "You should be authorised"
}
HTTP/1.1 401 Unauthorized
Date: Sun, 30 Jun 2024 15:27:49 GMT
Content-Type: application/json; charset=utf-8
Content-Length: 54
Connection: keep-alive
X-Powered-By: Express
Access-Control-Allow-Origin: *
ETag: W/"36-9ndkQYJpZ8s0sMN790Nuh0MLq/U"
CF-Cache-Status: DYNAMIC
Report-To: {"endpoints":[{"url":"https:\/\/a.nel.cloudflare.com\/report\/v4?s=nXwGcbvvcDkAseZujYcnqvJ90wvCAzr%2F49frryrvqnr4EaZ8qstBwMS2n7lKGMsW1WxR%2ByiX4fzYTcEBytbe5B2v6TugIVJ2fTtovpmNNfSaLO7ByqZ5BheLq5wCujR40WH0csSyLp%2BMRnu0YDigRrgwD4s%3D"}],"group":"cf-nel","max_age":604800}
NEL: {"success_fraction":0,"report_to":"cf-nel","max_age":604800}
Server: cloudflare
CF-RAY: 89bf2ec099e7b930-AMS
alt-svc: h3=":443"; ma=86400

{
    "success": false,
    "message": "You should be authorised"
}
HTTP/1.1 401 Unauthorized
Date: Sun, 30 Jun 2024 15:27:49 GMT
Content-Type: application/json; charset=utf-8
Content-Length: 54
Connection: keep-alive
X-Powered-By: Express
Access-Control-Allow-Origin: *
ETag: W/"36-9ndkQYJpZ8s0sMN790Nuh0MLq/U"
CF-Cache-Status: DYNAMIC
Report-To: {"endpoints":[{"url":"https:\/\/a.nel.cloudflare.com\/report\/v4?s=nXwGcbvvcDkAseZujYcnqvJ90wvCAzr%2F49frryrvqnr4EaZ8qstBwMS2n7lKGMsW1WxR%2ByiX4fzYTcEBytbe5B2v6TugIVJ2fTtovpmNNfSaLO7ByqZ5BheLq5wCujR40WH0csSyLp%2BMRnu0YDigRrgwD4s%3D"}],"group":"cf-nel","max_age":604800}
NEL: {"success_fraction":0,"report_to":"cf-nel","max_age":604800}
Server: cloudflare
CF-RAY: 89bf2ec099e7b930-AMS
alt-svc: h3=":443"; ma=86400

{
    "success": false,
    "message": "You should be authorised"
}
HTTP/1.1 401 Unauthorized
Date: Sun, 30 Jun 2024 15:27:49 GMT
Content-Type: application/json; charset=utf-8
Content-Length: 54
Connection: keep-alive
X-Powered-By: Express
Access-Control-Allow-Origin: *
ETag: W/"36-9ndkQYJpZ8s0sMN790Nuh0MLq/U"
CF-Cache-Status: DYNAMIC
Report-To: {"endpoints":[{"url":"https:\/\/a.nel.cloudflare.com\/report\/v4?s=nXwGcbvvcDkAseZujYcnqvJ90wvCAzr%2F49frryrvqnr4EaZ8qstBwMS2n7lKGMsW1WxR%2ByiX4fzYTcEBytbe5B2v6TugIVJ2fTtovpmNNfSaLO7ByqZ5BheLq5wCujR40WH0csSyLp%2BMRnu0YDigRrgwD4s%3D"}],"group":"cf-nel","max_age":604800}
NEL: {"success_fraction":0,"report_to":"cf-nel","max_age":604800}
Server: cloudflare
CF-RAY: 89bf2ec099e7b930-AMS
alt-svc: h3=":443"; ma=86400

{
    "success": false,
    "message": "You should be authorised"
}
Request method:	DELETE
Request URI:	https://stellarburgers.nomoreparties.site/api/auth/user
Proxy:			<none>
Request params:	<none>
Query params:	<none>
Form params:	<none>
Path params:	<none>
Headers:		authorization=Bearer eyJhbGciOiJIUzI1NiIsInR5cCI6IkpXVCJ9.eyJpZCI6IjY2ODE3OTc1OWVkMjgwMDAxYjQ1OTYxNiIsImlhdCI6MTcxOTc2MTI2OSwiZXhwIjoxNzE5NzYyNDY5fQ.EMA4hmZm7ReAjMsJdTJcRHN42y7oMq70FnD2x2pRkKg
				Accept=*/*
				Content-Type=application/json
Cookies:		<none>
Multiparts:		<none>
Body:			<none>
Request method:	DELETE
Request URI:	https://stellarburgers.nomoreparties.site/api/auth/user
Proxy:			<none>
Request params:	<none>
Query params:	<none>
Form params:	<none>
Path params:	<none>
Headers:		authorization=Bearer eyJhbGciOiJIUzI1NiIsInR5cCI6IkpXVCJ9.eyJpZCI6IjY2ODE3OTc1OWVkMjgwMDAxYjQ1OTYxNiIsImlhdCI6MTcxOTc2MTI2OSwiZXhwIjoxNzE5NzYyNDY5fQ.EMA4hmZm7ReAjMsJdTJcRHN42y7oMq70FnD2x2pRkKg
				Accept=*/*
				Content-Type=application/json
Cookies:		<none>
Multiparts:		<none>
Body:			<none>
Request method:	DELETE
Request URI:	https://stellarburgers.nomoreparties.site/api/auth/user
Proxy:			<none>
Request params:	<none>
Query params:	<none>
Form params:	<none>
Path params:	<none>
Headers:		authorization=Bearer eyJhbGciOiJIUzI1NiIsInR5cCI6IkpXVCJ9.eyJpZCI6IjY2ODE3OTc1OWVkMjgwMDAxYjQ1OTYxNiIsImlhdCI6MTcxOTc2MTI2OSwiZXhwIjoxNzE5NzYyNDY5fQ.EMA4hmZm7ReAjMsJdTJcRHN42y7oMq70FnD2x2pRkKg
				Accept=*/*
				Content-Type=application/json
Cookies:		<none>
Multiparts:		<none>
Body:			<none>
Request method:	DELETE
Request URI:	https://stellarburgers.nomoreparties.site/api/auth/user
Proxy:			<none>
Request params:	<none>
Query params:	<none>
Form params:	<none>
Path params:	<none>
Headers:		authorization=Bearer eyJhbGciOiJIUzI1NiIsInR5cCI6IkpXVCJ9.eyJpZCI6IjY2ODE3OTc1OWVkMjgwMDAxYjQ1OTYxNiIsImlhdCI6MTcxOTc2MTI2OSwiZXhwIjoxNzE5NzYyNDY5fQ.EMA4hmZm7ReAjMsJdTJcRHN42y7oMq70FnD2x2pRkKg
				Accept=*/*
				Content-Type=application/json
Cookies:		<none>
Multiparts:		<none>
Body:			<none>
Request method:	DELETE
Request URI:	https://stellarburgers.nomoreparties.site/api/auth/user
Proxy:			<none>
Request params:	<none>
Query params:	<none>
Form params:	<none>
Path params:	<none>
Headers:		authorization=Bearer eyJhbGciOiJIUzI1NiIsInR5cCI6IkpXVCJ9.eyJpZCI6IjY2ODE3OTc1OWVkMjgwMDAxYjQ1OTYxNiIsImlhdCI6MTcxOTc2MTI2OSwiZXhwIjoxNzE5NzYyNDY5fQ.EMA4hmZm7ReAjMsJdTJcRHN42y7oMq70FnD2x2pRkKg
				Accept=*/*
				Content-Type=application/json
Cookies:		<none>
Multiparts:		<none>
Body:			<none>
Request method:	DELETE
Request URI:	https://stellarburgers.nomoreparties.site/api/auth/user
Proxy:			<none>
Request params:	<none>
Query params:	<none>
Form params:	<none>
Path params:	<none>
Headers:		authorization=Bearer eyJhbGciOiJIUzI1NiIsInR5cCI6IkpXVCJ9.eyJpZCI6IjY2ODE3OTc1OWVkMjgwMDAxYjQ1OTYxNiIsImlhdCI6MTcxOTc2MTI2OSwiZXhwIjoxNzE5NzYyNDY5fQ.EMA4hmZm7ReAjMsJdTJcRHN42y7oMq70FnD2x2pRkKg
				Accept=*/*
				Content-Type=application/json
Cookies:		<none>
Multiparts:		<none>
Body:			<none>
Request method:	DELETE
Request URI:	https://stellarburgers.nomoreparties.site/api/auth/user
Proxy:			<none>
Request params:	<none>
Query params:	<none>
Form params:	<none>
Path params:	<none>
Headers:		authorization=Bearer eyJhbGciOiJIUzI1NiIsInR5cCI6IkpXVCJ9.eyJpZCI6IjY2ODE3OTc1OWVkMjgwMDAxYjQ1OTYxNiIsImlhdCI6MTcxOTc2MTI2OSwiZXhwIjoxNzE5NzYyNDY5fQ.EMA4hmZm7ReAjMsJdTJcRHN42y7oMq70FnD2x2pRkKg
				Accept=*/*
				Content-Type=application/json
Cookies:		<none>
Multiparts:		<none>
Body:			<none>
Request method:	DELETE
Request URI:	https://stellarburgers.nomoreparties.site/api/auth/user
Proxy:			<none>
Request params:	<none>
Query params:	<none>
Form params:	<none>
Path params:	<none>
Headers:		authorization=Bearer eyJhbGciOiJIUzI1NiIsInR5cCI6IkpXVCJ9.eyJpZCI6IjY2ODE3OTc1OWVkMjgwMDAxYjQ1OTYxNiIsImlhdCI6MTcxOTc2MTI2OSwiZXhwIjoxNzE5NzYyNDY5fQ.EMA4hmZm7ReAjMsJdTJcRHN42y7oMq70FnD2x2pRkKg
				Accept=*/*
				Content-Type=application/json
Cookies:		<none>
Multiparts:		<none>
Body:			<none>
Request method:	DELETE
Request URI:	https://stellarburgers.nomoreparties.site/api/auth/user
Proxy:			<none>
Request params:	<none>
Query params:	<none>
Form params:	<none>
Path params:	<none>
Headers:		authorization=Bearer eyJhbGciOiJIUzI1NiIsInR5cCI6IkpXVCJ9.eyJpZCI6IjY2ODE3OTc1OWVkMjgwMDAxYjQ1OTYxNiIsImlhdCI6MTcxOTc2MTI2OSwiZXhwIjoxNzE5NzYyNDY5fQ.EMA4hmZm7ReAjMsJdTJcRHN42y7oMq70FnD2x2pRkKg
				Accept=*/*
				Content-Type=application/json
Cookies:		<none>
Multiparts:		<none>
Body:			<none>
Request method:	DELETE
Request URI:	https://stellarburgers.nomoreparties.site/api/auth/user
Proxy:			<none>
Request params:	<none>
Query params:	<none>
Form params:	<none>
Path params:	<none>
Headers:		authorization=Bearer eyJhbGciOiJIUzI1NiIsInR5cCI6IkpXVCJ9.eyJpZCI6IjY2ODE3OTc1OWVkMjgwMDAxYjQ1OTYxNiIsImlhdCI6MTcxOTc2MTI2OSwiZXhwIjoxNzE5NzYyNDY5fQ.EMA4hmZm7ReAjMsJdTJcRHN42y7oMq70FnD2x2pRkKg
				Accept=*/*
				Content-Type=application/json
Cookies:		<none>
Multiparts:		<none>
Body:			<none>
Request method:	DELETE
Request URI:	https://stellarburgers.nomoreparties.site/api/auth/user
Proxy:			<none>
Request params:	<none>
Query params:	<none>
Form params:	<none>
Path params:	<none>
Headers:		authorization=Bearer eyJhbGciOiJIUzI1NiIsInR5cCI6IkpXVCJ9.eyJpZCI6IjY2ODE3OTc1OWVkMjgwMDAxYjQ1OTYxNiIsImlhdCI6MTcxOTc2MTI2OSwiZXhwIjoxNzE5NzYyNDY5fQ.EMA4hmZm7ReAjMsJdTJcRHN42y7oMq70FnD2x2pRkKg
				Accept=*/*
				Content-Type=application/json
Cookies:		<none>
Multiparts:		<none>
Body:			<none>
Request method:	DELETE
Request URI:	https://stellarburgers.nomoreparties.site/api/auth/user
Proxy:			<none>
Request params:	<none>
Query params:	<none>
Form params:	<none>
Path params:	<none>
Headers:		authorization=Bearer eyJhbGciOiJIUzI1NiIsInR5cCI6IkpXVCJ9.eyJpZCI6IjY2ODE3OTc1OWVkMjgwMDAxYjQ1OTYxNiIsImlhdCI6MTcxOTc2MTI2OSwiZXhwIjoxNzE5NzYyNDY5fQ.EMA4hmZm7ReAjMsJdTJcRHN42y7oMq70FnD2x2pRkKg
				Accept=*/*
				Content-Type=application/json
Cookies:		<none>
Multiparts:		<none>
Body:			<none>
Request method:	DELETE
Request URI:	https://stellarburgers.nomoreparties.site/api/auth/user
Proxy:			<none>
Request params:	<none>
Query params:	<none>
Form params:	<none>
Path params:	<none>
Headers:		authorization=Bearer eyJhbGciOiJIUzI1NiIsInR5cCI6IkpXVCJ9.eyJpZCI6IjY2ODE3OTc1OWVkMjgwMDAxYjQ1OTYxNiIsImlhdCI6MTcxOTc2MTI2OSwiZXhwIjoxNzE5NzYyNDY5fQ.EMA4hmZm7ReAjMsJdTJcRHN42y7oMq70FnD2x2pRkKg
				Accept=*/*
				Content-Type=application/json
Cookies:		<none>
Multiparts:		<none>
Body:			<none>
Request method:	DELETE
Request URI:	https://stellarburgers.nomoreparties.site/api/auth/user
Proxy:			<none>
Request params:	<none>
Query params:	<none>
Form params:	<none>
Path params:	<none>
Headers:		authorization=Bearer eyJhbGciOiJIUzI1NiIsInR5cCI6IkpXVCJ9.eyJpZCI6IjY2ODE3OTc1OWVkMjgwMDAxYjQ1OTYxNiIsImlhdCI6MTcxOTc2MTI2OSwiZXhwIjoxNzE5NzYyNDY5fQ.EMA4hmZm7ReAjMsJdTJcRHN42y7oMq70FnD2x2pRkKg
				Accept=*/*
				Content-Type=application/json
Cookies:		<none>
Multiparts:		<none>
Body:			<none>
Request method:	DELETE
Request URI:	https://stellarburgers.nomoreparties.site/api/auth/user
Proxy:			<none>
Request params:	<none>
Query params:	<none>
Form params:	<none>
Path params:	<none>
Headers:		authorization=Bearer eyJhbGciOiJIUzI1NiIsInR5cCI6IkpXVCJ9.eyJpZCI6IjY2ODE3OTc1OWVkMjgwMDAxYjQ1OTYxNiIsImlhdCI6MTcxOTc2MTI2OSwiZXhwIjoxNzE5NzYyNDY5fQ.EMA4hmZm7ReAjMsJdTJcRHN42y7oMq70FnD2x2pRkKg
				Accept=*/*
				Content-Type=application/json
Cookies:		<none>
Multiparts:		<none>
Body:			<none>
Request method:	DELETE
Request URI:	https://stellarburgers.nomoreparties.site/api/auth/user
Proxy:			<none>
Request params:	<none>
Query params:	<none>
Form params:	<none>
Path params:	<none>
Headers:		authorization=Bearer eyJhbGciOiJIUzI1NiIsInR5cCI6IkpXVCJ9.eyJpZCI6IjY2ODE3OTc1OWVkMjgwMDAxYjQ1OTYxNiIsImlhdCI6MTcxOTc2MTI2OSwiZXhwIjoxNzE5NzYyNDY5fQ.EMA4hmZm7ReAjMsJdTJcRHN42y7oMq70FnD2x2pRkKg
				Accept=*/*
				Content-Type=application/json
Cookies:		<none>
Multiparts:		<none>
Body:			<none>
Request method:	DELETE
Request URI:	https://stellarburgers.nomoreparties.site/api/auth/user
Proxy:			<none>
Request params:	<none>
Query params:	<none>
Form params:	<none>
Path params:	<none>
Headers:		authorization=Bearer eyJhbGciOiJIUzI1NiIsInR5cCI6IkpXVCJ9.eyJpZCI6IjY2ODE3OTc1OWVkMjgwMDAxYjQ1OTYxNiIsImlhdCI6MTcxOTc2MTI2OSwiZXhwIjoxNzE5NzYyNDY5fQ.EMA4hmZm7ReAjMsJdTJcRHN42y7oMq70FnD2x2pRkKg
				Accept=*/*
				Content-Type=application/json
Cookies:		<none>
Multiparts:		<none>
Body:			<none>
Request method:	DELETE
Request URI:	https://stellarburgers.nomoreparties.site/api/auth/user
Proxy:			<none>
Request params:	<none>
Query params:	<none>
Form params:	<none>
Path params:	<none>
Headers:		authorization=Bearer eyJhbGciOiJIUzI1NiIsInR5cCI6IkpXVCJ9.eyJpZCI6IjY2ODE3OTc1OWVkMjgwMDAxYjQ1OTYxNiIsImlhdCI6MTcxOTc2MTI2OSwiZXhwIjoxNzE5NzYyNDY5fQ.EMA4hmZm7ReAjMsJdTJcRHN42y7oMq70FnD2x2pRkKg
				Accept=*/*
				Content-Type=application/json
Cookies:		<none>
Multiparts:		<none>
Body:			<none>
Request method:	DELETE
Request URI:	https://stellarburgers.nomoreparties.site/api/auth/user
Proxy:			<none>
Request params:	<none>
Query params:	<none>
Form params:	<none>
Path params:	<none>
Headers:		authorization=Bearer eyJhbGciOiJIUzI1NiIsInR5cCI6IkpXVCJ9.eyJpZCI6IjY2ODE3OTc1OWVkMjgwMDAxYjQ1OTYxNiIsImlhdCI6MTcxOTc2MTI2OSwiZXhwIjoxNzE5NzYyNDY5fQ.EMA4hmZm7ReAjMsJdTJcRHN42y7oMq70FnD2x2pRkKg
				Accept=*/*
				Content-Type=application/json
Cookies:		<none>
Multiparts:		<none>
Body:			<none>
Request method:	DELETE
Request URI:	https://stellarburgers.nomoreparties.site/api/auth/user
Proxy:			<none>
Request params:	<none>
Query params:	<none>
Form params:	<none>
Path params:	<none>
Headers:		authorization=Bearer eyJhbGciOiJIUzI1NiIsInR5cCI6IkpXVCJ9.eyJpZCI6IjY2ODE3OTc1OWVkMjgwMDAxYjQ1OTYxNiIsImlhdCI6MTcxOTc2MTI2OSwiZXhwIjoxNzE5NzYyNDY5fQ.EMA4hmZm7ReAjMsJdTJcRHN42y7oMq70FnD2x2pRkKg
				Accept=*/*
				Content-Type=application/json
Cookies:		<none>
Multiparts:		<none>
Body:			<none>
Request method:	DELETE
Request URI:	https://stellarburgers.nomoreparties.site/api/auth/user
Proxy:			<none>
Request params:	<none>
Query params:	<none>
Form params:	<none>
Path params:	<none>
Headers:		authorization=Bearer eyJhbGciOiJIUzI1NiIsInR5cCI6IkpXVCJ9.eyJpZCI6IjY2ODE3OTc1OWVkMjgwMDAxYjQ1OTYxNiIsImlhdCI6MTcxOTc2MTI2OSwiZXhwIjoxNzE5NzYyNDY5fQ.EMA4hmZm7ReAjMsJdTJcRHN42y7oMq70FnD2x2pRkKg
				Accept=*/*
				Content-Type=application/json
Cookies:		<none>
Multiparts:		<none>
Body:			<none>
Request method:	DELETE
Request URI:	https://stellarburgers.nomoreparties.site/api/auth/user
Proxy:			<none>
Request params:	<none>
Query params:	<none>
Form params:	<none>
Path params:	<none>
Headers:		authorization=Bearer eyJhbGciOiJIUzI1NiIsInR5cCI6IkpXVCJ9.eyJpZCI6IjY2ODE3OTc1OWVkMjgwMDAxYjQ1OTYxNiIsImlhdCI6MTcxOTc2MTI2OSwiZXhwIjoxNzE5NzYyNDY5fQ.EMA4hmZm7ReAjMsJdTJcRHN42y7oMq70FnD2x2pRkKg
				Accept=*/*
				Content-Type=application/json
Cookies:		<none>
Multiparts:		<none>
Body:			<none>
Request method:	DELETE
Request URI:	https://stellarburgers.nomoreparties.site/api/auth/user
Proxy:			<none>
Request params:	<none>
Query params:	<none>
Form params:	<none>
Path params:	<none>
Headers:		authorization=Bearer eyJhbGciOiJIUzI1NiIsInR5cCI6IkpXVCJ9.eyJpZCI6IjY2ODE3OTc1OWVkMjgwMDAxYjQ1OTYxNiIsImlhdCI6MTcxOTc2MTI2OSwiZXhwIjoxNzE5NzYyNDY5fQ.EMA4hmZm7ReAjMsJdTJcRHN42y7oMq70FnD2x2pRkKg
				Accept=*/*
				Content-Type=application/json
Cookies:		<none>
Multiparts:		<none>
Body:			<none>
Request method:	DELETE
Request URI:	https://stellarburgers.nomoreparties.site/api/auth/user
Proxy:			<none>
Request params:	<none>
Query params:	<none>
Form params:	<none>
Path params:	<none>
Headers:		authorization=Bearer eyJhbGciOiJIUzI1NiIsInR5cCI6IkpXVCJ9.eyJpZCI6IjY2ODE3OTc1OWVkMjgwMDAxYjQ1OTYxNiIsImlhdCI6MTcxOTc2MTI2OSwiZXhwIjoxNzE5NzYyNDY5fQ.EMA4hmZm7ReAjMsJdTJcRHN42y7oMq70FnD2x2pRkKg
				Accept=*/*
				Content-Type=application/json
Cookies:		<none>
Multiparts:		<none>
Body:			<none>
Request method:	DELETE
Request URI:	https://stellarburgers.nomoreparties.site/api/auth/user
Proxy:			<none>
Request params:	<none>
Query params:	<none>
Form params:	<none>
Path params:	<none>
Headers:		authorization=Bearer eyJhbGciOiJIUzI1NiIsInR5cCI6IkpXVCJ9.eyJpZCI6IjY2ODE3OTc1OWVkMjgwMDAxYjQ1OTYxNiIsImlhdCI6MTcxOTc2MTI2OSwiZXhwIjoxNzE5NzYyNDY5fQ.EMA4hmZm7ReAjMsJdTJcRHN42y7oMq70FnD2x2pRkKg
				Accept=*/*
				Content-Type=application/json
Cookies:		<none>
Multiparts:		<none>
Body:			<none>
Request method:	DELETE
Request URI:	https://stellarburgers.nomoreparties.site/api/auth/user
Proxy:			<none>
Request params:	<none>
Query params:	<none>
Form params:	<none>
Path params:	<none>
Headers:		authorization=Bearer eyJhbGciOiJIUzI1NiIsInR5cCI6IkpXVCJ9.eyJpZCI6IjY2ODE3OTc1OWVkMjgwMDAxYjQ1OTYxNiIsImlhdCI6MTcxOTc2MTI2OSwiZXhwIjoxNzE5NzYyNDY5fQ.EMA4hmZm7ReAjMsJdTJcRHN42y7oMq70FnD2x2pRkKg
				Accept=*/*
				Content-Type=application/json
Cookies:		<none>
Multiparts:		<none>
Body:			<none>
Request method:	DELETE
Request URI:	https://stellarburgers.nomoreparties.site/api/auth/user
Proxy:			<none>
Request params:	<none>
Query params:	<none>
Form params:	<none>
Path params:	<none>
Headers:		authorization=Bearer eyJhbGciOiJIUzI1NiIsInR5cCI6IkpXVCJ9.eyJpZCI6IjY2ODE3OTc1OWVkMjgwMDAxYjQ1OTYxNiIsImlhdCI6MTcxOTc2MTI2OSwiZXhwIjoxNzE5NzYyNDY5fQ.EMA4hmZm7ReAjMsJdTJcRHN42y7oMq70FnD2x2pRkKg
				Accept=*/*
				Content-Type=application/json
Cookies:		<none>
Multiparts:		<none>
Body:			<none>
Request method:	DELETE
Request URI:	https://stellarburgers.nomoreparties.site/api/auth/user
Proxy:			<none>
Request params:	<none>
Query params:	<none>
Form params:	<none>
Path params:	<none>
Headers:		authorization=Bearer eyJhbGciOiJIUzI1NiIsInR5cCI6IkpXVCJ9.eyJpZCI6IjY2ODE3OTc1OWVkMjgwMDAxYjQ1OTYxNiIsImlhdCI6MTcxOTc2MTI2OSwiZXhwIjoxNzE5NzYyNDY5fQ.EMA4hmZm7ReAjMsJdTJcRHN42y7oMq70FnD2x2pRkKg
				Accept=*/*
				Content-Type=application/json
Cookies:		<none>
Multiparts:		<none>
Body:			<none>
Request method:	DELETE
Request URI:	https://stellarburgers.nomoreparties.site/api/auth/user
Proxy:			<none>
Request params:	<none>
Query params:	<none>
Form params:	<none>
Path params:	<none>
Headers:		authorization=Bearer eyJhbGciOiJIUzI1NiIsInR5cCI6IkpXVCJ9.eyJpZCI6IjY2ODE3OTc1OWVkMjgwMDAxYjQ1OTYxNiIsImlhdCI6MTcxOTc2MTI2OSwiZXhwIjoxNzE5NzYyNDY5fQ.EMA4hmZm7ReAjMsJdTJcRHN42y7oMq70FnD2x2pRkKg
				Accept=*/*
				Content-Type=application/json
Cookies:		<none>
Multiparts:		<none>
Body:			<none>
Request method:	DELETE
Request URI:	https://stellarburgers.nomoreparties.site/api/auth/user
Proxy:			<none>
Request params:	<none>
Query params:	<none>
Form params:	<none>
Path params:	<none>
Headers:		authorization=Bearer eyJhbGciOiJIUzI1NiIsInR5cCI6IkpXVCJ9.eyJpZCI6IjY2ODE3OTc1OWVkMjgwMDAxYjQ1OTYxNiIsImlhdCI6MTcxOTc2MTI2OSwiZXhwIjoxNzE5NzYyNDY5fQ.EMA4hmZm7ReAjMsJdTJcRHN42y7oMq70FnD2x2pRkKg
				Accept=*/*
				Content-Type=application/json
Cookies:		<none>
Multiparts:		<none>
Body:			<none>
HTTP/1.1 202 Accepted
Date: Sun, 30 Jun 2024 15:27:50 GMT
Content-Type: application/json; charset=utf-8
Content-Length: 54
Connection: keep-alive
X-Powered-By: Express
Access-Control-Allow-Origin: *
ETag: W/"36-hDmZnQ3Ou/ynnqAeC6TYmyseuzY"
CF-Cache-Status: DYNAMIC
Report-To: {"endpoints":[{"url":"https:\/\/a.nel.cloudflare.com\/report\/v4?s=ahyeN83orw45jNlnUNTag49QeKzrY3Wz83Xtt28u3PeHdNS17WpUJQbTXGD0Veb7YsCiMVQEPXf3WYv%2FJCSPoEdZAhuzxmRtEWLTKLgPVg9GzZHEi7hFFIVY3n1dX2Glym5mgtdR%2Bc4xgyIefmj4mAY4kEc%3D"}],"group":"cf-nel","max_age":604800}
NEL: {"success_fraction":0,"report_to":"cf-nel","max_age":604800}
Server: cloudflare
CF-RAY: 89bf2ec19cd2759f-DME
alt-svc: h3=":443"; ma=86400

{
    "success": true,
    "message": "User successfully removed"
}
HTTP/1.1 202 Accepted
Date: Sun, 30 Jun 2024 15:27:50 GMT
Content-Type: application/json; charset=utf-8
Content-Length: 54
Connection: keep-alive
X-Powered-By: Express
Access-Control-Allow-Origin: *
ETag: W/"36-hDmZnQ3Ou/ynnqAeC6TYmyseuzY"
CF-Cache-Status: DYNAMIC
Report-To: {"endpoints":[{"url":"https:\/\/a.nel.cloudflare.com\/report\/v4?s=ahyeN83orw45jNlnUNTag49QeKzrY3Wz83Xtt28u3PeHdNS17WpUJQbTXGD0Veb7YsCiMVQEPXf3WYv%2FJCSPoEdZAhuzxmRtEWLTKLgPVg9GzZHEi7hFFIVY3n1dX2Glym5mgtdR%2Bc4xgyIefmj4mAY4kEc%3D"}],"group":"cf-nel","max_age":604800}
NEL: {"success_fraction":0,"report_to":"cf-nel","max_age":604800}
Server: cloudflare
CF-RAY: 89bf2ec19cd2759f-DME
alt-svc: h3=":443"; ma=86400

{
    "success": true,
    "message": "User successfully removed"
}
HTTP/1.1 202 Accepted
Date: Sun, 30 Jun 2024 15:27:50 GMT
Content-Type: application/json; charset=utf-8
Content-Length: 54
Connection: keep-alive
X-Powered-By: Express
Access-Control-Allow-Origin: *
ETag: W/"36-hDmZnQ3Ou/ynnqAeC6TYmyseuzY"
CF-Cache-Status: DYNAMIC
Report-To: {"endpoints":[{"url":"https:\/\/a.nel.cloudflare.com\/report\/v4?s=ahyeN83orw45jNlnUNTag49QeKzrY3Wz83Xtt28u3PeHdNS17WpUJQbTXGD0Veb7YsCiMVQEPXf3WYv%2FJCSPoEdZAhuzxmRtEWLTKLgPVg9GzZHEi7hFFIVY3n1dX2Glym5mgtdR%2Bc4xgyIefmj4mAY4kEc%3D"}],"group":"cf-nel","max_age":604800}
NEL: {"success_fraction":0,"report_to":"cf-nel","max_age":604800}
Server: cloudflare
CF-RAY: 89bf2ec19cd2759f-DME
alt-svc: h3=":443"; ma=86400

{
    "success": true,
    "message": "User successfully removed"
}
HTTP/1.1 202 Accepted
Date: Sun, 30 Jun 2024 15:27:50 GMT
Content-Type: application/json; charset=utf-8
Content-Length: 54
Connection: keep-alive
X-Powered-By: Express
Access-Control-Allow-Origin: *
ETag: W/"36-hDmZnQ3Ou/ynnqAeC6TYmyseuzY"
CF-Cache-Status: DYNAMIC
Report-To: {"endpoints":[{"url":"https:\/\/a.nel.cloudflare.com\/report\/v4?s=ahyeN83orw45jNlnUNTag49QeKzrY3Wz83Xtt28u3PeHdNS17WpUJQbTXGD0Veb7YsCiMVQEPXf3WYv%2FJCSPoEdZAhuzxmRtEWLTKLgPVg9GzZHEi7hFFIVY3n1dX2Glym5mgtdR%2Bc4xgyIefmj4mAY4kEc%3D"}],"group":"cf-nel","max_age":604800}
NEL: {"success_fraction":0,"report_to":"cf-nel","max_age":604800}
Server: cloudflare
CF-RAY: 89bf2ec19cd2759f-DME
alt-svc: h3=":443"; ma=86400

{
    "success": true,
    "message": "User successfully removed"
}
HTTP/1.1 202 Accepted
Date: Sun, 30 Jun 2024 15:27:50 GMT
Content-Type: application/json; charset=utf-8
Content-Length: 54
Connection: keep-alive
X-Powered-By: Express
Access-Control-Allow-Origin: *
ETag: W/"36-hDmZnQ3Ou/ynnqAeC6TYmyseuzY"
CF-Cache-Status: DYNAMIC
Report-To: {"endpoints":[{"url":"https:\/\/a.nel.cloudflare.com\/report\/v4?s=ahyeN83orw45jNlnUNTag49QeKzrY3Wz83Xtt28u3PeHdNS17WpUJQbTXGD0Veb7YsCiMVQEPXf3WYv%2FJCSPoEdZAhuzxmRtEWLTKLgPVg9GzZHEi7hFFIVY3n1dX2Glym5mgtdR%2Bc4xgyIefmj4mAY4kEc%3D"}],"group":"cf-nel","max_age":604800}
NEL: {"success_fraction":0,"report_to":"cf-nel","max_age":604800}
Server: cloudflare
CF-RAY: 89bf2ec19cd2759f-DME
alt-svc: h3=":443"; ma=86400

{
    "success": true,
    "message": "User successfully removed"
}
HTTP/1.1 202 Accepted
Date: Sun, 30 Jun 2024 15:27:50 GMT
Content-Type: application/json; charset=utf-8
Content-Length: 54
Connection: keep-alive
X-Powered-By: Express
Access-Control-Allow-Origin: *
ETag: W/"36-hDmZnQ3Ou/ynnqAeC6TYmyseuzY"
CF-Cache-Status: DYNAMIC
Report-To: {"endpoints":[{"url":"https:\/\/a.nel.cloudflare.com\/report\/v4?s=ahyeN83orw45jNlnUNTag49QeKzrY3Wz83Xtt28u3PeHdNS17WpUJQbTXGD0Veb7YsCiMVQEPXf3WYv%2FJCSPoEdZAhuzxmRtEWLTKLgPVg9GzZHEi7hFFIVY3n1dX2Glym5mgtdR%2Bc4xgyIefmj4mAY4kEc%3D"}],"group":"cf-nel","max_age":604800}
NEL: {"success_fraction":0,"report_to":"cf-nel","max_age":604800}
Server: cloudflare
CF-RAY: 89bf2ec19cd2759f-DME
alt-svc: h3=":443"; ma=86400

{
    "success": true,
    "message": "User successfully removed"
}
HTTP/1.1 202 Accepted
Date: Sun, 30 Jun 2024 15:27:50 GMT
Content-Type: application/json; charset=utf-8
Content-Length: 54
Connection: keep-alive
X-Powered-By: Express
Access-Control-Allow-Origin: *
ETag: W/"36-hDmZnQ3Ou/ynnqAeC6TYmyseuzY"
CF-Cache-Status: DYNAMIC
Report-To: {"endpoints":[{"url":"https:\/\/a.nel.cloudflare.com\/report\/v4?s=ahyeN83orw45jNlnUNTag49QeKzrY3Wz83Xtt28u3PeHdNS17WpUJQbTXGD0Veb7YsCiMVQEPXf3WYv%2FJCSPoEdZAhuzxmRtEWLTKLgPVg9GzZHEi7hFFIVY3n1dX2Glym5mgtdR%2Bc4xgyIefmj4mAY4kEc%3D"}],"group":"cf-nel","max_age":604800}
NEL: {"success_fraction":0,"report_to":"cf-nel","max_age":604800}
Server: cloudflare
CF-RAY: 89bf2ec19cd2759f-DME
alt-svc: h3=":443"; ma=86400

{
    "success": true,
    "message": "User successfully removed"
}
HTTP/1.1 202 Accepted
Date: Sun, 30 Jun 2024 15:27:50 GMT
Content-Type: application/json; charset=utf-8
Content-Length: 54
Connection: keep-alive
X-Powered-By: Express
Access-Control-Allow-Origin: *
ETag: W/"36-hDmZnQ3Ou/ynnqAeC6TYmyseuzY"
CF-Cache-Status: DYNAMIC
Report-To: {"endpoints":[{"url":"https:\/\/a.nel.cloudflare.com\/report\/v4?s=ahyeN83orw45jNlnUNTag49QeKzrY3Wz83Xtt28u3PeHdNS17WpUJQbTXGD0Veb7YsCiMVQEPXf3WYv%2FJCSPoEdZAhuzxmRtEWLTKLgPVg9GzZHEi7hFFIVY3n1dX2Glym5mgtdR%2Bc4xgyIefmj4mAY4kEc%3D"}],"group":"cf-nel","max_age":604800}
NEL: {"success_fraction":0,"report_to":"cf-nel","max_age":604800}
Server: cloudflare
CF-RAY: 89bf2ec19cd2759f-DME
alt-svc: h3=":443"; ma=86400

{
    "success": true,
    "message": "User successfully removed"
}
HTTP/1.1 202 Accepted
Date: Sun, 30 Jun 2024 15:27:50 GMT
Content-Type: application/json; charset=utf-8
Content-Length: 54
Connection: keep-alive
X-Powered-By: Express
Access-Control-Allow-Origin: *
ETag: W/"36-hDmZnQ3Ou/ynnqAeC6TYmyseuzY"
CF-Cache-Status: DYNAMIC
Report-To: {"endpoints":[{"url":"https:\/\/a.nel.cloudflare.com\/report\/v4?s=ahyeN83orw45jNlnUNTag49QeKzrY3Wz83Xtt28u3PeHdNS17WpUJQbTXGD0Veb7YsCiMVQEPXf3WYv%2FJCSPoEdZAhuzxmRtEWLTKLgPVg9GzZHEi7hFFIVY3n1dX2Glym5mgtdR%2Bc4xgyIefmj4mAY4kEc%3D"}],"group":"cf-nel","max_age":604800}
NEL: {"success_fraction":0,"report_to":"cf-nel","max_age":604800}
Server: cloudflare
CF-RAY: 89bf2ec19cd2759f-DME
alt-svc: h3=":443"; ma=86400

{
    "success": true,
    "message": "User successfully removed"
}
HTTP/1.1 202 Accepted
Date: Sun, 30 Jun 2024 15:27:50 GMT
Content-Type: application/json; charset=utf-8
Content-Length: 54
Connection: keep-alive
X-Powered-By: Express
Access-Control-Allow-Origin: *
ETag: W/"36-hDmZnQ3Ou/ynnqAeC6TYmyseuzY"
CF-Cache-Status: DYNAMIC
Report-To: {"endpoints":[{"url":"https:\/\/a.nel.cloudflare.com\/report\/v4?s=ahyeN83orw45jNlnUNTag49QeKzrY3Wz83Xtt28u3PeHdNS17WpUJQbTXGD0Veb7YsCiMVQEPXf3WYv%2FJCSPoEdZAhuzxmRtEWLTKLgPVg9GzZHEi7hFFIVY3n1dX2Glym5mgtdR%2Bc4xgyIefmj4mAY4kEc%3D"}],"group":"cf-nel","max_age":604800}
NEL: {"success_fraction":0,"report_to":"cf-nel","max_age":604800}
Server: cloudflare
CF-RAY: 89bf2ec19cd2759f-DME
alt-svc: h3=":443"; ma=86400

{
    "success": true,
    "message": "User successfully removed"
}
HTTP/1.1 202 Accepted
Date: Sun, 30 Jun 2024 15:27:50 GMT
Content-Type: application/json; charset=utf-8
Content-Length: 54
Connection: keep-alive
X-Powered-By: Express
Access-Control-Allow-Origin: *
ETag: W/"36-hDmZnQ3Ou/ynnqAeC6TYmyseuzY"
CF-Cache-Status: DYNAMIC
Report-To: {"endpoints":[{"url":"https:\/\/a.nel.cloudflare.com\/report\/v4?s=ahyeN83orw45jNlnUNTag49QeKzrY3Wz83Xtt28u3PeHdNS17WpUJQbTXGD0Veb7YsCiMVQEPXf3WYv%2FJCSPoEdZAhuzxmRtEWLTKLgPVg9GzZHEi7hFFIVY3n1dX2Glym5mgtdR%2Bc4xgyIefmj4mAY4kEc%3D"}],"group":"cf-nel","max_age":604800}
NEL: {"success_fraction":0,"report_to":"cf-nel","max_age":604800}
Server: cloudflare
CF-RAY: 89bf2ec19cd2759f-DME
alt-svc: h3=":443"; ma=86400

{
    "success": true,
    "message": "User successfully removed"
}
HTTP/1.1 202 Accepted
Date: Sun, 30 Jun 2024 15:27:50 GMT
Content-Type: application/json; charset=utf-8
Content-Length: 54
Connection: keep-alive
X-Powered-By: Express
Access-Control-Allow-Origin: *
ETag: W/"36-hDmZnQ3Ou/ynnqAeC6TYmyseuzY"
CF-Cache-Status: DYNAMIC
Report-To: {"endpoints":[{"url":"https:\/\/a.nel.cloudflare.com\/report\/v4?s=ahyeN83orw45jNlnUNTag49QeKzrY3Wz83Xtt28u3PeHdNS17WpUJQbTXGD0Veb7YsCiMVQEPXf3WYv%2FJCSPoEdZAhuzxmRtEWLTKLgPVg9GzZHEi7hFFIVY3n1dX2Glym5mgtdR%2Bc4xgyIefmj4mAY4kEc%3D"}],"group":"cf-nel","max_age":604800}
NEL: {"success_fraction":0,"report_to":"cf-nel","max_age":604800}
Server: cloudflare
CF-RAY: 89bf2ec19cd2759f-DME
alt-svc: h3=":443"; ma=86400

{
    "success": true,
    "message": "User successfully removed"
}
HTTP/1.1 202 Accepted
Date: Sun, 30 Jun 2024 15:27:50 GMT
Content-Type: application/json; charset=utf-8
Content-Length: 54
Connection: keep-alive
X-Powered-By: Express
Access-Control-Allow-Origin: *
ETag: W/"36-hDmZnQ3Ou/ynnqAeC6TYmyseuzY"
CF-Cache-Status: DYNAMIC
Report-To: {"endpoints":[{"url":"https:\/\/a.nel.cloudflare.com\/report\/v4?s=ahyeN83orw45jNlnUNTag49QeKzrY3Wz83Xtt28u3PeHdNS17WpUJQbTXGD0Veb7YsCiMVQEPXf3WYv%2FJCSPoEdZAhuzxmRtEWLTKLgPVg9GzZHEi7hFFIVY3n1dX2Glym5mgtdR%2Bc4xgyIefmj4mAY4kEc%3D"}],"group":"cf-nel","max_age":604800}
NEL: {"success_fraction":0,"report_to":"cf-nel","max_age":604800}
Server: cloudflare
CF-RAY: 89bf2ec19cd2759f-DME
alt-svc: h3=":443"; ma=86400

{
    "success": true,
    "message": "User successfully removed"
}
HTTP/1.1 202 Accepted
Date: Sun, 30 Jun 2024 15:27:50 GMT
Content-Type: application/json; charset=utf-8
Content-Length: 54
Connection: keep-alive
X-Powered-By: Express
Access-Control-Allow-Origin: *
ETag: W/"36-hDmZnQ3Ou/ynnqAeC6TYmyseuzY"
CF-Cache-Status: DYNAMIC
Report-To: {"endpoints":[{"url":"https:\/\/a.nel.cloudflare.com\/report\/v4?s=ahyeN83orw45jNlnUNTag49QeKzrY3Wz83Xtt28u3PeHdNS17WpUJQbTXGD0Veb7YsCiMVQEPXf3WYv%2FJCSPoEdZAhuzxmRtEWLTKLgPVg9GzZHEi7hFFIVY3n1dX2Glym5mgtdR%2Bc4xgyIefmj4mAY4kEc%3D"}],"group":"cf-nel","max_age":604800}
NEL: {"success_fraction":0,"report_to":"cf-nel","max_age":604800}
Server: cloudflare
CF-RAY: 89bf2ec19cd2759f-DME
alt-svc: h3=":443"; ma=86400

{
    "success": true,
    "message": "User successfully removed"
}
HTTP/1.1 202 Accepted
Date: Sun, 30 Jun 2024 15:27:50 GMT
Content-Type: application/json; charset=utf-8
Content-Length: 54
Connection: keep-alive
X-Powered-By: Express
Access-Control-Allow-Origin: *
ETag: W/"36-hDmZnQ3Ou/ynnqAeC6TYmyseuzY"
CF-Cache-Status: DYNAMIC
Report-To: {"endpoints":[{"url":"https:\/\/a.nel.cloudflare.com\/report\/v4?s=ahyeN83orw45jNlnUNTag49QeKzrY3Wz83Xtt28u3PeHdNS17WpUJQbTXGD0Veb7YsCiMVQEPXf3WYv%2FJCSPoEdZAhuzxmRtEWLTKLgPVg9GzZHEi7hFFIVY3n1dX2Glym5mgtdR%2Bc4xgyIefmj4mAY4kEc%3D"}],"group":"cf-nel","max_age":604800}
NEL: {"success_fraction":0,"report_to":"cf-nel","max_age":604800}
Server: cloudflare
CF-RAY: 89bf2ec19cd2759f-DME
alt-svc: h3=":443"; ma=86400

{
    "success": true,
    "message": "User successfully removed"
}
HTTP/1.1 202 Accepted
Date: Sun, 30 Jun 2024 15:27:50 GMT
Content-Type: application/json; charset=utf-8
Content-Length: 54
Connection: keep-alive
X-Powered-By: Express
Access-Control-Allow-Origin: *
ETag: W/"36-hDmZnQ3Ou/ynnqAeC6TYmyseuzY"
CF-Cache-Status: DYNAMIC
Report-To: {"endpoints":[{"url":"https:\/\/a.nel.cloudflare.com\/report\/v4?s=ahyeN83orw45jNlnUNTag49QeKzrY3Wz83Xtt28u3PeHdNS17WpUJQbTXGD0Veb7YsCiMVQEPXf3WYv%2FJCSPoEdZAhuzxmRtEWLTKLgPVg9GzZHEi7hFFIVY3n1dX2Glym5mgtdR%2Bc4xgyIefmj4mAY4kEc%3D"}],"group":"cf-nel","max_age":604800}
NEL: {"success_fraction":0,"report_to":"cf-nel","max_age":604800}
Server: cloudflare
CF-RAY: 89bf2ec19cd2759f-DME
alt-svc: h3=":443"; ma=86400

{
    "success": true,
    "message": "User successfully removed"
}
HTTP/1.1 202 Accepted
Date: Sun, 30 Jun 2024 15:27:50 GMT
Content-Type: application/json; charset=utf-8
Content-Length: 54
Connection: keep-alive
X-Powered-By: Express
Access-Control-Allow-Origin: *
ETag: W/"36-hDmZnQ3Ou/ynnqAeC6TYmyseuzY"
CF-Cache-Status: DYNAMIC
Report-To: {"endpoints":[{"url":"https:\/\/a.nel.cloudflare.com\/report\/v4?s=ahyeN83orw45jNlnUNTag49QeKzrY3Wz83Xtt28u3PeHdNS17WpUJQbTXGD0Veb7YsCiMVQEPXf3WYv%2FJCSPoEdZAhuzxmRtEWLTKLgPVg9GzZHEi7hFFIVY3n1dX2Glym5mgtdR%2Bc4xgyIefmj4mAY4kEc%3D"}],"group":"cf-nel","max_age":604800}
NEL: {"success_fraction":0,"report_to":"cf-nel","max_age":604800}
Server: cloudflare
CF-RAY: 89bf2ec19cd2759f-DME
alt-svc: h3=":443"; ma=86400

{
    "success": true,
    "message": "User successfully removed"
}
HTTP/1.1 202 Accepted
Date: Sun, 30 Jun 2024 15:27:50 GMT
Content-Type: application/json; charset=utf-8
Content-Length: 54
Connection: keep-alive
X-Powered-By: Express
Access-Control-Allow-Origin: *
ETag: W/"36-hDmZnQ3Ou/ynnqAeC6TYmyseuzY"
CF-Cache-Status: DYNAMIC
Report-To: {"endpoints":[{"url":"https:\/\/a.nel.cloudflare.com\/report\/v4?s=ahyeN83orw45jNlnUNTag49QeKzrY3Wz83Xtt28u3PeHdNS17WpUJQbTXGD0Veb7YsCiMVQEPXf3WYv%2FJCSPoEdZAhuzxmRtEWLTKLgPVg9GzZHEi7hFFIVY3n1dX2Glym5mgtdR%2Bc4xgyIefmj4mAY4kEc%3D"}],"group":"cf-nel","max_age":604800}
NEL: {"success_fraction":0,"report_to":"cf-nel","max_age":604800}
Server: cloudflare
CF-RAY: 89bf2ec19cd2759f-DME
alt-svc: h3=":443"; ma=86400

{
    "success": true,
    "message": "User successfully removed"
}
HTTP/1.1 202 Accepted
Date: Sun, 30 Jun 2024 15:27:50 GMT
Content-Type: application/json; charset=utf-8
Content-Length: 54
Connection: keep-alive
X-Powered-By: Express
Access-Control-Allow-Origin: *
ETag: W/"36-hDmZnQ3Ou/ynnqAeC6TYmyseuzY"
CF-Cache-Status: DYNAMIC
Report-To: {"endpoints":[{"url":"https:\/\/a.nel.cloudflare.com\/report\/v4?s=ahyeN83orw45jNlnUNTag49QeKzrY3Wz83Xtt28u3PeHdNS17WpUJQbTXGD0Veb7YsCiMVQEPXf3WYv%2FJCSPoEdZAhuzxmRtEWLTKLgPVg9GzZHEi7hFFIVY3n1dX2Glym5mgtdR%2Bc4xgyIefmj4mAY4kEc%3D"}],"group":"cf-nel","max_age":604800}
NEL: {"success_fraction":0,"report_to":"cf-nel","max_age":604800}
Server: cloudflare
CF-RAY: 89bf2ec19cd2759f-DME
alt-svc: h3=":443"; ma=86400

{
    "success": true,
    "message": "User successfully removed"
}
HTTP/1.1 202 Accepted
Date: Sun, 30 Jun 2024 15:27:50 GMT
Content-Type: application/json; charset=utf-8
Content-Length: 54
Connection: keep-alive
X-Powered-By: Express
Access-Control-Allow-Origin: *
ETag: W/"36-hDmZnQ3Ou/ynnqAeC6TYmyseuzY"
CF-Cache-Status: DYNAMIC
Report-To: {"endpoints":[{"url":"https:\/\/a.nel.cloudflare.com\/report\/v4?s=ahyeN83orw45jNlnUNTag49QeKzrY3Wz83Xtt28u3PeHdNS17WpUJQbTXGD0Veb7YsCiMVQEPXf3WYv%2FJCSPoEdZAhuzxmRtEWLTKLgPVg9GzZHEi7hFFIVY3n1dX2Glym5mgtdR%2Bc4xgyIefmj4mAY4kEc%3D"}],"group":"cf-nel","max_age":604800}
NEL: {"success_fraction":0,"report_to":"cf-nel","max_age":604800}
Server: cloudflare
CF-RAY: 89bf2ec19cd2759f-DME
alt-svc: h3=":443"; ma=86400

{
    "success": true,
    "message": "User successfully removed"
}
HTTP/1.1 202 Accepted
Date: Sun, 30 Jun 2024 15:27:50 GMT
Content-Type: application/json; charset=utf-8
Content-Length: 54
Connection: keep-alive
X-Powered-By: Express
Access-Control-Allow-Origin: *
ETag: W/"36-hDmZnQ3Ou/ynnqAeC6TYmyseuzY"
CF-Cache-Status: DYNAMIC
Report-To: {"endpoints":[{"url":"https:\/\/a.nel.cloudflare.com\/report\/v4?s=ahyeN83orw45jNlnUNTag49QeKzrY3Wz83Xtt28u3PeHdNS17WpUJQbTXGD0Veb7YsCiMVQEPXf3WYv%2FJCSPoEdZAhuzxmRtEWLTKLgPVg9GzZHEi7hFFIVY3n1dX2Glym5mgtdR%2Bc4xgyIefmj4mAY4kEc%3D"}],"group":"cf-nel","max_age":604800}
NEL: {"success_fraction":0,"report_to":"cf-nel","max_age":604800}
Server: cloudflare
CF-RAY: 89bf2ec19cd2759f-DME
alt-svc: h3=":443"; ma=86400

{
    "success": true,
    "message": "User successfully removed"
}
HTTP/1.1 202 Accepted
Date: Sun, 30 Jun 2024 15:27:50 GMT
Content-Type: application/json; charset=utf-8
Content-Length: 54
Connection: keep-alive
X-Powered-By: Express
Access-Control-Allow-Origin: *
ETag: W/"36-hDmZnQ3Ou/ynnqAeC6TYmyseuzY"
CF-Cache-Status: DYNAMIC
Report-To: {"endpoints":[{"url":"https:\/\/a.nel.cloudflare.com\/report\/v4?s=ahyeN83orw45jNlnUNTag49QeKzrY3Wz83Xtt28u3PeHdNS17WpUJQbTXGD0Veb7YsCiMVQEPXf3WYv%2FJCSPoEdZAhuzxmRtEWLTKLgPVg9GzZHEi7hFFIVY3n1dX2Glym5mgtdR%2Bc4xgyIefmj4mAY4kEc%3D"}],"group":"cf-nel","max_age":604800}
NEL: {"success_fraction":0,"report_to":"cf-nel","max_age":604800}
Server: cloudflare
CF-RAY: 89bf2ec19cd2759f-DME
alt-svc: h3=":443"; ma=86400

{
    "success": true,
    "message": "User successfully removed"
}
HTTP/1.1 202 Accepted
Date: Sun, 30 Jun 2024 15:27:50 GMT
Content-Type: application/json; charset=utf-8
Content-Length: 54
Connection: keep-alive
X-Powered-By: Express
Access-Control-Allow-Origin: *
ETag: W/"36-hDmZnQ3Ou/ynnqAeC6TYmyseuzY"
CF-Cache-Status: DYNAMIC
Report-To: {"endpoints":[{"url":"https:\/\/a.nel.cloudflare.com\/report\/v4?s=ahyeN83orw45jNlnUNTag49QeKzrY3Wz83Xtt28u3PeHdNS17WpUJQbTXGD0Veb7YsCiMVQEPXf3WYv%2FJCSPoEdZAhuzxmRtEWLTKLgPVg9GzZHEi7hFFIVY3n1dX2Glym5mgtdR%2Bc4xgyIefmj4mAY4kEc%3D"}],"group":"cf-nel","max_age":604800}
NEL: {"success_fraction":0,"report_to":"cf-nel","max_age":604800}
Server: cloudflare
CF-RAY: 89bf2ec19cd2759f-DME
alt-svc: h3=":443"; ma=86400

{
    "success": true,
    "message": "User successfully removed"
}
HTTP/1.1 202 Accepted
Date: Sun, 30 Jun 2024 15:27:50 GMT
Content-Type: application/json; charset=utf-8
Content-Length: 54
Connection: keep-alive
X-Powered-By: Express
Access-Control-Allow-Origin: *
ETag: W/"36-hDmZnQ3Ou/ynnqAeC6TYmyseuzY"
CF-Cache-Status: DYNAMIC
Report-To: {"endpoints":[{"url":"https:\/\/a.nel.cloudflare.com\/report\/v4?s=ahyeN83orw45jNlnUNTag49QeKzrY3Wz83Xtt28u3PeHdNS17WpUJQbTXGD0Veb7YsCiMVQEPXf3WYv%2FJCSPoEdZAhuzxmRtEWLTKLgPVg9GzZHEi7hFFIVY3n1dX2Glym5mgtdR%2Bc4xgyIefmj4mAY4kEc%3D"}],"group":"cf-nel","max_age":604800}
NEL: {"success_fraction":0,"report_to":"cf-nel","max_age":604800}
Server: cloudflare
CF-RAY: 89bf2ec19cd2759f-DME
alt-svc: h3=":443"; ma=86400

{
    "success": true,
    "message": "User successfully removed"
}
HTTP/1.1 202 Accepted
Date: Sun, 30 Jun 2024 15:27:50 GMT
Content-Type: application/json; charset=utf-8
Content-Length: 54
Connection: keep-alive
X-Powered-By: Express
Access-Control-Allow-Origin: *
ETag: W/"36-hDmZnQ3Ou/ynnqAeC6TYmyseuzY"
CF-Cache-Status: DYNAMIC
Report-To: {"endpoints":[{"url":"https:\/\/a.nel.cloudflare.com\/report\/v4?s=ahyeN83orw45jNlnUNTag49QeKzrY3Wz83Xtt28u3PeHdNS17WpUJQbTXGD0Veb7YsCiMVQEPXf3WYv%2FJCSPoEdZAhuzxmRtEWLTKLgPVg9GzZHEi7hFFIVY3n1dX2Glym5mgtdR%2Bc4xgyIefmj4mAY4kEc%3D"}],"group":"cf-nel","max_age":604800}
NEL: {"success_fraction":0,"report_to":"cf-nel","max_age":604800}
Server: cloudflare
CF-RAY: 89bf2ec19cd2759f-DME
alt-svc: h3=":443"; ma=86400

{
    "success": true,
    "message": "User successfully removed"
}
HTTP/1.1 202 Accepted
Date: Sun, 30 Jun 2024 15:27:50 GMT
Content-Type: application/json; charset=utf-8
Content-Length: 54
Connection: keep-alive
X-Powered-By: Express
Access-Control-Allow-Origin: *
ETag: W/"36-hDmZnQ3Ou/ynnqAeC6TYmyseuzY"
CF-Cache-Status: DYNAMIC
Report-To: {"endpoints":[{"url":"https:\/\/a.nel.cloudflare.com\/report\/v4?s=ahyeN83orw45jNlnUNTag49QeKzrY3Wz83Xtt28u3PeHdNS17WpUJQbTXGD0Veb7YsCiMVQEPXf3WYv%2FJCSPoEdZAhuzxmRtEWLTKLgPVg9GzZHEi7hFFIVY3n1dX2Glym5mgtdR%2Bc4xgyIefmj4mAY4kEc%3D"}],"group":"cf-nel","max_age":604800}
NEL: {"success_fraction":0,"report_to":"cf-nel","max_age":604800}
Server: cloudflare
CF-RAY: 89bf2ec19cd2759f-DME
alt-svc: h3=":443"; ma=86400

{
    "success": true,
    "message": "User successfully removed"
}
HTTP/1.1 202 Accepted
Date: Sun, 30 Jun 2024 15:27:50 GMT
Content-Type: application/json; charset=utf-8
Content-Length: 54
Connection: keep-alive
X-Powered-By: Express
Access-Control-Allow-Origin: *
ETag: W/"36-hDmZnQ3Ou/ynnqAeC6TYmyseuzY"
CF-Cache-Status: DYNAMIC
Report-To: {"endpoints":[{"url":"https:\/\/a.nel.cloudflare.com\/report\/v4?s=ahyeN83orw45jNlnUNTag49QeKzrY3Wz83Xtt28u3PeHdNS17WpUJQbTXGD0Veb7YsCiMVQEPXf3WYv%2FJCSPoEdZAhuzxmRtEWLTKLgPVg9GzZHEi7hFFIVY3n1dX2Glym5mgtdR%2Bc4xgyIefmj4mAY4kEc%3D"}],"group":"cf-nel","max_age":604800}
NEL: {"success_fraction":0,"report_to":"cf-nel","max_age":604800}
Server: cloudflare
CF-RAY: 89bf2ec19cd2759f-DME
alt-svc: h3=":443"; ma=86400

{
    "success": true,
    "message": "User successfully removed"
}
HTTP/1.1 202 Accepted
Date: Sun, 30 Jun 2024 15:27:50 GMT
Content-Type: application/json; charset=utf-8
Content-Length: 54
Connection: keep-alive
X-Powered-By: Express
Access-Control-Allow-Origin: *
ETag: W/"36-hDmZnQ3Ou/ynnqAeC6TYmyseuzY"
CF-Cache-Status: DYNAMIC
Report-To: {"endpoints":[{"url":"https:\/\/a.nel.cloudflare.com\/report\/v4?s=ahyeN83orw45jNlnUNTag49QeKzrY3Wz83Xtt28u3PeHdNS17WpUJQbTXGD0Veb7YsCiMVQEPXf3WYv%2FJCSPoEdZAhuzxmRtEWLTKLgPVg9GzZHEi7hFFIVY3n1dX2Glym5mgtdR%2Bc4xgyIefmj4mAY4kEc%3D"}],"group":"cf-nel","max_age":604800}
NEL: {"success_fraction":0,"report_to":"cf-nel","max_age":604800}
Server: cloudflare
CF-RAY: 89bf2ec19cd2759f-DME
alt-svc: h3=":443"; ma=86400

{
    "success": true,
    "message": "User successfully removed"
}
HTTP/1.1 202 Accepted
Date: Sun, 30 Jun 2024 15:27:50 GMT
Content-Type: application/json; charset=utf-8
Content-Length: 54
Connection: keep-alive
X-Powered-By: Express
Access-Control-Allow-Origin: *
ETag: W/"36-hDmZnQ3Ou/ynnqAeC6TYmyseuzY"
CF-Cache-Status: DYNAMIC
Report-To: {"endpoints":[{"url":"https:\/\/a.nel.cloudflare.com\/report\/v4?s=ahyeN83orw45jNlnUNTag49QeKzrY3Wz83Xtt28u3PeHdNS17WpUJQbTXGD0Veb7YsCiMVQEPXf3WYv%2FJCSPoEdZAhuzxmRtEWLTKLgPVg9GzZHEi7hFFIVY3n1dX2Glym5mgtdR%2Bc4xgyIefmj4mAY4kEc%3D"}],"group":"cf-nel","max_age":604800}
NEL: {"success_fraction":0,"report_to":"cf-nel","max_age":604800}
Server: cloudflare
CF-RAY: 89bf2ec19cd2759f-DME
alt-svc: h3=":443"; ma=86400

{
    "success": true,
    "message": "User successfully removed"
}
HTTP/1.1 202 Accepted
Date: Sun, 30 Jun 2024 15:27:50 GMT
Content-Type: application/json; charset=utf-8
Content-Length: 54
Connection: keep-alive
X-Powered-By: Express
Access-Control-Allow-Origin: *
ETag: W/"36-hDmZnQ3Ou/ynnqAeC6TYmyseuzY"
CF-Cache-Status: DYNAMIC
Report-To: {"endpoints":[{"url":"https:\/\/a.nel.cloudflare.com\/report\/v4?s=ahyeN83orw45jNlnUNTag49QeKzrY3Wz83Xtt28u3PeHdNS17WpUJQbTXGD0Veb7YsCiMVQEPXf3WYv%2FJCSPoEdZAhuzxmRtEWLTKLgPVg9GzZHEi7hFFIVY3n1dX2Glym5mgtdR%2Bc4xgyIefmj4mAY4kEc%3D"}],"group":"cf-nel","max_age":604800}
NEL: {"success_fraction":0,"report_to":"cf-nel","max_age":604800}
Server: cloudflare
CF-RAY: 89bf2ec19cd2759f-DME
alt-svc: h3=":443"; ma=86400

{
    "success": true,
    "message": "User successfully removed"
}
]]></system-out>
  </testcase>
  <testcase name="updateEmailUserNotAuth" classname="UpdateUserTest" time="1.537">
    <system-out><![CDATA[Request method:	POST
Request URI:	https://stellarburgers.nomoreparties.site/api/auth/register
Proxy:			<none>
Request params:	<none>
Query params:	<none>
Form params:	<none>
Path params:	<none>
Headers:		Accept=*/*
				Content-Type=application/json
Cookies:		<none>
Multiparts:		<none>
Body:
{
    "email": "cbaDulTDQW@ya.ru",
    "password": "YCvNwDJmIH",
    "name": "jxHovMMPpu"
}
Request method:	POST
Request URI:	https://stellarburgers.nomoreparties.site/api/auth/register
Proxy:			<none>
Request params:	<none>
Query params:	<none>
Form params:	<none>
Path params:	<none>
Headers:		Accept=*/*
				Content-Type=application/json
Cookies:		<none>
Multiparts:		<none>
Body:
{
    "email": "cbaDulTDQW@ya.ru",
    "password": "YCvNwDJmIH",
    "name": "jxHovMMPpu"
}
Request method:	POST
Request URI:	https://stellarburgers.nomoreparties.site/api/auth/register
Proxy:			<none>
Request params:	<none>
Query params:	<none>
Form params:	<none>
Path params:	<none>
Headers:		Accept=*/*
				Content-Type=application/json
Cookies:		<none>
Multiparts:		<none>
Body:
{
    "email": "cbaDulTDQW@ya.ru",
    "password": "YCvNwDJmIH",
    "name": "jxHovMMPpu"
}
Request method:	POST
Request URI:	https://stellarburgers.nomoreparties.site/api/auth/register
Proxy:			<none>
Request params:	<none>
Query params:	<none>
Form params:	<none>
Path params:	<none>
Headers:		Accept=*/*
				Content-Type=application/json
Cookies:		<none>
Multiparts:		<none>
Body:
{
    "email": "cbaDulTDQW@ya.ru",
    "password": "YCvNwDJmIH",
    "name": "jxHovMMPpu"
}
Request method:	POST
Request URI:	https://stellarburgers.nomoreparties.site/api/auth/register
Proxy:			<none>
Request params:	<none>
Query params:	<none>
Form params:	<none>
Path params:	<none>
Headers:		Accept=*/*
				Content-Type=application/json
Cookies:		<none>
Multiparts:		<none>
Body:
{
    "email": "cbaDulTDQW@ya.ru",
    "password": "YCvNwDJmIH",
    "name": "jxHovMMPpu"
}
Request method:	POST
Request URI:	https://stellarburgers.nomoreparties.site/api/auth/register
Proxy:			<none>
Request params:	<none>
Query params:	<none>
Form params:	<none>
Path params:	<none>
Headers:		Accept=*/*
				Content-Type=application/json
Cookies:		<none>
Multiparts:		<none>
Body:
{
    "email": "cbaDulTDQW@ya.ru",
    "password": "YCvNwDJmIH",
    "name": "jxHovMMPpu"
}
Request method:	POST
Request URI:	https://stellarburgers.nomoreparties.site/api/auth/register
Proxy:			<none>
Request params:	<none>
Query params:	<none>
Form params:	<none>
Path params:	<none>
Headers:		Accept=*/*
				Content-Type=application/json
Cookies:		<none>
Multiparts:		<none>
Body:
{
    "email": "cbaDulTDQW@ya.ru",
    "password": "YCvNwDJmIH",
    "name": "jxHovMMPpu"
}
Request method:	POST
Request URI:	https://stellarburgers.nomoreparties.site/api/auth/register
Proxy:			<none>
Request params:	<none>
Query params:	<none>
Form params:	<none>
Path params:	<none>
Headers:		Accept=*/*
				Content-Type=application/json
Cookies:		<none>
Multiparts:		<none>
Body:
{
    "email": "cbaDulTDQW@ya.ru",
    "password": "YCvNwDJmIH",
    "name": "jxHovMMPpu"
}
Request method:	POST
Request URI:	https://stellarburgers.nomoreparties.site/api/auth/register
Proxy:			<none>
Request params:	<none>
Query params:	<none>
Form params:	<none>
Path params:	<none>
Headers:		Accept=*/*
				Content-Type=application/json
Cookies:		<none>
Multiparts:		<none>
Body:
{
    "email": "cbaDulTDQW@ya.ru",
    "password": "YCvNwDJmIH",
    "name": "jxHovMMPpu"
}
Request method:	POST
Request URI:	https://stellarburgers.nomoreparties.site/api/auth/register
Proxy:			<none>
Request params:	<none>
Query params:	<none>
Form params:	<none>
Path params:	<none>
Headers:		Accept=*/*
				Content-Type=application/json
Cookies:		<none>
Multiparts:		<none>
Body:
{
    "email": "cbaDulTDQW@ya.ru",
    "password": "YCvNwDJmIH",
    "name": "jxHovMMPpu"
}
Request method:	POST
Request URI:	https://stellarburgers.nomoreparties.site/api/auth/register
Proxy:			<none>
Request params:	<none>
Query params:	<none>
Form params:	<none>
Path params:	<none>
Headers:		Accept=*/*
				Content-Type=application/json
Cookies:		<none>
Multiparts:		<none>
Body:
{
    "email": "cbaDulTDQW@ya.ru",
    "password": "YCvNwDJmIH",
    "name": "jxHovMMPpu"
}
Request method:	POST
Request URI:	https://stellarburgers.nomoreparties.site/api/auth/register
Proxy:			<none>
Request params:	<none>
Query params:	<none>
Form params:	<none>
Path params:	<none>
Headers:		Accept=*/*
				Content-Type=application/json
Cookies:		<none>
Multiparts:		<none>
Body:
{
    "email": "cbaDulTDQW@ya.ru",
    "password": "YCvNwDJmIH",
    "name": "jxHovMMPpu"
}
Request method:	POST
Request URI:	https://stellarburgers.nomoreparties.site/api/auth/register
Proxy:			<none>
Request params:	<none>
Query params:	<none>
Form params:	<none>
Path params:	<none>
Headers:		Accept=*/*
				Content-Type=application/json
Cookies:		<none>
Multiparts:		<none>
Body:
{
    "email": "cbaDulTDQW@ya.ru",
    "password": "YCvNwDJmIH",
    "name": "jxHovMMPpu"
}
Request method:	POST
Request URI:	https://stellarburgers.nomoreparties.site/api/auth/register
Proxy:			<none>
Request params:	<none>
Query params:	<none>
Form params:	<none>
Path params:	<none>
Headers:		Accept=*/*
				Content-Type=application/json
Cookies:		<none>
Multiparts:		<none>
Body:
{
    "email": "cbaDulTDQW@ya.ru",
    "password": "YCvNwDJmIH",
    "name": "jxHovMMPpu"
}
Request method:	POST
Request URI:	https://stellarburgers.nomoreparties.site/api/auth/register
Proxy:			<none>
Request params:	<none>
Query params:	<none>
Form params:	<none>
Path params:	<none>
Headers:		Accept=*/*
				Content-Type=application/json
Cookies:		<none>
Multiparts:		<none>
Body:
{
    "email": "cbaDulTDQW@ya.ru",
    "password": "YCvNwDJmIH",
    "name": "jxHovMMPpu"
}
Request method:	POST
Request URI:	https://stellarburgers.nomoreparties.site/api/auth/register
Proxy:			<none>
Request params:	<none>
Query params:	<none>
Form params:	<none>
Path params:	<none>
Headers:		Accept=*/*
				Content-Type=application/json
Cookies:		<none>
Multiparts:		<none>
Body:
{
    "email": "cbaDulTDQW@ya.ru",
    "password": "YCvNwDJmIH",
    "name": "jxHovMMPpu"
}
Request method:	POST
Request URI:	https://stellarburgers.nomoreparties.site/api/auth/register
Proxy:			<none>
Request params:	<none>
Query params:	<none>
Form params:	<none>
Path params:	<none>
Headers:		Accept=*/*
				Content-Type=application/json
Cookies:		<none>
Multiparts:		<none>
Body:
{
    "email": "cbaDulTDQW@ya.ru",
    "password": "YCvNwDJmIH",
    "name": "jxHovMMPpu"
}
Request method:	POST
Request URI:	https://stellarburgers.nomoreparties.site/api/auth/register
Proxy:			<none>
Request params:	<none>
Query params:	<none>
Form params:	<none>
Path params:	<none>
Headers:		Accept=*/*
				Content-Type=application/json
Cookies:		<none>
Multiparts:		<none>
Body:
{
    "email": "cbaDulTDQW@ya.ru",
    "password": "YCvNwDJmIH",
    "name": "jxHovMMPpu"
}
Request method:	POST
Request URI:	https://stellarburgers.nomoreparties.site/api/auth/register
Proxy:			<none>
Request params:	<none>
Query params:	<none>
Form params:	<none>
Path params:	<none>
Headers:		Accept=*/*
				Content-Type=application/json
Cookies:		<none>
Multiparts:		<none>
Body:
{
    "email": "cbaDulTDQW@ya.ru",
    "password": "YCvNwDJmIH",
    "name": "jxHovMMPpu"
}
Request method:	POST
Request URI:	https://stellarburgers.nomoreparties.site/api/auth/register
Proxy:			<none>
Request params:	<none>
Query params:	<none>
Form params:	<none>
Path params:	<none>
Headers:		Accept=*/*
				Content-Type=application/json
Cookies:		<none>
Multiparts:		<none>
Body:
{
    "email": "cbaDulTDQW@ya.ru",
    "password": "YCvNwDJmIH",
    "name": "jxHovMMPpu"
}
Request method:	POST
Request URI:	https://stellarburgers.nomoreparties.site/api/auth/register
Proxy:			<none>
Request params:	<none>
Query params:	<none>
Form params:	<none>
Path params:	<none>
Headers:		Accept=*/*
				Content-Type=application/json
Cookies:		<none>
Multiparts:		<none>
Body:
{
    "email": "cbaDulTDQW@ya.ru",
    "password": "YCvNwDJmIH",
    "name": "jxHovMMPpu"
}
Request method:	POST
Request URI:	https://stellarburgers.nomoreparties.site/api/auth/register
Proxy:			<none>
Request params:	<none>
Query params:	<none>
Form params:	<none>
Path params:	<none>
Headers:		Accept=*/*
				Content-Type=application/json
Cookies:		<none>
Multiparts:		<none>
Body:
{
    "email": "cbaDulTDQW@ya.ru",
    "password": "YCvNwDJmIH",
    "name": "jxHovMMPpu"
}
Request method:	POST
Request URI:	https://stellarburgers.nomoreparties.site/api/auth/register
Proxy:			<none>
Request params:	<none>
Query params:	<none>
Form params:	<none>
Path params:	<none>
Headers:		Accept=*/*
				Content-Type=application/json
Cookies:		<none>
Multiparts:		<none>
Body:
{
    "email": "cbaDulTDQW@ya.ru",
    "password": "YCvNwDJmIH",
    "name": "jxHovMMPpu"
}
Request method:	POST
Request URI:	https://stellarburgers.nomoreparties.site/api/auth/register
Proxy:			<none>
Request params:	<none>
Query params:	<none>
Form params:	<none>
Path params:	<none>
Headers:		Accept=*/*
				Content-Type=application/json
Cookies:		<none>
Multiparts:		<none>
Body:
{
    "email": "cbaDulTDQW@ya.ru",
    "password": "YCvNwDJmIH",
    "name": "jxHovMMPpu"
}
Request method:	POST
Request URI:	https://stellarburgers.nomoreparties.site/api/auth/register
Proxy:			<none>
Request params:	<none>
Query params:	<none>
Form params:	<none>
Path params:	<none>
Headers:		Accept=*/*
				Content-Type=application/json
Cookies:		<none>
Multiparts:		<none>
Body:
{
    "email": "cbaDulTDQW@ya.ru",
    "password": "YCvNwDJmIH",
    "name": "jxHovMMPpu"
}
Request method:	POST
Request URI:	https://stellarburgers.nomoreparties.site/api/auth/register
Proxy:			<none>
Request params:	<none>
Query params:	<none>
Form params:	<none>
Path params:	<none>
Headers:		Accept=*/*
				Content-Type=application/json
Cookies:		<none>
Multiparts:		<none>
Body:
{
    "email": "cbaDulTDQW@ya.ru",
    "password": "YCvNwDJmIH",
    "name": "jxHovMMPpu"
}
Request method:	POST
Request URI:	https://stellarburgers.nomoreparties.site/api/auth/register
Proxy:			<none>
Request params:	<none>
Query params:	<none>
Form params:	<none>
Path params:	<none>
Headers:		Accept=*/*
				Content-Type=application/json
Cookies:		<none>
Multiparts:		<none>
Body:
{
    "email": "cbaDulTDQW@ya.ru",
    "password": "YCvNwDJmIH",
    "name": "jxHovMMPpu"
}
Request method:	POST
Request URI:	https://stellarburgers.nomoreparties.site/api/auth/register
Proxy:			<none>
Request params:	<none>
Query params:	<none>
Form params:	<none>
Path params:	<none>
Headers:		Accept=*/*
				Content-Type=application/json
Cookies:		<none>
Multiparts:		<none>
Body:
{
    "email": "cbaDulTDQW@ya.ru",
    "password": "YCvNwDJmIH",
    "name": "jxHovMMPpu"
}
Request method:	POST
Request URI:	https://stellarburgers.nomoreparties.site/api/auth/register
Proxy:			<none>
Request params:	<none>
Query params:	<none>
Form params:	<none>
Path params:	<none>
Headers:		Accept=*/*
				Content-Type=application/json
Cookies:		<none>
Multiparts:		<none>
Body:
{
    "email": "cbaDulTDQW@ya.ru",
    "password": "YCvNwDJmIH",
    "name": "jxHovMMPpu"
}
Request method:	POST
Request URI:	https://stellarburgers.nomoreparties.site/api/auth/register
Proxy:			<none>
Request params:	<none>
Query params:	<none>
Form params:	<none>
Path params:	<none>
Headers:		Accept=*/*
				Content-Type=application/json
Cookies:		<none>
Multiparts:		<none>
Body:
{
    "email": "cbaDulTDQW@ya.ru",
    "password": "YCvNwDJmIH",
    "name": "jxHovMMPpu"
}
HTTP/1.1 200 OK
Date: Sun, 30 Jun 2024 15:27:50 GMT
Content-Type: application/json; charset=utf-8
Transfer-Encoding: chunked
Connection: keep-alive
X-Powered-By: Express
Access-Control-Allow-Origin: *
authorization: Bearer eyJhbGciOiJIUzI1NiIsInR5cCI6IkpXVCJ9.eyJpZCI6IjY2ODE3OTc2OWVkMjgwMDAxYjQ1OTYxOSIsImlhdCI6MTcxOTc2MTI3MCwiZXhwIjoxNzE5NzYyNDcwfQ.cXWPnSSLn8vk9_ab6VzwLvWhsYAUhMH2edbvGwJEPls
ETag: W/"16d-rGZ9ov618tLOPeYSTM5d9KzVPHg"
CF-Cache-Status: DYNAMIC
Report-To: {"endpoints":[{"url":"https:\/\/a.nel.cloudflare.com\/report\/v4?s=9iNUDUJMVvCLQJ15ZzZnX%2BD76KHETKYtLgP0D%2FL5%2Br5SYgGwSbYVl7FAqKCRvdHKL5aDxmXLOB4eX2U6D6id29fLj1zEw72CpH4p7G%2FDDfqVDC49%2F5y2p7KHjxy6gpoyUKpVvu3uRgpZz%2BFSZRu4oNYfzIw%3D"}],"group":"cf-nel","max_age":604800}
NEL: {"success_fraction":0,"report_to":"cf-nel","max_age":604800}
Server: cloudflare
CF-RAY: 89bf2ec469787746-AMS
Content-Encoding: gzip
alt-svc: h3=":443"; ma=86400

{
    "success": true,
    "user": {
        "email": "cbadultdqw@ya.ru",
        "name": "jxHovMMPpu"
    },
    "accessToken": "Bearer eyJhbGciOiJIUzI1NiIsInR5cCI6IkpXVCJ9.eyJpZCI6IjY2ODE3OTc2OWVkMjgwMDAxYjQ1OTYxOSIsImlhdCI6MTcxOTc2MTI3MCwiZXhwIjoxNzE5NzYyNDcwfQ.cXWPnSSLn8vk9_ab6VzwLvWhsYAUhMH2edbvGwJEPls",
    "refreshToken": "314cc1119ce6731bec219180906b919bc1f676f29f961f149e20e4b9bd2b7467b4b78d690d33d524"
}
HTTP/1.1 200 OK
Date: Sun, 30 Jun 2024 15:27:50 GMT
Content-Type: application/json; charset=utf-8
Transfer-Encoding: chunked
Connection: keep-alive
X-Powered-By: Express
Access-Control-Allow-Origin: *
authorization: Bearer eyJhbGciOiJIUzI1NiIsInR5cCI6IkpXVCJ9.eyJpZCI6IjY2ODE3OTc2OWVkMjgwMDAxYjQ1OTYxOSIsImlhdCI6MTcxOTc2MTI3MCwiZXhwIjoxNzE5NzYyNDcwfQ.cXWPnSSLn8vk9_ab6VzwLvWhsYAUhMH2edbvGwJEPls
ETag: W/"16d-rGZ9ov618tLOPeYSTM5d9KzVPHg"
CF-Cache-Status: DYNAMIC
Report-To: {"endpoints":[{"url":"https:\/\/a.nel.cloudflare.com\/report\/v4?s=9iNUDUJMVvCLQJ15ZzZnX%2BD76KHETKYtLgP0D%2FL5%2Br5SYgGwSbYVl7FAqKCRvdHKL5aDxmXLOB4eX2U6D6id29fLj1zEw72CpH4p7G%2FDDfqVDC49%2F5y2p7KHjxy6gpoyUKpVvu3uRgpZz%2BFSZRu4oNYfzIw%3D"}],"group":"cf-nel","max_age":604800}
NEL: {"success_fraction":0,"report_to":"cf-nel","max_age":604800}
Server: cloudflare
CF-RAY: 89bf2ec469787746-AMS
Content-Encoding: gzip
alt-svc: h3=":443"; ma=86400

{
    "success": true,
    "user": {
        "email": "cbadultdqw@ya.ru",
        "name": "jxHovMMPpu"
    },
    "accessToken": "Bearer eyJhbGciOiJIUzI1NiIsInR5cCI6IkpXVCJ9.eyJpZCI6IjY2ODE3OTc2OWVkMjgwMDAxYjQ1OTYxOSIsImlhdCI6MTcxOTc2MTI3MCwiZXhwIjoxNzE5NzYyNDcwfQ.cXWPnSSLn8vk9_ab6VzwLvWhsYAUhMH2edbvGwJEPls",
    "refreshToken": "314cc1119ce6731bec219180906b919bc1f676f29f961f149e20e4b9bd2b7467b4b78d690d33d524"
}
HTTP/1.1 200 OK
Date: Sun, 30 Jun 2024 15:27:50 GMT
Content-Type: application/json; charset=utf-8
Transfer-Encoding: chunked
Connection: keep-alive
X-Powered-By: Express
Access-Control-Allow-Origin: *
authorization: Bearer eyJhbGciOiJIUzI1NiIsInR5cCI6IkpXVCJ9.eyJpZCI6IjY2ODE3OTc2OWVkMjgwMDAxYjQ1OTYxOSIsImlhdCI6MTcxOTc2MTI3MCwiZXhwIjoxNzE5NzYyNDcwfQ.cXWPnSSLn8vk9_ab6VzwLvWhsYAUhMH2edbvGwJEPls
ETag: W/"16d-rGZ9ov618tLOPeYSTM5d9KzVPHg"
CF-Cache-Status: DYNAMIC
Report-To: {"endpoints":[{"url":"https:\/\/a.nel.cloudflare.com\/report\/v4?s=9iNUDUJMVvCLQJ15ZzZnX%2BD76KHETKYtLgP0D%2FL5%2Br5SYgGwSbYVl7FAqKCRvdHKL5aDxmXLOB4eX2U6D6id29fLj1zEw72CpH4p7G%2FDDfqVDC49%2F5y2p7KHjxy6gpoyUKpVvu3uRgpZz%2BFSZRu4oNYfzIw%3D"}],"group":"cf-nel","max_age":604800}
NEL: {"success_fraction":0,"report_to":"cf-nel","max_age":604800}
Server: cloudflare
CF-RAY: 89bf2ec469787746-AMS
Content-Encoding: gzip
alt-svc: h3=":443"; ma=86400

{
    "success": true,
    "user": {
        "email": "cbadultdqw@ya.ru",
        "name": "jxHovMMPpu"
    },
    "accessToken": "Bearer eyJhbGciOiJIUzI1NiIsInR5cCI6IkpXVCJ9.eyJpZCI6IjY2ODE3OTc2OWVkMjgwMDAxYjQ1OTYxOSIsImlhdCI6MTcxOTc2MTI3MCwiZXhwIjoxNzE5NzYyNDcwfQ.cXWPnSSLn8vk9_ab6VzwLvWhsYAUhMH2edbvGwJEPls",
    "refreshToken": "314cc1119ce6731bec219180906b919bc1f676f29f961f149e20e4b9bd2b7467b4b78d690d33d524"
}
HTTP/1.1 200 OK
Date: Sun, 30 Jun 2024 15:27:50 GMT
Content-Type: application/json; charset=utf-8
Transfer-Encoding: chunked
Connection: keep-alive
X-Powered-By: Express
Access-Control-Allow-Origin: *
authorization: Bearer eyJhbGciOiJIUzI1NiIsInR5cCI6IkpXVCJ9.eyJpZCI6IjY2ODE3OTc2OWVkMjgwMDAxYjQ1OTYxOSIsImlhdCI6MTcxOTc2MTI3MCwiZXhwIjoxNzE5NzYyNDcwfQ.cXWPnSSLn8vk9_ab6VzwLvWhsYAUhMH2edbvGwJEPls
ETag: W/"16d-rGZ9ov618tLOPeYSTM5d9KzVPHg"
CF-Cache-Status: DYNAMIC
Report-To: {"endpoints":[{"url":"https:\/\/a.nel.cloudflare.com\/report\/v4?s=9iNUDUJMVvCLQJ15ZzZnX%2BD76KHETKYtLgP0D%2FL5%2Br5SYgGwSbYVl7FAqKCRvdHKL5aDxmXLOB4eX2U6D6id29fLj1zEw72CpH4p7G%2FDDfqVDC49%2F5y2p7KHjxy6gpoyUKpVvu3uRgpZz%2BFSZRu4oNYfzIw%3D"}],"group":"cf-nel","max_age":604800}
NEL: {"success_fraction":0,"report_to":"cf-nel","max_age":604800}
Server: cloudflare
CF-RAY: 89bf2ec469787746-AMS
Content-Encoding: gzip
alt-svc: h3=":443"; ma=86400

{
    "success": true,
    "user": {
        "email": "cbadultdqw@ya.ru",
        "name": "jxHovMMPpu"
    },
    "accessToken": "Bearer eyJhbGciOiJIUzI1NiIsInR5cCI6IkpXVCJ9.eyJpZCI6IjY2ODE3OTc2OWVkMjgwMDAxYjQ1OTYxOSIsImlhdCI6MTcxOTc2MTI3MCwiZXhwIjoxNzE5NzYyNDcwfQ.cXWPnSSLn8vk9_ab6VzwLvWhsYAUhMH2edbvGwJEPls",
    "refreshToken": "314cc1119ce6731bec219180906b919bc1f676f29f961f149e20e4b9bd2b7467b4b78d690d33d524"
}
HTTP/1.1 200 OK
Date: Sun, 30 Jun 2024 15:27:50 GMT
Content-Type: application/json; charset=utf-8
Transfer-Encoding: chunked
Connection: keep-alive
X-Powered-By: Express
Access-Control-Allow-Origin: *
authorization: Bearer eyJhbGciOiJIUzI1NiIsInR5cCI6IkpXVCJ9.eyJpZCI6IjY2ODE3OTc2OWVkMjgwMDAxYjQ1OTYxOSIsImlhdCI6MTcxOTc2MTI3MCwiZXhwIjoxNzE5NzYyNDcwfQ.cXWPnSSLn8vk9_ab6VzwLvWhsYAUhMH2edbvGwJEPls
ETag: W/"16d-rGZ9ov618tLOPeYSTM5d9KzVPHg"
CF-Cache-Status: DYNAMIC
Report-To: {"endpoints":[{"url":"https:\/\/a.nel.cloudflare.com\/report\/v4?s=9iNUDUJMVvCLQJ15ZzZnX%2BD76KHETKYtLgP0D%2FL5%2Br5SYgGwSbYVl7FAqKCRvdHKL5aDxmXLOB4eX2U6D6id29fLj1zEw72CpH4p7G%2FDDfqVDC49%2F5y2p7KHjxy6gpoyUKpVvu3uRgpZz%2BFSZRu4oNYfzIw%3D"}],"group":"cf-nel","max_age":604800}
NEL: {"success_fraction":0,"report_to":"cf-nel","max_age":604800}
Server: cloudflare
CF-RAY: 89bf2ec469787746-AMS
Content-Encoding: gzip
alt-svc: h3=":443"; ma=86400

{
    "success": true,
    "user": {
        "email": "cbadultdqw@ya.ru",
        "name": "jxHovMMPpu"
    },
    "accessToken": "Bearer eyJhbGciOiJIUzI1NiIsInR5cCI6IkpXVCJ9.eyJpZCI6IjY2ODE3OTc2OWVkMjgwMDAxYjQ1OTYxOSIsImlhdCI6MTcxOTc2MTI3MCwiZXhwIjoxNzE5NzYyNDcwfQ.cXWPnSSLn8vk9_ab6VzwLvWhsYAUhMH2edbvGwJEPls",
    "refreshToken": "314cc1119ce6731bec219180906b919bc1f676f29f961f149e20e4b9bd2b7467b4b78d690d33d524"
}
HTTP/1.1 200 OK
Date: Sun, 30 Jun 2024 15:27:50 GMT
Content-Type: application/json; charset=utf-8
Transfer-Encoding: chunked
Connection: keep-alive
X-Powered-By: Express
Access-Control-Allow-Origin: *
authorization: Bearer eyJhbGciOiJIUzI1NiIsInR5cCI6IkpXVCJ9.eyJpZCI6IjY2ODE3OTc2OWVkMjgwMDAxYjQ1OTYxOSIsImlhdCI6MTcxOTc2MTI3MCwiZXhwIjoxNzE5NzYyNDcwfQ.cXWPnSSLn8vk9_ab6VzwLvWhsYAUhMH2edbvGwJEPls
ETag: W/"16d-rGZ9ov618tLOPeYSTM5d9KzVPHg"
CF-Cache-Status: DYNAMIC
Report-To: {"endpoints":[{"url":"https:\/\/a.nel.cloudflare.com\/report\/v4?s=9iNUDUJMVvCLQJ15ZzZnX%2BD76KHETKYtLgP0D%2FL5%2Br5SYgGwSbYVl7FAqKCRvdHKL5aDxmXLOB4eX2U6D6id29fLj1zEw72CpH4p7G%2FDDfqVDC49%2F5y2p7KHjxy6gpoyUKpVvu3uRgpZz%2BFSZRu4oNYfzIw%3D"}],"group":"cf-nel","max_age":604800}
NEL: {"success_fraction":0,"report_to":"cf-nel","max_age":604800}
Server: cloudflare
CF-RAY: 89bf2ec469787746-AMS
Content-Encoding: gzip
alt-svc: h3=":443"; ma=86400

{
    "success": true,
    "user": {
        "email": "cbadultdqw@ya.ru",
        "name": "jxHovMMPpu"
    },
    "accessToken": "Bearer eyJhbGciOiJIUzI1NiIsInR5cCI6IkpXVCJ9.eyJpZCI6IjY2ODE3OTc2OWVkMjgwMDAxYjQ1OTYxOSIsImlhdCI6MTcxOTc2MTI3MCwiZXhwIjoxNzE5NzYyNDcwfQ.cXWPnSSLn8vk9_ab6VzwLvWhsYAUhMH2edbvGwJEPls",
    "refreshToken": "314cc1119ce6731bec219180906b919bc1f676f29f961f149e20e4b9bd2b7467b4b78d690d33d524"
}
HTTP/1.1 200 OK
Date: Sun, 30 Jun 2024 15:27:50 GMT
Content-Type: application/json; charset=utf-8
Transfer-Encoding: chunked
Connection: keep-alive
X-Powered-By: Express
Access-Control-Allow-Origin: *
authorization: Bearer eyJhbGciOiJIUzI1NiIsInR5cCI6IkpXVCJ9.eyJpZCI6IjY2ODE3OTc2OWVkMjgwMDAxYjQ1OTYxOSIsImlhdCI6MTcxOTc2MTI3MCwiZXhwIjoxNzE5NzYyNDcwfQ.cXWPnSSLn8vk9_ab6VzwLvWhsYAUhMH2edbvGwJEPls
ETag: W/"16d-rGZ9ov618tLOPeYSTM5d9KzVPHg"
CF-Cache-Status: DYNAMIC
Report-To: {"endpoints":[{"url":"https:\/\/a.nel.cloudflare.com\/report\/v4?s=9iNUDUJMVvCLQJ15ZzZnX%2BD76KHETKYtLgP0D%2FL5%2Br5SYgGwSbYVl7FAqKCRvdHKL5aDxmXLOB4eX2U6D6id29fLj1zEw72CpH4p7G%2FDDfqVDC49%2F5y2p7KHjxy6gpoyUKpVvu3uRgpZz%2BFSZRu4oNYfzIw%3D"}],"group":"cf-nel","max_age":604800}
NEL: {"success_fraction":0,"report_to":"cf-nel","max_age":604800}
Server: cloudflare
CF-RAY: 89bf2ec469787746-AMS
Content-Encoding: gzip
alt-svc: h3=":443"; ma=86400

{
    "success": true,
    "user": {
        "email": "cbadultdqw@ya.ru",
        "name": "jxHovMMPpu"
    },
    "accessToken": "Bearer eyJhbGciOiJIUzI1NiIsInR5cCI6IkpXVCJ9.eyJpZCI6IjY2ODE3OTc2OWVkMjgwMDAxYjQ1OTYxOSIsImlhdCI6MTcxOTc2MTI3MCwiZXhwIjoxNzE5NzYyNDcwfQ.cXWPnSSLn8vk9_ab6VzwLvWhsYAUhMH2edbvGwJEPls",
    "refreshToken": "314cc1119ce6731bec219180906b919bc1f676f29f961f149e20e4b9bd2b7467b4b78d690d33d524"
}
HTTP/1.1 200 OK
Date: Sun, 30 Jun 2024 15:27:50 GMT
Content-Type: application/json; charset=utf-8
Transfer-Encoding: chunked
Connection: keep-alive
X-Powered-By: Express
Access-Control-Allow-Origin: *
authorization: Bearer eyJhbGciOiJIUzI1NiIsInR5cCI6IkpXVCJ9.eyJpZCI6IjY2ODE3OTc2OWVkMjgwMDAxYjQ1OTYxOSIsImlhdCI6MTcxOTc2MTI3MCwiZXhwIjoxNzE5NzYyNDcwfQ.cXWPnSSLn8vk9_ab6VzwLvWhsYAUhMH2edbvGwJEPls
ETag: W/"16d-rGZ9ov618tLOPeYSTM5d9KzVPHg"
CF-Cache-Status: DYNAMIC
Report-To: {"endpoints":[{"url":"https:\/\/a.nel.cloudflare.com\/report\/v4?s=9iNUDUJMVvCLQJ15ZzZnX%2BD76KHETKYtLgP0D%2FL5%2Br5SYgGwSbYVl7FAqKCRvdHKL5aDxmXLOB4eX2U6D6id29fLj1zEw72CpH4p7G%2FDDfqVDC49%2F5y2p7KHjxy6gpoyUKpVvu3uRgpZz%2BFSZRu4oNYfzIw%3D"}],"group":"cf-nel","max_age":604800}
NEL: {"success_fraction":0,"report_to":"cf-nel","max_age":604800}
Server: cloudflare
CF-RAY: 89bf2ec469787746-AMS
Content-Encoding: gzip
alt-svc: h3=":443"; ma=86400

{
    "success": true,
    "user": {
        "email": "cbadultdqw@ya.ru",
        "name": "jxHovMMPpu"
    },
    "accessToken": "Bearer eyJhbGciOiJIUzI1NiIsInR5cCI6IkpXVCJ9.eyJpZCI6IjY2ODE3OTc2OWVkMjgwMDAxYjQ1OTYxOSIsImlhdCI6MTcxOTc2MTI3MCwiZXhwIjoxNzE5NzYyNDcwfQ.cXWPnSSLn8vk9_ab6VzwLvWhsYAUhMH2edbvGwJEPls",
    "refreshToken": "314cc1119ce6731bec219180906b919bc1f676f29f961f149e20e4b9bd2b7467b4b78d690d33d524"
}
HTTP/1.1 200 OK
Date: Sun, 30 Jun 2024 15:27:50 GMT
Content-Type: application/json; charset=utf-8
Transfer-Encoding: chunked
Connection: keep-alive
X-Powered-By: Express
Access-Control-Allow-Origin: *
authorization: Bearer eyJhbGciOiJIUzI1NiIsInR5cCI6IkpXVCJ9.eyJpZCI6IjY2ODE3OTc2OWVkMjgwMDAxYjQ1OTYxOSIsImlhdCI6MTcxOTc2MTI3MCwiZXhwIjoxNzE5NzYyNDcwfQ.cXWPnSSLn8vk9_ab6VzwLvWhsYAUhMH2edbvGwJEPls
ETag: W/"16d-rGZ9ov618tLOPeYSTM5d9KzVPHg"
CF-Cache-Status: DYNAMIC
Report-To: {"endpoints":[{"url":"https:\/\/a.nel.cloudflare.com\/report\/v4?s=9iNUDUJMVvCLQJ15ZzZnX%2BD76KHETKYtLgP0D%2FL5%2Br5SYgGwSbYVl7FAqKCRvdHKL5aDxmXLOB4eX2U6D6id29fLj1zEw72CpH4p7G%2FDDfqVDC49%2F5y2p7KHjxy6gpoyUKpVvu3uRgpZz%2BFSZRu4oNYfzIw%3D"}],"group":"cf-nel","max_age":604800}
NEL: {"success_fraction":0,"report_to":"cf-nel","max_age":604800}
Server: cloudflare
CF-RAY: 89bf2ec469787746-AMS
Content-Encoding: gzip
alt-svc: h3=":443"; ma=86400

{
    "success": true,
    "user": {
        "email": "cbadultdqw@ya.ru",
        "name": "jxHovMMPpu"
    },
    "accessToken": "Bearer eyJhbGciOiJIUzI1NiIsInR5cCI6IkpXVCJ9.eyJpZCI6IjY2ODE3OTc2OWVkMjgwMDAxYjQ1OTYxOSIsImlhdCI6MTcxOTc2MTI3MCwiZXhwIjoxNzE5NzYyNDcwfQ.cXWPnSSLn8vk9_ab6VzwLvWhsYAUhMH2edbvGwJEPls",
    "refreshToken": "314cc1119ce6731bec219180906b919bc1f676f29f961f149e20e4b9bd2b7467b4b78d690d33d524"
}
HTTP/1.1 200 OK
Date: Sun, 30 Jun 2024 15:27:50 GMT
Content-Type: application/json; charset=utf-8
Transfer-Encoding: chunked
Connection: keep-alive
X-Powered-By: Express
Access-Control-Allow-Origin: *
authorization: Bearer eyJhbGciOiJIUzI1NiIsInR5cCI6IkpXVCJ9.eyJpZCI6IjY2ODE3OTc2OWVkMjgwMDAxYjQ1OTYxOSIsImlhdCI6MTcxOTc2MTI3MCwiZXhwIjoxNzE5NzYyNDcwfQ.cXWPnSSLn8vk9_ab6VzwLvWhsYAUhMH2edbvGwJEPls
ETag: W/"16d-rGZ9ov618tLOPeYSTM5d9KzVPHg"
CF-Cache-Status: DYNAMIC
Report-To: {"endpoints":[{"url":"https:\/\/a.nel.cloudflare.com\/report\/v4?s=9iNUDUJMVvCLQJ15ZzZnX%2BD76KHETKYtLgP0D%2FL5%2Br5SYgGwSbYVl7FAqKCRvdHKL5aDxmXLOB4eX2U6D6id29fLj1zEw72CpH4p7G%2FDDfqVDC49%2F5y2p7KHjxy6gpoyUKpVvu3uRgpZz%2BFSZRu4oNYfzIw%3D"}],"group":"cf-nel","max_age":604800}
NEL: {"success_fraction":0,"report_to":"cf-nel","max_age":604800}
Server: cloudflare
CF-RAY: 89bf2ec469787746-AMS
Content-Encoding: gzip
alt-svc: h3=":443"; ma=86400

{
    "success": true,
    "user": {
        "email": "cbadultdqw@ya.ru",
        "name": "jxHovMMPpu"
    },
    "accessToken": "Bearer eyJhbGciOiJIUzI1NiIsInR5cCI6IkpXVCJ9.eyJpZCI6IjY2ODE3OTc2OWVkMjgwMDAxYjQ1OTYxOSIsImlhdCI6MTcxOTc2MTI3MCwiZXhwIjoxNzE5NzYyNDcwfQ.cXWPnSSLn8vk9_ab6VzwLvWhsYAUhMH2edbvGwJEPls",
    "refreshToken": "314cc1119ce6731bec219180906b919bc1f676f29f961f149e20e4b9bd2b7467b4b78d690d33d524"
}
HTTP/1.1 200 OK
Date: Sun, 30 Jun 2024 15:27:50 GMT
Content-Type: application/json; charset=utf-8
Transfer-Encoding: chunked
Connection: keep-alive
X-Powered-By: Express
Access-Control-Allow-Origin: *
authorization: Bearer eyJhbGciOiJIUzI1NiIsInR5cCI6IkpXVCJ9.eyJpZCI6IjY2ODE3OTc2OWVkMjgwMDAxYjQ1OTYxOSIsImlhdCI6MTcxOTc2MTI3MCwiZXhwIjoxNzE5NzYyNDcwfQ.cXWPnSSLn8vk9_ab6VzwLvWhsYAUhMH2edbvGwJEPls
ETag: W/"16d-rGZ9ov618tLOPeYSTM5d9KzVPHg"
CF-Cache-Status: DYNAMIC
Report-To: {"endpoints":[{"url":"https:\/\/a.nel.cloudflare.com\/report\/v4?s=9iNUDUJMVvCLQJ15ZzZnX%2BD76KHETKYtLgP0D%2FL5%2Br5SYgGwSbYVl7FAqKCRvdHKL5aDxmXLOB4eX2U6D6id29fLj1zEw72CpH4p7G%2FDDfqVDC49%2F5y2p7KHjxy6gpoyUKpVvu3uRgpZz%2BFSZRu4oNYfzIw%3D"}],"group":"cf-nel","max_age":604800}
NEL: {"success_fraction":0,"report_to":"cf-nel","max_age":604800}
Server: cloudflare
CF-RAY: 89bf2ec469787746-AMS
Content-Encoding: gzip
alt-svc: h3=":443"; ma=86400

{
    "success": true,
    "user": {
        "email": "cbadultdqw@ya.ru",
        "name": "jxHovMMPpu"
    },
    "accessToken": "Bearer eyJhbGciOiJIUzI1NiIsInR5cCI6IkpXVCJ9.eyJpZCI6IjY2ODE3OTc2OWVkMjgwMDAxYjQ1OTYxOSIsImlhdCI6MTcxOTc2MTI3MCwiZXhwIjoxNzE5NzYyNDcwfQ.cXWPnSSLn8vk9_ab6VzwLvWhsYAUhMH2edbvGwJEPls",
    "refreshToken": "314cc1119ce6731bec219180906b919bc1f676f29f961f149e20e4b9bd2b7467b4b78d690d33d524"
}
HTTP/1.1 200 OK
Date: Sun, 30 Jun 2024 15:27:50 GMT
Content-Type: application/json; charset=utf-8
Transfer-Encoding: chunked
Connection: keep-alive
X-Powered-By: Express
Access-Control-Allow-Origin: *
authorization: Bearer eyJhbGciOiJIUzI1NiIsInR5cCI6IkpXVCJ9.eyJpZCI6IjY2ODE3OTc2OWVkMjgwMDAxYjQ1OTYxOSIsImlhdCI6MTcxOTc2MTI3MCwiZXhwIjoxNzE5NzYyNDcwfQ.cXWPnSSLn8vk9_ab6VzwLvWhsYAUhMH2edbvGwJEPls
ETag: W/"16d-rGZ9ov618tLOPeYSTM5d9KzVPHg"
CF-Cache-Status: DYNAMIC
Report-To: {"endpoints":[{"url":"https:\/\/a.nel.cloudflare.com\/report\/v4?s=9iNUDUJMVvCLQJ15ZzZnX%2BD76KHETKYtLgP0D%2FL5%2Br5SYgGwSbYVl7FAqKCRvdHKL5aDxmXLOB4eX2U6D6id29fLj1zEw72CpH4p7G%2FDDfqVDC49%2F5y2p7KHjxy6gpoyUKpVvu3uRgpZz%2BFSZRu4oNYfzIw%3D"}],"group":"cf-nel","max_age":604800}
NEL: {"success_fraction":0,"report_to":"cf-nel","max_age":604800}
Server: cloudflare
CF-RAY: 89bf2ec469787746-AMS
Content-Encoding: gzip
alt-svc: h3=":443"; ma=86400

{
    "success": true,
    "user": {
        "email": "cbadultdqw@ya.ru",
        "name": "jxHovMMPpu"
    },
    "accessToken": "Bearer eyJhbGciOiJIUzI1NiIsInR5cCI6IkpXVCJ9.eyJpZCI6IjY2ODE3OTc2OWVkMjgwMDAxYjQ1OTYxOSIsImlhdCI6MTcxOTc2MTI3MCwiZXhwIjoxNzE5NzYyNDcwfQ.cXWPnSSLn8vk9_ab6VzwLvWhsYAUhMH2edbvGwJEPls",
    "refreshToken": "314cc1119ce6731bec219180906b919bc1f676f29f961f149e20e4b9bd2b7467b4b78d690d33d524"
}
HTTP/1.1 200 OK
Date: Sun, 30 Jun 2024 15:27:50 GMT
Content-Type: application/json; charset=utf-8
Transfer-Encoding: chunked
Connection: keep-alive
X-Powered-By: Express
Access-Control-Allow-Origin: *
authorization: Bearer eyJhbGciOiJIUzI1NiIsInR5cCI6IkpXVCJ9.eyJpZCI6IjY2ODE3OTc2OWVkMjgwMDAxYjQ1OTYxOSIsImlhdCI6MTcxOTc2MTI3MCwiZXhwIjoxNzE5NzYyNDcwfQ.cXWPnSSLn8vk9_ab6VzwLvWhsYAUhMH2edbvGwJEPls
ETag: W/"16d-rGZ9ov618tLOPeYSTM5d9KzVPHg"
CF-Cache-Status: DYNAMIC
Report-To: {"endpoints":[{"url":"https:\/\/a.nel.cloudflare.com\/report\/v4?s=9iNUDUJMVvCLQJ15ZzZnX%2BD76KHETKYtLgP0D%2FL5%2Br5SYgGwSbYVl7FAqKCRvdHKL5aDxmXLOB4eX2U6D6id29fLj1zEw72CpH4p7G%2FDDfqVDC49%2F5y2p7KHjxy6gpoyUKpVvu3uRgpZz%2BFSZRu4oNYfzIw%3D"}],"group":"cf-nel","max_age":604800}
NEL: {"success_fraction":0,"report_to":"cf-nel","max_age":604800}
Server: cloudflare
CF-RAY: 89bf2ec469787746-AMS
Content-Encoding: gzip
alt-svc: h3=":443"; ma=86400

{
    "success": true,
    "user": {
        "email": "cbadultdqw@ya.ru",
        "name": "jxHovMMPpu"
    },
    "accessToken": "Bearer eyJhbGciOiJIUzI1NiIsInR5cCI6IkpXVCJ9.eyJpZCI6IjY2ODE3OTc2OWVkMjgwMDAxYjQ1OTYxOSIsImlhdCI6MTcxOTc2MTI3MCwiZXhwIjoxNzE5NzYyNDcwfQ.cXWPnSSLn8vk9_ab6VzwLvWhsYAUhMH2edbvGwJEPls",
    "refreshToken": "314cc1119ce6731bec219180906b919bc1f676f29f961f149e20e4b9bd2b7467b4b78d690d33d524"
}
HTTP/1.1 200 OK
Date: Sun, 30 Jun 2024 15:27:50 GMT
Content-Type: application/json; charset=utf-8
Transfer-Encoding: chunked
Connection: keep-alive
X-Powered-By: Express
Access-Control-Allow-Origin: *
authorization: Bearer eyJhbGciOiJIUzI1NiIsInR5cCI6IkpXVCJ9.eyJpZCI6IjY2ODE3OTc2OWVkMjgwMDAxYjQ1OTYxOSIsImlhdCI6MTcxOTc2MTI3MCwiZXhwIjoxNzE5NzYyNDcwfQ.cXWPnSSLn8vk9_ab6VzwLvWhsYAUhMH2edbvGwJEPls
ETag: W/"16d-rGZ9ov618tLOPeYSTM5d9KzVPHg"
CF-Cache-Status: DYNAMIC
Report-To: {"endpoints":[{"url":"https:\/\/a.nel.cloudflare.com\/report\/v4?s=9iNUDUJMVvCLQJ15ZzZnX%2BD76KHETKYtLgP0D%2FL5%2Br5SYgGwSbYVl7FAqKCRvdHKL5aDxmXLOB4eX2U6D6id29fLj1zEw72CpH4p7G%2FDDfqVDC49%2F5y2p7KHjxy6gpoyUKpVvu3uRgpZz%2BFSZRu4oNYfzIw%3D"}],"group":"cf-nel","max_age":604800}
NEL: {"success_fraction":0,"report_to":"cf-nel","max_age":604800}
Server: cloudflare
CF-RAY: 89bf2ec469787746-AMS
Content-Encoding: gzip
alt-svc: h3=":443"; ma=86400

{
    "success": true,
    "user": {
        "email": "cbadultdqw@ya.ru",
        "name": "jxHovMMPpu"
    },
    "accessToken": "Bearer eyJhbGciOiJIUzI1NiIsInR5cCI6IkpXVCJ9.eyJpZCI6IjY2ODE3OTc2OWVkMjgwMDAxYjQ1OTYxOSIsImlhdCI6MTcxOTc2MTI3MCwiZXhwIjoxNzE5NzYyNDcwfQ.cXWPnSSLn8vk9_ab6VzwLvWhsYAUhMH2edbvGwJEPls",
    "refreshToken": "314cc1119ce6731bec219180906b919bc1f676f29f961f149e20e4b9bd2b7467b4b78d690d33d524"
}
HTTP/1.1 200 OK
Date: Sun, 30 Jun 2024 15:27:50 GMT
Content-Type: application/json; charset=utf-8
Transfer-Encoding: chunked
Connection: keep-alive
X-Powered-By: Express
Access-Control-Allow-Origin: *
authorization: Bearer eyJhbGciOiJIUzI1NiIsInR5cCI6IkpXVCJ9.eyJpZCI6IjY2ODE3OTc2OWVkMjgwMDAxYjQ1OTYxOSIsImlhdCI6MTcxOTc2MTI3MCwiZXhwIjoxNzE5NzYyNDcwfQ.cXWPnSSLn8vk9_ab6VzwLvWhsYAUhMH2edbvGwJEPls
ETag: W/"16d-rGZ9ov618tLOPeYSTM5d9KzVPHg"
CF-Cache-Status: DYNAMIC
Report-To: {"endpoints":[{"url":"https:\/\/a.nel.cloudflare.com\/report\/v4?s=9iNUDUJMVvCLQJ15ZzZnX%2BD76KHETKYtLgP0D%2FL5%2Br5SYgGwSbYVl7FAqKCRvdHKL5aDxmXLOB4eX2U6D6id29fLj1zEw72CpH4p7G%2FDDfqVDC49%2F5y2p7KHjxy6gpoyUKpVvu3uRgpZz%2BFSZRu4oNYfzIw%3D"}],"group":"cf-nel","max_age":604800}
NEL: {"success_fraction":0,"report_to":"cf-nel","max_age":604800}
Server: cloudflare
CF-RAY: 89bf2ec469787746-AMS
Content-Encoding: gzip
alt-svc: h3=":443"; ma=86400

{
    "success": true,
    "user": {
        "email": "cbadultdqw@ya.ru",
        "name": "jxHovMMPpu"
    },
    "accessToken": "Bearer eyJhbGciOiJIUzI1NiIsInR5cCI6IkpXVCJ9.eyJpZCI6IjY2ODE3OTc2OWVkMjgwMDAxYjQ1OTYxOSIsImlhdCI6MTcxOTc2MTI3MCwiZXhwIjoxNzE5NzYyNDcwfQ.cXWPnSSLn8vk9_ab6VzwLvWhsYAUhMH2edbvGwJEPls",
    "refreshToken": "314cc1119ce6731bec219180906b919bc1f676f29f961f149e20e4b9bd2b7467b4b78d690d33d524"
}
HTTP/1.1 200 OK
Date: Sun, 30 Jun 2024 15:27:50 GMT
Content-Type: application/json; charset=utf-8
Transfer-Encoding: chunked
Connection: keep-alive
X-Powered-By: Express
Access-Control-Allow-Origin: *
authorization: Bearer eyJhbGciOiJIUzI1NiIsInR5cCI6IkpXVCJ9.eyJpZCI6IjY2ODE3OTc2OWVkMjgwMDAxYjQ1OTYxOSIsImlhdCI6MTcxOTc2MTI3MCwiZXhwIjoxNzE5NzYyNDcwfQ.cXWPnSSLn8vk9_ab6VzwLvWhsYAUhMH2edbvGwJEPls
ETag: W/"16d-rGZ9ov618tLOPeYSTM5d9KzVPHg"
CF-Cache-Status: DYNAMIC
Report-To: {"endpoints":[{"url":"https:\/\/a.nel.cloudflare.com\/report\/v4?s=9iNUDUJMVvCLQJ15ZzZnX%2BD76KHETKYtLgP0D%2FL5%2Br5SYgGwSbYVl7FAqKCRvdHKL5aDxmXLOB4eX2U6D6id29fLj1zEw72CpH4p7G%2FDDfqVDC49%2F5y2p7KHjxy6gpoyUKpVvu3uRgpZz%2BFSZRu4oNYfzIw%3D"}],"group":"cf-nel","max_age":604800}
NEL: {"success_fraction":0,"report_to":"cf-nel","max_age":604800}
Server: cloudflare
CF-RAY: 89bf2ec469787746-AMS
Content-Encoding: gzip
alt-svc: h3=":443"; ma=86400

{
    "success": true,
    "user": {
        "email": "cbadultdqw@ya.ru",
        "name": "jxHovMMPpu"
    },
    "accessToken": "Bearer eyJhbGciOiJIUzI1NiIsInR5cCI6IkpXVCJ9.eyJpZCI6IjY2ODE3OTc2OWVkMjgwMDAxYjQ1OTYxOSIsImlhdCI6MTcxOTc2MTI3MCwiZXhwIjoxNzE5NzYyNDcwfQ.cXWPnSSLn8vk9_ab6VzwLvWhsYAUhMH2edbvGwJEPls",
    "refreshToken": "314cc1119ce6731bec219180906b919bc1f676f29f961f149e20e4b9bd2b7467b4b78d690d33d524"
}
HTTP/1.1 200 OK
Date: Sun, 30 Jun 2024 15:27:50 GMT
Content-Type: application/json; charset=utf-8
Transfer-Encoding: chunked
Connection: keep-alive
X-Powered-By: Express
Access-Control-Allow-Origin: *
authorization: Bearer eyJhbGciOiJIUzI1NiIsInR5cCI6IkpXVCJ9.eyJpZCI6IjY2ODE3OTc2OWVkMjgwMDAxYjQ1OTYxOSIsImlhdCI6MTcxOTc2MTI3MCwiZXhwIjoxNzE5NzYyNDcwfQ.cXWPnSSLn8vk9_ab6VzwLvWhsYAUhMH2edbvGwJEPls
ETag: W/"16d-rGZ9ov618tLOPeYSTM5d9KzVPHg"
CF-Cache-Status: DYNAMIC
Report-To: {"endpoints":[{"url":"https:\/\/a.nel.cloudflare.com\/report\/v4?s=9iNUDUJMVvCLQJ15ZzZnX%2BD76KHETKYtLgP0D%2FL5%2Br5SYgGwSbYVl7FAqKCRvdHKL5aDxmXLOB4eX2U6D6id29fLj1zEw72CpH4p7G%2FDDfqVDC49%2F5y2p7KHjxy6gpoyUKpVvu3uRgpZz%2BFSZRu4oNYfzIw%3D"}],"group":"cf-nel","max_age":604800}
NEL: {"success_fraction":0,"report_to":"cf-nel","max_age":604800}
Server: cloudflare
CF-RAY: 89bf2ec469787746-AMS
Content-Encoding: gzip
alt-svc: h3=":443"; ma=86400

{
    "success": true,
    "user": {
        "email": "cbadultdqw@ya.ru",
        "name": "jxHovMMPpu"
    },
    "accessToken": "Bearer eyJhbGciOiJIUzI1NiIsInR5cCI6IkpXVCJ9.eyJpZCI6IjY2ODE3OTc2OWVkMjgwMDAxYjQ1OTYxOSIsImlhdCI6MTcxOTc2MTI3MCwiZXhwIjoxNzE5NzYyNDcwfQ.cXWPnSSLn8vk9_ab6VzwLvWhsYAUhMH2edbvGwJEPls",
    "refreshToken": "314cc1119ce6731bec219180906b919bc1f676f29f961f149e20e4b9bd2b7467b4b78d690d33d524"
}
HTTP/1.1 200 OK
Date: Sun, 30 Jun 2024 15:27:50 GMT
Content-Type: application/json; charset=utf-8
Transfer-Encoding: chunked
Connection: keep-alive
X-Powered-By: Express
Access-Control-Allow-Origin: *
authorization: Bearer eyJhbGciOiJIUzI1NiIsInR5cCI6IkpXVCJ9.eyJpZCI6IjY2ODE3OTc2OWVkMjgwMDAxYjQ1OTYxOSIsImlhdCI6MTcxOTc2MTI3MCwiZXhwIjoxNzE5NzYyNDcwfQ.cXWPnSSLn8vk9_ab6VzwLvWhsYAUhMH2edbvGwJEPls
ETag: W/"16d-rGZ9ov618tLOPeYSTM5d9KzVPHg"
CF-Cache-Status: DYNAMIC
Report-To: {"endpoints":[{"url":"https:\/\/a.nel.cloudflare.com\/report\/v4?s=9iNUDUJMVvCLQJ15ZzZnX%2BD76KHETKYtLgP0D%2FL5%2Br5SYgGwSbYVl7FAqKCRvdHKL5aDxmXLOB4eX2U6D6id29fLj1zEw72CpH4p7G%2FDDfqVDC49%2F5y2p7KHjxy6gpoyUKpVvu3uRgpZz%2BFSZRu4oNYfzIw%3D"}],"group":"cf-nel","max_age":604800}
NEL: {"success_fraction":0,"report_to":"cf-nel","max_age":604800}
Server: cloudflare
CF-RAY: 89bf2ec469787746-AMS
Content-Encoding: gzip
alt-svc: h3=":443"; ma=86400

{
    "success": true,
    "user": {
        "email": "cbadultdqw@ya.ru",
        "name": "jxHovMMPpu"
    },
    "accessToken": "Bearer eyJhbGciOiJIUzI1NiIsInR5cCI6IkpXVCJ9.eyJpZCI6IjY2ODE3OTc2OWVkMjgwMDAxYjQ1OTYxOSIsImlhdCI6MTcxOTc2MTI3MCwiZXhwIjoxNzE5NzYyNDcwfQ.cXWPnSSLn8vk9_ab6VzwLvWhsYAUhMH2edbvGwJEPls",
    "refreshToken": "314cc1119ce6731bec219180906b919bc1f676f29f961f149e20e4b9bd2b7467b4b78d690d33d524"
}
HTTP/1.1 200 OK
Date: Sun, 30 Jun 2024 15:27:50 GMT
Content-Type: application/json; charset=utf-8
Transfer-Encoding: chunked
Connection: keep-alive
X-Powered-By: Express
Access-Control-Allow-Origin: *
authorization: Bearer eyJhbGciOiJIUzI1NiIsInR5cCI6IkpXVCJ9.eyJpZCI6IjY2ODE3OTc2OWVkMjgwMDAxYjQ1OTYxOSIsImlhdCI6MTcxOTc2MTI3MCwiZXhwIjoxNzE5NzYyNDcwfQ.cXWPnSSLn8vk9_ab6VzwLvWhsYAUhMH2edbvGwJEPls
ETag: W/"16d-rGZ9ov618tLOPeYSTM5d9KzVPHg"
CF-Cache-Status: DYNAMIC
Report-To: {"endpoints":[{"url":"https:\/\/a.nel.cloudflare.com\/report\/v4?s=9iNUDUJMVvCLQJ15ZzZnX%2BD76KHETKYtLgP0D%2FL5%2Br5SYgGwSbYVl7FAqKCRvdHKL5aDxmXLOB4eX2U6D6id29fLj1zEw72CpH4p7G%2FDDfqVDC49%2F5y2p7KHjxy6gpoyUKpVvu3uRgpZz%2BFSZRu4oNYfzIw%3D"}],"group":"cf-nel","max_age":604800}
NEL: {"success_fraction":0,"report_to":"cf-nel","max_age":604800}
Server: cloudflare
CF-RAY: 89bf2ec469787746-AMS
Content-Encoding: gzip
alt-svc: h3=":443"; ma=86400

{
    "success": true,
    "user": {
        "email": "cbadultdqw@ya.ru",
        "name": "jxHovMMPpu"
    },
    "accessToken": "Bearer eyJhbGciOiJIUzI1NiIsInR5cCI6IkpXVCJ9.eyJpZCI6IjY2ODE3OTc2OWVkMjgwMDAxYjQ1OTYxOSIsImlhdCI6MTcxOTc2MTI3MCwiZXhwIjoxNzE5NzYyNDcwfQ.cXWPnSSLn8vk9_ab6VzwLvWhsYAUhMH2edbvGwJEPls",
    "refreshToken": "314cc1119ce6731bec219180906b919bc1f676f29f961f149e20e4b9bd2b7467b4b78d690d33d524"
}
HTTP/1.1 200 OK
Date: Sun, 30 Jun 2024 15:27:50 GMT
Content-Type: application/json; charset=utf-8
Transfer-Encoding: chunked
Connection: keep-alive
X-Powered-By: Express
Access-Control-Allow-Origin: *
authorization: Bearer eyJhbGciOiJIUzI1NiIsInR5cCI6IkpXVCJ9.eyJpZCI6IjY2ODE3OTc2OWVkMjgwMDAxYjQ1OTYxOSIsImlhdCI6MTcxOTc2MTI3MCwiZXhwIjoxNzE5NzYyNDcwfQ.cXWPnSSLn8vk9_ab6VzwLvWhsYAUhMH2edbvGwJEPls
ETag: W/"16d-rGZ9ov618tLOPeYSTM5d9KzVPHg"
CF-Cache-Status: DYNAMIC
Report-To: {"endpoints":[{"url":"https:\/\/a.nel.cloudflare.com\/report\/v4?s=9iNUDUJMVvCLQJ15ZzZnX%2BD76KHETKYtLgP0D%2FL5%2Br5SYgGwSbYVl7FAqKCRvdHKL5aDxmXLOB4eX2U6D6id29fLj1zEw72CpH4p7G%2FDDfqVDC49%2F5y2p7KHjxy6gpoyUKpVvu3uRgpZz%2BFSZRu4oNYfzIw%3D"}],"group":"cf-nel","max_age":604800}
NEL: {"success_fraction":0,"report_to":"cf-nel","max_age":604800}
Server: cloudflare
CF-RAY: 89bf2ec469787746-AMS
Content-Encoding: gzip
alt-svc: h3=":443"; ma=86400

{
    "success": true,
    "user": {
        "email": "cbadultdqw@ya.ru",
        "name": "jxHovMMPpu"
    },
    "accessToken": "Bearer eyJhbGciOiJIUzI1NiIsInR5cCI6IkpXVCJ9.eyJpZCI6IjY2ODE3OTc2OWVkMjgwMDAxYjQ1OTYxOSIsImlhdCI6MTcxOTc2MTI3MCwiZXhwIjoxNzE5NzYyNDcwfQ.cXWPnSSLn8vk9_ab6VzwLvWhsYAUhMH2edbvGwJEPls",
    "refreshToken": "314cc1119ce6731bec219180906b919bc1f676f29f961f149e20e4b9bd2b7467b4b78d690d33d524"
}
HTTP/1.1 200 OK
Date: Sun, 30 Jun 2024 15:27:50 GMT
Content-Type: application/json; charset=utf-8
Transfer-Encoding: chunked
Connection: keep-alive
X-Powered-By: Express
Access-Control-Allow-Origin: *
authorization: Bearer eyJhbGciOiJIUzI1NiIsInR5cCI6IkpXVCJ9.eyJpZCI6IjY2ODE3OTc2OWVkMjgwMDAxYjQ1OTYxOSIsImlhdCI6MTcxOTc2MTI3MCwiZXhwIjoxNzE5NzYyNDcwfQ.cXWPnSSLn8vk9_ab6VzwLvWhsYAUhMH2edbvGwJEPls
ETag: W/"16d-rGZ9ov618tLOPeYSTM5d9KzVPHg"
CF-Cache-Status: DYNAMIC
Report-To: {"endpoints":[{"url":"https:\/\/a.nel.cloudflare.com\/report\/v4?s=9iNUDUJMVvCLQJ15ZzZnX%2BD76KHETKYtLgP0D%2FL5%2Br5SYgGwSbYVl7FAqKCRvdHKL5aDxmXLOB4eX2U6D6id29fLj1zEw72CpH4p7G%2FDDfqVDC49%2F5y2p7KHjxy6gpoyUKpVvu3uRgpZz%2BFSZRu4oNYfzIw%3D"}],"group":"cf-nel","max_age":604800}
NEL: {"success_fraction":0,"report_to":"cf-nel","max_age":604800}
Server: cloudflare
CF-RAY: 89bf2ec469787746-AMS
Content-Encoding: gzip
alt-svc: h3=":443"; ma=86400

{
    "success": true,
    "user": {
        "email": "cbadultdqw@ya.ru",
        "name": "jxHovMMPpu"
    },
    "accessToken": "Bearer eyJhbGciOiJIUzI1NiIsInR5cCI6IkpXVCJ9.eyJpZCI6IjY2ODE3OTc2OWVkMjgwMDAxYjQ1OTYxOSIsImlhdCI6MTcxOTc2MTI3MCwiZXhwIjoxNzE5NzYyNDcwfQ.cXWPnSSLn8vk9_ab6VzwLvWhsYAUhMH2edbvGwJEPls",
    "refreshToken": "314cc1119ce6731bec219180906b919bc1f676f29f961f149e20e4b9bd2b7467b4b78d690d33d524"
}
HTTP/1.1 200 OK
Date: Sun, 30 Jun 2024 15:27:50 GMT
Content-Type: application/json; charset=utf-8
Transfer-Encoding: chunked
Connection: keep-alive
X-Powered-By: Express
Access-Control-Allow-Origin: *
authorization: Bearer eyJhbGciOiJIUzI1NiIsInR5cCI6IkpXVCJ9.eyJpZCI6IjY2ODE3OTc2OWVkMjgwMDAxYjQ1OTYxOSIsImlhdCI6MTcxOTc2MTI3MCwiZXhwIjoxNzE5NzYyNDcwfQ.cXWPnSSLn8vk9_ab6VzwLvWhsYAUhMH2edbvGwJEPls
ETag: W/"16d-rGZ9ov618tLOPeYSTM5d9KzVPHg"
CF-Cache-Status: DYNAMIC
Report-To: {"endpoints":[{"url":"https:\/\/a.nel.cloudflare.com\/report\/v4?s=9iNUDUJMVvCLQJ15ZzZnX%2BD76KHETKYtLgP0D%2FL5%2Br5SYgGwSbYVl7FAqKCRvdHKL5aDxmXLOB4eX2U6D6id29fLj1zEw72CpH4p7G%2FDDfqVDC49%2F5y2p7KHjxy6gpoyUKpVvu3uRgpZz%2BFSZRu4oNYfzIw%3D"}],"group":"cf-nel","max_age":604800}
NEL: {"success_fraction":0,"report_to":"cf-nel","max_age":604800}
Server: cloudflare
CF-RAY: 89bf2ec469787746-AMS
Content-Encoding: gzip
alt-svc: h3=":443"; ma=86400

{
    "success": true,
    "user": {
        "email": "cbadultdqw@ya.ru",
        "name": "jxHovMMPpu"
    },
    "accessToken": "Bearer eyJhbGciOiJIUzI1NiIsInR5cCI6IkpXVCJ9.eyJpZCI6IjY2ODE3OTc2OWVkMjgwMDAxYjQ1OTYxOSIsImlhdCI6MTcxOTc2MTI3MCwiZXhwIjoxNzE5NzYyNDcwfQ.cXWPnSSLn8vk9_ab6VzwLvWhsYAUhMH2edbvGwJEPls",
    "refreshToken": "314cc1119ce6731bec219180906b919bc1f676f29f961f149e20e4b9bd2b7467b4b78d690d33d524"
}
HTTP/1.1 200 OK
Date: Sun, 30 Jun 2024 15:27:50 GMT
Content-Type: application/json; charset=utf-8
Transfer-Encoding: chunked
Connection: keep-alive
X-Powered-By: Express
Access-Control-Allow-Origin: *
authorization: Bearer eyJhbGciOiJIUzI1NiIsInR5cCI6IkpXVCJ9.eyJpZCI6IjY2ODE3OTc2OWVkMjgwMDAxYjQ1OTYxOSIsImlhdCI6MTcxOTc2MTI3MCwiZXhwIjoxNzE5NzYyNDcwfQ.cXWPnSSLn8vk9_ab6VzwLvWhsYAUhMH2edbvGwJEPls
ETag: W/"16d-rGZ9ov618tLOPeYSTM5d9KzVPHg"
CF-Cache-Status: DYNAMIC
Report-To: {"endpoints":[{"url":"https:\/\/a.nel.cloudflare.com\/report\/v4?s=9iNUDUJMVvCLQJ15ZzZnX%2BD76KHETKYtLgP0D%2FL5%2Br5SYgGwSbYVl7FAqKCRvdHKL5aDxmXLOB4eX2U6D6id29fLj1zEw72CpH4p7G%2FDDfqVDC49%2F5y2p7KHjxy6gpoyUKpVvu3uRgpZz%2BFSZRu4oNYfzIw%3D"}],"group":"cf-nel","max_age":604800}
NEL: {"success_fraction":0,"report_to":"cf-nel","max_age":604800}
Server: cloudflare
CF-RAY: 89bf2ec469787746-AMS
Content-Encoding: gzip
alt-svc: h3=":443"; ma=86400

{
    "success": true,
    "user": {
        "email": "cbadultdqw@ya.ru",
        "name": "jxHovMMPpu"
    },
    "accessToken": "Bearer eyJhbGciOiJIUzI1NiIsInR5cCI6IkpXVCJ9.eyJpZCI6IjY2ODE3OTc2OWVkMjgwMDAxYjQ1OTYxOSIsImlhdCI6MTcxOTc2MTI3MCwiZXhwIjoxNzE5NzYyNDcwfQ.cXWPnSSLn8vk9_ab6VzwLvWhsYAUhMH2edbvGwJEPls",
    "refreshToken": "314cc1119ce6731bec219180906b919bc1f676f29f961f149e20e4b9bd2b7467b4b78d690d33d524"
}
HTTP/1.1 200 OK
Date: Sun, 30 Jun 2024 15:27:50 GMT
Content-Type: application/json; charset=utf-8
Transfer-Encoding: chunked
Connection: keep-alive
X-Powered-By: Express
Access-Control-Allow-Origin: *
authorization: Bearer eyJhbGciOiJIUzI1NiIsInR5cCI6IkpXVCJ9.eyJpZCI6IjY2ODE3OTc2OWVkMjgwMDAxYjQ1OTYxOSIsImlhdCI6MTcxOTc2MTI3MCwiZXhwIjoxNzE5NzYyNDcwfQ.cXWPnSSLn8vk9_ab6VzwLvWhsYAUhMH2edbvGwJEPls
ETag: W/"16d-rGZ9ov618tLOPeYSTM5d9KzVPHg"
CF-Cache-Status: DYNAMIC
Report-To: {"endpoints":[{"url":"https:\/\/a.nel.cloudflare.com\/report\/v4?s=9iNUDUJMVvCLQJ15ZzZnX%2BD76KHETKYtLgP0D%2FL5%2Br5SYgGwSbYVl7FAqKCRvdHKL5aDxmXLOB4eX2U6D6id29fLj1zEw72CpH4p7G%2FDDfqVDC49%2F5y2p7KHjxy6gpoyUKpVvu3uRgpZz%2BFSZRu4oNYfzIw%3D"}],"group":"cf-nel","max_age":604800}
NEL: {"success_fraction":0,"report_to":"cf-nel","max_age":604800}
Server: cloudflare
CF-RAY: 89bf2ec469787746-AMS
Content-Encoding: gzip
alt-svc: h3=":443"; ma=86400

{
    "success": true,
    "user": {
        "email": "cbadultdqw@ya.ru",
        "name": "jxHovMMPpu"
    },
    "accessToken": "Bearer eyJhbGciOiJIUzI1NiIsInR5cCI6IkpXVCJ9.eyJpZCI6IjY2ODE3OTc2OWVkMjgwMDAxYjQ1OTYxOSIsImlhdCI6MTcxOTc2MTI3MCwiZXhwIjoxNzE5NzYyNDcwfQ.cXWPnSSLn8vk9_ab6VzwLvWhsYAUhMH2edbvGwJEPls",
    "refreshToken": "314cc1119ce6731bec219180906b919bc1f676f29f961f149e20e4b9bd2b7467b4b78d690d33d524"
}
HTTP/1.1 200 OK
Date: Sun, 30 Jun 2024 15:27:50 GMT
Content-Type: application/json; charset=utf-8
Transfer-Encoding: chunked
Connection: keep-alive
X-Powered-By: Express
Access-Control-Allow-Origin: *
authorization: Bearer eyJhbGciOiJIUzI1NiIsInR5cCI6IkpXVCJ9.eyJpZCI6IjY2ODE3OTc2OWVkMjgwMDAxYjQ1OTYxOSIsImlhdCI6MTcxOTc2MTI3MCwiZXhwIjoxNzE5NzYyNDcwfQ.cXWPnSSLn8vk9_ab6VzwLvWhsYAUhMH2edbvGwJEPls
ETag: W/"16d-rGZ9ov618tLOPeYSTM5d9KzVPHg"
CF-Cache-Status: DYNAMIC
Report-To: {"endpoints":[{"url":"https:\/\/a.nel.cloudflare.com\/report\/v4?s=9iNUDUJMVvCLQJ15ZzZnX%2BD76KHETKYtLgP0D%2FL5%2Br5SYgGwSbYVl7FAqKCRvdHKL5aDxmXLOB4eX2U6D6id29fLj1zEw72CpH4p7G%2FDDfqVDC49%2F5y2p7KHjxy6gpoyUKpVvu3uRgpZz%2BFSZRu4oNYfzIw%3D"}],"group":"cf-nel","max_age":604800}
NEL: {"success_fraction":0,"report_to":"cf-nel","max_age":604800}
Server: cloudflare
CF-RAY: 89bf2ec469787746-AMS
Content-Encoding: gzip
alt-svc: h3=":443"; ma=86400

{
    "success": true,
    "user": {
        "email": "cbadultdqw@ya.ru",
        "name": "jxHovMMPpu"
    },
    "accessToken": "Bearer eyJhbGciOiJIUzI1NiIsInR5cCI6IkpXVCJ9.eyJpZCI6IjY2ODE3OTc2OWVkMjgwMDAxYjQ1OTYxOSIsImlhdCI6MTcxOTc2MTI3MCwiZXhwIjoxNzE5NzYyNDcwfQ.cXWPnSSLn8vk9_ab6VzwLvWhsYAUhMH2edbvGwJEPls",
    "refreshToken": "314cc1119ce6731bec219180906b919bc1f676f29f961f149e20e4b9bd2b7467b4b78d690d33d524"
}
HTTP/1.1 200 OK
Date: Sun, 30 Jun 2024 15:27:50 GMT
Content-Type: application/json; charset=utf-8
Transfer-Encoding: chunked
Connection: keep-alive
X-Powered-By: Express
Access-Control-Allow-Origin: *
authorization: Bearer eyJhbGciOiJIUzI1NiIsInR5cCI6IkpXVCJ9.eyJpZCI6IjY2ODE3OTc2OWVkMjgwMDAxYjQ1OTYxOSIsImlhdCI6MTcxOTc2MTI3MCwiZXhwIjoxNzE5NzYyNDcwfQ.cXWPnSSLn8vk9_ab6VzwLvWhsYAUhMH2edbvGwJEPls
ETag: W/"16d-rGZ9ov618tLOPeYSTM5d9KzVPHg"
CF-Cache-Status: DYNAMIC
Report-To: {"endpoints":[{"url":"https:\/\/a.nel.cloudflare.com\/report\/v4?s=9iNUDUJMVvCLQJ15ZzZnX%2BD76KHETKYtLgP0D%2FL5%2Br5SYgGwSbYVl7FAqKCRvdHKL5aDxmXLOB4eX2U6D6id29fLj1zEw72CpH4p7G%2FDDfqVDC49%2F5y2p7KHjxy6gpoyUKpVvu3uRgpZz%2BFSZRu4oNYfzIw%3D"}],"group":"cf-nel","max_age":604800}
NEL: {"success_fraction":0,"report_to":"cf-nel","max_age":604800}
Server: cloudflare
CF-RAY: 89bf2ec469787746-AMS
Content-Encoding: gzip
alt-svc: h3=":443"; ma=86400

{
    "success": true,
    "user": {
        "email": "cbadultdqw@ya.ru",
        "name": "jxHovMMPpu"
    },
    "accessToken": "Bearer eyJhbGciOiJIUzI1NiIsInR5cCI6IkpXVCJ9.eyJpZCI6IjY2ODE3OTc2OWVkMjgwMDAxYjQ1OTYxOSIsImlhdCI6MTcxOTc2MTI3MCwiZXhwIjoxNzE5NzYyNDcwfQ.cXWPnSSLn8vk9_ab6VzwLvWhsYAUhMH2edbvGwJEPls",
    "refreshToken": "314cc1119ce6731bec219180906b919bc1f676f29f961f149e20e4b9bd2b7467b4b78d690d33d524"
}
HTTP/1.1 200 OK
Date: Sun, 30 Jun 2024 15:27:50 GMT
Content-Type: application/json; charset=utf-8
Transfer-Encoding: chunked
Connection: keep-alive
X-Powered-By: Express
Access-Control-Allow-Origin: *
authorization: Bearer eyJhbGciOiJIUzI1NiIsInR5cCI6IkpXVCJ9.eyJpZCI6IjY2ODE3OTc2OWVkMjgwMDAxYjQ1OTYxOSIsImlhdCI6MTcxOTc2MTI3MCwiZXhwIjoxNzE5NzYyNDcwfQ.cXWPnSSLn8vk9_ab6VzwLvWhsYAUhMH2edbvGwJEPls
ETag: W/"16d-rGZ9ov618tLOPeYSTM5d9KzVPHg"
CF-Cache-Status: DYNAMIC
Report-To: {"endpoints":[{"url":"https:\/\/a.nel.cloudflare.com\/report\/v4?s=9iNUDUJMVvCLQJ15ZzZnX%2BD76KHETKYtLgP0D%2FL5%2Br5SYgGwSbYVl7FAqKCRvdHKL5aDxmXLOB4eX2U6D6id29fLj1zEw72CpH4p7G%2FDDfqVDC49%2F5y2p7KHjxy6gpoyUKpVvu3uRgpZz%2BFSZRu4oNYfzIw%3D"}],"group":"cf-nel","max_age":604800}
NEL: {"success_fraction":0,"report_to":"cf-nel","max_age":604800}
Server: cloudflare
CF-RAY: 89bf2ec469787746-AMS
Content-Encoding: gzip
alt-svc: h3=":443"; ma=86400

{
    "success": true,
    "user": {
        "email": "cbadultdqw@ya.ru",
        "name": "jxHovMMPpu"
    },
    "accessToken": "Bearer eyJhbGciOiJIUzI1NiIsInR5cCI6IkpXVCJ9.eyJpZCI6IjY2ODE3OTc2OWVkMjgwMDAxYjQ1OTYxOSIsImlhdCI6MTcxOTc2MTI3MCwiZXhwIjoxNzE5NzYyNDcwfQ.cXWPnSSLn8vk9_ab6VzwLvWhsYAUhMH2edbvGwJEPls",
    "refreshToken": "314cc1119ce6731bec219180906b919bc1f676f29f961f149e20e4b9bd2b7467b4b78d690d33d524"
}
HTTP/1.1 200 OK
Date: Sun, 30 Jun 2024 15:27:50 GMT
Content-Type: application/json; charset=utf-8
Transfer-Encoding: chunked
Connection: keep-alive
X-Powered-By: Express
Access-Control-Allow-Origin: *
authorization: Bearer eyJhbGciOiJIUzI1NiIsInR5cCI6IkpXVCJ9.eyJpZCI6IjY2ODE3OTc2OWVkMjgwMDAxYjQ1OTYxOSIsImlhdCI6MTcxOTc2MTI3MCwiZXhwIjoxNzE5NzYyNDcwfQ.cXWPnSSLn8vk9_ab6VzwLvWhsYAUhMH2edbvGwJEPls
ETag: W/"16d-rGZ9ov618tLOPeYSTM5d9KzVPHg"
CF-Cache-Status: DYNAMIC
Report-To: {"endpoints":[{"url":"https:\/\/a.nel.cloudflare.com\/report\/v4?s=9iNUDUJMVvCLQJ15ZzZnX%2BD76KHETKYtLgP0D%2FL5%2Br5SYgGwSbYVl7FAqKCRvdHKL5aDxmXLOB4eX2U6D6id29fLj1zEw72CpH4p7G%2FDDfqVDC49%2F5y2p7KHjxy6gpoyUKpVvu3uRgpZz%2BFSZRu4oNYfzIw%3D"}],"group":"cf-nel","max_age":604800}
NEL: {"success_fraction":0,"report_to":"cf-nel","max_age":604800}
Server: cloudflare
CF-RAY: 89bf2ec469787746-AMS
Content-Encoding: gzip
alt-svc: h3=":443"; ma=86400

{
    "success": true,
    "user": {
        "email": "cbadultdqw@ya.ru",
        "name": "jxHovMMPpu"
    },
    "accessToken": "Bearer eyJhbGciOiJIUzI1NiIsInR5cCI6IkpXVCJ9.eyJpZCI6IjY2ODE3OTc2OWVkMjgwMDAxYjQ1OTYxOSIsImlhdCI6MTcxOTc2MTI3MCwiZXhwIjoxNzE5NzYyNDcwfQ.cXWPnSSLn8vk9_ab6VzwLvWhsYAUhMH2edbvGwJEPls",
    "refreshToken": "314cc1119ce6731bec219180906b919bc1f676f29f961f149e20e4b9bd2b7467b4b78d690d33d524"
}
HTTP/1.1 200 OK
Date: Sun, 30 Jun 2024 15:27:50 GMT
Content-Type: application/json; charset=utf-8
Transfer-Encoding: chunked
Connection: keep-alive
X-Powered-By: Express
Access-Control-Allow-Origin: *
authorization: Bearer eyJhbGciOiJIUzI1NiIsInR5cCI6IkpXVCJ9.eyJpZCI6IjY2ODE3OTc2OWVkMjgwMDAxYjQ1OTYxOSIsImlhdCI6MTcxOTc2MTI3MCwiZXhwIjoxNzE5NzYyNDcwfQ.cXWPnSSLn8vk9_ab6VzwLvWhsYAUhMH2edbvGwJEPls
ETag: W/"16d-rGZ9ov618tLOPeYSTM5d9KzVPHg"
CF-Cache-Status: DYNAMIC
Report-To: {"endpoints":[{"url":"https:\/\/a.nel.cloudflare.com\/report\/v4?s=9iNUDUJMVvCLQJ15ZzZnX%2BD76KHETKYtLgP0D%2FL5%2Br5SYgGwSbYVl7FAqKCRvdHKL5aDxmXLOB4eX2U6D6id29fLj1zEw72CpH4p7G%2FDDfqVDC49%2F5y2p7KHjxy6gpoyUKpVvu3uRgpZz%2BFSZRu4oNYfzIw%3D"}],"group":"cf-nel","max_age":604800}
NEL: {"success_fraction":0,"report_to":"cf-nel","max_age":604800}
Server: cloudflare
CF-RAY: 89bf2ec469787746-AMS
Content-Encoding: gzip
alt-svc: h3=":443"; ma=86400

{
    "success": true,
    "user": {
        "email": "cbadultdqw@ya.ru",
        "name": "jxHovMMPpu"
    },
    "accessToken": "Bearer eyJhbGciOiJIUzI1NiIsInR5cCI6IkpXVCJ9.eyJpZCI6IjY2ODE3OTc2OWVkMjgwMDAxYjQ1OTYxOSIsImlhdCI6MTcxOTc2MTI3MCwiZXhwIjoxNzE5NzYyNDcwfQ.cXWPnSSLn8vk9_ab6VzwLvWhsYAUhMH2edbvGwJEPls",
    "refreshToken": "314cc1119ce6731bec219180906b919bc1f676f29f961f149e20e4b9bd2b7467b4b78d690d33d524"
}
HTTP/1.1 200 OK
Date: Sun, 30 Jun 2024 15:27:50 GMT
Content-Type: application/json; charset=utf-8
Transfer-Encoding: chunked
Connection: keep-alive
X-Powered-By: Express
Access-Control-Allow-Origin: *
authorization: Bearer eyJhbGciOiJIUzI1NiIsInR5cCI6IkpXVCJ9.eyJpZCI6IjY2ODE3OTc2OWVkMjgwMDAxYjQ1OTYxOSIsImlhdCI6MTcxOTc2MTI3MCwiZXhwIjoxNzE5NzYyNDcwfQ.cXWPnSSLn8vk9_ab6VzwLvWhsYAUhMH2edbvGwJEPls
ETag: W/"16d-rGZ9ov618tLOPeYSTM5d9KzVPHg"
CF-Cache-Status: DYNAMIC
Report-To: {"endpoints":[{"url":"https:\/\/a.nel.cloudflare.com\/report\/v4?s=9iNUDUJMVvCLQJ15ZzZnX%2BD76KHETKYtLgP0D%2FL5%2Br5SYgGwSbYVl7FAqKCRvdHKL5aDxmXLOB4eX2U6D6id29fLj1zEw72CpH4p7G%2FDDfqVDC49%2F5y2p7KHjxy6gpoyUKpVvu3uRgpZz%2BFSZRu4oNYfzIw%3D"}],"group":"cf-nel","max_age":604800}
NEL: {"success_fraction":0,"report_to":"cf-nel","max_age":604800}
Server: cloudflare
CF-RAY: 89bf2ec469787746-AMS
Content-Encoding: gzip
alt-svc: h3=":443"; ma=86400

{
    "success": true,
    "user": {
        "email": "cbadultdqw@ya.ru",
        "name": "jxHovMMPpu"
    },
    "accessToken": "Bearer eyJhbGciOiJIUzI1NiIsInR5cCI6IkpXVCJ9.eyJpZCI6IjY2ODE3OTc2OWVkMjgwMDAxYjQ1OTYxOSIsImlhdCI6MTcxOTc2MTI3MCwiZXhwIjoxNzE5NzYyNDcwfQ.cXWPnSSLn8vk9_ab6VzwLvWhsYAUhMH2edbvGwJEPls",
    "refreshToken": "314cc1119ce6731bec219180906b919bc1f676f29f961f149e20e4b9bd2b7467b4b78d690d33d524"
}
Request method:	POST
Request URI:	https://stellarburgers.nomoreparties.site/api/auth/login
Proxy:			<none>
Request params:	<none>
Query params:	<none>
Form params:	<none>
Path params:	<none>
Headers:		Accept=*/*
				Content-Type=application/json
Cookies:		<none>
Multiparts:		<none>
Body:
{
    "email": "cbaDulTDQW@ya.ru",
    "password": "YCvNwDJmIH",
    "name": "jxHovMMPpu"
}
Request method:	POST
Request URI:	https://stellarburgers.nomoreparties.site/api/auth/login
Proxy:			<none>
Request params:	<none>
Query params:	<none>
Form params:	<none>
Path params:	<none>
Headers:		Accept=*/*
				Content-Type=application/json
Cookies:		<none>
Multiparts:		<none>
Body:
{
    "email": "cbaDulTDQW@ya.ru",
    "password": "YCvNwDJmIH",
    "name": "jxHovMMPpu"
}
Request method:	POST
Request URI:	https://stellarburgers.nomoreparties.site/api/auth/login
Proxy:			<none>
Request params:	<none>
Query params:	<none>
Form params:	<none>
Path params:	<none>
Headers:		Accept=*/*
				Content-Type=application/json
Cookies:		<none>
Multiparts:		<none>
Body:
{
    "email": "cbaDulTDQW@ya.ru",
    "password": "YCvNwDJmIH",
    "name": "jxHovMMPpu"
}
Request method:	POST
Request URI:	https://stellarburgers.nomoreparties.site/api/auth/login
Proxy:			<none>
Request params:	<none>
Query params:	<none>
Form params:	<none>
Path params:	<none>
Headers:		Accept=*/*
				Content-Type=application/json
Cookies:		<none>
Multiparts:		<none>
Body:
{
    "email": "cbaDulTDQW@ya.ru",
    "password": "YCvNwDJmIH",
    "name": "jxHovMMPpu"
}
Request method:	POST
Request URI:	https://stellarburgers.nomoreparties.site/api/auth/login
Proxy:			<none>
Request params:	<none>
Query params:	<none>
Form params:	<none>
Path params:	<none>
Headers:		Accept=*/*
				Content-Type=application/json
Cookies:		<none>
Multiparts:		<none>
Body:
{
    "email": "cbaDulTDQW@ya.ru",
    "password": "YCvNwDJmIH",
    "name": "jxHovMMPpu"
}
Request method:	POST
Request URI:	https://stellarburgers.nomoreparties.site/api/auth/login
Proxy:			<none>
Request params:	<none>
Query params:	<none>
Form params:	<none>
Path params:	<none>
Headers:		Accept=*/*
				Content-Type=application/json
Cookies:		<none>
Multiparts:		<none>
Body:
{
    "email": "cbaDulTDQW@ya.ru",
    "password": "YCvNwDJmIH",
    "name": "jxHovMMPpu"
}
Request method:	POST
Request URI:	https://stellarburgers.nomoreparties.site/api/auth/login
Proxy:			<none>
Request params:	<none>
Query params:	<none>
Form params:	<none>
Path params:	<none>
Headers:		Accept=*/*
				Content-Type=application/json
Cookies:		<none>
Multiparts:		<none>
Body:
{
    "email": "cbaDulTDQW@ya.ru",
    "password": "YCvNwDJmIH",
    "name": "jxHovMMPpu"
}
Request method:	POST
Request URI:	https://stellarburgers.nomoreparties.site/api/auth/login
Proxy:			<none>
Request params:	<none>
Query params:	<none>
Form params:	<none>
Path params:	<none>
Headers:		Accept=*/*
				Content-Type=application/json
Cookies:		<none>
Multiparts:		<none>
Body:
{
    "email": "cbaDulTDQW@ya.ru",
    "password": "YCvNwDJmIH",
    "name": "jxHovMMPpu"
}
Request method:	POST
Request URI:	https://stellarburgers.nomoreparties.site/api/auth/login
Proxy:			<none>
Request params:	<none>
Query params:	<none>
Form params:	<none>
Path params:	<none>
Headers:		Accept=*/*
				Content-Type=application/json
Cookies:		<none>
Multiparts:		<none>
Body:
{
    "email": "cbaDulTDQW@ya.ru",
    "password": "YCvNwDJmIH",
    "name": "jxHovMMPpu"
}
Request method:	POST
Request URI:	https://stellarburgers.nomoreparties.site/api/auth/login
Proxy:			<none>
Request params:	<none>
Query params:	<none>
Form params:	<none>
Path params:	<none>
Headers:		Accept=*/*
				Content-Type=application/json
Cookies:		<none>
Multiparts:		<none>
Body:
{
    "email": "cbaDulTDQW@ya.ru",
    "password": "YCvNwDJmIH",
    "name": "jxHovMMPpu"
}
Request method:	POST
Request URI:	https://stellarburgers.nomoreparties.site/api/auth/login
Proxy:			<none>
Request params:	<none>
Query params:	<none>
Form params:	<none>
Path params:	<none>
Headers:		Accept=*/*
				Content-Type=application/json
Cookies:		<none>
Multiparts:		<none>
Body:
{
    "email": "cbaDulTDQW@ya.ru",
    "password": "YCvNwDJmIH",
    "name": "jxHovMMPpu"
}
Request method:	POST
Request URI:	https://stellarburgers.nomoreparties.site/api/auth/login
Proxy:			<none>
Request params:	<none>
Query params:	<none>
Form params:	<none>
Path params:	<none>
Headers:		Accept=*/*
				Content-Type=application/json
Cookies:		<none>
Multiparts:		<none>
Body:
{
    "email": "cbaDulTDQW@ya.ru",
    "password": "YCvNwDJmIH",
    "name": "jxHovMMPpu"
}
Request method:	POST
Request URI:	https://stellarburgers.nomoreparties.site/api/auth/login
Proxy:			<none>
Request params:	<none>
Query params:	<none>
Form params:	<none>
Path params:	<none>
Headers:		Accept=*/*
				Content-Type=application/json
Cookies:		<none>
Multiparts:		<none>
Body:
{
    "email": "cbaDulTDQW@ya.ru",
    "password": "YCvNwDJmIH",
    "name": "jxHovMMPpu"
}
Request method:	POST
Request URI:	https://stellarburgers.nomoreparties.site/api/auth/login
Proxy:			<none>
Request params:	<none>
Query params:	<none>
Form params:	<none>
Path params:	<none>
Headers:		Accept=*/*
				Content-Type=application/json
Cookies:		<none>
Multiparts:		<none>
Body:
{
    "email": "cbaDulTDQW@ya.ru",
    "password": "YCvNwDJmIH",
    "name": "jxHovMMPpu"
}
Request method:	POST
Request URI:	https://stellarburgers.nomoreparties.site/api/auth/login
Proxy:			<none>
Request params:	<none>
Query params:	<none>
Form params:	<none>
Path params:	<none>
Headers:		Accept=*/*
				Content-Type=application/json
Cookies:		<none>
Multiparts:		<none>
Body:
{
    "email": "cbaDulTDQW@ya.ru",
    "password": "YCvNwDJmIH",
    "name": "jxHovMMPpu"
}
Request method:	POST
Request URI:	https://stellarburgers.nomoreparties.site/api/auth/login
Proxy:			<none>
Request params:	<none>
Query params:	<none>
Form params:	<none>
Path params:	<none>
Headers:		Accept=*/*
				Content-Type=application/json
Cookies:		<none>
Multiparts:		<none>
Body:
{
    "email": "cbaDulTDQW@ya.ru",
    "password": "YCvNwDJmIH",
    "name": "jxHovMMPpu"
}
Request method:	POST
Request URI:	https://stellarburgers.nomoreparties.site/api/auth/login
Proxy:			<none>
Request params:	<none>
Query params:	<none>
Form params:	<none>
Path params:	<none>
Headers:		Accept=*/*
				Content-Type=application/json
Cookies:		<none>
Multiparts:		<none>
Body:
{
    "email": "cbaDulTDQW@ya.ru",
    "password": "YCvNwDJmIH",
    "name": "jxHovMMPpu"
}
Request method:	POST
Request URI:	https://stellarburgers.nomoreparties.site/api/auth/login
Proxy:			<none>
Request params:	<none>
Query params:	<none>
Form params:	<none>
Path params:	<none>
Headers:		Accept=*/*
				Content-Type=application/json
Cookies:		<none>
Multiparts:		<none>
Body:
{
    "email": "cbaDulTDQW@ya.ru",
    "password": "YCvNwDJmIH",
    "name": "jxHovMMPpu"
}
Request method:	POST
Request URI:	https://stellarburgers.nomoreparties.site/api/auth/login
Proxy:			<none>
Request params:	<none>
Query params:	<none>
Form params:	<none>
Path params:	<none>
Headers:		Accept=*/*
				Content-Type=application/json
Cookies:		<none>
Multiparts:		<none>
Body:
{
    "email": "cbaDulTDQW@ya.ru",
    "password": "YCvNwDJmIH",
    "name": "jxHovMMPpu"
}
Request method:	POST
Request URI:	https://stellarburgers.nomoreparties.site/api/auth/login
Proxy:			<none>
Request params:	<none>
Query params:	<none>
Form params:	<none>
Path params:	<none>
Headers:		Accept=*/*
				Content-Type=application/json
Cookies:		<none>
Multiparts:		<none>
Body:
{
    "email": "cbaDulTDQW@ya.ru",
    "password": "YCvNwDJmIH",
    "name": "jxHovMMPpu"
}
Request method:	POST
Request URI:	https://stellarburgers.nomoreparties.site/api/auth/login
Proxy:			<none>
Request params:	<none>
Query params:	<none>
Form params:	<none>
Path params:	<none>
Headers:		Accept=*/*
				Content-Type=application/json
Cookies:		<none>
Multiparts:		<none>
Body:
{
    "email": "cbaDulTDQW@ya.ru",
    "password": "YCvNwDJmIH",
    "name": "jxHovMMPpu"
}
Request method:	POST
Request URI:	https://stellarburgers.nomoreparties.site/api/auth/login
Proxy:			<none>
Request params:	<none>
Query params:	<none>
Form params:	<none>
Path params:	<none>
Headers:		Accept=*/*
				Content-Type=application/json
Cookies:		<none>
Multiparts:		<none>
Body:
{
    "email": "cbaDulTDQW@ya.ru",
    "password": "YCvNwDJmIH",
    "name": "jxHovMMPpu"
}
Request method:	POST
Request URI:	https://stellarburgers.nomoreparties.site/api/auth/login
Proxy:			<none>
Request params:	<none>
Query params:	<none>
Form params:	<none>
Path params:	<none>
Headers:		Accept=*/*
				Content-Type=application/json
Cookies:		<none>
Multiparts:		<none>
Body:
{
    "email": "cbaDulTDQW@ya.ru",
    "password": "YCvNwDJmIH",
    "name": "jxHovMMPpu"
}
Request method:	POST
Request URI:	https://stellarburgers.nomoreparties.site/api/auth/login
Proxy:			<none>
Request params:	<none>
Query params:	<none>
Form params:	<none>
Path params:	<none>
Headers:		Accept=*/*
				Content-Type=application/json
Cookies:		<none>
Multiparts:		<none>
Body:
{
    "email": "cbaDulTDQW@ya.ru",
    "password": "YCvNwDJmIH",
    "name": "jxHovMMPpu"
}
Request method:	POST
Request URI:	https://stellarburgers.nomoreparties.site/api/auth/login
Proxy:			<none>
Request params:	<none>
Query params:	<none>
Form params:	<none>
Path params:	<none>
Headers:		Accept=*/*
				Content-Type=application/json
Cookies:		<none>
Multiparts:		<none>
Body:
{
    "email": "cbaDulTDQW@ya.ru",
    "password": "YCvNwDJmIH",
    "name": "jxHovMMPpu"
}
Request method:	POST
Request URI:	https://stellarburgers.nomoreparties.site/api/auth/login
Proxy:			<none>
Request params:	<none>
Query params:	<none>
Form params:	<none>
Path params:	<none>
Headers:		Accept=*/*
				Content-Type=application/json
Cookies:		<none>
Multiparts:		<none>
Body:
{
    "email": "cbaDulTDQW@ya.ru",
    "password": "YCvNwDJmIH",
    "name": "jxHovMMPpu"
}
Request method:	POST
Request URI:	https://stellarburgers.nomoreparties.site/api/auth/login
Proxy:			<none>
Request params:	<none>
Query params:	<none>
Form params:	<none>
Path params:	<none>
Headers:		Accept=*/*
				Content-Type=application/json
Cookies:		<none>
Multiparts:		<none>
Body:
{
    "email": "cbaDulTDQW@ya.ru",
    "password": "YCvNwDJmIH",
    "name": "jxHovMMPpu"
}
Request method:	POST
Request URI:	https://stellarburgers.nomoreparties.site/api/auth/login
Proxy:			<none>
Request params:	<none>
Query params:	<none>
Form params:	<none>
Path params:	<none>
Headers:		Accept=*/*
				Content-Type=application/json
Cookies:		<none>
Multiparts:		<none>
Body:
{
    "email": "cbaDulTDQW@ya.ru",
    "password": "YCvNwDJmIH",
    "name": "jxHovMMPpu"
}
Request method:	POST
Request URI:	https://stellarburgers.nomoreparties.site/api/auth/login
Proxy:			<none>
Request params:	<none>
Query params:	<none>
Form params:	<none>
Path params:	<none>
Headers:		Accept=*/*
				Content-Type=application/json
Cookies:		<none>
Multiparts:		<none>
Body:
{
    "email": "cbaDulTDQW@ya.ru",
    "password": "YCvNwDJmIH",
    "name": "jxHovMMPpu"
}
Request method:	POST
Request URI:	https://stellarburgers.nomoreparties.site/api/auth/login
Proxy:			<none>
Request params:	<none>
Query params:	<none>
Form params:	<none>
Path params:	<none>
Headers:		Accept=*/*
				Content-Type=application/json
Cookies:		<none>
Multiparts:		<none>
Body:
{
    "email": "cbaDulTDQW@ya.ru",
    "password": "YCvNwDJmIH",
    "name": "jxHovMMPpu"
}
HTTP/1.1 200 OK
Date: Sun, 30 Jun 2024 15:27:50 GMT
Content-Type: application/json; charset=utf-8
Transfer-Encoding: chunked
Connection: keep-alive
X-Powered-By: Express
Access-Control-Allow-Origin: *
ETag: W/"16d-PCqia+VuiwbXBcJ0pAQDRsLZcCg"
CF-Cache-Status: DYNAMIC
Report-To: {"endpoints":[{"url":"https:\/\/a.nel.cloudflare.com\/report\/v4?s=1RzstkAE%2Bxl4aNRG%2FmYsJzs%2FoqOeV2xF%2FzMLRgKtekrWqSUOl7Va3db6B7lf8TRmW2282aCm%2BgyX7U0cH8Nj4NbFloef7EUjd0O9y3M1oNz9wbH33E7ZBjPcKn%2BeCMD%2FXB0RBwHYhcUDW1yndkOWlDtTudk%3D"}],"group":"cf-nel","max_age":604800}
NEL: {"success_fraction":0,"report_to":"cf-nel","max_age":604800}
Server: cloudflare
CF-RAY: 89bf2ec6280265f3-AMS
Content-Encoding: gzip
alt-svc: h3=":443"; ma=86400

{
    "success": true,
    "accessToken": "Bearer eyJhbGciOiJIUzI1NiIsInR5cCI6IkpXVCJ9.eyJpZCI6IjY2ODE3OTc2OWVkMjgwMDAxYjQ1OTYxOSIsImlhdCI6MTcxOTc2MTI3MCwiZXhwIjoxNzE5NzYyNDcwfQ.cXWPnSSLn8vk9_ab6VzwLvWhsYAUhMH2edbvGwJEPls",
    "refreshToken": "f0bd171f3461b25610bf048dcb23f9478702536021aee5c7fb0418350903869835d0fd16afd6ca23",
    "user": {
        "email": "cbadultdqw@ya.ru",
        "name": "jxHovMMPpu"
    }
}
HTTP/1.1 200 OK
Date: Sun, 30 Jun 2024 15:27:50 GMT
Content-Type: application/json; charset=utf-8
Transfer-Encoding: chunked
Connection: keep-alive
X-Powered-By: Express
Access-Control-Allow-Origin: *
ETag: W/"16d-PCqia+VuiwbXBcJ0pAQDRsLZcCg"
CF-Cache-Status: DYNAMIC
Report-To: {"endpoints":[{"url":"https:\/\/a.nel.cloudflare.com\/report\/v4?s=1RzstkAE%2Bxl4aNRG%2FmYsJzs%2FoqOeV2xF%2FzMLRgKtekrWqSUOl7Va3db6B7lf8TRmW2282aCm%2BgyX7U0cH8Nj4NbFloef7EUjd0O9y3M1oNz9wbH33E7ZBjPcKn%2BeCMD%2FXB0RBwHYhcUDW1yndkOWlDtTudk%3D"}],"group":"cf-nel","max_age":604800}
NEL: {"success_fraction":0,"report_to":"cf-nel","max_age":604800}
Server: cloudflare
CF-RAY: 89bf2ec6280265f3-AMS
Content-Encoding: gzip
alt-svc: h3=":443"; ma=86400

{
    "success": true,
    "accessToken": "Bearer eyJhbGciOiJIUzI1NiIsInR5cCI6IkpXVCJ9.eyJpZCI6IjY2ODE3OTc2OWVkMjgwMDAxYjQ1OTYxOSIsImlhdCI6MTcxOTc2MTI3MCwiZXhwIjoxNzE5NzYyNDcwfQ.cXWPnSSLn8vk9_ab6VzwLvWhsYAUhMH2edbvGwJEPls",
    "refreshToken": "f0bd171f3461b25610bf048dcb23f9478702536021aee5c7fb0418350903869835d0fd16afd6ca23",
    "user": {
        "email": "cbadultdqw@ya.ru",
        "name": "jxHovMMPpu"
    }
}
HTTP/1.1 200 OK
Date: Sun, 30 Jun 2024 15:27:50 GMT
Content-Type: application/json; charset=utf-8
Transfer-Encoding: chunked
Connection: keep-alive
X-Powered-By: Express
Access-Control-Allow-Origin: *
ETag: W/"16d-PCqia+VuiwbXBcJ0pAQDRsLZcCg"
CF-Cache-Status: DYNAMIC
Report-To: {"endpoints":[{"url":"https:\/\/a.nel.cloudflare.com\/report\/v4?s=1RzstkAE%2Bxl4aNRG%2FmYsJzs%2FoqOeV2xF%2FzMLRgKtekrWqSUOl7Va3db6B7lf8TRmW2282aCm%2BgyX7U0cH8Nj4NbFloef7EUjd0O9y3M1oNz9wbH33E7ZBjPcKn%2BeCMD%2FXB0RBwHYhcUDW1yndkOWlDtTudk%3D"}],"group":"cf-nel","max_age":604800}
NEL: {"success_fraction":0,"report_to":"cf-nel","max_age":604800}
Server: cloudflare
CF-RAY: 89bf2ec6280265f3-AMS
Content-Encoding: gzip
alt-svc: h3=":443"; ma=86400

{
    "success": true,
    "accessToken": "Bearer eyJhbGciOiJIUzI1NiIsInR5cCI6IkpXVCJ9.eyJpZCI6IjY2ODE3OTc2OWVkMjgwMDAxYjQ1OTYxOSIsImlhdCI6MTcxOTc2MTI3MCwiZXhwIjoxNzE5NzYyNDcwfQ.cXWPnSSLn8vk9_ab6VzwLvWhsYAUhMH2edbvGwJEPls",
    "refreshToken": "f0bd171f3461b25610bf048dcb23f9478702536021aee5c7fb0418350903869835d0fd16afd6ca23",
    "user": {
        "email": "cbadultdqw@ya.ru",
        "name": "jxHovMMPpu"
    }
}
HTTP/1.1 200 OK
Date: Sun, 30 Jun 2024 15:27:50 GMT
Content-Type: application/json; charset=utf-8
Transfer-Encoding: chunked
Connection: keep-alive
X-Powered-By: Express
Access-Control-Allow-Origin: *
ETag: W/"16d-PCqia+VuiwbXBcJ0pAQDRsLZcCg"
CF-Cache-Status: DYNAMIC
Report-To: {"endpoints":[{"url":"https:\/\/a.nel.cloudflare.com\/report\/v4?s=1RzstkAE%2Bxl4aNRG%2FmYsJzs%2FoqOeV2xF%2FzMLRgKtekrWqSUOl7Va3db6B7lf8TRmW2282aCm%2BgyX7U0cH8Nj4NbFloef7EUjd0O9y3M1oNz9wbH33E7ZBjPcKn%2BeCMD%2FXB0RBwHYhcUDW1yndkOWlDtTudk%3D"}],"group":"cf-nel","max_age":604800}
NEL: {"success_fraction":0,"report_to":"cf-nel","max_age":604800}
Server: cloudflare
CF-RAY: 89bf2ec6280265f3-AMS
Content-Encoding: gzip
alt-svc: h3=":443"; ma=86400

{
    "success": true,
    "accessToken": "Bearer eyJhbGciOiJIUzI1NiIsInR5cCI6IkpXVCJ9.eyJpZCI6IjY2ODE3OTc2OWVkMjgwMDAxYjQ1OTYxOSIsImlhdCI6MTcxOTc2MTI3MCwiZXhwIjoxNzE5NzYyNDcwfQ.cXWPnSSLn8vk9_ab6VzwLvWhsYAUhMH2edbvGwJEPls",
    "refreshToken": "f0bd171f3461b25610bf048dcb23f9478702536021aee5c7fb0418350903869835d0fd16afd6ca23",
    "user": {
        "email": "cbadultdqw@ya.ru",
        "name": "jxHovMMPpu"
    }
}
HTTP/1.1 200 OK
Date: Sun, 30 Jun 2024 15:27:50 GMT
Content-Type: application/json; charset=utf-8
Transfer-Encoding: chunked
Connection: keep-alive
X-Powered-By: Express
Access-Control-Allow-Origin: *
ETag: W/"16d-PCqia+VuiwbXBcJ0pAQDRsLZcCg"
CF-Cache-Status: DYNAMIC
Report-To: {"endpoints":[{"url":"https:\/\/a.nel.cloudflare.com\/report\/v4?s=1RzstkAE%2Bxl4aNRG%2FmYsJzs%2FoqOeV2xF%2FzMLRgKtekrWqSUOl7Va3db6B7lf8TRmW2282aCm%2BgyX7U0cH8Nj4NbFloef7EUjd0O9y3M1oNz9wbH33E7ZBjPcKn%2BeCMD%2FXB0RBwHYhcUDW1yndkOWlDtTudk%3D"}],"group":"cf-nel","max_age":604800}
NEL: {"success_fraction":0,"report_to":"cf-nel","max_age":604800}
Server: cloudflare
CF-RAY: 89bf2ec6280265f3-AMS
Content-Encoding: gzip
alt-svc: h3=":443"; ma=86400

{
    "success": true,
    "accessToken": "Bearer eyJhbGciOiJIUzI1NiIsInR5cCI6IkpXVCJ9.eyJpZCI6IjY2ODE3OTc2OWVkMjgwMDAxYjQ1OTYxOSIsImlhdCI6MTcxOTc2MTI3MCwiZXhwIjoxNzE5NzYyNDcwfQ.cXWPnSSLn8vk9_ab6VzwLvWhsYAUhMH2edbvGwJEPls",
    "refreshToken": "f0bd171f3461b25610bf048dcb23f9478702536021aee5c7fb0418350903869835d0fd16afd6ca23",
    "user": {
        "email": "cbadultdqw@ya.ru",
        "name": "jxHovMMPpu"
    }
}
HTTP/1.1 200 OK
Date: Sun, 30 Jun 2024 15:27:50 GMT
Content-Type: application/json; charset=utf-8
Transfer-Encoding: chunked
Connection: keep-alive
X-Powered-By: Express
Access-Control-Allow-Origin: *
ETag: W/"16d-PCqia+VuiwbXBcJ0pAQDRsLZcCg"
CF-Cache-Status: DYNAMIC
Report-To: {"endpoints":[{"url":"https:\/\/a.nel.cloudflare.com\/report\/v4?s=1RzstkAE%2Bxl4aNRG%2FmYsJzs%2FoqOeV2xF%2FzMLRgKtekrWqSUOl7Va3db6B7lf8TRmW2282aCm%2BgyX7U0cH8Nj4NbFloef7EUjd0O9y3M1oNz9wbH33E7ZBjPcKn%2BeCMD%2FXB0RBwHYhcUDW1yndkOWlDtTudk%3D"}],"group":"cf-nel","max_age":604800}
NEL: {"success_fraction":0,"report_to":"cf-nel","max_age":604800}
Server: cloudflare
CF-RAY: 89bf2ec6280265f3-AMS
Content-Encoding: gzip
alt-svc: h3=":443"; ma=86400

{
    "success": true,
    "accessToken": "Bearer eyJhbGciOiJIUzI1NiIsInR5cCI6IkpXVCJ9.eyJpZCI6IjY2ODE3OTc2OWVkMjgwMDAxYjQ1OTYxOSIsImlhdCI6MTcxOTc2MTI3MCwiZXhwIjoxNzE5NzYyNDcwfQ.cXWPnSSLn8vk9_ab6VzwLvWhsYAUhMH2edbvGwJEPls",
    "refreshToken": "f0bd171f3461b25610bf048dcb23f9478702536021aee5c7fb0418350903869835d0fd16afd6ca23",
    "user": {
        "email": "cbadultdqw@ya.ru",
        "name": "jxHovMMPpu"
    }
}
HTTP/1.1 200 OK
Date: Sun, 30 Jun 2024 15:27:50 GMT
Content-Type: application/json; charset=utf-8
Transfer-Encoding: chunked
Connection: keep-alive
X-Powered-By: Express
Access-Control-Allow-Origin: *
ETag: W/"16d-PCqia+VuiwbXBcJ0pAQDRsLZcCg"
CF-Cache-Status: DYNAMIC
Report-To: {"endpoints":[{"url":"https:\/\/a.nel.cloudflare.com\/report\/v4?s=1RzstkAE%2Bxl4aNRG%2FmYsJzs%2FoqOeV2xF%2FzMLRgKtekrWqSUOl7Va3db6B7lf8TRmW2282aCm%2BgyX7U0cH8Nj4NbFloef7EUjd0O9y3M1oNz9wbH33E7ZBjPcKn%2BeCMD%2FXB0RBwHYhcUDW1yndkOWlDtTudk%3D"}],"group":"cf-nel","max_age":604800}
NEL: {"success_fraction":0,"report_to":"cf-nel","max_age":604800}
Server: cloudflare
CF-RAY: 89bf2ec6280265f3-AMS
Content-Encoding: gzip
alt-svc: h3=":443"; ma=86400

{
    "success": true,
    "accessToken": "Bearer eyJhbGciOiJIUzI1NiIsInR5cCI6IkpXVCJ9.eyJpZCI6IjY2ODE3OTc2OWVkMjgwMDAxYjQ1OTYxOSIsImlhdCI6MTcxOTc2MTI3MCwiZXhwIjoxNzE5NzYyNDcwfQ.cXWPnSSLn8vk9_ab6VzwLvWhsYAUhMH2edbvGwJEPls",
    "refreshToken": "f0bd171f3461b25610bf048dcb23f9478702536021aee5c7fb0418350903869835d0fd16afd6ca23",
    "user": {
        "email": "cbadultdqw@ya.ru",
        "name": "jxHovMMPpu"
    }
}
HTTP/1.1 200 OK
Date: Sun, 30 Jun 2024 15:27:50 GMT
Content-Type: application/json; charset=utf-8
Transfer-Encoding: chunked
Connection: keep-alive
X-Powered-By: Express
Access-Control-Allow-Origin: *
ETag: W/"16d-PCqia+VuiwbXBcJ0pAQDRsLZcCg"
CF-Cache-Status: DYNAMIC
Report-To: {"endpoints":[{"url":"https:\/\/a.nel.cloudflare.com\/report\/v4?s=1RzstkAE%2Bxl4aNRG%2FmYsJzs%2FoqOeV2xF%2FzMLRgKtekrWqSUOl7Va3db6B7lf8TRmW2282aCm%2BgyX7U0cH8Nj4NbFloef7EUjd0O9y3M1oNz9wbH33E7ZBjPcKn%2BeCMD%2FXB0RBwHYhcUDW1yndkOWlDtTudk%3D"}],"group":"cf-nel","max_age":604800}
NEL: {"success_fraction":0,"report_to":"cf-nel","max_age":604800}
Server: cloudflare
CF-RAY: 89bf2ec6280265f3-AMS
Content-Encoding: gzip
alt-svc: h3=":443"; ma=86400

{
    "success": true,
    "accessToken": "Bearer eyJhbGciOiJIUzI1NiIsInR5cCI6IkpXVCJ9.eyJpZCI6IjY2ODE3OTc2OWVkMjgwMDAxYjQ1OTYxOSIsImlhdCI6MTcxOTc2MTI3MCwiZXhwIjoxNzE5NzYyNDcwfQ.cXWPnSSLn8vk9_ab6VzwLvWhsYAUhMH2edbvGwJEPls",
    "refreshToken": "f0bd171f3461b25610bf048dcb23f9478702536021aee5c7fb0418350903869835d0fd16afd6ca23",
    "user": {
        "email": "cbadultdqw@ya.ru",
        "name": "jxHovMMPpu"
    }
}
HTTP/1.1 200 OK
Date: Sun, 30 Jun 2024 15:27:50 GMT
Content-Type: application/json; charset=utf-8
Transfer-Encoding: chunked
Connection: keep-alive
X-Powered-By: Express
Access-Control-Allow-Origin: *
ETag: W/"16d-PCqia+VuiwbXBcJ0pAQDRsLZcCg"
CF-Cache-Status: DYNAMIC
Report-To: {"endpoints":[{"url":"https:\/\/a.nel.cloudflare.com\/report\/v4?s=1RzstkAE%2Bxl4aNRG%2FmYsJzs%2FoqOeV2xF%2FzMLRgKtekrWqSUOl7Va3db6B7lf8TRmW2282aCm%2BgyX7U0cH8Nj4NbFloef7EUjd0O9y3M1oNz9wbH33E7ZBjPcKn%2BeCMD%2FXB0RBwHYhcUDW1yndkOWlDtTudk%3D"}],"group":"cf-nel","max_age":604800}
NEL: {"success_fraction":0,"report_to":"cf-nel","max_age":604800}
Server: cloudflare
CF-RAY: 89bf2ec6280265f3-AMS
Content-Encoding: gzip
alt-svc: h3=":443"; ma=86400

{
    "success": true,
    "accessToken": "Bearer eyJhbGciOiJIUzI1NiIsInR5cCI6IkpXVCJ9.eyJpZCI6IjY2ODE3OTc2OWVkMjgwMDAxYjQ1OTYxOSIsImlhdCI6MTcxOTc2MTI3MCwiZXhwIjoxNzE5NzYyNDcwfQ.cXWPnSSLn8vk9_ab6VzwLvWhsYAUhMH2edbvGwJEPls",
    "refreshToken": "f0bd171f3461b25610bf048dcb23f9478702536021aee5c7fb0418350903869835d0fd16afd6ca23",
    "user": {
        "email": "cbadultdqw@ya.ru",
        "name": "jxHovMMPpu"
    }
}
HTTP/1.1 200 OK
Date: Sun, 30 Jun 2024 15:27:50 GMT
Content-Type: application/json; charset=utf-8
Transfer-Encoding: chunked
Connection: keep-alive
X-Powered-By: Express
Access-Control-Allow-Origin: *
ETag: W/"16d-PCqia+VuiwbXBcJ0pAQDRsLZcCg"
CF-Cache-Status: DYNAMIC
Report-To: {"endpoints":[{"url":"https:\/\/a.nel.cloudflare.com\/report\/v4?s=1RzstkAE%2Bxl4aNRG%2FmYsJzs%2FoqOeV2xF%2FzMLRgKtekrWqSUOl7Va3db6B7lf8TRmW2282aCm%2BgyX7U0cH8Nj4NbFloef7EUjd0O9y3M1oNz9wbH33E7ZBjPcKn%2BeCMD%2FXB0RBwHYhcUDW1yndkOWlDtTudk%3D"}],"group":"cf-nel","max_age":604800}
NEL: {"success_fraction":0,"report_to":"cf-nel","max_age":604800}
Server: cloudflare
CF-RAY: 89bf2ec6280265f3-AMS
Content-Encoding: gzip
alt-svc: h3=":443"; ma=86400

{
    "success": true,
    "accessToken": "Bearer eyJhbGciOiJIUzI1NiIsInR5cCI6IkpXVCJ9.eyJpZCI6IjY2ODE3OTc2OWVkMjgwMDAxYjQ1OTYxOSIsImlhdCI6MTcxOTc2MTI3MCwiZXhwIjoxNzE5NzYyNDcwfQ.cXWPnSSLn8vk9_ab6VzwLvWhsYAUhMH2edbvGwJEPls",
    "refreshToken": "f0bd171f3461b25610bf048dcb23f9478702536021aee5c7fb0418350903869835d0fd16afd6ca23",
    "user": {
        "email": "cbadultdqw@ya.ru",
        "name": "jxHovMMPpu"
    }
}
HTTP/1.1 200 OK
Date: Sun, 30 Jun 2024 15:27:50 GMT
Content-Type: application/json; charset=utf-8
Transfer-Encoding: chunked
Connection: keep-alive
X-Powered-By: Express
Access-Control-Allow-Origin: *
ETag: W/"16d-PCqia+VuiwbXBcJ0pAQDRsLZcCg"
CF-Cache-Status: DYNAMIC
Report-To: {"endpoints":[{"url":"https:\/\/a.nel.cloudflare.com\/report\/v4?s=1RzstkAE%2Bxl4aNRG%2FmYsJzs%2FoqOeV2xF%2FzMLRgKtekrWqSUOl7Va3db6B7lf8TRmW2282aCm%2BgyX7U0cH8Nj4NbFloef7EUjd0O9y3M1oNz9wbH33E7ZBjPcKn%2BeCMD%2FXB0RBwHYhcUDW1yndkOWlDtTudk%3D"}],"group":"cf-nel","max_age":604800}
NEL: {"success_fraction":0,"report_to":"cf-nel","max_age":604800}
Server: cloudflare
CF-RAY: 89bf2ec6280265f3-AMS
Content-Encoding: gzip
alt-svc: h3=":443"; ma=86400

{
    "success": true,
    "accessToken": "Bearer eyJhbGciOiJIUzI1NiIsInR5cCI6IkpXVCJ9.eyJpZCI6IjY2ODE3OTc2OWVkMjgwMDAxYjQ1OTYxOSIsImlhdCI6MTcxOTc2MTI3MCwiZXhwIjoxNzE5NzYyNDcwfQ.cXWPnSSLn8vk9_ab6VzwLvWhsYAUhMH2edbvGwJEPls",
    "refreshToken": "f0bd171f3461b25610bf048dcb23f9478702536021aee5c7fb0418350903869835d0fd16afd6ca23",
    "user": {
        "email": "cbadultdqw@ya.ru",
        "name": "jxHovMMPpu"
    }
}
HTTP/1.1 200 OK
Date: Sun, 30 Jun 2024 15:27:50 GMT
Content-Type: application/json; charset=utf-8
Transfer-Encoding: chunked
Connection: keep-alive
X-Powered-By: Express
Access-Control-Allow-Origin: *
ETag: W/"16d-PCqia+VuiwbXBcJ0pAQDRsLZcCg"
CF-Cache-Status: DYNAMIC
Report-To: {"endpoints":[{"url":"https:\/\/a.nel.cloudflare.com\/report\/v4?s=1RzstkAE%2Bxl4aNRG%2FmYsJzs%2FoqOeV2xF%2FzMLRgKtekrWqSUOl7Va3db6B7lf8TRmW2282aCm%2BgyX7U0cH8Nj4NbFloef7EUjd0O9y3M1oNz9wbH33E7ZBjPcKn%2BeCMD%2FXB0RBwHYhcUDW1yndkOWlDtTudk%3D"}],"group":"cf-nel","max_age":604800}
NEL: {"success_fraction":0,"report_to":"cf-nel","max_age":604800}
Server: cloudflare
CF-RAY: 89bf2ec6280265f3-AMS
Content-Encoding: gzip
alt-svc: h3=":443"; ma=86400

{
    "success": true,
    "accessToken": "Bearer eyJhbGciOiJIUzI1NiIsInR5cCI6IkpXVCJ9.eyJpZCI6IjY2ODE3OTc2OWVkMjgwMDAxYjQ1OTYxOSIsImlhdCI6MTcxOTc2MTI3MCwiZXhwIjoxNzE5NzYyNDcwfQ.cXWPnSSLn8vk9_ab6VzwLvWhsYAUhMH2edbvGwJEPls",
    "refreshToken": "f0bd171f3461b25610bf048dcb23f9478702536021aee5c7fb0418350903869835d0fd16afd6ca23",
    "user": {
        "email": "cbadultdqw@ya.ru",
        "name": "jxHovMMPpu"
    }
}
HTTP/1.1 200 OK
Date: Sun, 30 Jun 2024 15:27:50 GMT
Content-Type: application/json; charset=utf-8
Transfer-Encoding: chunked
Connection: keep-alive
X-Powered-By: Express
Access-Control-Allow-Origin: *
ETag: W/"16d-PCqia+VuiwbXBcJ0pAQDRsLZcCg"
CF-Cache-Status: DYNAMIC
Report-To: {"endpoints":[{"url":"https:\/\/a.nel.cloudflare.com\/report\/v4?s=1RzstkAE%2Bxl4aNRG%2FmYsJzs%2FoqOeV2xF%2FzMLRgKtekrWqSUOl7Va3db6B7lf8TRmW2282aCm%2BgyX7U0cH8Nj4NbFloef7EUjd0O9y3M1oNz9wbH33E7ZBjPcKn%2BeCMD%2FXB0RBwHYhcUDW1yndkOWlDtTudk%3D"}],"group":"cf-nel","max_age":604800}
NEL: {"success_fraction":0,"report_to":"cf-nel","max_age":604800}
Server: cloudflare
CF-RAY: 89bf2ec6280265f3-AMS
Content-Encoding: gzip
alt-svc: h3=":443"; ma=86400

{
    "success": true,
    "accessToken": "Bearer eyJhbGciOiJIUzI1NiIsInR5cCI6IkpXVCJ9.eyJpZCI6IjY2ODE3OTc2OWVkMjgwMDAxYjQ1OTYxOSIsImlhdCI6MTcxOTc2MTI3MCwiZXhwIjoxNzE5NzYyNDcwfQ.cXWPnSSLn8vk9_ab6VzwLvWhsYAUhMH2edbvGwJEPls",
    "refreshToken": "f0bd171f3461b25610bf048dcb23f9478702536021aee5c7fb0418350903869835d0fd16afd6ca23",
    "user": {
        "email": "cbadultdqw@ya.ru",
        "name": "jxHovMMPpu"
    }
}
HTTP/1.1 200 OK
Date: Sun, 30 Jun 2024 15:27:50 GMT
Content-Type: application/json; charset=utf-8
Transfer-Encoding: chunked
Connection: keep-alive
X-Powered-By: Express
Access-Control-Allow-Origin: *
ETag: W/"16d-PCqia+VuiwbXBcJ0pAQDRsLZcCg"
CF-Cache-Status: DYNAMIC
Report-To: {"endpoints":[{"url":"https:\/\/a.nel.cloudflare.com\/report\/v4?s=1RzstkAE%2Bxl4aNRG%2FmYsJzs%2FoqOeV2xF%2FzMLRgKtekrWqSUOl7Va3db6B7lf8TRmW2282aCm%2BgyX7U0cH8Nj4NbFloef7EUjd0O9y3M1oNz9wbH33E7ZBjPcKn%2BeCMD%2FXB0RBwHYhcUDW1yndkOWlDtTudk%3D"}],"group":"cf-nel","max_age":604800}
NEL: {"success_fraction":0,"report_to":"cf-nel","max_age":604800}
Server: cloudflare
CF-RAY: 89bf2ec6280265f3-AMS
Content-Encoding: gzip
alt-svc: h3=":443"; ma=86400

{
    "success": true,
    "accessToken": "Bearer eyJhbGciOiJIUzI1NiIsInR5cCI6IkpXVCJ9.eyJpZCI6IjY2ODE3OTc2OWVkMjgwMDAxYjQ1OTYxOSIsImlhdCI6MTcxOTc2MTI3MCwiZXhwIjoxNzE5NzYyNDcwfQ.cXWPnSSLn8vk9_ab6VzwLvWhsYAUhMH2edbvGwJEPls",
    "refreshToken": "f0bd171f3461b25610bf048dcb23f9478702536021aee5c7fb0418350903869835d0fd16afd6ca23",
    "user": {
        "email": "cbadultdqw@ya.ru",
        "name": "jxHovMMPpu"
    }
}
HTTP/1.1 200 OK
Date: Sun, 30 Jun 2024 15:27:50 GMT
Content-Type: application/json; charset=utf-8
Transfer-Encoding: chunked
Connection: keep-alive
X-Powered-By: Express
Access-Control-Allow-Origin: *
ETag: W/"16d-PCqia+VuiwbXBcJ0pAQDRsLZcCg"
CF-Cache-Status: DYNAMIC
Report-To: {"endpoints":[{"url":"https:\/\/a.nel.cloudflare.com\/report\/v4?s=1RzstkAE%2Bxl4aNRG%2FmYsJzs%2FoqOeV2xF%2FzMLRgKtekrWqSUOl7Va3db6B7lf8TRmW2282aCm%2BgyX7U0cH8Nj4NbFloef7EUjd0O9y3M1oNz9wbH33E7ZBjPcKn%2BeCMD%2FXB0RBwHYhcUDW1yndkOWlDtTudk%3D"}],"group":"cf-nel","max_age":604800}
NEL: {"success_fraction":0,"report_to":"cf-nel","max_age":604800}
Server: cloudflare
CF-RAY: 89bf2ec6280265f3-AMS
Content-Encoding: gzip
alt-svc: h3=":443"; ma=86400

{
    "success": true,
    "accessToken": "Bearer eyJhbGciOiJIUzI1NiIsInR5cCI6IkpXVCJ9.eyJpZCI6IjY2ODE3OTc2OWVkMjgwMDAxYjQ1OTYxOSIsImlhdCI6MTcxOTc2MTI3MCwiZXhwIjoxNzE5NzYyNDcwfQ.cXWPnSSLn8vk9_ab6VzwLvWhsYAUhMH2edbvGwJEPls",
    "refreshToken": "f0bd171f3461b25610bf048dcb23f9478702536021aee5c7fb0418350903869835d0fd16afd6ca23",
    "user": {
        "email": "cbadultdqw@ya.ru",
        "name": "jxHovMMPpu"
    }
}
HTTP/1.1 200 OK
Date: Sun, 30 Jun 2024 15:27:50 GMT
Content-Type: application/json; charset=utf-8
Transfer-Encoding: chunked
Connection: keep-alive
X-Powered-By: Express
Access-Control-Allow-Origin: *
ETag: W/"16d-PCqia+VuiwbXBcJ0pAQDRsLZcCg"
CF-Cache-Status: DYNAMIC
Report-To: {"endpoints":[{"url":"https:\/\/a.nel.cloudflare.com\/report\/v4?s=1RzstkAE%2Bxl4aNRG%2FmYsJzs%2FoqOeV2xF%2FzMLRgKtekrWqSUOl7Va3db6B7lf8TRmW2282aCm%2BgyX7U0cH8Nj4NbFloef7EUjd0O9y3M1oNz9wbH33E7ZBjPcKn%2BeCMD%2FXB0RBwHYhcUDW1yndkOWlDtTudk%3D"}],"group":"cf-nel","max_age":604800}
NEL: {"success_fraction":0,"report_to":"cf-nel","max_age":604800}
Server: cloudflare
CF-RAY: 89bf2ec6280265f3-AMS
Content-Encoding: gzip
alt-svc: h3=":443"; ma=86400

{
    "success": true,
    "accessToken": "Bearer eyJhbGciOiJIUzI1NiIsInR5cCI6IkpXVCJ9.eyJpZCI6IjY2ODE3OTc2OWVkMjgwMDAxYjQ1OTYxOSIsImlhdCI6MTcxOTc2MTI3MCwiZXhwIjoxNzE5NzYyNDcwfQ.cXWPnSSLn8vk9_ab6VzwLvWhsYAUhMH2edbvGwJEPls",
    "refreshToken": "f0bd171f3461b25610bf048dcb23f9478702536021aee5c7fb0418350903869835d0fd16afd6ca23",
    "user": {
        "email": "cbadultdqw@ya.ru",
        "name": "jxHovMMPpu"
    }
}
HTTP/1.1 200 OK
Date: Sun, 30 Jun 2024 15:27:50 GMT
Content-Type: application/json; charset=utf-8
Transfer-Encoding: chunked
Connection: keep-alive
X-Powered-By: Express
Access-Control-Allow-Origin: *
ETag: W/"16d-PCqia+VuiwbXBcJ0pAQDRsLZcCg"
CF-Cache-Status: DYNAMIC
Report-To: {"endpoints":[{"url":"https:\/\/a.nel.cloudflare.com\/report\/v4?s=1RzstkAE%2Bxl4aNRG%2FmYsJzs%2FoqOeV2xF%2FzMLRgKtekrWqSUOl7Va3db6B7lf8TRmW2282aCm%2BgyX7U0cH8Nj4NbFloef7EUjd0O9y3M1oNz9wbH33E7ZBjPcKn%2BeCMD%2FXB0RBwHYhcUDW1yndkOWlDtTudk%3D"}],"group":"cf-nel","max_age":604800}
NEL: {"success_fraction":0,"report_to":"cf-nel","max_age":604800}
Server: cloudflare
CF-RAY: 89bf2ec6280265f3-AMS
Content-Encoding: gzip
alt-svc: h3=":443"; ma=86400

{
    "success": true,
    "accessToken": "Bearer eyJhbGciOiJIUzI1NiIsInR5cCI6IkpXVCJ9.eyJpZCI6IjY2ODE3OTc2OWVkMjgwMDAxYjQ1OTYxOSIsImlhdCI6MTcxOTc2MTI3MCwiZXhwIjoxNzE5NzYyNDcwfQ.cXWPnSSLn8vk9_ab6VzwLvWhsYAUhMH2edbvGwJEPls",
    "refreshToken": "f0bd171f3461b25610bf048dcb23f9478702536021aee5c7fb0418350903869835d0fd16afd6ca23",
    "user": {
        "email": "cbadultdqw@ya.ru",
        "name": "jxHovMMPpu"
    }
}
HTTP/1.1 200 OK
Date: Sun, 30 Jun 2024 15:27:50 GMT
Content-Type: application/json; charset=utf-8
Transfer-Encoding: chunked
Connection: keep-alive
X-Powered-By: Express
Access-Control-Allow-Origin: *
ETag: W/"16d-PCqia+VuiwbXBcJ0pAQDRsLZcCg"
CF-Cache-Status: DYNAMIC
Report-To: {"endpoints":[{"url":"https:\/\/a.nel.cloudflare.com\/report\/v4?s=1RzstkAE%2Bxl4aNRG%2FmYsJzs%2FoqOeV2xF%2FzMLRgKtekrWqSUOl7Va3db6B7lf8TRmW2282aCm%2BgyX7U0cH8Nj4NbFloef7EUjd0O9y3M1oNz9wbH33E7ZBjPcKn%2BeCMD%2FXB0RBwHYhcUDW1yndkOWlDtTudk%3D"}],"group":"cf-nel","max_age":604800}
NEL: {"success_fraction":0,"report_to":"cf-nel","max_age":604800}
Server: cloudflare
CF-RAY: 89bf2ec6280265f3-AMS
Content-Encoding: gzip
alt-svc: h3=":443"; ma=86400

{
    "success": true,
    "accessToken": "Bearer eyJhbGciOiJIUzI1NiIsInR5cCI6IkpXVCJ9.eyJpZCI6IjY2ODE3OTc2OWVkMjgwMDAxYjQ1OTYxOSIsImlhdCI6MTcxOTc2MTI3MCwiZXhwIjoxNzE5NzYyNDcwfQ.cXWPnSSLn8vk9_ab6VzwLvWhsYAUhMH2edbvGwJEPls",
    "refreshToken": "f0bd171f3461b25610bf048dcb23f9478702536021aee5c7fb0418350903869835d0fd16afd6ca23",
    "user": {
        "email": "cbadultdqw@ya.ru",
        "name": "jxHovMMPpu"
    }
}
HTTP/1.1 200 OK
Date: Sun, 30 Jun 2024 15:27:50 GMT
Content-Type: application/json; charset=utf-8
Transfer-Encoding: chunked
Connection: keep-alive
X-Powered-By: Express
Access-Control-Allow-Origin: *
ETag: W/"16d-PCqia+VuiwbXBcJ0pAQDRsLZcCg"
CF-Cache-Status: DYNAMIC
Report-To: {"endpoints":[{"url":"https:\/\/a.nel.cloudflare.com\/report\/v4?s=1RzstkAE%2Bxl4aNRG%2FmYsJzs%2FoqOeV2xF%2FzMLRgKtekrWqSUOl7Va3db6B7lf8TRmW2282aCm%2BgyX7U0cH8Nj4NbFloef7EUjd0O9y3M1oNz9wbH33E7ZBjPcKn%2BeCMD%2FXB0RBwHYhcUDW1yndkOWlDtTudk%3D"}],"group":"cf-nel","max_age":604800}
NEL: {"success_fraction":0,"report_to":"cf-nel","max_age":604800}
Server: cloudflare
CF-RAY: 89bf2ec6280265f3-AMS
Content-Encoding: gzip
alt-svc: h3=":443"; ma=86400

{
    "success": true,
    "accessToken": "Bearer eyJhbGciOiJIUzI1NiIsInR5cCI6IkpXVCJ9.eyJpZCI6IjY2ODE3OTc2OWVkMjgwMDAxYjQ1OTYxOSIsImlhdCI6MTcxOTc2MTI3MCwiZXhwIjoxNzE5NzYyNDcwfQ.cXWPnSSLn8vk9_ab6VzwLvWhsYAUhMH2edbvGwJEPls",
    "refreshToken": "f0bd171f3461b25610bf048dcb23f9478702536021aee5c7fb0418350903869835d0fd16afd6ca23",
    "user": {
        "email": "cbadultdqw@ya.ru",
        "name": "jxHovMMPpu"
    }
}
HTTP/1.1 200 OK
Date: Sun, 30 Jun 2024 15:27:50 GMT
Content-Type: application/json; charset=utf-8
Transfer-Encoding: chunked
Connection: keep-alive
X-Powered-By: Express
Access-Control-Allow-Origin: *
ETag: W/"16d-PCqia+VuiwbXBcJ0pAQDRsLZcCg"
CF-Cache-Status: DYNAMIC
Report-To: {"endpoints":[{"url":"https:\/\/a.nel.cloudflare.com\/report\/v4?s=1RzstkAE%2Bxl4aNRG%2FmYsJzs%2FoqOeV2xF%2FzMLRgKtekrWqSUOl7Va3db6B7lf8TRmW2282aCm%2BgyX7U0cH8Nj4NbFloef7EUjd0O9y3M1oNz9wbH33E7ZBjPcKn%2BeCMD%2FXB0RBwHYhcUDW1yndkOWlDtTudk%3D"}],"group":"cf-nel","max_age":604800}
NEL: {"success_fraction":0,"report_to":"cf-nel","max_age":604800}
Server: cloudflare
CF-RAY: 89bf2ec6280265f3-AMS
Content-Encoding: gzip
alt-svc: h3=":443"; ma=86400

{
    "success": true,
    "accessToken": "Bearer eyJhbGciOiJIUzI1NiIsInR5cCI6IkpXVCJ9.eyJpZCI6IjY2ODE3OTc2OWVkMjgwMDAxYjQ1OTYxOSIsImlhdCI6MTcxOTc2MTI3MCwiZXhwIjoxNzE5NzYyNDcwfQ.cXWPnSSLn8vk9_ab6VzwLvWhsYAUhMH2edbvGwJEPls",
    "refreshToken": "f0bd171f3461b25610bf048dcb23f9478702536021aee5c7fb0418350903869835d0fd16afd6ca23",
    "user": {
        "email": "cbadultdqw@ya.ru",
        "name": "jxHovMMPpu"
    }
}
HTTP/1.1 200 OK
Date: Sun, 30 Jun 2024 15:27:50 GMT
Content-Type: application/json; charset=utf-8
Transfer-Encoding: chunked
Connection: keep-alive
X-Powered-By: Express
Access-Control-Allow-Origin: *
ETag: W/"16d-PCqia+VuiwbXBcJ0pAQDRsLZcCg"
CF-Cache-Status: DYNAMIC
Report-To: {"endpoints":[{"url":"https:\/\/a.nel.cloudflare.com\/report\/v4?s=1RzstkAE%2Bxl4aNRG%2FmYsJzs%2FoqOeV2xF%2FzMLRgKtekrWqSUOl7Va3db6B7lf8TRmW2282aCm%2BgyX7U0cH8Nj4NbFloef7EUjd0O9y3M1oNz9wbH33E7ZBjPcKn%2BeCMD%2FXB0RBwHYhcUDW1yndkOWlDtTudk%3D"}],"group":"cf-nel","max_age":604800}
NEL: {"success_fraction":0,"report_to":"cf-nel","max_age":604800}
Server: cloudflare
CF-RAY: 89bf2ec6280265f3-AMS
Content-Encoding: gzip
alt-svc: h3=":443"; ma=86400

{
    "success": true,
    "accessToken": "Bearer eyJhbGciOiJIUzI1NiIsInR5cCI6IkpXVCJ9.eyJpZCI6IjY2ODE3OTc2OWVkMjgwMDAxYjQ1OTYxOSIsImlhdCI6MTcxOTc2MTI3MCwiZXhwIjoxNzE5NzYyNDcwfQ.cXWPnSSLn8vk9_ab6VzwLvWhsYAUhMH2edbvGwJEPls",
    "refreshToken": "f0bd171f3461b25610bf048dcb23f9478702536021aee5c7fb0418350903869835d0fd16afd6ca23",
    "user": {
        "email": "cbadultdqw@ya.ru",
        "name": "jxHovMMPpu"
    }
}
HTTP/1.1 200 OK
Date: Sun, 30 Jun 2024 15:27:50 GMT
Content-Type: application/json; charset=utf-8
Transfer-Encoding: chunked
Connection: keep-alive
X-Powered-By: Express
Access-Control-Allow-Origin: *
ETag: W/"16d-PCqia+VuiwbXBcJ0pAQDRsLZcCg"
CF-Cache-Status: DYNAMIC
Report-To: {"endpoints":[{"url":"https:\/\/a.nel.cloudflare.com\/report\/v4?s=1RzstkAE%2Bxl4aNRG%2FmYsJzs%2FoqOeV2xF%2FzMLRgKtekrWqSUOl7Va3db6B7lf8TRmW2282aCm%2BgyX7U0cH8Nj4NbFloef7EUjd0O9y3M1oNz9wbH33E7ZBjPcKn%2BeCMD%2FXB0RBwHYhcUDW1yndkOWlDtTudk%3D"}],"group":"cf-nel","max_age":604800}
NEL: {"success_fraction":0,"report_to":"cf-nel","max_age":604800}
Server: cloudflare
CF-RAY: 89bf2ec6280265f3-AMS
Content-Encoding: gzip
alt-svc: h3=":443"; ma=86400

{
    "success": true,
    "accessToken": "Bearer eyJhbGciOiJIUzI1NiIsInR5cCI6IkpXVCJ9.eyJpZCI6IjY2ODE3OTc2OWVkMjgwMDAxYjQ1OTYxOSIsImlhdCI6MTcxOTc2MTI3MCwiZXhwIjoxNzE5NzYyNDcwfQ.cXWPnSSLn8vk9_ab6VzwLvWhsYAUhMH2edbvGwJEPls",
    "refreshToken": "f0bd171f3461b25610bf048dcb23f9478702536021aee5c7fb0418350903869835d0fd16afd6ca23",
    "user": {
        "email": "cbadultdqw@ya.ru",
        "name": "jxHovMMPpu"
    }
}
HTTP/1.1 200 OK
Date: Sun, 30 Jun 2024 15:27:50 GMT
Content-Type: application/json; charset=utf-8
Transfer-Encoding: chunked
Connection: keep-alive
X-Powered-By: Express
Access-Control-Allow-Origin: *
ETag: W/"16d-PCqia+VuiwbXBcJ0pAQDRsLZcCg"
CF-Cache-Status: DYNAMIC
Report-To: {"endpoints":[{"url":"https:\/\/a.nel.cloudflare.com\/report\/v4?s=1RzstkAE%2Bxl4aNRG%2FmYsJzs%2FoqOeV2xF%2FzMLRgKtekrWqSUOl7Va3db6B7lf8TRmW2282aCm%2BgyX7U0cH8Nj4NbFloef7EUjd0O9y3M1oNz9wbH33E7ZBjPcKn%2BeCMD%2FXB0RBwHYhcUDW1yndkOWlDtTudk%3D"}],"group":"cf-nel","max_age":604800}
NEL: {"success_fraction":0,"report_to":"cf-nel","max_age":604800}
Server: cloudflare
CF-RAY: 89bf2ec6280265f3-AMS
Content-Encoding: gzip
alt-svc: h3=":443"; ma=86400

{
    "success": true,
    "accessToken": "Bearer eyJhbGciOiJIUzI1NiIsInR5cCI6IkpXVCJ9.eyJpZCI6IjY2ODE3OTc2OWVkMjgwMDAxYjQ1OTYxOSIsImlhdCI6MTcxOTc2MTI3MCwiZXhwIjoxNzE5NzYyNDcwfQ.cXWPnSSLn8vk9_ab6VzwLvWhsYAUhMH2edbvGwJEPls",
    "refreshToken": "f0bd171f3461b25610bf048dcb23f9478702536021aee5c7fb0418350903869835d0fd16afd6ca23",
    "user": {
        "email": "cbadultdqw@ya.ru",
        "name": "jxHovMMPpu"
    }
}
HTTP/1.1 200 OK
Date: Sun, 30 Jun 2024 15:27:50 GMT
Content-Type: application/json; charset=utf-8
Transfer-Encoding: chunked
Connection: keep-alive
X-Powered-By: Express
Access-Control-Allow-Origin: *
ETag: W/"16d-PCqia+VuiwbXBcJ0pAQDRsLZcCg"
CF-Cache-Status: DYNAMIC
Report-To: {"endpoints":[{"url":"https:\/\/a.nel.cloudflare.com\/report\/v4?s=1RzstkAE%2Bxl4aNRG%2FmYsJzs%2FoqOeV2xF%2FzMLRgKtekrWqSUOl7Va3db6B7lf8TRmW2282aCm%2BgyX7U0cH8Nj4NbFloef7EUjd0O9y3M1oNz9wbH33E7ZBjPcKn%2BeCMD%2FXB0RBwHYhcUDW1yndkOWlDtTudk%3D"}],"group":"cf-nel","max_age":604800}
NEL: {"success_fraction":0,"report_to":"cf-nel","max_age":604800}
Server: cloudflare
CF-RAY: 89bf2ec6280265f3-AMS
Content-Encoding: gzip
alt-svc: h3=":443"; ma=86400

{
    "success": true,
    "accessToken": "Bearer eyJhbGciOiJIUzI1NiIsInR5cCI6IkpXVCJ9.eyJpZCI6IjY2ODE3OTc2OWVkMjgwMDAxYjQ1OTYxOSIsImlhdCI6MTcxOTc2MTI3MCwiZXhwIjoxNzE5NzYyNDcwfQ.cXWPnSSLn8vk9_ab6VzwLvWhsYAUhMH2edbvGwJEPls",
    "refreshToken": "f0bd171f3461b25610bf048dcb23f9478702536021aee5c7fb0418350903869835d0fd16afd6ca23",
    "user": {
        "email": "cbadultdqw@ya.ru",
        "name": "jxHovMMPpu"
    }
}
HTTP/1.1 200 OK
Date: Sun, 30 Jun 2024 15:27:50 GMT
Content-Type: application/json; charset=utf-8
Transfer-Encoding: chunked
Connection: keep-alive
X-Powered-By: Express
Access-Control-Allow-Origin: *
ETag: W/"16d-PCqia+VuiwbXBcJ0pAQDRsLZcCg"
CF-Cache-Status: DYNAMIC
Report-To: {"endpoints":[{"url":"https:\/\/a.nel.cloudflare.com\/report\/v4?s=1RzstkAE%2Bxl4aNRG%2FmYsJzs%2FoqOeV2xF%2FzMLRgKtekrWqSUOl7Va3db6B7lf8TRmW2282aCm%2BgyX7U0cH8Nj4NbFloef7EUjd0O9y3M1oNz9wbH33E7ZBjPcKn%2BeCMD%2FXB0RBwHYhcUDW1yndkOWlDtTudk%3D"}],"group":"cf-nel","max_age":604800}
NEL: {"success_fraction":0,"report_to":"cf-nel","max_age":604800}
Server: cloudflare
CF-RAY: 89bf2ec6280265f3-AMS
Content-Encoding: gzip
alt-svc: h3=":443"; ma=86400

{
    "success": true,
    "accessToken": "Bearer eyJhbGciOiJIUzI1NiIsInR5cCI6IkpXVCJ9.eyJpZCI6IjY2ODE3OTc2OWVkMjgwMDAxYjQ1OTYxOSIsImlhdCI6MTcxOTc2MTI3MCwiZXhwIjoxNzE5NzYyNDcwfQ.cXWPnSSLn8vk9_ab6VzwLvWhsYAUhMH2edbvGwJEPls",
    "refreshToken": "f0bd171f3461b25610bf048dcb23f9478702536021aee5c7fb0418350903869835d0fd16afd6ca23",
    "user": {
        "email": "cbadultdqw@ya.ru",
        "name": "jxHovMMPpu"
    }
}
HTTP/1.1 200 OK
Date: Sun, 30 Jun 2024 15:27:50 GMT
Content-Type: application/json; charset=utf-8
Transfer-Encoding: chunked
Connection: keep-alive
X-Powered-By: Express
Access-Control-Allow-Origin: *
ETag: W/"16d-PCqia+VuiwbXBcJ0pAQDRsLZcCg"
CF-Cache-Status: DYNAMIC
Report-To: {"endpoints":[{"url":"https:\/\/a.nel.cloudflare.com\/report\/v4?s=1RzstkAE%2Bxl4aNRG%2FmYsJzs%2FoqOeV2xF%2FzMLRgKtekrWqSUOl7Va3db6B7lf8TRmW2282aCm%2BgyX7U0cH8Nj4NbFloef7EUjd0O9y3M1oNz9wbH33E7ZBjPcKn%2BeCMD%2FXB0RBwHYhcUDW1yndkOWlDtTudk%3D"}],"group":"cf-nel","max_age":604800}
NEL: {"success_fraction":0,"report_to":"cf-nel","max_age":604800}
Server: cloudflare
CF-RAY: 89bf2ec6280265f3-AMS
Content-Encoding: gzip
alt-svc: h3=":443"; ma=86400

{
    "success": true,
    "accessToken": "Bearer eyJhbGciOiJIUzI1NiIsInR5cCI6IkpXVCJ9.eyJpZCI6IjY2ODE3OTc2OWVkMjgwMDAxYjQ1OTYxOSIsImlhdCI6MTcxOTc2MTI3MCwiZXhwIjoxNzE5NzYyNDcwfQ.cXWPnSSLn8vk9_ab6VzwLvWhsYAUhMH2edbvGwJEPls",
    "refreshToken": "f0bd171f3461b25610bf048dcb23f9478702536021aee5c7fb0418350903869835d0fd16afd6ca23",
    "user": {
        "email": "cbadultdqw@ya.ru",
        "name": "jxHovMMPpu"
    }
}
HTTP/1.1 200 OK
Date: Sun, 30 Jun 2024 15:27:50 GMT
Content-Type: application/json; charset=utf-8
Transfer-Encoding: chunked
Connection: keep-alive
X-Powered-By: Express
Access-Control-Allow-Origin: *
ETag: W/"16d-PCqia+VuiwbXBcJ0pAQDRsLZcCg"
CF-Cache-Status: DYNAMIC
Report-To: {"endpoints":[{"url":"https:\/\/a.nel.cloudflare.com\/report\/v4?s=1RzstkAE%2Bxl4aNRG%2FmYsJzs%2FoqOeV2xF%2FzMLRgKtekrWqSUOl7Va3db6B7lf8TRmW2282aCm%2BgyX7U0cH8Nj4NbFloef7EUjd0O9y3M1oNz9wbH33E7ZBjPcKn%2BeCMD%2FXB0RBwHYhcUDW1yndkOWlDtTudk%3D"}],"group":"cf-nel","max_age":604800}
NEL: {"success_fraction":0,"report_to":"cf-nel","max_age":604800}
Server: cloudflare
CF-RAY: 89bf2ec6280265f3-AMS
Content-Encoding: gzip
alt-svc: h3=":443"; ma=86400

{
    "success": true,
    "accessToken": "Bearer eyJhbGciOiJIUzI1NiIsInR5cCI6IkpXVCJ9.eyJpZCI6IjY2ODE3OTc2OWVkMjgwMDAxYjQ1OTYxOSIsImlhdCI6MTcxOTc2MTI3MCwiZXhwIjoxNzE5NzYyNDcwfQ.cXWPnSSLn8vk9_ab6VzwLvWhsYAUhMH2edbvGwJEPls",
    "refreshToken": "f0bd171f3461b25610bf048dcb23f9478702536021aee5c7fb0418350903869835d0fd16afd6ca23",
    "user": {
        "email": "cbadultdqw@ya.ru",
        "name": "jxHovMMPpu"
    }
}
HTTP/1.1 200 OK
Date: Sun, 30 Jun 2024 15:27:50 GMT
Content-Type: application/json; charset=utf-8
Transfer-Encoding: chunked
Connection: keep-alive
X-Powered-By: Express
Access-Control-Allow-Origin: *
ETag: W/"16d-PCqia+VuiwbXBcJ0pAQDRsLZcCg"
CF-Cache-Status: DYNAMIC
Report-To: {"endpoints":[{"url":"https:\/\/a.nel.cloudflare.com\/report\/v4?s=1RzstkAE%2Bxl4aNRG%2FmYsJzs%2FoqOeV2xF%2FzMLRgKtekrWqSUOl7Va3db6B7lf8TRmW2282aCm%2BgyX7U0cH8Nj4NbFloef7EUjd0O9y3M1oNz9wbH33E7ZBjPcKn%2BeCMD%2FXB0RBwHYhcUDW1yndkOWlDtTudk%3D"}],"group":"cf-nel","max_age":604800}
NEL: {"success_fraction":0,"report_to":"cf-nel","max_age":604800}
Server: cloudflare
CF-RAY: 89bf2ec6280265f3-AMS
Content-Encoding: gzip
alt-svc: h3=":443"; ma=86400

{
    "success": true,
    "accessToken": "Bearer eyJhbGciOiJIUzI1NiIsInR5cCI6IkpXVCJ9.eyJpZCI6IjY2ODE3OTc2OWVkMjgwMDAxYjQ1OTYxOSIsImlhdCI6MTcxOTc2MTI3MCwiZXhwIjoxNzE5NzYyNDcwfQ.cXWPnSSLn8vk9_ab6VzwLvWhsYAUhMH2edbvGwJEPls",
    "refreshToken": "f0bd171f3461b25610bf048dcb23f9478702536021aee5c7fb0418350903869835d0fd16afd6ca23",
    "user": {
        "email": "cbadultdqw@ya.ru",
        "name": "jxHovMMPpu"
    }
}
HTTP/1.1 200 OK
Date: Sun, 30 Jun 2024 15:27:50 GMT
Content-Type: application/json; charset=utf-8
Transfer-Encoding: chunked
Connection: keep-alive
X-Powered-By: Express
Access-Control-Allow-Origin: *
ETag: W/"16d-PCqia+VuiwbXBcJ0pAQDRsLZcCg"
CF-Cache-Status: DYNAMIC
Report-To: {"endpoints":[{"url":"https:\/\/a.nel.cloudflare.com\/report\/v4?s=1RzstkAE%2Bxl4aNRG%2FmYsJzs%2FoqOeV2xF%2FzMLRgKtekrWqSUOl7Va3db6B7lf8TRmW2282aCm%2BgyX7U0cH8Nj4NbFloef7EUjd0O9y3M1oNz9wbH33E7ZBjPcKn%2BeCMD%2FXB0RBwHYhcUDW1yndkOWlDtTudk%3D"}],"group":"cf-nel","max_age":604800}
NEL: {"success_fraction":0,"report_to":"cf-nel","max_age":604800}
Server: cloudflare
CF-RAY: 89bf2ec6280265f3-AMS
Content-Encoding: gzip
alt-svc: h3=":443"; ma=86400

{
    "success": true,
    "accessToken": "Bearer eyJhbGciOiJIUzI1NiIsInR5cCI6IkpXVCJ9.eyJpZCI6IjY2ODE3OTc2OWVkMjgwMDAxYjQ1OTYxOSIsImlhdCI6MTcxOTc2MTI3MCwiZXhwIjoxNzE5NzYyNDcwfQ.cXWPnSSLn8vk9_ab6VzwLvWhsYAUhMH2edbvGwJEPls",
    "refreshToken": "f0bd171f3461b25610bf048dcb23f9478702536021aee5c7fb0418350903869835d0fd16afd6ca23",
    "user": {
        "email": "cbadultdqw@ya.ru",
        "name": "jxHovMMPpu"
    }
}
HTTP/1.1 200 OK
Date: Sun, 30 Jun 2024 15:27:50 GMT
Content-Type: application/json; charset=utf-8
Transfer-Encoding: chunked
Connection: keep-alive
X-Powered-By: Express
Access-Control-Allow-Origin: *
ETag: W/"16d-PCqia+VuiwbXBcJ0pAQDRsLZcCg"
CF-Cache-Status: DYNAMIC
Report-To: {"endpoints":[{"url":"https:\/\/a.nel.cloudflare.com\/report\/v4?s=1RzstkAE%2Bxl4aNRG%2FmYsJzs%2FoqOeV2xF%2FzMLRgKtekrWqSUOl7Va3db6B7lf8TRmW2282aCm%2BgyX7U0cH8Nj4NbFloef7EUjd0O9y3M1oNz9wbH33E7ZBjPcKn%2BeCMD%2FXB0RBwHYhcUDW1yndkOWlDtTudk%3D"}],"group":"cf-nel","max_age":604800}
NEL: {"success_fraction":0,"report_to":"cf-nel","max_age":604800}
Server: cloudflare
CF-RAY: 89bf2ec6280265f3-AMS
Content-Encoding: gzip
alt-svc: h3=":443"; ma=86400

{
    "success": true,
    "accessToken": "Bearer eyJhbGciOiJIUzI1NiIsInR5cCI6IkpXVCJ9.eyJpZCI6IjY2ODE3OTc2OWVkMjgwMDAxYjQ1OTYxOSIsImlhdCI6MTcxOTc2MTI3MCwiZXhwIjoxNzE5NzYyNDcwfQ.cXWPnSSLn8vk9_ab6VzwLvWhsYAUhMH2edbvGwJEPls",
    "refreshToken": "f0bd171f3461b25610bf048dcb23f9478702536021aee5c7fb0418350903869835d0fd16afd6ca23",
    "user": {
        "email": "cbadultdqw@ya.ru",
        "name": "jxHovMMPpu"
    }
}
Request method:	PATCH
Request URI:	https://stellarburgers.nomoreparties.site/api/auth/user
Proxy:			<none>
Request params:	<none>
Query params:	<none>
Form params:	<none>
Path params:	<none>
Headers:		Accept=*/*
				Content-Type=application/json
Cookies:		<none>
Multiparts:		<none>
Body:
{
    "email": "newcbaDulTDQW@ya.ru",
    "password": "YCvNwDJmIH",
    "name": "jxHovMMPpu"
}
Request method:	PATCH
Request URI:	https://stellarburgers.nomoreparties.site/api/auth/user
Proxy:			<none>
Request params:	<none>
Query params:	<none>
Form params:	<none>
Path params:	<none>
Headers:		Accept=*/*
				Content-Type=application/json
Cookies:		<none>
Multiparts:		<none>
Body:
{
    "email": "newcbaDulTDQW@ya.ru",
    "password": "YCvNwDJmIH",
    "name": "jxHovMMPpu"
}
Request method:	PATCH
Request URI:	https://stellarburgers.nomoreparties.site/api/auth/user
Proxy:			<none>
Request params:	<none>
Query params:	<none>
Form params:	<none>
Path params:	<none>
Headers:		Accept=*/*
				Content-Type=application/json
Cookies:		<none>
Multiparts:		<none>
Body:
{
    "email": "newcbaDulTDQW@ya.ru",
    "password": "YCvNwDJmIH",
    "name": "jxHovMMPpu"
}
Request method:	PATCH
Request URI:	https://stellarburgers.nomoreparties.site/api/auth/user
Proxy:			<none>
Request params:	<none>
Query params:	<none>
Form params:	<none>
Path params:	<none>
Headers:		Accept=*/*
				Content-Type=application/json
Cookies:		<none>
Multiparts:		<none>
Body:
{
    "email": "newcbaDulTDQW@ya.ru",
    "password": "YCvNwDJmIH",
    "name": "jxHovMMPpu"
}
Request method:	PATCH
Request URI:	https://stellarburgers.nomoreparties.site/api/auth/user
Proxy:			<none>
Request params:	<none>
Query params:	<none>
Form params:	<none>
Path params:	<none>
Headers:		Accept=*/*
				Content-Type=application/json
Cookies:		<none>
Multiparts:		<none>
Body:
{
    "email": "newcbaDulTDQW@ya.ru",
    "password": "YCvNwDJmIH",
    "name": "jxHovMMPpu"
}
Request method:	PATCH
Request URI:	https://stellarburgers.nomoreparties.site/api/auth/user
Proxy:			<none>
Request params:	<none>
Query params:	<none>
Form params:	<none>
Path params:	<none>
Headers:		Accept=*/*
				Content-Type=application/json
Cookies:		<none>
Multiparts:		<none>
Body:
{
    "email": "newcbaDulTDQW@ya.ru",
    "password": "YCvNwDJmIH",
    "name": "jxHovMMPpu"
}
Request method:	PATCH
Request URI:	https://stellarburgers.nomoreparties.site/api/auth/user
Proxy:			<none>
Request params:	<none>
Query params:	<none>
Form params:	<none>
Path params:	<none>
Headers:		Accept=*/*
				Content-Type=application/json
Cookies:		<none>
Multiparts:		<none>
Body:
{
    "email": "newcbaDulTDQW@ya.ru",
    "password": "YCvNwDJmIH",
    "name": "jxHovMMPpu"
}
Request method:	PATCH
Request URI:	https://stellarburgers.nomoreparties.site/api/auth/user
Proxy:			<none>
Request params:	<none>
Query params:	<none>
Form params:	<none>
Path params:	<none>
Headers:		Accept=*/*
				Content-Type=application/json
Cookies:		<none>
Multiparts:		<none>
Body:
{
    "email": "newcbaDulTDQW@ya.ru",
    "password": "YCvNwDJmIH",
    "name": "jxHovMMPpu"
}
Request method:	PATCH
Request URI:	https://stellarburgers.nomoreparties.site/api/auth/user
Proxy:			<none>
Request params:	<none>
Query params:	<none>
Form params:	<none>
Path params:	<none>
Headers:		Accept=*/*
				Content-Type=application/json
Cookies:		<none>
Multiparts:		<none>
Body:
{
    "email": "newcbaDulTDQW@ya.ru",
    "password": "YCvNwDJmIH",
    "name": "jxHovMMPpu"
}
Request method:	PATCH
Request URI:	https://stellarburgers.nomoreparties.site/api/auth/user
Proxy:			<none>
Request params:	<none>
Query params:	<none>
Form params:	<none>
Path params:	<none>
Headers:		Accept=*/*
				Content-Type=application/json
Cookies:		<none>
Multiparts:		<none>
Body:
{
    "email": "newcbaDulTDQW@ya.ru",
    "password": "YCvNwDJmIH",
    "name": "jxHovMMPpu"
}
Request method:	PATCH
Request URI:	https://stellarburgers.nomoreparties.site/api/auth/user
Proxy:			<none>
Request params:	<none>
Query params:	<none>
Form params:	<none>
Path params:	<none>
Headers:		Accept=*/*
				Content-Type=application/json
Cookies:		<none>
Multiparts:		<none>
Body:
{
    "email": "newcbaDulTDQW@ya.ru",
    "password": "YCvNwDJmIH",
    "name": "jxHovMMPpu"
}
Request method:	PATCH
Request URI:	https://stellarburgers.nomoreparties.site/api/auth/user
Proxy:			<none>
Request params:	<none>
Query params:	<none>
Form params:	<none>
Path params:	<none>
Headers:		Accept=*/*
				Content-Type=application/json
Cookies:		<none>
Multiparts:		<none>
Body:
{
    "email": "newcbaDulTDQW@ya.ru",
    "password": "YCvNwDJmIH",
    "name": "jxHovMMPpu"
}
Request method:	PATCH
Request URI:	https://stellarburgers.nomoreparties.site/api/auth/user
Proxy:			<none>
Request params:	<none>
Query params:	<none>
Form params:	<none>
Path params:	<none>
Headers:		Accept=*/*
				Content-Type=application/json
Cookies:		<none>
Multiparts:		<none>
Body:
{
    "email": "newcbaDulTDQW@ya.ru",
    "password": "YCvNwDJmIH",
    "name": "jxHovMMPpu"
}
Request method:	PATCH
Request URI:	https://stellarburgers.nomoreparties.site/api/auth/user
Proxy:			<none>
Request params:	<none>
Query params:	<none>
Form params:	<none>
Path params:	<none>
Headers:		Accept=*/*
				Content-Type=application/json
Cookies:		<none>
Multiparts:		<none>
Body:
{
    "email": "newcbaDulTDQW@ya.ru",
    "password": "YCvNwDJmIH",
    "name": "jxHovMMPpu"
}
Request method:	PATCH
Request URI:	https://stellarburgers.nomoreparties.site/api/auth/user
Proxy:			<none>
Request params:	<none>
Query params:	<none>
Form params:	<none>
Path params:	<none>
Headers:		Accept=*/*
				Content-Type=application/json
Cookies:		<none>
Multiparts:		<none>
Body:
{
    "email": "newcbaDulTDQW@ya.ru",
    "password": "YCvNwDJmIH",
    "name": "jxHovMMPpu"
}
Request method:	PATCH
Request URI:	https://stellarburgers.nomoreparties.site/api/auth/user
Proxy:			<none>
Request params:	<none>
Query params:	<none>
Form params:	<none>
Path params:	<none>
Headers:		Accept=*/*
				Content-Type=application/json
Cookies:		<none>
Multiparts:		<none>
Body:
{
    "email": "newcbaDulTDQW@ya.ru",
    "password": "YCvNwDJmIH",
    "name": "jxHovMMPpu"
}
Request method:	PATCH
Request URI:	https://stellarburgers.nomoreparties.site/api/auth/user
Proxy:			<none>
Request params:	<none>
Query params:	<none>
Form params:	<none>
Path params:	<none>
Headers:		Accept=*/*
				Content-Type=application/json
Cookies:		<none>
Multiparts:		<none>
Body:
{
    "email": "newcbaDulTDQW@ya.ru",
    "password": "YCvNwDJmIH",
    "name": "jxHovMMPpu"
}
Request method:	PATCH
Request URI:	https://stellarburgers.nomoreparties.site/api/auth/user
Proxy:			<none>
Request params:	<none>
Query params:	<none>
Form params:	<none>
Path params:	<none>
Headers:		Accept=*/*
				Content-Type=application/json
Cookies:		<none>
Multiparts:		<none>
Body:
{
    "email": "newcbaDulTDQW@ya.ru",
    "password": "YCvNwDJmIH",
    "name": "jxHovMMPpu"
}
Request method:	PATCH
Request URI:	https://stellarburgers.nomoreparties.site/api/auth/user
Proxy:			<none>
Request params:	<none>
Query params:	<none>
Form params:	<none>
Path params:	<none>
Headers:		Accept=*/*
				Content-Type=application/json
Cookies:		<none>
Multiparts:		<none>
Body:
{
    "email": "newcbaDulTDQW@ya.ru",
    "password": "YCvNwDJmIH",
    "name": "jxHovMMPpu"
}
Request method:	PATCH
Request URI:	https://stellarburgers.nomoreparties.site/api/auth/user
Proxy:			<none>
Request params:	<none>
Query params:	<none>
Form params:	<none>
Path params:	<none>
Headers:		Accept=*/*
				Content-Type=application/json
Cookies:		<none>
Multiparts:		<none>
Body:
{
    "email": "newcbaDulTDQW@ya.ru",
    "password": "YCvNwDJmIH",
    "name": "jxHovMMPpu"
}
Request method:	PATCH
Request URI:	https://stellarburgers.nomoreparties.site/api/auth/user
Proxy:			<none>
Request params:	<none>
Query params:	<none>
Form params:	<none>
Path params:	<none>
Headers:		Accept=*/*
				Content-Type=application/json
Cookies:		<none>
Multiparts:		<none>
Body:
{
    "email": "newcbaDulTDQW@ya.ru",
    "password": "YCvNwDJmIH",
    "name": "jxHovMMPpu"
}
Request method:	PATCH
Request URI:	https://stellarburgers.nomoreparties.site/api/auth/user
Proxy:			<none>
Request params:	<none>
Query params:	<none>
Form params:	<none>
Path params:	<none>
Headers:		Accept=*/*
				Content-Type=application/json
Cookies:		<none>
Multiparts:		<none>
Body:
{
    "email": "newcbaDulTDQW@ya.ru",
    "password": "YCvNwDJmIH",
    "name": "jxHovMMPpu"
}
Request method:	PATCH
Request URI:	https://stellarburgers.nomoreparties.site/api/auth/user
Proxy:			<none>
Request params:	<none>
Query params:	<none>
Form params:	<none>
Path params:	<none>
Headers:		Accept=*/*
				Content-Type=application/json
Cookies:		<none>
Multiparts:		<none>
Body:
{
    "email": "newcbaDulTDQW@ya.ru",
    "password": "YCvNwDJmIH",
    "name": "jxHovMMPpu"
}
Request method:	PATCH
Request URI:	https://stellarburgers.nomoreparties.site/api/auth/user
Proxy:			<none>
Request params:	<none>
Query params:	<none>
Form params:	<none>
Path params:	<none>
Headers:		Accept=*/*
				Content-Type=application/json
Cookies:		<none>
Multiparts:		<none>
Body:
{
    "email": "newcbaDulTDQW@ya.ru",
    "password": "YCvNwDJmIH",
    "name": "jxHovMMPpu"
}
Request method:	PATCH
Request URI:	https://stellarburgers.nomoreparties.site/api/auth/user
Proxy:			<none>
Request params:	<none>
Query params:	<none>
Form params:	<none>
Path params:	<none>
Headers:		Accept=*/*
				Content-Type=application/json
Cookies:		<none>
Multiparts:		<none>
Body:
{
    "email": "newcbaDulTDQW@ya.ru",
    "password": "YCvNwDJmIH",
    "name": "jxHovMMPpu"
}
Request method:	PATCH
Request URI:	https://stellarburgers.nomoreparties.site/api/auth/user
Proxy:			<none>
Request params:	<none>
Query params:	<none>
Form params:	<none>
Path params:	<none>
Headers:		Accept=*/*
				Content-Type=application/json
Cookies:		<none>
Multiparts:		<none>
Body:
{
    "email": "newcbaDulTDQW@ya.ru",
    "password": "YCvNwDJmIH",
    "name": "jxHovMMPpu"
}
Request method:	PATCH
Request URI:	https://stellarburgers.nomoreparties.site/api/auth/user
Proxy:			<none>
Request params:	<none>
Query params:	<none>
Form params:	<none>
Path params:	<none>
Headers:		Accept=*/*
				Content-Type=application/json
Cookies:		<none>
Multiparts:		<none>
Body:
{
    "email": "newcbaDulTDQW@ya.ru",
    "password": "YCvNwDJmIH",
    "name": "jxHovMMPpu"
}
Request method:	PATCH
Request URI:	https://stellarburgers.nomoreparties.site/api/auth/user
Proxy:			<none>
Request params:	<none>
Query params:	<none>
Form params:	<none>
Path params:	<none>
Headers:		Accept=*/*
				Content-Type=application/json
Cookies:		<none>
Multiparts:		<none>
Body:
{
    "email": "newcbaDulTDQW@ya.ru",
    "password": "YCvNwDJmIH",
    "name": "jxHovMMPpu"
}
Request method:	PATCH
Request URI:	https://stellarburgers.nomoreparties.site/api/auth/user
Proxy:			<none>
Request params:	<none>
Query params:	<none>
Form params:	<none>
Path params:	<none>
Headers:		Accept=*/*
				Content-Type=application/json
Cookies:		<none>
Multiparts:		<none>
Body:
{
    "email": "newcbaDulTDQW@ya.ru",
    "password": "YCvNwDJmIH",
    "name": "jxHovMMPpu"
}
Request method:	PATCH
Request URI:	https://stellarburgers.nomoreparties.site/api/auth/user
Proxy:			<none>
Request params:	<none>
Query params:	<none>
Form params:	<none>
Path params:	<none>
Headers:		Accept=*/*
				Content-Type=application/json
Cookies:		<none>
Multiparts:		<none>
Body:
{
    "email": "newcbaDulTDQW@ya.ru",
    "password": "YCvNwDJmIH",
    "name": "jxHovMMPpu"
}
Request method:	PATCH
Request URI:	https://stellarburgers.nomoreparties.site/api/auth/user
Proxy:			<none>
Request params:	<none>
Query params:	<none>
Form params:	<none>
Path params:	<none>
Headers:		Accept=*/*
				Content-Type=application/json
Cookies:		<none>
Multiparts:		<none>
Body:
{
    "email": "newcbaDulTDQW@ya.ru",
    "password": "YCvNwDJmIH",
    "name": "jxHovMMPpu"
}
HTTP/1.1 401 Unauthorized
Date: Sun, 30 Jun 2024 15:27:51 GMT
Content-Type: application/json; charset=utf-8
Content-Length: 54
Connection: keep-alive
X-Powered-By: Express
Access-Control-Allow-Origin: *
ETag: W/"36-9ndkQYJpZ8s0sMN790Nuh0MLq/U"
CF-Cache-Status: DYNAMIC
Report-To: {"endpoints":[{"url":"https:\/\/a.nel.cloudflare.com\/report\/v4?s=%2BzWiZ0u3mjVmI0w4ftAXchFJn9JCgdXz7lrza0OG0g1ZQ3gZdIfA0ZMlv97uIqK%2Bm5CQyvMCL1SLy%2FKNsopZfvEWpAJVGXaOqp%2F%2Fu5rFpSC4T3pia5IiO08tCA%2Bmx53JjAOvhghjKzyimY6TZi5cbqdnZ0g%3D"}],"group":"cf-nel","max_age":604800}
NEL: {"success_fraction":0,"report_to":"cf-nel","max_age":604800}
Server: cloudflare
CF-RAY: 89bf2ec8dd3c0e35-AMS
alt-svc: h3=":443"; ma=86400

{
    "success": false,
    "message": "You should be authorised"
}
HTTP/1.1 401 Unauthorized
Date: Sun, 30 Jun 2024 15:27:51 GMT
Content-Type: application/json; charset=utf-8
Content-Length: 54
Connection: keep-alive
X-Powered-By: Express
Access-Control-Allow-Origin: *
ETag: W/"36-9ndkQYJpZ8s0sMN790Nuh0MLq/U"
CF-Cache-Status: DYNAMIC
Report-To: {"endpoints":[{"url":"https:\/\/a.nel.cloudflare.com\/report\/v4?s=%2BzWiZ0u3mjVmI0w4ftAXchFJn9JCgdXz7lrza0OG0g1ZQ3gZdIfA0ZMlv97uIqK%2Bm5CQyvMCL1SLy%2FKNsopZfvEWpAJVGXaOqp%2F%2Fu5rFpSC4T3pia5IiO08tCA%2Bmx53JjAOvhghjKzyimY6TZi5cbqdnZ0g%3D"}],"group":"cf-nel","max_age":604800}
NEL: {"success_fraction":0,"report_to":"cf-nel","max_age":604800}
Server: cloudflare
CF-RAY: 89bf2ec8dd3c0e35-AMS
alt-svc: h3=":443"; ma=86400

{
    "success": false,
    "message": "You should be authorised"
}
HTTP/1.1 401 Unauthorized
Date: Sun, 30 Jun 2024 15:27:51 GMT
Content-Type: application/json; charset=utf-8
Content-Length: 54
Connection: keep-alive
X-Powered-By: Express
Access-Control-Allow-Origin: *
ETag: W/"36-9ndkQYJpZ8s0sMN790Nuh0MLq/U"
CF-Cache-Status: DYNAMIC
Report-To: {"endpoints":[{"url":"https:\/\/a.nel.cloudflare.com\/report\/v4?s=%2BzWiZ0u3mjVmI0w4ftAXchFJn9JCgdXz7lrza0OG0g1ZQ3gZdIfA0ZMlv97uIqK%2Bm5CQyvMCL1SLy%2FKNsopZfvEWpAJVGXaOqp%2F%2Fu5rFpSC4T3pia5IiO08tCA%2Bmx53JjAOvhghjKzyimY6TZi5cbqdnZ0g%3D"}],"group":"cf-nel","max_age":604800}
NEL: {"success_fraction":0,"report_to":"cf-nel","max_age":604800}
Server: cloudflare
CF-RAY: 89bf2ec8dd3c0e35-AMS
alt-svc: h3=":443"; ma=86400

{
    "success": false,
    "message": "You should be authorised"
}
HTTP/1.1 401 Unauthorized
Date: Sun, 30 Jun 2024 15:27:51 GMT
Content-Type: application/json; charset=utf-8
Content-Length: 54
Connection: keep-alive
X-Powered-By: Express
Access-Control-Allow-Origin: *
ETag: W/"36-9ndkQYJpZ8s0sMN790Nuh0MLq/U"
CF-Cache-Status: DYNAMIC
Report-To: {"endpoints":[{"url":"https:\/\/a.nel.cloudflare.com\/report\/v4?s=%2BzWiZ0u3mjVmI0w4ftAXchFJn9JCgdXz7lrza0OG0g1ZQ3gZdIfA0ZMlv97uIqK%2Bm5CQyvMCL1SLy%2FKNsopZfvEWpAJVGXaOqp%2F%2Fu5rFpSC4T3pia5IiO08tCA%2Bmx53JjAOvhghjKzyimY6TZi5cbqdnZ0g%3D"}],"group":"cf-nel","max_age":604800}
NEL: {"success_fraction":0,"report_to":"cf-nel","max_age":604800}
Server: cloudflare
CF-RAY: 89bf2ec8dd3c0e35-AMS
alt-svc: h3=":443"; ma=86400

{
    "success": false,
    "message": "You should be authorised"
}
HTTP/1.1 401 Unauthorized
Date: Sun, 30 Jun 2024 15:27:51 GMT
Content-Type: application/json; charset=utf-8
Content-Length: 54
Connection: keep-alive
X-Powered-By: Express
Access-Control-Allow-Origin: *
ETag: W/"36-9ndkQYJpZ8s0sMN790Nuh0MLq/U"
CF-Cache-Status: DYNAMIC
Report-To: {"endpoints":[{"url":"https:\/\/a.nel.cloudflare.com\/report\/v4?s=%2BzWiZ0u3mjVmI0w4ftAXchFJn9JCgdXz7lrza0OG0g1ZQ3gZdIfA0ZMlv97uIqK%2Bm5CQyvMCL1SLy%2FKNsopZfvEWpAJVGXaOqp%2F%2Fu5rFpSC4T3pia5IiO08tCA%2Bmx53JjAOvhghjKzyimY6TZi5cbqdnZ0g%3D"}],"group":"cf-nel","max_age":604800}
NEL: {"success_fraction":0,"report_to":"cf-nel","max_age":604800}
Server: cloudflare
CF-RAY: 89bf2ec8dd3c0e35-AMS
alt-svc: h3=":443"; ma=86400

{
    "success": false,
    "message": "You should be authorised"
}
HTTP/1.1 401 Unauthorized
Date: Sun, 30 Jun 2024 15:27:51 GMT
Content-Type: application/json; charset=utf-8
Content-Length: 54
Connection: keep-alive
X-Powered-By: Express
Access-Control-Allow-Origin: *
ETag: W/"36-9ndkQYJpZ8s0sMN790Nuh0MLq/U"
CF-Cache-Status: DYNAMIC
Report-To: {"endpoints":[{"url":"https:\/\/a.nel.cloudflare.com\/report\/v4?s=%2BzWiZ0u3mjVmI0w4ftAXchFJn9JCgdXz7lrza0OG0g1ZQ3gZdIfA0ZMlv97uIqK%2Bm5CQyvMCL1SLy%2FKNsopZfvEWpAJVGXaOqp%2F%2Fu5rFpSC4T3pia5IiO08tCA%2Bmx53JjAOvhghjKzyimY6TZi5cbqdnZ0g%3D"}],"group":"cf-nel","max_age":604800}
NEL: {"success_fraction":0,"report_to":"cf-nel","max_age":604800}
Server: cloudflare
CF-RAY: 89bf2ec8dd3c0e35-AMS
alt-svc: h3=":443"; ma=86400

{
    "success": false,
    "message": "You should be authorised"
}
HTTP/1.1 401 Unauthorized
Date: Sun, 30 Jun 2024 15:27:51 GMT
Content-Type: application/json; charset=utf-8
Content-Length: 54
Connection: keep-alive
X-Powered-By: Express
Access-Control-Allow-Origin: *
ETag: W/"36-9ndkQYJpZ8s0sMN790Nuh0MLq/U"
CF-Cache-Status: DYNAMIC
Report-To: {"endpoints":[{"url":"https:\/\/a.nel.cloudflare.com\/report\/v4?s=%2BzWiZ0u3mjVmI0w4ftAXchFJn9JCgdXz7lrza0OG0g1ZQ3gZdIfA0ZMlv97uIqK%2Bm5CQyvMCL1SLy%2FKNsopZfvEWpAJVGXaOqp%2F%2Fu5rFpSC4T3pia5IiO08tCA%2Bmx53JjAOvhghjKzyimY6TZi5cbqdnZ0g%3D"}],"group":"cf-nel","max_age":604800}
NEL: {"success_fraction":0,"report_to":"cf-nel","max_age":604800}
Server: cloudflare
CF-RAY: 89bf2ec8dd3c0e35-AMS
alt-svc: h3=":443"; ma=86400

{
    "success": false,
    "message": "You should be authorised"
}
HTTP/1.1 401 Unauthorized
Date: Sun, 30 Jun 2024 15:27:51 GMT
Content-Type: application/json; charset=utf-8
Content-Length: 54
Connection: keep-alive
X-Powered-By: Express
Access-Control-Allow-Origin: *
ETag: W/"36-9ndkQYJpZ8s0sMN790Nuh0MLq/U"
CF-Cache-Status: DYNAMIC
Report-To: {"endpoints":[{"url":"https:\/\/a.nel.cloudflare.com\/report\/v4?s=%2BzWiZ0u3mjVmI0w4ftAXchFJn9JCgdXz7lrza0OG0g1ZQ3gZdIfA0ZMlv97uIqK%2Bm5CQyvMCL1SLy%2FKNsopZfvEWpAJVGXaOqp%2F%2Fu5rFpSC4T3pia5IiO08tCA%2Bmx53JjAOvhghjKzyimY6TZi5cbqdnZ0g%3D"}],"group":"cf-nel","max_age":604800}
NEL: {"success_fraction":0,"report_to":"cf-nel","max_age":604800}
Server: cloudflare
CF-RAY: 89bf2ec8dd3c0e35-AMS
alt-svc: h3=":443"; ma=86400

{
    "success": false,
    "message": "You should be authorised"
}
HTTP/1.1 401 Unauthorized
Date: Sun, 30 Jun 2024 15:27:51 GMT
Content-Type: application/json; charset=utf-8
Content-Length: 54
Connection: keep-alive
X-Powered-By: Express
Access-Control-Allow-Origin: *
ETag: W/"36-9ndkQYJpZ8s0sMN790Nuh0MLq/U"
CF-Cache-Status: DYNAMIC
Report-To: {"endpoints":[{"url":"https:\/\/a.nel.cloudflare.com\/report\/v4?s=%2BzWiZ0u3mjVmI0w4ftAXchFJn9JCgdXz7lrza0OG0g1ZQ3gZdIfA0ZMlv97uIqK%2Bm5CQyvMCL1SLy%2FKNsopZfvEWpAJVGXaOqp%2F%2Fu5rFpSC4T3pia5IiO08tCA%2Bmx53JjAOvhghjKzyimY6TZi5cbqdnZ0g%3D"}],"group":"cf-nel","max_age":604800}
NEL: {"success_fraction":0,"report_to":"cf-nel","max_age":604800}
Server: cloudflare
CF-RAY: 89bf2ec8dd3c0e35-AMS
alt-svc: h3=":443"; ma=86400

{
    "success": false,
    "message": "You should be authorised"
}
HTTP/1.1 401 Unauthorized
Date: Sun, 30 Jun 2024 15:27:51 GMT
Content-Type: application/json; charset=utf-8
Content-Length: 54
Connection: keep-alive
X-Powered-By: Express
Access-Control-Allow-Origin: *
ETag: W/"36-9ndkQYJpZ8s0sMN790Nuh0MLq/U"
CF-Cache-Status: DYNAMIC
Report-To: {"endpoints":[{"url":"https:\/\/a.nel.cloudflare.com\/report\/v4?s=%2BzWiZ0u3mjVmI0w4ftAXchFJn9JCgdXz7lrza0OG0g1ZQ3gZdIfA0ZMlv97uIqK%2Bm5CQyvMCL1SLy%2FKNsopZfvEWpAJVGXaOqp%2F%2Fu5rFpSC4T3pia5IiO08tCA%2Bmx53JjAOvhghjKzyimY6TZi5cbqdnZ0g%3D"}],"group":"cf-nel","max_age":604800}
NEL: {"success_fraction":0,"report_to":"cf-nel","max_age":604800}
Server: cloudflare
CF-RAY: 89bf2ec8dd3c0e35-AMS
alt-svc: h3=":443"; ma=86400

{
    "success": false,
    "message": "You should be authorised"
}
HTTP/1.1 401 Unauthorized
Date: Sun, 30 Jun 2024 15:27:51 GMT
Content-Type: application/json; charset=utf-8
Content-Length: 54
Connection: keep-alive
X-Powered-By: Express
Access-Control-Allow-Origin: *
ETag: W/"36-9ndkQYJpZ8s0sMN790Nuh0MLq/U"
CF-Cache-Status: DYNAMIC
Report-To: {"endpoints":[{"url":"https:\/\/a.nel.cloudflare.com\/report\/v4?s=%2BzWiZ0u3mjVmI0w4ftAXchFJn9JCgdXz7lrza0OG0g1ZQ3gZdIfA0ZMlv97uIqK%2Bm5CQyvMCL1SLy%2FKNsopZfvEWpAJVGXaOqp%2F%2Fu5rFpSC4T3pia5IiO08tCA%2Bmx53JjAOvhghjKzyimY6TZi5cbqdnZ0g%3D"}],"group":"cf-nel","max_age":604800}
NEL: {"success_fraction":0,"report_to":"cf-nel","max_age":604800}
Server: cloudflare
CF-RAY: 89bf2ec8dd3c0e35-AMS
alt-svc: h3=":443"; ma=86400

{
    "success": false,
    "message": "You should be authorised"
}
HTTP/1.1 401 Unauthorized
Date: Sun, 30 Jun 2024 15:27:51 GMT
Content-Type: application/json; charset=utf-8
Content-Length: 54
Connection: keep-alive
X-Powered-By: Express
Access-Control-Allow-Origin: *
ETag: W/"36-9ndkQYJpZ8s0sMN790Nuh0MLq/U"
CF-Cache-Status: DYNAMIC
Report-To: {"endpoints":[{"url":"https:\/\/a.nel.cloudflare.com\/report\/v4?s=%2BzWiZ0u3mjVmI0w4ftAXchFJn9JCgdXz7lrza0OG0g1ZQ3gZdIfA0ZMlv97uIqK%2Bm5CQyvMCL1SLy%2FKNsopZfvEWpAJVGXaOqp%2F%2Fu5rFpSC4T3pia5IiO08tCA%2Bmx53JjAOvhghjKzyimY6TZi5cbqdnZ0g%3D"}],"group":"cf-nel","max_age":604800}
NEL: {"success_fraction":0,"report_to":"cf-nel","max_age":604800}
Server: cloudflare
CF-RAY: 89bf2ec8dd3c0e35-AMS
alt-svc: h3=":443"; ma=86400

{
    "success": false,
    "message": "You should be authorised"
}
HTTP/1.1 401 Unauthorized
Date: Sun, 30 Jun 2024 15:27:51 GMT
Content-Type: application/json; charset=utf-8
Content-Length: 54
Connection: keep-alive
X-Powered-By: Express
Access-Control-Allow-Origin: *
ETag: W/"36-9ndkQYJpZ8s0sMN790Nuh0MLq/U"
CF-Cache-Status: DYNAMIC
Report-To: {"endpoints":[{"url":"https:\/\/a.nel.cloudflare.com\/report\/v4?s=%2BzWiZ0u3mjVmI0w4ftAXchFJn9JCgdXz7lrza0OG0g1ZQ3gZdIfA0ZMlv97uIqK%2Bm5CQyvMCL1SLy%2FKNsopZfvEWpAJVGXaOqp%2F%2Fu5rFpSC4T3pia5IiO08tCA%2Bmx53JjAOvhghjKzyimY6TZi5cbqdnZ0g%3D"}],"group":"cf-nel","max_age":604800}
NEL: {"success_fraction":0,"report_to":"cf-nel","max_age":604800}
Server: cloudflare
CF-RAY: 89bf2ec8dd3c0e35-AMS
alt-svc: h3=":443"; ma=86400

{
    "success": false,
    "message": "You should be authorised"
}
HTTP/1.1 401 Unauthorized
Date: Sun, 30 Jun 2024 15:27:51 GMT
Content-Type: application/json; charset=utf-8
Content-Length: 54
Connection: keep-alive
X-Powered-By: Express
Access-Control-Allow-Origin: *
ETag: W/"36-9ndkQYJpZ8s0sMN790Nuh0MLq/U"
CF-Cache-Status: DYNAMIC
Report-To: {"endpoints":[{"url":"https:\/\/a.nel.cloudflare.com\/report\/v4?s=%2BzWiZ0u3mjVmI0w4ftAXchFJn9JCgdXz7lrza0OG0g1ZQ3gZdIfA0ZMlv97uIqK%2Bm5CQyvMCL1SLy%2FKNsopZfvEWpAJVGXaOqp%2F%2Fu5rFpSC4T3pia5IiO08tCA%2Bmx53JjAOvhghjKzyimY6TZi5cbqdnZ0g%3D"}],"group":"cf-nel","max_age":604800}
NEL: {"success_fraction":0,"report_to":"cf-nel","max_age":604800}
Server: cloudflare
CF-RAY: 89bf2ec8dd3c0e35-AMS
alt-svc: h3=":443"; ma=86400

{
    "success": false,
    "message": "You should be authorised"
}
HTTP/1.1 401 Unauthorized
Date: Sun, 30 Jun 2024 15:27:51 GMT
Content-Type: application/json; charset=utf-8
Content-Length: 54
Connection: keep-alive
X-Powered-By: Express
Access-Control-Allow-Origin: *
ETag: W/"36-9ndkQYJpZ8s0sMN790Nuh0MLq/U"
CF-Cache-Status: DYNAMIC
Report-To: {"endpoints":[{"url":"https:\/\/a.nel.cloudflare.com\/report\/v4?s=%2BzWiZ0u3mjVmI0w4ftAXchFJn9JCgdXz7lrza0OG0g1ZQ3gZdIfA0ZMlv97uIqK%2Bm5CQyvMCL1SLy%2FKNsopZfvEWpAJVGXaOqp%2F%2Fu5rFpSC4T3pia5IiO08tCA%2Bmx53JjAOvhghjKzyimY6TZi5cbqdnZ0g%3D"}],"group":"cf-nel","max_age":604800}
NEL: {"success_fraction":0,"report_to":"cf-nel","max_age":604800}
Server: cloudflare
CF-RAY: 89bf2ec8dd3c0e35-AMS
alt-svc: h3=":443"; ma=86400

{
    "success": false,
    "message": "You should be authorised"
}
HTTP/1.1 401 Unauthorized
Date: Sun, 30 Jun 2024 15:27:51 GMT
Content-Type: application/json; charset=utf-8
Content-Length: 54
Connection: keep-alive
X-Powered-By: Express
Access-Control-Allow-Origin: *
ETag: W/"36-9ndkQYJpZ8s0sMN790Nuh0MLq/U"
CF-Cache-Status: DYNAMIC
Report-To: {"endpoints":[{"url":"https:\/\/a.nel.cloudflare.com\/report\/v4?s=%2BzWiZ0u3mjVmI0w4ftAXchFJn9JCgdXz7lrza0OG0g1ZQ3gZdIfA0ZMlv97uIqK%2Bm5CQyvMCL1SLy%2FKNsopZfvEWpAJVGXaOqp%2F%2Fu5rFpSC4T3pia5IiO08tCA%2Bmx53JjAOvhghjKzyimY6TZi5cbqdnZ0g%3D"}],"group":"cf-nel","max_age":604800}
NEL: {"success_fraction":0,"report_to":"cf-nel","max_age":604800}
Server: cloudflare
CF-RAY: 89bf2ec8dd3c0e35-AMS
alt-svc: h3=":443"; ma=86400

{
    "success": false,
    "message": "You should be authorised"
}
HTTP/1.1 401 Unauthorized
Date: Sun, 30 Jun 2024 15:27:51 GMT
Content-Type: application/json; charset=utf-8
Content-Length: 54
Connection: keep-alive
X-Powered-By: Express
Access-Control-Allow-Origin: *
ETag: W/"36-9ndkQYJpZ8s0sMN790Nuh0MLq/U"
CF-Cache-Status: DYNAMIC
Report-To: {"endpoints":[{"url":"https:\/\/a.nel.cloudflare.com\/report\/v4?s=%2BzWiZ0u3mjVmI0w4ftAXchFJn9JCgdXz7lrza0OG0g1ZQ3gZdIfA0ZMlv97uIqK%2Bm5CQyvMCL1SLy%2FKNsopZfvEWpAJVGXaOqp%2F%2Fu5rFpSC4T3pia5IiO08tCA%2Bmx53JjAOvhghjKzyimY6TZi5cbqdnZ0g%3D"}],"group":"cf-nel","max_age":604800}
NEL: {"success_fraction":0,"report_to":"cf-nel","max_age":604800}
Server: cloudflare
CF-RAY: 89bf2ec8dd3c0e35-AMS
alt-svc: h3=":443"; ma=86400

{
    "success": false,
    "message": "You should be authorised"
}
HTTP/1.1 401 Unauthorized
Date: Sun, 30 Jun 2024 15:27:51 GMT
Content-Type: application/json; charset=utf-8
Content-Length: 54
Connection: keep-alive
X-Powered-By: Express
Access-Control-Allow-Origin: *
ETag: W/"36-9ndkQYJpZ8s0sMN790Nuh0MLq/U"
CF-Cache-Status: DYNAMIC
Report-To: {"endpoints":[{"url":"https:\/\/a.nel.cloudflare.com\/report\/v4?s=%2BzWiZ0u3mjVmI0w4ftAXchFJn9JCgdXz7lrza0OG0g1ZQ3gZdIfA0ZMlv97uIqK%2Bm5CQyvMCL1SLy%2FKNsopZfvEWpAJVGXaOqp%2F%2Fu5rFpSC4T3pia5IiO08tCA%2Bmx53JjAOvhghjKzyimY6TZi5cbqdnZ0g%3D"}],"group":"cf-nel","max_age":604800}
NEL: {"success_fraction":0,"report_to":"cf-nel","max_age":604800}
Server: cloudflare
CF-RAY: 89bf2ec8dd3c0e35-AMS
alt-svc: h3=":443"; ma=86400

{
    "success": false,
    "message": "You should be authorised"
}
HTTP/1.1 401 Unauthorized
Date: Sun, 30 Jun 2024 15:27:51 GMT
Content-Type: application/json; charset=utf-8
Content-Length: 54
Connection: keep-alive
X-Powered-By: Express
Access-Control-Allow-Origin: *
ETag: W/"36-9ndkQYJpZ8s0sMN790Nuh0MLq/U"
CF-Cache-Status: DYNAMIC
Report-To: {"endpoints":[{"url":"https:\/\/a.nel.cloudflare.com\/report\/v4?s=%2BzWiZ0u3mjVmI0w4ftAXchFJn9JCgdXz7lrza0OG0g1ZQ3gZdIfA0ZMlv97uIqK%2Bm5CQyvMCL1SLy%2FKNsopZfvEWpAJVGXaOqp%2F%2Fu5rFpSC4T3pia5IiO08tCA%2Bmx53JjAOvhghjKzyimY6TZi5cbqdnZ0g%3D"}],"group":"cf-nel","max_age":604800}
NEL: {"success_fraction":0,"report_to":"cf-nel","max_age":604800}
Server: cloudflare
CF-RAY: 89bf2ec8dd3c0e35-AMS
alt-svc: h3=":443"; ma=86400

{
    "success": false,
    "message": "You should be authorised"
}
HTTP/1.1 401 Unauthorized
Date: Sun, 30 Jun 2024 15:27:51 GMT
Content-Type: application/json; charset=utf-8
Content-Length: 54
Connection: keep-alive
X-Powered-By: Express
Access-Control-Allow-Origin: *
ETag: W/"36-9ndkQYJpZ8s0sMN790Nuh0MLq/U"
CF-Cache-Status: DYNAMIC
Report-To: {"endpoints":[{"url":"https:\/\/a.nel.cloudflare.com\/report\/v4?s=%2BzWiZ0u3mjVmI0w4ftAXchFJn9JCgdXz7lrza0OG0g1ZQ3gZdIfA0ZMlv97uIqK%2Bm5CQyvMCL1SLy%2FKNsopZfvEWpAJVGXaOqp%2F%2Fu5rFpSC4T3pia5IiO08tCA%2Bmx53JjAOvhghjKzyimY6TZi5cbqdnZ0g%3D"}],"group":"cf-nel","max_age":604800}
NEL: {"success_fraction":0,"report_to":"cf-nel","max_age":604800}
Server: cloudflare
CF-RAY: 89bf2ec8dd3c0e35-AMS
alt-svc: h3=":443"; ma=86400

{
    "success": false,
    "message": "You should be authorised"
}
HTTP/1.1 401 Unauthorized
Date: Sun, 30 Jun 2024 15:27:51 GMT
Content-Type: application/json; charset=utf-8
Content-Length: 54
Connection: keep-alive
X-Powered-By: Express
Access-Control-Allow-Origin: *
ETag: W/"36-9ndkQYJpZ8s0sMN790Nuh0MLq/U"
CF-Cache-Status: DYNAMIC
Report-To: {"endpoints":[{"url":"https:\/\/a.nel.cloudflare.com\/report\/v4?s=%2BzWiZ0u3mjVmI0w4ftAXchFJn9JCgdXz7lrza0OG0g1ZQ3gZdIfA0ZMlv97uIqK%2Bm5CQyvMCL1SLy%2FKNsopZfvEWpAJVGXaOqp%2F%2Fu5rFpSC4T3pia5IiO08tCA%2Bmx53JjAOvhghjKzyimY6TZi5cbqdnZ0g%3D"}],"group":"cf-nel","max_age":604800}
NEL: {"success_fraction":0,"report_to":"cf-nel","max_age":604800}
Server: cloudflare
CF-RAY: 89bf2ec8dd3c0e35-AMS
alt-svc: h3=":443"; ma=86400

{
    "success": false,
    "message": "You should be authorised"
}
HTTP/1.1 401 Unauthorized
Date: Sun, 30 Jun 2024 15:27:51 GMT
Content-Type: application/json; charset=utf-8
Content-Length: 54
Connection: keep-alive
X-Powered-By: Express
Access-Control-Allow-Origin: *
ETag: W/"36-9ndkQYJpZ8s0sMN790Nuh0MLq/U"
CF-Cache-Status: DYNAMIC
Report-To: {"endpoints":[{"url":"https:\/\/a.nel.cloudflare.com\/report\/v4?s=%2BzWiZ0u3mjVmI0w4ftAXchFJn9JCgdXz7lrza0OG0g1ZQ3gZdIfA0ZMlv97uIqK%2Bm5CQyvMCL1SLy%2FKNsopZfvEWpAJVGXaOqp%2F%2Fu5rFpSC4T3pia5IiO08tCA%2Bmx53JjAOvhghjKzyimY6TZi5cbqdnZ0g%3D"}],"group":"cf-nel","max_age":604800}
NEL: {"success_fraction":0,"report_to":"cf-nel","max_age":604800}
Server: cloudflare
CF-RAY: 89bf2ec8dd3c0e35-AMS
alt-svc: h3=":443"; ma=86400

{
    "success": false,
    "message": "You should be authorised"
}
HTTP/1.1 401 Unauthorized
Date: Sun, 30 Jun 2024 15:27:51 GMT
Content-Type: application/json; charset=utf-8
Content-Length: 54
Connection: keep-alive
X-Powered-By: Express
Access-Control-Allow-Origin: *
ETag: W/"36-9ndkQYJpZ8s0sMN790Nuh0MLq/U"
CF-Cache-Status: DYNAMIC
Report-To: {"endpoints":[{"url":"https:\/\/a.nel.cloudflare.com\/report\/v4?s=%2BzWiZ0u3mjVmI0w4ftAXchFJn9JCgdXz7lrza0OG0g1ZQ3gZdIfA0ZMlv97uIqK%2Bm5CQyvMCL1SLy%2FKNsopZfvEWpAJVGXaOqp%2F%2Fu5rFpSC4T3pia5IiO08tCA%2Bmx53JjAOvhghjKzyimY6TZi5cbqdnZ0g%3D"}],"group":"cf-nel","max_age":604800}
NEL: {"success_fraction":0,"report_to":"cf-nel","max_age":604800}
Server: cloudflare
CF-RAY: 89bf2ec8dd3c0e35-AMS
alt-svc: h3=":443"; ma=86400

{
    "success": false,
    "message": "You should be authorised"
}
HTTP/1.1 401 Unauthorized
Date: Sun, 30 Jun 2024 15:27:51 GMT
Content-Type: application/json; charset=utf-8
Content-Length: 54
Connection: keep-alive
X-Powered-By: Express
Access-Control-Allow-Origin: *
ETag: W/"36-9ndkQYJpZ8s0sMN790Nuh0MLq/U"
CF-Cache-Status: DYNAMIC
Report-To: {"endpoints":[{"url":"https:\/\/a.nel.cloudflare.com\/report\/v4?s=%2BzWiZ0u3mjVmI0w4ftAXchFJn9JCgdXz7lrza0OG0g1ZQ3gZdIfA0ZMlv97uIqK%2Bm5CQyvMCL1SLy%2FKNsopZfvEWpAJVGXaOqp%2F%2Fu5rFpSC4T3pia5IiO08tCA%2Bmx53JjAOvhghjKzyimY6TZi5cbqdnZ0g%3D"}],"group":"cf-nel","max_age":604800}
NEL: {"success_fraction":0,"report_to":"cf-nel","max_age":604800}
Server: cloudflare
CF-RAY: 89bf2ec8dd3c0e35-AMS
alt-svc: h3=":443"; ma=86400

{
    "success": false,
    "message": "You should be authorised"
}
HTTP/1.1 401 Unauthorized
Date: Sun, 30 Jun 2024 15:27:51 GMT
Content-Type: application/json; charset=utf-8
Content-Length: 54
Connection: keep-alive
X-Powered-By: Express
Access-Control-Allow-Origin: *
ETag: W/"36-9ndkQYJpZ8s0sMN790Nuh0MLq/U"
CF-Cache-Status: DYNAMIC
Report-To: {"endpoints":[{"url":"https:\/\/a.nel.cloudflare.com\/report\/v4?s=%2BzWiZ0u3mjVmI0w4ftAXchFJn9JCgdXz7lrza0OG0g1ZQ3gZdIfA0ZMlv97uIqK%2Bm5CQyvMCL1SLy%2FKNsopZfvEWpAJVGXaOqp%2F%2Fu5rFpSC4T3pia5IiO08tCA%2Bmx53JjAOvhghjKzyimY6TZi5cbqdnZ0g%3D"}],"group":"cf-nel","max_age":604800}
NEL: {"success_fraction":0,"report_to":"cf-nel","max_age":604800}
Server: cloudflare
CF-RAY: 89bf2ec8dd3c0e35-AMS
alt-svc: h3=":443"; ma=86400

{
    "success": false,
    "message": "You should be authorised"
}
HTTP/1.1 401 Unauthorized
Date: Sun, 30 Jun 2024 15:27:51 GMT
Content-Type: application/json; charset=utf-8
Content-Length: 54
Connection: keep-alive
X-Powered-By: Express
Access-Control-Allow-Origin: *
ETag: W/"36-9ndkQYJpZ8s0sMN790Nuh0MLq/U"
CF-Cache-Status: DYNAMIC
Report-To: {"endpoints":[{"url":"https:\/\/a.nel.cloudflare.com\/report\/v4?s=%2BzWiZ0u3mjVmI0w4ftAXchFJn9JCgdXz7lrza0OG0g1ZQ3gZdIfA0ZMlv97uIqK%2Bm5CQyvMCL1SLy%2FKNsopZfvEWpAJVGXaOqp%2F%2Fu5rFpSC4T3pia5IiO08tCA%2Bmx53JjAOvhghjKzyimY6TZi5cbqdnZ0g%3D"}],"group":"cf-nel","max_age":604800}
NEL: {"success_fraction":0,"report_to":"cf-nel","max_age":604800}
Server: cloudflare
CF-RAY: 89bf2ec8dd3c0e35-AMS
alt-svc: h3=":443"; ma=86400

{
    "success": false,
    "message": "You should be authorised"
}
HTTP/1.1 401 Unauthorized
Date: Sun, 30 Jun 2024 15:27:51 GMT
Content-Type: application/json; charset=utf-8
Content-Length: 54
Connection: keep-alive
X-Powered-By: Express
Access-Control-Allow-Origin: *
ETag: W/"36-9ndkQYJpZ8s0sMN790Nuh0MLq/U"
CF-Cache-Status: DYNAMIC
Report-To: {"endpoints":[{"url":"https:\/\/a.nel.cloudflare.com\/report\/v4?s=%2BzWiZ0u3mjVmI0w4ftAXchFJn9JCgdXz7lrza0OG0g1ZQ3gZdIfA0ZMlv97uIqK%2Bm5CQyvMCL1SLy%2FKNsopZfvEWpAJVGXaOqp%2F%2Fu5rFpSC4T3pia5IiO08tCA%2Bmx53JjAOvhghjKzyimY6TZi5cbqdnZ0g%3D"}],"group":"cf-nel","max_age":604800}
NEL: {"success_fraction":0,"report_to":"cf-nel","max_age":604800}
Server: cloudflare
CF-RAY: 89bf2ec8dd3c0e35-AMS
alt-svc: h3=":443"; ma=86400

{
    "success": false,
    "message": "You should be authorised"
}
HTTP/1.1 401 Unauthorized
Date: Sun, 30 Jun 2024 15:27:51 GMT
Content-Type: application/json; charset=utf-8
Content-Length: 54
Connection: keep-alive
X-Powered-By: Express
Access-Control-Allow-Origin: *
ETag: W/"36-9ndkQYJpZ8s0sMN790Nuh0MLq/U"
CF-Cache-Status: DYNAMIC
Report-To: {"endpoints":[{"url":"https:\/\/a.nel.cloudflare.com\/report\/v4?s=%2BzWiZ0u3mjVmI0w4ftAXchFJn9JCgdXz7lrza0OG0g1ZQ3gZdIfA0ZMlv97uIqK%2Bm5CQyvMCL1SLy%2FKNsopZfvEWpAJVGXaOqp%2F%2Fu5rFpSC4T3pia5IiO08tCA%2Bmx53JjAOvhghjKzyimY6TZi5cbqdnZ0g%3D"}],"group":"cf-nel","max_age":604800}
NEL: {"success_fraction":0,"report_to":"cf-nel","max_age":604800}
Server: cloudflare
CF-RAY: 89bf2ec8dd3c0e35-AMS
alt-svc: h3=":443"; ma=86400

{
    "success": false,
    "message": "You should be authorised"
}
HTTP/1.1 401 Unauthorized
Date: Sun, 30 Jun 2024 15:27:51 GMT
Content-Type: application/json; charset=utf-8
Content-Length: 54
Connection: keep-alive
X-Powered-By: Express
Access-Control-Allow-Origin: *
ETag: W/"36-9ndkQYJpZ8s0sMN790Nuh0MLq/U"
CF-Cache-Status: DYNAMIC
Report-To: {"endpoints":[{"url":"https:\/\/a.nel.cloudflare.com\/report\/v4?s=%2BzWiZ0u3mjVmI0w4ftAXchFJn9JCgdXz7lrza0OG0g1ZQ3gZdIfA0ZMlv97uIqK%2Bm5CQyvMCL1SLy%2FKNsopZfvEWpAJVGXaOqp%2F%2Fu5rFpSC4T3pia5IiO08tCA%2Bmx53JjAOvhghjKzyimY6TZi5cbqdnZ0g%3D"}],"group":"cf-nel","max_age":604800}
NEL: {"success_fraction":0,"report_to":"cf-nel","max_age":604800}
Server: cloudflare
CF-RAY: 89bf2ec8dd3c0e35-AMS
alt-svc: h3=":443"; ma=86400

{
    "success": false,
    "message": "You should be authorised"
}
HTTP/1.1 401 Unauthorized
Date: Sun, 30 Jun 2024 15:27:51 GMT
Content-Type: application/json; charset=utf-8
Content-Length: 54
Connection: keep-alive
X-Powered-By: Express
Access-Control-Allow-Origin: *
ETag: W/"36-9ndkQYJpZ8s0sMN790Nuh0MLq/U"
CF-Cache-Status: DYNAMIC
Report-To: {"endpoints":[{"url":"https:\/\/a.nel.cloudflare.com\/report\/v4?s=%2BzWiZ0u3mjVmI0w4ftAXchFJn9JCgdXz7lrza0OG0g1ZQ3gZdIfA0ZMlv97uIqK%2Bm5CQyvMCL1SLy%2FKNsopZfvEWpAJVGXaOqp%2F%2Fu5rFpSC4T3pia5IiO08tCA%2Bmx53JjAOvhghjKzyimY6TZi5cbqdnZ0g%3D"}],"group":"cf-nel","max_age":604800}
NEL: {"success_fraction":0,"report_to":"cf-nel","max_age":604800}
Server: cloudflare
CF-RAY: 89bf2ec8dd3c0e35-AMS
alt-svc: h3=":443"; ma=86400

{
    "success": false,
    "message": "You should be authorised"
}
HTTP/1.1 401 Unauthorized
Date: Sun, 30 Jun 2024 15:27:51 GMT
Content-Type: application/json; charset=utf-8
Content-Length: 54
Connection: keep-alive
X-Powered-By: Express
Access-Control-Allow-Origin: *
ETag: W/"36-9ndkQYJpZ8s0sMN790Nuh0MLq/U"
CF-Cache-Status: DYNAMIC
Report-To: {"endpoints":[{"url":"https:\/\/a.nel.cloudflare.com\/report\/v4?s=%2BzWiZ0u3mjVmI0w4ftAXchFJn9JCgdXz7lrza0OG0g1ZQ3gZdIfA0ZMlv97uIqK%2Bm5CQyvMCL1SLy%2FKNsopZfvEWpAJVGXaOqp%2F%2Fu5rFpSC4T3pia5IiO08tCA%2Bmx53JjAOvhghjKzyimY6TZi5cbqdnZ0g%3D"}],"group":"cf-nel","max_age":604800}
NEL: {"success_fraction":0,"report_to":"cf-nel","max_age":604800}
Server: cloudflare
CF-RAY: 89bf2ec8dd3c0e35-AMS
alt-svc: h3=":443"; ma=86400

{
    "success": false,
    "message": "You should be authorised"
}
Request method:	DELETE
Request URI:	https://stellarburgers.nomoreparties.site/api/auth/user
Proxy:			<none>
Request params:	<none>
Query params:	<none>
Form params:	<none>
Path params:	<none>
Headers:		authorization=Bearer eyJhbGciOiJIUzI1NiIsInR5cCI6IkpXVCJ9.eyJpZCI6IjY2ODE3OTc2OWVkMjgwMDAxYjQ1OTYxOSIsImlhdCI6MTcxOTc2MTI3MCwiZXhwIjoxNzE5NzYyNDcwfQ.cXWPnSSLn8vk9_ab6VzwLvWhsYAUhMH2edbvGwJEPls
				Accept=*/*
				Content-Type=application/json
Cookies:		<none>
Multiparts:		<none>
Body:			<none>
Request method:	DELETE
Request URI:	https://stellarburgers.nomoreparties.site/api/auth/user
Proxy:			<none>
Request params:	<none>
Query params:	<none>
Form params:	<none>
Path params:	<none>
Headers:		authorization=Bearer eyJhbGciOiJIUzI1NiIsInR5cCI6IkpXVCJ9.eyJpZCI6IjY2ODE3OTc2OWVkMjgwMDAxYjQ1OTYxOSIsImlhdCI6MTcxOTc2MTI3MCwiZXhwIjoxNzE5NzYyNDcwfQ.cXWPnSSLn8vk9_ab6VzwLvWhsYAUhMH2edbvGwJEPls
				Accept=*/*
				Content-Type=application/json
Cookies:		<none>
Multiparts:		<none>
Body:			<none>
Request method:	DELETE
Request URI:	https://stellarburgers.nomoreparties.site/api/auth/user
Proxy:			<none>
Request params:	<none>
Query params:	<none>
Form params:	<none>
Path params:	<none>
Headers:		authorization=Bearer eyJhbGciOiJIUzI1NiIsInR5cCI6IkpXVCJ9.eyJpZCI6IjY2ODE3OTc2OWVkMjgwMDAxYjQ1OTYxOSIsImlhdCI6MTcxOTc2MTI3MCwiZXhwIjoxNzE5NzYyNDcwfQ.cXWPnSSLn8vk9_ab6VzwLvWhsYAUhMH2edbvGwJEPls
				Accept=*/*
				Content-Type=application/json
Cookies:		<none>
Multiparts:		<none>
Body:			<none>
Request method:	DELETE
Request URI:	https://stellarburgers.nomoreparties.site/api/auth/user
Proxy:			<none>
Request params:	<none>
Query params:	<none>
Form params:	<none>
Path params:	<none>
Headers:		authorization=Bearer eyJhbGciOiJIUzI1NiIsInR5cCI6IkpXVCJ9.eyJpZCI6IjY2ODE3OTc2OWVkMjgwMDAxYjQ1OTYxOSIsImlhdCI6MTcxOTc2MTI3MCwiZXhwIjoxNzE5NzYyNDcwfQ.cXWPnSSLn8vk9_ab6VzwLvWhsYAUhMH2edbvGwJEPls
				Accept=*/*
				Content-Type=application/json
Cookies:		<none>
Multiparts:		<none>
Body:			<none>
Request method:	DELETE
Request URI:	https://stellarburgers.nomoreparties.site/api/auth/user
Proxy:			<none>
Request params:	<none>
Query params:	<none>
Form params:	<none>
Path params:	<none>
Headers:		authorization=Bearer eyJhbGciOiJIUzI1NiIsInR5cCI6IkpXVCJ9.eyJpZCI6IjY2ODE3OTc2OWVkMjgwMDAxYjQ1OTYxOSIsImlhdCI6MTcxOTc2MTI3MCwiZXhwIjoxNzE5NzYyNDcwfQ.cXWPnSSLn8vk9_ab6VzwLvWhsYAUhMH2edbvGwJEPls
				Accept=*/*
				Content-Type=application/json
Cookies:		<none>
Multiparts:		<none>
Body:			<none>
Request method:	DELETE
Request URI:	https://stellarburgers.nomoreparties.site/api/auth/user
Proxy:			<none>
Request params:	<none>
Query params:	<none>
Form params:	<none>
Path params:	<none>
Headers:		authorization=Bearer eyJhbGciOiJIUzI1NiIsInR5cCI6IkpXVCJ9.eyJpZCI6IjY2ODE3OTc2OWVkMjgwMDAxYjQ1OTYxOSIsImlhdCI6MTcxOTc2MTI3MCwiZXhwIjoxNzE5NzYyNDcwfQ.cXWPnSSLn8vk9_ab6VzwLvWhsYAUhMH2edbvGwJEPls
				Accept=*/*
				Content-Type=application/json
Cookies:		<none>
Multiparts:		<none>
Body:			<none>
Request method:	DELETE
Request URI:	https://stellarburgers.nomoreparties.site/api/auth/user
Proxy:			<none>
Request params:	<none>
Query params:	<none>
Form params:	<none>
Path params:	<none>
Headers:		authorization=Bearer eyJhbGciOiJIUzI1NiIsInR5cCI6IkpXVCJ9.eyJpZCI6IjY2ODE3OTc2OWVkMjgwMDAxYjQ1OTYxOSIsImlhdCI6MTcxOTc2MTI3MCwiZXhwIjoxNzE5NzYyNDcwfQ.cXWPnSSLn8vk9_ab6VzwLvWhsYAUhMH2edbvGwJEPls
				Accept=*/*
				Content-Type=application/json
Cookies:		<none>
Multiparts:		<none>
Body:			<none>
Request method:	DELETE
Request URI:	https://stellarburgers.nomoreparties.site/api/auth/user
Proxy:			<none>
Request params:	<none>
Query params:	<none>
Form params:	<none>
Path params:	<none>
Headers:		authorization=Bearer eyJhbGciOiJIUzI1NiIsInR5cCI6IkpXVCJ9.eyJpZCI6IjY2ODE3OTc2OWVkMjgwMDAxYjQ1OTYxOSIsImlhdCI6MTcxOTc2MTI3MCwiZXhwIjoxNzE5NzYyNDcwfQ.cXWPnSSLn8vk9_ab6VzwLvWhsYAUhMH2edbvGwJEPls
				Accept=*/*
				Content-Type=application/json
Cookies:		<none>
Multiparts:		<none>
Body:			<none>
Request method:	DELETE
Request URI:	https://stellarburgers.nomoreparties.site/api/auth/user
Proxy:			<none>
Request params:	<none>
Query params:	<none>
Form params:	<none>
Path params:	<none>
Headers:		authorization=Bearer eyJhbGciOiJIUzI1NiIsInR5cCI6IkpXVCJ9.eyJpZCI6IjY2ODE3OTc2OWVkMjgwMDAxYjQ1OTYxOSIsImlhdCI6MTcxOTc2MTI3MCwiZXhwIjoxNzE5NzYyNDcwfQ.cXWPnSSLn8vk9_ab6VzwLvWhsYAUhMH2edbvGwJEPls
				Accept=*/*
				Content-Type=application/json
Cookies:		<none>
Multiparts:		<none>
Body:			<none>
Request method:	DELETE
Request URI:	https://stellarburgers.nomoreparties.site/api/auth/user
Proxy:			<none>
Request params:	<none>
Query params:	<none>
Form params:	<none>
Path params:	<none>
Headers:		authorization=Bearer eyJhbGciOiJIUzI1NiIsInR5cCI6IkpXVCJ9.eyJpZCI6IjY2ODE3OTc2OWVkMjgwMDAxYjQ1OTYxOSIsImlhdCI6MTcxOTc2MTI3MCwiZXhwIjoxNzE5NzYyNDcwfQ.cXWPnSSLn8vk9_ab6VzwLvWhsYAUhMH2edbvGwJEPls
				Accept=*/*
				Content-Type=application/json
Cookies:		<none>
Multiparts:		<none>
Body:			<none>
Request method:	DELETE
Request URI:	https://stellarburgers.nomoreparties.site/api/auth/user
Proxy:			<none>
Request params:	<none>
Query params:	<none>
Form params:	<none>
Path params:	<none>
Headers:		authorization=Bearer eyJhbGciOiJIUzI1NiIsInR5cCI6IkpXVCJ9.eyJpZCI6IjY2ODE3OTc2OWVkMjgwMDAxYjQ1OTYxOSIsImlhdCI6MTcxOTc2MTI3MCwiZXhwIjoxNzE5NzYyNDcwfQ.cXWPnSSLn8vk9_ab6VzwLvWhsYAUhMH2edbvGwJEPls
				Accept=*/*
				Content-Type=application/json
Cookies:		<none>
Multiparts:		<none>
Body:			<none>
Request method:	DELETE
Request URI:	https://stellarburgers.nomoreparties.site/api/auth/user
Proxy:			<none>
Request params:	<none>
Query params:	<none>
Form params:	<none>
Path params:	<none>
Headers:		authorization=Bearer eyJhbGciOiJIUzI1NiIsInR5cCI6IkpXVCJ9.eyJpZCI6IjY2ODE3OTc2OWVkMjgwMDAxYjQ1OTYxOSIsImlhdCI6MTcxOTc2MTI3MCwiZXhwIjoxNzE5NzYyNDcwfQ.cXWPnSSLn8vk9_ab6VzwLvWhsYAUhMH2edbvGwJEPls
				Accept=*/*
				Content-Type=application/json
Cookies:		<none>
Multiparts:		<none>
Body:			<none>
Request method:	DELETE
Request URI:	https://stellarburgers.nomoreparties.site/api/auth/user
Proxy:			<none>
Request params:	<none>
Query params:	<none>
Form params:	<none>
Path params:	<none>
Headers:		authorization=Bearer eyJhbGciOiJIUzI1NiIsInR5cCI6IkpXVCJ9.eyJpZCI6IjY2ODE3OTc2OWVkMjgwMDAxYjQ1OTYxOSIsImlhdCI6MTcxOTc2MTI3MCwiZXhwIjoxNzE5NzYyNDcwfQ.cXWPnSSLn8vk9_ab6VzwLvWhsYAUhMH2edbvGwJEPls
				Accept=*/*
				Content-Type=application/json
Cookies:		<none>
Multiparts:		<none>
Body:			<none>
Request method:	DELETE
Request URI:	https://stellarburgers.nomoreparties.site/api/auth/user
Proxy:			<none>
Request params:	<none>
Query params:	<none>
Form params:	<none>
Path params:	<none>
Headers:		authorization=Bearer eyJhbGciOiJIUzI1NiIsInR5cCI6IkpXVCJ9.eyJpZCI6IjY2ODE3OTc2OWVkMjgwMDAxYjQ1OTYxOSIsImlhdCI6MTcxOTc2MTI3MCwiZXhwIjoxNzE5NzYyNDcwfQ.cXWPnSSLn8vk9_ab6VzwLvWhsYAUhMH2edbvGwJEPls
				Accept=*/*
				Content-Type=application/json
Cookies:		<none>
Multiparts:		<none>
Body:			<none>
Request method:	DELETE
Request URI:	https://stellarburgers.nomoreparties.site/api/auth/user
Proxy:			<none>
Request params:	<none>
Query params:	<none>
Form params:	<none>
Path params:	<none>
Headers:		authorization=Bearer eyJhbGciOiJIUzI1NiIsInR5cCI6IkpXVCJ9.eyJpZCI6IjY2ODE3OTc2OWVkMjgwMDAxYjQ1OTYxOSIsImlhdCI6MTcxOTc2MTI3MCwiZXhwIjoxNzE5NzYyNDcwfQ.cXWPnSSLn8vk9_ab6VzwLvWhsYAUhMH2edbvGwJEPls
				Accept=*/*
				Content-Type=application/json
Cookies:		<none>
Multiparts:		<none>
Body:			<none>
Request method:	DELETE
Request URI:	https://stellarburgers.nomoreparties.site/api/auth/user
Proxy:			<none>
Request params:	<none>
Query params:	<none>
Form params:	<none>
Path params:	<none>
Headers:		authorization=Bearer eyJhbGciOiJIUzI1NiIsInR5cCI6IkpXVCJ9.eyJpZCI6IjY2ODE3OTc2OWVkMjgwMDAxYjQ1OTYxOSIsImlhdCI6MTcxOTc2MTI3MCwiZXhwIjoxNzE5NzYyNDcwfQ.cXWPnSSLn8vk9_ab6VzwLvWhsYAUhMH2edbvGwJEPls
				Accept=*/*
				Content-Type=application/json
Cookies:		<none>
Multiparts:		<none>
Body:			<none>
Request method:	DELETE
Request URI:	https://stellarburgers.nomoreparties.site/api/auth/user
Proxy:			<none>
Request params:	<none>
Query params:	<none>
Form params:	<none>
Path params:	<none>
Headers:		authorization=Bearer eyJhbGciOiJIUzI1NiIsInR5cCI6IkpXVCJ9.eyJpZCI6IjY2ODE3OTc2OWVkMjgwMDAxYjQ1OTYxOSIsImlhdCI6MTcxOTc2MTI3MCwiZXhwIjoxNzE5NzYyNDcwfQ.cXWPnSSLn8vk9_ab6VzwLvWhsYAUhMH2edbvGwJEPls
				Accept=*/*
				Content-Type=application/json
Cookies:		<none>
Multiparts:		<none>
Body:			<none>
Request method:	DELETE
Request URI:	https://stellarburgers.nomoreparties.site/api/auth/user
Proxy:			<none>
Request params:	<none>
Query params:	<none>
Form params:	<none>
Path params:	<none>
Headers:		authorization=Bearer eyJhbGciOiJIUzI1NiIsInR5cCI6IkpXVCJ9.eyJpZCI6IjY2ODE3OTc2OWVkMjgwMDAxYjQ1OTYxOSIsImlhdCI6MTcxOTc2MTI3MCwiZXhwIjoxNzE5NzYyNDcwfQ.cXWPnSSLn8vk9_ab6VzwLvWhsYAUhMH2edbvGwJEPls
				Accept=*/*
				Content-Type=application/json
Cookies:		<none>
Multiparts:		<none>
Body:			<none>
Request method:	DELETE
Request URI:	https://stellarburgers.nomoreparties.site/api/auth/user
Proxy:			<none>
Request params:	<none>
Query params:	<none>
Form params:	<none>
Path params:	<none>
Headers:		authorization=Bearer eyJhbGciOiJIUzI1NiIsInR5cCI6IkpXVCJ9.eyJpZCI6IjY2ODE3OTc2OWVkMjgwMDAxYjQ1OTYxOSIsImlhdCI6MTcxOTc2MTI3MCwiZXhwIjoxNzE5NzYyNDcwfQ.cXWPnSSLn8vk9_ab6VzwLvWhsYAUhMH2edbvGwJEPls
				Accept=*/*
				Content-Type=application/json
Cookies:		<none>
Multiparts:		<none>
Body:			<none>
Request method:	DELETE
Request URI:	https://stellarburgers.nomoreparties.site/api/auth/user
Proxy:			<none>
Request params:	<none>
Query params:	<none>
Form params:	<none>
Path params:	<none>
Headers:		authorization=Bearer eyJhbGciOiJIUzI1NiIsInR5cCI6IkpXVCJ9.eyJpZCI6IjY2ODE3OTc2OWVkMjgwMDAxYjQ1OTYxOSIsImlhdCI6MTcxOTc2MTI3MCwiZXhwIjoxNzE5NzYyNDcwfQ.cXWPnSSLn8vk9_ab6VzwLvWhsYAUhMH2edbvGwJEPls
				Accept=*/*
				Content-Type=application/json
Cookies:		<none>
Multiparts:		<none>
Body:			<none>
Request method:	DELETE
Request URI:	https://stellarburgers.nomoreparties.site/api/auth/user
Proxy:			<none>
Request params:	<none>
Query params:	<none>
Form params:	<none>
Path params:	<none>
Headers:		authorization=Bearer eyJhbGciOiJIUzI1NiIsInR5cCI6IkpXVCJ9.eyJpZCI6IjY2ODE3OTc2OWVkMjgwMDAxYjQ1OTYxOSIsImlhdCI6MTcxOTc2MTI3MCwiZXhwIjoxNzE5NzYyNDcwfQ.cXWPnSSLn8vk9_ab6VzwLvWhsYAUhMH2edbvGwJEPls
				Accept=*/*
				Content-Type=application/json
Cookies:		<none>
Multiparts:		<none>
Body:			<none>
Request method:	DELETE
Request URI:	https://stellarburgers.nomoreparties.site/api/auth/user
Proxy:			<none>
Request params:	<none>
Query params:	<none>
Form params:	<none>
Path params:	<none>
Headers:		authorization=Bearer eyJhbGciOiJIUzI1NiIsInR5cCI6IkpXVCJ9.eyJpZCI6IjY2ODE3OTc2OWVkMjgwMDAxYjQ1OTYxOSIsImlhdCI6MTcxOTc2MTI3MCwiZXhwIjoxNzE5NzYyNDcwfQ.cXWPnSSLn8vk9_ab6VzwLvWhsYAUhMH2edbvGwJEPls
				Accept=*/*
				Content-Type=application/json
Cookies:		<none>
Multiparts:		<none>
Body:			<none>
Request method:	DELETE
Request URI:	https://stellarburgers.nomoreparties.site/api/auth/user
Proxy:			<none>
Request params:	<none>
Query params:	<none>
Form params:	<none>
Path params:	<none>
Headers:		authorization=Bearer eyJhbGciOiJIUzI1NiIsInR5cCI6IkpXVCJ9.eyJpZCI6IjY2ODE3OTc2OWVkMjgwMDAxYjQ1OTYxOSIsImlhdCI6MTcxOTc2MTI3MCwiZXhwIjoxNzE5NzYyNDcwfQ.cXWPnSSLn8vk9_ab6VzwLvWhsYAUhMH2edbvGwJEPls
				Accept=*/*
				Content-Type=application/json
Cookies:		<none>
Multiparts:		<none>
Body:			<none>
Request method:	DELETE
Request URI:	https://stellarburgers.nomoreparties.site/api/auth/user
Proxy:			<none>
Request params:	<none>
Query params:	<none>
Form params:	<none>
Path params:	<none>
Headers:		authorization=Bearer eyJhbGciOiJIUzI1NiIsInR5cCI6IkpXVCJ9.eyJpZCI6IjY2ODE3OTc2OWVkMjgwMDAxYjQ1OTYxOSIsImlhdCI6MTcxOTc2MTI3MCwiZXhwIjoxNzE5NzYyNDcwfQ.cXWPnSSLn8vk9_ab6VzwLvWhsYAUhMH2edbvGwJEPls
				Accept=*/*
				Content-Type=application/json
Cookies:		<none>
Multiparts:		<none>
Body:			<none>
Request method:	DELETE
Request URI:	https://stellarburgers.nomoreparties.site/api/auth/user
Proxy:			<none>
Request params:	<none>
Query params:	<none>
Form params:	<none>
Path params:	<none>
Headers:		authorization=Bearer eyJhbGciOiJIUzI1NiIsInR5cCI6IkpXVCJ9.eyJpZCI6IjY2ODE3OTc2OWVkMjgwMDAxYjQ1OTYxOSIsImlhdCI6MTcxOTc2MTI3MCwiZXhwIjoxNzE5NzYyNDcwfQ.cXWPnSSLn8vk9_ab6VzwLvWhsYAUhMH2edbvGwJEPls
				Accept=*/*
				Content-Type=application/json
Cookies:		<none>
Multiparts:		<none>
Body:			<none>
Request method:	DELETE
Request URI:	https://stellarburgers.nomoreparties.site/api/auth/user
Proxy:			<none>
Request params:	<none>
Query params:	<none>
Form params:	<none>
Path params:	<none>
Headers:		authorization=Bearer eyJhbGciOiJIUzI1NiIsInR5cCI6IkpXVCJ9.eyJpZCI6IjY2ODE3OTc2OWVkMjgwMDAxYjQ1OTYxOSIsImlhdCI6MTcxOTc2MTI3MCwiZXhwIjoxNzE5NzYyNDcwfQ.cXWPnSSLn8vk9_ab6VzwLvWhsYAUhMH2edbvGwJEPls
				Accept=*/*
				Content-Type=application/json
Cookies:		<none>
Multiparts:		<none>
Body:			<none>
Request method:	DELETE
Request URI:	https://stellarburgers.nomoreparties.site/api/auth/user
Proxy:			<none>
Request params:	<none>
Query params:	<none>
Form params:	<none>
Path params:	<none>
Headers:		authorization=Bearer eyJhbGciOiJIUzI1NiIsInR5cCI6IkpXVCJ9.eyJpZCI6IjY2ODE3OTc2OWVkMjgwMDAxYjQ1OTYxOSIsImlhdCI6MTcxOTc2MTI3MCwiZXhwIjoxNzE5NzYyNDcwfQ.cXWPnSSLn8vk9_ab6VzwLvWhsYAUhMH2edbvGwJEPls
				Accept=*/*
				Content-Type=application/json
Cookies:		<none>
Multiparts:		<none>
Body:			<none>
Request method:	DELETE
Request URI:	https://stellarburgers.nomoreparties.site/api/auth/user
Proxy:			<none>
Request params:	<none>
Query params:	<none>
Form params:	<none>
Path params:	<none>
Headers:		authorization=Bearer eyJhbGciOiJIUzI1NiIsInR5cCI6IkpXVCJ9.eyJpZCI6IjY2ODE3OTc2OWVkMjgwMDAxYjQ1OTYxOSIsImlhdCI6MTcxOTc2MTI3MCwiZXhwIjoxNzE5NzYyNDcwfQ.cXWPnSSLn8vk9_ab6VzwLvWhsYAUhMH2edbvGwJEPls
				Accept=*/*
				Content-Type=application/json
Cookies:		<none>
Multiparts:		<none>
Body:			<none>
Request method:	DELETE
Request URI:	https://stellarburgers.nomoreparties.site/api/auth/user
Proxy:			<none>
Request params:	<none>
Query params:	<none>
Form params:	<none>
Path params:	<none>
Headers:		authorization=Bearer eyJhbGciOiJIUzI1NiIsInR5cCI6IkpXVCJ9.eyJpZCI6IjY2ODE3OTc2OWVkMjgwMDAxYjQ1OTYxOSIsImlhdCI6MTcxOTc2MTI3MCwiZXhwIjoxNzE5NzYyNDcwfQ.cXWPnSSLn8vk9_ab6VzwLvWhsYAUhMH2edbvGwJEPls
				Accept=*/*
				Content-Type=application/json
Cookies:		<none>
Multiparts:		<none>
Body:			<none>
Request method:	DELETE
Request URI:	https://stellarburgers.nomoreparties.site/api/auth/user
Proxy:			<none>
Request params:	<none>
Query params:	<none>
Form params:	<none>
Path params:	<none>
Headers:		authorization=Bearer eyJhbGciOiJIUzI1NiIsInR5cCI6IkpXVCJ9.eyJpZCI6IjY2ODE3OTc2OWVkMjgwMDAxYjQ1OTYxOSIsImlhdCI6MTcxOTc2MTI3MCwiZXhwIjoxNzE5NzYyNDcwfQ.cXWPnSSLn8vk9_ab6VzwLvWhsYAUhMH2edbvGwJEPls
				Accept=*/*
				Content-Type=application/json
Cookies:		<none>
Multiparts:		<none>
Body:			<none>
Request method:	DELETE
Request URI:	https://stellarburgers.nomoreparties.site/api/auth/user
Proxy:			<none>
Request params:	<none>
Query params:	<none>
Form params:	<none>
Path params:	<none>
Headers:		authorization=Bearer eyJhbGciOiJIUzI1NiIsInR5cCI6IkpXVCJ9.eyJpZCI6IjY2ODE3OTc2OWVkMjgwMDAxYjQ1OTYxOSIsImlhdCI6MTcxOTc2MTI3MCwiZXhwIjoxNzE5NzYyNDcwfQ.cXWPnSSLn8vk9_ab6VzwLvWhsYAUhMH2edbvGwJEPls
				Accept=*/*
				Content-Type=application/json
Cookies:		<none>
Multiparts:		<none>
Body:			<none>
Request method:	DELETE
Request URI:	https://stellarburgers.nomoreparties.site/api/auth/user
Proxy:			<none>
Request params:	<none>
Query params:	<none>
Form params:	<none>
Path params:	<none>
Headers:		authorization=Bearer eyJhbGciOiJIUzI1NiIsInR5cCI6IkpXVCJ9.eyJpZCI6IjY2ODE3OTc2OWVkMjgwMDAxYjQ1OTYxOSIsImlhdCI6MTcxOTc2MTI3MCwiZXhwIjoxNzE5NzYyNDcwfQ.cXWPnSSLn8vk9_ab6VzwLvWhsYAUhMH2edbvGwJEPls
				Accept=*/*
				Content-Type=application/json
Cookies:		<none>
Multiparts:		<none>
Body:			<none>
HTTP/1.1 202 Accepted
Date: Sun, 30 Jun 2024 15:27:51 GMT
Content-Type: application/json; charset=utf-8
Content-Length: 54
Connection: keep-alive
X-Powered-By: Express
Access-Control-Allow-Origin: *
ETag: W/"36-hDmZnQ3Ou/ynnqAeC6TYmyseuzY"
CF-Cache-Status: DYNAMIC
Report-To: {"endpoints":[{"url":"https:\/\/a.nel.cloudflare.com\/report\/v4?s=QFYfAzAODdt%2BEZFgc%2Bdr3eZtZc7zdbUCPF3IoXwgRWrmOS36HCyKDbo0nQmV0pCWd04R6GKk7xkd%2FA2k%2BSwYe8C5Ip4G4p8A2J7mmcHNfnH0bHcS6uCW1RWZM7TawbZDptN%2Bt6Ibhxu7CVx3lQ%2FTA0rcNcw%3D"}],"group":"cf-nel","max_age":604800}
NEL: {"success_fraction":0,"report_to":"cf-nel","max_age":604800}
Server: cloudflare
CF-RAY: 89bf2eca8a476425-LHR
alt-svc: h3=":443"; ma=86400

{
    "success": true,
    "message": "User successfully removed"
}
HTTP/1.1 202 Accepted
Date: Sun, 30 Jun 2024 15:27:51 GMT
Content-Type: application/json; charset=utf-8
Content-Length: 54
Connection: keep-alive
X-Powered-By: Express
Access-Control-Allow-Origin: *
ETag: W/"36-hDmZnQ3Ou/ynnqAeC6TYmyseuzY"
CF-Cache-Status: DYNAMIC
Report-To: {"endpoints":[{"url":"https:\/\/a.nel.cloudflare.com\/report\/v4?s=QFYfAzAODdt%2BEZFgc%2Bdr3eZtZc7zdbUCPF3IoXwgRWrmOS36HCyKDbo0nQmV0pCWd04R6GKk7xkd%2FA2k%2BSwYe8C5Ip4G4p8A2J7mmcHNfnH0bHcS6uCW1RWZM7TawbZDptN%2Bt6Ibhxu7CVx3lQ%2FTA0rcNcw%3D"}],"group":"cf-nel","max_age":604800}
NEL: {"success_fraction":0,"report_to":"cf-nel","max_age":604800}
Server: cloudflare
CF-RAY: 89bf2eca8a476425-LHR
alt-svc: h3=":443"; ma=86400

{
    "success": true,
    "message": "User successfully removed"
}
HTTP/1.1 202 Accepted
Date: Sun, 30 Jun 2024 15:27:51 GMT
Content-Type: application/json; charset=utf-8
Content-Length: 54
Connection: keep-alive
X-Powered-By: Express
Access-Control-Allow-Origin: *
ETag: W/"36-hDmZnQ3Ou/ynnqAeC6TYmyseuzY"
CF-Cache-Status: DYNAMIC
Report-To: {"endpoints":[{"url":"https:\/\/a.nel.cloudflare.com\/report\/v4?s=QFYfAzAODdt%2BEZFgc%2Bdr3eZtZc7zdbUCPF3IoXwgRWrmOS36HCyKDbo0nQmV0pCWd04R6GKk7xkd%2FA2k%2BSwYe8C5Ip4G4p8A2J7mmcHNfnH0bHcS6uCW1RWZM7TawbZDptN%2Bt6Ibhxu7CVx3lQ%2FTA0rcNcw%3D"}],"group":"cf-nel","max_age":604800}
NEL: {"success_fraction":0,"report_to":"cf-nel","max_age":604800}
Server: cloudflare
CF-RAY: 89bf2eca8a476425-LHR
alt-svc: h3=":443"; ma=86400

{
    "success": true,
    "message": "User successfully removed"
}
HTTP/1.1 202 Accepted
Date: Sun, 30 Jun 2024 15:27:51 GMT
Content-Type: application/json; charset=utf-8
Content-Length: 54
Connection: keep-alive
X-Powered-By: Express
Access-Control-Allow-Origin: *
ETag: W/"36-hDmZnQ3Ou/ynnqAeC6TYmyseuzY"
CF-Cache-Status: DYNAMIC
Report-To: {"endpoints":[{"url":"https:\/\/a.nel.cloudflare.com\/report\/v4?s=QFYfAzAODdt%2BEZFgc%2Bdr3eZtZc7zdbUCPF3IoXwgRWrmOS36HCyKDbo0nQmV0pCWd04R6GKk7xkd%2FA2k%2BSwYe8C5Ip4G4p8A2J7mmcHNfnH0bHcS6uCW1RWZM7TawbZDptN%2Bt6Ibhxu7CVx3lQ%2FTA0rcNcw%3D"}],"group":"cf-nel","max_age":604800}
NEL: {"success_fraction":0,"report_to":"cf-nel","max_age":604800}
Server: cloudflare
CF-RAY: 89bf2eca8a476425-LHR
alt-svc: h3=":443"; ma=86400

{
    "success": true,
    "message": "User successfully removed"
}
HTTP/1.1 202 Accepted
Date: Sun, 30 Jun 2024 15:27:51 GMT
Content-Type: application/json; charset=utf-8
Content-Length: 54
Connection: keep-alive
X-Powered-By: Express
Access-Control-Allow-Origin: *
ETag: W/"36-hDmZnQ3Ou/ynnqAeC6TYmyseuzY"
CF-Cache-Status: DYNAMIC
Report-To: {"endpoints":[{"url":"https:\/\/a.nel.cloudflare.com\/report\/v4?s=QFYfAzAODdt%2BEZFgc%2Bdr3eZtZc7zdbUCPF3IoXwgRWrmOS36HCyKDbo0nQmV0pCWd04R6GKk7xkd%2FA2k%2BSwYe8C5Ip4G4p8A2J7mmcHNfnH0bHcS6uCW1RWZM7TawbZDptN%2Bt6Ibhxu7CVx3lQ%2FTA0rcNcw%3D"}],"group":"cf-nel","max_age":604800}
NEL: {"success_fraction":0,"report_to":"cf-nel","max_age":604800}
Server: cloudflare
CF-RAY: 89bf2eca8a476425-LHR
alt-svc: h3=":443"; ma=86400

{
    "success": true,
    "message": "User successfully removed"
}
HTTP/1.1 202 Accepted
Date: Sun, 30 Jun 2024 15:27:51 GMT
Content-Type: application/json; charset=utf-8
Content-Length: 54
Connection: keep-alive
X-Powered-By: Express
Access-Control-Allow-Origin: *
ETag: W/"36-hDmZnQ3Ou/ynnqAeC6TYmyseuzY"
CF-Cache-Status: DYNAMIC
Report-To: {"endpoints":[{"url":"https:\/\/a.nel.cloudflare.com\/report\/v4?s=QFYfAzAODdt%2BEZFgc%2Bdr3eZtZc7zdbUCPF3IoXwgRWrmOS36HCyKDbo0nQmV0pCWd04R6GKk7xkd%2FA2k%2BSwYe8C5Ip4G4p8A2J7mmcHNfnH0bHcS6uCW1RWZM7TawbZDptN%2Bt6Ibhxu7CVx3lQ%2FTA0rcNcw%3D"}],"group":"cf-nel","max_age":604800}
NEL: {"success_fraction":0,"report_to":"cf-nel","max_age":604800}
Server: cloudflare
CF-RAY: 89bf2eca8a476425-LHR
alt-svc: h3=":443"; ma=86400

{
    "success": true,
    "message": "User successfully removed"
}
HTTP/1.1 202 Accepted
Date: Sun, 30 Jun 2024 15:27:51 GMT
Content-Type: application/json; charset=utf-8
Content-Length: 54
Connection: keep-alive
X-Powered-By: Express
Access-Control-Allow-Origin: *
ETag: W/"36-hDmZnQ3Ou/ynnqAeC6TYmyseuzY"
CF-Cache-Status: DYNAMIC
Report-To: {"endpoints":[{"url":"https:\/\/a.nel.cloudflare.com\/report\/v4?s=QFYfAzAODdt%2BEZFgc%2Bdr3eZtZc7zdbUCPF3IoXwgRWrmOS36HCyKDbo0nQmV0pCWd04R6GKk7xkd%2FA2k%2BSwYe8C5Ip4G4p8A2J7mmcHNfnH0bHcS6uCW1RWZM7TawbZDptN%2Bt6Ibhxu7CVx3lQ%2FTA0rcNcw%3D"}],"group":"cf-nel","max_age":604800}
NEL: {"success_fraction":0,"report_to":"cf-nel","max_age":604800}
Server: cloudflare
CF-RAY: 89bf2eca8a476425-LHR
alt-svc: h3=":443"; ma=86400

{
    "success": true,
    "message": "User successfully removed"
}
HTTP/1.1 202 Accepted
Date: Sun, 30 Jun 2024 15:27:51 GMT
Content-Type: application/json; charset=utf-8
Content-Length: 54
Connection: keep-alive
X-Powered-By: Express
Access-Control-Allow-Origin: *
ETag: W/"36-hDmZnQ3Ou/ynnqAeC6TYmyseuzY"
CF-Cache-Status: DYNAMIC
Report-To: {"endpoints":[{"url":"https:\/\/a.nel.cloudflare.com\/report\/v4?s=QFYfAzAODdt%2BEZFgc%2Bdr3eZtZc7zdbUCPF3IoXwgRWrmOS36HCyKDbo0nQmV0pCWd04R6GKk7xkd%2FA2k%2BSwYe8C5Ip4G4p8A2J7mmcHNfnH0bHcS6uCW1RWZM7TawbZDptN%2Bt6Ibhxu7CVx3lQ%2FTA0rcNcw%3D"}],"group":"cf-nel","max_age":604800}
NEL: {"success_fraction":0,"report_to":"cf-nel","max_age":604800}
Server: cloudflare
CF-RAY: 89bf2eca8a476425-LHR
alt-svc: h3=":443"; ma=86400

{
    "success": true,
    "message": "User successfully removed"
}
HTTP/1.1 202 Accepted
Date: Sun, 30 Jun 2024 15:27:51 GMT
Content-Type: application/json; charset=utf-8
Content-Length: 54
Connection: keep-alive
X-Powered-By: Express
Access-Control-Allow-Origin: *
ETag: W/"36-hDmZnQ3Ou/ynnqAeC6TYmyseuzY"
CF-Cache-Status: DYNAMIC
Report-To: {"endpoints":[{"url":"https:\/\/a.nel.cloudflare.com\/report\/v4?s=QFYfAzAODdt%2BEZFgc%2Bdr3eZtZc7zdbUCPF3IoXwgRWrmOS36HCyKDbo0nQmV0pCWd04R6GKk7xkd%2FA2k%2BSwYe8C5Ip4G4p8A2J7mmcHNfnH0bHcS6uCW1RWZM7TawbZDptN%2Bt6Ibhxu7CVx3lQ%2FTA0rcNcw%3D"}],"group":"cf-nel","max_age":604800}
NEL: {"success_fraction":0,"report_to":"cf-nel","max_age":604800}
Server: cloudflare
CF-RAY: 89bf2eca8a476425-LHR
alt-svc: h3=":443"; ma=86400

{
    "success": true,
    "message": "User successfully removed"
}
HTTP/1.1 202 Accepted
Date: Sun, 30 Jun 2024 15:27:51 GMT
Content-Type: application/json; charset=utf-8
Content-Length: 54
Connection: keep-alive
X-Powered-By: Express
Access-Control-Allow-Origin: *
ETag: W/"36-hDmZnQ3Ou/ynnqAeC6TYmyseuzY"
CF-Cache-Status: DYNAMIC
Report-To: {"endpoints":[{"url":"https:\/\/a.nel.cloudflare.com\/report\/v4?s=QFYfAzAODdt%2BEZFgc%2Bdr3eZtZc7zdbUCPF3IoXwgRWrmOS36HCyKDbo0nQmV0pCWd04R6GKk7xkd%2FA2k%2BSwYe8C5Ip4G4p8A2J7mmcHNfnH0bHcS6uCW1RWZM7TawbZDptN%2Bt6Ibhxu7CVx3lQ%2FTA0rcNcw%3D"}],"group":"cf-nel","max_age":604800}
NEL: {"success_fraction":0,"report_to":"cf-nel","max_age":604800}
Server: cloudflare
CF-RAY: 89bf2eca8a476425-LHR
alt-svc: h3=":443"; ma=86400

{
    "success": true,
    "message": "User successfully removed"
}
HTTP/1.1 202 Accepted
Date: Sun, 30 Jun 2024 15:27:51 GMT
Content-Type: application/json; charset=utf-8
Content-Length: 54
Connection: keep-alive
X-Powered-By: Express
Access-Control-Allow-Origin: *
ETag: W/"36-hDmZnQ3Ou/ynnqAeC6TYmyseuzY"
CF-Cache-Status: DYNAMIC
Report-To: {"endpoints":[{"url":"https:\/\/a.nel.cloudflare.com\/report\/v4?s=QFYfAzAODdt%2BEZFgc%2Bdr3eZtZc7zdbUCPF3IoXwgRWrmOS36HCyKDbo0nQmV0pCWd04R6GKk7xkd%2FA2k%2BSwYe8C5Ip4G4p8A2J7mmcHNfnH0bHcS6uCW1RWZM7TawbZDptN%2Bt6Ibhxu7CVx3lQ%2FTA0rcNcw%3D"}],"group":"cf-nel","max_age":604800}
NEL: {"success_fraction":0,"report_to":"cf-nel","max_age":604800}
Server: cloudflare
CF-RAY: 89bf2eca8a476425-LHR
alt-svc: h3=":443"; ma=86400

{
    "success": true,
    "message": "User successfully removed"
}
HTTP/1.1 202 Accepted
Date: Sun, 30 Jun 2024 15:27:51 GMT
Content-Type: application/json; charset=utf-8
Content-Length: 54
Connection: keep-alive
X-Powered-By: Express
Access-Control-Allow-Origin: *
ETag: W/"36-hDmZnQ3Ou/ynnqAeC6TYmyseuzY"
CF-Cache-Status: DYNAMIC
Report-To: {"endpoints":[{"url":"https:\/\/a.nel.cloudflare.com\/report\/v4?s=QFYfAzAODdt%2BEZFgc%2Bdr3eZtZc7zdbUCPF3IoXwgRWrmOS36HCyKDbo0nQmV0pCWd04R6GKk7xkd%2FA2k%2BSwYe8C5Ip4G4p8A2J7mmcHNfnH0bHcS6uCW1RWZM7TawbZDptN%2Bt6Ibhxu7CVx3lQ%2FTA0rcNcw%3D"}],"group":"cf-nel","max_age":604800}
NEL: {"success_fraction":0,"report_to":"cf-nel","max_age":604800}
Server: cloudflare
CF-RAY: 89bf2eca8a476425-LHR
alt-svc: h3=":443"; ma=86400

{
    "success": true,
    "message": "User successfully removed"
}
HTTP/1.1 202 Accepted
Date: Sun, 30 Jun 2024 15:27:51 GMT
Content-Type: application/json; charset=utf-8
Content-Length: 54
Connection: keep-alive
X-Powered-By: Express
Access-Control-Allow-Origin: *
ETag: W/"36-hDmZnQ3Ou/ynnqAeC6TYmyseuzY"
CF-Cache-Status: DYNAMIC
Report-To: {"endpoints":[{"url":"https:\/\/a.nel.cloudflare.com\/report\/v4?s=QFYfAzAODdt%2BEZFgc%2Bdr3eZtZc7zdbUCPF3IoXwgRWrmOS36HCyKDbo0nQmV0pCWd04R6GKk7xkd%2FA2k%2BSwYe8C5Ip4G4p8A2J7mmcHNfnH0bHcS6uCW1RWZM7TawbZDptN%2Bt6Ibhxu7CVx3lQ%2FTA0rcNcw%3D"}],"group":"cf-nel","max_age":604800}
NEL: {"success_fraction":0,"report_to":"cf-nel","max_age":604800}
Server: cloudflare
CF-RAY: 89bf2eca8a476425-LHR
alt-svc: h3=":443"; ma=86400

{
    "success": true,
    "message": "User successfully removed"
}
HTTP/1.1 202 Accepted
Date: Sun, 30 Jun 2024 15:27:51 GMT
Content-Type: application/json; charset=utf-8
Content-Length: 54
Connection: keep-alive
X-Powered-By: Express
Access-Control-Allow-Origin: *
ETag: W/"36-hDmZnQ3Ou/ynnqAeC6TYmyseuzY"
CF-Cache-Status: DYNAMIC
Report-To: {"endpoints":[{"url":"https:\/\/a.nel.cloudflare.com\/report\/v4?s=QFYfAzAODdt%2BEZFgc%2Bdr3eZtZc7zdbUCPF3IoXwgRWrmOS36HCyKDbo0nQmV0pCWd04R6GKk7xkd%2FA2k%2BSwYe8C5Ip4G4p8A2J7mmcHNfnH0bHcS6uCW1RWZM7TawbZDptN%2Bt6Ibhxu7CVx3lQ%2FTA0rcNcw%3D"}],"group":"cf-nel","max_age":604800}
NEL: {"success_fraction":0,"report_to":"cf-nel","max_age":604800}
Server: cloudflare
CF-RAY: 89bf2eca8a476425-LHR
alt-svc: h3=":443"; ma=86400

{
    "success": true,
    "message": "User successfully removed"
}
HTTP/1.1 202 Accepted
Date: Sun, 30 Jun 2024 15:27:51 GMT
Content-Type: application/json; charset=utf-8
Content-Length: 54
Connection: keep-alive
X-Powered-By: Express
Access-Control-Allow-Origin: *
ETag: W/"36-hDmZnQ3Ou/ynnqAeC6TYmyseuzY"
CF-Cache-Status: DYNAMIC
Report-To: {"endpoints":[{"url":"https:\/\/a.nel.cloudflare.com\/report\/v4?s=QFYfAzAODdt%2BEZFgc%2Bdr3eZtZc7zdbUCPF3IoXwgRWrmOS36HCyKDbo0nQmV0pCWd04R6GKk7xkd%2FA2k%2BSwYe8C5Ip4G4p8A2J7mmcHNfnH0bHcS6uCW1RWZM7TawbZDptN%2Bt6Ibhxu7CVx3lQ%2FTA0rcNcw%3D"}],"group":"cf-nel","max_age":604800}
NEL: {"success_fraction":0,"report_to":"cf-nel","max_age":604800}
Server: cloudflare
CF-RAY: 89bf2eca8a476425-LHR
alt-svc: h3=":443"; ma=86400

{
    "success": true,
    "message": "User successfully removed"
}
HTTP/1.1 202 Accepted
Date: Sun, 30 Jun 2024 15:27:51 GMT
Content-Type: application/json; charset=utf-8
Content-Length: 54
Connection: keep-alive
X-Powered-By: Express
Access-Control-Allow-Origin: *
ETag: W/"36-hDmZnQ3Ou/ynnqAeC6TYmyseuzY"
CF-Cache-Status: DYNAMIC
Report-To: {"endpoints":[{"url":"https:\/\/a.nel.cloudflare.com\/report\/v4?s=QFYfAzAODdt%2BEZFgc%2Bdr3eZtZc7zdbUCPF3IoXwgRWrmOS36HCyKDbo0nQmV0pCWd04R6GKk7xkd%2FA2k%2BSwYe8C5Ip4G4p8A2J7mmcHNfnH0bHcS6uCW1RWZM7TawbZDptN%2Bt6Ibhxu7CVx3lQ%2FTA0rcNcw%3D"}],"group":"cf-nel","max_age":604800}
NEL: {"success_fraction":0,"report_to":"cf-nel","max_age":604800}
Server: cloudflare
CF-RAY: 89bf2eca8a476425-LHR
alt-svc: h3=":443"; ma=86400

{
    "success": true,
    "message": "User successfully removed"
}
HTTP/1.1 202 Accepted
Date: Sun, 30 Jun 2024 15:27:51 GMT
Content-Type: application/json; charset=utf-8
Content-Length: 54
Connection: keep-alive
X-Powered-By: Express
Access-Control-Allow-Origin: *
ETag: W/"36-hDmZnQ3Ou/ynnqAeC6TYmyseuzY"
CF-Cache-Status: DYNAMIC
Report-To: {"endpoints":[{"url":"https:\/\/a.nel.cloudflare.com\/report\/v4?s=QFYfAzAODdt%2BEZFgc%2Bdr3eZtZc7zdbUCPF3IoXwgRWrmOS36HCyKDbo0nQmV0pCWd04R6GKk7xkd%2FA2k%2BSwYe8C5Ip4G4p8A2J7mmcHNfnH0bHcS6uCW1RWZM7TawbZDptN%2Bt6Ibhxu7CVx3lQ%2FTA0rcNcw%3D"}],"group":"cf-nel","max_age":604800}
NEL: {"success_fraction":0,"report_to":"cf-nel","max_age":604800}
Server: cloudflare
CF-RAY: 89bf2eca8a476425-LHR
alt-svc: h3=":443"; ma=86400

{
    "success": true,
    "message": "User successfully removed"
}
HTTP/1.1 202 Accepted
Date: Sun, 30 Jun 2024 15:27:51 GMT
Content-Type: application/json; charset=utf-8
Content-Length: 54
Connection: keep-alive
X-Powered-By: Express
Access-Control-Allow-Origin: *
ETag: W/"36-hDmZnQ3Ou/ynnqAeC6TYmyseuzY"
CF-Cache-Status: DYNAMIC
Report-To: {"endpoints":[{"url":"https:\/\/a.nel.cloudflare.com\/report\/v4?s=QFYfAzAODdt%2BEZFgc%2Bdr3eZtZc7zdbUCPF3IoXwgRWrmOS36HCyKDbo0nQmV0pCWd04R6GKk7xkd%2FA2k%2BSwYe8C5Ip4G4p8A2J7mmcHNfnH0bHcS6uCW1RWZM7TawbZDptN%2Bt6Ibhxu7CVx3lQ%2FTA0rcNcw%3D"}],"group":"cf-nel","max_age":604800}
NEL: {"success_fraction":0,"report_to":"cf-nel","max_age":604800}
Server: cloudflare
CF-RAY: 89bf2eca8a476425-LHR
alt-svc: h3=":443"; ma=86400

{
    "success": true,
    "message": "User successfully removed"
}
HTTP/1.1 202 Accepted
Date: Sun, 30 Jun 2024 15:27:51 GMT
Content-Type: application/json; charset=utf-8
Content-Length: 54
Connection: keep-alive
X-Powered-By: Express
Access-Control-Allow-Origin: *
ETag: W/"36-hDmZnQ3Ou/ynnqAeC6TYmyseuzY"
CF-Cache-Status: DYNAMIC
Report-To: {"endpoints":[{"url":"https:\/\/a.nel.cloudflare.com\/report\/v4?s=QFYfAzAODdt%2BEZFgc%2Bdr3eZtZc7zdbUCPF3IoXwgRWrmOS36HCyKDbo0nQmV0pCWd04R6GKk7xkd%2FA2k%2BSwYe8C5Ip4G4p8A2J7mmcHNfnH0bHcS6uCW1RWZM7TawbZDptN%2Bt6Ibhxu7CVx3lQ%2FTA0rcNcw%3D"}],"group":"cf-nel","max_age":604800}
NEL: {"success_fraction":0,"report_to":"cf-nel","max_age":604800}
Server: cloudflare
CF-RAY: 89bf2eca8a476425-LHR
alt-svc: h3=":443"; ma=86400

{
    "success": true,
    "message": "User successfully removed"
}
HTTP/1.1 202 Accepted
Date: Sun, 30 Jun 2024 15:27:51 GMT
Content-Type: application/json; charset=utf-8
Content-Length: 54
Connection: keep-alive
X-Powered-By: Express
Access-Control-Allow-Origin: *
ETag: W/"36-hDmZnQ3Ou/ynnqAeC6TYmyseuzY"
CF-Cache-Status: DYNAMIC
Report-To: {"endpoints":[{"url":"https:\/\/a.nel.cloudflare.com\/report\/v4?s=QFYfAzAODdt%2BEZFgc%2Bdr3eZtZc7zdbUCPF3IoXwgRWrmOS36HCyKDbo0nQmV0pCWd04R6GKk7xkd%2FA2k%2BSwYe8C5Ip4G4p8A2J7mmcHNfnH0bHcS6uCW1RWZM7TawbZDptN%2Bt6Ibhxu7CVx3lQ%2FTA0rcNcw%3D"}],"group":"cf-nel","max_age":604800}
NEL: {"success_fraction":0,"report_to":"cf-nel","max_age":604800}
Server: cloudflare
CF-RAY: 89bf2eca8a476425-LHR
alt-svc: h3=":443"; ma=86400

{
    "success": true,
    "message": "User successfully removed"
}
HTTP/1.1 202 Accepted
Date: Sun, 30 Jun 2024 15:27:51 GMT
Content-Type: application/json; charset=utf-8
Content-Length: 54
Connection: keep-alive
X-Powered-By: Express
Access-Control-Allow-Origin: *
ETag: W/"36-hDmZnQ3Ou/ynnqAeC6TYmyseuzY"
CF-Cache-Status: DYNAMIC
Report-To: {"endpoints":[{"url":"https:\/\/a.nel.cloudflare.com\/report\/v4?s=QFYfAzAODdt%2BEZFgc%2Bdr3eZtZc7zdbUCPF3IoXwgRWrmOS36HCyKDbo0nQmV0pCWd04R6GKk7xkd%2FA2k%2BSwYe8C5Ip4G4p8A2J7mmcHNfnH0bHcS6uCW1RWZM7TawbZDptN%2Bt6Ibhxu7CVx3lQ%2FTA0rcNcw%3D"}],"group":"cf-nel","max_age":604800}
NEL: {"success_fraction":0,"report_to":"cf-nel","max_age":604800}
Server: cloudflare
CF-RAY: 89bf2eca8a476425-LHR
alt-svc: h3=":443"; ma=86400

{
    "success": true,
    "message": "User successfully removed"
}
HTTP/1.1 202 Accepted
Date: Sun, 30 Jun 2024 15:27:51 GMT
Content-Type: application/json; charset=utf-8
Content-Length: 54
Connection: keep-alive
X-Powered-By: Express
Access-Control-Allow-Origin: *
ETag: W/"36-hDmZnQ3Ou/ynnqAeC6TYmyseuzY"
CF-Cache-Status: DYNAMIC
Report-To: {"endpoints":[{"url":"https:\/\/a.nel.cloudflare.com\/report\/v4?s=QFYfAzAODdt%2BEZFgc%2Bdr3eZtZc7zdbUCPF3IoXwgRWrmOS36HCyKDbo0nQmV0pCWd04R6GKk7xkd%2FA2k%2BSwYe8C5Ip4G4p8A2J7mmcHNfnH0bHcS6uCW1RWZM7TawbZDptN%2Bt6Ibhxu7CVx3lQ%2FTA0rcNcw%3D"}],"group":"cf-nel","max_age":604800}
NEL: {"success_fraction":0,"report_to":"cf-nel","max_age":604800}
Server: cloudflare
CF-RAY: 89bf2eca8a476425-LHR
alt-svc: h3=":443"; ma=86400

{
    "success": true,
    "message": "User successfully removed"
}
HTTP/1.1 202 Accepted
Date: Sun, 30 Jun 2024 15:27:51 GMT
Content-Type: application/json; charset=utf-8
Content-Length: 54
Connection: keep-alive
X-Powered-By: Express
Access-Control-Allow-Origin: *
ETag: W/"36-hDmZnQ3Ou/ynnqAeC6TYmyseuzY"
CF-Cache-Status: DYNAMIC
Report-To: {"endpoints":[{"url":"https:\/\/a.nel.cloudflare.com\/report\/v4?s=QFYfAzAODdt%2BEZFgc%2Bdr3eZtZc7zdbUCPF3IoXwgRWrmOS36HCyKDbo0nQmV0pCWd04R6GKk7xkd%2FA2k%2BSwYe8C5Ip4G4p8A2J7mmcHNfnH0bHcS6uCW1RWZM7TawbZDptN%2Bt6Ibhxu7CVx3lQ%2FTA0rcNcw%3D"}],"group":"cf-nel","max_age":604800}
NEL: {"success_fraction":0,"report_to":"cf-nel","max_age":604800}
Server: cloudflare
CF-RAY: 89bf2eca8a476425-LHR
alt-svc: h3=":443"; ma=86400

{
    "success": true,
    "message": "User successfully removed"
}
HTTP/1.1 202 Accepted
Date: Sun, 30 Jun 2024 15:27:51 GMT
Content-Type: application/json; charset=utf-8
Content-Length: 54
Connection: keep-alive
X-Powered-By: Express
Access-Control-Allow-Origin: *
ETag: W/"36-hDmZnQ3Ou/ynnqAeC6TYmyseuzY"
CF-Cache-Status: DYNAMIC
Report-To: {"endpoints":[{"url":"https:\/\/a.nel.cloudflare.com\/report\/v4?s=QFYfAzAODdt%2BEZFgc%2Bdr3eZtZc7zdbUCPF3IoXwgRWrmOS36HCyKDbo0nQmV0pCWd04R6GKk7xkd%2FA2k%2BSwYe8C5Ip4G4p8A2J7mmcHNfnH0bHcS6uCW1RWZM7TawbZDptN%2Bt6Ibhxu7CVx3lQ%2FTA0rcNcw%3D"}],"group":"cf-nel","max_age":604800}
NEL: {"success_fraction":0,"report_to":"cf-nel","max_age":604800}
Server: cloudflare
CF-RAY: 89bf2eca8a476425-LHR
alt-svc: h3=":443"; ma=86400

{
    "success": true,
    "message": "User successfully removed"
}
HTTP/1.1 202 Accepted
Date: Sun, 30 Jun 2024 15:27:51 GMT
Content-Type: application/json; charset=utf-8
Content-Length: 54
Connection: keep-alive
X-Powered-By: Express
Access-Control-Allow-Origin: *
ETag: W/"36-hDmZnQ3Ou/ynnqAeC6TYmyseuzY"
CF-Cache-Status: DYNAMIC
Report-To: {"endpoints":[{"url":"https:\/\/a.nel.cloudflare.com\/report\/v4?s=QFYfAzAODdt%2BEZFgc%2Bdr3eZtZc7zdbUCPF3IoXwgRWrmOS36HCyKDbo0nQmV0pCWd04R6GKk7xkd%2FA2k%2BSwYe8C5Ip4G4p8A2J7mmcHNfnH0bHcS6uCW1RWZM7TawbZDptN%2Bt6Ibhxu7CVx3lQ%2FTA0rcNcw%3D"}],"group":"cf-nel","max_age":604800}
NEL: {"success_fraction":0,"report_to":"cf-nel","max_age":604800}
Server: cloudflare
CF-RAY: 89bf2eca8a476425-LHR
alt-svc: h3=":443"; ma=86400

{
    "success": true,
    "message": "User successfully removed"
}
HTTP/1.1 202 Accepted
Date: Sun, 30 Jun 2024 15:27:51 GMT
Content-Type: application/json; charset=utf-8
Content-Length: 54
Connection: keep-alive
X-Powered-By: Express
Access-Control-Allow-Origin: *
ETag: W/"36-hDmZnQ3Ou/ynnqAeC6TYmyseuzY"
CF-Cache-Status: DYNAMIC
Report-To: {"endpoints":[{"url":"https:\/\/a.nel.cloudflare.com\/report\/v4?s=QFYfAzAODdt%2BEZFgc%2Bdr3eZtZc7zdbUCPF3IoXwgRWrmOS36HCyKDbo0nQmV0pCWd04R6GKk7xkd%2FA2k%2BSwYe8C5Ip4G4p8A2J7mmcHNfnH0bHcS6uCW1RWZM7TawbZDptN%2Bt6Ibhxu7CVx3lQ%2FTA0rcNcw%3D"}],"group":"cf-nel","max_age":604800}
NEL: {"success_fraction":0,"report_to":"cf-nel","max_age":604800}
Server: cloudflare
CF-RAY: 89bf2eca8a476425-LHR
alt-svc: h3=":443"; ma=86400

{
    "success": true,
    "message": "User successfully removed"
}
HTTP/1.1 202 Accepted
Date: Sun, 30 Jun 2024 15:27:51 GMT
Content-Type: application/json; charset=utf-8
Content-Length: 54
Connection: keep-alive
X-Powered-By: Express
Access-Control-Allow-Origin: *
ETag: W/"36-hDmZnQ3Ou/ynnqAeC6TYmyseuzY"
CF-Cache-Status: DYNAMIC
Report-To: {"endpoints":[{"url":"https:\/\/a.nel.cloudflare.com\/report\/v4?s=QFYfAzAODdt%2BEZFgc%2Bdr3eZtZc7zdbUCPF3IoXwgRWrmOS36HCyKDbo0nQmV0pCWd04R6GKk7xkd%2FA2k%2BSwYe8C5Ip4G4p8A2J7mmcHNfnH0bHcS6uCW1RWZM7TawbZDptN%2Bt6Ibhxu7CVx3lQ%2FTA0rcNcw%3D"}],"group":"cf-nel","max_age":604800}
NEL: {"success_fraction":0,"report_to":"cf-nel","max_age":604800}
Server: cloudflare
CF-RAY: 89bf2eca8a476425-LHR
alt-svc: h3=":443"; ma=86400

{
    "success": true,
    "message": "User successfully removed"
}
HTTP/1.1 202 Accepted
Date: Sun, 30 Jun 2024 15:27:51 GMT
Content-Type: application/json; charset=utf-8
Content-Length: 54
Connection: keep-alive
X-Powered-By: Express
Access-Control-Allow-Origin: *
ETag: W/"36-hDmZnQ3Ou/ynnqAeC6TYmyseuzY"
CF-Cache-Status: DYNAMIC
Report-To: {"endpoints":[{"url":"https:\/\/a.nel.cloudflare.com\/report\/v4?s=QFYfAzAODdt%2BEZFgc%2Bdr3eZtZc7zdbUCPF3IoXwgRWrmOS36HCyKDbo0nQmV0pCWd04R6GKk7xkd%2FA2k%2BSwYe8C5Ip4G4p8A2J7mmcHNfnH0bHcS6uCW1RWZM7TawbZDptN%2Bt6Ibhxu7CVx3lQ%2FTA0rcNcw%3D"}],"group":"cf-nel","max_age":604800}
NEL: {"success_fraction":0,"report_to":"cf-nel","max_age":604800}
Server: cloudflare
CF-RAY: 89bf2eca8a476425-LHR
alt-svc: h3=":443"; ma=86400

{
    "success": true,
    "message": "User successfully removed"
}
HTTP/1.1 202 Accepted
Date: Sun, 30 Jun 2024 15:27:51 GMT
Content-Type: application/json; charset=utf-8
Content-Length: 54
Connection: keep-alive
X-Powered-By: Express
Access-Control-Allow-Origin: *
ETag: W/"36-hDmZnQ3Ou/ynnqAeC6TYmyseuzY"
CF-Cache-Status: DYNAMIC
Report-To: {"endpoints":[{"url":"https:\/\/a.nel.cloudflare.com\/report\/v4?s=QFYfAzAODdt%2BEZFgc%2Bdr3eZtZc7zdbUCPF3IoXwgRWrmOS36HCyKDbo0nQmV0pCWd04R6GKk7xkd%2FA2k%2BSwYe8C5Ip4G4p8A2J7mmcHNfnH0bHcS6uCW1RWZM7TawbZDptN%2Bt6Ibhxu7CVx3lQ%2FTA0rcNcw%3D"}],"group":"cf-nel","max_age":604800}
NEL: {"success_fraction":0,"report_to":"cf-nel","max_age":604800}
Server: cloudflare
CF-RAY: 89bf2eca8a476425-LHR
alt-svc: h3=":443"; ma=86400

{
    "success": true,
    "message": "User successfully removed"
}
HTTP/1.1 202 Accepted
Date: Sun, 30 Jun 2024 15:27:51 GMT
Content-Type: application/json; charset=utf-8
Content-Length: 54
Connection: keep-alive
X-Powered-By: Express
Access-Control-Allow-Origin: *
ETag: W/"36-hDmZnQ3Ou/ynnqAeC6TYmyseuzY"
CF-Cache-Status: DYNAMIC
Report-To: {"endpoints":[{"url":"https:\/\/a.nel.cloudflare.com\/report\/v4?s=QFYfAzAODdt%2BEZFgc%2Bdr3eZtZc7zdbUCPF3IoXwgRWrmOS36HCyKDbo0nQmV0pCWd04R6GKk7xkd%2FA2k%2BSwYe8C5Ip4G4p8A2J7mmcHNfnH0bHcS6uCW1RWZM7TawbZDptN%2Bt6Ibhxu7CVx3lQ%2FTA0rcNcw%3D"}],"group":"cf-nel","max_age":604800}
NEL: {"success_fraction":0,"report_to":"cf-nel","max_age":604800}
Server: cloudflare
CF-RAY: 89bf2eca8a476425-LHR
alt-svc: h3=":443"; ma=86400

{
    "success": true,
    "message": "User successfully removed"
}
HTTP/1.1 202 Accepted
Date: Sun, 30 Jun 2024 15:27:51 GMT
Content-Type: application/json; charset=utf-8
Content-Length: 54
Connection: keep-alive
X-Powered-By: Express
Access-Control-Allow-Origin: *
ETag: W/"36-hDmZnQ3Ou/ynnqAeC6TYmyseuzY"
CF-Cache-Status: DYNAMIC
Report-To: {"endpoints":[{"url":"https:\/\/a.nel.cloudflare.com\/report\/v4?s=QFYfAzAODdt%2BEZFgc%2Bdr3eZtZc7zdbUCPF3IoXwgRWrmOS36HCyKDbo0nQmV0pCWd04R6GKk7xkd%2FA2k%2BSwYe8C5Ip4G4p8A2J7mmcHNfnH0bHcS6uCW1RWZM7TawbZDptN%2Bt6Ibhxu7CVx3lQ%2FTA0rcNcw%3D"}],"group":"cf-nel","max_age":604800}
NEL: {"success_fraction":0,"report_to":"cf-nel","max_age":604800}
Server: cloudflare
CF-RAY: 89bf2eca8a476425-LHR
alt-svc: h3=":443"; ma=86400

{
    "success": true,
    "message": "User successfully removed"
}
HTTP/1.1 202 Accepted
Date: Sun, 30 Jun 2024 15:27:51 GMT
Content-Type: application/json; charset=utf-8
Content-Length: 54
Connection: keep-alive
X-Powered-By: Express
Access-Control-Allow-Origin: *
ETag: W/"36-hDmZnQ3Ou/ynnqAeC6TYmyseuzY"
CF-Cache-Status: DYNAMIC
Report-To: {"endpoints":[{"url":"https:\/\/a.nel.cloudflare.com\/report\/v4?s=QFYfAzAODdt%2BEZFgc%2Bdr3eZtZc7zdbUCPF3IoXwgRWrmOS36HCyKDbo0nQmV0pCWd04R6GKk7xkd%2FA2k%2BSwYe8C5Ip4G4p8A2J7mmcHNfnH0bHcS6uCW1RWZM7TawbZDptN%2Bt6Ibhxu7CVx3lQ%2FTA0rcNcw%3D"}],"group":"cf-nel","max_age":604800}
NEL: {"success_fraction":0,"report_to":"cf-nel","max_age":604800}
Server: cloudflare
CF-RAY: 89bf2eca8a476425-LHR
alt-svc: h3=":443"; ma=86400

{
    "success": true,
    "message": "User successfully removed"
}
]]></system-out>
  </testcase>
  <testcase name="updateNameUserNotAuth" classname="UpdateUserTest" time="1.153">
    <system-out><![CDATA[Request method:	POST
Request URI:	https://stellarburgers.nomoreparties.site/api/auth/register
Proxy:			<none>
Request params:	<none>
Query params:	<none>
Form params:	<none>
Path params:	<none>
Headers:		Accept=*/*
				Content-Type=application/json
Cookies:		<none>
Multiparts:		<none>
Body:
{
    "email": "gdyztIBaQz@ya.ru",
    "password": "CgfgxVdiVG",
    "name": "jQZCDcxpSr"
}
Request method:	POST
Request URI:	https://stellarburgers.nomoreparties.site/api/auth/register
Proxy:			<none>
Request params:	<none>
Query params:	<none>
Form params:	<none>
Path params:	<none>
Headers:		Accept=*/*
				Content-Type=application/json
Cookies:		<none>
Multiparts:		<none>
Body:
{
    "email": "gdyztIBaQz@ya.ru",
    "password": "CgfgxVdiVG",
    "name": "jQZCDcxpSr"
}
Request method:	POST
Request URI:	https://stellarburgers.nomoreparties.site/api/auth/register
Proxy:			<none>
Request params:	<none>
Query params:	<none>
Form params:	<none>
Path params:	<none>
Headers:		Accept=*/*
				Content-Type=application/json
Cookies:		<none>
Multiparts:		<none>
Body:
{
    "email": "gdyztIBaQz@ya.ru",
    "password": "CgfgxVdiVG",
    "name": "jQZCDcxpSr"
}
Request method:	POST
Request URI:	https://stellarburgers.nomoreparties.site/api/auth/register
Proxy:			<none>
Request params:	<none>
Query params:	<none>
Form params:	<none>
Path params:	<none>
Headers:		Accept=*/*
				Content-Type=application/json
Cookies:		<none>
Multiparts:		<none>
Body:
{
    "email": "gdyztIBaQz@ya.ru",
    "password": "CgfgxVdiVG",
    "name": "jQZCDcxpSr"
}
Request method:	POST
Request URI:	https://stellarburgers.nomoreparties.site/api/auth/register
Proxy:			<none>
Request params:	<none>
Query params:	<none>
Form params:	<none>
Path params:	<none>
Headers:		Accept=*/*
				Content-Type=application/json
Cookies:		<none>
Multiparts:		<none>
Body:
{
    "email": "gdyztIBaQz@ya.ru",
    "password": "CgfgxVdiVG",
    "name": "jQZCDcxpSr"
}
Request method:	POST
Request URI:	https://stellarburgers.nomoreparties.site/api/auth/register
Proxy:			<none>
Request params:	<none>
Query params:	<none>
Form params:	<none>
Path params:	<none>
Headers:		Accept=*/*
				Content-Type=application/json
Cookies:		<none>
Multiparts:		<none>
Body:
{
    "email": "gdyztIBaQz@ya.ru",
    "password": "CgfgxVdiVG",
    "name": "jQZCDcxpSr"
}
Request method:	POST
Request URI:	https://stellarburgers.nomoreparties.site/api/auth/register
Proxy:			<none>
Request params:	<none>
Query params:	<none>
Form params:	<none>
Path params:	<none>
Headers:		Accept=*/*
				Content-Type=application/json
Cookies:		<none>
Multiparts:		<none>
Body:
{
    "email": "gdyztIBaQz@ya.ru",
    "password": "CgfgxVdiVG",
    "name": "jQZCDcxpSr"
}
Request method:	POST
Request URI:	https://stellarburgers.nomoreparties.site/api/auth/register
Proxy:			<none>
Request params:	<none>
Query params:	<none>
Form params:	<none>
Path params:	<none>
Headers:		Accept=*/*
				Content-Type=application/json
Cookies:		<none>
Multiparts:		<none>
Body:
{
    "email": "gdyztIBaQz@ya.ru",
    "password": "CgfgxVdiVG",
    "name": "jQZCDcxpSr"
}
Request method:	POST
Request URI:	https://stellarburgers.nomoreparties.site/api/auth/register
Proxy:			<none>
Request params:	<none>
Query params:	<none>
Form params:	<none>
Path params:	<none>
Headers:		Accept=*/*
				Content-Type=application/json
Cookies:		<none>
Multiparts:		<none>
Body:
{
    "email": "gdyztIBaQz@ya.ru",
    "password": "CgfgxVdiVG",
    "name": "jQZCDcxpSr"
}
Request method:	POST
Request URI:	https://stellarburgers.nomoreparties.site/api/auth/register
Proxy:			<none>
Request params:	<none>
Query params:	<none>
Form params:	<none>
Path params:	<none>
Headers:		Accept=*/*
				Content-Type=application/json
Cookies:		<none>
Multiparts:		<none>
Body:
{
    "email": "gdyztIBaQz@ya.ru",
    "password": "CgfgxVdiVG",
    "name": "jQZCDcxpSr"
}
Request method:	POST
Request URI:	https://stellarburgers.nomoreparties.site/api/auth/register
Proxy:			<none>
Request params:	<none>
Query params:	<none>
Form params:	<none>
Path params:	<none>
Headers:		Accept=*/*
				Content-Type=application/json
Cookies:		<none>
Multiparts:		<none>
Body:
{
    "email": "gdyztIBaQz@ya.ru",
    "password": "CgfgxVdiVG",
    "name": "jQZCDcxpSr"
}
Request method:	POST
Request URI:	https://stellarburgers.nomoreparties.site/api/auth/register
Proxy:			<none>
Request params:	<none>
Query params:	<none>
Form params:	<none>
Path params:	<none>
Headers:		Accept=*/*
				Content-Type=application/json
Cookies:		<none>
Multiparts:		<none>
Body:
{
    "email": "gdyztIBaQz@ya.ru",
    "password": "CgfgxVdiVG",
    "name": "jQZCDcxpSr"
}
Request method:	POST
Request URI:	https://stellarburgers.nomoreparties.site/api/auth/register
Proxy:			<none>
Request params:	<none>
Query params:	<none>
Form params:	<none>
Path params:	<none>
Headers:		Accept=*/*
				Content-Type=application/json
Cookies:		<none>
Multiparts:		<none>
Body:
{
    "email": "gdyztIBaQz@ya.ru",
    "password": "CgfgxVdiVG",
    "name": "jQZCDcxpSr"
}
Request method:	POST
Request URI:	https://stellarburgers.nomoreparties.site/api/auth/register
Proxy:			<none>
Request params:	<none>
Query params:	<none>
Form params:	<none>
Path params:	<none>
Headers:		Accept=*/*
				Content-Type=application/json
Cookies:		<none>
Multiparts:		<none>
Body:
{
    "email": "gdyztIBaQz@ya.ru",
    "password": "CgfgxVdiVG",
    "name": "jQZCDcxpSr"
}
Request method:	POST
Request URI:	https://stellarburgers.nomoreparties.site/api/auth/register
Proxy:			<none>
Request params:	<none>
Query params:	<none>
Form params:	<none>
Path params:	<none>
Headers:		Accept=*/*
				Content-Type=application/json
Cookies:		<none>
Multiparts:		<none>
Body:
{
    "email": "gdyztIBaQz@ya.ru",
    "password": "CgfgxVdiVG",
    "name": "jQZCDcxpSr"
}
Request method:	POST
Request URI:	https://stellarburgers.nomoreparties.site/api/auth/register
Proxy:			<none>
Request params:	<none>
Query params:	<none>
Form params:	<none>
Path params:	<none>
Headers:		Accept=*/*
				Content-Type=application/json
Cookies:		<none>
Multiparts:		<none>
Body:
{
    "email": "gdyztIBaQz@ya.ru",
    "password": "CgfgxVdiVG",
    "name": "jQZCDcxpSr"
}
Request method:	POST
Request URI:	https://stellarburgers.nomoreparties.site/api/auth/register
Proxy:			<none>
Request params:	<none>
Query params:	<none>
Form params:	<none>
Path params:	<none>
Headers:		Accept=*/*
				Content-Type=application/json
Cookies:		<none>
Multiparts:		<none>
Body:
{
    "email": "gdyztIBaQz@ya.ru",
    "password": "CgfgxVdiVG",
    "name": "jQZCDcxpSr"
}
Request method:	POST
Request URI:	https://stellarburgers.nomoreparties.site/api/auth/register
Proxy:			<none>
Request params:	<none>
Query params:	<none>
Form params:	<none>
Path params:	<none>
Headers:		Accept=*/*
				Content-Type=application/json
Cookies:		<none>
Multiparts:		<none>
Body:
{
    "email": "gdyztIBaQz@ya.ru",
    "password": "CgfgxVdiVG",
    "name": "jQZCDcxpSr"
}
Request method:	POST
Request URI:	https://stellarburgers.nomoreparties.site/api/auth/register
Proxy:			<none>
Request params:	<none>
Query params:	<none>
Form params:	<none>
Path params:	<none>
Headers:		Accept=*/*
				Content-Type=application/json
Cookies:		<none>
Multiparts:		<none>
Body:
{
    "email": "gdyztIBaQz@ya.ru",
    "password": "CgfgxVdiVG",
    "name": "jQZCDcxpSr"
}
Request method:	POST
Request URI:	https://stellarburgers.nomoreparties.site/api/auth/register
Proxy:			<none>
Request params:	<none>
Query params:	<none>
Form params:	<none>
Path params:	<none>
Headers:		Accept=*/*
				Content-Type=application/json
Cookies:		<none>
Multiparts:		<none>
Body:
{
    "email": "gdyztIBaQz@ya.ru",
    "password": "CgfgxVdiVG",
    "name": "jQZCDcxpSr"
}
Request method:	POST
Request URI:	https://stellarburgers.nomoreparties.site/api/auth/register
Proxy:			<none>
Request params:	<none>
Query params:	<none>
Form params:	<none>
Path params:	<none>
Headers:		Accept=*/*
				Content-Type=application/json
Cookies:		<none>
Multiparts:		<none>
Body:
{
    "email": "gdyztIBaQz@ya.ru",
    "password": "CgfgxVdiVG",
    "name": "jQZCDcxpSr"
}
Request method:	POST
Request URI:	https://stellarburgers.nomoreparties.site/api/auth/register
Proxy:			<none>
Request params:	<none>
Query params:	<none>
Form params:	<none>
Path params:	<none>
Headers:		Accept=*/*
				Content-Type=application/json
Cookies:		<none>
Multiparts:		<none>
Body:
{
    "email": "gdyztIBaQz@ya.ru",
    "password": "CgfgxVdiVG",
    "name": "jQZCDcxpSr"
}
Request method:	POST
Request URI:	https://stellarburgers.nomoreparties.site/api/auth/register
Proxy:			<none>
Request params:	<none>
Query params:	<none>
Form params:	<none>
Path params:	<none>
Headers:		Accept=*/*
				Content-Type=application/json
Cookies:		<none>
Multiparts:		<none>
Body:
{
    "email": "gdyztIBaQz@ya.ru",
    "password": "CgfgxVdiVG",
    "name": "jQZCDcxpSr"
}
Request method:	POST
Request URI:	https://stellarburgers.nomoreparties.site/api/auth/register
Proxy:			<none>
Request params:	<none>
Query params:	<none>
Form params:	<none>
Path params:	<none>
Headers:		Accept=*/*
				Content-Type=application/json
Cookies:		<none>
Multiparts:		<none>
Body:
{
    "email": "gdyztIBaQz@ya.ru",
    "password": "CgfgxVdiVG",
    "name": "jQZCDcxpSr"
}
Request method:	POST
Request URI:	https://stellarburgers.nomoreparties.site/api/auth/register
Proxy:			<none>
Request params:	<none>
Query params:	<none>
Form params:	<none>
Path params:	<none>
Headers:		Accept=*/*
				Content-Type=application/json
Cookies:		<none>
Multiparts:		<none>
Body:
{
    "email": "gdyztIBaQz@ya.ru",
    "password": "CgfgxVdiVG",
    "name": "jQZCDcxpSr"
}
Request method:	POST
Request URI:	https://stellarburgers.nomoreparties.site/api/auth/register
Proxy:			<none>
Request params:	<none>
Query params:	<none>
Form params:	<none>
Path params:	<none>
Headers:		Accept=*/*
				Content-Type=application/json
Cookies:		<none>
Multiparts:		<none>
Body:
{
    "email": "gdyztIBaQz@ya.ru",
    "password": "CgfgxVdiVG",
    "name": "jQZCDcxpSr"
}
Request method:	POST
Request URI:	https://stellarburgers.nomoreparties.site/api/auth/register
Proxy:			<none>
Request params:	<none>
Query params:	<none>
Form params:	<none>
Path params:	<none>
Headers:		Accept=*/*
				Content-Type=application/json
Cookies:		<none>
Multiparts:		<none>
Body:
{
    "email": "gdyztIBaQz@ya.ru",
    "password": "CgfgxVdiVG",
    "name": "jQZCDcxpSr"
}
Request method:	POST
Request URI:	https://stellarburgers.nomoreparties.site/api/auth/register
Proxy:			<none>
Request params:	<none>
Query params:	<none>
Form params:	<none>
Path params:	<none>
Headers:		Accept=*/*
				Content-Type=application/json
Cookies:		<none>
Multiparts:		<none>
Body:
{
    "email": "gdyztIBaQz@ya.ru",
    "password": "CgfgxVdiVG",
    "name": "jQZCDcxpSr"
}
Request method:	POST
Request URI:	https://stellarburgers.nomoreparties.site/api/auth/register
Proxy:			<none>
Request params:	<none>
Query params:	<none>
Form params:	<none>
Path params:	<none>
Headers:		Accept=*/*
				Content-Type=application/json
Cookies:		<none>
Multiparts:		<none>
Body:
{
    "email": "gdyztIBaQz@ya.ru",
    "password": "CgfgxVdiVG",
    "name": "jQZCDcxpSr"
}
Request method:	POST
Request URI:	https://stellarburgers.nomoreparties.site/api/auth/register
Proxy:			<none>
Request params:	<none>
Query params:	<none>
Form params:	<none>
Path params:	<none>
Headers:		Accept=*/*
				Content-Type=application/json
Cookies:		<none>
Multiparts:		<none>
Body:
{
    "email": "gdyztIBaQz@ya.ru",
    "password": "CgfgxVdiVG",
    "name": "jQZCDcxpSr"
}
Request method:	POST
Request URI:	https://stellarburgers.nomoreparties.site/api/auth/register
Proxy:			<none>
Request params:	<none>
Query params:	<none>
Form params:	<none>
Path params:	<none>
Headers:		Accept=*/*
				Content-Type=application/json
Cookies:		<none>
Multiparts:		<none>
Body:
{
    "email": "gdyztIBaQz@ya.ru",
    "password": "CgfgxVdiVG",
    "name": "jQZCDcxpSr"
}
Request method:	POST
Request URI:	https://stellarburgers.nomoreparties.site/api/auth/register
Proxy:			<none>
Request params:	<none>
Query params:	<none>
Form params:	<none>
Path params:	<none>
Headers:		Accept=*/*
				Content-Type=application/json
Cookies:		<none>
Multiparts:		<none>
Body:
{
    "email": "gdyztIBaQz@ya.ru",
    "password": "CgfgxVdiVG",
    "name": "jQZCDcxpSr"
}
HTTP/1.1 200 OK
Date: Sun, 30 Jun 2024 15:27:52 GMT
Content-Type: application/json; charset=utf-8
Transfer-Encoding: chunked
Connection: keep-alive
X-Powered-By: Express
Access-Control-Allow-Origin: *
authorization: Bearer eyJhbGciOiJIUzI1NiIsInR5cCI6IkpXVCJ9.eyJpZCI6IjY2ODE3OTc4OWVkMjgwMDAxYjQ1OTYxYyIsImlhdCI6MTcxOTc2MTI3MiwiZXhwIjoxNzE5NzYyNDcyfQ.LDSDDgRszxs8kWuegS4_3biWwD0bLSNlCZyfUzrOBpY
ETag: W/"16d-d3pKw5sGNQYg0fvu+kjSNGexZqY"
CF-Cache-Status: DYNAMIC
Report-To: {"endpoints":[{"url":"https:\/\/a.nel.cloudflare.com\/report\/v4?s=eSJT8vpvsuJDP%2BHkMQDSs%2BT8PGCMFx3Hlk521UU%2BEJl4NrfUAkCyxJqGoCGLENXLRxGg02z4gZU7SCEPXXzFkRtH%2FS%2Ftzq4qF0iy5sPTKSxkWGAEaWx7nZcDIs8Oy%2BF%2BHDZQw9BAInwbthjdC92xlalE%2FFs%3D"}],"group":"cf-nel","max_age":604800}
NEL: {"success_fraction":0,"report_to":"cf-nel","max_age":604800}
Server: cloudflare
CF-RAY: 89bf2ece0c41d0b5-AMS
Content-Encoding: gzip
alt-svc: h3=":443"; ma=86400

{
    "success": true,
    "user": {
        "email": "gdyztibaqz@ya.ru",
        "name": "jQZCDcxpSr"
    },
    "accessToken": "Bearer eyJhbGciOiJIUzI1NiIsInR5cCI6IkpXVCJ9.eyJpZCI6IjY2ODE3OTc4OWVkMjgwMDAxYjQ1OTYxYyIsImlhdCI6MTcxOTc2MTI3MiwiZXhwIjoxNzE5NzYyNDcyfQ.LDSDDgRszxs8kWuegS4_3biWwD0bLSNlCZyfUzrOBpY",
    "refreshToken": "9e5662aa36596953083fbe20e507c497d1e22146cc1b01f838e29b07f3e539007dc8029597e0db56"
}
HTTP/1.1 200 OK
Date: Sun, 30 Jun 2024 15:27:52 GMT
Content-Type: application/json; charset=utf-8
Transfer-Encoding: chunked
Connection: keep-alive
X-Powered-By: Express
Access-Control-Allow-Origin: *
authorization: Bearer eyJhbGciOiJIUzI1NiIsInR5cCI6IkpXVCJ9.eyJpZCI6IjY2ODE3OTc4OWVkMjgwMDAxYjQ1OTYxYyIsImlhdCI6MTcxOTc2MTI3MiwiZXhwIjoxNzE5NzYyNDcyfQ.LDSDDgRszxs8kWuegS4_3biWwD0bLSNlCZyfUzrOBpY
ETag: W/"16d-d3pKw5sGNQYg0fvu+kjSNGexZqY"
CF-Cache-Status: DYNAMIC
Report-To: {"endpoints":[{"url":"https:\/\/a.nel.cloudflare.com\/report\/v4?s=eSJT8vpvsuJDP%2BHkMQDSs%2BT8PGCMFx3Hlk521UU%2BEJl4NrfUAkCyxJqGoCGLENXLRxGg02z4gZU7SCEPXXzFkRtH%2FS%2Ftzq4qF0iy5sPTKSxkWGAEaWx7nZcDIs8Oy%2BF%2BHDZQw9BAInwbthjdC92xlalE%2FFs%3D"}],"group":"cf-nel","max_age":604800}
NEL: {"success_fraction":0,"report_to":"cf-nel","max_age":604800}
Server: cloudflare
CF-RAY: 89bf2ece0c41d0b5-AMS
Content-Encoding: gzip
alt-svc: h3=":443"; ma=86400

{
    "success": true,
    "user": {
        "email": "gdyztibaqz@ya.ru",
        "name": "jQZCDcxpSr"
    },
    "accessToken": "Bearer eyJhbGciOiJIUzI1NiIsInR5cCI6IkpXVCJ9.eyJpZCI6IjY2ODE3OTc4OWVkMjgwMDAxYjQ1OTYxYyIsImlhdCI6MTcxOTc2MTI3MiwiZXhwIjoxNzE5NzYyNDcyfQ.LDSDDgRszxs8kWuegS4_3biWwD0bLSNlCZyfUzrOBpY",
    "refreshToken": "9e5662aa36596953083fbe20e507c497d1e22146cc1b01f838e29b07f3e539007dc8029597e0db56"
}
HTTP/1.1 200 OK
Date: Sun, 30 Jun 2024 15:27:52 GMT
Content-Type: application/json; charset=utf-8
Transfer-Encoding: chunked
Connection: keep-alive
X-Powered-By: Express
Access-Control-Allow-Origin: *
authorization: Bearer eyJhbGciOiJIUzI1NiIsInR5cCI6IkpXVCJ9.eyJpZCI6IjY2ODE3OTc4OWVkMjgwMDAxYjQ1OTYxYyIsImlhdCI6MTcxOTc2MTI3MiwiZXhwIjoxNzE5NzYyNDcyfQ.LDSDDgRszxs8kWuegS4_3biWwD0bLSNlCZyfUzrOBpY
ETag: W/"16d-d3pKw5sGNQYg0fvu+kjSNGexZqY"
CF-Cache-Status: DYNAMIC
Report-To: {"endpoints":[{"url":"https:\/\/a.nel.cloudflare.com\/report\/v4?s=eSJT8vpvsuJDP%2BHkMQDSs%2BT8PGCMFx3Hlk521UU%2BEJl4NrfUAkCyxJqGoCGLENXLRxGg02z4gZU7SCEPXXzFkRtH%2FS%2Ftzq4qF0iy5sPTKSxkWGAEaWx7nZcDIs8Oy%2BF%2BHDZQw9BAInwbthjdC92xlalE%2FFs%3D"}],"group":"cf-nel","max_age":604800}
NEL: {"success_fraction":0,"report_to":"cf-nel","max_age":604800}
Server: cloudflare
CF-RAY: 89bf2ece0c41d0b5-AMS
Content-Encoding: gzip
alt-svc: h3=":443"; ma=86400

{
    "success": true,
    "user": {
        "email": "gdyztibaqz@ya.ru",
        "name": "jQZCDcxpSr"
    },
    "accessToken": "Bearer eyJhbGciOiJIUzI1NiIsInR5cCI6IkpXVCJ9.eyJpZCI6IjY2ODE3OTc4OWVkMjgwMDAxYjQ1OTYxYyIsImlhdCI6MTcxOTc2MTI3MiwiZXhwIjoxNzE5NzYyNDcyfQ.LDSDDgRszxs8kWuegS4_3biWwD0bLSNlCZyfUzrOBpY",
    "refreshToken": "9e5662aa36596953083fbe20e507c497d1e22146cc1b01f838e29b07f3e539007dc8029597e0db56"
}
HTTP/1.1 200 OK
Date: Sun, 30 Jun 2024 15:27:52 GMT
Content-Type: application/json; charset=utf-8
Transfer-Encoding: chunked
Connection: keep-alive
X-Powered-By: Express
Access-Control-Allow-Origin: *
authorization: Bearer eyJhbGciOiJIUzI1NiIsInR5cCI6IkpXVCJ9.eyJpZCI6IjY2ODE3OTc4OWVkMjgwMDAxYjQ1OTYxYyIsImlhdCI6MTcxOTc2MTI3MiwiZXhwIjoxNzE5NzYyNDcyfQ.LDSDDgRszxs8kWuegS4_3biWwD0bLSNlCZyfUzrOBpY
ETag: W/"16d-d3pKw5sGNQYg0fvu+kjSNGexZqY"
CF-Cache-Status: DYNAMIC
Report-To: {"endpoints":[{"url":"https:\/\/a.nel.cloudflare.com\/report\/v4?s=eSJT8vpvsuJDP%2BHkMQDSs%2BT8PGCMFx3Hlk521UU%2BEJl4NrfUAkCyxJqGoCGLENXLRxGg02z4gZU7SCEPXXzFkRtH%2FS%2Ftzq4qF0iy5sPTKSxkWGAEaWx7nZcDIs8Oy%2BF%2BHDZQw9BAInwbthjdC92xlalE%2FFs%3D"}],"group":"cf-nel","max_age":604800}
NEL: {"success_fraction":0,"report_to":"cf-nel","max_age":604800}
Server: cloudflare
CF-RAY: 89bf2ece0c41d0b5-AMS
Content-Encoding: gzip
alt-svc: h3=":443"; ma=86400

{
    "success": true,
    "user": {
        "email": "gdyztibaqz@ya.ru",
        "name": "jQZCDcxpSr"
    },
    "accessToken": "Bearer eyJhbGciOiJIUzI1NiIsInR5cCI6IkpXVCJ9.eyJpZCI6IjY2ODE3OTc4OWVkMjgwMDAxYjQ1OTYxYyIsImlhdCI6MTcxOTc2MTI3MiwiZXhwIjoxNzE5NzYyNDcyfQ.LDSDDgRszxs8kWuegS4_3biWwD0bLSNlCZyfUzrOBpY",
    "refreshToken": "9e5662aa36596953083fbe20e507c497d1e22146cc1b01f838e29b07f3e539007dc8029597e0db56"
}
HTTP/1.1 200 OK
Date: Sun, 30 Jun 2024 15:27:52 GMT
Content-Type: application/json; charset=utf-8
Transfer-Encoding: chunked
Connection: keep-alive
X-Powered-By: Express
Access-Control-Allow-Origin: *
authorization: Bearer eyJhbGciOiJIUzI1NiIsInR5cCI6IkpXVCJ9.eyJpZCI6IjY2ODE3OTc4OWVkMjgwMDAxYjQ1OTYxYyIsImlhdCI6MTcxOTc2MTI3MiwiZXhwIjoxNzE5NzYyNDcyfQ.LDSDDgRszxs8kWuegS4_3biWwD0bLSNlCZyfUzrOBpY
ETag: W/"16d-d3pKw5sGNQYg0fvu+kjSNGexZqY"
CF-Cache-Status: DYNAMIC
Report-To: {"endpoints":[{"url":"https:\/\/a.nel.cloudflare.com\/report\/v4?s=eSJT8vpvsuJDP%2BHkMQDSs%2BT8PGCMFx3Hlk521UU%2BEJl4NrfUAkCyxJqGoCGLENXLRxGg02z4gZU7SCEPXXzFkRtH%2FS%2Ftzq4qF0iy5sPTKSxkWGAEaWx7nZcDIs8Oy%2BF%2BHDZQw9BAInwbthjdC92xlalE%2FFs%3D"}],"group":"cf-nel","max_age":604800}
NEL: {"success_fraction":0,"report_to":"cf-nel","max_age":604800}
Server: cloudflare
CF-RAY: 89bf2ece0c41d0b5-AMS
Content-Encoding: gzip
alt-svc: h3=":443"; ma=86400

{
    "success": true,
    "user": {
        "email": "gdyztibaqz@ya.ru",
        "name": "jQZCDcxpSr"
    },
    "accessToken": "Bearer eyJhbGciOiJIUzI1NiIsInR5cCI6IkpXVCJ9.eyJpZCI6IjY2ODE3OTc4OWVkMjgwMDAxYjQ1OTYxYyIsImlhdCI6MTcxOTc2MTI3MiwiZXhwIjoxNzE5NzYyNDcyfQ.LDSDDgRszxs8kWuegS4_3biWwD0bLSNlCZyfUzrOBpY",
    "refreshToken": "9e5662aa36596953083fbe20e507c497d1e22146cc1b01f838e29b07f3e539007dc8029597e0db56"
}
HTTP/1.1 200 OK
Date: Sun, 30 Jun 2024 15:27:52 GMT
Content-Type: application/json; charset=utf-8
Transfer-Encoding: chunked
Connection: keep-alive
X-Powered-By: Express
Access-Control-Allow-Origin: *
authorization: Bearer eyJhbGciOiJIUzI1NiIsInR5cCI6IkpXVCJ9.eyJpZCI6IjY2ODE3OTc4OWVkMjgwMDAxYjQ1OTYxYyIsImlhdCI6MTcxOTc2MTI3MiwiZXhwIjoxNzE5NzYyNDcyfQ.LDSDDgRszxs8kWuegS4_3biWwD0bLSNlCZyfUzrOBpY
ETag: W/"16d-d3pKw5sGNQYg0fvu+kjSNGexZqY"
CF-Cache-Status: DYNAMIC
Report-To: {"endpoints":[{"url":"https:\/\/a.nel.cloudflare.com\/report\/v4?s=eSJT8vpvsuJDP%2BHkMQDSs%2BT8PGCMFx3Hlk521UU%2BEJl4NrfUAkCyxJqGoCGLENXLRxGg02z4gZU7SCEPXXzFkRtH%2FS%2Ftzq4qF0iy5sPTKSxkWGAEaWx7nZcDIs8Oy%2BF%2BHDZQw9BAInwbthjdC92xlalE%2FFs%3D"}],"group":"cf-nel","max_age":604800}
NEL: {"success_fraction":0,"report_to":"cf-nel","max_age":604800}
Server: cloudflare
CF-RAY: 89bf2ece0c41d0b5-AMS
Content-Encoding: gzip
alt-svc: h3=":443"; ma=86400

{
    "success": true,
    "user": {
        "email": "gdyztibaqz@ya.ru",
        "name": "jQZCDcxpSr"
    },
    "accessToken": "Bearer eyJhbGciOiJIUzI1NiIsInR5cCI6IkpXVCJ9.eyJpZCI6IjY2ODE3OTc4OWVkMjgwMDAxYjQ1OTYxYyIsImlhdCI6MTcxOTc2MTI3MiwiZXhwIjoxNzE5NzYyNDcyfQ.LDSDDgRszxs8kWuegS4_3biWwD0bLSNlCZyfUzrOBpY",
    "refreshToken": "9e5662aa36596953083fbe20e507c497d1e22146cc1b01f838e29b07f3e539007dc8029597e0db56"
}
HTTP/1.1 200 OK
Date: Sun, 30 Jun 2024 15:27:52 GMT
Content-Type: application/json; charset=utf-8
Transfer-Encoding: chunked
Connection: keep-alive
X-Powered-By: Express
Access-Control-Allow-Origin: *
authorization: Bearer eyJhbGciOiJIUzI1NiIsInR5cCI6IkpXVCJ9.eyJpZCI6IjY2ODE3OTc4OWVkMjgwMDAxYjQ1OTYxYyIsImlhdCI6MTcxOTc2MTI3MiwiZXhwIjoxNzE5NzYyNDcyfQ.LDSDDgRszxs8kWuegS4_3biWwD0bLSNlCZyfUzrOBpY
ETag: W/"16d-d3pKw5sGNQYg0fvu+kjSNGexZqY"
CF-Cache-Status: DYNAMIC
Report-To: {"endpoints":[{"url":"https:\/\/a.nel.cloudflare.com\/report\/v4?s=eSJT8vpvsuJDP%2BHkMQDSs%2BT8PGCMFx3Hlk521UU%2BEJl4NrfUAkCyxJqGoCGLENXLRxGg02z4gZU7SCEPXXzFkRtH%2FS%2Ftzq4qF0iy5sPTKSxkWGAEaWx7nZcDIs8Oy%2BF%2BHDZQw9BAInwbthjdC92xlalE%2FFs%3D"}],"group":"cf-nel","max_age":604800}
NEL: {"success_fraction":0,"report_to":"cf-nel","max_age":604800}
Server: cloudflare
CF-RAY: 89bf2ece0c41d0b5-AMS
Content-Encoding: gzip
alt-svc: h3=":443"; ma=86400

{
    "success": true,
    "user": {
        "email": "gdyztibaqz@ya.ru",
        "name": "jQZCDcxpSr"
    },
    "accessToken": "Bearer eyJhbGciOiJIUzI1NiIsInR5cCI6IkpXVCJ9.eyJpZCI6IjY2ODE3OTc4OWVkMjgwMDAxYjQ1OTYxYyIsImlhdCI6MTcxOTc2MTI3MiwiZXhwIjoxNzE5NzYyNDcyfQ.LDSDDgRszxs8kWuegS4_3biWwD0bLSNlCZyfUzrOBpY",
    "refreshToken": "9e5662aa36596953083fbe20e507c497d1e22146cc1b01f838e29b07f3e539007dc8029597e0db56"
}
HTTP/1.1 200 OK
Date: Sun, 30 Jun 2024 15:27:52 GMT
Content-Type: application/json; charset=utf-8
Transfer-Encoding: chunked
Connection: keep-alive
X-Powered-By: Express
Access-Control-Allow-Origin: *
authorization: Bearer eyJhbGciOiJIUzI1NiIsInR5cCI6IkpXVCJ9.eyJpZCI6IjY2ODE3OTc4OWVkMjgwMDAxYjQ1OTYxYyIsImlhdCI6MTcxOTc2MTI3MiwiZXhwIjoxNzE5NzYyNDcyfQ.LDSDDgRszxs8kWuegS4_3biWwD0bLSNlCZyfUzrOBpY
ETag: W/"16d-d3pKw5sGNQYg0fvu+kjSNGexZqY"
CF-Cache-Status: DYNAMIC
Report-To: {"endpoints":[{"url":"https:\/\/a.nel.cloudflare.com\/report\/v4?s=eSJT8vpvsuJDP%2BHkMQDSs%2BT8PGCMFx3Hlk521UU%2BEJl4NrfUAkCyxJqGoCGLENXLRxGg02z4gZU7SCEPXXzFkRtH%2FS%2Ftzq4qF0iy5sPTKSxkWGAEaWx7nZcDIs8Oy%2BF%2BHDZQw9BAInwbthjdC92xlalE%2FFs%3D"}],"group":"cf-nel","max_age":604800}
NEL: {"success_fraction":0,"report_to":"cf-nel","max_age":604800}
Server: cloudflare
CF-RAY: 89bf2ece0c41d0b5-AMS
Content-Encoding: gzip
alt-svc: h3=":443"; ma=86400

{
    "success": true,
    "user": {
        "email": "gdyztibaqz@ya.ru",
        "name": "jQZCDcxpSr"
    },
    "accessToken": "Bearer eyJhbGciOiJIUzI1NiIsInR5cCI6IkpXVCJ9.eyJpZCI6IjY2ODE3OTc4OWVkMjgwMDAxYjQ1OTYxYyIsImlhdCI6MTcxOTc2MTI3MiwiZXhwIjoxNzE5NzYyNDcyfQ.LDSDDgRszxs8kWuegS4_3biWwD0bLSNlCZyfUzrOBpY",
    "refreshToken": "9e5662aa36596953083fbe20e507c497d1e22146cc1b01f838e29b07f3e539007dc8029597e0db56"
}
HTTP/1.1 200 OK
Date: Sun, 30 Jun 2024 15:27:52 GMT
Content-Type: application/json; charset=utf-8
Transfer-Encoding: chunked
Connection: keep-alive
X-Powered-By: Express
Access-Control-Allow-Origin: *
authorization: Bearer eyJhbGciOiJIUzI1NiIsInR5cCI6IkpXVCJ9.eyJpZCI6IjY2ODE3OTc4OWVkMjgwMDAxYjQ1OTYxYyIsImlhdCI6MTcxOTc2MTI3MiwiZXhwIjoxNzE5NzYyNDcyfQ.LDSDDgRszxs8kWuegS4_3biWwD0bLSNlCZyfUzrOBpY
ETag: W/"16d-d3pKw5sGNQYg0fvu+kjSNGexZqY"
CF-Cache-Status: DYNAMIC
Report-To: {"endpoints":[{"url":"https:\/\/a.nel.cloudflare.com\/report\/v4?s=eSJT8vpvsuJDP%2BHkMQDSs%2BT8PGCMFx3Hlk521UU%2BEJl4NrfUAkCyxJqGoCGLENXLRxGg02z4gZU7SCEPXXzFkRtH%2FS%2Ftzq4qF0iy5sPTKSxkWGAEaWx7nZcDIs8Oy%2BF%2BHDZQw9BAInwbthjdC92xlalE%2FFs%3D"}],"group":"cf-nel","max_age":604800}
NEL: {"success_fraction":0,"report_to":"cf-nel","max_age":604800}
Server: cloudflare
CF-RAY: 89bf2ece0c41d0b5-AMS
Content-Encoding: gzip
alt-svc: h3=":443"; ma=86400

{
    "success": true,
    "user": {
        "email": "gdyztibaqz@ya.ru",
        "name": "jQZCDcxpSr"
    },
    "accessToken": "Bearer eyJhbGciOiJIUzI1NiIsInR5cCI6IkpXVCJ9.eyJpZCI6IjY2ODE3OTc4OWVkMjgwMDAxYjQ1OTYxYyIsImlhdCI6MTcxOTc2MTI3MiwiZXhwIjoxNzE5NzYyNDcyfQ.LDSDDgRszxs8kWuegS4_3biWwD0bLSNlCZyfUzrOBpY",
    "refreshToken": "9e5662aa36596953083fbe20e507c497d1e22146cc1b01f838e29b07f3e539007dc8029597e0db56"
}
HTTP/1.1 200 OK
Date: Sun, 30 Jun 2024 15:27:52 GMT
Content-Type: application/json; charset=utf-8
Transfer-Encoding: chunked
Connection: keep-alive
X-Powered-By: Express
Access-Control-Allow-Origin: *
authorization: Bearer eyJhbGciOiJIUzI1NiIsInR5cCI6IkpXVCJ9.eyJpZCI6IjY2ODE3OTc4OWVkMjgwMDAxYjQ1OTYxYyIsImlhdCI6MTcxOTc2MTI3MiwiZXhwIjoxNzE5NzYyNDcyfQ.LDSDDgRszxs8kWuegS4_3biWwD0bLSNlCZyfUzrOBpY
ETag: W/"16d-d3pKw5sGNQYg0fvu+kjSNGexZqY"
CF-Cache-Status: DYNAMIC
Report-To: {"endpoints":[{"url":"https:\/\/a.nel.cloudflare.com\/report\/v4?s=eSJT8vpvsuJDP%2BHkMQDSs%2BT8PGCMFx3Hlk521UU%2BEJl4NrfUAkCyxJqGoCGLENXLRxGg02z4gZU7SCEPXXzFkRtH%2FS%2Ftzq4qF0iy5sPTKSxkWGAEaWx7nZcDIs8Oy%2BF%2BHDZQw9BAInwbthjdC92xlalE%2FFs%3D"}],"group":"cf-nel","max_age":604800}
NEL: {"success_fraction":0,"report_to":"cf-nel","max_age":604800}
Server: cloudflare
CF-RAY: 89bf2ece0c41d0b5-AMS
Content-Encoding: gzip
alt-svc: h3=":443"; ma=86400

{
    "success": true,
    "user": {
        "email": "gdyztibaqz@ya.ru",
        "name": "jQZCDcxpSr"
    },
    "accessToken": "Bearer eyJhbGciOiJIUzI1NiIsInR5cCI6IkpXVCJ9.eyJpZCI6IjY2ODE3OTc4OWVkMjgwMDAxYjQ1OTYxYyIsImlhdCI6MTcxOTc2MTI3MiwiZXhwIjoxNzE5NzYyNDcyfQ.LDSDDgRszxs8kWuegS4_3biWwD0bLSNlCZyfUzrOBpY",
    "refreshToken": "9e5662aa36596953083fbe20e507c497d1e22146cc1b01f838e29b07f3e539007dc8029597e0db56"
}
HTTP/1.1 200 OK
Date: Sun, 30 Jun 2024 15:27:52 GMT
Content-Type: application/json; charset=utf-8
Transfer-Encoding: chunked
Connection: keep-alive
X-Powered-By: Express
Access-Control-Allow-Origin: *
authorization: Bearer eyJhbGciOiJIUzI1NiIsInR5cCI6IkpXVCJ9.eyJpZCI6IjY2ODE3OTc4OWVkMjgwMDAxYjQ1OTYxYyIsImlhdCI6MTcxOTc2MTI3MiwiZXhwIjoxNzE5NzYyNDcyfQ.LDSDDgRszxs8kWuegS4_3biWwD0bLSNlCZyfUzrOBpY
ETag: W/"16d-d3pKw5sGNQYg0fvu+kjSNGexZqY"
CF-Cache-Status: DYNAMIC
Report-To: {"endpoints":[{"url":"https:\/\/a.nel.cloudflare.com\/report\/v4?s=eSJT8vpvsuJDP%2BHkMQDSs%2BT8PGCMFx3Hlk521UU%2BEJl4NrfUAkCyxJqGoCGLENXLRxGg02z4gZU7SCEPXXzFkRtH%2FS%2Ftzq4qF0iy5sPTKSxkWGAEaWx7nZcDIs8Oy%2BF%2BHDZQw9BAInwbthjdC92xlalE%2FFs%3D"}],"group":"cf-nel","max_age":604800}
NEL: {"success_fraction":0,"report_to":"cf-nel","max_age":604800}
Server: cloudflare
CF-RAY: 89bf2ece0c41d0b5-AMS
Content-Encoding: gzip
alt-svc: h3=":443"; ma=86400

{
    "success": true,
    "user": {
        "email": "gdyztibaqz@ya.ru",
        "name": "jQZCDcxpSr"
    },
    "accessToken": "Bearer eyJhbGciOiJIUzI1NiIsInR5cCI6IkpXVCJ9.eyJpZCI6IjY2ODE3OTc4OWVkMjgwMDAxYjQ1OTYxYyIsImlhdCI6MTcxOTc2MTI3MiwiZXhwIjoxNzE5NzYyNDcyfQ.LDSDDgRszxs8kWuegS4_3biWwD0bLSNlCZyfUzrOBpY",
    "refreshToken": "9e5662aa36596953083fbe20e507c497d1e22146cc1b01f838e29b07f3e539007dc8029597e0db56"
}
HTTP/1.1 200 OK
Date: Sun, 30 Jun 2024 15:27:52 GMT
Content-Type: application/json; charset=utf-8
Transfer-Encoding: chunked
Connection: keep-alive
X-Powered-By: Express
Access-Control-Allow-Origin: *
authorization: Bearer eyJhbGciOiJIUzI1NiIsInR5cCI6IkpXVCJ9.eyJpZCI6IjY2ODE3OTc4OWVkMjgwMDAxYjQ1OTYxYyIsImlhdCI6MTcxOTc2MTI3MiwiZXhwIjoxNzE5NzYyNDcyfQ.LDSDDgRszxs8kWuegS4_3biWwD0bLSNlCZyfUzrOBpY
ETag: W/"16d-d3pKw5sGNQYg0fvu+kjSNGexZqY"
CF-Cache-Status: DYNAMIC
Report-To: {"endpoints":[{"url":"https:\/\/a.nel.cloudflare.com\/report\/v4?s=eSJT8vpvsuJDP%2BHkMQDSs%2BT8PGCMFx3Hlk521UU%2BEJl4NrfUAkCyxJqGoCGLENXLRxGg02z4gZU7SCEPXXzFkRtH%2FS%2Ftzq4qF0iy5sPTKSxkWGAEaWx7nZcDIs8Oy%2BF%2BHDZQw9BAInwbthjdC92xlalE%2FFs%3D"}],"group":"cf-nel","max_age":604800}
NEL: {"success_fraction":0,"report_to":"cf-nel","max_age":604800}
Server: cloudflare
CF-RAY: 89bf2ece0c41d0b5-AMS
Content-Encoding: gzip
alt-svc: h3=":443"; ma=86400

{
    "success": true,
    "user": {
        "email": "gdyztibaqz@ya.ru",
        "name": "jQZCDcxpSr"
    },
    "accessToken": "Bearer eyJhbGciOiJIUzI1NiIsInR5cCI6IkpXVCJ9.eyJpZCI6IjY2ODE3OTc4OWVkMjgwMDAxYjQ1OTYxYyIsImlhdCI6MTcxOTc2MTI3MiwiZXhwIjoxNzE5NzYyNDcyfQ.LDSDDgRszxs8kWuegS4_3biWwD0bLSNlCZyfUzrOBpY",
    "refreshToken": "9e5662aa36596953083fbe20e507c497d1e22146cc1b01f838e29b07f3e539007dc8029597e0db56"
}
HTTP/1.1 200 OK
Date: Sun, 30 Jun 2024 15:27:52 GMT
Content-Type: application/json; charset=utf-8
Transfer-Encoding: chunked
Connection: keep-alive
X-Powered-By: Express
Access-Control-Allow-Origin: *
authorization: Bearer eyJhbGciOiJIUzI1NiIsInR5cCI6IkpXVCJ9.eyJpZCI6IjY2ODE3OTc4OWVkMjgwMDAxYjQ1OTYxYyIsImlhdCI6MTcxOTc2MTI3MiwiZXhwIjoxNzE5NzYyNDcyfQ.LDSDDgRszxs8kWuegS4_3biWwD0bLSNlCZyfUzrOBpY
ETag: W/"16d-d3pKw5sGNQYg0fvu+kjSNGexZqY"
CF-Cache-Status: DYNAMIC
Report-To: {"endpoints":[{"url":"https:\/\/a.nel.cloudflare.com\/report\/v4?s=eSJT8vpvsuJDP%2BHkMQDSs%2BT8PGCMFx3Hlk521UU%2BEJl4NrfUAkCyxJqGoCGLENXLRxGg02z4gZU7SCEPXXzFkRtH%2FS%2Ftzq4qF0iy5sPTKSxkWGAEaWx7nZcDIs8Oy%2BF%2BHDZQw9BAInwbthjdC92xlalE%2FFs%3D"}],"group":"cf-nel","max_age":604800}
NEL: {"success_fraction":0,"report_to":"cf-nel","max_age":604800}
Server: cloudflare
CF-RAY: 89bf2ece0c41d0b5-AMS
Content-Encoding: gzip
alt-svc: h3=":443"; ma=86400

{
    "success": true,
    "user": {
        "email": "gdyztibaqz@ya.ru",
        "name": "jQZCDcxpSr"
    },
    "accessToken": "Bearer eyJhbGciOiJIUzI1NiIsInR5cCI6IkpXVCJ9.eyJpZCI6IjY2ODE3OTc4OWVkMjgwMDAxYjQ1OTYxYyIsImlhdCI6MTcxOTc2MTI3MiwiZXhwIjoxNzE5NzYyNDcyfQ.LDSDDgRszxs8kWuegS4_3biWwD0bLSNlCZyfUzrOBpY",
    "refreshToken": "9e5662aa36596953083fbe20e507c497d1e22146cc1b01f838e29b07f3e539007dc8029597e0db56"
}
HTTP/1.1 200 OK
Date: Sun, 30 Jun 2024 15:27:52 GMT
Content-Type: application/json; charset=utf-8
Transfer-Encoding: chunked
Connection: keep-alive
X-Powered-By: Express
Access-Control-Allow-Origin: *
authorization: Bearer eyJhbGciOiJIUzI1NiIsInR5cCI6IkpXVCJ9.eyJpZCI6IjY2ODE3OTc4OWVkMjgwMDAxYjQ1OTYxYyIsImlhdCI6MTcxOTc2MTI3MiwiZXhwIjoxNzE5NzYyNDcyfQ.LDSDDgRszxs8kWuegS4_3biWwD0bLSNlCZyfUzrOBpY
ETag: W/"16d-d3pKw5sGNQYg0fvu+kjSNGexZqY"
CF-Cache-Status: DYNAMIC
Report-To: {"endpoints":[{"url":"https:\/\/a.nel.cloudflare.com\/report\/v4?s=eSJT8vpvsuJDP%2BHkMQDSs%2BT8PGCMFx3Hlk521UU%2BEJl4NrfUAkCyxJqGoCGLENXLRxGg02z4gZU7SCEPXXzFkRtH%2FS%2Ftzq4qF0iy5sPTKSxkWGAEaWx7nZcDIs8Oy%2BF%2BHDZQw9BAInwbthjdC92xlalE%2FFs%3D"}],"group":"cf-nel","max_age":604800}
NEL: {"success_fraction":0,"report_to":"cf-nel","max_age":604800}
Server: cloudflare
CF-RAY: 89bf2ece0c41d0b5-AMS
Content-Encoding: gzip
alt-svc: h3=":443"; ma=86400

{
    "success": true,
    "user": {
        "email": "gdyztibaqz@ya.ru",
        "name": "jQZCDcxpSr"
    },
    "accessToken": "Bearer eyJhbGciOiJIUzI1NiIsInR5cCI6IkpXVCJ9.eyJpZCI6IjY2ODE3OTc4OWVkMjgwMDAxYjQ1OTYxYyIsImlhdCI6MTcxOTc2MTI3MiwiZXhwIjoxNzE5NzYyNDcyfQ.LDSDDgRszxs8kWuegS4_3biWwD0bLSNlCZyfUzrOBpY",
    "refreshToken": "9e5662aa36596953083fbe20e507c497d1e22146cc1b01f838e29b07f3e539007dc8029597e0db56"
}
HTTP/1.1 200 OK
Date: Sun, 30 Jun 2024 15:27:52 GMT
Content-Type: application/json; charset=utf-8
Transfer-Encoding: chunked
Connection: keep-alive
X-Powered-By: Express
Access-Control-Allow-Origin: *
authorization: Bearer eyJhbGciOiJIUzI1NiIsInR5cCI6IkpXVCJ9.eyJpZCI6IjY2ODE3OTc4OWVkMjgwMDAxYjQ1OTYxYyIsImlhdCI6MTcxOTc2MTI3MiwiZXhwIjoxNzE5NzYyNDcyfQ.LDSDDgRszxs8kWuegS4_3biWwD0bLSNlCZyfUzrOBpY
ETag: W/"16d-d3pKw5sGNQYg0fvu+kjSNGexZqY"
CF-Cache-Status: DYNAMIC
Report-To: {"endpoints":[{"url":"https:\/\/a.nel.cloudflare.com\/report\/v4?s=eSJT8vpvsuJDP%2BHkMQDSs%2BT8PGCMFx3Hlk521UU%2BEJl4NrfUAkCyxJqGoCGLENXLRxGg02z4gZU7SCEPXXzFkRtH%2FS%2Ftzq4qF0iy5sPTKSxkWGAEaWx7nZcDIs8Oy%2BF%2BHDZQw9BAInwbthjdC92xlalE%2FFs%3D"}],"group":"cf-nel","max_age":604800}
NEL: {"success_fraction":0,"report_to":"cf-nel","max_age":604800}
Server: cloudflare
CF-RAY: 89bf2ece0c41d0b5-AMS
Content-Encoding: gzip
alt-svc: h3=":443"; ma=86400

{
    "success": true,
    "user": {
        "email": "gdyztibaqz@ya.ru",
        "name": "jQZCDcxpSr"
    },
    "accessToken": "Bearer eyJhbGciOiJIUzI1NiIsInR5cCI6IkpXVCJ9.eyJpZCI6IjY2ODE3OTc4OWVkMjgwMDAxYjQ1OTYxYyIsImlhdCI6MTcxOTc2MTI3MiwiZXhwIjoxNzE5NzYyNDcyfQ.LDSDDgRszxs8kWuegS4_3biWwD0bLSNlCZyfUzrOBpY",
    "refreshToken": "9e5662aa36596953083fbe20e507c497d1e22146cc1b01f838e29b07f3e539007dc8029597e0db56"
}
HTTP/1.1 200 OK
Date: Sun, 30 Jun 2024 15:27:52 GMT
Content-Type: application/json; charset=utf-8
Transfer-Encoding: chunked
Connection: keep-alive
X-Powered-By: Express
Access-Control-Allow-Origin: *
authorization: Bearer eyJhbGciOiJIUzI1NiIsInR5cCI6IkpXVCJ9.eyJpZCI6IjY2ODE3OTc4OWVkMjgwMDAxYjQ1OTYxYyIsImlhdCI6MTcxOTc2MTI3MiwiZXhwIjoxNzE5NzYyNDcyfQ.LDSDDgRszxs8kWuegS4_3biWwD0bLSNlCZyfUzrOBpY
ETag: W/"16d-d3pKw5sGNQYg0fvu+kjSNGexZqY"
CF-Cache-Status: DYNAMIC
Report-To: {"endpoints":[{"url":"https:\/\/a.nel.cloudflare.com\/report\/v4?s=eSJT8vpvsuJDP%2BHkMQDSs%2BT8PGCMFx3Hlk521UU%2BEJl4NrfUAkCyxJqGoCGLENXLRxGg02z4gZU7SCEPXXzFkRtH%2FS%2Ftzq4qF0iy5sPTKSxkWGAEaWx7nZcDIs8Oy%2BF%2BHDZQw9BAInwbthjdC92xlalE%2FFs%3D"}],"group":"cf-nel","max_age":604800}
NEL: {"success_fraction":0,"report_to":"cf-nel","max_age":604800}
Server: cloudflare
CF-RAY: 89bf2ece0c41d0b5-AMS
Content-Encoding: gzip
alt-svc: h3=":443"; ma=86400

{
    "success": true,
    "user": {
        "email": "gdyztibaqz@ya.ru",
        "name": "jQZCDcxpSr"
    },
    "accessToken": "Bearer eyJhbGciOiJIUzI1NiIsInR5cCI6IkpXVCJ9.eyJpZCI6IjY2ODE3OTc4OWVkMjgwMDAxYjQ1OTYxYyIsImlhdCI6MTcxOTc2MTI3MiwiZXhwIjoxNzE5NzYyNDcyfQ.LDSDDgRszxs8kWuegS4_3biWwD0bLSNlCZyfUzrOBpY",
    "refreshToken": "9e5662aa36596953083fbe20e507c497d1e22146cc1b01f838e29b07f3e539007dc8029597e0db56"
}
HTTP/1.1 200 OK
Date: Sun, 30 Jun 2024 15:27:52 GMT
Content-Type: application/json; charset=utf-8
Transfer-Encoding: chunked
Connection: keep-alive
X-Powered-By: Express
Access-Control-Allow-Origin: *
authorization: Bearer eyJhbGciOiJIUzI1NiIsInR5cCI6IkpXVCJ9.eyJpZCI6IjY2ODE3OTc4OWVkMjgwMDAxYjQ1OTYxYyIsImlhdCI6MTcxOTc2MTI3MiwiZXhwIjoxNzE5NzYyNDcyfQ.LDSDDgRszxs8kWuegS4_3biWwD0bLSNlCZyfUzrOBpY
ETag: W/"16d-d3pKw5sGNQYg0fvu+kjSNGexZqY"
CF-Cache-Status: DYNAMIC
Report-To: {"endpoints":[{"url":"https:\/\/a.nel.cloudflare.com\/report\/v4?s=eSJT8vpvsuJDP%2BHkMQDSs%2BT8PGCMFx3Hlk521UU%2BEJl4NrfUAkCyxJqGoCGLENXLRxGg02z4gZU7SCEPXXzFkRtH%2FS%2Ftzq4qF0iy5sPTKSxkWGAEaWx7nZcDIs8Oy%2BF%2BHDZQw9BAInwbthjdC92xlalE%2FFs%3D"}],"group":"cf-nel","max_age":604800}
NEL: {"success_fraction":0,"report_to":"cf-nel","max_age":604800}
Server: cloudflare
CF-RAY: 89bf2ece0c41d0b5-AMS
Content-Encoding: gzip
alt-svc: h3=":443"; ma=86400

{
    "success": true,
    "user": {
        "email": "gdyztibaqz@ya.ru",
        "name": "jQZCDcxpSr"
    },
    "accessToken": "Bearer eyJhbGciOiJIUzI1NiIsInR5cCI6IkpXVCJ9.eyJpZCI6IjY2ODE3OTc4OWVkMjgwMDAxYjQ1OTYxYyIsImlhdCI6MTcxOTc2MTI3MiwiZXhwIjoxNzE5NzYyNDcyfQ.LDSDDgRszxs8kWuegS4_3biWwD0bLSNlCZyfUzrOBpY",
    "refreshToken": "9e5662aa36596953083fbe20e507c497d1e22146cc1b01f838e29b07f3e539007dc8029597e0db56"
}
HTTP/1.1 200 OK
Date: Sun, 30 Jun 2024 15:27:52 GMT
Content-Type: application/json; charset=utf-8
Transfer-Encoding: chunked
Connection: keep-alive
X-Powered-By: Express
Access-Control-Allow-Origin: *
authorization: Bearer eyJhbGciOiJIUzI1NiIsInR5cCI6IkpXVCJ9.eyJpZCI6IjY2ODE3OTc4OWVkMjgwMDAxYjQ1OTYxYyIsImlhdCI6MTcxOTc2MTI3MiwiZXhwIjoxNzE5NzYyNDcyfQ.LDSDDgRszxs8kWuegS4_3biWwD0bLSNlCZyfUzrOBpY
ETag: W/"16d-d3pKw5sGNQYg0fvu+kjSNGexZqY"
CF-Cache-Status: DYNAMIC
Report-To: {"endpoints":[{"url":"https:\/\/a.nel.cloudflare.com\/report\/v4?s=eSJT8vpvsuJDP%2BHkMQDSs%2BT8PGCMFx3Hlk521UU%2BEJl4NrfUAkCyxJqGoCGLENXLRxGg02z4gZU7SCEPXXzFkRtH%2FS%2Ftzq4qF0iy5sPTKSxkWGAEaWx7nZcDIs8Oy%2BF%2BHDZQw9BAInwbthjdC92xlalE%2FFs%3D"}],"group":"cf-nel","max_age":604800}
NEL: {"success_fraction":0,"report_to":"cf-nel","max_age":604800}
Server: cloudflare
CF-RAY: 89bf2ece0c41d0b5-AMS
Content-Encoding: gzip
alt-svc: h3=":443"; ma=86400

{
    "success": true,
    "user": {
        "email": "gdyztibaqz@ya.ru",
        "name": "jQZCDcxpSr"
    },
    "accessToken": "Bearer eyJhbGciOiJIUzI1NiIsInR5cCI6IkpXVCJ9.eyJpZCI6IjY2ODE3OTc4OWVkMjgwMDAxYjQ1OTYxYyIsImlhdCI6MTcxOTc2MTI3MiwiZXhwIjoxNzE5NzYyNDcyfQ.LDSDDgRszxs8kWuegS4_3biWwD0bLSNlCZyfUzrOBpY",
    "refreshToken": "9e5662aa36596953083fbe20e507c497d1e22146cc1b01f838e29b07f3e539007dc8029597e0db56"
}
HTTP/1.1 200 OK
Date: Sun, 30 Jun 2024 15:27:52 GMT
Content-Type: application/json; charset=utf-8
Transfer-Encoding: chunked
Connection: keep-alive
X-Powered-By: Express
Access-Control-Allow-Origin: *
authorization: Bearer eyJhbGciOiJIUzI1NiIsInR5cCI6IkpXVCJ9.eyJpZCI6IjY2ODE3OTc4OWVkMjgwMDAxYjQ1OTYxYyIsImlhdCI6MTcxOTc2MTI3MiwiZXhwIjoxNzE5NzYyNDcyfQ.LDSDDgRszxs8kWuegS4_3biWwD0bLSNlCZyfUzrOBpY
ETag: W/"16d-d3pKw5sGNQYg0fvu+kjSNGexZqY"
CF-Cache-Status: DYNAMIC
Report-To: {"endpoints":[{"url":"https:\/\/a.nel.cloudflare.com\/report\/v4?s=eSJT8vpvsuJDP%2BHkMQDSs%2BT8PGCMFx3Hlk521UU%2BEJl4NrfUAkCyxJqGoCGLENXLRxGg02z4gZU7SCEPXXzFkRtH%2FS%2Ftzq4qF0iy5sPTKSxkWGAEaWx7nZcDIs8Oy%2BF%2BHDZQw9BAInwbthjdC92xlalE%2FFs%3D"}],"group":"cf-nel","max_age":604800}
NEL: {"success_fraction":0,"report_to":"cf-nel","max_age":604800}
Server: cloudflare
CF-RAY: 89bf2ece0c41d0b5-AMS
Content-Encoding: gzip
alt-svc: h3=":443"; ma=86400

{
    "success": true,
    "user": {
        "email": "gdyztibaqz@ya.ru",
        "name": "jQZCDcxpSr"
    },
    "accessToken": "Bearer eyJhbGciOiJIUzI1NiIsInR5cCI6IkpXVCJ9.eyJpZCI6IjY2ODE3OTc4OWVkMjgwMDAxYjQ1OTYxYyIsImlhdCI6MTcxOTc2MTI3MiwiZXhwIjoxNzE5NzYyNDcyfQ.LDSDDgRszxs8kWuegS4_3biWwD0bLSNlCZyfUzrOBpY",
    "refreshToken": "9e5662aa36596953083fbe20e507c497d1e22146cc1b01f838e29b07f3e539007dc8029597e0db56"
}
HTTP/1.1 200 OK
Date: Sun, 30 Jun 2024 15:27:52 GMT
Content-Type: application/json; charset=utf-8
Transfer-Encoding: chunked
Connection: keep-alive
X-Powered-By: Express
Access-Control-Allow-Origin: *
authorization: Bearer eyJhbGciOiJIUzI1NiIsInR5cCI6IkpXVCJ9.eyJpZCI6IjY2ODE3OTc4OWVkMjgwMDAxYjQ1OTYxYyIsImlhdCI6MTcxOTc2MTI3MiwiZXhwIjoxNzE5NzYyNDcyfQ.LDSDDgRszxs8kWuegS4_3biWwD0bLSNlCZyfUzrOBpY
ETag: W/"16d-d3pKw5sGNQYg0fvu+kjSNGexZqY"
CF-Cache-Status: DYNAMIC
Report-To: {"endpoints":[{"url":"https:\/\/a.nel.cloudflare.com\/report\/v4?s=eSJT8vpvsuJDP%2BHkMQDSs%2BT8PGCMFx3Hlk521UU%2BEJl4NrfUAkCyxJqGoCGLENXLRxGg02z4gZU7SCEPXXzFkRtH%2FS%2Ftzq4qF0iy5sPTKSxkWGAEaWx7nZcDIs8Oy%2BF%2BHDZQw9BAInwbthjdC92xlalE%2FFs%3D"}],"group":"cf-nel","max_age":604800}
NEL: {"success_fraction":0,"report_to":"cf-nel","max_age":604800}
Server: cloudflare
CF-RAY: 89bf2ece0c41d0b5-AMS
Content-Encoding: gzip
alt-svc: h3=":443"; ma=86400

{
    "success": true,
    "user": {
        "email": "gdyztibaqz@ya.ru",
        "name": "jQZCDcxpSr"
    },
    "accessToken": "Bearer eyJhbGciOiJIUzI1NiIsInR5cCI6IkpXVCJ9.eyJpZCI6IjY2ODE3OTc4OWVkMjgwMDAxYjQ1OTYxYyIsImlhdCI6MTcxOTc2MTI3MiwiZXhwIjoxNzE5NzYyNDcyfQ.LDSDDgRszxs8kWuegS4_3biWwD0bLSNlCZyfUzrOBpY",
    "refreshToken": "9e5662aa36596953083fbe20e507c497d1e22146cc1b01f838e29b07f3e539007dc8029597e0db56"
}
HTTP/1.1 200 OK
Date: Sun, 30 Jun 2024 15:27:52 GMT
Content-Type: application/json; charset=utf-8
Transfer-Encoding: chunked
Connection: keep-alive
X-Powered-By: Express
Access-Control-Allow-Origin: *
authorization: Bearer eyJhbGciOiJIUzI1NiIsInR5cCI6IkpXVCJ9.eyJpZCI6IjY2ODE3OTc4OWVkMjgwMDAxYjQ1OTYxYyIsImlhdCI6MTcxOTc2MTI3MiwiZXhwIjoxNzE5NzYyNDcyfQ.LDSDDgRszxs8kWuegS4_3biWwD0bLSNlCZyfUzrOBpY
ETag: W/"16d-d3pKw5sGNQYg0fvu+kjSNGexZqY"
CF-Cache-Status: DYNAMIC
Report-To: {"endpoints":[{"url":"https:\/\/a.nel.cloudflare.com\/report\/v4?s=eSJT8vpvsuJDP%2BHkMQDSs%2BT8PGCMFx3Hlk521UU%2BEJl4NrfUAkCyxJqGoCGLENXLRxGg02z4gZU7SCEPXXzFkRtH%2FS%2Ftzq4qF0iy5sPTKSxkWGAEaWx7nZcDIs8Oy%2BF%2BHDZQw9BAInwbthjdC92xlalE%2FFs%3D"}],"group":"cf-nel","max_age":604800}
NEL: {"success_fraction":0,"report_to":"cf-nel","max_age":604800}
Server: cloudflare
CF-RAY: 89bf2ece0c41d0b5-AMS
Content-Encoding: gzip
alt-svc: h3=":443"; ma=86400

{
    "success": true,
    "user": {
        "email": "gdyztibaqz@ya.ru",
        "name": "jQZCDcxpSr"
    },
    "accessToken": "Bearer eyJhbGciOiJIUzI1NiIsInR5cCI6IkpXVCJ9.eyJpZCI6IjY2ODE3OTc4OWVkMjgwMDAxYjQ1OTYxYyIsImlhdCI6MTcxOTc2MTI3MiwiZXhwIjoxNzE5NzYyNDcyfQ.LDSDDgRszxs8kWuegS4_3biWwD0bLSNlCZyfUzrOBpY",
    "refreshToken": "9e5662aa36596953083fbe20e507c497d1e22146cc1b01f838e29b07f3e539007dc8029597e0db56"
}
HTTP/1.1 200 OK
Date: Sun, 30 Jun 2024 15:27:52 GMT
Content-Type: application/json; charset=utf-8
Transfer-Encoding: chunked
Connection: keep-alive
X-Powered-By: Express
Access-Control-Allow-Origin: *
authorization: Bearer eyJhbGciOiJIUzI1NiIsInR5cCI6IkpXVCJ9.eyJpZCI6IjY2ODE3OTc4OWVkMjgwMDAxYjQ1OTYxYyIsImlhdCI6MTcxOTc2MTI3MiwiZXhwIjoxNzE5NzYyNDcyfQ.LDSDDgRszxs8kWuegS4_3biWwD0bLSNlCZyfUzrOBpY
ETag: W/"16d-d3pKw5sGNQYg0fvu+kjSNGexZqY"
CF-Cache-Status: DYNAMIC
Report-To: {"endpoints":[{"url":"https:\/\/a.nel.cloudflare.com\/report\/v4?s=eSJT8vpvsuJDP%2BHkMQDSs%2BT8PGCMFx3Hlk521UU%2BEJl4NrfUAkCyxJqGoCGLENXLRxGg02z4gZU7SCEPXXzFkRtH%2FS%2Ftzq4qF0iy5sPTKSxkWGAEaWx7nZcDIs8Oy%2BF%2BHDZQw9BAInwbthjdC92xlalE%2FFs%3D"}],"group":"cf-nel","max_age":604800}
NEL: {"success_fraction":0,"report_to":"cf-nel","max_age":604800}
Server: cloudflare
CF-RAY: 89bf2ece0c41d0b5-AMS
Content-Encoding: gzip
alt-svc: h3=":443"; ma=86400

{
    "success": true,
    "user": {
        "email": "gdyztibaqz@ya.ru",
        "name": "jQZCDcxpSr"
    },
    "accessToken": "Bearer eyJhbGciOiJIUzI1NiIsInR5cCI6IkpXVCJ9.eyJpZCI6IjY2ODE3OTc4OWVkMjgwMDAxYjQ1OTYxYyIsImlhdCI6MTcxOTc2MTI3MiwiZXhwIjoxNzE5NzYyNDcyfQ.LDSDDgRszxs8kWuegS4_3biWwD0bLSNlCZyfUzrOBpY",
    "refreshToken": "9e5662aa36596953083fbe20e507c497d1e22146cc1b01f838e29b07f3e539007dc8029597e0db56"
}
HTTP/1.1 200 OK
Date: Sun, 30 Jun 2024 15:27:52 GMT
Content-Type: application/json; charset=utf-8
Transfer-Encoding: chunked
Connection: keep-alive
X-Powered-By: Express
Access-Control-Allow-Origin: *
authorization: Bearer eyJhbGciOiJIUzI1NiIsInR5cCI6IkpXVCJ9.eyJpZCI6IjY2ODE3OTc4OWVkMjgwMDAxYjQ1OTYxYyIsImlhdCI6MTcxOTc2MTI3MiwiZXhwIjoxNzE5NzYyNDcyfQ.LDSDDgRszxs8kWuegS4_3biWwD0bLSNlCZyfUzrOBpY
ETag: W/"16d-d3pKw5sGNQYg0fvu+kjSNGexZqY"
CF-Cache-Status: DYNAMIC
Report-To: {"endpoints":[{"url":"https:\/\/a.nel.cloudflare.com\/report\/v4?s=eSJT8vpvsuJDP%2BHkMQDSs%2BT8PGCMFx3Hlk521UU%2BEJl4NrfUAkCyxJqGoCGLENXLRxGg02z4gZU7SCEPXXzFkRtH%2FS%2Ftzq4qF0iy5sPTKSxkWGAEaWx7nZcDIs8Oy%2BF%2BHDZQw9BAInwbthjdC92xlalE%2FFs%3D"}],"group":"cf-nel","max_age":604800}
NEL: {"success_fraction":0,"report_to":"cf-nel","max_age":604800}
Server: cloudflare
CF-RAY: 89bf2ece0c41d0b5-AMS
Content-Encoding: gzip
alt-svc: h3=":443"; ma=86400

{
    "success": true,
    "user": {
        "email": "gdyztibaqz@ya.ru",
        "name": "jQZCDcxpSr"
    },
    "accessToken": "Bearer eyJhbGciOiJIUzI1NiIsInR5cCI6IkpXVCJ9.eyJpZCI6IjY2ODE3OTc4OWVkMjgwMDAxYjQ1OTYxYyIsImlhdCI6MTcxOTc2MTI3MiwiZXhwIjoxNzE5NzYyNDcyfQ.LDSDDgRszxs8kWuegS4_3biWwD0bLSNlCZyfUzrOBpY",
    "refreshToken": "9e5662aa36596953083fbe20e507c497d1e22146cc1b01f838e29b07f3e539007dc8029597e0db56"
}
HTTP/1.1 200 OK
Date: Sun, 30 Jun 2024 15:27:52 GMT
Content-Type: application/json; charset=utf-8
Transfer-Encoding: chunked
Connection: keep-alive
X-Powered-By: Express
Access-Control-Allow-Origin: *
authorization: Bearer eyJhbGciOiJIUzI1NiIsInR5cCI6IkpXVCJ9.eyJpZCI6IjY2ODE3OTc4OWVkMjgwMDAxYjQ1OTYxYyIsImlhdCI6MTcxOTc2MTI3MiwiZXhwIjoxNzE5NzYyNDcyfQ.LDSDDgRszxs8kWuegS4_3biWwD0bLSNlCZyfUzrOBpY
ETag: W/"16d-d3pKw5sGNQYg0fvu+kjSNGexZqY"
CF-Cache-Status: DYNAMIC
Report-To: {"endpoints":[{"url":"https:\/\/a.nel.cloudflare.com\/report\/v4?s=eSJT8vpvsuJDP%2BHkMQDSs%2BT8PGCMFx3Hlk521UU%2BEJl4NrfUAkCyxJqGoCGLENXLRxGg02z4gZU7SCEPXXzFkRtH%2FS%2Ftzq4qF0iy5sPTKSxkWGAEaWx7nZcDIs8Oy%2BF%2BHDZQw9BAInwbthjdC92xlalE%2FFs%3D"}],"group":"cf-nel","max_age":604800}
NEL: {"success_fraction":0,"report_to":"cf-nel","max_age":604800}
Server: cloudflare
CF-RAY: 89bf2ece0c41d0b5-AMS
Content-Encoding: gzip
alt-svc: h3=":443"; ma=86400

{
    "success": true,
    "user": {
        "email": "gdyztibaqz@ya.ru",
        "name": "jQZCDcxpSr"
    },
    "accessToken": "Bearer eyJhbGciOiJIUzI1NiIsInR5cCI6IkpXVCJ9.eyJpZCI6IjY2ODE3OTc4OWVkMjgwMDAxYjQ1OTYxYyIsImlhdCI6MTcxOTc2MTI3MiwiZXhwIjoxNzE5NzYyNDcyfQ.LDSDDgRszxs8kWuegS4_3biWwD0bLSNlCZyfUzrOBpY",
    "refreshToken": "9e5662aa36596953083fbe20e507c497d1e22146cc1b01f838e29b07f3e539007dc8029597e0db56"
}
HTTP/1.1 200 OK
Date: Sun, 30 Jun 2024 15:27:52 GMT
Content-Type: application/json; charset=utf-8
Transfer-Encoding: chunked
Connection: keep-alive
X-Powered-By: Express
Access-Control-Allow-Origin: *
authorization: Bearer eyJhbGciOiJIUzI1NiIsInR5cCI6IkpXVCJ9.eyJpZCI6IjY2ODE3OTc4OWVkMjgwMDAxYjQ1OTYxYyIsImlhdCI6MTcxOTc2MTI3MiwiZXhwIjoxNzE5NzYyNDcyfQ.LDSDDgRszxs8kWuegS4_3biWwD0bLSNlCZyfUzrOBpY
ETag: W/"16d-d3pKw5sGNQYg0fvu+kjSNGexZqY"
CF-Cache-Status: DYNAMIC
Report-To: {"endpoints":[{"url":"https:\/\/a.nel.cloudflare.com\/report\/v4?s=eSJT8vpvsuJDP%2BHkMQDSs%2BT8PGCMFx3Hlk521UU%2BEJl4NrfUAkCyxJqGoCGLENXLRxGg02z4gZU7SCEPXXzFkRtH%2FS%2Ftzq4qF0iy5sPTKSxkWGAEaWx7nZcDIs8Oy%2BF%2BHDZQw9BAInwbthjdC92xlalE%2FFs%3D"}],"group":"cf-nel","max_age":604800}
NEL: {"success_fraction":0,"report_to":"cf-nel","max_age":604800}
Server: cloudflare
CF-RAY: 89bf2ece0c41d0b5-AMS
Content-Encoding: gzip
alt-svc: h3=":443"; ma=86400

{
    "success": true,
    "user": {
        "email": "gdyztibaqz@ya.ru",
        "name": "jQZCDcxpSr"
    },
    "accessToken": "Bearer eyJhbGciOiJIUzI1NiIsInR5cCI6IkpXVCJ9.eyJpZCI6IjY2ODE3OTc4OWVkMjgwMDAxYjQ1OTYxYyIsImlhdCI6MTcxOTc2MTI3MiwiZXhwIjoxNzE5NzYyNDcyfQ.LDSDDgRszxs8kWuegS4_3biWwD0bLSNlCZyfUzrOBpY",
    "refreshToken": "9e5662aa36596953083fbe20e507c497d1e22146cc1b01f838e29b07f3e539007dc8029597e0db56"
}
HTTP/1.1 200 OK
Date: Sun, 30 Jun 2024 15:27:52 GMT
Content-Type: application/json; charset=utf-8
Transfer-Encoding: chunked
Connection: keep-alive
X-Powered-By: Express
Access-Control-Allow-Origin: *
authorization: Bearer eyJhbGciOiJIUzI1NiIsInR5cCI6IkpXVCJ9.eyJpZCI6IjY2ODE3OTc4OWVkMjgwMDAxYjQ1OTYxYyIsImlhdCI6MTcxOTc2MTI3MiwiZXhwIjoxNzE5NzYyNDcyfQ.LDSDDgRszxs8kWuegS4_3biWwD0bLSNlCZyfUzrOBpY
ETag: W/"16d-d3pKw5sGNQYg0fvu+kjSNGexZqY"
CF-Cache-Status: DYNAMIC
Report-To: {"endpoints":[{"url":"https:\/\/a.nel.cloudflare.com\/report\/v4?s=eSJT8vpvsuJDP%2BHkMQDSs%2BT8PGCMFx3Hlk521UU%2BEJl4NrfUAkCyxJqGoCGLENXLRxGg02z4gZU7SCEPXXzFkRtH%2FS%2Ftzq4qF0iy5sPTKSxkWGAEaWx7nZcDIs8Oy%2BF%2BHDZQw9BAInwbthjdC92xlalE%2FFs%3D"}],"group":"cf-nel","max_age":604800}
NEL: {"success_fraction":0,"report_to":"cf-nel","max_age":604800}
Server: cloudflare
CF-RAY: 89bf2ece0c41d0b5-AMS
Content-Encoding: gzip
alt-svc: h3=":443"; ma=86400

{
    "success": true,
    "user": {
        "email": "gdyztibaqz@ya.ru",
        "name": "jQZCDcxpSr"
    },
    "accessToken": "Bearer eyJhbGciOiJIUzI1NiIsInR5cCI6IkpXVCJ9.eyJpZCI6IjY2ODE3OTc4OWVkMjgwMDAxYjQ1OTYxYyIsImlhdCI6MTcxOTc2MTI3MiwiZXhwIjoxNzE5NzYyNDcyfQ.LDSDDgRszxs8kWuegS4_3biWwD0bLSNlCZyfUzrOBpY",
    "refreshToken": "9e5662aa36596953083fbe20e507c497d1e22146cc1b01f838e29b07f3e539007dc8029597e0db56"
}
HTTP/1.1 200 OK
Date: Sun, 30 Jun 2024 15:27:52 GMT
Content-Type: application/json; charset=utf-8
Transfer-Encoding: chunked
Connection: keep-alive
X-Powered-By: Express
Access-Control-Allow-Origin: *
authorization: Bearer eyJhbGciOiJIUzI1NiIsInR5cCI6IkpXVCJ9.eyJpZCI6IjY2ODE3OTc4OWVkMjgwMDAxYjQ1OTYxYyIsImlhdCI6MTcxOTc2MTI3MiwiZXhwIjoxNzE5NzYyNDcyfQ.LDSDDgRszxs8kWuegS4_3biWwD0bLSNlCZyfUzrOBpY
ETag: W/"16d-d3pKw5sGNQYg0fvu+kjSNGexZqY"
CF-Cache-Status: DYNAMIC
Report-To: {"endpoints":[{"url":"https:\/\/a.nel.cloudflare.com\/report\/v4?s=eSJT8vpvsuJDP%2BHkMQDSs%2BT8PGCMFx3Hlk521UU%2BEJl4NrfUAkCyxJqGoCGLENXLRxGg02z4gZU7SCEPXXzFkRtH%2FS%2Ftzq4qF0iy5sPTKSxkWGAEaWx7nZcDIs8Oy%2BF%2BHDZQw9BAInwbthjdC92xlalE%2FFs%3D"}],"group":"cf-nel","max_age":604800}
NEL: {"success_fraction":0,"report_to":"cf-nel","max_age":604800}
Server: cloudflare
CF-RAY: 89bf2ece0c41d0b5-AMS
Content-Encoding: gzip
alt-svc: h3=":443"; ma=86400

{
    "success": true,
    "user": {
        "email": "gdyztibaqz@ya.ru",
        "name": "jQZCDcxpSr"
    },
    "accessToken": "Bearer eyJhbGciOiJIUzI1NiIsInR5cCI6IkpXVCJ9.eyJpZCI6IjY2ODE3OTc4OWVkMjgwMDAxYjQ1OTYxYyIsImlhdCI6MTcxOTc2MTI3MiwiZXhwIjoxNzE5NzYyNDcyfQ.LDSDDgRszxs8kWuegS4_3biWwD0bLSNlCZyfUzrOBpY",
    "refreshToken": "9e5662aa36596953083fbe20e507c497d1e22146cc1b01f838e29b07f3e539007dc8029597e0db56"
}
HTTP/1.1 200 OK
Date: Sun, 30 Jun 2024 15:27:52 GMT
Content-Type: application/json; charset=utf-8
Transfer-Encoding: chunked
Connection: keep-alive
X-Powered-By: Express
Access-Control-Allow-Origin: *
authorization: Bearer eyJhbGciOiJIUzI1NiIsInR5cCI6IkpXVCJ9.eyJpZCI6IjY2ODE3OTc4OWVkMjgwMDAxYjQ1OTYxYyIsImlhdCI6MTcxOTc2MTI3MiwiZXhwIjoxNzE5NzYyNDcyfQ.LDSDDgRszxs8kWuegS4_3biWwD0bLSNlCZyfUzrOBpY
ETag: W/"16d-d3pKw5sGNQYg0fvu+kjSNGexZqY"
CF-Cache-Status: DYNAMIC
Report-To: {"endpoints":[{"url":"https:\/\/a.nel.cloudflare.com\/report\/v4?s=eSJT8vpvsuJDP%2BHkMQDSs%2BT8PGCMFx3Hlk521UU%2BEJl4NrfUAkCyxJqGoCGLENXLRxGg02z4gZU7SCEPXXzFkRtH%2FS%2Ftzq4qF0iy5sPTKSxkWGAEaWx7nZcDIs8Oy%2BF%2BHDZQw9BAInwbthjdC92xlalE%2FFs%3D"}],"group":"cf-nel","max_age":604800}
NEL: {"success_fraction":0,"report_to":"cf-nel","max_age":604800}
Server: cloudflare
CF-RAY: 89bf2ece0c41d0b5-AMS
Content-Encoding: gzip
alt-svc: h3=":443"; ma=86400

{
    "success": true,
    "user": {
        "email": "gdyztibaqz@ya.ru",
        "name": "jQZCDcxpSr"
    },
    "accessToken": "Bearer eyJhbGciOiJIUzI1NiIsInR5cCI6IkpXVCJ9.eyJpZCI6IjY2ODE3OTc4OWVkMjgwMDAxYjQ1OTYxYyIsImlhdCI6MTcxOTc2MTI3MiwiZXhwIjoxNzE5NzYyNDcyfQ.LDSDDgRszxs8kWuegS4_3biWwD0bLSNlCZyfUzrOBpY",
    "refreshToken": "9e5662aa36596953083fbe20e507c497d1e22146cc1b01f838e29b07f3e539007dc8029597e0db56"
}
HTTP/1.1 200 OK
Date: Sun, 30 Jun 2024 15:27:52 GMT
Content-Type: application/json; charset=utf-8
Transfer-Encoding: chunked
Connection: keep-alive
X-Powered-By: Express
Access-Control-Allow-Origin: *
authorization: Bearer eyJhbGciOiJIUzI1NiIsInR5cCI6IkpXVCJ9.eyJpZCI6IjY2ODE3OTc4OWVkMjgwMDAxYjQ1OTYxYyIsImlhdCI6MTcxOTc2MTI3MiwiZXhwIjoxNzE5NzYyNDcyfQ.LDSDDgRszxs8kWuegS4_3biWwD0bLSNlCZyfUzrOBpY
ETag: W/"16d-d3pKw5sGNQYg0fvu+kjSNGexZqY"
CF-Cache-Status: DYNAMIC
Report-To: {"endpoints":[{"url":"https:\/\/a.nel.cloudflare.com\/report\/v4?s=eSJT8vpvsuJDP%2BHkMQDSs%2BT8PGCMFx3Hlk521UU%2BEJl4NrfUAkCyxJqGoCGLENXLRxGg02z4gZU7SCEPXXzFkRtH%2FS%2Ftzq4qF0iy5sPTKSxkWGAEaWx7nZcDIs8Oy%2BF%2BHDZQw9BAInwbthjdC92xlalE%2FFs%3D"}],"group":"cf-nel","max_age":604800}
NEL: {"success_fraction":0,"report_to":"cf-nel","max_age":604800}
Server: cloudflare
CF-RAY: 89bf2ece0c41d0b5-AMS
Content-Encoding: gzip
alt-svc: h3=":443"; ma=86400

{
    "success": true,
    "user": {
        "email": "gdyztibaqz@ya.ru",
        "name": "jQZCDcxpSr"
    },
    "accessToken": "Bearer eyJhbGciOiJIUzI1NiIsInR5cCI6IkpXVCJ9.eyJpZCI6IjY2ODE3OTc4OWVkMjgwMDAxYjQ1OTYxYyIsImlhdCI6MTcxOTc2MTI3MiwiZXhwIjoxNzE5NzYyNDcyfQ.LDSDDgRszxs8kWuegS4_3biWwD0bLSNlCZyfUzrOBpY",
    "refreshToken": "9e5662aa36596953083fbe20e507c497d1e22146cc1b01f838e29b07f3e539007dc8029597e0db56"
}
HTTP/1.1 200 OK
Date: Sun, 30 Jun 2024 15:27:52 GMT
Content-Type: application/json; charset=utf-8
Transfer-Encoding: chunked
Connection: keep-alive
X-Powered-By: Express
Access-Control-Allow-Origin: *
authorization: Bearer eyJhbGciOiJIUzI1NiIsInR5cCI6IkpXVCJ9.eyJpZCI6IjY2ODE3OTc4OWVkMjgwMDAxYjQ1OTYxYyIsImlhdCI6MTcxOTc2MTI3MiwiZXhwIjoxNzE5NzYyNDcyfQ.LDSDDgRszxs8kWuegS4_3biWwD0bLSNlCZyfUzrOBpY
ETag: W/"16d-d3pKw5sGNQYg0fvu+kjSNGexZqY"
CF-Cache-Status: DYNAMIC
Report-To: {"endpoints":[{"url":"https:\/\/a.nel.cloudflare.com\/report\/v4?s=eSJT8vpvsuJDP%2BHkMQDSs%2BT8PGCMFx3Hlk521UU%2BEJl4NrfUAkCyxJqGoCGLENXLRxGg02z4gZU7SCEPXXzFkRtH%2FS%2Ftzq4qF0iy5sPTKSxkWGAEaWx7nZcDIs8Oy%2BF%2BHDZQw9BAInwbthjdC92xlalE%2FFs%3D"}],"group":"cf-nel","max_age":604800}
NEL: {"success_fraction":0,"report_to":"cf-nel","max_age":604800}
Server: cloudflare
CF-RAY: 89bf2ece0c41d0b5-AMS
Content-Encoding: gzip
alt-svc: h3=":443"; ma=86400

{
    "success": true,
    "user": {
        "email": "gdyztibaqz@ya.ru",
        "name": "jQZCDcxpSr"
    },
    "accessToken": "Bearer eyJhbGciOiJIUzI1NiIsInR5cCI6IkpXVCJ9.eyJpZCI6IjY2ODE3OTc4OWVkMjgwMDAxYjQ1OTYxYyIsImlhdCI6MTcxOTc2MTI3MiwiZXhwIjoxNzE5NzYyNDcyfQ.LDSDDgRszxs8kWuegS4_3biWwD0bLSNlCZyfUzrOBpY",
    "refreshToken": "9e5662aa36596953083fbe20e507c497d1e22146cc1b01f838e29b07f3e539007dc8029597e0db56"
}
HTTP/1.1 200 OK
Date: Sun, 30 Jun 2024 15:27:52 GMT
Content-Type: application/json; charset=utf-8
Transfer-Encoding: chunked
Connection: keep-alive
X-Powered-By: Express
Access-Control-Allow-Origin: *
authorization: Bearer eyJhbGciOiJIUzI1NiIsInR5cCI6IkpXVCJ9.eyJpZCI6IjY2ODE3OTc4OWVkMjgwMDAxYjQ1OTYxYyIsImlhdCI6MTcxOTc2MTI3MiwiZXhwIjoxNzE5NzYyNDcyfQ.LDSDDgRszxs8kWuegS4_3biWwD0bLSNlCZyfUzrOBpY
ETag: W/"16d-d3pKw5sGNQYg0fvu+kjSNGexZqY"
CF-Cache-Status: DYNAMIC
Report-To: {"endpoints":[{"url":"https:\/\/a.nel.cloudflare.com\/report\/v4?s=eSJT8vpvsuJDP%2BHkMQDSs%2BT8PGCMFx3Hlk521UU%2BEJl4NrfUAkCyxJqGoCGLENXLRxGg02z4gZU7SCEPXXzFkRtH%2FS%2Ftzq4qF0iy5sPTKSxkWGAEaWx7nZcDIs8Oy%2BF%2BHDZQw9BAInwbthjdC92xlalE%2FFs%3D"}],"group":"cf-nel","max_age":604800}
NEL: {"success_fraction":0,"report_to":"cf-nel","max_age":604800}
Server: cloudflare
CF-RAY: 89bf2ece0c41d0b5-AMS
Content-Encoding: gzip
alt-svc: h3=":443"; ma=86400

{
    "success": true,
    "user": {
        "email": "gdyztibaqz@ya.ru",
        "name": "jQZCDcxpSr"
    },
    "accessToken": "Bearer eyJhbGciOiJIUzI1NiIsInR5cCI6IkpXVCJ9.eyJpZCI6IjY2ODE3OTc4OWVkMjgwMDAxYjQ1OTYxYyIsImlhdCI6MTcxOTc2MTI3MiwiZXhwIjoxNzE5NzYyNDcyfQ.LDSDDgRszxs8kWuegS4_3biWwD0bLSNlCZyfUzrOBpY",
    "refreshToken": "9e5662aa36596953083fbe20e507c497d1e22146cc1b01f838e29b07f3e539007dc8029597e0db56"
}
HTTP/1.1 200 OK
Date: Sun, 30 Jun 2024 15:27:52 GMT
Content-Type: application/json; charset=utf-8
Transfer-Encoding: chunked
Connection: keep-alive
X-Powered-By: Express
Access-Control-Allow-Origin: *
authorization: Bearer eyJhbGciOiJIUzI1NiIsInR5cCI6IkpXVCJ9.eyJpZCI6IjY2ODE3OTc4OWVkMjgwMDAxYjQ1OTYxYyIsImlhdCI6MTcxOTc2MTI3MiwiZXhwIjoxNzE5NzYyNDcyfQ.LDSDDgRszxs8kWuegS4_3biWwD0bLSNlCZyfUzrOBpY
ETag: W/"16d-d3pKw5sGNQYg0fvu+kjSNGexZqY"
CF-Cache-Status: DYNAMIC
Report-To: {"endpoints":[{"url":"https:\/\/a.nel.cloudflare.com\/report\/v4?s=eSJT8vpvsuJDP%2BHkMQDSs%2BT8PGCMFx3Hlk521UU%2BEJl4NrfUAkCyxJqGoCGLENXLRxGg02z4gZU7SCEPXXzFkRtH%2FS%2Ftzq4qF0iy5sPTKSxkWGAEaWx7nZcDIs8Oy%2BF%2BHDZQw9BAInwbthjdC92xlalE%2FFs%3D"}],"group":"cf-nel","max_age":604800}
NEL: {"success_fraction":0,"report_to":"cf-nel","max_age":604800}
Server: cloudflare
CF-RAY: 89bf2ece0c41d0b5-AMS
Content-Encoding: gzip
alt-svc: h3=":443"; ma=86400

{
    "success": true,
    "user": {
        "email": "gdyztibaqz@ya.ru",
        "name": "jQZCDcxpSr"
    },
    "accessToken": "Bearer eyJhbGciOiJIUzI1NiIsInR5cCI6IkpXVCJ9.eyJpZCI6IjY2ODE3OTc4OWVkMjgwMDAxYjQ1OTYxYyIsImlhdCI6MTcxOTc2MTI3MiwiZXhwIjoxNzE5NzYyNDcyfQ.LDSDDgRszxs8kWuegS4_3biWwD0bLSNlCZyfUzrOBpY",
    "refreshToken": "9e5662aa36596953083fbe20e507c497d1e22146cc1b01f838e29b07f3e539007dc8029597e0db56"
}
Request method:	POST
Request URI:	https://stellarburgers.nomoreparties.site/api/auth/login
Proxy:			<none>
Request params:	<none>
Query params:	<none>
Form params:	<none>
Path params:	<none>
Headers:		Accept=*/*
				Content-Type=application/json
Cookies:		<none>
Multiparts:		<none>
Body:
{
    "email": "gdyztIBaQz@ya.ru",
    "password": "CgfgxVdiVG",
    "name": "jQZCDcxpSr"
}
Request method:	POST
Request URI:	https://stellarburgers.nomoreparties.site/api/auth/login
Proxy:			<none>
Request params:	<none>
Query params:	<none>
Form params:	<none>
Path params:	<none>
Headers:		Accept=*/*
				Content-Type=application/json
Cookies:		<none>
Multiparts:		<none>
Body:
{
    "email": "gdyztIBaQz@ya.ru",
    "password": "CgfgxVdiVG",
    "name": "jQZCDcxpSr"
}
Request method:	POST
Request URI:	https://stellarburgers.nomoreparties.site/api/auth/login
Proxy:			<none>
Request params:	<none>
Query params:	<none>
Form params:	<none>
Path params:	<none>
Headers:		Accept=*/*
				Content-Type=application/json
Cookies:		<none>
Multiparts:		<none>
Body:
{
    "email": "gdyztIBaQz@ya.ru",
    "password": "CgfgxVdiVG",
    "name": "jQZCDcxpSr"
}
Request method:	POST
Request URI:	https://stellarburgers.nomoreparties.site/api/auth/login
Proxy:			<none>
Request params:	<none>
Query params:	<none>
Form params:	<none>
Path params:	<none>
Headers:		Accept=*/*
				Content-Type=application/json
Cookies:		<none>
Multiparts:		<none>
Body:
{
    "email": "gdyztIBaQz@ya.ru",
    "password": "CgfgxVdiVG",
    "name": "jQZCDcxpSr"
}
Request method:	POST
Request URI:	https://stellarburgers.nomoreparties.site/api/auth/login
Proxy:			<none>
Request params:	<none>
Query params:	<none>
Form params:	<none>
Path params:	<none>
Headers:		Accept=*/*
				Content-Type=application/json
Cookies:		<none>
Multiparts:		<none>
Body:
{
    "email": "gdyztIBaQz@ya.ru",
    "password": "CgfgxVdiVG",
    "name": "jQZCDcxpSr"
}
Request method:	POST
Request URI:	https://stellarburgers.nomoreparties.site/api/auth/login
Proxy:			<none>
Request params:	<none>
Query params:	<none>
Form params:	<none>
Path params:	<none>
Headers:		Accept=*/*
				Content-Type=application/json
Cookies:		<none>
Multiparts:		<none>
Body:
{
    "email": "gdyztIBaQz@ya.ru",
    "password": "CgfgxVdiVG",
    "name": "jQZCDcxpSr"
}
Request method:	POST
Request URI:	https://stellarburgers.nomoreparties.site/api/auth/login
Proxy:			<none>
Request params:	<none>
Query params:	<none>
Form params:	<none>
Path params:	<none>
Headers:		Accept=*/*
				Content-Type=application/json
Cookies:		<none>
Multiparts:		<none>
Body:
{
    "email": "gdyztIBaQz@ya.ru",
    "password": "CgfgxVdiVG",
    "name": "jQZCDcxpSr"
}
Request method:	POST
Request URI:	https://stellarburgers.nomoreparties.site/api/auth/login
Proxy:			<none>
Request params:	<none>
Query params:	<none>
Form params:	<none>
Path params:	<none>
Headers:		Accept=*/*
				Content-Type=application/json
Cookies:		<none>
Multiparts:		<none>
Body:
{
    "email": "gdyztIBaQz@ya.ru",
    "password": "CgfgxVdiVG",
    "name": "jQZCDcxpSr"
}
Request method:	POST
Request URI:	https://stellarburgers.nomoreparties.site/api/auth/login
Proxy:			<none>
Request params:	<none>
Query params:	<none>
Form params:	<none>
Path params:	<none>
Headers:		Accept=*/*
				Content-Type=application/json
Cookies:		<none>
Multiparts:		<none>
Body:
{
    "email": "gdyztIBaQz@ya.ru",
    "password": "CgfgxVdiVG",
    "name": "jQZCDcxpSr"
}
Request method:	POST
Request URI:	https://stellarburgers.nomoreparties.site/api/auth/login
Proxy:			<none>
Request params:	<none>
Query params:	<none>
Form params:	<none>
Path params:	<none>
Headers:		Accept=*/*
				Content-Type=application/json
Cookies:		<none>
Multiparts:		<none>
Body:
{
    "email": "gdyztIBaQz@ya.ru",
    "password": "CgfgxVdiVG",
    "name": "jQZCDcxpSr"
}
Request method:	POST
Request URI:	https://stellarburgers.nomoreparties.site/api/auth/login
Proxy:			<none>
Request params:	<none>
Query params:	<none>
Form params:	<none>
Path params:	<none>
Headers:		Accept=*/*
				Content-Type=application/json
Cookies:		<none>
Multiparts:		<none>
Body:
{
    "email": "gdyztIBaQz@ya.ru",
    "password": "CgfgxVdiVG",
    "name": "jQZCDcxpSr"
}
Request method:	POST
Request URI:	https://stellarburgers.nomoreparties.site/api/auth/login
Proxy:			<none>
Request params:	<none>
Query params:	<none>
Form params:	<none>
Path params:	<none>
Headers:		Accept=*/*
				Content-Type=application/json
Cookies:		<none>
Multiparts:		<none>
Body:
{
    "email": "gdyztIBaQz@ya.ru",
    "password": "CgfgxVdiVG",
    "name": "jQZCDcxpSr"
}
Request method:	POST
Request URI:	https://stellarburgers.nomoreparties.site/api/auth/login
Proxy:			<none>
Request params:	<none>
Query params:	<none>
Form params:	<none>
Path params:	<none>
Headers:		Accept=*/*
				Content-Type=application/json
Cookies:		<none>
Multiparts:		<none>
Body:
{
    "email": "gdyztIBaQz@ya.ru",
    "password": "CgfgxVdiVG",
    "name": "jQZCDcxpSr"
}
Request method:	POST
Request URI:	https://stellarburgers.nomoreparties.site/api/auth/login
Proxy:			<none>
Request params:	<none>
Query params:	<none>
Form params:	<none>
Path params:	<none>
Headers:		Accept=*/*
				Content-Type=application/json
Cookies:		<none>
Multiparts:		<none>
Body:
{
    "email": "gdyztIBaQz@ya.ru",
    "password": "CgfgxVdiVG",
    "name": "jQZCDcxpSr"
}
Request method:	POST
Request URI:	https://stellarburgers.nomoreparties.site/api/auth/login
Proxy:			<none>
Request params:	<none>
Query params:	<none>
Form params:	<none>
Path params:	<none>
Headers:		Accept=*/*
				Content-Type=application/json
Cookies:		<none>
Multiparts:		<none>
Body:
{
    "email": "gdyztIBaQz@ya.ru",
    "password": "CgfgxVdiVG",
    "name": "jQZCDcxpSr"
}
Request method:	POST
Request URI:	https://stellarburgers.nomoreparties.site/api/auth/login
Proxy:			<none>
Request params:	<none>
Query params:	<none>
Form params:	<none>
Path params:	<none>
Headers:		Accept=*/*
				Content-Type=application/json
Cookies:		<none>
Multiparts:		<none>
Body:
{
    "email": "gdyztIBaQz@ya.ru",
    "password": "CgfgxVdiVG",
    "name": "jQZCDcxpSr"
}
Request method:	POST
Request URI:	https://stellarburgers.nomoreparties.site/api/auth/login
Proxy:			<none>
Request params:	<none>
Query params:	<none>
Form params:	<none>
Path params:	<none>
Headers:		Accept=*/*
				Content-Type=application/json
Cookies:		<none>
Multiparts:		<none>
Body:
{
    "email": "gdyztIBaQz@ya.ru",
    "password": "CgfgxVdiVG",
    "name": "jQZCDcxpSr"
}
Request method:	POST
Request URI:	https://stellarburgers.nomoreparties.site/api/auth/login
Proxy:			<none>
Request params:	<none>
Query params:	<none>
Form params:	<none>
Path params:	<none>
Headers:		Accept=*/*
				Content-Type=application/json
Cookies:		<none>
Multiparts:		<none>
Body:
{
    "email": "gdyztIBaQz@ya.ru",
    "password": "CgfgxVdiVG",
    "name": "jQZCDcxpSr"
}
Request method:	POST
Request URI:	https://stellarburgers.nomoreparties.site/api/auth/login
Proxy:			<none>
Request params:	<none>
Query params:	<none>
Form params:	<none>
Path params:	<none>
Headers:		Accept=*/*
				Content-Type=application/json
Cookies:		<none>
Multiparts:		<none>
Body:
{
    "email": "gdyztIBaQz@ya.ru",
    "password": "CgfgxVdiVG",
    "name": "jQZCDcxpSr"
}
Request method:	POST
Request URI:	https://stellarburgers.nomoreparties.site/api/auth/login
Proxy:			<none>
Request params:	<none>
Query params:	<none>
Form params:	<none>
Path params:	<none>
Headers:		Accept=*/*
				Content-Type=application/json
Cookies:		<none>
Multiparts:		<none>
Body:
{
    "email": "gdyztIBaQz@ya.ru",
    "password": "CgfgxVdiVG",
    "name": "jQZCDcxpSr"
}
Request method:	POST
Request URI:	https://stellarburgers.nomoreparties.site/api/auth/login
Proxy:			<none>
Request params:	<none>
Query params:	<none>
Form params:	<none>
Path params:	<none>
Headers:		Accept=*/*
				Content-Type=application/json
Cookies:		<none>
Multiparts:		<none>
Body:
{
    "email": "gdyztIBaQz@ya.ru",
    "password": "CgfgxVdiVG",
    "name": "jQZCDcxpSr"
}
Request method:	POST
Request URI:	https://stellarburgers.nomoreparties.site/api/auth/login
Proxy:			<none>
Request params:	<none>
Query params:	<none>
Form params:	<none>
Path params:	<none>
Headers:		Accept=*/*
				Content-Type=application/json
Cookies:		<none>
Multiparts:		<none>
Body:
{
    "email": "gdyztIBaQz@ya.ru",
    "password": "CgfgxVdiVG",
    "name": "jQZCDcxpSr"
}
Request method:	POST
Request URI:	https://stellarburgers.nomoreparties.site/api/auth/login
Proxy:			<none>
Request params:	<none>
Query params:	<none>
Form params:	<none>
Path params:	<none>
Headers:		Accept=*/*
				Content-Type=application/json
Cookies:		<none>
Multiparts:		<none>
Body:
{
    "email": "gdyztIBaQz@ya.ru",
    "password": "CgfgxVdiVG",
    "name": "jQZCDcxpSr"
}
Request method:	POST
Request URI:	https://stellarburgers.nomoreparties.site/api/auth/login
Proxy:			<none>
Request params:	<none>
Query params:	<none>
Form params:	<none>
Path params:	<none>
Headers:		Accept=*/*
				Content-Type=application/json
Cookies:		<none>
Multiparts:		<none>
Body:
{
    "email": "gdyztIBaQz@ya.ru",
    "password": "CgfgxVdiVG",
    "name": "jQZCDcxpSr"
}
Request method:	POST
Request URI:	https://stellarburgers.nomoreparties.site/api/auth/login
Proxy:			<none>
Request params:	<none>
Query params:	<none>
Form params:	<none>
Path params:	<none>
Headers:		Accept=*/*
				Content-Type=application/json
Cookies:		<none>
Multiparts:		<none>
Body:
{
    "email": "gdyztIBaQz@ya.ru",
    "password": "CgfgxVdiVG",
    "name": "jQZCDcxpSr"
}
Request method:	POST
Request URI:	https://stellarburgers.nomoreparties.site/api/auth/login
Proxy:			<none>
Request params:	<none>
Query params:	<none>
Form params:	<none>
Path params:	<none>
Headers:		Accept=*/*
				Content-Type=application/json
Cookies:		<none>
Multiparts:		<none>
Body:
{
    "email": "gdyztIBaQz@ya.ru",
    "password": "CgfgxVdiVG",
    "name": "jQZCDcxpSr"
}
Request method:	POST
Request URI:	https://stellarburgers.nomoreparties.site/api/auth/login
Proxy:			<none>
Request params:	<none>
Query params:	<none>
Form params:	<none>
Path params:	<none>
Headers:		Accept=*/*
				Content-Type=application/json
Cookies:		<none>
Multiparts:		<none>
Body:
{
    "email": "gdyztIBaQz@ya.ru",
    "password": "CgfgxVdiVG",
    "name": "jQZCDcxpSr"
}
Request method:	POST
Request URI:	https://stellarburgers.nomoreparties.site/api/auth/login
Proxy:			<none>
Request params:	<none>
Query params:	<none>
Form params:	<none>
Path params:	<none>
Headers:		Accept=*/*
				Content-Type=application/json
Cookies:		<none>
Multiparts:		<none>
Body:
{
    "email": "gdyztIBaQz@ya.ru",
    "password": "CgfgxVdiVG",
    "name": "jQZCDcxpSr"
}
Request method:	POST
Request URI:	https://stellarburgers.nomoreparties.site/api/auth/login
Proxy:			<none>
Request params:	<none>
Query params:	<none>
Form params:	<none>
Path params:	<none>
Headers:		Accept=*/*
				Content-Type=application/json
Cookies:		<none>
Multiparts:		<none>
Body:
{
    "email": "gdyztIBaQz@ya.ru",
    "password": "CgfgxVdiVG",
    "name": "jQZCDcxpSr"
}
Request method:	POST
Request URI:	https://stellarburgers.nomoreparties.site/api/auth/login
Proxy:			<none>
Request params:	<none>
Query params:	<none>
Form params:	<none>
Path params:	<none>
Headers:		Accept=*/*
				Content-Type=application/json
Cookies:		<none>
Multiparts:		<none>
Body:
{
    "email": "gdyztIBaQz@ya.ru",
    "password": "CgfgxVdiVG",
    "name": "jQZCDcxpSr"
}
Request method:	POST
Request URI:	https://stellarburgers.nomoreparties.site/api/auth/login
Proxy:			<none>
Request params:	<none>
Query params:	<none>
Form params:	<none>
Path params:	<none>
Headers:		Accept=*/*
				Content-Type=application/json
Cookies:		<none>
Multiparts:		<none>
Body:
{
    "email": "gdyztIBaQz@ya.ru",
    "password": "CgfgxVdiVG",
    "name": "jQZCDcxpSr"
}
Request method:	POST
Request URI:	https://stellarburgers.nomoreparties.site/api/auth/login
Proxy:			<none>
Request params:	<none>
Query params:	<none>
Form params:	<none>
Path params:	<none>
Headers:		Accept=*/*
				Content-Type=application/json
Cookies:		<none>
Multiparts:		<none>
Body:
{
    "email": "gdyztIBaQz@ya.ru",
    "password": "CgfgxVdiVG",
    "name": "jQZCDcxpSr"
}
HTTP/1.1 200 OK
Date: Sun, 30 Jun 2024 15:27:52 GMT
Content-Type: application/json; charset=utf-8
Transfer-Encoding: chunked
Connection: keep-alive
X-Powered-By: Express
Access-Control-Allow-Origin: *
ETag: W/"16d-0EAcHcLOqlhUZlHIUdyQ1zbTrpU"
CF-Cache-Status: DYNAMIC
Report-To: {"endpoints":[{"url":"https:\/\/a.nel.cloudflare.com\/report\/v4?s=KnQkIGT5kJdws%2FSIWMs76zOwHTKoA15E8tddaK6bIl68nMvifybHbL%2FTIeeCTmuz6U%2FC1rOAKJh8fL7bmTUDNPWoSxaG5FLVFrAmpRoShYCHqakGFVDCKPAUYdsb6ktT4nZ958iKESGmPRyH2xUAst1XiPk%3D"}],"group":"cf-nel","max_age":604800}
NEL: {"success_fraction":0,"report_to":"cf-nel","max_age":604800}
Server: cloudflare
CF-RAY: 89bf2ecf5b489db5-DME
Content-Encoding: gzip
alt-svc: h3=":443"; ma=86400

{
    "success": true,
    "accessToken": "Bearer eyJhbGciOiJIUzI1NiIsInR5cCI6IkpXVCJ9.eyJpZCI6IjY2ODE3OTc4OWVkMjgwMDAxYjQ1OTYxYyIsImlhdCI6MTcxOTc2MTI3MiwiZXhwIjoxNzE5NzYyNDcyfQ.LDSDDgRszxs8kWuegS4_3biWwD0bLSNlCZyfUzrOBpY",
    "refreshToken": "fdfcfb5505fa828a60753365c86b5038e2f149f53f31f7e5b813e8eb9a2d9aebac6d82f949a5a861",
    "user": {
        "email": "gdyztibaqz@ya.ru",
        "name": "jQZCDcxpSr"
    }
}
HTTP/1.1 200 OK
Date: Sun, 30 Jun 2024 15:27:52 GMT
Content-Type: application/json; charset=utf-8
Transfer-Encoding: chunked
Connection: keep-alive
X-Powered-By: Express
Access-Control-Allow-Origin: *
ETag: W/"16d-0EAcHcLOqlhUZlHIUdyQ1zbTrpU"
CF-Cache-Status: DYNAMIC
Report-To: {"endpoints":[{"url":"https:\/\/a.nel.cloudflare.com\/report\/v4?s=KnQkIGT5kJdws%2FSIWMs76zOwHTKoA15E8tddaK6bIl68nMvifybHbL%2FTIeeCTmuz6U%2FC1rOAKJh8fL7bmTUDNPWoSxaG5FLVFrAmpRoShYCHqakGFVDCKPAUYdsb6ktT4nZ958iKESGmPRyH2xUAst1XiPk%3D"}],"group":"cf-nel","max_age":604800}
NEL: {"success_fraction":0,"report_to":"cf-nel","max_age":604800}
Server: cloudflare
CF-RAY: 89bf2ecf5b489db5-DME
Content-Encoding: gzip
alt-svc: h3=":443"; ma=86400

{
    "success": true,
    "accessToken": "Bearer eyJhbGciOiJIUzI1NiIsInR5cCI6IkpXVCJ9.eyJpZCI6IjY2ODE3OTc4OWVkMjgwMDAxYjQ1OTYxYyIsImlhdCI6MTcxOTc2MTI3MiwiZXhwIjoxNzE5NzYyNDcyfQ.LDSDDgRszxs8kWuegS4_3biWwD0bLSNlCZyfUzrOBpY",
    "refreshToken": "fdfcfb5505fa828a60753365c86b5038e2f149f53f31f7e5b813e8eb9a2d9aebac6d82f949a5a861",
    "user": {
        "email": "gdyztibaqz@ya.ru",
        "name": "jQZCDcxpSr"
    }
}
HTTP/1.1 200 OK
Date: Sun, 30 Jun 2024 15:27:52 GMT
Content-Type: application/json; charset=utf-8
Transfer-Encoding: chunked
Connection: keep-alive
X-Powered-By: Express
Access-Control-Allow-Origin: *
ETag: W/"16d-0EAcHcLOqlhUZlHIUdyQ1zbTrpU"
CF-Cache-Status: DYNAMIC
Report-To: {"endpoints":[{"url":"https:\/\/a.nel.cloudflare.com\/report\/v4?s=KnQkIGT5kJdws%2FSIWMs76zOwHTKoA15E8tddaK6bIl68nMvifybHbL%2FTIeeCTmuz6U%2FC1rOAKJh8fL7bmTUDNPWoSxaG5FLVFrAmpRoShYCHqakGFVDCKPAUYdsb6ktT4nZ958iKESGmPRyH2xUAst1XiPk%3D"}],"group":"cf-nel","max_age":604800}
NEL: {"success_fraction":0,"report_to":"cf-nel","max_age":604800}
Server: cloudflare
CF-RAY: 89bf2ecf5b489db5-DME
Content-Encoding: gzip
alt-svc: h3=":443"; ma=86400

{
    "success": true,
    "accessToken": "Bearer eyJhbGciOiJIUzI1NiIsInR5cCI6IkpXVCJ9.eyJpZCI6IjY2ODE3OTc4OWVkMjgwMDAxYjQ1OTYxYyIsImlhdCI6MTcxOTc2MTI3MiwiZXhwIjoxNzE5NzYyNDcyfQ.LDSDDgRszxs8kWuegS4_3biWwD0bLSNlCZyfUzrOBpY",
    "refreshToken": "fdfcfb5505fa828a60753365c86b5038e2f149f53f31f7e5b813e8eb9a2d9aebac6d82f949a5a861",
    "user": {
        "email": "gdyztibaqz@ya.ru",
        "name": "jQZCDcxpSr"
    }
}
HTTP/1.1 200 OK
Date: Sun, 30 Jun 2024 15:27:52 GMT
Content-Type: application/json; charset=utf-8
Transfer-Encoding: chunked
Connection: keep-alive
X-Powered-By: Express
Access-Control-Allow-Origin: *
ETag: W/"16d-0EAcHcLOqlhUZlHIUdyQ1zbTrpU"
CF-Cache-Status: DYNAMIC
Report-To: {"endpoints":[{"url":"https:\/\/a.nel.cloudflare.com\/report\/v4?s=KnQkIGT5kJdws%2FSIWMs76zOwHTKoA15E8tddaK6bIl68nMvifybHbL%2FTIeeCTmuz6U%2FC1rOAKJh8fL7bmTUDNPWoSxaG5FLVFrAmpRoShYCHqakGFVDCKPAUYdsb6ktT4nZ958iKESGmPRyH2xUAst1XiPk%3D"}],"group":"cf-nel","max_age":604800}
NEL: {"success_fraction":0,"report_to":"cf-nel","max_age":604800}
Server: cloudflare
CF-RAY: 89bf2ecf5b489db5-DME
Content-Encoding: gzip
alt-svc: h3=":443"; ma=86400

{
    "success": true,
    "accessToken": "Bearer eyJhbGciOiJIUzI1NiIsInR5cCI6IkpXVCJ9.eyJpZCI6IjY2ODE3OTc4OWVkMjgwMDAxYjQ1OTYxYyIsImlhdCI6MTcxOTc2MTI3MiwiZXhwIjoxNzE5NzYyNDcyfQ.LDSDDgRszxs8kWuegS4_3biWwD0bLSNlCZyfUzrOBpY",
    "refreshToken": "fdfcfb5505fa828a60753365c86b5038e2f149f53f31f7e5b813e8eb9a2d9aebac6d82f949a5a861",
    "user": {
        "email": "gdyztibaqz@ya.ru",
        "name": "jQZCDcxpSr"
    }
}
HTTP/1.1 200 OK
Date: Sun, 30 Jun 2024 15:27:52 GMT
Content-Type: application/json; charset=utf-8
Transfer-Encoding: chunked
Connection: keep-alive
X-Powered-By: Express
Access-Control-Allow-Origin: *
ETag: W/"16d-0EAcHcLOqlhUZlHIUdyQ1zbTrpU"
CF-Cache-Status: DYNAMIC
Report-To: {"endpoints":[{"url":"https:\/\/a.nel.cloudflare.com\/report\/v4?s=KnQkIGT5kJdws%2FSIWMs76zOwHTKoA15E8tddaK6bIl68nMvifybHbL%2FTIeeCTmuz6U%2FC1rOAKJh8fL7bmTUDNPWoSxaG5FLVFrAmpRoShYCHqakGFVDCKPAUYdsb6ktT4nZ958iKESGmPRyH2xUAst1XiPk%3D"}],"group":"cf-nel","max_age":604800}
NEL: {"success_fraction":0,"report_to":"cf-nel","max_age":604800}
Server: cloudflare
CF-RAY: 89bf2ecf5b489db5-DME
Content-Encoding: gzip
alt-svc: h3=":443"; ma=86400

{
    "success": true,
    "accessToken": "Bearer eyJhbGciOiJIUzI1NiIsInR5cCI6IkpXVCJ9.eyJpZCI6IjY2ODE3OTc4OWVkMjgwMDAxYjQ1OTYxYyIsImlhdCI6MTcxOTc2MTI3MiwiZXhwIjoxNzE5NzYyNDcyfQ.LDSDDgRszxs8kWuegS4_3biWwD0bLSNlCZyfUzrOBpY",
    "refreshToken": "fdfcfb5505fa828a60753365c86b5038e2f149f53f31f7e5b813e8eb9a2d9aebac6d82f949a5a861",
    "user": {
        "email": "gdyztibaqz@ya.ru",
        "name": "jQZCDcxpSr"
    }
}
HTTP/1.1 200 OK
Date: Sun, 30 Jun 2024 15:27:52 GMT
Content-Type: application/json; charset=utf-8
Transfer-Encoding: chunked
Connection: keep-alive
X-Powered-By: Express
Access-Control-Allow-Origin: *
ETag: W/"16d-0EAcHcLOqlhUZlHIUdyQ1zbTrpU"
CF-Cache-Status: DYNAMIC
Report-To: {"endpoints":[{"url":"https:\/\/a.nel.cloudflare.com\/report\/v4?s=KnQkIGT5kJdws%2FSIWMs76zOwHTKoA15E8tddaK6bIl68nMvifybHbL%2FTIeeCTmuz6U%2FC1rOAKJh8fL7bmTUDNPWoSxaG5FLVFrAmpRoShYCHqakGFVDCKPAUYdsb6ktT4nZ958iKESGmPRyH2xUAst1XiPk%3D"}],"group":"cf-nel","max_age":604800}
NEL: {"success_fraction":0,"report_to":"cf-nel","max_age":604800}
Server: cloudflare
CF-RAY: 89bf2ecf5b489db5-DME
Content-Encoding: gzip
alt-svc: h3=":443"; ma=86400

{
    "success": true,
    "accessToken": "Bearer eyJhbGciOiJIUzI1NiIsInR5cCI6IkpXVCJ9.eyJpZCI6IjY2ODE3OTc4OWVkMjgwMDAxYjQ1OTYxYyIsImlhdCI6MTcxOTc2MTI3MiwiZXhwIjoxNzE5NzYyNDcyfQ.LDSDDgRszxs8kWuegS4_3biWwD0bLSNlCZyfUzrOBpY",
    "refreshToken": "fdfcfb5505fa828a60753365c86b5038e2f149f53f31f7e5b813e8eb9a2d9aebac6d82f949a5a861",
    "user": {
        "email": "gdyztibaqz@ya.ru",
        "name": "jQZCDcxpSr"
    }
}
HTTP/1.1 200 OK
Date: Sun, 30 Jun 2024 15:27:52 GMT
Content-Type: application/json; charset=utf-8
Transfer-Encoding: chunked
Connection: keep-alive
X-Powered-By: Express
Access-Control-Allow-Origin: *
ETag: W/"16d-0EAcHcLOqlhUZlHIUdyQ1zbTrpU"
CF-Cache-Status: DYNAMIC
Report-To: {"endpoints":[{"url":"https:\/\/a.nel.cloudflare.com\/report\/v4?s=KnQkIGT5kJdws%2FSIWMs76zOwHTKoA15E8tddaK6bIl68nMvifybHbL%2FTIeeCTmuz6U%2FC1rOAKJh8fL7bmTUDNPWoSxaG5FLVFrAmpRoShYCHqakGFVDCKPAUYdsb6ktT4nZ958iKESGmPRyH2xUAst1XiPk%3D"}],"group":"cf-nel","max_age":604800}
NEL: {"success_fraction":0,"report_to":"cf-nel","max_age":604800}
Server: cloudflare
CF-RAY: 89bf2ecf5b489db5-DME
Content-Encoding: gzip
alt-svc: h3=":443"; ma=86400

{
    "success": true,
    "accessToken": "Bearer eyJhbGciOiJIUzI1NiIsInR5cCI6IkpXVCJ9.eyJpZCI6IjY2ODE3OTc4OWVkMjgwMDAxYjQ1OTYxYyIsImlhdCI6MTcxOTc2MTI3MiwiZXhwIjoxNzE5NzYyNDcyfQ.LDSDDgRszxs8kWuegS4_3biWwD0bLSNlCZyfUzrOBpY",
    "refreshToken": "fdfcfb5505fa828a60753365c86b5038e2f149f53f31f7e5b813e8eb9a2d9aebac6d82f949a5a861",
    "user": {
        "email": "gdyztibaqz@ya.ru",
        "name": "jQZCDcxpSr"
    }
}
HTTP/1.1 200 OK
Date: Sun, 30 Jun 2024 15:27:52 GMT
Content-Type: application/json; charset=utf-8
Transfer-Encoding: chunked
Connection: keep-alive
X-Powered-By: Express
Access-Control-Allow-Origin: *
ETag: W/"16d-0EAcHcLOqlhUZlHIUdyQ1zbTrpU"
CF-Cache-Status: DYNAMIC
Report-To: {"endpoints":[{"url":"https:\/\/a.nel.cloudflare.com\/report\/v4?s=KnQkIGT5kJdws%2FSIWMs76zOwHTKoA15E8tddaK6bIl68nMvifybHbL%2FTIeeCTmuz6U%2FC1rOAKJh8fL7bmTUDNPWoSxaG5FLVFrAmpRoShYCHqakGFVDCKPAUYdsb6ktT4nZ958iKESGmPRyH2xUAst1XiPk%3D"}],"group":"cf-nel","max_age":604800}
NEL: {"success_fraction":0,"report_to":"cf-nel","max_age":604800}
Server: cloudflare
CF-RAY: 89bf2ecf5b489db5-DME
Content-Encoding: gzip
alt-svc: h3=":443"; ma=86400

{
    "success": true,
    "accessToken": "Bearer eyJhbGciOiJIUzI1NiIsInR5cCI6IkpXVCJ9.eyJpZCI6IjY2ODE3OTc4OWVkMjgwMDAxYjQ1OTYxYyIsImlhdCI6MTcxOTc2MTI3MiwiZXhwIjoxNzE5NzYyNDcyfQ.LDSDDgRszxs8kWuegS4_3biWwD0bLSNlCZyfUzrOBpY",
    "refreshToken": "fdfcfb5505fa828a60753365c86b5038e2f149f53f31f7e5b813e8eb9a2d9aebac6d82f949a5a861",
    "user": {
        "email": "gdyztibaqz@ya.ru",
        "name": "jQZCDcxpSr"
    }
}
HTTP/1.1 200 OK
Date: Sun, 30 Jun 2024 15:27:52 GMT
Content-Type: application/json; charset=utf-8
Transfer-Encoding: chunked
Connection: keep-alive
X-Powered-By: Express
Access-Control-Allow-Origin: *
ETag: W/"16d-0EAcHcLOqlhUZlHIUdyQ1zbTrpU"
CF-Cache-Status: DYNAMIC
Report-To: {"endpoints":[{"url":"https:\/\/a.nel.cloudflare.com\/report\/v4?s=KnQkIGT5kJdws%2FSIWMs76zOwHTKoA15E8tddaK6bIl68nMvifybHbL%2FTIeeCTmuz6U%2FC1rOAKJh8fL7bmTUDNPWoSxaG5FLVFrAmpRoShYCHqakGFVDCKPAUYdsb6ktT4nZ958iKESGmPRyH2xUAst1XiPk%3D"}],"group":"cf-nel","max_age":604800}
NEL: {"success_fraction":0,"report_to":"cf-nel","max_age":604800}
Server: cloudflare
CF-RAY: 89bf2ecf5b489db5-DME
Content-Encoding: gzip
alt-svc: h3=":443"; ma=86400

{
    "success": true,
    "accessToken": "Bearer eyJhbGciOiJIUzI1NiIsInR5cCI6IkpXVCJ9.eyJpZCI6IjY2ODE3OTc4OWVkMjgwMDAxYjQ1OTYxYyIsImlhdCI6MTcxOTc2MTI3MiwiZXhwIjoxNzE5NzYyNDcyfQ.LDSDDgRszxs8kWuegS4_3biWwD0bLSNlCZyfUzrOBpY",
    "refreshToken": "fdfcfb5505fa828a60753365c86b5038e2f149f53f31f7e5b813e8eb9a2d9aebac6d82f949a5a861",
    "user": {
        "email": "gdyztibaqz@ya.ru",
        "name": "jQZCDcxpSr"
    }
}
HTTP/1.1 200 OK
Date: Sun, 30 Jun 2024 15:27:52 GMT
Content-Type: application/json; charset=utf-8
Transfer-Encoding: chunked
Connection: keep-alive
X-Powered-By: Express
Access-Control-Allow-Origin: *
ETag: W/"16d-0EAcHcLOqlhUZlHIUdyQ1zbTrpU"
CF-Cache-Status: DYNAMIC
Report-To: {"endpoints":[{"url":"https:\/\/a.nel.cloudflare.com\/report\/v4?s=KnQkIGT5kJdws%2FSIWMs76zOwHTKoA15E8tddaK6bIl68nMvifybHbL%2FTIeeCTmuz6U%2FC1rOAKJh8fL7bmTUDNPWoSxaG5FLVFrAmpRoShYCHqakGFVDCKPAUYdsb6ktT4nZ958iKESGmPRyH2xUAst1XiPk%3D"}],"group":"cf-nel","max_age":604800}
NEL: {"success_fraction":0,"report_to":"cf-nel","max_age":604800}
Server: cloudflare
CF-RAY: 89bf2ecf5b489db5-DME
Content-Encoding: gzip
alt-svc: h3=":443"; ma=86400

{
    "success": true,
    "accessToken": "Bearer eyJhbGciOiJIUzI1NiIsInR5cCI6IkpXVCJ9.eyJpZCI6IjY2ODE3OTc4OWVkMjgwMDAxYjQ1OTYxYyIsImlhdCI6MTcxOTc2MTI3MiwiZXhwIjoxNzE5NzYyNDcyfQ.LDSDDgRszxs8kWuegS4_3biWwD0bLSNlCZyfUzrOBpY",
    "refreshToken": "fdfcfb5505fa828a60753365c86b5038e2f149f53f31f7e5b813e8eb9a2d9aebac6d82f949a5a861",
    "user": {
        "email": "gdyztibaqz@ya.ru",
        "name": "jQZCDcxpSr"
    }
}
HTTP/1.1 200 OK
Date: Sun, 30 Jun 2024 15:27:52 GMT
Content-Type: application/json; charset=utf-8
Transfer-Encoding: chunked
Connection: keep-alive
X-Powered-By: Express
Access-Control-Allow-Origin: *
ETag: W/"16d-0EAcHcLOqlhUZlHIUdyQ1zbTrpU"
CF-Cache-Status: DYNAMIC
Report-To: {"endpoints":[{"url":"https:\/\/a.nel.cloudflare.com\/report\/v4?s=KnQkIGT5kJdws%2FSIWMs76zOwHTKoA15E8tddaK6bIl68nMvifybHbL%2FTIeeCTmuz6U%2FC1rOAKJh8fL7bmTUDNPWoSxaG5FLVFrAmpRoShYCHqakGFVDCKPAUYdsb6ktT4nZ958iKESGmPRyH2xUAst1XiPk%3D"}],"group":"cf-nel","max_age":604800}
NEL: {"success_fraction":0,"report_to":"cf-nel","max_age":604800}
Server: cloudflare
CF-RAY: 89bf2ecf5b489db5-DME
Content-Encoding: gzip
alt-svc: h3=":443"; ma=86400

{
    "success": true,
    "accessToken": "Bearer eyJhbGciOiJIUzI1NiIsInR5cCI6IkpXVCJ9.eyJpZCI6IjY2ODE3OTc4OWVkMjgwMDAxYjQ1OTYxYyIsImlhdCI6MTcxOTc2MTI3MiwiZXhwIjoxNzE5NzYyNDcyfQ.LDSDDgRszxs8kWuegS4_3biWwD0bLSNlCZyfUzrOBpY",
    "refreshToken": "fdfcfb5505fa828a60753365c86b5038e2f149f53f31f7e5b813e8eb9a2d9aebac6d82f949a5a861",
    "user": {
        "email": "gdyztibaqz@ya.ru",
        "name": "jQZCDcxpSr"
    }
}
HTTP/1.1 200 OK
Date: Sun, 30 Jun 2024 15:27:52 GMT
Content-Type: application/json; charset=utf-8
Transfer-Encoding: chunked
Connection: keep-alive
X-Powered-By: Express
Access-Control-Allow-Origin: *
ETag: W/"16d-0EAcHcLOqlhUZlHIUdyQ1zbTrpU"
CF-Cache-Status: DYNAMIC
Report-To: {"endpoints":[{"url":"https:\/\/a.nel.cloudflare.com\/report\/v4?s=KnQkIGT5kJdws%2FSIWMs76zOwHTKoA15E8tddaK6bIl68nMvifybHbL%2FTIeeCTmuz6U%2FC1rOAKJh8fL7bmTUDNPWoSxaG5FLVFrAmpRoShYCHqakGFVDCKPAUYdsb6ktT4nZ958iKESGmPRyH2xUAst1XiPk%3D"}],"group":"cf-nel","max_age":604800}
NEL: {"success_fraction":0,"report_to":"cf-nel","max_age":604800}
Server: cloudflare
CF-RAY: 89bf2ecf5b489db5-DME
Content-Encoding: gzip
alt-svc: h3=":443"; ma=86400

{
    "success": true,
    "accessToken": "Bearer eyJhbGciOiJIUzI1NiIsInR5cCI6IkpXVCJ9.eyJpZCI6IjY2ODE3OTc4OWVkMjgwMDAxYjQ1OTYxYyIsImlhdCI6MTcxOTc2MTI3MiwiZXhwIjoxNzE5NzYyNDcyfQ.LDSDDgRszxs8kWuegS4_3biWwD0bLSNlCZyfUzrOBpY",
    "refreshToken": "fdfcfb5505fa828a60753365c86b5038e2f149f53f31f7e5b813e8eb9a2d9aebac6d82f949a5a861",
    "user": {
        "email": "gdyztibaqz@ya.ru",
        "name": "jQZCDcxpSr"
    }
}
HTTP/1.1 200 OK
Date: Sun, 30 Jun 2024 15:27:52 GMT
Content-Type: application/json; charset=utf-8
Transfer-Encoding: chunked
Connection: keep-alive
X-Powered-By: Express
Access-Control-Allow-Origin: *
ETag: W/"16d-0EAcHcLOqlhUZlHIUdyQ1zbTrpU"
CF-Cache-Status: DYNAMIC
Report-To: {"endpoints":[{"url":"https:\/\/a.nel.cloudflare.com\/report\/v4?s=KnQkIGT5kJdws%2FSIWMs76zOwHTKoA15E8tddaK6bIl68nMvifybHbL%2FTIeeCTmuz6U%2FC1rOAKJh8fL7bmTUDNPWoSxaG5FLVFrAmpRoShYCHqakGFVDCKPAUYdsb6ktT4nZ958iKESGmPRyH2xUAst1XiPk%3D"}],"group":"cf-nel","max_age":604800}
NEL: {"success_fraction":0,"report_to":"cf-nel","max_age":604800}
Server: cloudflare
CF-RAY: 89bf2ecf5b489db5-DME
Content-Encoding: gzip
alt-svc: h3=":443"; ma=86400

{
    "success": true,
    "accessToken": "Bearer eyJhbGciOiJIUzI1NiIsInR5cCI6IkpXVCJ9.eyJpZCI6IjY2ODE3OTc4OWVkMjgwMDAxYjQ1OTYxYyIsImlhdCI6MTcxOTc2MTI3MiwiZXhwIjoxNzE5NzYyNDcyfQ.LDSDDgRszxs8kWuegS4_3biWwD0bLSNlCZyfUzrOBpY",
    "refreshToken": "fdfcfb5505fa828a60753365c86b5038e2f149f53f31f7e5b813e8eb9a2d9aebac6d82f949a5a861",
    "user": {
        "email": "gdyztibaqz@ya.ru",
        "name": "jQZCDcxpSr"
    }
}
HTTP/1.1 200 OK
Date: Sun, 30 Jun 2024 15:27:52 GMT
Content-Type: application/json; charset=utf-8
Transfer-Encoding: chunked
Connection: keep-alive
X-Powered-By: Express
Access-Control-Allow-Origin: *
ETag: W/"16d-0EAcHcLOqlhUZlHIUdyQ1zbTrpU"
CF-Cache-Status: DYNAMIC
Report-To: {"endpoints":[{"url":"https:\/\/a.nel.cloudflare.com\/report\/v4?s=KnQkIGT5kJdws%2FSIWMs76zOwHTKoA15E8tddaK6bIl68nMvifybHbL%2FTIeeCTmuz6U%2FC1rOAKJh8fL7bmTUDNPWoSxaG5FLVFrAmpRoShYCHqakGFVDCKPAUYdsb6ktT4nZ958iKESGmPRyH2xUAst1XiPk%3D"}],"group":"cf-nel","max_age":604800}
NEL: {"success_fraction":0,"report_to":"cf-nel","max_age":604800}
Server: cloudflare
CF-RAY: 89bf2ecf5b489db5-DME
Content-Encoding: gzip
alt-svc: h3=":443"; ma=86400

{
    "success": true,
    "accessToken": "Bearer eyJhbGciOiJIUzI1NiIsInR5cCI6IkpXVCJ9.eyJpZCI6IjY2ODE3OTc4OWVkMjgwMDAxYjQ1OTYxYyIsImlhdCI6MTcxOTc2MTI3MiwiZXhwIjoxNzE5NzYyNDcyfQ.LDSDDgRszxs8kWuegS4_3biWwD0bLSNlCZyfUzrOBpY",
    "refreshToken": "fdfcfb5505fa828a60753365c86b5038e2f149f53f31f7e5b813e8eb9a2d9aebac6d82f949a5a861",
    "user": {
        "email": "gdyztibaqz@ya.ru",
        "name": "jQZCDcxpSr"
    }
}
HTTP/1.1 200 OK
Date: Sun, 30 Jun 2024 15:27:52 GMT
Content-Type: application/json; charset=utf-8
Transfer-Encoding: chunked
Connection: keep-alive
X-Powered-By: Express
Access-Control-Allow-Origin: *
ETag: W/"16d-0EAcHcLOqlhUZlHIUdyQ1zbTrpU"
CF-Cache-Status: DYNAMIC
Report-To: {"endpoints":[{"url":"https:\/\/a.nel.cloudflare.com\/report\/v4?s=KnQkIGT5kJdws%2FSIWMs76zOwHTKoA15E8tddaK6bIl68nMvifybHbL%2FTIeeCTmuz6U%2FC1rOAKJh8fL7bmTUDNPWoSxaG5FLVFrAmpRoShYCHqakGFVDCKPAUYdsb6ktT4nZ958iKESGmPRyH2xUAst1XiPk%3D"}],"group":"cf-nel","max_age":604800}
NEL: {"success_fraction":0,"report_to":"cf-nel","max_age":604800}
Server: cloudflare
CF-RAY: 89bf2ecf5b489db5-DME
Content-Encoding: gzip
alt-svc: h3=":443"; ma=86400

{
    "success": true,
    "accessToken": "Bearer eyJhbGciOiJIUzI1NiIsInR5cCI6IkpXVCJ9.eyJpZCI6IjY2ODE3OTc4OWVkMjgwMDAxYjQ1OTYxYyIsImlhdCI6MTcxOTc2MTI3MiwiZXhwIjoxNzE5NzYyNDcyfQ.LDSDDgRszxs8kWuegS4_3biWwD0bLSNlCZyfUzrOBpY",
    "refreshToken": "fdfcfb5505fa828a60753365c86b5038e2f149f53f31f7e5b813e8eb9a2d9aebac6d82f949a5a861",
    "user": {
        "email": "gdyztibaqz@ya.ru",
        "name": "jQZCDcxpSr"
    }
}
HTTP/1.1 200 OK
Date: Sun, 30 Jun 2024 15:27:52 GMT
Content-Type: application/json; charset=utf-8
Transfer-Encoding: chunked
Connection: keep-alive
X-Powered-By: Express
Access-Control-Allow-Origin: *
ETag: W/"16d-0EAcHcLOqlhUZlHIUdyQ1zbTrpU"
CF-Cache-Status: DYNAMIC
Report-To: {"endpoints":[{"url":"https:\/\/a.nel.cloudflare.com\/report\/v4?s=KnQkIGT5kJdws%2FSIWMs76zOwHTKoA15E8tddaK6bIl68nMvifybHbL%2FTIeeCTmuz6U%2FC1rOAKJh8fL7bmTUDNPWoSxaG5FLVFrAmpRoShYCHqakGFVDCKPAUYdsb6ktT4nZ958iKESGmPRyH2xUAst1XiPk%3D"}],"group":"cf-nel","max_age":604800}
NEL: {"success_fraction":0,"report_to":"cf-nel","max_age":604800}
Server: cloudflare
CF-RAY: 89bf2ecf5b489db5-DME
Content-Encoding: gzip
alt-svc: h3=":443"; ma=86400

{
    "success": true,
    "accessToken": "Bearer eyJhbGciOiJIUzI1NiIsInR5cCI6IkpXVCJ9.eyJpZCI6IjY2ODE3OTc4OWVkMjgwMDAxYjQ1OTYxYyIsImlhdCI6MTcxOTc2MTI3MiwiZXhwIjoxNzE5NzYyNDcyfQ.LDSDDgRszxs8kWuegS4_3biWwD0bLSNlCZyfUzrOBpY",
    "refreshToken": "fdfcfb5505fa828a60753365c86b5038e2f149f53f31f7e5b813e8eb9a2d9aebac6d82f949a5a861",
    "user": {
        "email": "gdyztibaqz@ya.ru",
        "name": "jQZCDcxpSr"
    }
}
HTTP/1.1 200 OK
Date: Sun, 30 Jun 2024 15:27:52 GMT
Content-Type: application/json; charset=utf-8
Transfer-Encoding: chunked
Connection: keep-alive
X-Powered-By: Express
Access-Control-Allow-Origin: *
ETag: W/"16d-0EAcHcLOqlhUZlHIUdyQ1zbTrpU"
CF-Cache-Status: DYNAMIC
Report-To: {"endpoints":[{"url":"https:\/\/a.nel.cloudflare.com\/report\/v4?s=KnQkIGT5kJdws%2FSIWMs76zOwHTKoA15E8tddaK6bIl68nMvifybHbL%2FTIeeCTmuz6U%2FC1rOAKJh8fL7bmTUDNPWoSxaG5FLVFrAmpRoShYCHqakGFVDCKPAUYdsb6ktT4nZ958iKESGmPRyH2xUAst1XiPk%3D"}],"group":"cf-nel","max_age":604800}
NEL: {"success_fraction":0,"report_to":"cf-nel","max_age":604800}
Server: cloudflare
CF-RAY: 89bf2ecf5b489db5-DME
Content-Encoding: gzip
alt-svc: h3=":443"; ma=86400

{
    "success": true,
    "accessToken": "Bearer eyJhbGciOiJIUzI1NiIsInR5cCI6IkpXVCJ9.eyJpZCI6IjY2ODE3OTc4OWVkMjgwMDAxYjQ1OTYxYyIsImlhdCI6MTcxOTc2MTI3MiwiZXhwIjoxNzE5NzYyNDcyfQ.LDSDDgRszxs8kWuegS4_3biWwD0bLSNlCZyfUzrOBpY",
    "refreshToken": "fdfcfb5505fa828a60753365c86b5038e2f149f53f31f7e5b813e8eb9a2d9aebac6d82f949a5a861",
    "user": {
        "email": "gdyztibaqz@ya.ru",
        "name": "jQZCDcxpSr"
    }
}
HTTP/1.1 200 OK
Date: Sun, 30 Jun 2024 15:27:52 GMT
Content-Type: application/json; charset=utf-8
Transfer-Encoding: chunked
Connection: keep-alive
X-Powered-By: Express
Access-Control-Allow-Origin: *
ETag: W/"16d-0EAcHcLOqlhUZlHIUdyQ1zbTrpU"
CF-Cache-Status: DYNAMIC
Report-To: {"endpoints":[{"url":"https:\/\/a.nel.cloudflare.com\/report\/v4?s=KnQkIGT5kJdws%2FSIWMs76zOwHTKoA15E8tddaK6bIl68nMvifybHbL%2FTIeeCTmuz6U%2FC1rOAKJh8fL7bmTUDNPWoSxaG5FLVFrAmpRoShYCHqakGFVDCKPAUYdsb6ktT4nZ958iKESGmPRyH2xUAst1XiPk%3D"}],"group":"cf-nel","max_age":604800}
NEL: {"success_fraction":0,"report_to":"cf-nel","max_age":604800}
Server: cloudflare
CF-RAY: 89bf2ecf5b489db5-DME
Content-Encoding: gzip
alt-svc: h3=":443"; ma=86400

{
    "success": true,
    "accessToken": "Bearer eyJhbGciOiJIUzI1NiIsInR5cCI6IkpXVCJ9.eyJpZCI6IjY2ODE3OTc4OWVkMjgwMDAxYjQ1OTYxYyIsImlhdCI6MTcxOTc2MTI3MiwiZXhwIjoxNzE5NzYyNDcyfQ.LDSDDgRszxs8kWuegS4_3biWwD0bLSNlCZyfUzrOBpY",
    "refreshToken": "fdfcfb5505fa828a60753365c86b5038e2f149f53f31f7e5b813e8eb9a2d9aebac6d82f949a5a861",
    "user": {
        "email": "gdyztibaqz@ya.ru",
        "name": "jQZCDcxpSr"
    }
}
HTTP/1.1 200 OK
Date: Sun, 30 Jun 2024 15:27:52 GMT
Content-Type: application/json; charset=utf-8
Transfer-Encoding: chunked
Connection: keep-alive
X-Powered-By: Express
Access-Control-Allow-Origin: *
ETag: W/"16d-0EAcHcLOqlhUZlHIUdyQ1zbTrpU"
CF-Cache-Status: DYNAMIC
Report-To: {"endpoints":[{"url":"https:\/\/a.nel.cloudflare.com\/report\/v4?s=KnQkIGT5kJdws%2FSIWMs76zOwHTKoA15E8tddaK6bIl68nMvifybHbL%2FTIeeCTmuz6U%2FC1rOAKJh8fL7bmTUDNPWoSxaG5FLVFrAmpRoShYCHqakGFVDCKPAUYdsb6ktT4nZ958iKESGmPRyH2xUAst1XiPk%3D"}],"group":"cf-nel","max_age":604800}
NEL: {"success_fraction":0,"report_to":"cf-nel","max_age":604800}
Server: cloudflare
CF-RAY: 89bf2ecf5b489db5-DME
Content-Encoding: gzip
alt-svc: h3=":443"; ma=86400

{
    "success": true,
    "accessToken": "Bearer eyJhbGciOiJIUzI1NiIsInR5cCI6IkpXVCJ9.eyJpZCI6IjY2ODE3OTc4OWVkMjgwMDAxYjQ1OTYxYyIsImlhdCI6MTcxOTc2MTI3MiwiZXhwIjoxNzE5NzYyNDcyfQ.LDSDDgRszxs8kWuegS4_3biWwD0bLSNlCZyfUzrOBpY",
    "refreshToken": "fdfcfb5505fa828a60753365c86b5038e2f149f53f31f7e5b813e8eb9a2d9aebac6d82f949a5a861",
    "user": {
        "email": "gdyztibaqz@ya.ru",
        "name": "jQZCDcxpSr"
    }
}
HTTP/1.1 200 OK
Date: Sun, 30 Jun 2024 15:27:52 GMT
Content-Type: application/json; charset=utf-8
Transfer-Encoding: chunked
Connection: keep-alive
X-Powered-By: Express
Access-Control-Allow-Origin: *
ETag: W/"16d-0EAcHcLOqlhUZlHIUdyQ1zbTrpU"
CF-Cache-Status: DYNAMIC
Report-To: {"endpoints":[{"url":"https:\/\/a.nel.cloudflare.com\/report\/v4?s=KnQkIGT5kJdws%2FSIWMs76zOwHTKoA15E8tddaK6bIl68nMvifybHbL%2FTIeeCTmuz6U%2FC1rOAKJh8fL7bmTUDNPWoSxaG5FLVFrAmpRoShYCHqakGFVDCKPAUYdsb6ktT4nZ958iKESGmPRyH2xUAst1XiPk%3D"}],"group":"cf-nel","max_age":604800}
NEL: {"success_fraction":0,"report_to":"cf-nel","max_age":604800}
Server: cloudflare
CF-RAY: 89bf2ecf5b489db5-DME
Content-Encoding: gzip
alt-svc: h3=":443"; ma=86400

{
    "success": true,
    "accessToken": "Bearer eyJhbGciOiJIUzI1NiIsInR5cCI6IkpXVCJ9.eyJpZCI6IjY2ODE3OTc4OWVkMjgwMDAxYjQ1OTYxYyIsImlhdCI6MTcxOTc2MTI3MiwiZXhwIjoxNzE5NzYyNDcyfQ.LDSDDgRszxs8kWuegS4_3biWwD0bLSNlCZyfUzrOBpY",
    "refreshToken": "fdfcfb5505fa828a60753365c86b5038e2f149f53f31f7e5b813e8eb9a2d9aebac6d82f949a5a861",
    "user": {
        "email": "gdyztibaqz@ya.ru",
        "name": "jQZCDcxpSr"
    }
}
HTTP/1.1 200 OK
Date: Sun, 30 Jun 2024 15:27:52 GMT
Content-Type: application/json; charset=utf-8
Transfer-Encoding: chunked
Connection: keep-alive
X-Powered-By: Express
Access-Control-Allow-Origin: *
ETag: W/"16d-0EAcHcLOqlhUZlHIUdyQ1zbTrpU"
CF-Cache-Status: DYNAMIC
Report-To: {"endpoints":[{"url":"https:\/\/a.nel.cloudflare.com\/report\/v4?s=KnQkIGT5kJdws%2FSIWMs76zOwHTKoA15E8tddaK6bIl68nMvifybHbL%2FTIeeCTmuz6U%2FC1rOAKJh8fL7bmTUDNPWoSxaG5FLVFrAmpRoShYCHqakGFVDCKPAUYdsb6ktT4nZ958iKESGmPRyH2xUAst1XiPk%3D"}],"group":"cf-nel","max_age":604800}
NEL: {"success_fraction":0,"report_to":"cf-nel","max_age":604800}
Server: cloudflare
CF-RAY: 89bf2ecf5b489db5-DME
Content-Encoding: gzip
alt-svc: h3=":443"; ma=86400

{
    "success": true,
    "accessToken": "Bearer eyJhbGciOiJIUzI1NiIsInR5cCI6IkpXVCJ9.eyJpZCI6IjY2ODE3OTc4OWVkMjgwMDAxYjQ1OTYxYyIsImlhdCI6MTcxOTc2MTI3MiwiZXhwIjoxNzE5NzYyNDcyfQ.LDSDDgRszxs8kWuegS4_3biWwD0bLSNlCZyfUzrOBpY",
    "refreshToken": "fdfcfb5505fa828a60753365c86b5038e2f149f53f31f7e5b813e8eb9a2d9aebac6d82f949a5a861",
    "user": {
        "email": "gdyztibaqz@ya.ru",
        "name": "jQZCDcxpSr"
    }
}
HTTP/1.1 200 OK
Date: Sun, 30 Jun 2024 15:27:52 GMT
Content-Type: application/json; charset=utf-8
Transfer-Encoding: chunked
Connection: keep-alive
X-Powered-By: Express
Access-Control-Allow-Origin: *
ETag: W/"16d-0EAcHcLOqlhUZlHIUdyQ1zbTrpU"
CF-Cache-Status: DYNAMIC
Report-To: {"endpoints":[{"url":"https:\/\/a.nel.cloudflare.com\/report\/v4?s=KnQkIGT5kJdws%2FSIWMs76zOwHTKoA15E8tddaK6bIl68nMvifybHbL%2FTIeeCTmuz6U%2FC1rOAKJh8fL7bmTUDNPWoSxaG5FLVFrAmpRoShYCHqakGFVDCKPAUYdsb6ktT4nZ958iKESGmPRyH2xUAst1XiPk%3D"}],"group":"cf-nel","max_age":604800}
NEL: {"success_fraction":0,"report_to":"cf-nel","max_age":604800}
Server: cloudflare
CF-RAY: 89bf2ecf5b489db5-DME
Content-Encoding: gzip
alt-svc: h3=":443"; ma=86400

{
    "success": true,
    "accessToken": "Bearer eyJhbGciOiJIUzI1NiIsInR5cCI6IkpXVCJ9.eyJpZCI6IjY2ODE3OTc4OWVkMjgwMDAxYjQ1OTYxYyIsImlhdCI6MTcxOTc2MTI3MiwiZXhwIjoxNzE5NzYyNDcyfQ.LDSDDgRszxs8kWuegS4_3biWwD0bLSNlCZyfUzrOBpY",
    "refreshToken": "fdfcfb5505fa828a60753365c86b5038e2f149f53f31f7e5b813e8eb9a2d9aebac6d82f949a5a861",
    "user": {
        "email": "gdyztibaqz@ya.ru",
        "name": "jQZCDcxpSr"
    }
}
HTTP/1.1 200 OK
Date: Sun, 30 Jun 2024 15:27:52 GMT
Content-Type: application/json; charset=utf-8
Transfer-Encoding: chunked
Connection: keep-alive
X-Powered-By: Express
Access-Control-Allow-Origin: *
ETag: W/"16d-0EAcHcLOqlhUZlHIUdyQ1zbTrpU"
CF-Cache-Status: DYNAMIC
Report-To: {"endpoints":[{"url":"https:\/\/a.nel.cloudflare.com\/report\/v4?s=KnQkIGT5kJdws%2FSIWMs76zOwHTKoA15E8tddaK6bIl68nMvifybHbL%2FTIeeCTmuz6U%2FC1rOAKJh8fL7bmTUDNPWoSxaG5FLVFrAmpRoShYCHqakGFVDCKPAUYdsb6ktT4nZ958iKESGmPRyH2xUAst1XiPk%3D"}],"group":"cf-nel","max_age":604800}
NEL: {"success_fraction":0,"report_to":"cf-nel","max_age":604800}
Server: cloudflare
CF-RAY: 89bf2ecf5b489db5-DME
Content-Encoding: gzip
alt-svc: h3=":443"; ma=86400

{
    "success": true,
    "accessToken": "Bearer eyJhbGciOiJIUzI1NiIsInR5cCI6IkpXVCJ9.eyJpZCI6IjY2ODE3OTc4OWVkMjgwMDAxYjQ1OTYxYyIsImlhdCI6MTcxOTc2MTI3MiwiZXhwIjoxNzE5NzYyNDcyfQ.LDSDDgRszxs8kWuegS4_3biWwD0bLSNlCZyfUzrOBpY",
    "refreshToken": "fdfcfb5505fa828a60753365c86b5038e2f149f53f31f7e5b813e8eb9a2d9aebac6d82f949a5a861",
    "user": {
        "email": "gdyztibaqz@ya.ru",
        "name": "jQZCDcxpSr"
    }
}
HTTP/1.1 200 OK
Date: Sun, 30 Jun 2024 15:27:52 GMT
Content-Type: application/json; charset=utf-8
Transfer-Encoding: chunked
Connection: keep-alive
X-Powered-By: Express
Access-Control-Allow-Origin: *
ETag: W/"16d-0EAcHcLOqlhUZlHIUdyQ1zbTrpU"
CF-Cache-Status: DYNAMIC
Report-To: {"endpoints":[{"url":"https:\/\/a.nel.cloudflare.com\/report\/v4?s=KnQkIGT5kJdws%2FSIWMs76zOwHTKoA15E8tddaK6bIl68nMvifybHbL%2FTIeeCTmuz6U%2FC1rOAKJh8fL7bmTUDNPWoSxaG5FLVFrAmpRoShYCHqakGFVDCKPAUYdsb6ktT4nZ958iKESGmPRyH2xUAst1XiPk%3D"}],"group":"cf-nel","max_age":604800}
NEL: {"success_fraction":0,"report_to":"cf-nel","max_age":604800}
Server: cloudflare
CF-RAY: 89bf2ecf5b489db5-DME
Content-Encoding: gzip
alt-svc: h3=":443"; ma=86400

{
    "success": true,
    "accessToken": "Bearer eyJhbGciOiJIUzI1NiIsInR5cCI6IkpXVCJ9.eyJpZCI6IjY2ODE3OTc4OWVkMjgwMDAxYjQ1OTYxYyIsImlhdCI6MTcxOTc2MTI3MiwiZXhwIjoxNzE5NzYyNDcyfQ.LDSDDgRszxs8kWuegS4_3biWwD0bLSNlCZyfUzrOBpY",
    "refreshToken": "fdfcfb5505fa828a60753365c86b5038e2f149f53f31f7e5b813e8eb9a2d9aebac6d82f949a5a861",
    "user": {
        "email": "gdyztibaqz@ya.ru",
        "name": "jQZCDcxpSr"
    }
}
HTTP/1.1 200 OK
Date: Sun, 30 Jun 2024 15:27:52 GMT
Content-Type: application/json; charset=utf-8
Transfer-Encoding: chunked
Connection: keep-alive
X-Powered-By: Express
Access-Control-Allow-Origin: *
ETag: W/"16d-0EAcHcLOqlhUZlHIUdyQ1zbTrpU"
CF-Cache-Status: DYNAMIC
Report-To: {"endpoints":[{"url":"https:\/\/a.nel.cloudflare.com\/report\/v4?s=KnQkIGT5kJdws%2FSIWMs76zOwHTKoA15E8tddaK6bIl68nMvifybHbL%2FTIeeCTmuz6U%2FC1rOAKJh8fL7bmTUDNPWoSxaG5FLVFrAmpRoShYCHqakGFVDCKPAUYdsb6ktT4nZ958iKESGmPRyH2xUAst1XiPk%3D"}],"group":"cf-nel","max_age":604800}
NEL: {"success_fraction":0,"report_to":"cf-nel","max_age":604800}
Server: cloudflare
CF-RAY: 89bf2ecf5b489db5-DME
Content-Encoding: gzip
alt-svc: h3=":443"; ma=86400

{
    "success": true,
    "accessToken": "Bearer eyJhbGciOiJIUzI1NiIsInR5cCI6IkpXVCJ9.eyJpZCI6IjY2ODE3OTc4OWVkMjgwMDAxYjQ1OTYxYyIsImlhdCI6MTcxOTc2MTI3MiwiZXhwIjoxNzE5NzYyNDcyfQ.LDSDDgRszxs8kWuegS4_3biWwD0bLSNlCZyfUzrOBpY",
    "refreshToken": "fdfcfb5505fa828a60753365c86b5038e2f149f53f31f7e5b813e8eb9a2d9aebac6d82f949a5a861",
    "user": {
        "email": "gdyztibaqz@ya.ru",
        "name": "jQZCDcxpSr"
    }
}
HTTP/1.1 200 OK
Date: Sun, 30 Jun 2024 15:27:52 GMT
Content-Type: application/json; charset=utf-8
Transfer-Encoding: chunked
Connection: keep-alive
X-Powered-By: Express
Access-Control-Allow-Origin: *
ETag: W/"16d-0EAcHcLOqlhUZlHIUdyQ1zbTrpU"
CF-Cache-Status: DYNAMIC
Report-To: {"endpoints":[{"url":"https:\/\/a.nel.cloudflare.com\/report\/v4?s=KnQkIGT5kJdws%2FSIWMs76zOwHTKoA15E8tddaK6bIl68nMvifybHbL%2FTIeeCTmuz6U%2FC1rOAKJh8fL7bmTUDNPWoSxaG5FLVFrAmpRoShYCHqakGFVDCKPAUYdsb6ktT4nZ958iKESGmPRyH2xUAst1XiPk%3D"}],"group":"cf-nel","max_age":604800}
NEL: {"success_fraction":0,"report_to":"cf-nel","max_age":604800}
Server: cloudflare
CF-RAY: 89bf2ecf5b489db5-DME
Content-Encoding: gzip
alt-svc: h3=":443"; ma=86400

{
    "success": true,
    "accessToken": "Bearer eyJhbGciOiJIUzI1NiIsInR5cCI6IkpXVCJ9.eyJpZCI6IjY2ODE3OTc4OWVkMjgwMDAxYjQ1OTYxYyIsImlhdCI6MTcxOTc2MTI3MiwiZXhwIjoxNzE5NzYyNDcyfQ.LDSDDgRszxs8kWuegS4_3biWwD0bLSNlCZyfUzrOBpY",
    "refreshToken": "fdfcfb5505fa828a60753365c86b5038e2f149f53f31f7e5b813e8eb9a2d9aebac6d82f949a5a861",
    "user": {
        "email": "gdyztibaqz@ya.ru",
        "name": "jQZCDcxpSr"
    }
}
HTTP/1.1 200 OK
Date: Sun, 30 Jun 2024 15:27:52 GMT
Content-Type: application/json; charset=utf-8
Transfer-Encoding: chunked
Connection: keep-alive
X-Powered-By: Express
Access-Control-Allow-Origin: *
ETag: W/"16d-0EAcHcLOqlhUZlHIUdyQ1zbTrpU"
CF-Cache-Status: DYNAMIC
Report-To: {"endpoints":[{"url":"https:\/\/a.nel.cloudflare.com\/report\/v4?s=KnQkIGT5kJdws%2FSIWMs76zOwHTKoA15E8tddaK6bIl68nMvifybHbL%2FTIeeCTmuz6U%2FC1rOAKJh8fL7bmTUDNPWoSxaG5FLVFrAmpRoShYCHqakGFVDCKPAUYdsb6ktT4nZ958iKESGmPRyH2xUAst1XiPk%3D"}],"group":"cf-nel","max_age":604800}
NEL: {"success_fraction":0,"report_to":"cf-nel","max_age":604800}
Server: cloudflare
CF-RAY: 89bf2ecf5b489db5-DME
Content-Encoding: gzip
alt-svc: h3=":443"; ma=86400

{
    "success": true,
    "accessToken": "Bearer eyJhbGciOiJIUzI1NiIsInR5cCI6IkpXVCJ9.eyJpZCI6IjY2ODE3OTc4OWVkMjgwMDAxYjQ1OTYxYyIsImlhdCI6MTcxOTc2MTI3MiwiZXhwIjoxNzE5NzYyNDcyfQ.LDSDDgRszxs8kWuegS4_3biWwD0bLSNlCZyfUzrOBpY",
    "refreshToken": "fdfcfb5505fa828a60753365c86b5038e2f149f53f31f7e5b813e8eb9a2d9aebac6d82f949a5a861",
    "user": {
        "email": "gdyztibaqz@ya.ru",
        "name": "jQZCDcxpSr"
    }
}
HTTP/1.1 200 OK
Date: Sun, 30 Jun 2024 15:27:52 GMT
Content-Type: application/json; charset=utf-8
Transfer-Encoding: chunked
Connection: keep-alive
X-Powered-By: Express
Access-Control-Allow-Origin: *
ETag: W/"16d-0EAcHcLOqlhUZlHIUdyQ1zbTrpU"
CF-Cache-Status: DYNAMIC
Report-To: {"endpoints":[{"url":"https:\/\/a.nel.cloudflare.com\/report\/v4?s=KnQkIGT5kJdws%2FSIWMs76zOwHTKoA15E8tddaK6bIl68nMvifybHbL%2FTIeeCTmuz6U%2FC1rOAKJh8fL7bmTUDNPWoSxaG5FLVFrAmpRoShYCHqakGFVDCKPAUYdsb6ktT4nZ958iKESGmPRyH2xUAst1XiPk%3D"}],"group":"cf-nel","max_age":604800}
NEL: {"success_fraction":0,"report_to":"cf-nel","max_age":604800}
Server: cloudflare
CF-RAY: 89bf2ecf5b489db5-DME
Content-Encoding: gzip
alt-svc: h3=":443"; ma=86400

{
    "success": true,
    "accessToken": "Bearer eyJhbGciOiJIUzI1NiIsInR5cCI6IkpXVCJ9.eyJpZCI6IjY2ODE3OTc4OWVkMjgwMDAxYjQ1OTYxYyIsImlhdCI6MTcxOTc2MTI3MiwiZXhwIjoxNzE5NzYyNDcyfQ.LDSDDgRszxs8kWuegS4_3biWwD0bLSNlCZyfUzrOBpY",
    "refreshToken": "fdfcfb5505fa828a60753365c86b5038e2f149f53f31f7e5b813e8eb9a2d9aebac6d82f949a5a861",
    "user": {
        "email": "gdyztibaqz@ya.ru",
        "name": "jQZCDcxpSr"
    }
}
HTTP/1.1 200 OK
Date: Sun, 30 Jun 2024 15:27:52 GMT
Content-Type: application/json; charset=utf-8
Transfer-Encoding: chunked
Connection: keep-alive
X-Powered-By: Express
Access-Control-Allow-Origin: *
ETag: W/"16d-0EAcHcLOqlhUZlHIUdyQ1zbTrpU"
CF-Cache-Status: DYNAMIC
Report-To: {"endpoints":[{"url":"https:\/\/a.nel.cloudflare.com\/report\/v4?s=KnQkIGT5kJdws%2FSIWMs76zOwHTKoA15E8tddaK6bIl68nMvifybHbL%2FTIeeCTmuz6U%2FC1rOAKJh8fL7bmTUDNPWoSxaG5FLVFrAmpRoShYCHqakGFVDCKPAUYdsb6ktT4nZ958iKESGmPRyH2xUAst1XiPk%3D"}],"group":"cf-nel","max_age":604800}
NEL: {"success_fraction":0,"report_to":"cf-nel","max_age":604800}
Server: cloudflare
CF-RAY: 89bf2ecf5b489db5-DME
Content-Encoding: gzip
alt-svc: h3=":443"; ma=86400

{
    "success": true,
    "accessToken": "Bearer eyJhbGciOiJIUzI1NiIsInR5cCI6IkpXVCJ9.eyJpZCI6IjY2ODE3OTc4OWVkMjgwMDAxYjQ1OTYxYyIsImlhdCI6MTcxOTc2MTI3MiwiZXhwIjoxNzE5NzYyNDcyfQ.LDSDDgRszxs8kWuegS4_3biWwD0bLSNlCZyfUzrOBpY",
    "refreshToken": "fdfcfb5505fa828a60753365c86b5038e2f149f53f31f7e5b813e8eb9a2d9aebac6d82f949a5a861",
    "user": {
        "email": "gdyztibaqz@ya.ru",
        "name": "jQZCDcxpSr"
    }
}
HTTP/1.1 200 OK
Date: Sun, 30 Jun 2024 15:27:52 GMT
Content-Type: application/json; charset=utf-8
Transfer-Encoding: chunked
Connection: keep-alive
X-Powered-By: Express
Access-Control-Allow-Origin: *
ETag: W/"16d-0EAcHcLOqlhUZlHIUdyQ1zbTrpU"
CF-Cache-Status: DYNAMIC
Report-To: {"endpoints":[{"url":"https:\/\/a.nel.cloudflare.com\/report\/v4?s=KnQkIGT5kJdws%2FSIWMs76zOwHTKoA15E8tddaK6bIl68nMvifybHbL%2FTIeeCTmuz6U%2FC1rOAKJh8fL7bmTUDNPWoSxaG5FLVFrAmpRoShYCHqakGFVDCKPAUYdsb6ktT4nZ958iKESGmPRyH2xUAst1XiPk%3D"}],"group":"cf-nel","max_age":604800}
NEL: {"success_fraction":0,"report_to":"cf-nel","max_age":604800}
Server: cloudflare
CF-RAY: 89bf2ecf5b489db5-DME
Content-Encoding: gzip
alt-svc: h3=":443"; ma=86400

{
    "success": true,
    "accessToken": "Bearer eyJhbGciOiJIUzI1NiIsInR5cCI6IkpXVCJ9.eyJpZCI6IjY2ODE3OTc4OWVkMjgwMDAxYjQ1OTYxYyIsImlhdCI6MTcxOTc2MTI3MiwiZXhwIjoxNzE5NzYyNDcyfQ.LDSDDgRszxs8kWuegS4_3biWwD0bLSNlCZyfUzrOBpY",
    "refreshToken": "fdfcfb5505fa828a60753365c86b5038e2f149f53f31f7e5b813e8eb9a2d9aebac6d82f949a5a861",
    "user": {
        "email": "gdyztibaqz@ya.ru",
        "name": "jQZCDcxpSr"
    }
}
HTTP/1.1 200 OK
Date: Sun, 30 Jun 2024 15:27:52 GMT
Content-Type: application/json; charset=utf-8
Transfer-Encoding: chunked
Connection: keep-alive
X-Powered-By: Express
Access-Control-Allow-Origin: *
ETag: W/"16d-0EAcHcLOqlhUZlHIUdyQ1zbTrpU"
CF-Cache-Status: DYNAMIC
Report-To: {"endpoints":[{"url":"https:\/\/a.nel.cloudflare.com\/report\/v4?s=KnQkIGT5kJdws%2FSIWMs76zOwHTKoA15E8tddaK6bIl68nMvifybHbL%2FTIeeCTmuz6U%2FC1rOAKJh8fL7bmTUDNPWoSxaG5FLVFrAmpRoShYCHqakGFVDCKPAUYdsb6ktT4nZ958iKESGmPRyH2xUAst1XiPk%3D"}],"group":"cf-nel","max_age":604800}
NEL: {"success_fraction":0,"report_to":"cf-nel","max_age":604800}
Server: cloudflare
CF-RAY: 89bf2ecf5b489db5-DME
Content-Encoding: gzip
alt-svc: h3=":443"; ma=86400

{
    "success": true,
    "accessToken": "Bearer eyJhbGciOiJIUzI1NiIsInR5cCI6IkpXVCJ9.eyJpZCI6IjY2ODE3OTc4OWVkMjgwMDAxYjQ1OTYxYyIsImlhdCI6MTcxOTc2MTI3MiwiZXhwIjoxNzE5NzYyNDcyfQ.LDSDDgRszxs8kWuegS4_3biWwD0bLSNlCZyfUzrOBpY",
    "refreshToken": "fdfcfb5505fa828a60753365c86b5038e2f149f53f31f7e5b813e8eb9a2d9aebac6d82f949a5a861",
    "user": {
        "email": "gdyztibaqz@ya.ru",
        "name": "jQZCDcxpSr"
    }
}
HTTP/1.1 200 OK
Date: Sun, 30 Jun 2024 15:27:52 GMT
Content-Type: application/json; charset=utf-8
Transfer-Encoding: chunked
Connection: keep-alive
X-Powered-By: Express
Access-Control-Allow-Origin: *
ETag: W/"16d-0EAcHcLOqlhUZlHIUdyQ1zbTrpU"
CF-Cache-Status: DYNAMIC
Report-To: {"endpoints":[{"url":"https:\/\/a.nel.cloudflare.com\/report\/v4?s=KnQkIGT5kJdws%2FSIWMs76zOwHTKoA15E8tddaK6bIl68nMvifybHbL%2FTIeeCTmuz6U%2FC1rOAKJh8fL7bmTUDNPWoSxaG5FLVFrAmpRoShYCHqakGFVDCKPAUYdsb6ktT4nZ958iKESGmPRyH2xUAst1XiPk%3D"}],"group":"cf-nel","max_age":604800}
NEL: {"success_fraction":0,"report_to":"cf-nel","max_age":604800}
Server: cloudflare
CF-RAY: 89bf2ecf5b489db5-DME
Content-Encoding: gzip
alt-svc: h3=":443"; ma=86400

{
    "success": true,
    "accessToken": "Bearer eyJhbGciOiJIUzI1NiIsInR5cCI6IkpXVCJ9.eyJpZCI6IjY2ODE3OTc4OWVkMjgwMDAxYjQ1OTYxYyIsImlhdCI6MTcxOTc2MTI3MiwiZXhwIjoxNzE5NzYyNDcyfQ.LDSDDgRszxs8kWuegS4_3biWwD0bLSNlCZyfUzrOBpY",
    "refreshToken": "fdfcfb5505fa828a60753365c86b5038e2f149f53f31f7e5b813e8eb9a2d9aebac6d82f949a5a861",
    "user": {
        "email": "gdyztibaqz@ya.ru",
        "name": "jQZCDcxpSr"
    }
}
Request method:	PATCH
Request URI:	https://stellarburgers.nomoreparties.site/api/auth/user
Proxy:			<none>
Request params:	<none>
Query params:	<none>
Form params:	<none>
Path params:	<none>
Headers:		Accept=*/*
				Content-Type=application/json
Cookies:		<none>
Multiparts:		<none>
Body:
{
    "email": "gdyztIBaQz@ya.ru",
    "password": "CgfgxVdiVG",
    "name": "newjQZCDcxpSr"
}
Request method:	PATCH
Request URI:	https://stellarburgers.nomoreparties.site/api/auth/user
Proxy:			<none>
Request params:	<none>
Query params:	<none>
Form params:	<none>
Path params:	<none>
Headers:		Accept=*/*
				Content-Type=application/json
Cookies:		<none>
Multiparts:		<none>
Body:
{
    "email": "gdyztIBaQz@ya.ru",
    "password": "CgfgxVdiVG",
    "name": "newjQZCDcxpSr"
}
Request method:	PATCH
Request URI:	https://stellarburgers.nomoreparties.site/api/auth/user
Proxy:			<none>
Request params:	<none>
Query params:	<none>
Form params:	<none>
Path params:	<none>
Headers:		Accept=*/*
				Content-Type=application/json
Cookies:		<none>
Multiparts:		<none>
Body:
{
    "email": "gdyztIBaQz@ya.ru",
    "password": "CgfgxVdiVG",
    "name": "newjQZCDcxpSr"
}
Request method:	PATCH
Request URI:	https://stellarburgers.nomoreparties.site/api/auth/user
Proxy:			<none>
Request params:	<none>
Query params:	<none>
Form params:	<none>
Path params:	<none>
Headers:		Accept=*/*
				Content-Type=application/json
Cookies:		<none>
Multiparts:		<none>
Body:
{
    "email": "gdyztIBaQz@ya.ru",
    "password": "CgfgxVdiVG",
    "name": "newjQZCDcxpSr"
}
Request method:	PATCH
Request URI:	https://stellarburgers.nomoreparties.site/api/auth/user
Proxy:			<none>
Request params:	<none>
Query params:	<none>
Form params:	<none>
Path params:	<none>
Headers:		Accept=*/*
				Content-Type=application/json
Cookies:		<none>
Multiparts:		<none>
Body:
{
    "email": "gdyztIBaQz@ya.ru",
    "password": "CgfgxVdiVG",
    "name": "newjQZCDcxpSr"
}
Request method:	PATCH
Request URI:	https://stellarburgers.nomoreparties.site/api/auth/user
Proxy:			<none>
Request params:	<none>
Query params:	<none>
Form params:	<none>
Path params:	<none>
Headers:		Accept=*/*
				Content-Type=application/json
Cookies:		<none>
Multiparts:		<none>
Body:
{
    "email": "gdyztIBaQz@ya.ru",
    "password": "CgfgxVdiVG",
    "name": "newjQZCDcxpSr"
}
Request method:	PATCH
Request URI:	https://stellarburgers.nomoreparties.site/api/auth/user
Proxy:			<none>
Request params:	<none>
Query params:	<none>
Form params:	<none>
Path params:	<none>
Headers:		Accept=*/*
				Content-Type=application/json
Cookies:		<none>
Multiparts:		<none>
Body:
{
    "email": "gdyztIBaQz@ya.ru",
    "password": "CgfgxVdiVG",
    "name": "newjQZCDcxpSr"
}
Request method:	PATCH
Request URI:	https://stellarburgers.nomoreparties.site/api/auth/user
Proxy:			<none>
Request params:	<none>
Query params:	<none>
Form params:	<none>
Path params:	<none>
Headers:		Accept=*/*
				Content-Type=application/json
Cookies:		<none>
Multiparts:		<none>
Body:
{
    "email": "gdyztIBaQz@ya.ru",
    "password": "CgfgxVdiVG",
    "name": "newjQZCDcxpSr"
}
Request method:	PATCH
Request URI:	https://stellarburgers.nomoreparties.site/api/auth/user
Proxy:			<none>
Request params:	<none>
Query params:	<none>
Form params:	<none>
Path params:	<none>
Headers:		Accept=*/*
				Content-Type=application/json
Cookies:		<none>
Multiparts:		<none>
Body:
{
    "email": "gdyztIBaQz@ya.ru",
    "password": "CgfgxVdiVG",
    "name": "newjQZCDcxpSr"
}
Request method:	PATCH
Request URI:	https://stellarburgers.nomoreparties.site/api/auth/user
Proxy:			<none>
Request params:	<none>
Query params:	<none>
Form params:	<none>
Path params:	<none>
Headers:		Accept=*/*
				Content-Type=application/json
Cookies:		<none>
Multiparts:		<none>
Body:
{
    "email": "gdyztIBaQz@ya.ru",
    "password": "CgfgxVdiVG",
    "name": "newjQZCDcxpSr"
}
Request method:	PATCH
Request URI:	https://stellarburgers.nomoreparties.site/api/auth/user
Proxy:			<none>
Request params:	<none>
Query params:	<none>
Form params:	<none>
Path params:	<none>
Headers:		Accept=*/*
				Content-Type=application/json
Cookies:		<none>
Multiparts:		<none>
Body:
{
    "email": "gdyztIBaQz@ya.ru",
    "password": "CgfgxVdiVG",
    "name": "newjQZCDcxpSr"
}
Request method:	PATCH
Request URI:	https://stellarburgers.nomoreparties.site/api/auth/user
Proxy:			<none>
Request params:	<none>
Query params:	<none>
Form params:	<none>
Path params:	<none>
Headers:		Accept=*/*
				Content-Type=application/json
Cookies:		<none>
Multiparts:		<none>
Body:
{
    "email": "gdyztIBaQz@ya.ru",
    "password": "CgfgxVdiVG",
    "name": "newjQZCDcxpSr"
}
Request method:	PATCH
Request URI:	https://stellarburgers.nomoreparties.site/api/auth/user
Proxy:			<none>
Request params:	<none>
Query params:	<none>
Form params:	<none>
Path params:	<none>
Headers:		Accept=*/*
				Content-Type=application/json
Cookies:		<none>
Multiparts:		<none>
Body:
{
    "email": "gdyztIBaQz@ya.ru",
    "password": "CgfgxVdiVG",
    "name": "newjQZCDcxpSr"
}
Request method:	PATCH
Request URI:	https://stellarburgers.nomoreparties.site/api/auth/user
Proxy:			<none>
Request params:	<none>
Query params:	<none>
Form params:	<none>
Path params:	<none>
Headers:		Accept=*/*
				Content-Type=application/json
Cookies:		<none>
Multiparts:		<none>
Body:
{
    "email": "gdyztIBaQz@ya.ru",
    "password": "CgfgxVdiVG",
    "name": "newjQZCDcxpSr"
}
Request method:	PATCH
Request URI:	https://stellarburgers.nomoreparties.site/api/auth/user
Proxy:			<none>
Request params:	<none>
Query params:	<none>
Form params:	<none>
Path params:	<none>
Headers:		Accept=*/*
				Content-Type=application/json
Cookies:		<none>
Multiparts:		<none>
Body:
{
    "email": "gdyztIBaQz@ya.ru",
    "password": "CgfgxVdiVG",
    "name": "newjQZCDcxpSr"
}
Request method:	PATCH
Request URI:	https://stellarburgers.nomoreparties.site/api/auth/user
Proxy:			<none>
Request params:	<none>
Query params:	<none>
Form params:	<none>
Path params:	<none>
Headers:		Accept=*/*
				Content-Type=application/json
Cookies:		<none>
Multiparts:		<none>
Body:
{
    "email": "gdyztIBaQz@ya.ru",
    "password": "CgfgxVdiVG",
    "name": "newjQZCDcxpSr"
}
Request method:	PATCH
Request URI:	https://stellarburgers.nomoreparties.site/api/auth/user
Proxy:			<none>
Request params:	<none>
Query params:	<none>
Form params:	<none>
Path params:	<none>
Headers:		Accept=*/*
				Content-Type=application/json
Cookies:		<none>
Multiparts:		<none>
Body:
{
    "email": "gdyztIBaQz@ya.ru",
    "password": "CgfgxVdiVG",
    "name": "newjQZCDcxpSr"
}
Request method:	PATCH
Request URI:	https://stellarburgers.nomoreparties.site/api/auth/user
Proxy:			<none>
Request params:	<none>
Query params:	<none>
Form params:	<none>
Path params:	<none>
Headers:		Accept=*/*
				Content-Type=application/json
Cookies:		<none>
Multiparts:		<none>
Body:
{
    "email": "gdyztIBaQz@ya.ru",
    "password": "CgfgxVdiVG",
    "name": "newjQZCDcxpSr"
}
Request method:	PATCH
Request URI:	https://stellarburgers.nomoreparties.site/api/auth/user
Proxy:			<none>
Request params:	<none>
Query params:	<none>
Form params:	<none>
Path params:	<none>
Headers:		Accept=*/*
				Content-Type=application/json
Cookies:		<none>
Multiparts:		<none>
Body:
{
    "email": "gdyztIBaQz@ya.ru",
    "password": "CgfgxVdiVG",
    "name": "newjQZCDcxpSr"
}
Request method:	PATCH
Request URI:	https://stellarburgers.nomoreparties.site/api/auth/user
Proxy:			<none>
Request params:	<none>
Query params:	<none>
Form params:	<none>
Path params:	<none>
Headers:		Accept=*/*
				Content-Type=application/json
Cookies:		<none>
Multiparts:		<none>
Body:
{
    "email": "gdyztIBaQz@ya.ru",
    "password": "CgfgxVdiVG",
    "name": "newjQZCDcxpSr"
}
Request method:	PATCH
Request URI:	https://stellarburgers.nomoreparties.site/api/auth/user
Proxy:			<none>
Request params:	<none>
Query params:	<none>
Form params:	<none>
Path params:	<none>
Headers:		Accept=*/*
				Content-Type=application/json
Cookies:		<none>
Multiparts:		<none>
Body:
{
    "email": "gdyztIBaQz@ya.ru",
    "password": "CgfgxVdiVG",
    "name": "newjQZCDcxpSr"
}
Request method:	PATCH
Request URI:	https://stellarburgers.nomoreparties.site/api/auth/user
Proxy:			<none>
Request params:	<none>
Query params:	<none>
Form params:	<none>
Path params:	<none>
Headers:		Accept=*/*
				Content-Type=application/json
Cookies:		<none>
Multiparts:		<none>
Body:
{
    "email": "gdyztIBaQz@ya.ru",
    "password": "CgfgxVdiVG",
    "name": "newjQZCDcxpSr"
}
Request method:	PATCH
Request URI:	https://stellarburgers.nomoreparties.site/api/auth/user
Proxy:			<none>
Request params:	<none>
Query params:	<none>
Form params:	<none>
Path params:	<none>
Headers:		Accept=*/*
				Content-Type=application/json
Cookies:		<none>
Multiparts:		<none>
Body:
{
    "email": "gdyztIBaQz@ya.ru",
    "password": "CgfgxVdiVG",
    "name": "newjQZCDcxpSr"
}
Request method:	PATCH
Request URI:	https://stellarburgers.nomoreparties.site/api/auth/user
Proxy:			<none>
Request params:	<none>
Query params:	<none>
Form params:	<none>
Path params:	<none>
Headers:		Accept=*/*
				Content-Type=application/json
Cookies:		<none>
Multiparts:		<none>
Body:
{
    "email": "gdyztIBaQz@ya.ru",
    "password": "CgfgxVdiVG",
    "name": "newjQZCDcxpSr"
}
Request method:	PATCH
Request URI:	https://stellarburgers.nomoreparties.site/api/auth/user
Proxy:			<none>
Request params:	<none>
Query params:	<none>
Form params:	<none>
Path params:	<none>
Headers:		Accept=*/*
				Content-Type=application/json
Cookies:		<none>
Multiparts:		<none>
Body:
{
    "email": "gdyztIBaQz@ya.ru",
    "password": "CgfgxVdiVG",
    "name": "newjQZCDcxpSr"
}
Request method:	PATCH
Request URI:	https://stellarburgers.nomoreparties.site/api/auth/user
Proxy:			<none>
Request params:	<none>
Query params:	<none>
Form params:	<none>
Path params:	<none>
Headers:		Accept=*/*
				Content-Type=application/json
Cookies:		<none>
Multiparts:		<none>
Body:
{
    "email": "gdyztIBaQz@ya.ru",
    "password": "CgfgxVdiVG",
    "name": "newjQZCDcxpSr"
}
Request method:	PATCH
Request URI:	https://stellarburgers.nomoreparties.site/api/auth/user
Proxy:			<none>
Request params:	<none>
Query params:	<none>
Form params:	<none>
Path params:	<none>
Headers:		Accept=*/*
				Content-Type=application/json
Cookies:		<none>
Multiparts:		<none>
Body:
{
    "email": "gdyztIBaQz@ya.ru",
    "password": "CgfgxVdiVG",
    "name": "newjQZCDcxpSr"
}
Request method:	PATCH
Request URI:	https://stellarburgers.nomoreparties.site/api/auth/user
Proxy:			<none>
Request params:	<none>
Query params:	<none>
Form params:	<none>
Path params:	<none>
Headers:		Accept=*/*
				Content-Type=application/json
Cookies:		<none>
Multiparts:		<none>
Body:
{
    "email": "gdyztIBaQz@ya.ru",
    "password": "CgfgxVdiVG",
    "name": "newjQZCDcxpSr"
}
Request method:	PATCH
Request URI:	https://stellarburgers.nomoreparties.site/api/auth/user
Proxy:			<none>
Request params:	<none>
Query params:	<none>
Form params:	<none>
Path params:	<none>
Headers:		Accept=*/*
				Content-Type=application/json
Cookies:		<none>
Multiparts:		<none>
Body:
{
    "email": "gdyztIBaQz@ya.ru",
    "password": "CgfgxVdiVG",
    "name": "newjQZCDcxpSr"
}
Request method:	PATCH
Request URI:	https://stellarburgers.nomoreparties.site/api/auth/user
Proxy:			<none>
Request params:	<none>
Query params:	<none>
Form params:	<none>
Path params:	<none>
Headers:		Accept=*/*
				Content-Type=application/json
Cookies:		<none>
Multiparts:		<none>
Body:
{
    "email": "gdyztIBaQz@ya.ru",
    "password": "CgfgxVdiVG",
    "name": "newjQZCDcxpSr"
}
Request method:	PATCH
Request URI:	https://stellarburgers.nomoreparties.site/api/auth/user
Proxy:			<none>
Request params:	<none>
Query params:	<none>
Form params:	<none>
Path params:	<none>
Headers:		Accept=*/*
				Content-Type=application/json
Cookies:		<none>
Multiparts:		<none>
Body:
{
    "email": "gdyztIBaQz@ya.ru",
    "password": "CgfgxVdiVG",
    "name": "newjQZCDcxpSr"
}
Request method:	PATCH
Request URI:	https://stellarburgers.nomoreparties.site/api/auth/user
Proxy:			<none>
Request params:	<none>
Query params:	<none>
Form params:	<none>
Path params:	<none>
Headers:		Accept=*/*
				Content-Type=application/json
Cookies:		<none>
Multiparts:		<none>
Body:
{
    "email": "gdyztIBaQz@ya.ru",
    "password": "CgfgxVdiVG",
    "name": "newjQZCDcxpSr"
}
Request method:	PATCH
Request URI:	https://stellarburgers.nomoreparties.site/api/auth/user
Proxy:			<none>
Request params:	<none>
Query params:	<none>
Form params:	<none>
Path params:	<none>
Headers:		Accept=*/*
				Content-Type=application/json
Cookies:		<none>
Multiparts:		<none>
Body:
{
    "email": "gdyztIBaQz@ya.ru",
    "password": "CgfgxVdiVG",
    "name": "newjQZCDcxpSr"
}
HTTP/1.1 401 Unauthorized
Date: Sun, 30 Jun 2024 15:27:52 GMT
Content-Type: application/json; charset=utf-8
Content-Length: 54
Connection: keep-alive
X-Powered-By: Express
Access-Control-Allow-Origin: *
ETag: W/"36-9ndkQYJpZ8s0sMN790Nuh0MLq/U"
CF-Cache-Status: DYNAMIC
Report-To: {"endpoints":[{"url":"https:\/\/a.nel.cloudflare.com\/report\/v4?s=Bs8eCboA8UXcxBd4TchvRIXQiyvutLSyxbBS0d5RtDriGgUVlDZA5XFnqQze20T7OL9vHnuggc7MgNmWEUhBGoJ63MVkLQH0MyAxmapBpQT56Krg9CAxFjS36De%2BDezMMMb31qvPeDOyOu9NHNZaj6XDkIY%3D"}],"group":"cf-nel","max_age":604800}
NEL: {"success_fraction":0,"report_to":"cf-nel","max_age":604800}
Server: cloudflare
CF-RAY: 89bf2ed088de75ab-DME
alt-svc: h3=":443"; ma=86400

{
    "success": false,
    "message": "You should be authorised"
}
HTTP/1.1 401 Unauthorized
Date: Sun, 30 Jun 2024 15:27:52 GMT
Content-Type: application/json; charset=utf-8
Content-Length: 54
Connection: keep-alive
X-Powered-By: Express
Access-Control-Allow-Origin: *
ETag: W/"36-9ndkQYJpZ8s0sMN790Nuh0MLq/U"
CF-Cache-Status: DYNAMIC
Report-To: {"endpoints":[{"url":"https:\/\/a.nel.cloudflare.com\/report\/v4?s=Bs8eCboA8UXcxBd4TchvRIXQiyvutLSyxbBS0d5RtDriGgUVlDZA5XFnqQze20T7OL9vHnuggc7MgNmWEUhBGoJ63MVkLQH0MyAxmapBpQT56Krg9CAxFjS36De%2BDezMMMb31qvPeDOyOu9NHNZaj6XDkIY%3D"}],"group":"cf-nel","max_age":604800}
NEL: {"success_fraction":0,"report_to":"cf-nel","max_age":604800}
Server: cloudflare
CF-RAY: 89bf2ed088de75ab-DME
alt-svc: h3=":443"; ma=86400

{
    "success": false,
    "message": "You should be authorised"
}
HTTP/1.1 401 Unauthorized
Date: Sun, 30 Jun 2024 15:27:52 GMT
Content-Type: application/json; charset=utf-8
Content-Length: 54
Connection: keep-alive
X-Powered-By: Express
Access-Control-Allow-Origin: *
ETag: W/"36-9ndkQYJpZ8s0sMN790Nuh0MLq/U"
CF-Cache-Status: DYNAMIC
Report-To: {"endpoints":[{"url":"https:\/\/a.nel.cloudflare.com\/report\/v4?s=Bs8eCboA8UXcxBd4TchvRIXQiyvutLSyxbBS0d5RtDriGgUVlDZA5XFnqQze20T7OL9vHnuggc7MgNmWEUhBGoJ63MVkLQH0MyAxmapBpQT56Krg9CAxFjS36De%2BDezMMMb31qvPeDOyOu9NHNZaj6XDkIY%3D"}],"group":"cf-nel","max_age":604800}
NEL: {"success_fraction":0,"report_to":"cf-nel","max_age":604800}
Server: cloudflare
CF-RAY: 89bf2ed088de75ab-DME
alt-svc: h3=":443"; ma=86400

{
    "success": false,
    "message": "You should be authorised"
}
HTTP/1.1 401 Unauthorized
Date: Sun, 30 Jun 2024 15:27:52 GMT
Content-Type: application/json; charset=utf-8
Content-Length: 54
Connection: keep-alive
X-Powered-By: Express
Access-Control-Allow-Origin: *
ETag: W/"36-9ndkQYJpZ8s0sMN790Nuh0MLq/U"
CF-Cache-Status: DYNAMIC
Report-To: {"endpoints":[{"url":"https:\/\/a.nel.cloudflare.com\/report\/v4?s=Bs8eCboA8UXcxBd4TchvRIXQiyvutLSyxbBS0d5RtDriGgUVlDZA5XFnqQze20T7OL9vHnuggc7MgNmWEUhBGoJ63MVkLQH0MyAxmapBpQT56Krg9CAxFjS36De%2BDezMMMb31qvPeDOyOu9NHNZaj6XDkIY%3D"}],"group":"cf-nel","max_age":604800}
NEL: {"success_fraction":0,"report_to":"cf-nel","max_age":604800}
Server: cloudflare
CF-RAY: 89bf2ed088de75ab-DME
alt-svc: h3=":443"; ma=86400

{
    "success": false,
    "message": "You should be authorised"
}
HTTP/1.1 401 Unauthorized
Date: Sun, 30 Jun 2024 15:27:52 GMT
Content-Type: application/json; charset=utf-8
Content-Length: 54
Connection: keep-alive
X-Powered-By: Express
Access-Control-Allow-Origin: *
ETag: W/"36-9ndkQYJpZ8s0sMN790Nuh0MLq/U"
CF-Cache-Status: DYNAMIC
Report-To: {"endpoints":[{"url":"https:\/\/a.nel.cloudflare.com\/report\/v4?s=Bs8eCboA8UXcxBd4TchvRIXQiyvutLSyxbBS0d5RtDriGgUVlDZA5XFnqQze20T7OL9vHnuggc7MgNmWEUhBGoJ63MVkLQH0MyAxmapBpQT56Krg9CAxFjS36De%2BDezMMMb31qvPeDOyOu9NHNZaj6XDkIY%3D"}],"group":"cf-nel","max_age":604800}
NEL: {"success_fraction":0,"report_to":"cf-nel","max_age":604800}
Server: cloudflare
CF-RAY: 89bf2ed088de75ab-DME
alt-svc: h3=":443"; ma=86400

{
    "success": false,
    "message": "You should be authorised"
}
HTTP/1.1 401 Unauthorized
Date: Sun, 30 Jun 2024 15:27:52 GMT
Content-Type: application/json; charset=utf-8
Content-Length: 54
Connection: keep-alive
X-Powered-By: Express
Access-Control-Allow-Origin: *
ETag: W/"36-9ndkQYJpZ8s0sMN790Nuh0MLq/U"
CF-Cache-Status: DYNAMIC
Report-To: {"endpoints":[{"url":"https:\/\/a.nel.cloudflare.com\/report\/v4?s=Bs8eCboA8UXcxBd4TchvRIXQiyvutLSyxbBS0d5RtDriGgUVlDZA5XFnqQze20T7OL9vHnuggc7MgNmWEUhBGoJ63MVkLQH0MyAxmapBpQT56Krg9CAxFjS36De%2BDezMMMb31qvPeDOyOu9NHNZaj6XDkIY%3D"}],"group":"cf-nel","max_age":604800}
NEL: {"success_fraction":0,"report_to":"cf-nel","max_age":604800}
Server: cloudflare
CF-RAY: 89bf2ed088de75ab-DME
alt-svc: h3=":443"; ma=86400

{
    "success": false,
    "message": "You should be authorised"
}
HTTP/1.1 401 Unauthorized
Date: Sun, 30 Jun 2024 15:27:52 GMT
Content-Type: application/json; charset=utf-8
Content-Length: 54
Connection: keep-alive
X-Powered-By: Express
Access-Control-Allow-Origin: *
ETag: W/"36-9ndkQYJpZ8s0sMN790Nuh0MLq/U"
CF-Cache-Status: DYNAMIC
Report-To: {"endpoints":[{"url":"https:\/\/a.nel.cloudflare.com\/report\/v4?s=Bs8eCboA8UXcxBd4TchvRIXQiyvutLSyxbBS0d5RtDriGgUVlDZA5XFnqQze20T7OL9vHnuggc7MgNmWEUhBGoJ63MVkLQH0MyAxmapBpQT56Krg9CAxFjS36De%2BDezMMMb31qvPeDOyOu9NHNZaj6XDkIY%3D"}],"group":"cf-nel","max_age":604800}
NEL: {"success_fraction":0,"report_to":"cf-nel","max_age":604800}
Server: cloudflare
CF-RAY: 89bf2ed088de75ab-DME
alt-svc: h3=":443"; ma=86400

{
    "success": false,
    "message": "You should be authorised"
}
HTTP/1.1 401 Unauthorized
Date: Sun, 30 Jun 2024 15:27:52 GMT
Content-Type: application/json; charset=utf-8
Content-Length: 54
Connection: keep-alive
X-Powered-By: Express
Access-Control-Allow-Origin: *
ETag: W/"36-9ndkQYJpZ8s0sMN790Nuh0MLq/U"
CF-Cache-Status: DYNAMIC
Report-To: {"endpoints":[{"url":"https:\/\/a.nel.cloudflare.com\/report\/v4?s=Bs8eCboA8UXcxBd4TchvRIXQiyvutLSyxbBS0d5RtDriGgUVlDZA5XFnqQze20T7OL9vHnuggc7MgNmWEUhBGoJ63MVkLQH0MyAxmapBpQT56Krg9CAxFjS36De%2BDezMMMb31qvPeDOyOu9NHNZaj6XDkIY%3D"}],"group":"cf-nel","max_age":604800}
NEL: {"success_fraction":0,"report_to":"cf-nel","max_age":604800}
Server: cloudflare
CF-RAY: 89bf2ed088de75ab-DME
alt-svc: h3=":443"; ma=86400

{
    "success": false,
    "message": "You should be authorised"
}
HTTP/1.1 401 Unauthorized
Date: Sun, 30 Jun 2024 15:27:52 GMT
Content-Type: application/json; charset=utf-8
Content-Length: 54
Connection: keep-alive
X-Powered-By: Express
Access-Control-Allow-Origin: *
ETag: W/"36-9ndkQYJpZ8s0sMN790Nuh0MLq/U"
CF-Cache-Status: DYNAMIC
Report-To: {"endpoints":[{"url":"https:\/\/a.nel.cloudflare.com\/report\/v4?s=Bs8eCboA8UXcxBd4TchvRIXQiyvutLSyxbBS0d5RtDriGgUVlDZA5XFnqQze20T7OL9vHnuggc7MgNmWEUhBGoJ63MVkLQH0MyAxmapBpQT56Krg9CAxFjS36De%2BDezMMMb31qvPeDOyOu9NHNZaj6XDkIY%3D"}],"group":"cf-nel","max_age":604800}
NEL: {"success_fraction":0,"report_to":"cf-nel","max_age":604800}
Server: cloudflare
CF-RAY: 89bf2ed088de75ab-DME
alt-svc: h3=":443"; ma=86400

{
    "success": false,
    "message": "You should be authorised"
}
HTTP/1.1 401 Unauthorized
Date: Sun, 30 Jun 2024 15:27:52 GMT
Content-Type: application/json; charset=utf-8
Content-Length: 54
Connection: keep-alive
X-Powered-By: Express
Access-Control-Allow-Origin: *
ETag: W/"36-9ndkQYJpZ8s0sMN790Nuh0MLq/U"
CF-Cache-Status: DYNAMIC
Report-To: {"endpoints":[{"url":"https:\/\/a.nel.cloudflare.com\/report\/v4?s=Bs8eCboA8UXcxBd4TchvRIXQiyvutLSyxbBS0d5RtDriGgUVlDZA5XFnqQze20T7OL9vHnuggc7MgNmWEUhBGoJ63MVkLQH0MyAxmapBpQT56Krg9CAxFjS36De%2BDezMMMb31qvPeDOyOu9NHNZaj6XDkIY%3D"}],"group":"cf-nel","max_age":604800}
NEL: {"success_fraction":0,"report_to":"cf-nel","max_age":604800}
Server: cloudflare
CF-RAY: 89bf2ed088de75ab-DME
alt-svc: h3=":443"; ma=86400

{
    "success": false,
    "message": "You should be authorised"
}
HTTP/1.1 401 Unauthorized
Date: Sun, 30 Jun 2024 15:27:52 GMT
Content-Type: application/json; charset=utf-8
Content-Length: 54
Connection: keep-alive
X-Powered-By: Express
Access-Control-Allow-Origin: *
ETag: W/"36-9ndkQYJpZ8s0sMN790Nuh0MLq/U"
CF-Cache-Status: DYNAMIC
Report-To: {"endpoints":[{"url":"https:\/\/a.nel.cloudflare.com\/report\/v4?s=Bs8eCboA8UXcxBd4TchvRIXQiyvutLSyxbBS0d5RtDriGgUVlDZA5XFnqQze20T7OL9vHnuggc7MgNmWEUhBGoJ63MVkLQH0MyAxmapBpQT56Krg9CAxFjS36De%2BDezMMMb31qvPeDOyOu9NHNZaj6XDkIY%3D"}],"group":"cf-nel","max_age":604800}
NEL: {"success_fraction":0,"report_to":"cf-nel","max_age":604800}
Server: cloudflare
CF-RAY: 89bf2ed088de75ab-DME
alt-svc: h3=":443"; ma=86400

{
    "success": false,
    "message": "You should be authorised"
}
HTTP/1.1 401 Unauthorized
Date: Sun, 30 Jun 2024 15:27:52 GMT
Content-Type: application/json; charset=utf-8
Content-Length: 54
Connection: keep-alive
X-Powered-By: Express
Access-Control-Allow-Origin: *
ETag: W/"36-9ndkQYJpZ8s0sMN790Nuh0MLq/U"
CF-Cache-Status: DYNAMIC
Report-To: {"endpoints":[{"url":"https:\/\/a.nel.cloudflare.com\/report\/v4?s=Bs8eCboA8UXcxBd4TchvRIXQiyvutLSyxbBS0d5RtDriGgUVlDZA5XFnqQze20T7OL9vHnuggc7MgNmWEUhBGoJ63MVkLQH0MyAxmapBpQT56Krg9CAxFjS36De%2BDezMMMb31qvPeDOyOu9NHNZaj6XDkIY%3D"}],"group":"cf-nel","max_age":604800}
NEL: {"success_fraction":0,"report_to":"cf-nel","max_age":604800}
Server: cloudflare
CF-RAY: 89bf2ed088de75ab-DME
alt-svc: h3=":443"; ma=86400

{
    "success": false,
    "message": "You should be authorised"
}
HTTP/1.1 401 Unauthorized
Date: Sun, 30 Jun 2024 15:27:52 GMT
Content-Type: application/json; charset=utf-8
Content-Length: 54
Connection: keep-alive
X-Powered-By: Express
Access-Control-Allow-Origin: *
ETag: W/"36-9ndkQYJpZ8s0sMN790Nuh0MLq/U"
CF-Cache-Status: DYNAMIC
Report-To: {"endpoints":[{"url":"https:\/\/a.nel.cloudflare.com\/report\/v4?s=Bs8eCboA8UXcxBd4TchvRIXQiyvutLSyxbBS0d5RtDriGgUVlDZA5XFnqQze20T7OL9vHnuggc7MgNmWEUhBGoJ63MVkLQH0MyAxmapBpQT56Krg9CAxFjS36De%2BDezMMMb31qvPeDOyOu9NHNZaj6XDkIY%3D"}],"group":"cf-nel","max_age":604800}
NEL: {"success_fraction":0,"report_to":"cf-nel","max_age":604800}
Server: cloudflare
CF-RAY: 89bf2ed088de75ab-DME
alt-svc: h3=":443"; ma=86400

{
    "success": false,
    "message": "You should be authorised"
}
HTTP/1.1 401 Unauthorized
Date: Sun, 30 Jun 2024 15:27:52 GMT
Content-Type: application/json; charset=utf-8
Content-Length: 54
Connection: keep-alive
X-Powered-By: Express
Access-Control-Allow-Origin: *
ETag: W/"36-9ndkQYJpZ8s0sMN790Nuh0MLq/U"
CF-Cache-Status: DYNAMIC
Report-To: {"endpoints":[{"url":"https:\/\/a.nel.cloudflare.com\/report\/v4?s=Bs8eCboA8UXcxBd4TchvRIXQiyvutLSyxbBS0d5RtDriGgUVlDZA5XFnqQze20T7OL9vHnuggc7MgNmWEUhBGoJ63MVkLQH0MyAxmapBpQT56Krg9CAxFjS36De%2BDezMMMb31qvPeDOyOu9NHNZaj6XDkIY%3D"}],"group":"cf-nel","max_age":604800}
NEL: {"success_fraction":0,"report_to":"cf-nel","max_age":604800}
Server: cloudflare
CF-RAY: 89bf2ed088de75ab-DME
alt-svc: h3=":443"; ma=86400

{
    "success": false,
    "message": "You should be authorised"
}
HTTP/1.1 401 Unauthorized
Date: Sun, 30 Jun 2024 15:27:52 GMT
Content-Type: application/json; charset=utf-8
Content-Length: 54
Connection: keep-alive
X-Powered-By: Express
Access-Control-Allow-Origin: *
ETag: W/"36-9ndkQYJpZ8s0sMN790Nuh0MLq/U"
CF-Cache-Status: DYNAMIC
Report-To: {"endpoints":[{"url":"https:\/\/a.nel.cloudflare.com\/report\/v4?s=Bs8eCboA8UXcxBd4TchvRIXQiyvutLSyxbBS0d5RtDriGgUVlDZA5XFnqQze20T7OL9vHnuggc7MgNmWEUhBGoJ63MVkLQH0MyAxmapBpQT56Krg9CAxFjS36De%2BDezMMMb31qvPeDOyOu9NHNZaj6XDkIY%3D"}],"group":"cf-nel","max_age":604800}
NEL: {"success_fraction":0,"report_to":"cf-nel","max_age":604800}
Server: cloudflare
CF-RAY: 89bf2ed088de75ab-DME
alt-svc: h3=":443"; ma=86400

{
    "success": false,
    "message": "You should be authorised"
}
HTTP/1.1 401 Unauthorized
Date: Sun, 30 Jun 2024 15:27:52 GMT
Content-Type: application/json; charset=utf-8
Content-Length: 54
Connection: keep-alive
X-Powered-By: Express
Access-Control-Allow-Origin: *
ETag: W/"36-9ndkQYJpZ8s0sMN790Nuh0MLq/U"
CF-Cache-Status: DYNAMIC
Report-To: {"endpoints":[{"url":"https:\/\/a.nel.cloudflare.com\/report\/v4?s=Bs8eCboA8UXcxBd4TchvRIXQiyvutLSyxbBS0d5RtDriGgUVlDZA5XFnqQze20T7OL9vHnuggc7MgNmWEUhBGoJ63MVkLQH0MyAxmapBpQT56Krg9CAxFjS36De%2BDezMMMb31qvPeDOyOu9NHNZaj6XDkIY%3D"}],"group":"cf-nel","max_age":604800}
NEL: {"success_fraction":0,"report_to":"cf-nel","max_age":604800}
Server: cloudflare
CF-RAY: 89bf2ed088de75ab-DME
alt-svc: h3=":443"; ma=86400

{
    "success": false,
    "message": "You should be authorised"
}
HTTP/1.1 401 Unauthorized
Date: Sun, 30 Jun 2024 15:27:52 GMT
Content-Type: application/json; charset=utf-8
Content-Length: 54
Connection: keep-alive
X-Powered-By: Express
Access-Control-Allow-Origin: *
ETag: W/"36-9ndkQYJpZ8s0sMN790Nuh0MLq/U"
CF-Cache-Status: DYNAMIC
Report-To: {"endpoints":[{"url":"https:\/\/a.nel.cloudflare.com\/report\/v4?s=Bs8eCboA8UXcxBd4TchvRIXQiyvutLSyxbBS0d5RtDriGgUVlDZA5XFnqQze20T7OL9vHnuggc7MgNmWEUhBGoJ63MVkLQH0MyAxmapBpQT56Krg9CAxFjS36De%2BDezMMMb31qvPeDOyOu9NHNZaj6XDkIY%3D"}],"group":"cf-nel","max_age":604800}
NEL: {"success_fraction":0,"report_to":"cf-nel","max_age":604800}
Server: cloudflare
CF-RAY: 89bf2ed088de75ab-DME
alt-svc: h3=":443"; ma=86400

{
    "success": false,
    "message": "You should be authorised"
}
HTTP/1.1 401 Unauthorized
Date: Sun, 30 Jun 2024 15:27:52 GMT
Content-Type: application/json; charset=utf-8
Content-Length: 54
Connection: keep-alive
X-Powered-By: Express
Access-Control-Allow-Origin: *
ETag: W/"36-9ndkQYJpZ8s0sMN790Nuh0MLq/U"
CF-Cache-Status: DYNAMIC
Report-To: {"endpoints":[{"url":"https:\/\/a.nel.cloudflare.com\/report\/v4?s=Bs8eCboA8UXcxBd4TchvRIXQiyvutLSyxbBS0d5RtDriGgUVlDZA5XFnqQze20T7OL9vHnuggc7MgNmWEUhBGoJ63MVkLQH0MyAxmapBpQT56Krg9CAxFjS36De%2BDezMMMb31qvPeDOyOu9NHNZaj6XDkIY%3D"}],"group":"cf-nel","max_age":604800}
NEL: {"success_fraction":0,"report_to":"cf-nel","max_age":604800}
Server: cloudflare
CF-RAY: 89bf2ed088de75ab-DME
alt-svc: h3=":443"; ma=86400

{
    "success": false,
    "message": "You should be authorised"
}
HTTP/1.1 401 Unauthorized
Date: Sun, 30 Jun 2024 15:27:52 GMT
Content-Type: application/json; charset=utf-8
Content-Length: 54
Connection: keep-alive
X-Powered-By: Express
Access-Control-Allow-Origin: *
ETag: W/"36-9ndkQYJpZ8s0sMN790Nuh0MLq/U"
CF-Cache-Status: DYNAMIC
Report-To: {"endpoints":[{"url":"https:\/\/a.nel.cloudflare.com\/report\/v4?s=Bs8eCboA8UXcxBd4TchvRIXQiyvutLSyxbBS0d5RtDriGgUVlDZA5XFnqQze20T7OL9vHnuggc7MgNmWEUhBGoJ63MVkLQH0MyAxmapBpQT56Krg9CAxFjS36De%2BDezMMMb31qvPeDOyOu9NHNZaj6XDkIY%3D"}],"group":"cf-nel","max_age":604800}
NEL: {"success_fraction":0,"report_to":"cf-nel","max_age":604800}
Server: cloudflare
CF-RAY: 89bf2ed088de75ab-DME
alt-svc: h3=":443"; ma=86400

{
    "success": false,
    "message": "You should be authorised"
}
HTTP/1.1 401 Unauthorized
Date: Sun, 30 Jun 2024 15:27:52 GMT
Content-Type: application/json; charset=utf-8
Content-Length: 54
Connection: keep-alive
X-Powered-By: Express
Access-Control-Allow-Origin: *
ETag: W/"36-9ndkQYJpZ8s0sMN790Nuh0MLq/U"
CF-Cache-Status: DYNAMIC
Report-To: {"endpoints":[{"url":"https:\/\/a.nel.cloudflare.com\/report\/v4?s=Bs8eCboA8UXcxBd4TchvRIXQiyvutLSyxbBS0d5RtDriGgUVlDZA5XFnqQze20T7OL9vHnuggc7MgNmWEUhBGoJ63MVkLQH0MyAxmapBpQT56Krg9CAxFjS36De%2BDezMMMb31qvPeDOyOu9NHNZaj6XDkIY%3D"}],"group":"cf-nel","max_age":604800}
NEL: {"success_fraction":0,"report_to":"cf-nel","max_age":604800}
Server: cloudflare
CF-RAY: 89bf2ed088de75ab-DME
alt-svc: h3=":443"; ma=86400

{
    "success": false,
    "message": "You should be authorised"
}
HTTP/1.1 401 Unauthorized
Date: Sun, 30 Jun 2024 15:27:52 GMT
Content-Type: application/json; charset=utf-8
Content-Length: 54
Connection: keep-alive
X-Powered-By: Express
Access-Control-Allow-Origin: *
ETag: W/"36-9ndkQYJpZ8s0sMN790Nuh0MLq/U"
CF-Cache-Status: DYNAMIC
Report-To: {"endpoints":[{"url":"https:\/\/a.nel.cloudflare.com\/report\/v4?s=Bs8eCboA8UXcxBd4TchvRIXQiyvutLSyxbBS0d5RtDriGgUVlDZA5XFnqQze20T7OL9vHnuggc7MgNmWEUhBGoJ63MVkLQH0MyAxmapBpQT56Krg9CAxFjS36De%2BDezMMMb31qvPeDOyOu9NHNZaj6XDkIY%3D"}],"group":"cf-nel","max_age":604800}
NEL: {"success_fraction":0,"report_to":"cf-nel","max_age":604800}
Server: cloudflare
CF-RAY: 89bf2ed088de75ab-DME
alt-svc: h3=":443"; ma=86400

{
    "success": false,
    "message": "You should be authorised"
}
HTTP/1.1 401 Unauthorized
Date: Sun, 30 Jun 2024 15:27:52 GMT
Content-Type: application/json; charset=utf-8
Content-Length: 54
Connection: keep-alive
X-Powered-By: Express
Access-Control-Allow-Origin: *
ETag: W/"36-9ndkQYJpZ8s0sMN790Nuh0MLq/U"
CF-Cache-Status: DYNAMIC
Report-To: {"endpoints":[{"url":"https:\/\/a.nel.cloudflare.com\/report\/v4?s=Bs8eCboA8UXcxBd4TchvRIXQiyvutLSyxbBS0d5RtDriGgUVlDZA5XFnqQze20T7OL9vHnuggc7MgNmWEUhBGoJ63MVkLQH0MyAxmapBpQT56Krg9CAxFjS36De%2BDezMMMb31qvPeDOyOu9NHNZaj6XDkIY%3D"}],"group":"cf-nel","max_age":604800}
NEL: {"success_fraction":0,"report_to":"cf-nel","max_age":604800}
Server: cloudflare
CF-RAY: 89bf2ed088de75ab-DME
alt-svc: h3=":443"; ma=86400

{
    "success": false,
    "message": "You should be authorised"
}
HTTP/1.1 401 Unauthorized
Date: Sun, 30 Jun 2024 15:27:52 GMT
Content-Type: application/json; charset=utf-8
Content-Length: 54
Connection: keep-alive
X-Powered-By: Express
Access-Control-Allow-Origin: *
ETag: W/"36-9ndkQYJpZ8s0sMN790Nuh0MLq/U"
CF-Cache-Status: DYNAMIC
Report-To: {"endpoints":[{"url":"https:\/\/a.nel.cloudflare.com\/report\/v4?s=Bs8eCboA8UXcxBd4TchvRIXQiyvutLSyxbBS0d5RtDriGgUVlDZA5XFnqQze20T7OL9vHnuggc7MgNmWEUhBGoJ63MVkLQH0MyAxmapBpQT56Krg9CAxFjS36De%2BDezMMMb31qvPeDOyOu9NHNZaj6XDkIY%3D"}],"group":"cf-nel","max_age":604800}
NEL: {"success_fraction":0,"report_to":"cf-nel","max_age":604800}
Server: cloudflare
CF-RAY: 89bf2ed088de75ab-DME
alt-svc: h3=":443"; ma=86400

{
    "success": false,
    "message": "You should be authorised"
}
HTTP/1.1 401 Unauthorized
Date: Sun, 30 Jun 2024 15:27:52 GMT
Content-Type: application/json; charset=utf-8
Content-Length: 54
Connection: keep-alive
X-Powered-By: Express
Access-Control-Allow-Origin: *
ETag: W/"36-9ndkQYJpZ8s0sMN790Nuh0MLq/U"
CF-Cache-Status: DYNAMIC
Report-To: {"endpoints":[{"url":"https:\/\/a.nel.cloudflare.com\/report\/v4?s=Bs8eCboA8UXcxBd4TchvRIXQiyvutLSyxbBS0d5RtDriGgUVlDZA5XFnqQze20T7OL9vHnuggc7MgNmWEUhBGoJ63MVkLQH0MyAxmapBpQT56Krg9CAxFjS36De%2BDezMMMb31qvPeDOyOu9NHNZaj6XDkIY%3D"}],"group":"cf-nel","max_age":604800}
NEL: {"success_fraction":0,"report_to":"cf-nel","max_age":604800}
Server: cloudflare
CF-RAY: 89bf2ed088de75ab-DME
alt-svc: h3=":443"; ma=86400

{
    "success": false,
    "message": "You should be authorised"
}
HTTP/1.1 401 Unauthorized
Date: Sun, 30 Jun 2024 15:27:52 GMT
Content-Type: application/json; charset=utf-8
Content-Length: 54
Connection: keep-alive
X-Powered-By: Express
Access-Control-Allow-Origin: *
ETag: W/"36-9ndkQYJpZ8s0sMN790Nuh0MLq/U"
CF-Cache-Status: DYNAMIC
Report-To: {"endpoints":[{"url":"https:\/\/a.nel.cloudflare.com\/report\/v4?s=Bs8eCboA8UXcxBd4TchvRIXQiyvutLSyxbBS0d5RtDriGgUVlDZA5XFnqQze20T7OL9vHnuggc7MgNmWEUhBGoJ63MVkLQH0MyAxmapBpQT56Krg9CAxFjS36De%2BDezMMMb31qvPeDOyOu9NHNZaj6XDkIY%3D"}],"group":"cf-nel","max_age":604800}
NEL: {"success_fraction":0,"report_to":"cf-nel","max_age":604800}
Server: cloudflare
CF-RAY: 89bf2ed088de75ab-DME
alt-svc: h3=":443"; ma=86400

{
    "success": false,
    "message": "You should be authorised"
}
HTTP/1.1 401 Unauthorized
Date: Sun, 30 Jun 2024 15:27:52 GMT
Content-Type: application/json; charset=utf-8
Content-Length: 54
Connection: keep-alive
X-Powered-By: Express
Access-Control-Allow-Origin: *
ETag: W/"36-9ndkQYJpZ8s0sMN790Nuh0MLq/U"
CF-Cache-Status: DYNAMIC
Report-To: {"endpoints":[{"url":"https:\/\/a.nel.cloudflare.com\/report\/v4?s=Bs8eCboA8UXcxBd4TchvRIXQiyvutLSyxbBS0d5RtDriGgUVlDZA5XFnqQze20T7OL9vHnuggc7MgNmWEUhBGoJ63MVkLQH0MyAxmapBpQT56Krg9CAxFjS36De%2BDezMMMb31qvPeDOyOu9NHNZaj6XDkIY%3D"}],"group":"cf-nel","max_age":604800}
NEL: {"success_fraction":0,"report_to":"cf-nel","max_age":604800}
Server: cloudflare
CF-RAY: 89bf2ed088de75ab-DME
alt-svc: h3=":443"; ma=86400

{
    "success": false,
    "message": "You should be authorised"
}
HTTP/1.1 401 Unauthorized
Date: Sun, 30 Jun 2024 15:27:52 GMT
Content-Type: application/json; charset=utf-8
Content-Length: 54
Connection: keep-alive
X-Powered-By: Express
Access-Control-Allow-Origin: *
ETag: W/"36-9ndkQYJpZ8s0sMN790Nuh0MLq/U"
CF-Cache-Status: DYNAMIC
Report-To: {"endpoints":[{"url":"https:\/\/a.nel.cloudflare.com\/report\/v4?s=Bs8eCboA8UXcxBd4TchvRIXQiyvutLSyxbBS0d5RtDriGgUVlDZA5XFnqQze20T7OL9vHnuggc7MgNmWEUhBGoJ63MVkLQH0MyAxmapBpQT56Krg9CAxFjS36De%2BDezMMMb31qvPeDOyOu9NHNZaj6XDkIY%3D"}],"group":"cf-nel","max_age":604800}
NEL: {"success_fraction":0,"report_to":"cf-nel","max_age":604800}
Server: cloudflare
CF-RAY: 89bf2ed088de75ab-DME
alt-svc: h3=":443"; ma=86400

{
    "success": false,
    "message": "You should be authorised"
}
HTTP/1.1 401 Unauthorized
Date: Sun, 30 Jun 2024 15:27:52 GMT
Content-Type: application/json; charset=utf-8
Content-Length: 54
Connection: keep-alive
X-Powered-By: Express
Access-Control-Allow-Origin: *
ETag: W/"36-9ndkQYJpZ8s0sMN790Nuh0MLq/U"
CF-Cache-Status: DYNAMIC
Report-To: {"endpoints":[{"url":"https:\/\/a.nel.cloudflare.com\/report\/v4?s=Bs8eCboA8UXcxBd4TchvRIXQiyvutLSyxbBS0d5RtDriGgUVlDZA5XFnqQze20T7OL9vHnuggc7MgNmWEUhBGoJ63MVkLQH0MyAxmapBpQT56Krg9CAxFjS36De%2BDezMMMb31qvPeDOyOu9NHNZaj6XDkIY%3D"}],"group":"cf-nel","max_age":604800}
NEL: {"success_fraction":0,"report_to":"cf-nel","max_age":604800}
Server: cloudflare
CF-RAY: 89bf2ed088de75ab-DME
alt-svc: h3=":443"; ma=86400

{
    "success": false,
    "message": "You should be authorised"
}
HTTP/1.1 401 Unauthorized
Date: Sun, 30 Jun 2024 15:27:52 GMT
Content-Type: application/json; charset=utf-8
Content-Length: 54
Connection: keep-alive
X-Powered-By: Express
Access-Control-Allow-Origin: *
ETag: W/"36-9ndkQYJpZ8s0sMN790Nuh0MLq/U"
CF-Cache-Status: DYNAMIC
Report-To: {"endpoints":[{"url":"https:\/\/a.nel.cloudflare.com\/report\/v4?s=Bs8eCboA8UXcxBd4TchvRIXQiyvutLSyxbBS0d5RtDriGgUVlDZA5XFnqQze20T7OL9vHnuggc7MgNmWEUhBGoJ63MVkLQH0MyAxmapBpQT56Krg9CAxFjS36De%2BDezMMMb31qvPeDOyOu9NHNZaj6XDkIY%3D"}],"group":"cf-nel","max_age":604800}
NEL: {"success_fraction":0,"report_to":"cf-nel","max_age":604800}
Server: cloudflare
CF-RAY: 89bf2ed088de75ab-DME
alt-svc: h3=":443"; ma=86400

{
    "success": false,
    "message": "You should be authorised"
}
HTTP/1.1 401 Unauthorized
Date: Sun, 30 Jun 2024 15:27:52 GMT
Content-Type: application/json; charset=utf-8
Content-Length: 54
Connection: keep-alive
X-Powered-By: Express
Access-Control-Allow-Origin: *
ETag: W/"36-9ndkQYJpZ8s0sMN790Nuh0MLq/U"
CF-Cache-Status: DYNAMIC
Report-To: {"endpoints":[{"url":"https:\/\/a.nel.cloudflare.com\/report\/v4?s=Bs8eCboA8UXcxBd4TchvRIXQiyvutLSyxbBS0d5RtDriGgUVlDZA5XFnqQze20T7OL9vHnuggc7MgNmWEUhBGoJ63MVkLQH0MyAxmapBpQT56Krg9CAxFjS36De%2BDezMMMb31qvPeDOyOu9NHNZaj6XDkIY%3D"}],"group":"cf-nel","max_age":604800}
NEL: {"success_fraction":0,"report_to":"cf-nel","max_age":604800}
Server: cloudflare
CF-RAY: 89bf2ed088de75ab-DME
alt-svc: h3=":443"; ma=86400

{
    "success": false,
    "message": "You should be authorised"
}
HTTP/1.1 401 Unauthorized
Date: Sun, 30 Jun 2024 15:27:52 GMT
Content-Type: application/json; charset=utf-8
Content-Length: 54
Connection: keep-alive
X-Powered-By: Express
Access-Control-Allow-Origin: *
ETag: W/"36-9ndkQYJpZ8s0sMN790Nuh0MLq/U"
CF-Cache-Status: DYNAMIC
Report-To: {"endpoints":[{"url":"https:\/\/a.nel.cloudflare.com\/report\/v4?s=Bs8eCboA8UXcxBd4TchvRIXQiyvutLSyxbBS0d5RtDriGgUVlDZA5XFnqQze20T7OL9vHnuggc7MgNmWEUhBGoJ63MVkLQH0MyAxmapBpQT56Krg9CAxFjS36De%2BDezMMMb31qvPeDOyOu9NHNZaj6XDkIY%3D"}],"group":"cf-nel","max_age":604800}
NEL: {"success_fraction":0,"report_to":"cf-nel","max_age":604800}
Server: cloudflare
CF-RAY: 89bf2ed088de75ab-DME
alt-svc: h3=":443"; ma=86400

{
    "success": false,
    "message": "You should be authorised"
}
HTTP/1.1 401 Unauthorized
Date: Sun, 30 Jun 2024 15:27:52 GMT
Content-Type: application/json; charset=utf-8
Content-Length: 54
Connection: keep-alive
X-Powered-By: Express
Access-Control-Allow-Origin: *
ETag: W/"36-9ndkQYJpZ8s0sMN790Nuh0MLq/U"
CF-Cache-Status: DYNAMIC
Report-To: {"endpoints":[{"url":"https:\/\/a.nel.cloudflare.com\/report\/v4?s=Bs8eCboA8UXcxBd4TchvRIXQiyvutLSyxbBS0d5RtDriGgUVlDZA5XFnqQze20T7OL9vHnuggc7MgNmWEUhBGoJ63MVkLQH0MyAxmapBpQT56Krg9CAxFjS36De%2BDezMMMb31qvPeDOyOu9NHNZaj6XDkIY%3D"}],"group":"cf-nel","max_age":604800}
NEL: {"success_fraction":0,"report_to":"cf-nel","max_age":604800}
Server: cloudflare
CF-RAY: 89bf2ed088de75ab-DME
alt-svc: h3=":443"; ma=86400

{
    "success": false,
    "message": "You should be authorised"
}
HTTP/1.1 401 Unauthorized
Date: Sun, 30 Jun 2024 15:27:52 GMT
Content-Type: application/json; charset=utf-8
Content-Length: 54
Connection: keep-alive
X-Powered-By: Express
Access-Control-Allow-Origin: *
ETag: W/"36-9ndkQYJpZ8s0sMN790Nuh0MLq/U"
CF-Cache-Status: DYNAMIC
Report-To: {"endpoints":[{"url":"https:\/\/a.nel.cloudflare.com\/report\/v4?s=Bs8eCboA8UXcxBd4TchvRIXQiyvutLSyxbBS0d5RtDriGgUVlDZA5XFnqQze20T7OL9vHnuggc7MgNmWEUhBGoJ63MVkLQH0MyAxmapBpQT56Krg9CAxFjS36De%2BDezMMMb31qvPeDOyOu9NHNZaj6XDkIY%3D"}],"group":"cf-nel","max_age":604800}
NEL: {"success_fraction":0,"report_to":"cf-nel","max_age":604800}
Server: cloudflare
CF-RAY: 89bf2ed088de75ab-DME
alt-svc: h3=":443"; ma=86400

{
    "success": false,
    "message": "You should be authorised"
}
Request method:	DELETE
Request URI:	https://stellarburgers.nomoreparties.site/api/auth/user
Proxy:			<none>
Request params:	<none>
Query params:	<none>
Form params:	<none>
Path params:	<none>
Headers:		authorization=Bearer eyJhbGciOiJIUzI1NiIsInR5cCI6IkpXVCJ9.eyJpZCI6IjY2ODE3OTc4OWVkMjgwMDAxYjQ1OTYxYyIsImlhdCI6MTcxOTc2MTI3MiwiZXhwIjoxNzE5NzYyNDcyfQ.LDSDDgRszxs8kWuegS4_3biWwD0bLSNlCZyfUzrOBpY
				Accept=*/*
				Content-Type=application/json
Cookies:		<none>
Multiparts:		<none>
Body:			<none>
Request method:	DELETE
Request URI:	https://stellarburgers.nomoreparties.site/api/auth/user
Proxy:			<none>
Request params:	<none>
Query params:	<none>
Form params:	<none>
Path params:	<none>
Headers:		authorization=Bearer eyJhbGciOiJIUzI1NiIsInR5cCI6IkpXVCJ9.eyJpZCI6IjY2ODE3OTc4OWVkMjgwMDAxYjQ1OTYxYyIsImlhdCI6MTcxOTc2MTI3MiwiZXhwIjoxNzE5NzYyNDcyfQ.LDSDDgRszxs8kWuegS4_3biWwD0bLSNlCZyfUzrOBpY
				Accept=*/*
				Content-Type=application/json
Cookies:		<none>
Multiparts:		<none>
Body:			<none>
Request method:	DELETE
Request URI:	https://stellarburgers.nomoreparties.site/api/auth/user
Proxy:			<none>
Request params:	<none>
Query params:	<none>
Form params:	<none>
Path params:	<none>
Headers:		authorization=Bearer eyJhbGciOiJIUzI1NiIsInR5cCI6IkpXVCJ9.eyJpZCI6IjY2ODE3OTc4OWVkMjgwMDAxYjQ1OTYxYyIsImlhdCI6MTcxOTc2MTI3MiwiZXhwIjoxNzE5NzYyNDcyfQ.LDSDDgRszxs8kWuegS4_3biWwD0bLSNlCZyfUzrOBpY
				Accept=*/*
				Content-Type=application/json
Cookies:		<none>
Multiparts:		<none>
Body:			<none>
Request method:	DELETE
Request URI:	https://stellarburgers.nomoreparties.site/api/auth/user
Proxy:			<none>
Request params:	<none>
Query params:	<none>
Form params:	<none>
Path params:	<none>
Headers:		authorization=Bearer eyJhbGciOiJIUzI1NiIsInR5cCI6IkpXVCJ9.eyJpZCI6IjY2ODE3OTc4OWVkMjgwMDAxYjQ1OTYxYyIsImlhdCI6MTcxOTc2MTI3MiwiZXhwIjoxNzE5NzYyNDcyfQ.LDSDDgRszxs8kWuegS4_3biWwD0bLSNlCZyfUzrOBpY
				Accept=*/*
				Content-Type=application/json
Cookies:		<none>
Multiparts:		<none>
Body:			<none>
Request method:	DELETE
Request URI:	https://stellarburgers.nomoreparties.site/api/auth/user
Proxy:			<none>
Request params:	<none>
Query params:	<none>
Form params:	<none>
Path params:	<none>
Headers:		authorization=Bearer eyJhbGciOiJIUzI1NiIsInR5cCI6IkpXVCJ9.eyJpZCI6IjY2ODE3OTc4OWVkMjgwMDAxYjQ1OTYxYyIsImlhdCI6MTcxOTc2MTI3MiwiZXhwIjoxNzE5NzYyNDcyfQ.LDSDDgRszxs8kWuegS4_3biWwD0bLSNlCZyfUzrOBpY
				Accept=*/*
				Content-Type=application/json
Cookies:		<none>
Multiparts:		<none>
Body:			<none>
Request method:	DELETE
Request URI:	https://stellarburgers.nomoreparties.site/api/auth/user
Proxy:			<none>
Request params:	<none>
Query params:	<none>
Form params:	<none>
Path params:	<none>
Headers:		authorization=Bearer eyJhbGciOiJIUzI1NiIsInR5cCI6IkpXVCJ9.eyJpZCI6IjY2ODE3OTc4OWVkMjgwMDAxYjQ1OTYxYyIsImlhdCI6MTcxOTc2MTI3MiwiZXhwIjoxNzE5NzYyNDcyfQ.LDSDDgRszxs8kWuegS4_3biWwD0bLSNlCZyfUzrOBpY
				Accept=*/*
				Content-Type=application/json
Cookies:		<none>
Multiparts:		<none>
Body:			<none>
Request method:	DELETE
Request URI:	https://stellarburgers.nomoreparties.site/api/auth/user
Proxy:			<none>
Request params:	<none>
Query params:	<none>
Form params:	<none>
Path params:	<none>
Headers:		authorization=Bearer eyJhbGciOiJIUzI1NiIsInR5cCI6IkpXVCJ9.eyJpZCI6IjY2ODE3OTc4OWVkMjgwMDAxYjQ1OTYxYyIsImlhdCI6MTcxOTc2MTI3MiwiZXhwIjoxNzE5NzYyNDcyfQ.LDSDDgRszxs8kWuegS4_3biWwD0bLSNlCZyfUzrOBpY
				Accept=*/*
				Content-Type=application/json
Cookies:		<none>
Multiparts:		<none>
Body:			<none>
Request method:	DELETE
Request URI:	https://stellarburgers.nomoreparties.site/api/auth/user
Proxy:			<none>
Request params:	<none>
Query params:	<none>
Form params:	<none>
Path params:	<none>
Headers:		authorization=Bearer eyJhbGciOiJIUzI1NiIsInR5cCI6IkpXVCJ9.eyJpZCI6IjY2ODE3OTc4OWVkMjgwMDAxYjQ1OTYxYyIsImlhdCI6MTcxOTc2MTI3MiwiZXhwIjoxNzE5NzYyNDcyfQ.LDSDDgRszxs8kWuegS4_3biWwD0bLSNlCZyfUzrOBpY
				Accept=*/*
				Content-Type=application/json
Cookies:		<none>
Multiparts:		<none>
Body:			<none>
Request method:	DELETE
Request URI:	https://stellarburgers.nomoreparties.site/api/auth/user
Proxy:			<none>
Request params:	<none>
Query params:	<none>
Form params:	<none>
Path params:	<none>
Headers:		authorization=Bearer eyJhbGciOiJIUzI1NiIsInR5cCI6IkpXVCJ9.eyJpZCI6IjY2ODE3OTc4OWVkMjgwMDAxYjQ1OTYxYyIsImlhdCI6MTcxOTc2MTI3MiwiZXhwIjoxNzE5NzYyNDcyfQ.LDSDDgRszxs8kWuegS4_3biWwD0bLSNlCZyfUzrOBpY
				Accept=*/*
				Content-Type=application/json
Cookies:		<none>
Multiparts:		<none>
Body:			<none>
Request method:	DELETE
Request URI:	https://stellarburgers.nomoreparties.site/api/auth/user
Proxy:			<none>
Request params:	<none>
Query params:	<none>
Form params:	<none>
Path params:	<none>
Headers:		authorization=Bearer eyJhbGciOiJIUzI1NiIsInR5cCI6IkpXVCJ9.eyJpZCI6IjY2ODE3OTc4OWVkMjgwMDAxYjQ1OTYxYyIsImlhdCI6MTcxOTc2MTI3MiwiZXhwIjoxNzE5NzYyNDcyfQ.LDSDDgRszxs8kWuegS4_3biWwD0bLSNlCZyfUzrOBpY
				Accept=*/*
				Content-Type=application/json
Cookies:		<none>
Multiparts:		<none>
Body:			<none>
Request method:	DELETE
Request URI:	https://stellarburgers.nomoreparties.site/api/auth/user
Proxy:			<none>
Request params:	<none>
Query params:	<none>
Form params:	<none>
Path params:	<none>
Headers:		authorization=Bearer eyJhbGciOiJIUzI1NiIsInR5cCI6IkpXVCJ9.eyJpZCI6IjY2ODE3OTc4OWVkMjgwMDAxYjQ1OTYxYyIsImlhdCI6MTcxOTc2MTI3MiwiZXhwIjoxNzE5NzYyNDcyfQ.LDSDDgRszxs8kWuegS4_3biWwD0bLSNlCZyfUzrOBpY
				Accept=*/*
				Content-Type=application/json
Cookies:		<none>
Multiparts:		<none>
Body:			<none>
Request method:	DELETE
Request URI:	https://stellarburgers.nomoreparties.site/api/auth/user
Proxy:			<none>
Request params:	<none>
Query params:	<none>
Form params:	<none>
Path params:	<none>
Headers:		authorization=Bearer eyJhbGciOiJIUzI1NiIsInR5cCI6IkpXVCJ9.eyJpZCI6IjY2ODE3OTc4OWVkMjgwMDAxYjQ1OTYxYyIsImlhdCI6MTcxOTc2MTI3MiwiZXhwIjoxNzE5NzYyNDcyfQ.LDSDDgRszxs8kWuegS4_3biWwD0bLSNlCZyfUzrOBpY
				Accept=*/*
				Content-Type=application/json
Cookies:		<none>
Multiparts:		<none>
Body:			<none>
Request method:	DELETE
Request URI:	https://stellarburgers.nomoreparties.site/api/auth/user
Proxy:			<none>
Request params:	<none>
Query params:	<none>
Form params:	<none>
Path params:	<none>
Headers:		authorization=Bearer eyJhbGciOiJIUzI1NiIsInR5cCI6IkpXVCJ9.eyJpZCI6IjY2ODE3OTc4OWVkMjgwMDAxYjQ1OTYxYyIsImlhdCI6MTcxOTc2MTI3MiwiZXhwIjoxNzE5NzYyNDcyfQ.LDSDDgRszxs8kWuegS4_3biWwD0bLSNlCZyfUzrOBpY
				Accept=*/*
				Content-Type=application/json
Cookies:		<none>
Multiparts:		<none>
Body:			<none>
Request method:	DELETE
Request URI:	https://stellarburgers.nomoreparties.site/api/auth/user
Proxy:			<none>
Request params:	<none>
Query params:	<none>
Form params:	<none>
Path params:	<none>
Headers:		authorization=Bearer eyJhbGciOiJIUzI1NiIsInR5cCI6IkpXVCJ9.eyJpZCI6IjY2ODE3OTc4OWVkMjgwMDAxYjQ1OTYxYyIsImlhdCI6MTcxOTc2MTI3MiwiZXhwIjoxNzE5NzYyNDcyfQ.LDSDDgRszxs8kWuegS4_3biWwD0bLSNlCZyfUzrOBpY
				Accept=*/*
				Content-Type=application/json
Cookies:		<none>
Multiparts:		<none>
Body:			<none>
Request method:	DELETE
Request URI:	https://stellarburgers.nomoreparties.site/api/auth/user
Proxy:			<none>
Request params:	<none>
Query params:	<none>
Form params:	<none>
Path params:	<none>
Headers:		authorization=Bearer eyJhbGciOiJIUzI1NiIsInR5cCI6IkpXVCJ9.eyJpZCI6IjY2ODE3OTc4OWVkMjgwMDAxYjQ1OTYxYyIsImlhdCI6MTcxOTc2MTI3MiwiZXhwIjoxNzE5NzYyNDcyfQ.LDSDDgRszxs8kWuegS4_3biWwD0bLSNlCZyfUzrOBpY
				Accept=*/*
				Content-Type=application/json
Cookies:		<none>
Multiparts:		<none>
Body:			<none>
Request method:	DELETE
Request URI:	https://stellarburgers.nomoreparties.site/api/auth/user
Proxy:			<none>
Request params:	<none>
Query params:	<none>
Form params:	<none>
Path params:	<none>
Headers:		authorization=Bearer eyJhbGciOiJIUzI1NiIsInR5cCI6IkpXVCJ9.eyJpZCI6IjY2ODE3OTc4OWVkMjgwMDAxYjQ1OTYxYyIsImlhdCI6MTcxOTc2MTI3MiwiZXhwIjoxNzE5NzYyNDcyfQ.LDSDDgRszxs8kWuegS4_3biWwD0bLSNlCZyfUzrOBpY
				Accept=*/*
				Content-Type=application/json
Cookies:		<none>
Multiparts:		<none>
Body:			<none>
Request method:	DELETE
Request URI:	https://stellarburgers.nomoreparties.site/api/auth/user
Proxy:			<none>
Request params:	<none>
Query params:	<none>
Form params:	<none>
Path params:	<none>
Headers:		authorization=Bearer eyJhbGciOiJIUzI1NiIsInR5cCI6IkpXVCJ9.eyJpZCI6IjY2ODE3OTc4OWVkMjgwMDAxYjQ1OTYxYyIsImlhdCI6MTcxOTc2MTI3MiwiZXhwIjoxNzE5NzYyNDcyfQ.LDSDDgRszxs8kWuegS4_3biWwD0bLSNlCZyfUzrOBpY
				Accept=*/*
				Content-Type=application/json
Cookies:		<none>
Multiparts:		<none>
Body:			<none>
Request method:	DELETE
Request URI:	https://stellarburgers.nomoreparties.site/api/auth/user
Proxy:			<none>
Request params:	<none>
Query params:	<none>
Form params:	<none>
Path params:	<none>
Headers:		authorization=Bearer eyJhbGciOiJIUzI1NiIsInR5cCI6IkpXVCJ9.eyJpZCI6IjY2ODE3OTc4OWVkMjgwMDAxYjQ1OTYxYyIsImlhdCI6MTcxOTc2MTI3MiwiZXhwIjoxNzE5NzYyNDcyfQ.LDSDDgRszxs8kWuegS4_3biWwD0bLSNlCZyfUzrOBpY
				Accept=*/*
				Content-Type=application/json
Cookies:		<none>
Multiparts:		<none>
Body:			<none>
Request method:	DELETE
Request URI:	https://stellarburgers.nomoreparties.site/api/auth/user
Proxy:			<none>
Request params:	<none>
Query params:	<none>
Form params:	<none>
Path params:	<none>
Headers:		authorization=Bearer eyJhbGciOiJIUzI1NiIsInR5cCI6IkpXVCJ9.eyJpZCI6IjY2ODE3OTc4OWVkMjgwMDAxYjQ1OTYxYyIsImlhdCI6MTcxOTc2MTI3MiwiZXhwIjoxNzE5NzYyNDcyfQ.LDSDDgRszxs8kWuegS4_3biWwD0bLSNlCZyfUzrOBpY
				Accept=*/*
				Content-Type=application/json
Cookies:		<none>
Multiparts:		<none>
Body:			<none>
Request method:	DELETE
Request URI:	https://stellarburgers.nomoreparties.site/api/auth/user
Proxy:			<none>
Request params:	<none>
Query params:	<none>
Form params:	<none>
Path params:	<none>
Headers:		authorization=Bearer eyJhbGciOiJIUzI1NiIsInR5cCI6IkpXVCJ9.eyJpZCI6IjY2ODE3OTc4OWVkMjgwMDAxYjQ1OTYxYyIsImlhdCI6MTcxOTc2MTI3MiwiZXhwIjoxNzE5NzYyNDcyfQ.LDSDDgRszxs8kWuegS4_3biWwD0bLSNlCZyfUzrOBpY
				Accept=*/*
				Content-Type=application/json
Cookies:		<none>
Multiparts:		<none>
Body:			<none>
Request method:	DELETE
Request URI:	https://stellarburgers.nomoreparties.site/api/auth/user
Proxy:			<none>
Request params:	<none>
Query params:	<none>
Form params:	<none>
Path params:	<none>
Headers:		authorization=Bearer eyJhbGciOiJIUzI1NiIsInR5cCI6IkpXVCJ9.eyJpZCI6IjY2ODE3OTc4OWVkMjgwMDAxYjQ1OTYxYyIsImlhdCI6MTcxOTc2MTI3MiwiZXhwIjoxNzE5NzYyNDcyfQ.LDSDDgRszxs8kWuegS4_3biWwD0bLSNlCZyfUzrOBpY
				Accept=*/*
				Content-Type=application/json
Cookies:		<none>
Multiparts:		<none>
Body:			<none>
Request method:	DELETE
Request URI:	https://stellarburgers.nomoreparties.site/api/auth/user
Proxy:			<none>
Request params:	<none>
Query params:	<none>
Form params:	<none>
Path params:	<none>
Headers:		authorization=Bearer eyJhbGciOiJIUzI1NiIsInR5cCI6IkpXVCJ9.eyJpZCI6IjY2ODE3OTc4OWVkMjgwMDAxYjQ1OTYxYyIsImlhdCI6MTcxOTc2MTI3MiwiZXhwIjoxNzE5NzYyNDcyfQ.LDSDDgRszxs8kWuegS4_3biWwD0bLSNlCZyfUzrOBpY
				Accept=*/*
				Content-Type=application/json
Cookies:		<none>
Multiparts:		<none>
Body:			<none>
Request method:	DELETE
Request URI:	https://stellarburgers.nomoreparties.site/api/auth/user
Proxy:			<none>
Request params:	<none>
Query params:	<none>
Form params:	<none>
Path params:	<none>
Headers:		authorization=Bearer eyJhbGciOiJIUzI1NiIsInR5cCI6IkpXVCJ9.eyJpZCI6IjY2ODE3OTc4OWVkMjgwMDAxYjQ1OTYxYyIsImlhdCI6MTcxOTc2MTI3MiwiZXhwIjoxNzE5NzYyNDcyfQ.LDSDDgRszxs8kWuegS4_3biWwD0bLSNlCZyfUzrOBpY
				Accept=*/*
				Content-Type=application/json
Cookies:		<none>
Multiparts:		<none>
Body:			<none>
Request method:	DELETE
Request URI:	https://stellarburgers.nomoreparties.site/api/auth/user
Proxy:			<none>
Request params:	<none>
Query params:	<none>
Form params:	<none>
Path params:	<none>
Headers:		authorization=Bearer eyJhbGciOiJIUzI1NiIsInR5cCI6IkpXVCJ9.eyJpZCI6IjY2ODE3OTc4OWVkMjgwMDAxYjQ1OTYxYyIsImlhdCI6MTcxOTc2MTI3MiwiZXhwIjoxNzE5NzYyNDcyfQ.LDSDDgRszxs8kWuegS4_3biWwD0bLSNlCZyfUzrOBpY
				Accept=*/*
				Content-Type=application/json
Cookies:		<none>
Multiparts:		<none>
Body:			<none>
Request method:	DELETE
Request URI:	https://stellarburgers.nomoreparties.site/api/auth/user
Proxy:			<none>
Request params:	<none>
Query params:	<none>
Form params:	<none>
Path params:	<none>
Headers:		authorization=Bearer eyJhbGciOiJIUzI1NiIsInR5cCI6IkpXVCJ9.eyJpZCI6IjY2ODE3OTc4OWVkMjgwMDAxYjQ1OTYxYyIsImlhdCI6MTcxOTc2MTI3MiwiZXhwIjoxNzE5NzYyNDcyfQ.LDSDDgRszxs8kWuegS4_3biWwD0bLSNlCZyfUzrOBpY
				Accept=*/*
				Content-Type=application/json
Cookies:		<none>
Multiparts:		<none>
Body:			<none>
Request method:	DELETE
Request URI:	https://stellarburgers.nomoreparties.site/api/auth/user
Proxy:			<none>
Request params:	<none>
Query params:	<none>
Form params:	<none>
Path params:	<none>
Headers:		authorization=Bearer eyJhbGciOiJIUzI1NiIsInR5cCI6IkpXVCJ9.eyJpZCI6IjY2ODE3OTc4OWVkMjgwMDAxYjQ1OTYxYyIsImlhdCI6MTcxOTc2MTI3MiwiZXhwIjoxNzE5NzYyNDcyfQ.LDSDDgRszxs8kWuegS4_3biWwD0bLSNlCZyfUzrOBpY
				Accept=*/*
				Content-Type=application/json
Cookies:		<none>
Multiparts:		<none>
Body:			<none>
Request method:	DELETE
Request URI:	https://stellarburgers.nomoreparties.site/api/auth/user
Proxy:			<none>
Request params:	<none>
Query params:	<none>
Form params:	<none>
Path params:	<none>
Headers:		authorization=Bearer eyJhbGciOiJIUzI1NiIsInR5cCI6IkpXVCJ9.eyJpZCI6IjY2ODE3OTc4OWVkMjgwMDAxYjQ1OTYxYyIsImlhdCI6MTcxOTc2MTI3MiwiZXhwIjoxNzE5NzYyNDcyfQ.LDSDDgRszxs8kWuegS4_3biWwD0bLSNlCZyfUzrOBpY
				Accept=*/*
				Content-Type=application/json
Cookies:		<none>
Multiparts:		<none>
Body:			<none>
Request method:	DELETE
Request URI:	https://stellarburgers.nomoreparties.site/api/auth/user
Proxy:			<none>
Request params:	<none>
Query params:	<none>
Form params:	<none>
Path params:	<none>
Headers:		authorization=Bearer eyJhbGciOiJIUzI1NiIsInR5cCI6IkpXVCJ9.eyJpZCI6IjY2ODE3OTc4OWVkMjgwMDAxYjQ1OTYxYyIsImlhdCI6MTcxOTc2MTI3MiwiZXhwIjoxNzE5NzYyNDcyfQ.LDSDDgRszxs8kWuegS4_3biWwD0bLSNlCZyfUzrOBpY
				Accept=*/*
				Content-Type=application/json
Cookies:		<none>
Multiparts:		<none>
Body:			<none>
Request method:	DELETE
Request URI:	https://stellarburgers.nomoreparties.site/api/auth/user
Proxy:			<none>
Request params:	<none>
Query params:	<none>
Form params:	<none>
Path params:	<none>
Headers:		authorization=Bearer eyJhbGciOiJIUzI1NiIsInR5cCI6IkpXVCJ9.eyJpZCI6IjY2ODE3OTc4OWVkMjgwMDAxYjQ1OTYxYyIsImlhdCI6MTcxOTc2MTI3MiwiZXhwIjoxNzE5NzYyNDcyfQ.LDSDDgRszxs8kWuegS4_3biWwD0bLSNlCZyfUzrOBpY
				Accept=*/*
				Content-Type=application/json
Cookies:		<none>
Multiparts:		<none>
Body:			<none>
Request method:	DELETE
Request URI:	https://stellarburgers.nomoreparties.site/api/auth/user
Proxy:			<none>
Request params:	<none>
Query params:	<none>
Form params:	<none>
Path params:	<none>
Headers:		authorization=Bearer eyJhbGciOiJIUzI1NiIsInR5cCI6IkpXVCJ9.eyJpZCI6IjY2ODE3OTc4OWVkMjgwMDAxYjQ1OTYxYyIsImlhdCI6MTcxOTc2MTI3MiwiZXhwIjoxNzE5NzYyNDcyfQ.LDSDDgRszxs8kWuegS4_3biWwD0bLSNlCZyfUzrOBpY
				Accept=*/*
				Content-Type=application/json
Cookies:		<none>
Multiparts:		<none>
Body:			<none>
Request method:	DELETE
Request URI:	https://stellarburgers.nomoreparties.site/api/auth/user
Proxy:			<none>
Request params:	<none>
Query params:	<none>
Form params:	<none>
Path params:	<none>
Headers:		authorization=Bearer eyJhbGciOiJIUzI1NiIsInR5cCI6IkpXVCJ9.eyJpZCI6IjY2ODE3OTc4OWVkMjgwMDAxYjQ1OTYxYyIsImlhdCI6MTcxOTc2MTI3MiwiZXhwIjoxNzE5NzYyNDcyfQ.LDSDDgRszxs8kWuegS4_3biWwD0bLSNlCZyfUzrOBpY
				Accept=*/*
				Content-Type=application/json
Cookies:		<none>
Multiparts:		<none>
Body:			<none>
Request method:	DELETE
Request URI:	https://stellarburgers.nomoreparties.site/api/auth/user
Proxy:			<none>
Request params:	<none>
Query params:	<none>
Form params:	<none>
Path params:	<none>
Headers:		authorization=Bearer eyJhbGciOiJIUzI1NiIsInR5cCI6IkpXVCJ9.eyJpZCI6IjY2ODE3OTc4OWVkMjgwMDAxYjQ1OTYxYyIsImlhdCI6MTcxOTc2MTI3MiwiZXhwIjoxNzE5NzYyNDcyfQ.LDSDDgRszxs8kWuegS4_3biWwD0bLSNlCZyfUzrOBpY
				Accept=*/*
				Content-Type=application/json
Cookies:		<none>
Multiparts:		<none>
Body:			<none>
Request method:	DELETE
Request URI:	https://stellarburgers.nomoreparties.site/api/auth/user
Proxy:			<none>
Request params:	<none>
Query params:	<none>
Form params:	<none>
Path params:	<none>
Headers:		authorization=Bearer eyJhbGciOiJIUzI1NiIsInR5cCI6IkpXVCJ9.eyJpZCI6IjY2ODE3OTc4OWVkMjgwMDAxYjQ1OTYxYyIsImlhdCI6MTcxOTc2MTI3MiwiZXhwIjoxNzE5NzYyNDcyfQ.LDSDDgRszxs8kWuegS4_3biWwD0bLSNlCZyfUzrOBpY
				Accept=*/*
				Content-Type=application/json
Cookies:		<none>
Multiparts:		<none>
Body:			<none>
Request method:	DELETE
Request URI:	https://stellarburgers.nomoreparties.site/api/auth/user
Proxy:			<none>
Request params:	<none>
Query params:	<none>
Form params:	<none>
Path params:	<none>
Headers:		authorization=Bearer eyJhbGciOiJIUzI1NiIsInR5cCI6IkpXVCJ9.eyJpZCI6IjY2ODE3OTc4OWVkMjgwMDAxYjQ1OTYxYyIsImlhdCI6MTcxOTc2MTI3MiwiZXhwIjoxNzE5NzYyNDcyfQ.LDSDDgRszxs8kWuegS4_3biWwD0bLSNlCZyfUzrOBpY
				Accept=*/*
				Content-Type=application/json
Cookies:		<none>
Multiparts:		<none>
Body:			<none>
HTTP/1.1 202 Accepted
Date: Sun, 30 Jun 2024 15:27:52 GMT
Content-Type: application/json; charset=utf-8
Content-Length: 54
Connection: keep-alive
X-Powered-By: Express
Access-Control-Allow-Origin: *
ETag: W/"36-hDmZnQ3Ou/ynnqAeC6TYmyseuzY"
CF-Cache-Status: DYNAMIC
Report-To: {"endpoints":[{"url":"https:\/\/a.nel.cloudflare.com\/report\/v4?s=DTij2SHxE24zSLtX6RXYW%2FMId4AGB9wMpgLULF6N4oMWe%2BDgqUHSehqirvW8IxfP6xr010uxvaU13zQInPOF8w%2FpWWPo%2FhDI8f2cCuNsaQ%2B77va1w8nIrQhKpaG%2BqNR25LyKBTfpiEWq3%2BWdOffN5Tg9km8%3D"}],"group":"cf-nel","max_age":604800}
NEL: {"success_fraction":0,"report_to":"cf-nel","max_age":604800}
Server: cloudflare
CF-RAY: 89bf2ed1e9ac6559-LHR
alt-svc: h3=":443"; ma=86400

{
    "success": true,
    "message": "User successfully removed"
}
HTTP/1.1 202 Accepted
Date: Sun, 30 Jun 2024 15:27:52 GMT
Content-Type: application/json; charset=utf-8
Content-Length: 54
Connection: keep-alive
X-Powered-By: Express
Access-Control-Allow-Origin: *
ETag: W/"36-hDmZnQ3Ou/ynnqAeC6TYmyseuzY"
CF-Cache-Status: DYNAMIC
Report-To: {"endpoints":[{"url":"https:\/\/a.nel.cloudflare.com\/report\/v4?s=DTij2SHxE24zSLtX6RXYW%2FMId4AGB9wMpgLULF6N4oMWe%2BDgqUHSehqirvW8IxfP6xr010uxvaU13zQInPOF8w%2FpWWPo%2FhDI8f2cCuNsaQ%2B77va1w8nIrQhKpaG%2BqNR25LyKBTfpiEWq3%2BWdOffN5Tg9km8%3D"}],"group":"cf-nel","max_age":604800}
NEL: {"success_fraction":0,"report_to":"cf-nel","max_age":604800}
Server: cloudflare
CF-RAY: 89bf2ed1e9ac6559-LHR
alt-svc: h3=":443"; ma=86400

{
    "success": true,
    "message": "User successfully removed"
}
HTTP/1.1 202 Accepted
Date: Sun, 30 Jun 2024 15:27:52 GMT
Content-Type: application/json; charset=utf-8
Content-Length: 54
Connection: keep-alive
X-Powered-By: Express
Access-Control-Allow-Origin: *
ETag: W/"36-hDmZnQ3Ou/ynnqAeC6TYmyseuzY"
CF-Cache-Status: DYNAMIC
Report-To: {"endpoints":[{"url":"https:\/\/a.nel.cloudflare.com\/report\/v4?s=DTij2SHxE24zSLtX6RXYW%2FMId4AGB9wMpgLULF6N4oMWe%2BDgqUHSehqirvW8IxfP6xr010uxvaU13zQInPOF8w%2FpWWPo%2FhDI8f2cCuNsaQ%2B77va1w8nIrQhKpaG%2BqNR25LyKBTfpiEWq3%2BWdOffN5Tg9km8%3D"}],"group":"cf-nel","max_age":604800}
NEL: {"success_fraction":0,"report_to":"cf-nel","max_age":604800}
Server: cloudflare
CF-RAY: 89bf2ed1e9ac6559-LHR
alt-svc: h3=":443"; ma=86400

{
    "success": true,
    "message": "User successfully removed"
}
HTTP/1.1 202 Accepted
Date: Sun, 30 Jun 2024 15:27:52 GMT
Content-Type: application/json; charset=utf-8
Content-Length: 54
Connection: keep-alive
X-Powered-By: Express
Access-Control-Allow-Origin: *
ETag: W/"36-hDmZnQ3Ou/ynnqAeC6TYmyseuzY"
CF-Cache-Status: DYNAMIC
Report-To: {"endpoints":[{"url":"https:\/\/a.nel.cloudflare.com\/report\/v4?s=DTij2SHxE24zSLtX6RXYW%2FMId4AGB9wMpgLULF6N4oMWe%2BDgqUHSehqirvW8IxfP6xr010uxvaU13zQInPOF8w%2FpWWPo%2FhDI8f2cCuNsaQ%2B77va1w8nIrQhKpaG%2BqNR25LyKBTfpiEWq3%2BWdOffN5Tg9km8%3D"}],"group":"cf-nel","max_age":604800}
NEL: {"success_fraction":0,"report_to":"cf-nel","max_age":604800}
Server: cloudflare
CF-RAY: 89bf2ed1e9ac6559-LHR
alt-svc: h3=":443"; ma=86400

{
    "success": true,
    "message": "User successfully removed"
}
HTTP/1.1 202 Accepted
Date: Sun, 30 Jun 2024 15:27:52 GMT
Content-Type: application/json; charset=utf-8
Content-Length: 54
Connection: keep-alive
X-Powered-By: Express
Access-Control-Allow-Origin: *
ETag: W/"36-hDmZnQ3Ou/ynnqAeC6TYmyseuzY"
CF-Cache-Status: DYNAMIC
Report-To: {"endpoints":[{"url":"https:\/\/a.nel.cloudflare.com\/report\/v4?s=DTij2SHxE24zSLtX6RXYW%2FMId4AGB9wMpgLULF6N4oMWe%2BDgqUHSehqirvW8IxfP6xr010uxvaU13zQInPOF8w%2FpWWPo%2FhDI8f2cCuNsaQ%2B77va1w8nIrQhKpaG%2BqNR25LyKBTfpiEWq3%2BWdOffN5Tg9km8%3D"}],"group":"cf-nel","max_age":604800}
NEL: {"success_fraction":0,"report_to":"cf-nel","max_age":604800}
Server: cloudflare
CF-RAY: 89bf2ed1e9ac6559-LHR
alt-svc: h3=":443"; ma=86400

{
    "success": true,
    "message": "User successfully removed"
}
HTTP/1.1 202 Accepted
Date: Sun, 30 Jun 2024 15:27:52 GMT
Content-Type: application/json; charset=utf-8
Content-Length: 54
Connection: keep-alive
X-Powered-By: Express
Access-Control-Allow-Origin: *
ETag: W/"36-hDmZnQ3Ou/ynnqAeC6TYmyseuzY"
CF-Cache-Status: DYNAMIC
Report-To: {"endpoints":[{"url":"https:\/\/a.nel.cloudflare.com\/report\/v4?s=DTij2SHxE24zSLtX6RXYW%2FMId4AGB9wMpgLULF6N4oMWe%2BDgqUHSehqirvW8IxfP6xr010uxvaU13zQInPOF8w%2FpWWPo%2FhDI8f2cCuNsaQ%2B77va1w8nIrQhKpaG%2BqNR25LyKBTfpiEWq3%2BWdOffN5Tg9km8%3D"}],"group":"cf-nel","max_age":604800}
NEL: {"success_fraction":0,"report_to":"cf-nel","max_age":604800}
Server: cloudflare
CF-RAY: 89bf2ed1e9ac6559-LHR
alt-svc: h3=":443"; ma=86400

{
    "success": true,
    "message": "User successfully removed"
}
HTTP/1.1 202 Accepted
Date: Sun, 30 Jun 2024 15:27:52 GMT
Content-Type: application/json; charset=utf-8
Content-Length: 54
Connection: keep-alive
X-Powered-By: Express
Access-Control-Allow-Origin: *
ETag: W/"36-hDmZnQ3Ou/ynnqAeC6TYmyseuzY"
CF-Cache-Status: DYNAMIC
Report-To: {"endpoints":[{"url":"https:\/\/a.nel.cloudflare.com\/report\/v4?s=DTij2SHxE24zSLtX6RXYW%2FMId4AGB9wMpgLULF6N4oMWe%2BDgqUHSehqirvW8IxfP6xr010uxvaU13zQInPOF8w%2FpWWPo%2FhDI8f2cCuNsaQ%2B77va1w8nIrQhKpaG%2BqNR25LyKBTfpiEWq3%2BWdOffN5Tg9km8%3D"}],"group":"cf-nel","max_age":604800}
NEL: {"success_fraction":0,"report_to":"cf-nel","max_age":604800}
Server: cloudflare
CF-RAY: 89bf2ed1e9ac6559-LHR
alt-svc: h3=":443"; ma=86400

{
    "success": true,
    "message": "User successfully removed"
}
HTTP/1.1 202 Accepted
Date: Sun, 30 Jun 2024 15:27:52 GMT
Content-Type: application/json; charset=utf-8
Content-Length: 54
Connection: keep-alive
X-Powered-By: Express
Access-Control-Allow-Origin: *
ETag: W/"36-hDmZnQ3Ou/ynnqAeC6TYmyseuzY"
CF-Cache-Status: DYNAMIC
Report-To: {"endpoints":[{"url":"https:\/\/a.nel.cloudflare.com\/report\/v4?s=DTij2SHxE24zSLtX6RXYW%2FMId4AGB9wMpgLULF6N4oMWe%2BDgqUHSehqirvW8IxfP6xr010uxvaU13zQInPOF8w%2FpWWPo%2FhDI8f2cCuNsaQ%2B77va1w8nIrQhKpaG%2BqNR25LyKBTfpiEWq3%2BWdOffN5Tg9km8%3D"}],"group":"cf-nel","max_age":604800}
NEL: {"success_fraction":0,"report_to":"cf-nel","max_age":604800}
Server: cloudflare
CF-RAY: 89bf2ed1e9ac6559-LHR
alt-svc: h3=":443"; ma=86400

{
    "success": true,
    "message": "User successfully removed"
}
HTTP/1.1 202 Accepted
Date: Sun, 30 Jun 2024 15:27:52 GMT
Content-Type: application/json; charset=utf-8
Content-Length: 54
Connection: keep-alive
X-Powered-By: Express
Access-Control-Allow-Origin: *
ETag: W/"36-hDmZnQ3Ou/ynnqAeC6TYmyseuzY"
CF-Cache-Status: DYNAMIC
Report-To: {"endpoints":[{"url":"https:\/\/a.nel.cloudflare.com\/report\/v4?s=DTij2SHxE24zSLtX6RXYW%2FMId4AGB9wMpgLULF6N4oMWe%2BDgqUHSehqirvW8IxfP6xr010uxvaU13zQInPOF8w%2FpWWPo%2FhDI8f2cCuNsaQ%2B77va1w8nIrQhKpaG%2BqNR25LyKBTfpiEWq3%2BWdOffN5Tg9km8%3D"}],"group":"cf-nel","max_age":604800}
NEL: {"success_fraction":0,"report_to":"cf-nel","max_age":604800}
Server: cloudflare
CF-RAY: 89bf2ed1e9ac6559-LHR
alt-svc: h3=":443"; ma=86400

{
    "success": true,
    "message": "User successfully removed"
}
HTTP/1.1 202 Accepted
Date: Sun, 30 Jun 2024 15:27:52 GMT
Content-Type: application/json; charset=utf-8
Content-Length: 54
Connection: keep-alive
X-Powered-By: Express
Access-Control-Allow-Origin: *
ETag: W/"36-hDmZnQ3Ou/ynnqAeC6TYmyseuzY"
CF-Cache-Status: DYNAMIC
Report-To: {"endpoints":[{"url":"https:\/\/a.nel.cloudflare.com\/report\/v4?s=DTij2SHxE24zSLtX6RXYW%2FMId4AGB9wMpgLULF6N4oMWe%2BDgqUHSehqirvW8IxfP6xr010uxvaU13zQInPOF8w%2FpWWPo%2FhDI8f2cCuNsaQ%2B77va1w8nIrQhKpaG%2BqNR25LyKBTfpiEWq3%2BWdOffN5Tg9km8%3D"}],"group":"cf-nel","max_age":604800}
NEL: {"success_fraction":0,"report_to":"cf-nel","max_age":604800}
Server: cloudflare
CF-RAY: 89bf2ed1e9ac6559-LHR
alt-svc: h3=":443"; ma=86400

{
    "success": true,
    "message": "User successfully removed"
}
HTTP/1.1 202 Accepted
Date: Sun, 30 Jun 2024 15:27:52 GMT
Content-Type: application/json; charset=utf-8
Content-Length: 54
Connection: keep-alive
X-Powered-By: Express
Access-Control-Allow-Origin: *
ETag: W/"36-hDmZnQ3Ou/ynnqAeC6TYmyseuzY"
CF-Cache-Status: DYNAMIC
Report-To: {"endpoints":[{"url":"https:\/\/a.nel.cloudflare.com\/report\/v4?s=DTij2SHxE24zSLtX6RXYW%2FMId4AGB9wMpgLULF6N4oMWe%2BDgqUHSehqirvW8IxfP6xr010uxvaU13zQInPOF8w%2FpWWPo%2FhDI8f2cCuNsaQ%2B77va1w8nIrQhKpaG%2BqNR25LyKBTfpiEWq3%2BWdOffN5Tg9km8%3D"}],"group":"cf-nel","max_age":604800}
NEL: {"success_fraction":0,"report_to":"cf-nel","max_age":604800}
Server: cloudflare
CF-RAY: 89bf2ed1e9ac6559-LHR
alt-svc: h3=":443"; ma=86400

{
    "success": true,
    "message": "User successfully removed"
}
HTTP/1.1 202 Accepted
Date: Sun, 30 Jun 2024 15:27:52 GMT
Content-Type: application/json; charset=utf-8
Content-Length: 54
Connection: keep-alive
X-Powered-By: Express
Access-Control-Allow-Origin: *
ETag: W/"36-hDmZnQ3Ou/ynnqAeC6TYmyseuzY"
CF-Cache-Status: DYNAMIC
Report-To: {"endpoints":[{"url":"https:\/\/a.nel.cloudflare.com\/report\/v4?s=DTij2SHxE24zSLtX6RXYW%2FMId4AGB9wMpgLULF6N4oMWe%2BDgqUHSehqirvW8IxfP6xr010uxvaU13zQInPOF8w%2FpWWPo%2FhDI8f2cCuNsaQ%2B77va1w8nIrQhKpaG%2BqNR25LyKBTfpiEWq3%2BWdOffN5Tg9km8%3D"}],"group":"cf-nel","max_age":604800}
NEL: {"success_fraction":0,"report_to":"cf-nel","max_age":604800}
Server: cloudflare
CF-RAY: 89bf2ed1e9ac6559-LHR
alt-svc: h3=":443"; ma=86400

{
    "success": true,
    "message": "User successfully removed"
}
HTTP/1.1 202 Accepted
Date: Sun, 30 Jun 2024 15:27:52 GMT
Content-Type: application/json; charset=utf-8
Content-Length: 54
Connection: keep-alive
X-Powered-By: Express
Access-Control-Allow-Origin: *
ETag: W/"36-hDmZnQ3Ou/ynnqAeC6TYmyseuzY"
CF-Cache-Status: DYNAMIC
Report-To: {"endpoints":[{"url":"https:\/\/a.nel.cloudflare.com\/report\/v4?s=DTij2SHxE24zSLtX6RXYW%2FMId4AGB9wMpgLULF6N4oMWe%2BDgqUHSehqirvW8IxfP6xr010uxvaU13zQInPOF8w%2FpWWPo%2FhDI8f2cCuNsaQ%2B77va1w8nIrQhKpaG%2BqNR25LyKBTfpiEWq3%2BWdOffN5Tg9km8%3D"}],"group":"cf-nel","max_age":604800}
NEL: {"success_fraction":0,"report_to":"cf-nel","max_age":604800}
Server: cloudflare
CF-RAY: 89bf2ed1e9ac6559-LHR
alt-svc: h3=":443"; ma=86400

{
    "success": true,
    "message": "User successfully removed"
}
HTTP/1.1 202 Accepted
Date: Sun, 30 Jun 2024 15:27:52 GMT
Content-Type: application/json; charset=utf-8
Content-Length: 54
Connection: keep-alive
X-Powered-By: Express
Access-Control-Allow-Origin: *
ETag: W/"36-hDmZnQ3Ou/ynnqAeC6TYmyseuzY"
CF-Cache-Status: DYNAMIC
Report-To: {"endpoints":[{"url":"https:\/\/a.nel.cloudflare.com\/report\/v4?s=DTij2SHxE24zSLtX6RXYW%2FMId4AGB9wMpgLULF6N4oMWe%2BDgqUHSehqirvW8IxfP6xr010uxvaU13zQInPOF8w%2FpWWPo%2FhDI8f2cCuNsaQ%2B77va1w8nIrQhKpaG%2BqNR25LyKBTfpiEWq3%2BWdOffN5Tg9km8%3D"}],"group":"cf-nel","max_age":604800}
NEL: {"success_fraction":0,"report_to":"cf-nel","max_age":604800}
Server: cloudflare
CF-RAY: 89bf2ed1e9ac6559-LHR
alt-svc: h3=":443"; ma=86400

{
    "success": true,
    "message": "User successfully removed"
}
HTTP/1.1 202 Accepted
Date: Sun, 30 Jun 2024 15:27:52 GMT
Content-Type: application/json; charset=utf-8
Content-Length: 54
Connection: keep-alive
X-Powered-By: Express
Access-Control-Allow-Origin: *
ETag: W/"36-hDmZnQ3Ou/ynnqAeC6TYmyseuzY"
CF-Cache-Status: DYNAMIC
Report-To: {"endpoints":[{"url":"https:\/\/a.nel.cloudflare.com\/report\/v4?s=DTij2SHxE24zSLtX6RXYW%2FMId4AGB9wMpgLULF6N4oMWe%2BDgqUHSehqirvW8IxfP6xr010uxvaU13zQInPOF8w%2FpWWPo%2FhDI8f2cCuNsaQ%2B77va1w8nIrQhKpaG%2BqNR25LyKBTfpiEWq3%2BWdOffN5Tg9km8%3D"}],"group":"cf-nel","max_age":604800}
NEL: {"success_fraction":0,"report_to":"cf-nel","max_age":604800}
Server: cloudflare
CF-RAY: 89bf2ed1e9ac6559-LHR
alt-svc: h3=":443"; ma=86400

{
    "success": true,
    "message": "User successfully removed"
}
HTTP/1.1 202 Accepted
Date: Sun, 30 Jun 2024 15:27:52 GMT
Content-Type: application/json; charset=utf-8
Content-Length: 54
Connection: keep-alive
X-Powered-By: Express
Access-Control-Allow-Origin: *
ETag: W/"36-hDmZnQ3Ou/ynnqAeC6TYmyseuzY"
CF-Cache-Status: DYNAMIC
Report-To: {"endpoints":[{"url":"https:\/\/a.nel.cloudflare.com\/report\/v4?s=DTij2SHxE24zSLtX6RXYW%2FMId4AGB9wMpgLULF6N4oMWe%2BDgqUHSehqirvW8IxfP6xr010uxvaU13zQInPOF8w%2FpWWPo%2FhDI8f2cCuNsaQ%2B77va1w8nIrQhKpaG%2BqNR25LyKBTfpiEWq3%2BWdOffN5Tg9km8%3D"}],"group":"cf-nel","max_age":604800}
NEL: {"success_fraction":0,"report_to":"cf-nel","max_age":604800}
Server: cloudflare
CF-RAY: 89bf2ed1e9ac6559-LHR
alt-svc: h3=":443"; ma=86400

{
    "success": true,
    "message": "User successfully removed"
}
HTTP/1.1 202 Accepted
Date: Sun, 30 Jun 2024 15:27:52 GMT
Content-Type: application/json; charset=utf-8
Content-Length: 54
Connection: keep-alive
X-Powered-By: Express
Access-Control-Allow-Origin: *
ETag: W/"36-hDmZnQ3Ou/ynnqAeC6TYmyseuzY"
CF-Cache-Status: DYNAMIC
Report-To: {"endpoints":[{"url":"https:\/\/a.nel.cloudflare.com\/report\/v4?s=DTij2SHxE24zSLtX6RXYW%2FMId4AGB9wMpgLULF6N4oMWe%2BDgqUHSehqirvW8IxfP6xr010uxvaU13zQInPOF8w%2FpWWPo%2FhDI8f2cCuNsaQ%2B77va1w8nIrQhKpaG%2BqNR25LyKBTfpiEWq3%2BWdOffN5Tg9km8%3D"}],"group":"cf-nel","max_age":604800}
NEL: {"success_fraction":0,"report_to":"cf-nel","max_age":604800}
Server: cloudflare
CF-RAY: 89bf2ed1e9ac6559-LHR
alt-svc: h3=":443"; ma=86400

{
    "success": true,
    "message": "User successfully removed"
}
HTTP/1.1 202 Accepted
Date: Sun, 30 Jun 2024 15:27:52 GMT
Content-Type: application/json; charset=utf-8
Content-Length: 54
Connection: keep-alive
X-Powered-By: Express
Access-Control-Allow-Origin: *
ETag: W/"36-hDmZnQ3Ou/ynnqAeC6TYmyseuzY"
CF-Cache-Status: DYNAMIC
Report-To: {"endpoints":[{"url":"https:\/\/a.nel.cloudflare.com\/report\/v4?s=DTij2SHxE24zSLtX6RXYW%2FMId4AGB9wMpgLULF6N4oMWe%2BDgqUHSehqirvW8IxfP6xr010uxvaU13zQInPOF8w%2FpWWPo%2FhDI8f2cCuNsaQ%2B77va1w8nIrQhKpaG%2BqNR25LyKBTfpiEWq3%2BWdOffN5Tg9km8%3D"}],"group":"cf-nel","max_age":604800}
NEL: {"success_fraction":0,"report_to":"cf-nel","max_age":604800}
Server: cloudflare
CF-RAY: 89bf2ed1e9ac6559-LHR
alt-svc: h3=":443"; ma=86400

{
    "success": true,
    "message": "User successfully removed"
}
HTTP/1.1 202 Accepted
Date: Sun, 30 Jun 2024 15:27:52 GMT
Content-Type: application/json; charset=utf-8
Content-Length: 54
Connection: keep-alive
X-Powered-By: Express
Access-Control-Allow-Origin: *
ETag: W/"36-hDmZnQ3Ou/ynnqAeC6TYmyseuzY"
CF-Cache-Status: DYNAMIC
Report-To: {"endpoints":[{"url":"https:\/\/a.nel.cloudflare.com\/report\/v4?s=DTij2SHxE24zSLtX6RXYW%2FMId4AGB9wMpgLULF6N4oMWe%2BDgqUHSehqirvW8IxfP6xr010uxvaU13zQInPOF8w%2FpWWPo%2FhDI8f2cCuNsaQ%2B77va1w8nIrQhKpaG%2BqNR25LyKBTfpiEWq3%2BWdOffN5Tg9km8%3D"}],"group":"cf-nel","max_age":604800}
NEL: {"success_fraction":0,"report_to":"cf-nel","max_age":604800}
Server: cloudflare
CF-RAY: 89bf2ed1e9ac6559-LHR
alt-svc: h3=":443"; ma=86400

{
    "success": true,
    "message": "User successfully removed"
}
HTTP/1.1 202 Accepted
Date: Sun, 30 Jun 2024 15:27:52 GMT
Content-Type: application/json; charset=utf-8
Content-Length: 54
Connection: keep-alive
X-Powered-By: Express
Access-Control-Allow-Origin: *
ETag: W/"36-hDmZnQ3Ou/ynnqAeC6TYmyseuzY"
CF-Cache-Status: DYNAMIC
Report-To: {"endpoints":[{"url":"https:\/\/a.nel.cloudflare.com\/report\/v4?s=DTij2SHxE24zSLtX6RXYW%2FMId4AGB9wMpgLULF6N4oMWe%2BDgqUHSehqirvW8IxfP6xr010uxvaU13zQInPOF8w%2FpWWPo%2FhDI8f2cCuNsaQ%2B77va1w8nIrQhKpaG%2BqNR25LyKBTfpiEWq3%2BWdOffN5Tg9km8%3D"}],"group":"cf-nel","max_age":604800}
NEL: {"success_fraction":0,"report_to":"cf-nel","max_age":604800}
Server: cloudflare
CF-RAY: 89bf2ed1e9ac6559-LHR
alt-svc: h3=":443"; ma=86400

{
    "success": true,
    "message": "User successfully removed"
}
HTTP/1.1 202 Accepted
Date: Sun, 30 Jun 2024 15:27:52 GMT
Content-Type: application/json; charset=utf-8
Content-Length: 54
Connection: keep-alive
X-Powered-By: Express
Access-Control-Allow-Origin: *
ETag: W/"36-hDmZnQ3Ou/ynnqAeC6TYmyseuzY"
CF-Cache-Status: DYNAMIC
Report-To: {"endpoints":[{"url":"https:\/\/a.nel.cloudflare.com\/report\/v4?s=DTij2SHxE24zSLtX6RXYW%2FMId4AGB9wMpgLULF6N4oMWe%2BDgqUHSehqirvW8IxfP6xr010uxvaU13zQInPOF8w%2FpWWPo%2FhDI8f2cCuNsaQ%2B77va1w8nIrQhKpaG%2BqNR25LyKBTfpiEWq3%2BWdOffN5Tg9km8%3D"}],"group":"cf-nel","max_age":604800}
NEL: {"success_fraction":0,"report_to":"cf-nel","max_age":604800}
Server: cloudflare
CF-RAY: 89bf2ed1e9ac6559-LHR
alt-svc: h3=":443"; ma=86400

{
    "success": true,
    "message": "User successfully removed"
}
HTTP/1.1 202 Accepted
Date: Sun, 30 Jun 2024 15:27:52 GMT
Content-Type: application/json; charset=utf-8
Content-Length: 54
Connection: keep-alive
X-Powered-By: Express
Access-Control-Allow-Origin: *
ETag: W/"36-hDmZnQ3Ou/ynnqAeC6TYmyseuzY"
CF-Cache-Status: DYNAMIC
Report-To: {"endpoints":[{"url":"https:\/\/a.nel.cloudflare.com\/report\/v4?s=DTij2SHxE24zSLtX6RXYW%2FMId4AGB9wMpgLULF6N4oMWe%2BDgqUHSehqirvW8IxfP6xr010uxvaU13zQInPOF8w%2FpWWPo%2FhDI8f2cCuNsaQ%2B77va1w8nIrQhKpaG%2BqNR25LyKBTfpiEWq3%2BWdOffN5Tg9km8%3D"}],"group":"cf-nel","max_age":604800}
NEL: {"success_fraction":0,"report_to":"cf-nel","max_age":604800}
Server: cloudflare
CF-RAY: 89bf2ed1e9ac6559-LHR
alt-svc: h3=":443"; ma=86400

{
    "success": true,
    "message": "User successfully removed"
}
HTTP/1.1 202 Accepted
Date: Sun, 30 Jun 2024 15:27:52 GMT
Content-Type: application/json; charset=utf-8
Content-Length: 54
Connection: keep-alive
X-Powered-By: Express
Access-Control-Allow-Origin: *
ETag: W/"36-hDmZnQ3Ou/ynnqAeC6TYmyseuzY"
CF-Cache-Status: DYNAMIC
Report-To: {"endpoints":[{"url":"https:\/\/a.nel.cloudflare.com\/report\/v4?s=DTij2SHxE24zSLtX6RXYW%2FMId4AGB9wMpgLULF6N4oMWe%2BDgqUHSehqirvW8IxfP6xr010uxvaU13zQInPOF8w%2FpWWPo%2FhDI8f2cCuNsaQ%2B77va1w8nIrQhKpaG%2BqNR25LyKBTfpiEWq3%2BWdOffN5Tg9km8%3D"}],"group":"cf-nel","max_age":604800}
NEL: {"success_fraction":0,"report_to":"cf-nel","max_age":604800}
Server: cloudflare
CF-RAY: 89bf2ed1e9ac6559-LHR
alt-svc: h3=":443"; ma=86400

{
    "success": true,
    "message": "User successfully removed"
}
HTTP/1.1 202 Accepted
Date: Sun, 30 Jun 2024 15:27:52 GMT
Content-Type: application/json; charset=utf-8
Content-Length: 54
Connection: keep-alive
X-Powered-By: Express
Access-Control-Allow-Origin: *
ETag: W/"36-hDmZnQ3Ou/ynnqAeC6TYmyseuzY"
CF-Cache-Status: DYNAMIC
Report-To: {"endpoints":[{"url":"https:\/\/a.nel.cloudflare.com\/report\/v4?s=DTij2SHxE24zSLtX6RXYW%2FMId4AGB9wMpgLULF6N4oMWe%2BDgqUHSehqirvW8IxfP6xr010uxvaU13zQInPOF8w%2FpWWPo%2FhDI8f2cCuNsaQ%2B77va1w8nIrQhKpaG%2BqNR25LyKBTfpiEWq3%2BWdOffN5Tg9km8%3D"}],"group":"cf-nel","max_age":604800}
NEL: {"success_fraction":0,"report_to":"cf-nel","max_age":604800}
Server: cloudflare
CF-RAY: 89bf2ed1e9ac6559-LHR
alt-svc: h3=":443"; ma=86400

{
    "success": true,
    "message": "User successfully removed"
}
HTTP/1.1 202 Accepted
Date: Sun, 30 Jun 2024 15:27:52 GMT
Content-Type: application/json; charset=utf-8
Content-Length: 54
Connection: keep-alive
X-Powered-By: Express
Access-Control-Allow-Origin: *
ETag: W/"36-hDmZnQ3Ou/ynnqAeC6TYmyseuzY"
CF-Cache-Status: DYNAMIC
Report-To: {"endpoints":[{"url":"https:\/\/a.nel.cloudflare.com\/report\/v4?s=DTij2SHxE24zSLtX6RXYW%2FMId4AGB9wMpgLULF6N4oMWe%2BDgqUHSehqirvW8IxfP6xr010uxvaU13zQInPOF8w%2FpWWPo%2FhDI8f2cCuNsaQ%2B77va1w8nIrQhKpaG%2BqNR25LyKBTfpiEWq3%2BWdOffN5Tg9km8%3D"}],"group":"cf-nel","max_age":604800}
NEL: {"success_fraction":0,"report_to":"cf-nel","max_age":604800}
Server: cloudflare
CF-RAY: 89bf2ed1e9ac6559-LHR
alt-svc: h3=":443"; ma=86400

{
    "success": true,
    "message": "User successfully removed"
}
HTTP/1.1 202 Accepted
Date: Sun, 30 Jun 2024 15:27:52 GMT
Content-Type: application/json; charset=utf-8
Content-Length: 54
Connection: keep-alive
X-Powered-By: Express
Access-Control-Allow-Origin: *
ETag: W/"36-hDmZnQ3Ou/ynnqAeC6TYmyseuzY"
CF-Cache-Status: DYNAMIC
Report-To: {"endpoints":[{"url":"https:\/\/a.nel.cloudflare.com\/report\/v4?s=DTij2SHxE24zSLtX6RXYW%2FMId4AGB9wMpgLULF6N4oMWe%2BDgqUHSehqirvW8IxfP6xr010uxvaU13zQInPOF8w%2FpWWPo%2FhDI8f2cCuNsaQ%2B77va1w8nIrQhKpaG%2BqNR25LyKBTfpiEWq3%2BWdOffN5Tg9km8%3D"}],"group":"cf-nel","max_age":604800}
NEL: {"success_fraction":0,"report_to":"cf-nel","max_age":604800}
Server: cloudflare
CF-RAY: 89bf2ed1e9ac6559-LHR
alt-svc: h3=":443"; ma=86400

{
    "success": true,
    "message": "User successfully removed"
}
HTTP/1.1 202 Accepted
Date: Sun, 30 Jun 2024 15:27:52 GMT
Content-Type: application/json; charset=utf-8
Content-Length: 54
Connection: keep-alive
X-Powered-By: Express
Access-Control-Allow-Origin: *
ETag: W/"36-hDmZnQ3Ou/ynnqAeC6TYmyseuzY"
CF-Cache-Status: DYNAMIC
Report-To: {"endpoints":[{"url":"https:\/\/a.nel.cloudflare.com\/report\/v4?s=DTij2SHxE24zSLtX6RXYW%2FMId4AGB9wMpgLULF6N4oMWe%2BDgqUHSehqirvW8IxfP6xr010uxvaU13zQInPOF8w%2FpWWPo%2FhDI8f2cCuNsaQ%2B77va1w8nIrQhKpaG%2BqNR25LyKBTfpiEWq3%2BWdOffN5Tg9km8%3D"}],"group":"cf-nel","max_age":604800}
NEL: {"success_fraction":0,"report_to":"cf-nel","max_age":604800}
Server: cloudflare
CF-RAY: 89bf2ed1e9ac6559-LHR
alt-svc: h3=":443"; ma=86400

{
    "success": true,
    "message": "User successfully removed"
}
HTTP/1.1 202 Accepted
Date: Sun, 30 Jun 2024 15:27:52 GMT
Content-Type: application/json; charset=utf-8
Content-Length: 54
Connection: keep-alive
X-Powered-By: Express
Access-Control-Allow-Origin: *
ETag: W/"36-hDmZnQ3Ou/ynnqAeC6TYmyseuzY"
CF-Cache-Status: DYNAMIC
Report-To: {"endpoints":[{"url":"https:\/\/a.nel.cloudflare.com\/report\/v4?s=DTij2SHxE24zSLtX6RXYW%2FMId4AGB9wMpgLULF6N4oMWe%2BDgqUHSehqirvW8IxfP6xr010uxvaU13zQInPOF8w%2FpWWPo%2FhDI8f2cCuNsaQ%2B77va1w8nIrQhKpaG%2BqNR25LyKBTfpiEWq3%2BWdOffN5Tg9km8%3D"}],"group":"cf-nel","max_age":604800}
NEL: {"success_fraction":0,"report_to":"cf-nel","max_age":604800}
Server: cloudflare
CF-RAY: 89bf2ed1e9ac6559-LHR
alt-svc: h3=":443"; ma=86400

{
    "success": true,
    "message": "User successfully removed"
}
HTTP/1.1 202 Accepted
Date: Sun, 30 Jun 2024 15:27:52 GMT
Content-Type: application/json; charset=utf-8
Content-Length: 54
Connection: keep-alive
X-Powered-By: Express
Access-Control-Allow-Origin: *
ETag: W/"36-hDmZnQ3Ou/ynnqAeC6TYmyseuzY"
CF-Cache-Status: DYNAMIC
Report-To: {"endpoints":[{"url":"https:\/\/a.nel.cloudflare.com\/report\/v4?s=DTij2SHxE24zSLtX6RXYW%2FMId4AGB9wMpgLULF6N4oMWe%2BDgqUHSehqirvW8IxfP6xr010uxvaU13zQInPOF8w%2FpWWPo%2FhDI8f2cCuNsaQ%2B77va1w8nIrQhKpaG%2BqNR25LyKBTfpiEWq3%2BWdOffN5Tg9km8%3D"}],"group":"cf-nel","max_age":604800}
NEL: {"success_fraction":0,"report_to":"cf-nel","max_age":604800}
Server: cloudflare
CF-RAY: 89bf2ed1e9ac6559-LHR
alt-svc: h3=":443"; ma=86400

{
    "success": true,
    "message": "User successfully removed"
}
HTTP/1.1 202 Accepted
Date: Sun, 30 Jun 2024 15:27:52 GMT
Content-Type: application/json; charset=utf-8
Content-Length: 54
Connection: keep-alive
X-Powered-By: Express
Access-Control-Allow-Origin: *
ETag: W/"36-hDmZnQ3Ou/ynnqAeC6TYmyseuzY"
CF-Cache-Status: DYNAMIC
Report-To: {"endpoints":[{"url":"https:\/\/a.nel.cloudflare.com\/report\/v4?s=DTij2SHxE24zSLtX6RXYW%2FMId4AGB9wMpgLULF6N4oMWe%2BDgqUHSehqirvW8IxfP6xr010uxvaU13zQInPOF8w%2FpWWPo%2FhDI8f2cCuNsaQ%2B77va1w8nIrQhKpaG%2BqNR25LyKBTfpiEWq3%2BWdOffN5Tg9km8%3D"}],"group":"cf-nel","max_age":604800}
NEL: {"success_fraction":0,"report_to":"cf-nel","max_age":604800}
Server: cloudflare
CF-RAY: 89bf2ed1e9ac6559-LHR
alt-svc: h3=":443"; ma=86400

{
    "success": true,
    "message": "User successfully removed"
}
HTTP/1.1 202 Accepted
Date: Sun, 30 Jun 2024 15:27:52 GMT
Content-Type: application/json; charset=utf-8
Content-Length: 54
Connection: keep-alive
X-Powered-By: Express
Access-Control-Allow-Origin: *
ETag: W/"36-hDmZnQ3Ou/ynnqAeC6TYmyseuzY"
CF-Cache-Status: DYNAMIC
Report-To: {"endpoints":[{"url":"https:\/\/a.nel.cloudflare.com\/report\/v4?s=DTij2SHxE24zSLtX6RXYW%2FMId4AGB9wMpgLULF6N4oMWe%2BDgqUHSehqirvW8IxfP6xr010uxvaU13zQInPOF8w%2FpWWPo%2FhDI8f2cCuNsaQ%2B77va1w8nIrQhKpaG%2BqNR25LyKBTfpiEWq3%2BWdOffN5Tg9km8%3D"}],"group":"cf-nel","max_age":604800}
NEL: {"success_fraction":0,"report_to":"cf-nel","max_age":604800}
Server: cloudflare
CF-RAY: 89bf2ed1e9ac6559-LHR
alt-svc: h3=":443"; ma=86400

{
    "success": true,
    "message": "User successfully removed"
}
HTTP/1.1 202 Accepted
Date: Sun, 30 Jun 2024 15:27:52 GMT
Content-Type: application/json; charset=utf-8
Content-Length: 54
Connection: keep-alive
X-Powered-By: Express
Access-Control-Allow-Origin: *
ETag: W/"36-hDmZnQ3Ou/ynnqAeC6TYmyseuzY"
CF-Cache-Status: DYNAMIC
Report-To: {"endpoints":[{"url":"https:\/\/a.nel.cloudflare.com\/report\/v4?s=DTij2SHxE24zSLtX6RXYW%2FMId4AGB9wMpgLULF6N4oMWe%2BDgqUHSehqirvW8IxfP6xr010uxvaU13zQInPOF8w%2FpWWPo%2FhDI8f2cCuNsaQ%2B77va1w8nIrQhKpaG%2BqNR25LyKBTfpiEWq3%2BWdOffN5Tg9km8%3D"}],"group":"cf-nel","max_age":604800}
NEL: {"success_fraction":0,"report_to":"cf-nel","max_age":604800}
Server: cloudflare
CF-RAY: 89bf2ed1e9ac6559-LHR
alt-svc: h3=":443"; ma=86400

{
    "success": true,
    "message": "User successfully removed"
}
HTTP/1.1 202 Accepted
Date: Sun, 30 Jun 2024 15:27:52 GMT
Content-Type: application/json; charset=utf-8
Content-Length: 54
Connection: keep-alive
X-Powered-By: Express
Access-Control-Allow-Origin: *
ETag: W/"36-hDmZnQ3Ou/ynnqAeC6TYmyseuzY"
CF-Cache-Status: DYNAMIC
Report-To: {"endpoints":[{"url":"https:\/\/a.nel.cloudflare.com\/report\/v4?s=DTij2SHxE24zSLtX6RXYW%2FMId4AGB9wMpgLULF6N4oMWe%2BDgqUHSehqirvW8IxfP6xr010uxvaU13zQInPOF8w%2FpWWPo%2FhDI8f2cCuNsaQ%2B77va1w8nIrQhKpaG%2BqNR25LyKBTfpiEWq3%2BWdOffN5Tg9km8%3D"}],"group":"cf-nel","max_age":604800}
NEL: {"success_fraction":0,"report_to":"cf-nel","max_age":604800}
Server: cloudflare
CF-RAY: 89bf2ed1e9ac6559-LHR
alt-svc: h3=":443"; ma=86400

{
    "success": true,
    "message": "User successfully removed"
}
HTTP/1.1 202 Accepted
Date: Sun, 30 Jun 2024 15:27:52 GMT
Content-Type: application/json; charset=utf-8
Content-Length: 54
Connection: keep-alive
X-Powered-By: Express
Access-Control-Allow-Origin: *
ETag: W/"36-hDmZnQ3Ou/ynnqAeC6TYmyseuzY"
CF-Cache-Status: DYNAMIC
Report-To: {"endpoints":[{"url":"https:\/\/a.nel.cloudflare.com\/report\/v4?s=DTij2SHxE24zSLtX6RXYW%2FMId4AGB9wMpgLULF6N4oMWe%2BDgqUHSehqirvW8IxfP6xr010uxvaU13zQInPOF8w%2FpWWPo%2FhDI8f2cCuNsaQ%2B77va1w8nIrQhKpaG%2BqNR25LyKBTfpiEWq3%2BWdOffN5Tg9km8%3D"}],"group":"cf-nel","max_age":604800}
NEL: {"success_fraction":0,"report_to":"cf-nel","max_age":604800}
Server: cloudflare
CF-RAY: 89bf2ed1e9ac6559-LHR
alt-svc: h3=":443"; ma=86400

{
    "success": true,
    "message": "User successfully removed"
}
]]></system-out>
  </testcase>
  <testcase name="updateNameUserAuth" classname="UpdateUserTest" time="1.637">
    <system-out><![CDATA[Request method:	POST
Request URI:	https://stellarburgers.nomoreparties.site/api/auth/register
Proxy:			<none>
Request params:	<none>
Query params:	<none>
Form params:	<none>
Path params:	<none>
Headers:		Accept=*/*
				Content-Type=application/json
Cookies:		<none>
Multiparts:		<none>
Body:
{
    "email": "AQviXwYuVC@ya.ru",
    "password": "ihPCXJTMpe",
    "name": "FnreTqpzOR"
}
Request method:	POST
Request URI:	https://stellarburgers.nomoreparties.site/api/auth/register
Proxy:			<none>
Request params:	<none>
Query params:	<none>
Form params:	<none>
Path params:	<none>
Headers:		Accept=*/*
				Content-Type=application/json
Cookies:		<none>
Multiparts:		<none>
Body:
{
    "email": "AQviXwYuVC@ya.ru",
    "password": "ihPCXJTMpe",
    "name": "FnreTqpzOR"
}
Request method:	POST
Request URI:	https://stellarburgers.nomoreparties.site/api/auth/register
Proxy:			<none>
Request params:	<none>
Query params:	<none>
Form params:	<none>
Path params:	<none>
Headers:		Accept=*/*
				Content-Type=application/json
Cookies:		<none>
Multiparts:		<none>
Body:
{
    "email": "AQviXwYuVC@ya.ru",
    "password": "ihPCXJTMpe",
    "name": "FnreTqpzOR"
}
Request method:	POST
Request URI:	https://stellarburgers.nomoreparties.site/api/auth/register
Proxy:			<none>
Request params:	<none>
Query params:	<none>
Form params:	<none>
Path params:	<none>
Headers:		Accept=*/*
				Content-Type=application/json
Cookies:		<none>
Multiparts:		<none>
Body:
{
    "email": "AQviXwYuVC@ya.ru",
    "password": "ihPCXJTMpe",
    "name": "FnreTqpzOR"
}
Request method:	POST
Request URI:	https://stellarburgers.nomoreparties.site/api/auth/register
Proxy:			<none>
Request params:	<none>
Query params:	<none>
Form params:	<none>
Path params:	<none>
Headers:		Accept=*/*
				Content-Type=application/json
Cookies:		<none>
Multiparts:		<none>
Body:
{
    "email": "AQviXwYuVC@ya.ru",
    "password": "ihPCXJTMpe",
    "name": "FnreTqpzOR"
}
Request method:	POST
Request URI:	https://stellarburgers.nomoreparties.site/api/auth/register
Proxy:			<none>
Request params:	<none>
Query params:	<none>
Form params:	<none>
Path params:	<none>
Headers:		Accept=*/*
				Content-Type=application/json
Cookies:		<none>
Multiparts:		<none>
Body:
{
    "email": "AQviXwYuVC@ya.ru",
    "password": "ihPCXJTMpe",
    "name": "FnreTqpzOR"
}
Request method:	POST
Request URI:	https://stellarburgers.nomoreparties.site/api/auth/register
Proxy:			<none>
Request params:	<none>
Query params:	<none>
Form params:	<none>
Path params:	<none>
Headers:		Accept=*/*
				Content-Type=application/json
Cookies:		<none>
Multiparts:		<none>
Body:
{
    "email": "AQviXwYuVC@ya.ru",
    "password": "ihPCXJTMpe",
    "name": "FnreTqpzOR"
}
Request method:	POST
Request URI:	https://stellarburgers.nomoreparties.site/api/auth/register
Proxy:			<none>
Request params:	<none>
Query params:	<none>
Form params:	<none>
Path params:	<none>
Headers:		Accept=*/*
				Content-Type=application/json
Cookies:		<none>
Multiparts:		<none>
Body:
{
    "email": "AQviXwYuVC@ya.ru",
    "password": "ihPCXJTMpe",
    "name": "FnreTqpzOR"
}
Request method:	POST
Request URI:	https://stellarburgers.nomoreparties.site/api/auth/register
Proxy:			<none>
Request params:	<none>
Query params:	<none>
Form params:	<none>
Path params:	<none>
Headers:		Accept=*/*
				Content-Type=application/json
Cookies:		<none>
Multiparts:		<none>
Body:
{
    "email": "AQviXwYuVC@ya.ru",
    "password": "ihPCXJTMpe",
    "name": "FnreTqpzOR"
}
Request method:	POST
Request URI:	https://stellarburgers.nomoreparties.site/api/auth/register
Proxy:			<none>
Request params:	<none>
Query params:	<none>
Form params:	<none>
Path params:	<none>
Headers:		Accept=*/*
				Content-Type=application/json
Cookies:		<none>
Multiparts:		<none>
Body:
{
    "email": "AQviXwYuVC@ya.ru",
    "password": "ihPCXJTMpe",
    "name": "FnreTqpzOR"
}
Request method:	POST
Request URI:	https://stellarburgers.nomoreparties.site/api/auth/register
Proxy:			<none>
Request params:	<none>
Query params:	<none>
Form params:	<none>
Path params:	<none>
Headers:		Accept=*/*
				Content-Type=application/json
Cookies:		<none>
Multiparts:		<none>
Body:
{
    "email": "AQviXwYuVC@ya.ru",
    "password": "ihPCXJTMpe",
    "name": "FnreTqpzOR"
}
Request method:	POST
Request URI:	https://stellarburgers.nomoreparties.site/api/auth/register
Proxy:			<none>
Request params:	<none>
Query params:	<none>
Form params:	<none>
Path params:	<none>
Headers:		Accept=*/*
				Content-Type=application/json
Cookies:		<none>
Multiparts:		<none>
Body:
{
    "email": "AQviXwYuVC@ya.ru",
    "password": "ihPCXJTMpe",
    "name": "FnreTqpzOR"
}
Request method:	POST
Request URI:	https://stellarburgers.nomoreparties.site/api/auth/register
Proxy:			<none>
Request params:	<none>
Query params:	<none>
Form params:	<none>
Path params:	<none>
Headers:		Accept=*/*
				Content-Type=application/json
Cookies:		<none>
Multiparts:		<none>
Body:
{
    "email": "AQviXwYuVC@ya.ru",
    "password": "ihPCXJTMpe",
    "name": "FnreTqpzOR"
}
Request method:	POST
Request URI:	https://stellarburgers.nomoreparties.site/api/auth/register
Proxy:			<none>
Request params:	<none>
Query params:	<none>
Form params:	<none>
Path params:	<none>
Headers:		Accept=*/*
				Content-Type=application/json
Cookies:		<none>
Multiparts:		<none>
Body:
{
    "email": "AQviXwYuVC@ya.ru",
    "password": "ihPCXJTMpe",
    "name": "FnreTqpzOR"
}
Request method:	POST
Request URI:	https://stellarburgers.nomoreparties.site/api/auth/register
Proxy:			<none>
Request params:	<none>
Query params:	<none>
Form params:	<none>
Path params:	<none>
Headers:		Accept=*/*
				Content-Type=application/json
Cookies:		<none>
Multiparts:		<none>
Body:
{
    "email": "AQviXwYuVC@ya.ru",
    "password": "ihPCXJTMpe",
    "name": "FnreTqpzOR"
}
Request method:	POST
Request URI:	https://stellarburgers.nomoreparties.site/api/auth/register
Proxy:			<none>
Request params:	<none>
Query params:	<none>
Form params:	<none>
Path params:	<none>
Headers:		Accept=*/*
				Content-Type=application/json
Cookies:		<none>
Multiparts:		<none>
Body:
{
    "email": "AQviXwYuVC@ya.ru",
    "password": "ihPCXJTMpe",
    "name": "FnreTqpzOR"
}
Request method:	POST
Request URI:	https://stellarburgers.nomoreparties.site/api/auth/register
Proxy:			<none>
Request params:	<none>
Query params:	<none>
Form params:	<none>
Path params:	<none>
Headers:		Accept=*/*
				Content-Type=application/json
Cookies:		<none>
Multiparts:		<none>
Body:
{
    "email": "AQviXwYuVC@ya.ru",
    "password": "ihPCXJTMpe",
    "name": "FnreTqpzOR"
}
Request method:	POST
Request URI:	https://stellarburgers.nomoreparties.site/api/auth/register
Proxy:			<none>
Request params:	<none>
Query params:	<none>
Form params:	<none>
Path params:	<none>
Headers:		Accept=*/*
				Content-Type=application/json
Cookies:		<none>
Multiparts:		<none>
Body:
{
    "email": "AQviXwYuVC@ya.ru",
    "password": "ihPCXJTMpe",
    "name": "FnreTqpzOR"
}
Request method:	POST
Request URI:	https://stellarburgers.nomoreparties.site/api/auth/register
Proxy:			<none>
Request params:	<none>
Query params:	<none>
Form params:	<none>
Path params:	<none>
Headers:		Accept=*/*
				Content-Type=application/json
Cookies:		<none>
Multiparts:		<none>
Body:
{
    "email": "AQviXwYuVC@ya.ru",
    "password": "ihPCXJTMpe",
    "name": "FnreTqpzOR"
}
Request method:	POST
Request URI:	https://stellarburgers.nomoreparties.site/api/auth/register
Proxy:			<none>
Request params:	<none>
Query params:	<none>
Form params:	<none>
Path params:	<none>
Headers:		Accept=*/*
				Content-Type=application/json
Cookies:		<none>
Multiparts:		<none>
Body:
{
    "email": "AQviXwYuVC@ya.ru",
    "password": "ihPCXJTMpe",
    "name": "FnreTqpzOR"
}
Request method:	POST
Request URI:	https://stellarburgers.nomoreparties.site/api/auth/register
Proxy:			<none>
Request params:	<none>
Query params:	<none>
Form params:	<none>
Path params:	<none>
Headers:		Accept=*/*
				Content-Type=application/json
Cookies:		<none>
Multiparts:		<none>
Body:
{
    "email": "AQviXwYuVC@ya.ru",
    "password": "ihPCXJTMpe",
    "name": "FnreTqpzOR"
}
Request method:	POST
Request URI:	https://stellarburgers.nomoreparties.site/api/auth/register
Proxy:			<none>
Request params:	<none>
Query params:	<none>
Form params:	<none>
Path params:	<none>
Headers:		Accept=*/*
				Content-Type=application/json
Cookies:		<none>
Multiparts:		<none>
Body:
{
    "email": "AQviXwYuVC@ya.ru",
    "password": "ihPCXJTMpe",
    "name": "FnreTqpzOR"
}
Request method:	POST
Request URI:	https://stellarburgers.nomoreparties.site/api/auth/register
Proxy:			<none>
Request params:	<none>
Query params:	<none>
Form params:	<none>
Path params:	<none>
Headers:		Accept=*/*
				Content-Type=application/json
Cookies:		<none>
Multiparts:		<none>
Body:
{
    "email": "AQviXwYuVC@ya.ru",
    "password": "ihPCXJTMpe",
    "name": "FnreTqpzOR"
}
Request method:	POST
Request URI:	https://stellarburgers.nomoreparties.site/api/auth/register
Proxy:			<none>
Request params:	<none>
Query params:	<none>
Form params:	<none>
Path params:	<none>
Headers:		Accept=*/*
				Content-Type=application/json
Cookies:		<none>
Multiparts:		<none>
Body:
{
    "email": "AQviXwYuVC@ya.ru",
    "password": "ihPCXJTMpe",
    "name": "FnreTqpzOR"
}
Request method:	POST
Request URI:	https://stellarburgers.nomoreparties.site/api/auth/register
Proxy:			<none>
Request params:	<none>
Query params:	<none>
Form params:	<none>
Path params:	<none>
Headers:		Accept=*/*
				Content-Type=application/json
Cookies:		<none>
Multiparts:		<none>
Body:
{
    "email": "AQviXwYuVC@ya.ru",
    "password": "ihPCXJTMpe",
    "name": "FnreTqpzOR"
}
Request method:	POST
Request URI:	https://stellarburgers.nomoreparties.site/api/auth/register
Proxy:			<none>
Request params:	<none>
Query params:	<none>
Form params:	<none>
Path params:	<none>
Headers:		Accept=*/*
				Content-Type=application/json
Cookies:		<none>
Multiparts:		<none>
Body:
{
    "email": "AQviXwYuVC@ya.ru",
    "password": "ihPCXJTMpe",
    "name": "FnreTqpzOR"
}
Request method:	POST
Request URI:	https://stellarburgers.nomoreparties.site/api/auth/register
Proxy:			<none>
Request params:	<none>
Query params:	<none>
Form params:	<none>
Path params:	<none>
Headers:		Accept=*/*
				Content-Type=application/json
Cookies:		<none>
Multiparts:		<none>
Body:
{
    "email": "AQviXwYuVC@ya.ru",
    "password": "ihPCXJTMpe",
    "name": "FnreTqpzOR"
}
Request method:	POST
Request URI:	https://stellarburgers.nomoreparties.site/api/auth/register
Proxy:			<none>
Request params:	<none>
Query params:	<none>
Form params:	<none>
Path params:	<none>
Headers:		Accept=*/*
				Content-Type=application/json
Cookies:		<none>
Multiparts:		<none>
Body:
{
    "email": "AQviXwYuVC@ya.ru",
    "password": "ihPCXJTMpe",
    "name": "FnreTqpzOR"
}
Request method:	POST
Request URI:	https://stellarburgers.nomoreparties.site/api/auth/register
Proxy:			<none>
Request params:	<none>
Query params:	<none>
Form params:	<none>
Path params:	<none>
Headers:		Accept=*/*
				Content-Type=application/json
Cookies:		<none>
Multiparts:		<none>
Body:
{
    "email": "AQviXwYuVC@ya.ru",
    "password": "ihPCXJTMpe",
    "name": "FnreTqpzOR"
}
Request method:	POST
Request URI:	https://stellarburgers.nomoreparties.site/api/auth/register
Proxy:			<none>
Request params:	<none>
Query params:	<none>
Form params:	<none>
Path params:	<none>
Headers:		Accept=*/*
				Content-Type=application/json
Cookies:		<none>
Multiparts:		<none>
Body:
{
    "email": "AQviXwYuVC@ya.ru",
    "password": "ihPCXJTMpe",
    "name": "FnreTqpzOR"
}
Request method:	POST
Request URI:	https://stellarburgers.nomoreparties.site/api/auth/register
Proxy:			<none>
Request params:	<none>
Query params:	<none>
Form params:	<none>
Path params:	<none>
Headers:		Accept=*/*
				Content-Type=application/json
Cookies:		<none>
Multiparts:		<none>
Body:
{
    "email": "AQviXwYuVC@ya.ru",
    "password": "ihPCXJTMpe",
    "name": "FnreTqpzOR"
}
Request method:	POST
Request URI:	https://stellarburgers.nomoreparties.site/api/auth/register
Proxy:			<none>
Request params:	<none>
Query params:	<none>
Form params:	<none>
Path params:	<none>
Headers:		Accept=*/*
				Content-Type=application/json
Cookies:		<none>
Multiparts:		<none>
Body:
{
    "email": "AQviXwYuVC@ya.ru",
    "password": "ihPCXJTMpe",
    "name": "FnreTqpzOR"
}
Request method:	POST
Request URI:	https://stellarburgers.nomoreparties.site/api/auth/register
Proxy:			<none>
Request params:	<none>
Query params:	<none>
Form params:	<none>
Path params:	<none>
Headers:		Accept=*/*
				Content-Type=application/json
Cookies:		<none>
Multiparts:		<none>
Body:
{
    "email": "AQviXwYuVC@ya.ru",
    "password": "ihPCXJTMpe",
    "name": "FnreTqpzOR"
}
Request method:	POST
Request URI:	https://stellarburgers.nomoreparties.site/api/auth/register
Proxy:			<none>
Request params:	<none>
Query params:	<none>
Form params:	<none>
Path params:	<none>
Headers:		Accept=*/*
				Content-Type=application/json
Cookies:		<none>
Multiparts:		<none>
Body:
{
    "email": "AQviXwYuVC@ya.ru",
    "password": "ihPCXJTMpe",
    "name": "FnreTqpzOR"
}
HTTP/1.1 200 OK
Date: Sun, 30 Jun 2024 15:27:53 GMT
Content-Type: application/json; charset=utf-8
Transfer-Encoding: chunked
Connection: keep-alive
X-Powered-By: Express
Access-Control-Allow-Origin: *
authorization: Bearer eyJhbGciOiJIUzI1NiIsInR5cCI6IkpXVCJ9.eyJpZCI6IjY2ODE3OTc5OWVkMjgwMDAxYjQ1OTYyMiIsImlhdCI6MTcxOTc2MTI3MywiZXhwIjoxNzE5NzYyNDczfQ.QMe0rHXaRi5UhzAuTs9K4w8Ut0gH68WYVjzF2IV8xes
ETag: W/"16d-bB/D17w9xdGvoJi0NNv64Cpi6QQ"
CF-Cache-Status: DYNAMIC
Report-To: {"endpoints":[{"url":"https:\/\/a.nel.cloudflare.com\/report\/v4?s=cA9%2BOqffVI45BpfUm388%2FdbrofDXWc1WE8rCh2VKbz%2BzVOD%2Bs6Ns7muNCbkBma%2BdPvPQyTaqPmrxIesdmnH1bCeVozEkHTQnVINJl7DPnU1cyUebtRmcDC5M%2Fx5dg%2Bv%2FMQ7wgV9rog%2FxUykVPdFJs8gYajg%3D"}],"group":"cf-nel","max_age":604800}
NEL: {"success_fraction":0,"report_to":"cf-nel","max_age":604800}
Server: cloudflare
CF-RAY: 89bf2ed4d9d276ad-DME
Content-Encoding: gzip
alt-svc: h3=":443"; ma=86400

{
    "success": true,
    "user": {
        "email": "aqvixwyuvc@ya.ru",
        "name": "FnreTqpzOR"
    },
    "accessToken": "Bearer eyJhbGciOiJIUzI1NiIsInR5cCI6IkpXVCJ9.eyJpZCI6IjY2ODE3OTc5OWVkMjgwMDAxYjQ1OTYyMiIsImlhdCI6MTcxOTc2MTI3MywiZXhwIjoxNzE5NzYyNDczfQ.QMe0rHXaRi5UhzAuTs9K4w8Ut0gH68WYVjzF2IV8xes",
    "refreshToken": "430355c5cf18895cd40593066509c01c720d8b37b73b0bce70da84c1454ca501d60e27713724f682"
}
HTTP/1.1 200 OK
Date: Sun, 30 Jun 2024 15:27:53 GMT
Content-Type: application/json; charset=utf-8
Transfer-Encoding: chunked
Connection: keep-alive
X-Powered-By: Express
Access-Control-Allow-Origin: *
authorization: Bearer eyJhbGciOiJIUzI1NiIsInR5cCI6IkpXVCJ9.eyJpZCI6IjY2ODE3OTc5OWVkMjgwMDAxYjQ1OTYyMiIsImlhdCI6MTcxOTc2MTI3MywiZXhwIjoxNzE5NzYyNDczfQ.QMe0rHXaRi5UhzAuTs9K4w8Ut0gH68WYVjzF2IV8xes
ETag: W/"16d-bB/D17w9xdGvoJi0NNv64Cpi6QQ"
CF-Cache-Status: DYNAMIC
Report-To: {"endpoints":[{"url":"https:\/\/a.nel.cloudflare.com\/report\/v4?s=cA9%2BOqffVI45BpfUm388%2FdbrofDXWc1WE8rCh2VKbz%2BzVOD%2Bs6Ns7muNCbkBma%2BdPvPQyTaqPmrxIesdmnH1bCeVozEkHTQnVINJl7DPnU1cyUebtRmcDC5M%2Fx5dg%2Bv%2FMQ7wgV9rog%2FxUykVPdFJs8gYajg%3D"}],"group":"cf-nel","max_age":604800}
NEL: {"success_fraction":0,"report_to":"cf-nel","max_age":604800}
Server: cloudflare
CF-RAY: 89bf2ed4d9d276ad-DME
Content-Encoding: gzip
alt-svc: h3=":443"; ma=86400

{
    "success": true,
    "user": {
        "email": "aqvixwyuvc@ya.ru",
        "name": "FnreTqpzOR"
    },
    "accessToken": "Bearer eyJhbGciOiJIUzI1NiIsInR5cCI6IkpXVCJ9.eyJpZCI6IjY2ODE3OTc5OWVkMjgwMDAxYjQ1OTYyMiIsImlhdCI6MTcxOTc2MTI3MywiZXhwIjoxNzE5NzYyNDczfQ.QMe0rHXaRi5UhzAuTs9K4w8Ut0gH68WYVjzF2IV8xes",
    "refreshToken": "430355c5cf18895cd40593066509c01c720d8b37b73b0bce70da84c1454ca501d60e27713724f682"
}
HTTP/1.1 200 OK
Date: Sun, 30 Jun 2024 15:27:53 GMT
Content-Type: application/json; charset=utf-8
Transfer-Encoding: chunked
Connection: keep-alive
X-Powered-By: Express
Access-Control-Allow-Origin: *
authorization: Bearer eyJhbGciOiJIUzI1NiIsInR5cCI6IkpXVCJ9.eyJpZCI6IjY2ODE3OTc5OWVkMjgwMDAxYjQ1OTYyMiIsImlhdCI6MTcxOTc2MTI3MywiZXhwIjoxNzE5NzYyNDczfQ.QMe0rHXaRi5UhzAuTs9K4w8Ut0gH68WYVjzF2IV8xes
ETag: W/"16d-bB/D17w9xdGvoJi0NNv64Cpi6QQ"
CF-Cache-Status: DYNAMIC
Report-To: {"endpoints":[{"url":"https:\/\/a.nel.cloudflare.com\/report\/v4?s=cA9%2BOqffVI45BpfUm388%2FdbrofDXWc1WE8rCh2VKbz%2BzVOD%2Bs6Ns7muNCbkBma%2BdPvPQyTaqPmrxIesdmnH1bCeVozEkHTQnVINJl7DPnU1cyUebtRmcDC5M%2Fx5dg%2Bv%2FMQ7wgV9rog%2FxUykVPdFJs8gYajg%3D"}],"group":"cf-nel","max_age":604800}
NEL: {"success_fraction":0,"report_to":"cf-nel","max_age":604800}
Server: cloudflare
CF-RAY: 89bf2ed4d9d276ad-DME
Content-Encoding: gzip
alt-svc: h3=":443"; ma=86400

{
    "success": true,
    "user": {
        "email": "aqvixwyuvc@ya.ru",
        "name": "FnreTqpzOR"
    },
    "accessToken": "Bearer eyJhbGciOiJIUzI1NiIsInR5cCI6IkpXVCJ9.eyJpZCI6IjY2ODE3OTc5OWVkMjgwMDAxYjQ1OTYyMiIsImlhdCI6MTcxOTc2MTI3MywiZXhwIjoxNzE5NzYyNDczfQ.QMe0rHXaRi5UhzAuTs9K4w8Ut0gH68WYVjzF2IV8xes",
    "refreshToken": "430355c5cf18895cd40593066509c01c720d8b37b73b0bce70da84c1454ca501d60e27713724f682"
}
HTTP/1.1 200 OK
Date: Sun, 30 Jun 2024 15:27:53 GMT
Content-Type: application/json; charset=utf-8
Transfer-Encoding: chunked
Connection: keep-alive
X-Powered-By: Express
Access-Control-Allow-Origin: *
authorization: Bearer eyJhbGciOiJIUzI1NiIsInR5cCI6IkpXVCJ9.eyJpZCI6IjY2ODE3OTc5OWVkMjgwMDAxYjQ1OTYyMiIsImlhdCI6MTcxOTc2MTI3MywiZXhwIjoxNzE5NzYyNDczfQ.QMe0rHXaRi5UhzAuTs9K4w8Ut0gH68WYVjzF2IV8xes
ETag: W/"16d-bB/D17w9xdGvoJi0NNv64Cpi6QQ"
CF-Cache-Status: DYNAMIC
Report-To: {"endpoints":[{"url":"https:\/\/a.nel.cloudflare.com\/report\/v4?s=cA9%2BOqffVI45BpfUm388%2FdbrofDXWc1WE8rCh2VKbz%2BzVOD%2Bs6Ns7muNCbkBma%2BdPvPQyTaqPmrxIesdmnH1bCeVozEkHTQnVINJl7DPnU1cyUebtRmcDC5M%2Fx5dg%2Bv%2FMQ7wgV9rog%2FxUykVPdFJs8gYajg%3D"}],"group":"cf-nel","max_age":604800}
NEL: {"success_fraction":0,"report_to":"cf-nel","max_age":604800}
Server: cloudflare
CF-RAY: 89bf2ed4d9d276ad-DME
Content-Encoding: gzip
alt-svc: h3=":443"; ma=86400

{
    "success": true,
    "user": {
        "email": "aqvixwyuvc@ya.ru",
        "name": "FnreTqpzOR"
    },
    "accessToken": "Bearer eyJhbGciOiJIUzI1NiIsInR5cCI6IkpXVCJ9.eyJpZCI6IjY2ODE3OTc5OWVkMjgwMDAxYjQ1OTYyMiIsImlhdCI6MTcxOTc2MTI3MywiZXhwIjoxNzE5NzYyNDczfQ.QMe0rHXaRi5UhzAuTs9K4w8Ut0gH68WYVjzF2IV8xes",
    "refreshToken": "430355c5cf18895cd40593066509c01c720d8b37b73b0bce70da84c1454ca501d60e27713724f682"
}
HTTP/1.1 200 OK
Date: Sun, 30 Jun 2024 15:27:53 GMT
Content-Type: application/json; charset=utf-8
Transfer-Encoding: chunked
Connection: keep-alive
X-Powered-By: Express
Access-Control-Allow-Origin: *
authorization: Bearer eyJhbGciOiJIUzI1NiIsInR5cCI6IkpXVCJ9.eyJpZCI6IjY2ODE3OTc5OWVkMjgwMDAxYjQ1OTYyMiIsImlhdCI6MTcxOTc2MTI3MywiZXhwIjoxNzE5NzYyNDczfQ.QMe0rHXaRi5UhzAuTs9K4w8Ut0gH68WYVjzF2IV8xes
ETag: W/"16d-bB/D17w9xdGvoJi0NNv64Cpi6QQ"
CF-Cache-Status: DYNAMIC
Report-To: {"endpoints":[{"url":"https:\/\/a.nel.cloudflare.com\/report\/v4?s=cA9%2BOqffVI45BpfUm388%2FdbrofDXWc1WE8rCh2VKbz%2BzVOD%2Bs6Ns7muNCbkBma%2BdPvPQyTaqPmrxIesdmnH1bCeVozEkHTQnVINJl7DPnU1cyUebtRmcDC5M%2Fx5dg%2Bv%2FMQ7wgV9rog%2FxUykVPdFJs8gYajg%3D"}],"group":"cf-nel","max_age":604800}
NEL: {"success_fraction":0,"report_to":"cf-nel","max_age":604800}
Server: cloudflare
CF-RAY: 89bf2ed4d9d276ad-DME
Content-Encoding: gzip
alt-svc: h3=":443"; ma=86400

{
    "success": true,
    "user": {
        "email": "aqvixwyuvc@ya.ru",
        "name": "FnreTqpzOR"
    },
    "accessToken": "Bearer eyJhbGciOiJIUzI1NiIsInR5cCI6IkpXVCJ9.eyJpZCI6IjY2ODE3OTc5OWVkMjgwMDAxYjQ1OTYyMiIsImlhdCI6MTcxOTc2MTI3MywiZXhwIjoxNzE5NzYyNDczfQ.QMe0rHXaRi5UhzAuTs9K4w8Ut0gH68WYVjzF2IV8xes",
    "refreshToken": "430355c5cf18895cd40593066509c01c720d8b37b73b0bce70da84c1454ca501d60e27713724f682"
}
HTTP/1.1 200 OK
Date: Sun, 30 Jun 2024 15:27:53 GMT
Content-Type: application/json; charset=utf-8
Transfer-Encoding: chunked
Connection: keep-alive
X-Powered-By: Express
Access-Control-Allow-Origin: *
authorization: Bearer eyJhbGciOiJIUzI1NiIsInR5cCI6IkpXVCJ9.eyJpZCI6IjY2ODE3OTc5OWVkMjgwMDAxYjQ1OTYyMiIsImlhdCI6MTcxOTc2MTI3MywiZXhwIjoxNzE5NzYyNDczfQ.QMe0rHXaRi5UhzAuTs9K4w8Ut0gH68WYVjzF2IV8xes
ETag: W/"16d-bB/D17w9xdGvoJi0NNv64Cpi6QQ"
CF-Cache-Status: DYNAMIC
Report-To: {"endpoints":[{"url":"https:\/\/a.nel.cloudflare.com\/report\/v4?s=cA9%2BOqffVI45BpfUm388%2FdbrofDXWc1WE8rCh2VKbz%2BzVOD%2Bs6Ns7muNCbkBma%2BdPvPQyTaqPmrxIesdmnH1bCeVozEkHTQnVINJl7DPnU1cyUebtRmcDC5M%2Fx5dg%2Bv%2FMQ7wgV9rog%2FxUykVPdFJs8gYajg%3D"}],"group":"cf-nel","max_age":604800}
NEL: {"success_fraction":0,"report_to":"cf-nel","max_age":604800}
Server: cloudflare
CF-RAY: 89bf2ed4d9d276ad-DME
Content-Encoding: gzip
alt-svc: h3=":443"; ma=86400

{
    "success": true,
    "user": {
        "email": "aqvixwyuvc@ya.ru",
        "name": "FnreTqpzOR"
    },
    "accessToken": "Bearer eyJhbGciOiJIUzI1NiIsInR5cCI6IkpXVCJ9.eyJpZCI6IjY2ODE3OTc5OWVkMjgwMDAxYjQ1OTYyMiIsImlhdCI6MTcxOTc2MTI3MywiZXhwIjoxNzE5NzYyNDczfQ.QMe0rHXaRi5UhzAuTs9K4w8Ut0gH68WYVjzF2IV8xes",
    "refreshToken": "430355c5cf18895cd40593066509c01c720d8b37b73b0bce70da84c1454ca501d60e27713724f682"
}
HTTP/1.1 200 OK
Date: Sun, 30 Jun 2024 15:27:53 GMT
Content-Type: application/json; charset=utf-8
Transfer-Encoding: chunked
Connection: keep-alive
X-Powered-By: Express
Access-Control-Allow-Origin: *
authorization: Bearer eyJhbGciOiJIUzI1NiIsInR5cCI6IkpXVCJ9.eyJpZCI6IjY2ODE3OTc5OWVkMjgwMDAxYjQ1OTYyMiIsImlhdCI6MTcxOTc2MTI3MywiZXhwIjoxNzE5NzYyNDczfQ.QMe0rHXaRi5UhzAuTs9K4w8Ut0gH68WYVjzF2IV8xes
ETag: W/"16d-bB/D17w9xdGvoJi0NNv64Cpi6QQ"
CF-Cache-Status: DYNAMIC
Report-To: {"endpoints":[{"url":"https:\/\/a.nel.cloudflare.com\/report\/v4?s=cA9%2BOqffVI45BpfUm388%2FdbrofDXWc1WE8rCh2VKbz%2BzVOD%2Bs6Ns7muNCbkBma%2BdPvPQyTaqPmrxIesdmnH1bCeVozEkHTQnVINJl7DPnU1cyUebtRmcDC5M%2Fx5dg%2Bv%2FMQ7wgV9rog%2FxUykVPdFJs8gYajg%3D"}],"group":"cf-nel","max_age":604800}
NEL: {"success_fraction":0,"report_to":"cf-nel","max_age":604800}
Server: cloudflare
CF-RAY: 89bf2ed4d9d276ad-DME
Content-Encoding: gzip
alt-svc: h3=":443"; ma=86400

{
    "success": true,
    "user": {
        "email": "aqvixwyuvc@ya.ru",
        "name": "FnreTqpzOR"
    },
    "accessToken": "Bearer eyJhbGciOiJIUzI1NiIsInR5cCI6IkpXVCJ9.eyJpZCI6IjY2ODE3OTc5OWVkMjgwMDAxYjQ1OTYyMiIsImlhdCI6MTcxOTc2MTI3MywiZXhwIjoxNzE5NzYyNDczfQ.QMe0rHXaRi5UhzAuTs9K4w8Ut0gH68WYVjzF2IV8xes",
    "refreshToken": "430355c5cf18895cd40593066509c01c720d8b37b73b0bce70da84c1454ca501d60e27713724f682"
}
HTTP/1.1 200 OK
Date: Sun, 30 Jun 2024 15:27:53 GMT
Content-Type: application/json; charset=utf-8
Transfer-Encoding: chunked
Connection: keep-alive
X-Powered-By: Express
Access-Control-Allow-Origin: *
authorization: Bearer eyJhbGciOiJIUzI1NiIsInR5cCI6IkpXVCJ9.eyJpZCI6IjY2ODE3OTc5OWVkMjgwMDAxYjQ1OTYyMiIsImlhdCI6MTcxOTc2MTI3MywiZXhwIjoxNzE5NzYyNDczfQ.QMe0rHXaRi5UhzAuTs9K4w8Ut0gH68WYVjzF2IV8xes
ETag: W/"16d-bB/D17w9xdGvoJi0NNv64Cpi6QQ"
CF-Cache-Status: DYNAMIC
Report-To: {"endpoints":[{"url":"https:\/\/a.nel.cloudflare.com\/report\/v4?s=cA9%2BOqffVI45BpfUm388%2FdbrofDXWc1WE8rCh2VKbz%2BzVOD%2Bs6Ns7muNCbkBma%2BdPvPQyTaqPmrxIesdmnH1bCeVozEkHTQnVINJl7DPnU1cyUebtRmcDC5M%2Fx5dg%2Bv%2FMQ7wgV9rog%2FxUykVPdFJs8gYajg%3D"}],"group":"cf-nel","max_age":604800}
NEL: {"success_fraction":0,"report_to":"cf-nel","max_age":604800}
Server: cloudflare
CF-RAY: 89bf2ed4d9d276ad-DME
Content-Encoding: gzip
alt-svc: h3=":443"; ma=86400

{
    "success": true,
    "user": {
        "email": "aqvixwyuvc@ya.ru",
        "name": "FnreTqpzOR"
    },
    "accessToken": "Bearer eyJhbGciOiJIUzI1NiIsInR5cCI6IkpXVCJ9.eyJpZCI6IjY2ODE3OTc5OWVkMjgwMDAxYjQ1OTYyMiIsImlhdCI6MTcxOTc2MTI3MywiZXhwIjoxNzE5NzYyNDczfQ.QMe0rHXaRi5UhzAuTs9K4w8Ut0gH68WYVjzF2IV8xes",
    "refreshToken": "430355c5cf18895cd40593066509c01c720d8b37b73b0bce70da84c1454ca501d60e27713724f682"
}
HTTP/1.1 200 OK
Date: Sun, 30 Jun 2024 15:27:53 GMT
Content-Type: application/json; charset=utf-8
Transfer-Encoding: chunked
Connection: keep-alive
X-Powered-By: Express
Access-Control-Allow-Origin: *
authorization: Bearer eyJhbGciOiJIUzI1NiIsInR5cCI6IkpXVCJ9.eyJpZCI6IjY2ODE3OTc5OWVkMjgwMDAxYjQ1OTYyMiIsImlhdCI6MTcxOTc2MTI3MywiZXhwIjoxNzE5NzYyNDczfQ.QMe0rHXaRi5UhzAuTs9K4w8Ut0gH68WYVjzF2IV8xes
ETag: W/"16d-bB/D17w9xdGvoJi0NNv64Cpi6QQ"
CF-Cache-Status: DYNAMIC
Report-To: {"endpoints":[{"url":"https:\/\/a.nel.cloudflare.com\/report\/v4?s=cA9%2BOqffVI45BpfUm388%2FdbrofDXWc1WE8rCh2VKbz%2BzVOD%2Bs6Ns7muNCbkBma%2BdPvPQyTaqPmrxIesdmnH1bCeVozEkHTQnVINJl7DPnU1cyUebtRmcDC5M%2Fx5dg%2Bv%2FMQ7wgV9rog%2FxUykVPdFJs8gYajg%3D"}],"group":"cf-nel","max_age":604800}
NEL: {"success_fraction":0,"report_to":"cf-nel","max_age":604800}
Server: cloudflare
CF-RAY: 89bf2ed4d9d276ad-DME
Content-Encoding: gzip
alt-svc: h3=":443"; ma=86400

{
    "success": true,
    "user": {
        "email": "aqvixwyuvc@ya.ru",
        "name": "FnreTqpzOR"
    },
    "accessToken": "Bearer eyJhbGciOiJIUzI1NiIsInR5cCI6IkpXVCJ9.eyJpZCI6IjY2ODE3OTc5OWVkMjgwMDAxYjQ1OTYyMiIsImlhdCI6MTcxOTc2MTI3MywiZXhwIjoxNzE5NzYyNDczfQ.QMe0rHXaRi5UhzAuTs9K4w8Ut0gH68WYVjzF2IV8xes",
    "refreshToken": "430355c5cf18895cd40593066509c01c720d8b37b73b0bce70da84c1454ca501d60e27713724f682"
}
HTTP/1.1 200 OK
Date: Sun, 30 Jun 2024 15:27:53 GMT
Content-Type: application/json; charset=utf-8
Transfer-Encoding: chunked
Connection: keep-alive
X-Powered-By: Express
Access-Control-Allow-Origin: *
authorization: Bearer eyJhbGciOiJIUzI1NiIsInR5cCI6IkpXVCJ9.eyJpZCI6IjY2ODE3OTc5OWVkMjgwMDAxYjQ1OTYyMiIsImlhdCI6MTcxOTc2MTI3MywiZXhwIjoxNzE5NzYyNDczfQ.QMe0rHXaRi5UhzAuTs9K4w8Ut0gH68WYVjzF2IV8xes
ETag: W/"16d-bB/D17w9xdGvoJi0NNv64Cpi6QQ"
CF-Cache-Status: DYNAMIC
Report-To: {"endpoints":[{"url":"https:\/\/a.nel.cloudflare.com\/report\/v4?s=cA9%2BOqffVI45BpfUm388%2FdbrofDXWc1WE8rCh2VKbz%2BzVOD%2Bs6Ns7muNCbkBma%2BdPvPQyTaqPmrxIesdmnH1bCeVozEkHTQnVINJl7DPnU1cyUebtRmcDC5M%2Fx5dg%2Bv%2FMQ7wgV9rog%2FxUykVPdFJs8gYajg%3D"}],"group":"cf-nel","max_age":604800}
NEL: {"success_fraction":0,"report_to":"cf-nel","max_age":604800}
Server: cloudflare
CF-RAY: 89bf2ed4d9d276ad-DME
Content-Encoding: gzip
alt-svc: h3=":443"; ma=86400

{
    "success": true,
    "user": {
        "email": "aqvixwyuvc@ya.ru",
        "name": "FnreTqpzOR"
    },
    "accessToken": "Bearer eyJhbGciOiJIUzI1NiIsInR5cCI6IkpXVCJ9.eyJpZCI6IjY2ODE3OTc5OWVkMjgwMDAxYjQ1OTYyMiIsImlhdCI6MTcxOTc2MTI3MywiZXhwIjoxNzE5NzYyNDczfQ.QMe0rHXaRi5UhzAuTs9K4w8Ut0gH68WYVjzF2IV8xes",
    "refreshToken": "430355c5cf18895cd40593066509c01c720d8b37b73b0bce70da84c1454ca501d60e27713724f682"
}
HTTP/1.1 200 OK
Date: Sun, 30 Jun 2024 15:27:53 GMT
Content-Type: application/json; charset=utf-8
Transfer-Encoding: chunked
Connection: keep-alive
X-Powered-By: Express
Access-Control-Allow-Origin: *
authorization: Bearer eyJhbGciOiJIUzI1NiIsInR5cCI6IkpXVCJ9.eyJpZCI6IjY2ODE3OTc5OWVkMjgwMDAxYjQ1OTYyMiIsImlhdCI6MTcxOTc2MTI3MywiZXhwIjoxNzE5NzYyNDczfQ.QMe0rHXaRi5UhzAuTs9K4w8Ut0gH68WYVjzF2IV8xes
ETag: W/"16d-bB/D17w9xdGvoJi0NNv64Cpi6QQ"
CF-Cache-Status: DYNAMIC
Report-To: {"endpoints":[{"url":"https:\/\/a.nel.cloudflare.com\/report\/v4?s=cA9%2BOqffVI45BpfUm388%2FdbrofDXWc1WE8rCh2VKbz%2BzVOD%2Bs6Ns7muNCbkBma%2BdPvPQyTaqPmrxIesdmnH1bCeVozEkHTQnVINJl7DPnU1cyUebtRmcDC5M%2Fx5dg%2Bv%2FMQ7wgV9rog%2FxUykVPdFJs8gYajg%3D"}],"group":"cf-nel","max_age":604800}
NEL: {"success_fraction":0,"report_to":"cf-nel","max_age":604800}
Server: cloudflare
CF-RAY: 89bf2ed4d9d276ad-DME
Content-Encoding: gzip
alt-svc: h3=":443"; ma=86400

{
    "success": true,
    "user": {
        "email": "aqvixwyuvc@ya.ru",
        "name": "FnreTqpzOR"
    },
    "accessToken": "Bearer eyJhbGciOiJIUzI1NiIsInR5cCI6IkpXVCJ9.eyJpZCI6IjY2ODE3OTc5OWVkMjgwMDAxYjQ1OTYyMiIsImlhdCI6MTcxOTc2MTI3MywiZXhwIjoxNzE5NzYyNDczfQ.QMe0rHXaRi5UhzAuTs9K4w8Ut0gH68WYVjzF2IV8xes",
    "refreshToken": "430355c5cf18895cd40593066509c01c720d8b37b73b0bce70da84c1454ca501d60e27713724f682"
}
HTTP/1.1 200 OK
Date: Sun, 30 Jun 2024 15:27:53 GMT
Content-Type: application/json; charset=utf-8
Transfer-Encoding: chunked
Connection: keep-alive
X-Powered-By: Express
Access-Control-Allow-Origin: *
authorization: Bearer eyJhbGciOiJIUzI1NiIsInR5cCI6IkpXVCJ9.eyJpZCI6IjY2ODE3OTc5OWVkMjgwMDAxYjQ1OTYyMiIsImlhdCI6MTcxOTc2MTI3MywiZXhwIjoxNzE5NzYyNDczfQ.QMe0rHXaRi5UhzAuTs9K4w8Ut0gH68WYVjzF2IV8xes
ETag: W/"16d-bB/D17w9xdGvoJi0NNv64Cpi6QQ"
CF-Cache-Status: DYNAMIC
Report-To: {"endpoints":[{"url":"https:\/\/a.nel.cloudflare.com\/report\/v4?s=cA9%2BOqffVI45BpfUm388%2FdbrofDXWc1WE8rCh2VKbz%2BzVOD%2Bs6Ns7muNCbkBma%2BdPvPQyTaqPmrxIesdmnH1bCeVozEkHTQnVINJl7DPnU1cyUebtRmcDC5M%2Fx5dg%2Bv%2FMQ7wgV9rog%2FxUykVPdFJs8gYajg%3D"}],"group":"cf-nel","max_age":604800}
NEL: {"success_fraction":0,"report_to":"cf-nel","max_age":604800}
Server: cloudflare
CF-RAY: 89bf2ed4d9d276ad-DME
Content-Encoding: gzip
alt-svc: h3=":443"; ma=86400

{
    "success": true,
    "user": {
        "email": "aqvixwyuvc@ya.ru",
        "name": "FnreTqpzOR"
    },
    "accessToken": "Bearer eyJhbGciOiJIUzI1NiIsInR5cCI6IkpXVCJ9.eyJpZCI6IjY2ODE3OTc5OWVkMjgwMDAxYjQ1OTYyMiIsImlhdCI6MTcxOTc2MTI3MywiZXhwIjoxNzE5NzYyNDczfQ.QMe0rHXaRi5UhzAuTs9K4w8Ut0gH68WYVjzF2IV8xes",
    "refreshToken": "430355c5cf18895cd40593066509c01c720d8b37b73b0bce70da84c1454ca501d60e27713724f682"
}
HTTP/1.1 200 OK
Date: Sun, 30 Jun 2024 15:27:53 GMT
Content-Type: application/json; charset=utf-8
Transfer-Encoding: chunked
Connection: keep-alive
X-Powered-By: Express
Access-Control-Allow-Origin: *
authorization: Bearer eyJhbGciOiJIUzI1NiIsInR5cCI6IkpXVCJ9.eyJpZCI6IjY2ODE3OTc5OWVkMjgwMDAxYjQ1OTYyMiIsImlhdCI6MTcxOTc2MTI3MywiZXhwIjoxNzE5NzYyNDczfQ.QMe0rHXaRi5UhzAuTs9K4w8Ut0gH68WYVjzF2IV8xes
ETag: W/"16d-bB/D17w9xdGvoJi0NNv64Cpi6QQ"
CF-Cache-Status: DYNAMIC
Report-To: {"endpoints":[{"url":"https:\/\/a.nel.cloudflare.com\/report\/v4?s=cA9%2BOqffVI45BpfUm388%2FdbrofDXWc1WE8rCh2VKbz%2BzVOD%2Bs6Ns7muNCbkBma%2BdPvPQyTaqPmrxIesdmnH1bCeVozEkHTQnVINJl7DPnU1cyUebtRmcDC5M%2Fx5dg%2Bv%2FMQ7wgV9rog%2FxUykVPdFJs8gYajg%3D"}],"group":"cf-nel","max_age":604800}
NEL: {"success_fraction":0,"report_to":"cf-nel","max_age":604800}
Server: cloudflare
CF-RAY: 89bf2ed4d9d276ad-DME
Content-Encoding: gzip
alt-svc: h3=":443"; ma=86400

{
    "success": true,
    "user": {
        "email": "aqvixwyuvc@ya.ru",
        "name": "FnreTqpzOR"
    },
    "accessToken": "Bearer eyJhbGciOiJIUzI1NiIsInR5cCI6IkpXVCJ9.eyJpZCI6IjY2ODE3OTc5OWVkMjgwMDAxYjQ1OTYyMiIsImlhdCI6MTcxOTc2MTI3MywiZXhwIjoxNzE5NzYyNDczfQ.QMe0rHXaRi5UhzAuTs9K4w8Ut0gH68WYVjzF2IV8xes",
    "refreshToken": "430355c5cf18895cd40593066509c01c720d8b37b73b0bce70da84c1454ca501d60e27713724f682"
}
HTTP/1.1 200 OK
Date: Sun, 30 Jun 2024 15:27:53 GMT
Content-Type: application/json; charset=utf-8
Transfer-Encoding: chunked
Connection: keep-alive
X-Powered-By: Express
Access-Control-Allow-Origin: *
authorization: Bearer eyJhbGciOiJIUzI1NiIsInR5cCI6IkpXVCJ9.eyJpZCI6IjY2ODE3OTc5OWVkMjgwMDAxYjQ1OTYyMiIsImlhdCI6MTcxOTc2MTI3MywiZXhwIjoxNzE5NzYyNDczfQ.QMe0rHXaRi5UhzAuTs9K4w8Ut0gH68WYVjzF2IV8xes
ETag: W/"16d-bB/D17w9xdGvoJi0NNv64Cpi6QQ"
CF-Cache-Status: DYNAMIC
Report-To: {"endpoints":[{"url":"https:\/\/a.nel.cloudflare.com\/report\/v4?s=cA9%2BOqffVI45BpfUm388%2FdbrofDXWc1WE8rCh2VKbz%2BzVOD%2Bs6Ns7muNCbkBma%2BdPvPQyTaqPmrxIesdmnH1bCeVozEkHTQnVINJl7DPnU1cyUebtRmcDC5M%2Fx5dg%2Bv%2FMQ7wgV9rog%2FxUykVPdFJs8gYajg%3D"}],"group":"cf-nel","max_age":604800}
NEL: {"success_fraction":0,"report_to":"cf-nel","max_age":604800}
Server: cloudflare
CF-RAY: 89bf2ed4d9d276ad-DME
Content-Encoding: gzip
alt-svc: h3=":443"; ma=86400

{
    "success": true,
    "user": {
        "email": "aqvixwyuvc@ya.ru",
        "name": "FnreTqpzOR"
    },
    "accessToken": "Bearer eyJhbGciOiJIUzI1NiIsInR5cCI6IkpXVCJ9.eyJpZCI6IjY2ODE3OTc5OWVkMjgwMDAxYjQ1OTYyMiIsImlhdCI6MTcxOTc2MTI3MywiZXhwIjoxNzE5NzYyNDczfQ.QMe0rHXaRi5UhzAuTs9K4w8Ut0gH68WYVjzF2IV8xes",
    "refreshToken": "430355c5cf18895cd40593066509c01c720d8b37b73b0bce70da84c1454ca501d60e27713724f682"
}
HTTP/1.1 200 OK
Date: Sun, 30 Jun 2024 15:27:53 GMT
Content-Type: application/json; charset=utf-8
Transfer-Encoding: chunked
Connection: keep-alive
X-Powered-By: Express
Access-Control-Allow-Origin: *
authorization: Bearer eyJhbGciOiJIUzI1NiIsInR5cCI6IkpXVCJ9.eyJpZCI6IjY2ODE3OTc5OWVkMjgwMDAxYjQ1OTYyMiIsImlhdCI6MTcxOTc2MTI3MywiZXhwIjoxNzE5NzYyNDczfQ.QMe0rHXaRi5UhzAuTs9K4w8Ut0gH68WYVjzF2IV8xes
ETag: W/"16d-bB/D17w9xdGvoJi0NNv64Cpi6QQ"
CF-Cache-Status: DYNAMIC
Report-To: {"endpoints":[{"url":"https:\/\/a.nel.cloudflare.com\/report\/v4?s=cA9%2BOqffVI45BpfUm388%2FdbrofDXWc1WE8rCh2VKbz%2BzVOD%2Bs6Ns7muNCbkBma%2BdPvPQyTaqPmrxIesdmnH1bCeVozEkHTQnVINJl7DPnU1cyUebtRmcDC5M%2Fx5dg%2Bv%2FMQ7wgV9rog%2FxUykVPdFJs8gYajg%3D"}],"group":"cf-nel","max_age":604800}
NEL: {"success_fraction":0,"report_to":"cf-nel","max_age":604800}
Server: cloudflare
CF-RAY: 89bf2ed4d9d276ad-DME
Content-Encoding: gzip
alt-svc: h3=":443"; ma=86400

{
    "success": true,
    "user": {
        "email": "aqvixwyuvc@ya.ru",
        "name": "FnreTqpzOR"
    },
    "accessToken": "Bearer eyJhbGciOiJIUzI1NiIsInR5cCI6IkpXVCJ9.eyJpZCI6IjY2ODE3OTc5OWVkMjgwMDAxYjQ1OTYyMiIsImlhdCI6MTcxOTc2MTI3MywiZXhwIjoxNzE5NzYyNDczfQ.QMe0rHXaRi5UhzAuTs9K4w8Ut0gH68WYVjzF2IV8xes",
    "refreshToken": "430355c5cf18895cd40593066509c01c720d8b37b73b0bce70da84c1454ca501d60e27713724f682"
}
HTTP/1.1 200 OK
Date: Sun, 30 Jun 2024 15:27:53 GMT
Content-Type: application/json; charset=utf-8
Transfer-Encoding: chunked
Connection: keep-alive
X-Powered-By: Express
Access-Control-Allow-Origin: *
authorization: Bearer eyJhbGciOiJIUzI1NiIsInR5cCI6IkpXVCJ9.eyJpZCI6IjY2ODE3OTc5OWVkMjgwMDAxYjQ1OTYyMiIsImlhdCI6MTcxOTc2MTI3MywiZXhwIjoxNzE5NzYyNDczfQ.QMe0rHXaRi5UhzAuTs9K4w8Ut0gH68WYVjzF2IV8xes
ETag: W/"16d-bB/D17w9xdGvoJi0NNv64Cpi6QQ"
CF-Cache-Status: DYNAMIC
Report-To: {"endpoints":[{"url":"https:\/\/a.nel.cloudflare.com\/report\/v4?s=cA9%2BOqffVI45BpfUm388%2FdbrofDXWc1WE8rCh2VKbz%2BzVOD%2Bs6Ns7muNCbkBma%2BdPvPQyTaqPmrxIesdmnH1bCeVozEkHTQnVINJl7DPnU1cyUebtRmcDC5M%2Fx5dg%2Bv%2FMQ7wgV9rog%2FxUykVPdFJs8gYajg%3D"}],"group":"cf-nel","max_age":604800}
NEL: {"success_fraction":0,"report_to":"cf-nel","max_age":604800}
Server: cloudflare
CF-RAY: 89bf2ed4d9d276ad-DME
Content-Encoding: gzip
alt-svc: h3=":443"; ma=86400

{
    "success": true,
    "user": {
        "email": "aqvixwyuvc@ya.ru",
        "name": "FnreTqpzOR"
    },
    "accessToken": "Bearer eyJhbGciOiJIUzI1NiIsInR5cCI6IkpXVCJ9.eyJpZCI6IjY2ODE3OTc5OWVkMjgwMDAxYjQ1OTYyMiIsImlhdCI6MTcxOTc2MTI3MywiZXhwIjoxNzE5NzYyNDczfQ.QMe0rHXaRi5UhzAuTs9K4w8Ut0gH68WYVjzF2IV8xes",
    "refreshToken": "430355c5cf18895cd40593066509c01c720d8b37b73b0bce70da84c1454ca501d60e27713724f682"
}
HTTP/1.1 200 OK
Date: Sun, 30 Jun 2024 15:27:53 GMT
Content-Type: application/json; charset=utf-8
Transfer-Encoding: chunked
Connection: keep-alive
X-Powered-By: Express
Access-Control-Allow-Origin: *
authorization: Bearer eyJhbGciOiJIUzI1NiIsInR5cCI6IkpXVCJ9.eyJpZCI6IjY2ODE3OTc5OWVkMjgwMDAxYjQ1OTYyMiIsImlhdCI6MTcxOTc2MTI3MywiZXhwIjoxNzE5NzYyNDczfQ.QMe0rHXaRi5UhzAuTs9K4w8Ut0gH68WYVjzF2IV8xes
ETag: W/"16d-bB/D17w9xdGvoJi0NNv64Cpi6QQ"
CF-Cache-Status: DYNAMIC
Report-To: {"endpoints":[{"url":"https:\/\/a.nel.cloudflare.com\/report\/v4?s=cA9%2BOqffVI45BpfUm388%2FdbrofDXWc1WE8rCh2VKbz%2BzVOD%2Bs6Ns7muNCbkBma%2BdPvPQyTaqPmrxIesdmnH1bCeVozEkHTQnVINJl7DPnU1cyUebtRmcDC5M%2Fx5dg%2Bv%2FMQ7wgV9rog%2FxUykVPdFJs8gYajg%3D"}],"group":"cf-nel","max_age":604800}
NEL: {"success_fraction":0,"report_to":"cf-nel","max_age":604800}
Server: cloudflare
CF-RAY: 89bf2ed4d9d276ad-DME
Content-Encoding: gzip
alt-svc: h3=":443"; ma=86400

{
    "success": true,
    "user": {
        "email": "aqvixwyuvc@ya.ru",
        "name": "FnreTqpzOR"
    },
    "accessToken": "Bearer eyJhbGciOiJIUzI1NiIsInR5cCI6IkpXVCJ9.eyJpZCI6IjY2ODE3OTc5OWVkMjgwMDAxYjQ1OTYyMiIsImlhdCI6MTcxOTc2MTI3MywiZXhwIjoxNzE5NzYyNDczfQ.QMe0rHXaRi5UhzAuTs9K4w8Ut0gH68WYVjzF2IV8xes",
    "refreshToken": "430355c5cf18895cd40593066509c01c720d8b37b73b0bce70da84c1454ca501d60e27713724f682"
}
HTTP/1.1 200 OK
Date: Sun, 30 Jun 2024 15:27:53 GMT
Content-Type: application/json; charset=utf-8
Transfer-Encoding: chunked
Connection: keep-alive
X-Powered-By: Express
Access-Control-Allow-Origin: *
authorization: Bearer eyJhbGciOiJIUzI1NiIsInR5cCI6IkpXVCJ9.eyJpZCI6IjY2ODE3OTc5OWVkMjgwMDAxYjQ1OTYyMiIsImlhdCI6MTcxOTc2MTI3MywiZXhwIjoxNzE5NzYyNDczfQ.QMe0rHXaRi5UhzAuTs9K4w8Ut0gH68WYVjzF2IV8xes
ETag: W/"16d-bB/D17w9xdGvoJi0NNv64Cpi6QQ"
CF-Cache-Status: DYNAMIC
Report-To: {"endpoints":[{"url":"https:\/\/a.nel.cloudflare.com\/report\/v4?s=cA9%2BOqffVI45BpfUm388%2FdbrofDXWc1WE8rCh2VKbz%2BzVOD%2Bs6Ns7muNCbkBma%2BdPvPQyTaqPmrxIesdmnH1bCeVozEkHTQnVINJl7DPnU1cyUebtRmcDC5M%2Fx5dg%2Bv%2FMQ7wgV9rog%2FxUykVPdFJs8gYajg%3D"}],"group":"cf-nel","max_age":604800}
NEL: {"success_fraction":0,"report_to":"cf-nel","max_age":604800}
Server: cloudflare
CF-RAY: 89bf2ed4d9d276ad-DME
Content-Encoding: gzip
alt-svc: h3=":443"; ma=86400

{
    "success": true,
    "user": {
        "email": "aqvixwyuvc@ya.ru",
        "name": "FnreTqpzOR"
    },
    "accessToken": "Bearer eyJhbGciOiJIUzI1NiIsInR5cCI6IkpXVCJ9.eyJpZCI6IjY2ODE3OTc5OWVkMjgwMDAxYjQ1OTYyMiIsImlhdCI6MTcxOTc2MTI3MywiZXhwIjoxNzE5NzYyNDczfQ.QMe0rHXaRi5UhzAuTs9K4w8Ut0gH68WYVjzF2IV8xes",
    "refreshToken": "430355c5cf18895cd40593066509c01c720d8b37b73b0bce70da84c1454ca501d60e27713724f682"
}
HTTP/1.1 200 OK
Date: Sun, 30 Jun 2024 15:27:53 GMT
Content-Type: application/json; charset=utf-8
Transfer-Encoding: chunked
Connection: keep-alive
X-Powered-By: Express
Access-Control-Allow-Origin: *
authorization: Bearer eyJhbGciOiJIUzI1NiIsInR5cCI6IkpXVCJ9.eyJpZCI6IjY2ODE3OTc5OWVkMjgwMDAxYjQ1OTYyMiIsImlhdCI6MTcxOTc2MTI3MywiZXhwIjoxNzE5NzYyNDczfQ.QMe0rHXaRi5UhzAuTs9K4w8Ut0gH68WYVjzF2IV8xes
ETag: W/"16d-bB/D17w9xdGvoJi0NNv64Cpi6QQ"
CF-Cache-Status: DYNAMIC
Report-To: {"endpoints":[{"url":"https:\/\/a.nel.cloudflare.com\/report\/v4?s=cA9%2BOqffVI45BpfUm388%2FdbrofDXWc1WE8rCh2VKbz%2BzVOD%2Bs6Ns7muNCbkBma%2BdPvPQyTaqPmrxIesdmnH1bCeVozEkHTQnVINJl7DPnU1cyUebtRmcDC5M%2Fx5dg%2Bv%2FMQ7wgV9rog%2FxUykVPdFJs8gYajg%3D"}],"group":"cf-nel","max_age":604800}
NEL: {"success_fraction":0,"report_to":"cf-nel","max_age":604800}
Server: cloudflare
CF-RAY: 89bf2ed4d9d276ad-DME
Content-Encoding: gzip
alt-svc: h3=":443"; ma=86400

{
    "success": true,
    "user": {
        "email": "aqvixwyuvc@ya.ru",
        "name": "FnreTqpzOR"
    },
    "accessToken": "Bearer eyJhbGciOiJIUzI1NiIsInR5cCI6IkpXVCJ9.eyJpZCI6IjY2ODE3OTc5OWVkMjgwMDAxYjQ1OTYyMiIsImlhdCI6MTcxOTc2MTI3MywiZXhwIjoxNzE5NzYyNDczfQ.QMe0rHXaRi5UhzAuTs9K4w8Ut0gH68WYVjzF2IV8xes",
    "refreshToken": "430355c5cf18895cd40593066509c01c720d8b37b73b0bce70da84c1454ca501d60e27713724f682"
}
HTTP/1.1 200 OK
Date: Sun, 30 Jun 2024 15:27:53 GMT
Content-Type: application/json; charset=utf-8
Transfer-Encoding: chunked
Connection: keep-alive
X-Powered-By: Express
Access-Control-Allow-Origin: *
authorization: Bearer eyJhbGciOiJIUzI1NiIsInR5cCI6IkpXVCJ9.eyJpZCI6IjY2ODE3OTc5OWVkMjgwMDAxYjQ1OTYyMiIsImlhdCI6MTcxOTc2MTI3MywiZXhwIjoxNzE5NzYyNDczfQ.QMe0rHXaRi5UhzAuTs9K4w8Ut0gH68WYVjzF2IV8xes
ETag: W/"16d-bB/D17w9xdGvoJi0NNv64Cpi6QQ"
CF-Cache-Status: DYNAMIC
Report-To: {"endpoints":[{"url":"https:\/\/a.nel.cloudflare.com\/report\/v4?s=cA9%2BOqffVI45BpfUm388%2FdbrofDXWc1WE8rCh2VKbz%2BzVOD%2Bs6Ns7muNCbkBma%2BdPvPQyTaqPmrxIesdmnH1bCeVozEkHTQnVINJl7DPnU1cyUebtRmcDC5M%2Fx5dg%2Bv%2FMQ7wgV9rog%2FxUykVPdFJs8gYajg%3D"}],"group":"cf-nel","max_age":604800}
NEL: {"success_fraction":0,"report_to":"cf-nel","max_age":604800}
Server: cloudflare
CF-RAY: 89bf2ed4d9d276ad-DME
Content-Encoding: gzip
alt-svc: h3=":443"; ma=86400

{
    "success": true,
    "user": {
        "email": "aqvixwyuvc@ya.ru",
        "name": "FnreTqpzOR"
    },
    "accessToken": "Bearer eyJhbGciOiJIUzI1NiIsInR5cCI6IkpXVCJ9.eyJpZCI6IjY2ODE3OTc5OWVkMjgwMDAxYjQ1OTYyMiIsImlhdCI6MTcxOTc2MTI3MywiZXhwIjoxNzE5NzYyNDczfQ.QMe0rHXaRi5UhzAuTs9K4w8Ut0gH68WYVjzF2IV8xes",
    "refreshToken": "430355c5cf18895cd40593066509c01c720d8b37b73b0bce70da84c1454ca501d60e27713724f682"
}
HTTP/1.1 200 OK
Date: Sun, 30 Jun 2024 15:27:53 GMT
Content-Type: application/json; charset=utf-8
Transfer-Encoding: chunked
Connection: keep-alive
X-Powered-By: Express
Access-Control-Allow-Origin: *
authorization: Bearer eyJhbGciOiJIUzI1NiIsInR5cCI6IkpXVCJ9.eyJpZCI6IjY2ODE3OTc5OWVkMjgwMDAxYjQ1OTYyMiIsImlhdCI6MTcxOTc2MTI3MywiZXhwIjoxNzE5NzYyNDczfQ.QMe0rHXaRi5UhzAuTs9K4w8Ut0gH68WYVjzF2IV8xes
ETag: W/"16d-bB/D17w9xdGvoJi0NNv64Cpi6QQ"
CF-Cache-Status: DYNAMIC
Report-To: {"endpoints":[{"url":"https:\/\/a.nel.cloudflare.com\/report\/v4?s=cA9%2BOqffVI45BpfUm388%2FdbrofDXWc1WE8rCh2VKbz%2BzVOD%2Bs6Ns7muNCbkBma%2BdPvPQyTaqPmrxIesdmnH1bCeVozEkHTQnVINJl7DPnU1cyUebtRmcDC5M%2Fx5dg%2Bv%2FMQ7wgV9rog%2FxUykVPdFJs8gYajg%3D"}],"group":"cf-nel","max_age":604800}
NEL: {"success_fraction":0,"report_to":"cf-nel","max_age":604800}
Server: cloudflare
CF-RAY: 89bf2ed4d9d276ad-DME
Content-Encoding: gzip
alt-svc: h3=":443"; ma=86400

{
    "success": true,
    "user": {
        "email": "aqvixwyuvc@ya.ru",
        "name": "FnreTqpzOR"
    },
    "accessToken": "Bearer eyJhbGciOiJIUzI1NiIsInR5cCI6IkpXVCJ9.eyJpZCI6IjY2ODE3OTc5OWVkMjgwMDAxYjQ1OTYyMiIsImlhdCI6MTcxOTc2MTI3MywiZXhwIjoxNzE5NzYyNDczfQ.QMe0rHXaRi5UhzAuTs9K4w8Ut0gH68WYVjzF2IV8xes",
    "refreshToken": "430355c5cf18895cd40593066509c01c720d8b37b73b0bce70da84c1454ca501d60e27713724f682"
}
HTTP/1.1 200 OK
Date: Sun, 30 Jun 2024 15:27:53 GMT
Content-Type: application/json; charset=utf-8
Transfer-Encoding: chunked
Connection: keep-alive
X-Powered-By: Express
Access-Control-Allow-Origin: *
authorization: Bearer eyJhbGciOiJIUzI1NiIsInR5cCI6IkpXVCJ9.eyJpZCI6IjY2ODE3OTc5OWVkMjgwMDAxYjQ1OTYyMiIsImlhdCI6MTcxOTc2MTI3MywiZXhwIjoxNzE5NzYyNDczfQ.QMe0rHXaRi5UhzAuTs9K4w8Ut0gH68WYVjzF2IV8xes
ETag: W/"16d-bB/D17w9xdGvoJi0NNv64Cpi6QQ"
CF-Cache-Status: DYNAMIC
Report-To: {"endpoints":[{"url":"https:\/\/a.nel.cloudflare.com\/report\/v4?s=cA9%2BOqffVI45BpfUm388%2FdbrofDXWc1WE8rCh2VKbz%2BzVOD%2Bs6Ns7muNCbkBma%2BdPvPQyTaqPmrxIesdmnH1bCeVozEkHTQnVINJl7DPnU1cyUebtRmcDC5M%2Fx5dg%2Bv%2FMQ7wgV9rog%2FxUykVPdFJs8gYajg%3D"}],"group":"cf-nel","max_age":604800}
NEL: {"success_fraction":0,"report_to":"cf-nel","max_age":604800}
Server: cloudflare
CF-RAY: 89bf2ed4d9d276ad-DME
Content-Encoding: gzip
alt-svc: h3=":443"; ma=86400

{
    "success": true,
    "user": {
        "email": "aqvixwyuvc@ya.ru",
        "name": "FnreTqpzOR"
    },
    "accessToken": "Bearer eyJhbGciOiJIUzI1NiIsInR5cCI6IkpXVCJ9.eyJpZCI6IjY2ODE3OTc5OWVkMjgwMDAxYjQ1OTYyMiIsImlhdCI6MTcxOTc2MTI3MywiZXhwIjoxNzE5NzYyNDczfQ.QMe0rHXaRi5UhzAuTs9K4w8Ut0gH68WYVjzF2IV8xes",
    "refreshToken": "430355c5cf18895cd40593066509c01c720d8b37b73b0bce70da84c1454ca501d60e27713724f682"
}
HTTP/1.1 200 OK
Date: Sun, 30 Jun 2024 15:27:53 GMT
Content-Type: application/json; charset=utf-8
Transfer-Encoding: chunked
Connection: keep-alive
X-Powered-By: Express
Access-Control-Allow-Origin: *
authorization: Bearer eyJhbGciOiJIUzI1NiIsInR5cCI6IkpXVCJ9.eyJpZCI6IjY2ODE3OTc5OWVkMjgwMDAxYjQ1OTYyMiIsImlhdCI6MTcxOTc2MTI3MywiZXhwIjoxNzE5NzYyNDczfQ.QMe0rHXaRi5UhzAuTs9K4w8Ut0gH68WYVjzF2IV8xes
ETag: W/"16d-bB/D17w9xdGvoJi0NNv64Cpi6QQ"
CF-Cache-Status: DYNAMIC
Report-To: {"endpoints":[{"url":"https:\/\/a.nel.cloudflare.com\/report\/v4?s=cA9%2BOqffVI45BpfUm388%2FdbrofDXWc1WE8rCh2VKbz%2BzVOD%2Bs6Ns7muNCbkBma%2BdPvPQyTaqPmrxIesdmnH1bCeVozEkHTQnVINJl7DPnU1cyUebtRmcDC5M%2Fx5dg%2Bv%2FMQ7wgV9rog%2FxUykVPdFJs8gYajg%3D"}],"group":"cf-nel","max_age":604800}
NEL: {"success_fraction":0,"report_to":"cf-nel","max_age":604800}
Server: cloudflare
CF-RAY: 89bf2ed4d9d276ad-DME
Content-Encoding: gzip
alt-svc: h3=":443"; ma=86400

{
    "success": true,
    "user": {
        "email": "aqvixwyuvc@ya.ru",
        "name": "FnreTqpzOR"
    },
    "accessToken": "Bearer eyJhbGciOiJIUzI1NiIsInR5cCI6IkpXVCJ9.eyJpZCI6IjY2ODE3OTc5OWVkMjgwMDAxYjQ1OTYyMiIsImlhdCI6MTcxOTc2MTI3MywiZXhwIjoxNzE5NzYyNDczfQ.QMe0rHXaRi5UhzAuTs9K4w8Ut0gH68WYVjzF2IV8xes",
    "refreshToken": "430355c5cf18895cd40593066509c01c720d8b37b73b0bce70da84c1454ca501d60e27713724f682"
}
HTTP/1.1 200 OK
Date: Sun, 30 Jun 2024 15:27:53 GMT
Content-Type: application/json; charset=utf-8
Transfer-Encoding: chunked
Connection: keep-alive
X-Powered-By: Express
Access-Control-Allow-Origin: *
authorization: Bearer eyJhbGciOiJIUzI1NiIsInR5cCI6IkpXVCJ9.eyJpZCI6IjY2ODE3OTc5OWVkMjgwMDAxYjQ1OTYyMiIsImlhdCI6MTcxOTc2MTI3MywiZXhwIjoxNzE5NzYyNDczfQ.QMe0rHXaRi5UhzAuTs9K4w8Ut0gH68WYVjzF2IV8xes
ETag: W/"16d-bB/D17w9xdGvoJi0NNv64Cpi6QQ"
CF-Cache-Status: DYNAMIC
Report-To: {"endpoints":[{"url":"https:\/\/a.nel.cloudflare.com\/report\/v4?s=cA9%2BOqffVI45BpfUm388%2FdbrofDXWc1WE8rCh2VKbz%2BzVOD%2Bs6Ns7muNCbkBma%2BdPvPQyTaqPmrxIesdmnH1bCeVozEkHTQnVINJl7DPnU1cyUebtRmcDC5M%2Fx5dg%2Bv%2FMQ7wgV9rog%2FxUykVPdFJs8gYajg%3D"}],"group":"cf-nel","max_age":604800}
NEL: {"success_fraction":0,"report_to":"cf-nel","max_age":604800}
Server: cloudflare
CF-RAY: 89bf2ed4d9d276ad-DME
Content-Encoding: gzip
alt-svc: h3=":443"; ma=86400

{
    "success": true,
    "user": {
        "email": "aqvixwyuvc@ya.ru",
        "name": "FnreTqpzOR"
    },
    "accessToken": "Bearer eyJhbGciOiJIUzI1NiIsInR5cCI6IkpXVCJ9.eyJpZCI6IjY2ODE3OTc5OWVkMjgwMDAxYjQ1OTYyMiIsImlhdCI6MTcxOTc2MTI3MywiZXhwIjoxNzE5NzYyNDczfQ.QMe0rHXaRi5UhzAuTs9K4w8Ut0gH68WYVjzF2IV8xes",
    "refreshToken": "430355c5cf18895cd40593066509c01c720d8b37b73b0bce70da84c1454ca501d60e27713724f682"
}
HTTP/1.1 200 OK
Date: Sun, 30 Jun 2024 15:27:53 GMT
Content-Type: application/json; charset=utf-8
Transfer-Encoding: chunked
Connection: keep-alive
X-Powered-By: Express
Access-Control-Allow-Origin: *
authorization: Bearer eyJhbGciOiJIUzI1NiIsInR5cCI6IkpXVCJ9.eyJpZCI6IjY2ODE3OTc5OWVkMjgwMDAxYjQ1OTYyMiIsImlhdCI6MTcxOTc2MTI3MywiZXhwIjoxNzE5NzYyNDczfQ.QMe0rHXaRi5UhzAuTs9K4w8Ut0gH68WYVjzF2IV8xes
ETag: W/"16d-bB/D17w9xdGvoJi0NNv64Cpi6QQ"
CF-Cache-Status: DYNAMIC
Report-To: {"endpoints":[{"url":"https:\/\/a.nel.cloudflare.com\/report\/v4?s=cA9%2BOqffVI45BpfUm388%2FdbrofDXWc1WE8rCh2VKbz%2BzVOD%2Bs6Ns7muNCbkBma%2BdPvPQyTaqPmrxIesdmnH1bCeVozEkHTQnVINJl7DPnU1cyUebtRmcDC5M%2Fx5dg%2Bv%2FMQ7wgV9rog%2FxUykVPdFJs8gYajg%3D"}],"group":"cf-nel","max_age":604800}
NEL: {"success_fraction":0,"report_to":"cf-nel","max_age":604800}
Server: cloudflare
CF-RAY: 89bf2ed4d9d276ad-DME
Content-Encoding: gzip
alt-svc: h3=":443"; ma=86400

{
    "success": true,
    "user": {
        "email": "aqvixwyuvc@ya.ru",
        "name": "FnreTqpzOR"
    },
    "accessToken": "Bearer eyJhbGciOiJIUzI1NiIsInR5cCI6IkpXVCJ9.eyJpZCI6IjY2ODE3OTc5OWVkMjgwMDAxYjQ1OTYyMiIsImlhdCI6MTcxOTc2MTI3MywiZXhwIjoxNzE5NzYyNDczfQ.QMe0rHXaRi5UhzAuTs9K4w8Ut0gH68WYVjzF2IV8xes",
    "refreshToken": "430355c5cf18895cd40593066509c01c720d8b37b73b0bce70da84c1454ca501d60e27713724f682"
}
HTTP/1.1 200 OK
Date: Sun, 30 Jun 2024 15:27:53 GMT
Content-Type: application/json; charset=utf-8
Transfer-Encoding: chunked
Connection: keep-alive
X-Powered-By: Express
Access-Control-Allow-Origin: *
authorization: Bearer eyJhbGciOiJIUzI1NiIsInR5cCI6IkpXVCJ9.eyJpZCI6IjY2ODE3OTc5OWVkMjgwMDAxYjQ1OTYyMiIsImlhdCI6MTcxOTc2MTI3MywiZXhwIjoxNzE5NzYyNDczfQ.QMe0rHXaRi5UhzAuTs9K4w8Ut0gH68WYVjzF2IV8xes
ETag: W/"16d-bB/D17w9xdGvoJi0NNv64Cpi6QQ"
CF-Cache-Status: DYNAMIC
Report-To: {"endpoints":[{"url":"https:\/\/a.nel.cloudflare.com\/report\/v4?s=cA9%2BOqffVI45BpfUm388%2FdbrofDXWc1WE8rCh2VKbz%2BzVOD%2Bs6Ns7muNCbkBma%2BdPvPQyTaqPmrxIesdmnH1bCeVozEkHTQnVINJl7DPnU1cyUebtRmcDC5M%2Fx5dg%2Bv%2FMQ7wgV9rog%2FxUykVPdFJs8gYajg%3D"}],"group":"cf-nel","max_age":604800}
NEL: {"success_fraction":0,"report_to":"cf-nel","max_age":604800}
Server: cloudflare
CF-RAY: 89bf2ed4d9d276ad-DME
Content-Encoding: gzip
alt-svc: h3=":443"; ma=86400

{
    "success": true,
    "user": {
        "email": "aqvixwyuvc@ya.ru",
        "name": "FnreTqpzOR"
    },
    "accessToken": "Bearer eyJhbGciOiJIUzI1NiIsInR5cCI6IkpXVCJ9.eyJpZCI6IjY2ODE3OTc5OWVkMjgwMDAxYjQ1OTYyMiIsImlhdCI6MTcxOTc2MTI3MywiZXhwIjoxNzE5NzYyNDczfQ.QMe0rHXaRi5UhzAuTs9K4w8Ut0gH68WYVjzF2IV8xes",
    "refreshToken": "430355c5cf18895cd40593066509c01c720d8b37b73b0bce70da84c1454ca501d60e27713724f682"
}
HTTP/1.1 200 OK
Date: Sun, 30 Jun 2024 15:27:53 GMT
Content-Type: application/json; charset=utf-8
Transfer-Encoding: chunked
Connection: keep-alive
X-Powered-By: Express
Access-Control-Allow-Origin: *
authorization: Bearer eyJhbGciOiJIUzI1NiIsInR5cCI6IkpXVCJ9.eyJpZCI6IjY2ODE3OTc5OWVkMjgwMDAxYjQ1OTYyMiIsImlhdCI6MTcxOTc2MTI3MywiZXhwIjoxNzE5NzYyNDczfQ.QMe0rHXaRi5UhzAuTs9K4w8Ut0gH68WYVjzF2IV8xes
ETag: W/"16d-bB/D17w9xdGvoJi0NNv64Cpi6QQ"
CF-Cache-Status: DYNAMIC
Report-To: {"endpoints":[{"url":"https:\/\/a.nel.cloudflare.com\/report\/v4?s=cA9%2BOqffVI45BpfUm388%2FdbrofDXWc1WE8rCh2VKbz%2BzVOD%2Bs6Ns7muNCbkBma%2BdPvPQyTaqPmrxIesdmnH1bCeVozEkHTQnVINJl7DPnU1cyUebtRmcDC5M%2Fx5dg%2Bv%2FMQ7wgV9rog%2FxUykVPdFJs8gYajg%3D"}],"group":"cf-nel","max_age":604800}
NEL: {"success_fraction":0,"report_to":"cf-nel","max_age":604800}
Server: cloudflare
CF-RAY: 89bf2ed4d9d276ad-DME
Content-Encoding: gzip
alt-svc: h3=":443"; ma=86400

{
    "success": true,
    "user": {
        "email": "aqvixwyuvc@ya.ru",
        "name": "FnreTqpzOR"
    },
    "accessToken": "Bearer eyJhbGciOiJIUzI1NiIsInR5cCI6IkpXVCJ9.eyJpZCI6IjY2ODE3OTc5OWVkMjgwMDAxYjQ1OTYyMiIsImlhdCI6MTcxOTc2MTI3MywiZXhwIjoxNzE5NzYyNDczfQ.QMe0rHXaRi5UhzAuTs9K4w8Ut0gH68WYVjzF2IV8xes",
    "refreshToken": "430355c5cf18895cd40593066509c01c720d8b37b73b0bce70da84c1454ca501d60e27713724f682"
}
HTTP/1.1 200 OK
Date: Sun, 30 Jun 2024 15:27:53 GMT
Content-Type: application/json; charset=utf-8
Transfer-Encoding: chunked
Connection: keep-alive
X-Powered-By: Express
Access-Control-Allow-Origin: *
authorization: Bearer eyJhbGciOiJIUzI1NiIsInR5cCI6IkpXVCJ9.eyJpZCI6IjY2ODE3OTc5OWVkMjgwMDAxYjQ1OTYyMiIsImlhdCI6MTcxOTc2MTI3MywiZXhwIjoxNzE5NzYyNDczfQ.QMe0rHXaRi5UhzAuTs9K4w8Ut0gH68WYVjzF2IV8xes
ETag: W/"16d-bB/D17w9xdGvoJi0NNv64Cpi6QQ"
CF-Cache-Status: DYNAMIC
Report-To: {"endpoints":[{"url":"https:\/\/a.nel.cloudflare.com\/report\/v4?s=cA9%2BOqffVI45BpfUm388%2FdbrofDXWc1WE8rCh2VKbz%2BzVOD%2Bs6Ns7muNCbkBma%2BdPvPQyTaqPmrxIesdmnH1bCeVozEkHTQnVINJl7DPnU1cyUebtRmcDC5M%2Fx5dg%2Bv%2FMQ7wgV9rog%2FxUykVPdFJs8gYajg%3D"}],"group":"cf-nel","max_age":604800}
NEL: {"success_fraction":0,"report_to":"cf-nel","max_age":604800}
Server: cloudflare
CF-RAY: 89bf2ed4d9d276ad-DME
Content-Encoding: gzip
alt-svc: h3=":443"; ma=86400

{
    "success": true,
    "user": {
        "email": "aqvixwyuvc@ya.ru",
        "name": "FnreTqpzOR"
    },
    "accessToken": "Bearer eyJhbGciOiJIUzI1NiIsInR5cCI6IkpXVCJ9.eyJpZCI6IjY2ODE3OTc5OWVkMjgwMDAxYjQ1OTYyMiIsImlhdCI6MTcxOTc2MTI3MywiZXhwIjoxNzE5NzYyNDczfQ.QMe0rHXaRi5UhzAuTs9K4w8Ut0gH68WYVjzF2IV8xes",
    "refreshToken": "430355c5cf18895cd40593066509c01c720d8b37b73b0bce70da84c1454ca501d60e27713724f682"
}
HTTP/1.1 200 OK
Date: Sun, 30 Jun 2024 15:27:53 GMT
Content-Type: application/json; charset=utf-8
Transfer-Encoding: chunked
Connection: keep-alive
X-Powered-By: Express
Access-Control-Allow-Origin: *
authorization: Bearer eyJhbGciOiJIUzI1NiIsInR5cCI6IkpXVCJ9.eyJpZCI6IjY2ODE3OTc5OWVkMjgwMDAxYjQ1OTYyMiIsImlhdCI6MTcxOTc2MTI3MywiZXhwIjoxNzE5NzYyNDczfQ.QMe0rHXaRi5UhzAuTs9K4w8Ut0gH68WYVjzF2IV8xes
ETag: W/"16d-bB/D17w9xdGvoJi0NNv64Cpi6QQ"
CF-Cache-Status: DYNAMIC
Report-To: {"endpoints":[{"url":"https:\/\/a.nel.cloudflare.com\/report\/v4?s=cA9%2BOqffVI45BpfUm388%2FdbrofDXWc1WE8rCh2VKbz%2BzVOD%2Bs6Ns7muNCbkBma%2BdPvPQyTaqPmrxIesdmnH1bCeVozEkHTQnVINJl7DPnU1cyUebtRmcDC5M%2Fx5dg%2Bv%2FMQ7wgV9rog%2FxUykVPdFJs8gYajg%3D"}],"group":"cf-nel","max_age":604800}
NEL: {"success_fraction":0,"report_to":"cf-nel","max_age":604800}
Server: cloudflare
CF-RAY: 89bf2ed4d9d276ad-DME
Content-Encoding: gzip
alt-svc: h3=":443"; ma=86400

{
    "success": true,
    "user": {
        "email": "aqvixwyuvc@ya.ru",
        "name": "FnreTqpzOR"
    },
    "accessToken": "Bearer eyJhbGciOiJIUzI1NiIsInR5cCI6IkpXVCJ9.eyJpZCI6IjY2ODE3OTc5OWVkMjgwMDAxYjQ1OTYyMiIsImlhdCI6MTcxOTc2MTI3MywiZXhwIjoxNzE5NzYyNDczfQ.QMe0rHXaRi5UhzAuTs9K4w8Ut0gH68WYVjzF2IV8xes",
    "refreshToken": "430355c5cf18895cd40593066509c01c720d8b37b73b0bce70da84c1454ca501d60e27713724f682"
}
HTTP/1.1 200 OK
Date: Sun, 30 Jun 2024 15:27:53 GMT
Content-Type: application/json; charset=utf-8
Transfer-Encoding: chunked
Connection: keep-alive
X-Powered-By: Express
Access-Control-Allow-Origin: *
authorization: Bearer eyJhbGciOiJIUzI1NiIsInR5cCI6IkpXVCJ9.eyJpZCI6IjY2ODE3OTc5OWVkMjgwMDAxYjQ1OTYyMiIsImlhdCI6MTcxOTc2MTI3MywiZXhwIjoxNzE5NzYyNDczfQ.QMe0rHXaRi5UhzAuTs9K4w8Ut0gH68WYVjzF2IV8xes
ETag: W/"16d-bB/D17w9xdGvoJi0NNv64Cpi6QQ"
CF-Cache-Status: DYNAMIC
Report-To: {"endpoints":[{"url":"https:\/\/a.nel.cloudflare.com\/report\/v4?s=cA9%2BOqffVI45BpfUm388%2FdbrofDXWc1WE8rCh2VKbz%2BzVOD%2Bs6Ns7muNCbkBma%2BdPvPQyTaqPmrxIesdmnH1bCeVozEkHTQnVINJl7DPnU1cyUebtRmcDC5M%2Fx5dg%2Bv%2FMQ7wgV9rog%2FxUykVPdFJs8gYajg%3D"}],"group":"cf-nel","max_age":604800}
NEL: {"success_fraction":0,"report_to":"cf-nel","max_age":604800}
Server: cloudflare
CF-RAY: 89bf2ed4d9d276ad-DME
Content-Encoding: gzip
alt-svc: h3=":443"; ma=86400

{
    "success": true,
    "user": {
        "email": "aqvixwyuvc@ya.ru",
        "name": "FnreTqpzOR"
    },
    "accessToken": "Bearer eyJhbGciOiJIUzI1NiIsInR5cCI6IkpXVCJ9.eyJpZCI6IjY2ODE3OTc5OWVkMjgwMDAxYjQ1OTYyMiIsImlhdCI6MTcxOTc2MTI3MywiZXhwIjoxNzE5NzYyNDczfQ.QMe0rHXaRi5UhzAuTs9K4w8Ut0gH68WYVjzF2IV8xes",
    "refreshToken": "430355c5cf18895cd40593066509c01c720d8b37b73b0bce70da84c1454ca501d60e27713724f682"
}
HTTP/1.1 200 OK
Date: Sun, 30 Jun 2024 15:27:53 GMT
Content-Type: application/json; charset=utf-8
Transfer-Encoding: chunked
Connection: keep-alive
X-Powered-By: Express
Access-Control-Allow-Origin: *
authorization: Bearer eyJhbGciOiJIUzI1NiIsInR5cCI6IkpXVCJ9.eyJpZCI6IjY2ODE3OTc5OWVkMjgwMDAxYjQ1OTYyMiIsImlhdCI6MTcxOTc2MTI3MywiZXhwIjoxNzE5NzYyNDczfQ.QMe0rHXaRi5UhzAuTs9K4w8Ut0gH68WYVjzF2IV8xes
ETag: W/"16d-bB/D17w9xdGvoJi0NNv64Cpi6QQ"
CF-Cache-Status: DYNAMIC
Report-To: {"endpoints":[{"url":"https:\/\/a.nel.cloudflare.com\/report\/v4?s=cA9%2BOqffVI45BpfUm388%2FdbrofDXWc1WE8rCh2VKbz%2BzVOD%2Bs6Ns7muNCbkBma%2BdPvPQyTaqPmrxIesdmnH1bCeVozEkHTQnVINJl7DPnU1cyUebtRmcDC5M%2Fx5dg%2Bv%2FMQ7wgV9rog%2FxUykVPdFJs8gYajg%3D"}],"group":"cf-nel","max_age":604800}
NEL: {"success_fraction":0,"report_to":"cf-nel","max_age":604800}
Server: cloudflare
CF-RAY: 89bf2ed4d9d276ad-DME
Content-Encoding: gzip
alt-svc: h3=":443"; ma=86400

{
    "success": true,
    "user": {
        "email": "aqvixwyuvc@ya.ru",
        "name": "FnreTqpzOR"
    },
    "accessToken": "Bearer eyJhbGciOiJIUzI1NiIsInR5cCI6IkpXVCJ9.eyJpZCI6IjY2ODE3OTc5OWVkMjgwMDAxYjQ1OTYyMiIsImlhdCI6MTcxOTc2MTI3MywiZXhwIjoxNzE5NzYyNDczfQ.QMe0rHXaRi5UhzAuTs9K4w8Ut0gH68WYVjzF2IV8xes",
    "refreshToken": "430355c5cf18895cd40593066509c01c720d8b37b73b0bce70da84c1454ca501d60e27713724f682"
}
HTTP/1.1 200 OK
Date: Sun, 30 Jun 2024 15:27:53 GMT
Content-Type: application/json; charset=utf-8
Transfer-Encoding: chunked
Connection: keep-alive
X-Powered-By: Express
Access-Control-Allow-Origin: *
authorization: Bearer eyJhbGciOiJIUzI1NiIsInR5cCI6IkpXVCJ9.eyJpZCI6IjY2ODE3OTc5OWVkMjgwMDAxYjQ1OTYyMiIsImlhdCI6MTcxOTc2MTI3MywiZXhwIjoxNzE5NzYyNDczfQ.QMe0rHXaRi5UhzAuTs9K4w8Ut0gH68WYVjzF2IV8xes
ETag: W/"16d-bB/D17w9xdGvoJi0NNv64Cpi6QQ"
CF-Cache-Status: DYNAMIC
Report-To: {"endpoints":[{"url":"https:\/\/a.nel.cloudflare.com\/report\/v4?s=cA9%2BOqffVI45BpfUm388%2FdbrofDXWc1WE8rCh2VKbz%2BzVOD%2Bs6Ns7muNCbkBma%2BdPvPQyTaqPmrxIesdmnH1bCeVozEkHTQnVINJl7DPnU1cyUebtRmcDC5M%2Fx5dg%2Bv%2FMQ7wgV9rog%2FxUykVPdFJs8gYajg%3D"}],"group":"cf-nel","max_age":604800}
NEL: {"success_fraction":0,"report_to":"cf-nel","max_age":604800}
Server: cloudflare
CF-RAY: 89bf2ed4d9d276ad-DME
Content-Encoding: gzip
alt-svc: h3=":443"; ma=86400

{
    "success": true,
    "user": {
        "email": "aqvixwyuvc@ya.ru",
        "name": "FnreTqpzOR"
    },
    "accessToken": "Bearer eyJhbGciOiJIUzI1NiIsInR5cCI6IkpXVCJ9.eyJpZCI6IjY2ODE3OTc5OWVkMjgwMDAxYjQ1OTYyMiIsImlhdCI6MTcxOTc2MTI3MywiZXhwIjoxNzE5NzYyNDczfQ.QMe0rHXaRi5UhzAuTs9K4w8Ut0gH68WYVjzF2IV8xes",
    "refreshToken": "430355c5cf18895cd40593066509c01c720d8b37b73b0bce70da84c1454ca501d60e27713724f682"
}
HTTP/1.1 200 OK
Date: Sun, 30 Jun 2024 15:27:53 GMT
Content-Type: application/json; charset=utf-8
Transfer-Encoding: chunked
Connection: keep-alive
X-Powered-By: Express
Access-Control-Allow-Origin: *
authorization: Bearer eyJhbGciOiJIUzI1NiIsInR5cCI6IkpXVCJ9.eyJpZCI6IjY2ODE3OTc5OWVkMjgwMDAxYjQ1OTYyMiIsImlhdCI6MTcxOTc2MTI3MywiZXhwIjoxNzE5NzYyNDczfQ.QMe0rHXaRi5UhzAuTs9K4w8Ut0gH68WYVjzF2IV8xes
ETag: W/"16d-bB/D17w9xdGvoJi0NNv64Cpi6QQ"
CF-Cache-Status: DYNAMIC
Report-To: {"endpoints":[{"url":"https:\/\/a.nel.cloudflare.com\/report\/v4?s=cA9%2BOqffVI45BpfUm388%2FdbrofDXWc1WE8rCh2VKbz%2BzVOD%2Bs6Ns7muNCbkBma%2BdPvPQyTaqPmrxIesdmnH1bCeVozEkHTQnVINJl7DPnU1cyUebtRmcDC5M%2Fx5dg%2Bv%2FMQ7wgV9rog%2FxUykVPdFJs8gYajg%3D"}],"group":"cf-nel","max_age":604800}
NEL: {"success_fraction":0,"report_to":"cf-nel","max_age":604800}
Server: cloudflare
CF-RAY: 89bf2ed4d9d276ad-DME
Content-Encoding: gzip
alt-svc: h3=":443"; ma=86400

{
    "success": true,
    "user": {
        "email": "aqvixwyuvc@ya.ru",
        "name": "FnreTqpzOR"
    },
    "accessToken": "Bearer eyJhbGciOiJIUzI1NiIsInR5cCI6IkpXVCJ9.eyJpZCI6IjY2ODE3OTc5OWVkMjgwMDAxYjQ1OTYyMiIsImlhdCI6MTcxOTc2MTI3MywiZXhwIjoxNzE5NzYyNDczfQ.QMe0rHXaRi5UhzAuTs9K4w8Ut0gH68WYVjzF2IV8xes",
    "refreshToken": "430355c5cf18895cd40593066509c01c720d8b37b73b0bce70da84c1454ca501d60e27713724f682"
}
HTTP/1.1 200 OK
Date: Sun, 30 Jun 2024 15:27:53 GMT
Content-Type: application/json; charset=utf-8
Transfer-Encoding: chunked
Connection: keep-alive
X-Powered-By: Express
Access-Control-Allow-Origin: *
authorization: Bearer eyJhbGciOiJIUzI1NiIsInR5cCI6IkpXVCJ9.eyJpZCI6IjY2ODE3OTc5OWVkMjgwMDAxYjQ1OTYyMiIsImlhdCI6MTcxOTc2MTI3MywiZXhwIjoxNzE5NzYyNDczfQ.QMe0rHXaRi5UhzAuTs9K4w8Ut0gH68WYVjzF2IV8xes
ETag: W/"16d-bB/D17w9xdGvoJi0NNv64Cpi6QQ"
CF-Cache-Status: DYNAMIC
Report-To: {"endpoints":[{"url":"https:\/\/a.nel.cloudflare.com\/report\/v4?s=cA9%2BOqffVI45BpfUm388%2FdbrofDXWc1WE8rCh2VKbz%2BzVOD%2Bs6Ns7muNCbkBma%2BdPvPQyTaqPmrxIesdmnH1bCeVozEkHTQnVINJl7DPnU1cyUebtRmcDC5M%2Fx5dg%2Bv%2FMQ7wgV9rog%2FxUykVPdFJs8gYajg%3D"}],"group":"cf-nel","max_age":604800}
NEL: {"success_fraction":0,"report_to":"cf-nel","max_age":604800}
Server: cloudflare
CF-RAY: 89bf2ed4d9d276ad-DME
Content-Encoding: gzip
alt-svc: h3=":443"; ma=86400

{
    "success": true,
    "user": {
        "email": "aqvixwyuvc@ya.ru",
        "name": "FnreTqpzOR"
    },
    "accessToken": "Bearer eyJhbGciOiJIUzI1NiIsInR5cCI6IkpXVCJ9.eyJpZCI6IjY2ODE3OTc5OWVkMjgwMDAxYjQ1OTYyMiIsImlhdCI6MTcxOTc2MTI3MywiZXhwIjoxNzE5NzYyNDczfQ.QMe0rHXaRi5UhzAuTs9K4w8Ut0gH68WYVjzF2IV8xes",
    "refreshToken": "430355c5cf18895cd40593066509c01c720d8b37b73b0bce70da84c1454ca501d60e27713724f682"
}
Request method:	POST
Request URI:	https://stellarburgers.nomoreparties.site/api/auth/login
Proxy:			<none>
Request params:	<none>
Query params:	<none>
Form params:	<none>
Path params:	<none>
Headers:		Accept=*/*
				Content-Type=application/json
Cookies:		<none>
Multiparts:		<none>
Body:
{
    "email": "AQviXwYuVC@ya.ru",
    "password": "ihPCXJTMpe",
    "name": "FnreTqpzOR"
}
Request method:	POST
Request URI:	https://stellarburgers.nomoreparties.site/api/auth/login
Proxy:			<none>
Request params:	<none>
Query params:	<none>
Form params:	<none>
Path params:	<none>
Headers:		Accept=*/*
				Content-Type=application/json
Cookies:		<none>
Multiparts:		<none>
Body:
{
    "email": "AQviXwYuVC@ya.ru",
    "password": "ihPCXJTMpe",
    "name": "FnreTqpzOR"
}
Request method:	POST
Request URI:	https://stellarburgers.nomoreparties.site/api/auth/login
Proxy:			<none>
Request params:	<none>
Query params:	<none>
Form params:	<none>
Path params:	<none>
Headers:		Accept=*/*
				Content-Type=application/json
Cookies:		<none>
Multiparts:		<none>
Body:
{
    "email": "AQviXwYuVC@ya.ru",
    "password": "ihPCXJTMpe",
    "name": "FnreTqpzOR"
}
Request method:	POST
Request URI:	https://stellarburgers.nomoreparties.site/api/auth/login
Proxy:			<none>
Request params:	<none>
Query params:	<none>
Form params:	<none>
Path params:	<none>
Headers:		Accept=*/*
				Content-Type=application/json
Cookies:		<none>
Multiparts:		<none>
Body:
{
    "email": "AQviXwYuVC@ya.ru",
    "password": "ihPCXJTMpe",
    "name": "FnreTqpzOR"
}
Request method:	POST
Request URI:	https://stellarburgers.nomoreparties.site/api/auth/login
Proxy:			<none>
Request params:	<none>
Query params:	<none>
Form params:	<none>
Path params:	<none>
Headers:		Accept=*/*
				Content-Type=application/json
Cookies:		<none>
Multiparts:		<none>
Body:
{
    "email": "AQviXwYuVC@ya.ru",
    "password": "ihPCXJTMpe",
    "name": "FnreTqpzOR"
}
Request method:	POST
Request URI:	https://stellarburgers.nomoreparties.site/api/auth/login
Proxy:			<none>
Request params:	<none>
Query params:	<none>
Form params:	<none>
Path params:	<none>
Headers:		Accept=*/*
				Content-Type=application/json
Cookies:		<none>
Multiparts:		<none>
Body:
{
    "email": "AQviXwYuVC@ya.ru",
    "password": "ihPCXJTMpe",
    "name": "FnreTqpzOR"
}
Request method:	POST
Request URI:	https://stellarburgers.nomoreparties.site/api/auth/login
Proxy:			<none>
Request params:	<none>
Query params:	<none>
Form params:	<none>
Path params:	<none>
Headers:		Accept=*/*
				Content-Type=application/json
Cookies:		<none>
Multiparts:		<none>
Body:
{
    "email": "AQviXwYuVC@ya.ru",
    "password": "ihPCXJTMpe",
    "name": "FnreTqpzOR"
}
Request method:	POST
Request URI:	https://stellarburgers.nomoreparties.site/api/auth/login
Proxy:			<none>
Request params:	<none>
Query params:	<none>
Form params:	<none>
Path params:	<none>
Headers:		Accept=*/*
				Content-Type=application/json
Cookies:		<none>
Multiparts:		<none>
Body:
{
    "email": "AQviXwYuVC@ya.ru",
    "password": "ihPCXJTMpe",
    "name": "FnreTqpzOR"
}
Request method:	POST
Request URI:	https://stellarburgers.nomoreparties.site/api/auth/login
Proxy:			<none>
Request params:	<none>
Query params:	<none>
Form params:	<none>
Path params:	<none>
Headers:		Accept=*/*
				Content-Type=application/json
Cookies:		<none>
Multiparts:		<none>
Body:
{
    "email": "AQviXwYuVC@ya.ru",
    "password": "ihPCXJTMpe",
    "name": "FnreTqpzOR"
}
Request method:	POST
Request URI:	https://stellarburgers.nomoreparties.site/api/auth/login
Proxy:			<none>
Request params:	<none>
Query params:	<none>
Form params:	<none>
Path params:	<none>
Headers:		Accept=*/*
				Content-Type=application/json
Cookies:		<none>
Multiparts:		<none>
Body:
{
    "email": "AQviXwYuVC@ya.ru",
    "password": "ihPCXJTMpe",
    "name": "FnreTqpzOR"
}
Request method:	POST
Request URI:	https://stellarburgers.nomoreparties.site/api/auth/login
Proxy:			<none>
Request params:	<none>
Query params:	<none>
Form params:	<none>
Path params:	<none>
Headers:		Accept=*/*
				Content-Type=application/json
Cookies:		<none>
Multiparts:		<none>
Body:
{
    "email": "AQviXwYuVC@ya.ru",
    "password": "ihPCXJTMpe",
    "name": "FnreTqpzOR"
}
Request method:	POST
Request URI:	https://stellarburgers.nomoreparties.site/api/auth/login
Proxy:			<none>
Request params:	<none>
Query params:	<none>
Form params:	<none>
Path params:	<none>
Headers:		Accept=*/*
				Content-Type=application/json
Cookies:		<none>
Multiparts:		<none>
Body:
{
    "email": "AQviXwYuVC@ya.ru",
    "password": "ihPCXJTMpe",
    "name": "FnreTqpzOR"
}
Request method:	POST
Request URI:	https://stellarburgers.nomoreparties.site/api/auth/login
Proxy:			<none>
Request params:	<none>
Query params:	<none>
Form params:	<none>
Path params:	<none>
Headers:		Accept=*/*
				Content-Type=application/json
Cookies:		<none>
Multiparts:		<none>
Body:
{
    "email": "AQviXwYuVC@ya.ru",
    "password": "ihPCXJTMpe",
    "name": "FnreTqpzOR"
}
Request method:	POST
Request URI:	https://stellarburgers.nomoreparties.site/api/auth/login
Proxy:			<none>
Request params:	<none>
Query params:	<none>
Form params:	<none>
Path params:	<none>
Headers:		Accept=*/*
				Content-Type=application/json
Cookies:		<none>
Multiparts:		<none>
Body:
{
    "email": "AQviXwYuVC@ya.ru",
    "password": "ihPCXJTMpe",
    "name": "FnreTqpzOR"
}
Request method:	POST
Request URI:	https://stellarburgers.nomoreparties.site/api/auth/login
Proxy:			<none>
Request params:	<none>
Query params:	<none>
Form params:	<none>
Path params:	<none>
Headers:		Accept=*/*
				Content-Type=application/json
Cookies:		<none>
Multiparts:		<none>
Body:
{
    "email": "AQviXwYuVC@ya.ru",
    "password": "ihPCXJTMpe",
    "name": "FnreTqpzOR"
}
Request method:	POST
Request URI:	https://stellarburgers.nomoreparties.site/api/auth/login
Proxy:			<none>
Request params:	<none>
Query params:	<none>
Form params:	<none>
Path params:	<none>
Headers:		Accept=*/*
				Content-Type=application/json
Cookies:		<none>
Multiparts:		<none>
Body:
{
    "email": "AQviXwYuVC@ya.ru",
    "password": "ihPCXJTMpe",
    "name": "FnreTqpzOR"
}
Request method:	POST
Request URI:	https://stellarburgers.nomoreparties.site/api/auth/login
Proxy:			<none>
Request params:	<none>
Query params:	<none>
Form params:	<none>
Path params:	<none>
Headers:		Accept=*/*
				Content-Type=application/json
Cookies:		<none>
Multiparts:		<none>
Body:
{
    "email": "AQviXwYuVC@ya.ru",
    "password": "ihPCXJTMpe",
    "name": "FnreTqpzOR"
}
Request method:	POST
Request URI:	https://stellarburgers.nomoreparties.site/api/auth/login
Proxy:			<none>
Request params:	<none>
Query params:	<none>
Form params:	<none>
Path params:	<none>
Headers:		Accept=*/*
				Content-Type=application/json
Cookies:		<none>
Multiparts:		<none>
Body:
{
    "email": "AQviXwYuVC@ya.ru",
    "password": "ihPCXJTMpe",
    "name": "FnreTqpzOR"
}
Request method:	POST
Request URI:	https://stellarburgers.nomoreparties.site/api/auth/login
Proxy:			<none>
Request params:	<none>
Query params:	<none>
Form params:	<none>
Path params:	<none>
Headers:		Accept=*/*
				Content-Type=application/json
Cookies:		<none>
Multiparts:		<none>
Body:
{
    "email": "AQviXwYuVC@ya.ru",
    "password": "ihPCXJTMpe",
    "name": "FnreTqpzOR"
}
Request method:	POST
Request URI:	https://stellarburgers.nomoreparties.site/api/auth/login
Proxy:			<none>
Request params:	<none>
Query params:	<none>
Form params:	<none>
Path params:	<none>
Headers:		Accept=*/*
				Content-Type=application/json
Cookies:		<none>
Multiparts:		<none>
Body:
{
    "email": "AQviXwYuVC@ya.ru",
    "password": "ihPCXJTMpe",
    "name": "FnreTqpzOR"
}
Request method:	POST
Request URI:	https://stellarburgers.nomoreparties.site/api/auth/login
Proxy:			<none>
Request params:	<none>
Query params:	<none>
Form params:	<none>
Path params:	<none>
Headers:		Accept=*/*
				Content-Type=application/json
Cookies:		<none>
Multiparts:		<none>
Body:
{
    "email": "AQviXwYuVC@ya.ru",
    "password": "ihPCXJTMpe",
    "name": "FnreTqpzOR"
}
Request method:	POST
Request URI:	https://stellarburgers.nomoreparties.site/api/auth/login
Proxy:			<none>
Request params:	<none>
Query params:	<none>
Form params:	<none>
Path params:	<none>
Headers:		Accept=*/*
				Content-Type=application/json
Cookies:		<none>
Multiparts:		<none>
Body:
{
    "email": "AQviXwYuVC@ya.ru",
    "password": "ihPCXJTMpe",
    "name": "FnreTqpzOR"
}
Request method:	POST
Request URI:	https://stellarburgers.nomoreparties.site/api/auth/login
Proxy:			<none>
Request params:	<none>
Query params:	<none>
Form params:	<none>
Path params:	<none>
Headers:		Accept=*/*
				Content-Type=application/json
Cookies:		<none>
Multiparts:		<none>
Body:
{
    "email": "AQviXwYuVC@ya.ru",
    "password": "ihPCXJTMpe",
    "name": "FnreTqpzOR"
}
Request method:	POST
Request URI:	https://stellarburgers.nomoreparties.site/api/auth/login
Proxy:			<none>
Request params:	<none>
Query params:	<none>
Form params:	<none>
Path params:	<none>
Headers:		Accept=*/*
				Content-Type=application/json
Cookies:		<none>
Multiparts:		<none>
Body:
{
    "email": "AQviXwYuVC@ya.ru",
    "password": "ihPCXJTMpe",
    "name": "FnreTqpzOR"
}
Request method:	POST
Request URI:	https://stellarburgers.nomoreparties.site/api/auth/login
Proxy:			<none>
Request params:	<none>
Query params:	<none>
Form params:	<none>
Path params:	<none>
Headers:		Accept=*/*
				Content-Type=application/json
Cookies:		<none>
Multiparts:		<none>
Body:
{
    "email": "AQviXwYuVC@ya.ru",
    "password": "ihPCXJTMpe",
    "name": "FnreTqpzOR"
}
Request method:	POST
Request URI:	https://stellarburgers.nomoreparties.site/api/auth/login
Proxy:			<none>
Request params:	<none>
Query params:	<none>
Form params:	<none>
Path params:	<none>
Headers:		Accept=*/*
				Content-Type=application/json
Cookies:		<none>
Multiparts:		<none>
Body:
{
    "email": "AQviXwYuVC@ya.ru",
    "password": "ihPCXJTMpe",
    "name": "FnreTqpzOR"
}
Request method:	POST
Request URI:	https://stellarburgers.nomoreparties.site/api/auth/login
Proxy:			<none>
Request params:	<none>
Query params:	<none>
Form params:	<none>
Path params:	<none>
Headers:		Accept=*/*
				Content-Type=application/json
Cookies:		<none>
Multiparts:		<none>
Body:
{
    "email": "AQviXwYuVC@ya.ru",
    "password": "ihPCXJTMpe",
    "name": "FnreTqpzOR"
}
Request method:	POST
Request URI:	https://stellarburgers.nomoreparties.site/api/auth/login
Proxy:			<none>
Request params:	<none>
Query params:	<none>
Form params:	<none>
Path params:	<none>
Headers:		Accept=*/*
				Content-Type=application/json
Cookies:		<none>
Multiparts:		<none>
Body:
{
    "email": "AQviXwYuVC@ya.ru",
    "password": "ihPCXJTMpe",
    "name": "FnreTqpzOR"
}
Request method:	POST
Request URI:	https://stellarburgers.nomoreparties.site/api/auth/login
Proxy:			<none>
Request params:	<none>
Query params:	<none>
Form params:	<none>
Path params:	<none>
Headers:		Accept=*/*
				Content-Type=application/json
Cookies:		<none>
Multiparts:		<none>
Body:
{
    "email": "AQviXwYuVC@ya.ru",
    "password": "ihPCXJTMpe",
    "name": "FnreTqpzOR"
}
Request method:	POST
Request URI:	https://stellarburgers.nomoreparties.site/api/auth/login
Proxy:			<none>
Request params:	<none>
Query params:	<none>
Form params:	<none>
Path params:	<none>
Headers:		Accept=*/*
				Content-Type=application/json
Cookies:		<none>
Multiparts:		<none>
Body:
{
    "email": "AQviXwYuVC@ya.ru",
    "password": "ihPCXJTMpe",
    "name": "FnreTqpzOR"
}
Request method:	POST
Request URI:	https://stellarburgers.nomoreparties.site/api/auth/login
Proxy:			<none>
Request params:	<none>
Query params:	<none>
Form params:	<none>
Path params:	<none>
Headers:		Accept=*/*
				Content-Type=application/json
Cookies:		<none>
Multiparts:		<none>
Body:
{
    "email": "AQviXwYuVC@ya.ru",
    "password": "ihPCXJTMpe",
    "name": "FnreTqpzOR"
}
Request method:	POST
Request URI:	https://stellarburgers.nomoreparties.site/api/auth/login
Proxy:			<none>
Request params:	<none>
Query params:	<none>
Form params:	<none>
Path params:	<none>
Headers:		Accept=*/*
				Content-Type=application/json
Cookies:		<none>
Multiparts:		<none>
Body:
{
    "email": "AQviXwYuVC@ya.ru",
    "password": "ihPCXJTMpe",
    "name": "FnreTqpzOR"
}
Request method:	POST
Request URI:	https://stellarburgers.nomoreparties.site/api/auth/login
Proxy:			<none>
Request params:	<none>
Query params:	<none>
Form params:	<none>
Path params:	<none>
Headers:		Accept=*/*
				Content-Type=application/json
Cookies:		<none>
Multiparts:		<none>
Body:
{
    "email": "AQviXwYuVC@ya.ru",
    "password": "ihPCXJTMpe",
    "name": "FnreTqpzOR"
}
Request method:	POST
Request URI:	https://stellarburgers.nomoreparties.site/api/auth/login
Proxy:			<none>
Request params:	<none>
Query params:	<none>
Form params:	<none>
Path params:	<none>
Headers:		Accept=*/*
				Content-Type=application/json
Cookies:		<none>
Multiparts:		<none>
Body:
{
    "email": "AQviXwYuVC@ya.ru",
    "password": "ihPCXJTMpe",
    "name": "FnreTqpzOR"
}
HTTP/1.1 200 OK
Date: Sun, 30 Jun 2024 15:27:53 GMT
Content-Type: application/json; charset=utf-8
Transfer-Encoding: chunked
Connection: keep-alive
X-Powered-By: Express
Access-Control-Allow-Origin: *
ETag: W/"16d-XBtCN1pHKlR6t0Xn3QfxVllRjrw"
CF-Cache-Status: DYNAMIC
Report-To: {"endpoints":[{"url":"https:\/\/a.nel.cloudflare.com\/report\/v4?s=TvsF0JG%2B3GiGOif0feaTsWwAy2cuPCmnXmfeatdIQZR14NT5w%2BhG8WvtZKx3AwlW4ilJilyufD0RAF%2BiD7kT4CYyHJjNOJeUdopqUSUlkRDO70jSFRux7hF2ykubaUu2Mq61osqcWjmYndHpSGxxBYfGMQY%3D"}],"group":"cf-nel","max_age":604800}
NEL: {"success_fraction":0,"report_to":"cf-nel","max_age":604800}
Server: cloudflare
CF-RAY: 89bf2ed66c59b80d-RIX
Content-Encoding: gzip
alt-svc: h3=":443"; ma=86400

{
    "success": true,
    "accessToken": "Bearer eyJhbGciOiJIUzI1NiIsInR5cCI6IkpXVCJ9.eyJpZCI6IjY2ODE3OTc5OWVkMjgwMDAxYjQ1OTYyMiIsImlhdCI6MTcxOTc2MTI3MywiZXhwIjoxNzE5NzYyNDczfQ.QMe0rHXaRi5UhzAuTs9K4w8Ut0gH68WYVjzF2IV8xes",
    "refreshToken": "bc2ad1d91a660722694530f24a11d6d52fc750ff209ce8b2db3d4cc95c404266a95415f64bc4273f",
    "user": {
        "email": "aqvixwyuvc@ya.ru",
        "name": "FnreTqpzOR"
    }
}
HTTP/1.1 200 OK
Date: Sun, 30 Jun 2024 15:27:53 GMT
Content-Type: application/json; charset=utf-8
Transfer-Encoding: chunked
Connection: keep-alive
X-Powered-By: Express
Access-Control-Allow-Origin: *
ETag: W/"16d-XBtCN1pHKlR6t0Xn3QfxVllRjrw"
CF-Cache-Status: DYNAMIC
Report-To: {"endpoints":[{"url":"https:\/\/a.nel.cloudflare.com\/report\/v4?s=TvsF0JG%2B3GiGOif0feaTsWwAy2cuPCmnXmfeatdIQZR14NT5w%2BhG8WvtZKx3AwlW4ilJilyufD0RAF%2BiD7kT4CYyHJjNOJeUdopqUSUlkRDO70jSFRux7hF2ykubaUu2Mq61osqcWjmYndHpSGxxBYfGMQY%3D"}],"group":"cf-nel","max_age":604800}
NEL: {"success_fraction":0,"report_to":"cf-nel","max_age":604800}
Server: cloudflare
CF-RAY: 89bf2ed66c59b80d-RIX
Content-Encoding: gzip
alt-svc: h3=":443"; ma=86400

{
    "success": true,
    "accessToken": "Bearer eyJhbGciOiJIUzI1NiIsInR5cCI6IkpXVCJ9.eyJpZCI6IjY2ODE3OTc5OWVkMjgwMDAxYjQ1OTYyMiIsImlhdCI6MTcxOTc2MTI3MywiZXhwIjoxNzE5NzYyNDczfQ.QMe0rHXaRi5UhzAuTs9K4w8Ut0gH68WYVjzF2IV8xes",
    "refreshToken": "bc2ad1d91a660722694530f24a11d6d52fc750ff209ce8b2db3d4cc95c404266a95415f64bc4273f",
    "user": {
        "email": "aqvixwyuvc@ya.ru",
        "name": "FnreTqpzOR"
    }
}
HTTP/1.1 200 OK
Date: Sun, 30 Jun 2024 15:27:53 GMT
Content-Type: application/json; charset=utf-8
Transfer-Encoding: chunked
Connection: keep-alive
X-Powered-By: Express
Access-Control-Allow-Origin: *
ETag: W/"16d-XBtCN1pHKlR6t0Xn3QfxVllRjrw"
CF-Cache-Status: DYNAMIC
Report-To: {"endpoints":[{"url":"https:\/\/a.nel.cloudflare.com\/report\/v4?s=TvsF0JG%2B3GiGOif0feaTsWwAy2cuPCmnXmfeatdIQZR14NT5w%2BhG8WvtZKx3AwlW4ilJilyufD0RAF%2BiD7kT4CYyHJjNOJeUdopqUSUlkRDO70jSFRux7hF2ykubaUu2Mq61osqcWjmYndHpSGxxBYfGMQY%3D"}],"group":"cf-nel","max_age":604800}
NEL: {"success_fraction":0,"report_to":"cf-nel","max_age":604800}
Server: cloudflare
CF-RAY: 89bf2ed66c59b80d-RIX
Content-Encoding: gzip
alt-svc: h3=":443"; ma=86400

{
    "success": true,
    "accessToken": "Bearer eyJhbGciOiJIUzI1NiIsInR5cCI6IkpXVCJ9.eyJpZCI6IjY2ODE3OTc5OWVkMjgwMDAxYjQ1OTYyMiIsImlhdCI6MTcxOTc2MTI3MywiZXhwIjoxNzE5NzYyNDczfQ.QMe0rHXaRi5UhzAuTs9K4w8Ut0gH68WYVjzF2IV8xes",
    "refreshToken": "bc2ad1d91a660722694530f24a11d6d52fc750ff209ce8b2db3d4cc95c404266a95415f64bc4273f",
    "user": {
        "email": "aqvixwyuvc@ya.ru",
        "name": "FnreTqpzOR"
    }
}
HTTP/1.1 200 OK
Date: Sun, 30 Jun 2024 15:27:53 GMT
Content-Type: application/json; charset=utf-8
Transfer-Encoding: chunked
Connection: keep-alive
X-Powered-By: Express
Access-Control-Allow-Origin: *
ETag: W/"16d-XBtCN1pHKlR6t0Xn3QfxVllRjrw"
CF-Cache-Status: DYNAMIC
Report-To: {"endpoints":[{"url":"https:\/\/a.nel.cloudflare.com\/report\/v4?s=TvsF0JG%2B3GiGOif0feaTsWwAy2cuPCmnXmfeatdIQZR14NT5w%2BhG8WvtZKx3AwlW4ilJilyufD0RAF%2BiD7kT4CYyHJjNOJeUdopqUSUlkRDO70jSFRux7hF2ykubaUu2Mq61osqcWjmYndHpSGxxBYfGMQY%3D"}],"group":"cf-nel","max_age":604800}
NEL: {"success_fraction":0,"report_to":"cf-nel","max_age":604800}
Server: cloudflare
CF-RAY: 89bf2ed66c59b80d-RIX
Content-Encoding: gzip
alt-svc: h3=":443"; ma=86400

{
    "success": true,
    "accessToken": "Bearer eyJhbGciOiJIUzI1NiIsInR5cCI6IkpXVCJ9.eyJpZCI6IjY2ODE3OTc5OWVkMjgwMDAxYjQ1OTYyMiIsImlhdCI6MTcxOTc2MTI3MywiZXhwIjoxNzE5NzYyNDczfQ.QMe0rHXaRi5UhzAuTs9K4w8Ut0gH68WYVjzF2IV8xes",
    "refreshToken": "bc2ad1d91a660722694530f24a11d6d52fc750ff209ce8b2db3d4cc95c404266a95415f64bc4273f",
    "user": {
        "email": "aqvixwyuvc@ya.ru",
        "name": "FnreTqpzOR"
    }
}
HTTP/1.1 200 OK
Date: Sun, 30 Jun 2024 15:27:53 GMT
Content-Type: application/json; charset=utf-8
Transfer-Encoding: chunked
Connection: keep-alive
X-Powered-By: Express
Access-Control-Allow-Origin: *
ETag: W/"16d-XBtCN1pHKlR6t0Xn3QfxVllRjrw"
CF-Cache-Status: DYNAMIC
Report-To: {"endpoints":[{"url":"https:\/\/a.nel.cloudflare.com\/report\/v4?s=TvsF0JG%2B3GiGOif0feaTsWwAy2cuPCmnXmfeatdIQZR14NT5w%2BhG8WvtZKx3AwlW4ilJilyufD0RAF%2BiD7kT4CYyHJjNOJeUdopqUSUlkRDO70jSFRux7hF2ykubaUu2Mq61osqcWjmYndHpSGxxBYfGMQY%3D"}],"group":"cf-nel","max_age":604800}
NEL: {"success_fraction":0,"report_to":"cf-nel","max_age":604800}
Server: cloudflare
CF-RAY: 89bf2ed66c59b80d-RIX
Content-Encoding: gzip
alt-svc: h3=":443"; ma=86400

{
    "success": true,
    "accessToken": "Bearer eyJhbGciOiJIUzI1NiIsInR5cCI6IkpXVCJ9.eyJpZCI6IjY2ODE3OTc5OWVkMjgwMDAxYjQ1OTYyMiIsImlhdCI6MTcxOTc2MTI3MywiZXhwIjoxNzE5NzYyNDczfQ.QMe0rHXaRi5UhzAuTs9K4w8Ut0gH68WYVjzF2IV8xes",
    "refreshToken": "bc2ad1d91a660722694530f24a11d6d52fc750ff209ce8b2db3d4cc95c404266a95415f64bc4273f",
    "user": {
        "email": "aqvixwyuvc@ya.ru",
        "name": "FnreTqpzOR"
    }
}
HTTP/1.1 200 OK
Date: Sun, 30 Jun 2024 15:27:53 GMT
Content-Type: application/json; charset=utf-8
Transfer-Encoding: chunked
Connection: keep-alive
X-Powered-By: Express
Access-Control-Allow-Origin: *
ETag: W/"16d-XBtCN1pHKlR6t0Xn3QfxVllRjrw"
CF-Cache-Status: DYNAMIC
Report-To: {"endpoints":[{"url":"https:\/\/a.nel.cloudflare.com\/report\/v4?s=TvsF0JG%2B3GiGOif0feaTsWwAy2cuPCmnXmfeatdIQZR14NT5w%2BhG8WvtZKx3AwlW4ilJilyufD0RAF%2BiD7kT4CYyHJjNOJeUdopqUSUlkRDO70jSFRux7hF2ykubaUu2Mq61osqcWjmYndHpSGxxBYfGMQY%3D"}],"group":"cf-nel","max_age":604800}
NEL: {"success_fraction":0,"report_to":"cf-nel","max_age":604800}
Server: cloudflare
CF-RAY: 89bf2ed66c59b80d-RIX
Content-Encoding: gzip
alt-svc: h3=":443"; ma=86400

{
    "success": true,
    "accessToken": "Bearer eyJhbGciOiJIUzI1NiIsInR5cCI6IkpXVCJ9.eyJpZCI6IjY2ODE3OTc5OWVkMjgwMDAxYjQ1OTYyMiIsImlhdCI6MTcxOTc2MTI3MywiZXhwIjoxNzE5NzYyNDczfQ.QMe0rHXaRi5UhzAuTs9K4w8Ut0gH68WYVjzF2IV8xes",
    "refreshToken": "bc2ad1d91a660722694530f24a11d6d52fc750ff209ce8b2db3d4cc95c404266a95415f64bc4273f",
    "user": {
        "email": "aqvixwyuvc@ya.ru",
        "name": "FnreTqpzOR"
    }
}
HTTP/1.1 200 OK
Date: Sun, 30 Jun 2024 15:27:53 GMT
Content-Type: application/json; charset=utf-8
Transfer-Encoding: chunked
Connection: keep-alive
X-Powered-By: Express
Access-Control-Allow-Origin: *
ETag: W/"16d-XBtCN1pHKlR6t0Xn3QfxVllRjrw"
CF-Cache-Status: DYNAMIC
Report-To: {"endpoints":[{"url":"https:\/\/a.nel.cloudflare.com\/report\/v4?s=TvsF0JG%2B3GiGOif0feaTsWwAy2cuPCmnXmfeatdIQZR14NT5w%2BhG8WvtZKx3AwlW4ilJilyufD0RAF%2BiD7kT4CYyHJjNOJeUdopqUSUlkRDO70jSFRux7hF2ykubaUu2Mq61osqcWjmYndHpSGxxBYfGMQY%3D"}],"group":"cf-nel","max_age":604800}
NEL: {"success_fraction":0,"report_to":"cf-nel","max_age":604800}
Server: cloudflare
CF-RAY: 89bf2ed66c59b80d-RIX
Content-Encoding: gzip
alt-svc: h3=":443"; ma=86400

{
    "success": true,
    "accessToken": "Bearer eyJhbGciOiJIUzI1NiIsInR5cCI6IkpXVCJ9.eyJpZCI6IjY2ODE3OTc5OWVkMjgwMDAxYjQ1OTYyMiIsImlhdCI6MTcxOTc2MTI3MywiZXhwIjoxNzE5NzYyNDczfQ.QMe0rHXaRi5UhzAuTs9K4w8Ut0gH68WYVjzF2IV8xes",
    "refreshToken": "bc2ad1d91a660722694530f24a11d6d52fc750ff209ce8b2db3d4cc95c404266a95415f64bc4273f",
    "user": {
        "email": "aqvixwyuvc@ya.ru",
        "name": "FnreTqpzOR"
    }
}
HTTP/1.1 200 OK
Date: Sun, 30 Jun 2024 15:27:53 GMT
Content-Type: application/json; charset=utf-8
Transfer-Encoding: chunked
Connection: keep-alive
X-Powered-By: Express
Access-Control-Allow-Origin: *
ETag: W/"16d-XBtCN1pHKlR6t0Xn3QfxVllRjrw"
CF-Cache-Status: DYNAMIC
Report-To: {"endpoints":[{"url":"https:\/\/a.nel.cloudflare.com\/report\/v4?s=TvsF0JG%2B3GiGOif0feaTsWwAy2cuPCmnXmfeatdIQZR14NT5w%2BhG8WvtZKx3AwlW4ilJilyufD0RAF%2BiD7kT4CYyHJjNOJeUdopqUSUlkRDO70jSFRux7hF2ykubaUu2Mq61osqcWjmYndHpSGxxBYfGMQY%3D"}],"group":"cf-nel","max_age":604800}
NEL: {"success_fraction":0,"report_to":"cf-nel","max_age":604800}
Server: cloudflare
CF-RAY: 89bf2ed66c59b80d-RIX
Content-Encoding: gzip
alt-svc: h3=":443"; ma=86400

{
    "success": true,
    "accessToken": "Bearer eyJhbGciOiJIUzI1NiIsInR5cCI6IkpXVCJ9.eyJpZCI6IjY2ODE3OTc5OWVkMjgwMDAxYjQ1OTYyMiIsImlhdCI6MTcxOTc2MTI3MywiZXhwIjoxNzE5NzYyNDczfQ.QMe0rHXaRi5UhzAuTs9K4w8Ut0gH68WYVjzF2IV8xes",
    "refreshToken": "bc2ad1d91a660722694530f24a11d6d52fc750ff209ce8b2db3d4cc95c404266a95415f64bc4273f",
    "user": {
        "email": "aqvixwyuvc@ya.ru",
        "name": "FnreTqpzOR"
    }
}
HTTP/1.1 200 OK
Date: Sun, 30 Jun 2024 15:27:53 GMT
Content-Type: application/json; charset=utf-8
Transfer-Encoding: chunked
Connection: keep-alive
X-Powered-By: Express
Access-Control-Allow-Origin: *
ETag: W/"16d-XBtCN1pHKlR6t0Xn3QfxVllRjrw"
CF-Cache-Status: DYNAMIC
Report-To: {"endpoints":[{"url":"https:\/\/a.nel.cloudflare.com\/report\/v4?s=TvsF0JG%2B3GiGOif0feaTsWwAy2cuPCmnXmfeatdIQZR14NT5w%2BhG8WvtZKx3AwlW4ilJilyufD0RAF%2BiD7kT4CYyHJjNOJeUdopqUSUlkRDO70jSFRux7hF2ykubaUu2Mq61osqcWjmYndHpSGxxBYfGMQY%3D"}],"group":"cf-nel","max_age":604800}
NEL: {"success_fraction":0,"report_to":"cf-nel","max_age":604800}
Server: cloudflare
CF-RAY: 89bf2ed66c59b80d-RIX
Content-Encoding: gzip
alt-svc: h3=":443"; ma=86400

{
    "success": true,
    "accessToken": "Bearer eyJhbGciOiJIUzI1NiIsInR5cCI6IkpXVCJ9.eyJpZCI6IjY2ODE3OTc5OWVkMjgwMDAxYjQ1OTYyMiIsImlhdCI6MTcxOTc2MTI3MywiZXhwIjoxNzE5NzYyNDczfQ.QMe0rHXaRi5UhzAuTs9K4w8Ut0gH68WYVjzF2IV8xes",
    "refreshToken": "bc2ad1d91a660722694530f24a11d6d52fc750ff209ce8b2db3d4cc95c404266a95415f64bc4273f",
    "user": {
        "email": "aqvixwyuvc@ya.ru",
        "name": "FnreTqpzOR"
    }
}
HTTP/1.1 200 OK
Date: Sun, 30 Jun 2024 15:27:53 GMT
Content-Type: application/json; charset=utf-8
Transfer-Encoding: chunked
Connection: keep-alive
X-Powered-By: Express
Access-Control-Allow-Origin: *
ETag: W/"16d-XBtCN1pHKlR6t0Xn3QfxVllRjrw"
CF-Cache-Status: DYNAMIC
Report-To: {"endpoints":[{"url":"https:\/\/a.nel.cloudflare.com\/report\/v4?s=TvsF0JG%2B3GiGOif0feaTsWwAy2cuPCmnXmfeatdIQZR14NT5w%2BhG8WvtZKx3AwlW4ilJilyufD0RAF%2BiD7kT4CYyHJjNOJeUdopqUSUlkRDO70jSFRux7hF2ykubaUu2Mq61osqcWjmYndHpSGxxBYfGMQY%3D"}],"group":"cf-nel","max_age":604800}
NEL: {"success_fraction":0,"report_to":"cf-nel","max_age":604800}
Server: cloudflare
CF-RAY: 89bf2ed66c59b80d-RIX
Content-Encoding: gzip
alt-svc: h3=":443"; ma=86400

{
    "success": true,
    "accessToken": "Bearer eyJhbGciOiJIUzI1NiIsInR5cCI6IkpXVCJ9.eyJpZCI6IjY2ODE3OTc5OWVkMjgwMDAxYjQ1OTYyMiIsImlhdCI6MTcxOTc2MTI3MywiZXhwIjoxNzE5NzYyNDczfQ.QMe0rHXaRi5UhzAuTs9K4w8Ut0gH68WYVjzF2IV8xes",
    "refreshToken": "bc2ad1d91a660722694530f24a11d6d52fc750ff209ce8b2db3d4cc95c404266a95415f64bc4273f",
    "user": {
        "email": "aqvixwyuvc@ya.ru",
        "name": "FnreTqpzOR"
    }
}
HTTP/1.1 200 OK
Date: Sun, 30 Jun 2024 15:27:53 GMT
Content-Type: application/json; charset=utf-8
Transfer-Encoding: chunked
Connection: keep-alive
X-Powered-By: Express
Access-Control-Allow-Origin: *
ETag: W/"16d-XBtCN1pHKlR6t0Xn3QfxVllRjrw"
CF-Cache-Status: DYNAMIC
Report-To: {"endpoints":[{"url":"https:\/\/a.nel.cloudflare.com\/report\/v4?s=TvsF0JG%2B3GiGOif0feaTsWwAy2cuPCmnXmfeatdIQZR14NT5w%2BhG8WvtZKx3AwlW4ilJilyufD0RAF%2BiD7kT4CYyHJjNOJeUdopqUSUlkRDO70jSFRux7hF2ykubaUu2Mq61osqcWjmYndHpSGxxBYfGMQY%3D"}],"group":"cf-nel","max_age":604800}
NEL: {"success_fraction":0,"report_to":"cf-nel","max_age":604800}
Server: cloudflare
CF-RAY: 89bf2ed66c59b80d-RIX
Content-Encoding: gzip
alt-svc: h3=":443"; ma=86400

{
    "success": true,
    "accessToken": "Bearer eyJhbGciOiJIUzI1NiIsInR5cCI6IkpXVCJ9.eyJpZCI6IjY2ODE3OTc5OWVkMjgwMDAxYjQ1OTYyMiIsImlhdCI6MTcxOTc2MTI3MywiZXhwIjoxNzE5NzYyNDczfQ.QMe0rHXaRi5UhzAuTs9K4w8Ut0gH68WYVjzF2IV8xes",
    "refreshToken": "bc2ad1d91a660722694530f24a11d6d52fc750ff209ce8b2db3d4cc95c404266a95415f64bc4273f",
    "user": {
        "email": "aqvixwyuvc@ya.ru",
        "name": "FnreTqpzOR"
    }
}
HTTP/1.1 200 OK
Date: Sun, 30 Jun 2024 15:27:53 GMT
Content-Type: application/json; charset=utf-8
Transfer-Encoding: chunked
Connection: keep-alive
X-Powered-By: Express
Access-Control-Allow-Origin: *
ETag: W/"16d-XBtCN1pHKlR6t0Xn3QfxVllRjrw"
CF-Cache-Status: DYNAMIC
Report-To: {"endpoints":[{"url":"https:\/\/a.nel.cloudflare.com\/report\/v4?s=TvsF0JG%2B3GiGOif0feaTsWwAy2cuPCmnXmfeatdIQZR14NT5w%2BhG8WvtZKx3AwlW4ilJilyufD0RAF%2BiD7kT4CYyHJjNOJeUdopqUSUlkRDO70jSFRux7hF2ykubaUu2Mq61osqcWjmYndHpSGxxBYfGMQY%3D"}],"group":"cf-nel","max_age":604800}
NEL: {"success_fraction":0,"report_to":"cf-nel","max_age":604800}
Server: cloudflare
CF-RAY: 89bf2ed66c59b80d-RIX
Content-Encoding: gzip
alt-svc: h3=":443"; ma=86400

{
    "success": true,
    "accessToken": "Bearer eyJhbGciOiJIUzI1NiIsInR5cCI6IkpXVCJ9.eyJpZCI6IjY2ODE3OTc5OWVkMjgwMDAxYjQ1OTYyMiIsImlhdCI6MTcxOTc2MTI3MywiZXhwIjoxNzE5NzYyNDczfQ.QMe0rHXaRi5UhzAuTs9K4w8Ut0gH68WYVjzF2IV8xes",
    "refreshToken": "bc2ad1d91a660722694530f24a11d6d52fc750ff209ce8b2db3d4cc95c404266a95415f64bc4273f",
    "user": {
        "email": "aqvixwyuvc@ya.ru",
        "name": "FnreTqpzOR"
    }
}
HTTP/1.1 200 OK
Date: Sun, 30 Jun 2024 15:27:53 GMT
Content-Type: application/json; charset=utf-8
Transfer-Encoding: chunked
Connection: keep-alive
X-Powered-By: Express
Access-Control-Allow-Origin: *
ETag: W/"16d-XBtCN1pHKlR6t0Xn3QfxVllRjrw"
CF-Cache-Status: DYNAMIC
Report-To: {"endpoints":[{"url":"https:\/\/a.nel.cloudflare.com\/report\/v4?s=TvsF0JG%2B3GiGOif0feaTsWwAy2cuPCmnXmfeatdIQZR14NT5w%2BhG8WvtZKx3AwlW4ilJilyufD0RAF%2BiD7kT4CYyHJjNOJeUdopqUSUlkRDO70jSFRux7hF2ykubaUu2Mq61osqcWjmYndHpSGxxBYfGMQY%3D"}],"group":"cf-nel","max_age":604800}
NEL: {"success_fraction":0,"report_to":"cf-nel","max_age":604800}
Server: cloudflare
CF-RAY: 89bf2ed66c59b80d-RIX
Content-Encoding: gzip
alt-svc: h3=":443"; ma=86400

{
    "success": true,
    "accessToken": "Bearer eyJhbGciOiJIUzI1NiIsInR5cCI6IkpXVCJ9.eyJpZCI6IjY2ODE3OTc5OWVkMjgwMDAxYjQ1OTYyMiIsImlhdCI6MTcxOTc2MTI3MywiZXhwIjoxNzE5NzYyNDczfQ.QMe0rHXaRi5UhzAuTs9K4w8Ut0gH68WYVjzF2IV8xes",
    "refreshToken": "bc2ad1d91a660722694530f24a11d6d52fc750ff209ce8b2db3d4cc95c404266a95415f64bc4273f",
    "user": {
        "email": "aqvixwyuvc@ya.ru",
        "name": "FnreTqpzOR"
    }
}
HTTP/1.1 200 OK
Date: Sun, 30 Jun 2024 15:27:53 GMT
Content-Type: application/json; charset=utf-8
Transfer-Encoding: chunked
Connection: keep-alive
X-Powered-By: Express
Access-Control-Allow-Origin: *
ETag: W/"16d-XBtCN1pHKlR6t0Xn3QfxVllRjrw"
CF-Cache-Status: DYNAMIC
Report-To: {"endpoints":[{"url":"https:\/\/a.nel.cloudflare.com\/report\/v4?s=TvsF0JG%2B3GiGOif0feaTsWwAy2cuPCmnXmfeatdIQZR14NT5w%2BhG8WvtZKx3AwlW4ilJilyufD0RAF%2BiD7kT4CYyHJjNOJeUdopqUSUlkRDO70jSFRux7hF2ykubaUu2Mq61osqcWjmYndHpSGxxBYfGMQY%3D"}],"group":"cf-nel","max_age":604800}
NEL: {"success_fraction":0,"report_to":"cf-nel","max_age":604800}
Server: cloudflare
CF-RAY: 89bf2ed66c59b80d-RIX
Content-Encoding: gzip
alt-svc: h3=":443"; ma=86400

{
    "success": true,
    "accessToken": "Bearer eyJhbGciOiJIUzI1NiIsInR5cCI6IkpXVCJ9.eyJpZCI6IjY2ODE3OTc5OWVkMjgwMDAxYjQ1OTYyMiIsImlhdCI6MTcxOTc2MTI3MywiZXhwIjoxNzE5NzYyNDczfQ.QMe0rHXaRi5UhzAuTs9K4w8Ut0gH68WYVjzF2IV8xes",
    "refreshToken": "bc2ad1d91a660722694530f24a11d6d52fc750ff209ce8b2db3d4cc95c404266a95415f64bc4273f",
    "user": {
        "email": "aqvixwyuvc@ya.ru",
        "name": "FnreTqpzOR"
    }
}
HTTP/1.1 200 OK
Date: Sun, 30 Jun 2024 15:27:53 GMT
Content-Type: application/json; charset=utf-8
Transfer-Encoding: chunked
Connection: keep-alive
X-Powered-By: Express
Access-Control-Allow-Origin: *
ETag: W/"16d-XBtCN1pHKlR6t0Xn3QfxVllRjrw"
CF-Cache-Status: DYNAMIC
Report-To: {"endpoints":[{"url":"https:\/\/a.nel.cloudflare.com\/report\/v4?s=TvsF0JG%2B3GiGOif0feaTsWwAy2cuPCmnXmfeatdIQZR14NT5w%2BhG8WvtZKx3AwlW4ilJilyufD0RAF%2BiD7kT4CYyHJjNOJeUdopqUSUlkRDO70jSFRux7hF2ykubaUu2Mq61osqcWjmYndHpSGxxBYfGMQY%3D"}],"group":"cf-nel","max_age":604800}
NEL: {"success_fraction":0,"report_to":"cf-nel","max_age":604800}
Server: cloudflare
CF-RAY: 89bf2ed66c59b80d-RIX
Content-Encoding: gzip
alt-svc: h3=":443"; ma=86400

{
    "success": true,
    "accessToken": "Bearer eyJhbGciOiJIUzI1NiIsInR5cCI6IkpXVCJ9.eyJpZCI6IjY2ODE3OTc5OWVkMjgwMDAxYjQ1OTYyMiIsImlhdCI6MTcxOTc2MTI3MywiZXhwIjoxNzE5NzYyNDczfQ.QMe0rHXaRi5UhzAuTs9K4w8Ut0gH68WYVjzF2IV8xes",
    "refreshToken": "bc2ad1d91a660722694530f24a11d6d52fc750ff209ce8b2db3d4cc95c404266a95415f64bc4273f",
    "user": {
        "email": "aqvixwyuvc@ya.ru",
        "name": "FnreTqpzOR"
    }
}
HTTP/1.1 200 OK
Date: Sun, 30 Jun 2024 15:27:53 GMT
Content-Type: application/json; charset=utf-8
Transfer-Encoding: chunked
Connection: keep-alive
X-Powered-By: Express
Access-Control-Allow-Origin: *
ETag: W/"16d-XBtCN1pHKlR6t0Xn3QfxVllRjrw"
CF-Cache-Status: DYNAMIC
Report-To: {"endpoints":[{"url":"https:\/\/a.nel.cloudflare.com\/report\/v4?s=TvsF0JG%2B3GiGOif0feaTsWwAy2cuPCmnXmfeatdIQZR14NT5w%2BhG8WvtZKx3AwlW4ilJilyufD0RAF%2BiD7kT4CYyHJjNOJeUdopqUSUlkRDO70jSFRux7hF2ykubaUu2Mq61osqcWjmYndHpSGxxBYfGMQY%3D"}],"group":"cf-nel","max_age":604800}
NEL: {"success_fraction":0,"report_to":"cf-nel","max_age":604800}
Server: cloudflare
CF-RAY: 89bf2ed66c59b80d-RIX
Content-Encoding: gzip
alt-svc: h3=":443"; ma=86400

{
    "success": true,
    "accessToken": "Bearer eyJhbGciOiJIUzI1NiIsInR5cCI6IkpXVCJ9.eyJpZCI6IjY2ODE3OTc5OWVkMjgwMDAxYjQ1OTYyMiIsImlhdCI6MTcxOTc2MTI3MywiZXhwIjoxNzE5NzYyNDczfQ.QMe0rHXaRi5UhzAuTs9K4w8Ut0gH68WYVjzF2IV8xes",
    "refreshToken": "bc2ad1d91a660722694530f24a11d6d52fc750ff209ce8b2db3d4cc95c404266a95415f64bc4273f",
    "user": {
        "email": "aqvixwyuvc@ya.ru",
        "name": "FnreTqpzOR"
    }
}
HTTP/1.1 200 OK
Date: Sun, 30 Jun 2024 15:27:53 GMT
Content-Type: application/json; charset=utf-8
Transfer-Encoding: chunked
Connection: keep-alive
X-Powered-By: Express
Access-Control-Allow-Origin: *
ETag: W/"16d-XBtCN1pHKlR6t0Xn3QfxVllRjrw"
CF-Cache-Status: DYNAMIC
Report-To: {"endpoints":[{"url":"https:\/\/a.nel.cloudflare.com\/report\/v4?s=TvsF0JG%2B3GiGOif0feaTsWwAy2cuPCmnXmfeatdIQZR14NT5w%2BhG8WvtZKx3AwlW4ilJilyufD0RAF%2BiD7kT4CYyHJjNOJeUdopqUSUlkRDO70jSFRux7hF2ykubaUu2Mq61osqcWjmYndHpSGxxBYfGMQY%3D"}],"group":"cf-nel","max_age":604800}
NEL: {"success_fraction":0,"report_to":"cf-nel","max_age":604800}
Server: cloudflare
CF-RAY: 89bf2ed66c59b80d-RIX
Content-Encoding: gzip
alt-svc: h3=":443"; ma=86400

{
    "success": true,
    "accessToken": "Bearer eyJhbGciOiJIUzI1NiIsInR5cCI6IkpXVCJ9.eyJpZCI6IjY2ODE3OTc5OWVkMjgwMDAxYjQ1OTYyMiIsImlhdCI6MTcxOTc2MTI3MywiZXhwIjoxNzE5NzYyNDczfQ.QMe0rHXaRi5UhzAuTs9K4w8Ut0gH68WYVjzF2IV8xes",
    "refreshToken": "bc2ad1d91a660722694530f24a11d6d52fc750ff209ce8b2db3d4cc95c404266a95415f64bc4273f",
    "user": {
        "email": "aqvixwyuvc@ya.ru",
        "name": "FnreTqpzOR"
    }
}
HTTP/1.1 200 OK
Date: Sun, 30 Jun 2024 15:27:53 GMT
Content-Type: application/json; charset=utf-8
Transfer-Encoding: chunked
Connection: keep-alive
X-Powered-By: Express
Access-Control-Allow-Origin: *
ETag: W/"16d-XBtCN1pHKlR6t0Xn3QfxVllRjrw"
CF-Cache-Status: DYNAMIC
Report-To: {"endpoints":[{"url":"https:\/\/a.nel.cloudflare.com\/report\/v4?s=TvsF0JG%2B3GiGOif0feaTsWwAy2cuPCmnXmfeatdIQZR14NT5w%2BhG8WvtZKx3AwlW4ilJilyufD0RAF%2BiD7kT4CYyHJjNOJeUdopqUSUlkRDO70jSFRux7hF2ykubaUu2Mq61osqcWjmYndHpSGxxBYfGMQY%3D"}],"group":"cf-nel","max_age":604800}
NEL: {"success_fraction":0,"report_to":"cf-nel","max_age":604800}
Server: cloudflare
CF-RAY: 89bf2ed66c59b80d-RIX
Content-Encoding: gzip
alt-svc: h3=":443"; ma=86400

{
    "success": true,
    "accessToken": "Bearer eyJhbGciOiJIUzI1NiIsInR5cCI6IkpXVCJ9.eyJpZCI6IjY2ODE3OTc5OWVkMjgwMDAxYjQ1OTYyMiIsImlhdCI6MTcxOTc2MTI3MywiZXhwIjoxNzE5NzYyNDczfQ.QMe0rHXaRi5UhzAuTs9K4w8Ut0gH68WYVjzF2IV8xes",
    "refreshToken": "bc2ad1d91a660722694530f24a11d6d52fc750ff209ce8b2db3d4cc95c404266a95415f64bc4273f",
    "user": {
        "email": "aqvixwyuvc@ya.ru",
        "name": "FnreTqpzOR"
    }
}
HTTP/1.1 200 OK
Date: Sun, 30 Jun 2024 15:27:53 GMT
Content-Type: application/json; charset=utf-8
Transfer-Encoding: chunked
Connection: keep-alive
X-Powered-By: Express
Access-Control-Allow-Origin: *
ETag: W/"16d-XBtCN1pHKlR6t0Xn3QfxVllRjrw"
CF-Cache-Status: DYNAMIC
Report-To: {"endpoints":[{"url":"https:\/\/a.nel.cloudflare.com\/report\/v4?s=TvsF0JG%2B3GiGOif0feaTsWwAy2cuPCmnXmfeatdIQZR14NT5w%2BhG8WvtZKx3AwlW4ilJilyufD0RAF%2BiD7kT4CYyHJjNOJeUdopqUSUlkRDO70jSFRux7hF2ykubaUu2Mq61osqcWjmYndHpSGxxBYfGMQY%3D"}],"group":"cf-nel","max_age":604800}
NEL: {"success_fraction":0,"report_to":"cf-nel","max_age":604800}
Server: cloudflare
CF-RAY: 89bf2ed66c59b80d-RIX
Content-Encoding: gzip
alt-svc: h3=":443"; ma=86400

{
    "success": true,
    "accessToken": "Bearer eyJhbGciOiJIUzI1NiIsInR5cCI6IkpXVCJ9.eyJpZCI6IjY2ODE3OTc5OWVkMjgwMDAxYjQ1OTYyMiIsImlhdCI6MTcxOTc2MTI3MywiZXhwIjoxNzE5NzYyNDczfQ.QMe0rHXaRi5UhzAuTs9K4w8Ut0gH68WYVjzF2IV8xes",
    "refreshToken": "bc2ad1d91a660722694530f24a11d6d52fc750ff209ce8b2db3d4cc95c404266a95415f64bc4273f",
    "user": {
        "email": "aqvixwyuvc@ya.ru",
        "name": "FnreTqpzOR"
    }
}
HTTP/1.1 200 OK
Date: Sun, 30 Jun 2024 15:27:53 GMT
Content-Type: application/json; charset=utf-8
Transfer-Encoding: chunked
Connection: keep-alive
X-Powered-By: Express
Access-Control-Allow-Origin: *
ETag: W/"16d-XBtCN1pHKlR6t0Xn3QfxVllRjrw"
CF-Cache-Status: DYNAMIC
Report-To: {"endpoints":[{"url":"https:\/\/a.nel.cloudflare.com\/report\/v4?s=TvsF0JG%2B3GiGOif0feaTsWwAy2cuPCmnXmfeatdIQZR14NT5w%2BhG8WvtZKx3AwlW4ilJilyufD0RAF%2BiD7kT4CYyHJjNOJeUdopqUSUlkRDO70jSFRux7hF2ykubaUu2Mq61osqcWjmYndHpSGxxBYfGMQY%3D"}],"group":"cf-nel","max_age":604800}
NEL: {"success_fraction":0,"report_to":"cf-nel","max_age":604800}
Server: cloudflare
CF-RAY: 89bf2ed66c59b80d-RIX
Content-Encoding: gzip
alt-svc: h3=":443"; ma=86400

{
    "success": true,
    "accessToken": "Bearer eyJhbGciOiJIUzI1NiIsInR5cCI6IkpXVCJ9.eyJpZCI6IjY2ODE3OTc5OWVkMjgwMDAxYjQ1OTYyMiIsImlhdCI6MTcxOTc2MTI3MywiZXhwIjoxNzE5NzYyNDczfQ.QMe0rHXaRi5UhzAuTs9K4w8Ut0gH68WYVjzF2IV8xes",
    "refreshToken": "bc2ad1d91a660722694530f24a11d6d52fc750ff209ce8b2db3d4cc95c404266a95415f64bc4273f",
    "user": {
        "email": "aqvixwyuvc@ya.ru",
        "name": "FnreTqpzOR"
    }
}
HTTP/1.1 200 OK
Date: Sun, 30 Jun 2024 15:27:53 GMT
Content-Type: application/json; charset=utf-8
Transfer-Encoding: chunked
Connection: keep-alive
X-Powered-By: Express
Access-Control-Allow-Origin: *
ETag: W/"16d-XBtCN1pHKlR6t0Xn3QfxVllRjrw"
CF-Cache-Status: DYNAMIC
Report-To: {"endpoints":[{"url":"https:\/\/a.nel.cloudflare.com\/report\/v4?s=TvsF0JG%2B3GiGOif0feaTsWwAy2cuPCmnXmfeatdIQZR14NT5w%2BhG8WvtZKx3AwlW4ilJilyufD0RAF%2BiD7kT4CYyHJjNOJeUdopqUSUlkRDO70jSFRux7hF2ykubaUu2Mq61osqcWjmYndHpSGxxBYfGMQY%3D"}],"group":"cf-nel","max_age":604800}
NEL: {"success_fraction":0,"report_to":"cf-nel","max_age":604800}
Server: cloudflare
CF-RAY: 89bf2ed66c59b80d-RIX
Content-Encoding: gzip
alt-svc: h3=":443"; ma=86400

{
    "success": true,
    "accessToken": "Bearer eyJhbGciOiJIUzI1NiIsInR5cCI6IkpXVCJ9.eyJpZCI6IjY2ODE3OTc5OWVkMjgwMDAxYjQ1OTYyMiIsImlhdCI6MTcxOTc2MTI3MywiZXhwIjoxNzE5NzYyNDczfQ.QMe0rHXaRi5UhzAuTs9K4w8Ut0gH68WYVjzF2IV8xes",
    "refreshToken": "bc2ad1d91a660722694530f24a11d6d52fc750ff209ce8b2db3d4cc95c404266a95415f64bc4273f",
    "user": {
        "email": "aqvixwyuvc@ya.ru",
        "name": "FnreTqpzOR"
    }
}
HTTP/1.1 200 OK
Date: Sun, 30 Jun 2024 15:27:53 GMT
Content-Type: application/json; charset=utf-8
Transfer-Encoding: chunked
Connection: keep-alive
X-Powered-By: Express
Access-Control-Allow-Origin: *
ETag: W/"16d-XBtCN1pHKlR6t0Xn3QfxVllRjrw"
CF-Cache-Status: DYNAMIC
Report-To: {"endpoints":[{"url":"https:\/\/a.nel.cloudflare.com\/report\/v4?s=TvsF0JG%2B3GiGOif0feaTsWwAy2cuPCmnXmfeatdIQZR14NT5w%2BhG8WvtZKx3AwlW4ilJilyufD0RAF%2BiD7kT4CYyHJjNOJeUdopqUSUlkRDO70jSFRux7hF2ykubaUu2Mq61osqcWjmYndHpSGxxBYfGMQY%3D"}],"group":"cf-nel","max_age":604800}
NEL: {"success_fraction":0,"report_to":"cf-nel","max_age":604800}
Server: cloudflare
CF-RAY: 89bf2ed66c59b80d-RIX
Content-Encoding: gzip
alt-svc: h3=":443"; ma=86400

{
    "success": true,
    "accessToken": "Bearer eyJhbGciOiJIUzI1NiIsInR5cCI6IkpXVCJ9.eyJpZCI6IjY2ODE3OTc5OWVkMjgwMDAxYjQ1OTYyMiIsImlhdCI6MTcxOTc2MTI3MywiZXhwIjoxNzE5NzYyNDczfQ.QMe0rHXaRi5UhzAuTs9K4w8Ut0gH68WYVjzF2IV8xes",
    "refreshToken": "bc2ad1d91a660722694530f24a11d6d52fc750ff209ce8b2db3d4cc95c404266a95415f64bc4273f",
    "user": {
        "email": "aqvixwyuvc@ya.ru",
        "name": "FnreTqpzOR"
    }
}
HTTP/1.1 200 OK
Date: Sun, 30 Jun 2024 15:27:53 GMT
Content-Type: application/json; charset=utf-8
Transfer-Encoding: chunked
Connection: keep-alive
X-Powered-By: Express
Access-Control-Allow-Origin: *
ETag: W/"16d-XBtCN1pHKlR6t0Xn3QfxVllRjrw"
CF-Cache-Status: DYNAMIC
Report-To: {"endpoints":[{"url":"https:\/\/a.nel.cloudflare.com\/report\/v4?s=TvsF0JG%2B3GiGOif0feaTsWwAy2cuPCmnXmfeatdIQZR14NT5w%2BhG8WvtZKx3AwlW4ilJilyufD0RAF%2BiD7kT4CYyHJjNOJeUdopqUSUlkRDO70jSFRux7hF2ykubaUu2Mq61osqcWjmYndHpSGxxBYfGMQY%3D"}],"group":"cf-nel","max_age":604800}
NEL: {"success_fraction":0,"report_to":"cf-nel","max_age":604800}
Server: cloudflare
CF-RAY: 89bf2ed66c59b80d-RIX
Content-Encoding: gzip
alt-svc: h3=":443"; ma=86400

{
    "success": true,
    "accessToken": "Bearer eyJhbGciOiJIUzI1NiIsInR5cCI6IkpXVCJ9.eyJpZCI6IjY2ODE3OTc5OWVkMjgwMDAxYjQ1OTYyMiIsImlhdCI6MTcxOTc2MTI3MywiZXhwIjoxNzE5NzYyNDczfQ.QMe0rHXaRi5UhzAuTs9K4w8Ut0gH68WYVjzF2IV8xes",
    "refreshToken": "bc2ad1d91a660722694530f24a11d6d52fc750ff209ce8b2db3d4cc95c404266a95415f64bc4273f",
    "user": {
        "email": "aqvixwyuvc@ya.ru",
        "name": "FnreTqpzOR"
    }
}
HTTP/1.1 200 OK
Date: Sun, 30 Jun 2024 15:27:53 GMT
Content-Type: application/json; charset=utf-8
Transfer-Encoding: chunked
Connection: keep-alive
X-Powered-By: Express
Access-Control-Allow-Origin: *
ETag: W/"16d-XBtCN1pHKlR6t0Xn3QfxVllRjrw"
CF-Cache-Status: DYNAMIC
Report-To: {"endpoints":[{"url":"https:\/\/a.nel.cloudflare.com\/report\/v4?s=TvsF0JG%2B3GiGOif0feaTsWwAy2cuPCmnXmfeatdIQZR14NT5w%2BhG8WvtZKx3AwlW4ilJilyufD0RAF%2BiD7kT4CYyHJjNOJeUdopqUSUlkRDO70jSFRux7hF2ykubaUu2Mq61osqcWjmYndHpSGxxBYfGMQY%3D"}],"group":"cf-nel","max_age":604800}
NEL: {"success_fraction":0,"report_to":"cf-nel","max_age":604800}
Server: cloudflare
CF-RAY: 89bf2ed66c59b80d-RIX
Content-Encoding: gzip
alt-svc: h3=":443"; ma=86400

{
    "success": true,
    "accessToken": "Bearer eyJhbGciOiJIUzI1NiIsInR5cCI6IkpXVCJ9.eyJpZCI6IjY2ODE3OTc5OWVkMjgwMDAxYjQ1OTYyMiIsImlhdCI6MTcxOTc2MTI3MywiZXhwIjoxNzE5NzYyNDczfQ.QMe0rHXaRi5UhzAuTs9K4w8Ut0gH68WYVjzF2IV8xes",
    "refreshToken": "bc2ad1d91a660722694530f24a11d6d52fc750ff209ce8b2db3d4cc95c404266a95415f64bc4273f",
    "user": {
        "email": "aqvixwyuvc@ya.ru",
        "name": "FnreTqpzOR"
    }
}
HTTP/1.1 200 OK
Date: Sun, 30 Jun 2024 15:27:53 GMT
Content-Type: application/json; charset=utf-8
Transfer-Encoding: chunked
Connection: keep-alive
X-Powered-By: Express
Access-Control-Allow-Origin: *
ETag: W/"16d-XBtCN1pHKlR6t0Xn3QfxVllRjrw"
CF-Cache-Status: DYNAMIC
Report-To: {"endpoints":[{"url":"https:\/\/a.nel.cloudflare.com\/report\/v4?s=TvsF0JG%2B3GiGOif0feaTsWwAy2cuPCmnXmfeatdIQZR14NT5w%2BhG8WvtZKx3AwlW4ilJilyufD0RAF%2BiD7kT4CYyHJjNOJeUdopqUSUlkRDO70jSFRux7hF2ykubaUu2Mq61osqcWjmYndHpSGxxBYfGMQY%3D"}],"group":"cf-nel","max_age":604800}
NEL: {"success_fraction":0,"report_to":"cf-nel","max_age":604800}
Server: cloudflare
CF-RAY: 89bf2ed66c59b80d-RIX
Content-Encoding: gzip
alt-svc: h3=":443"; ma=86400

{
    "success": true,
    "accessToken": "Bearer eyJhbGciOiJIUzI1NiIsInR5cCI6IkpXVCJ9.eyJpZCI6IjY2ODE3OTc5OWVkMjgwMDAxYjQ1OTYyMiIsImlhdCI6MTcxOTc2MTI3MywiZXhwIjoxNzE5NzYyNDczfQ.QMe0rHXaRi5UhzAuTs9K4w8Ut0gH68WYVjzF2IV8xes",
    "refreshToken": "bc2ad1d91a660722694530f24a11d6d52fc750ff209ce8b2db3d4cc95c404266a95415f64bc4273f",
    "user": {
        "email": "aqvixwyuvc@ya.ru",
        "name": "FnreTqpzOR"
    }
}
HTTP/1.1 200 OK
Date: Sun, 30 Jun 2024 15:27:53 GMT
Content-Type: application/json; charset=utf-8
Transfer-Encoding: chunked
Connection: keep-alive
X-Powered-By: Express
Access-Control-Allow-Origin: *
ETag: W/"16d-XBtCN1pHKlR6t0Xn3QfxVllRjrw"
CF-Cache-Status: DYNAMIC
Report-To: {"endpoints":[{"url":"https:\/\/a.nel.cloudflare.com\/report\/v4?s=TvsF0JG%2B3GiGOif0feaTsWwAy2cuPCmnXmfeatdIQZR14NT5w%2BhG8WvtZKx3AwlW4ilJilyufD0RAF%2BiD7kT4CYyHJjNOJeUdopqUSUlkRDO70jSFRux7hF2ykubaUu2Mq61osqcWjmYndHpSGxxBYfGMQY%3D"}],"group":"cf-nel","max_age":604800}
NEL: {"success_fraction":0,"report_to":"cf-nel","max_age":604800}
Server: cloudflare
CF-RAY: 89bf2ed66c59b80d-RIX
Content-Encoding: gzip
alt-svc: h3=":443"; ma=86400

{
    "success": true,
    "accessToken": "Bearer eyJhbGciOiJIUzI1NiIsInR5cCI6IkpXVCJ9.eyJpZCI6IjY2ODE3OTc5OWVkMjgwMDAxYjQ1OTYyMiIsImlhdCI6MTcxOTc2MTI3MywiZXhwIjoxNzE5NzYyNDczfQ.QMe0rHXaRi5UhzAuTs9K4w8Ut0gH68WYVjzF2IV8xes",
    "refreshToken": "bc2ad1d91a660722694530f24a11d6d52fc750ff209ce8b2db3d4cc95c404266a95415f64bc4273f",
    "user": {
        "email": "aqvixwyuvc@ya.ru",
        "name": "FnreTqpzOR"
    }
}
HTTP/1.1 200 OK
Date: Sun, 30 Jun 2024 15:27:53 GMT
Content-Type: application/json; charset=utf-8
Transfer-Encoding: chunked
Connection: keep-alive
X-Powered-By: Express
Access-Control-Allow-Origin: *
ETag: W/"16d-XBtCN1pHKlR6t0Xn3QfxVllRjrw"
CF-Cache-Status: DYNAMIC
Report-To: {"endpoints":[{"url":"https:\/\/a.nel.cloudflare.com\/report\/v4?s=TvsF0JG%2B3GiGOif0feaTsWwAy2cuPCmnXmfeatdIQZR14NT5w%2BhG8WvtZKx3AwlW4ilJilyufD0RAF%2BiD7kT4CYyHJjNOJeUdopqUSUlkRDO70jSFRux7hF2ykubaUu2Mq61osqcWjmYndHpSGxxBYfGMQY%3D"}],"group":"cf-nel","max_age":604800}
NEL: {"success_fraction":0,"report_to":"cf-nel","max_age":604800}
Server: cloudflare
CF-RAY: 89bf2ed66c59b80d-RIX
Content-Encoding: gzip
alt-svc: h3=":443"; ma=86400

{
    "success": true,
    "accessToken": "Bearer eyJhbGciOiJIUzI1NiIsInR5cCI6IkpXVCJ9.eyJpZCI6IjY2ODE3OTc5OWVkMjgwMDAxYjQ1OTYyMiIsImlhdCI6MTcxOTc2MTI3MywiZXhwIjoxNzE5NzYyNDczfQ.QMe0rHXaRi5UhzAuTs9K4w8Ut0gH68WYVjzF2IV8xes",
    "refreshToken": "bc2ad1d91a660722694530f24a11d6d52fc750ff209ce8b2db3d4cc95c404266a95415f64bc4273f",
    "user": {
        "email": "aqvixwyuvc@ya.ru",
        "name": "FnreTqpzOR"
    }
}
HTTP/1.1 200 OK
Date: Sun, 30 Jun 2024 15:27:53 GMT
Content-Type: application/json; charset=utf-8
Transfer-Encoding: chunked
Connection: keep-alive
X-Powered-By: Express
Access-Control-Allow-Origin: *
ETag: W/"16d-XBtCN1pHKlR6t0Xn3QfxVllRjrw"
CF-Cache-Status: DYNAMIC
Report-To: {"endpoints":[{"url":"https:\/\/a.nel.cloudflare.com\/report\/v4?s=TvsF0JG%2B3GiGOif0feaTsWwAy2cuPCmnXmfeatdIQZR14NT5w%2BhG8WvtZKx3AwlW4ilJilyufD0RAF%2BiD7kT4CYyHJjNOJeUdopqUSUlkRDO70jSFRux7hF2ykubaUu2Mq61osqcWjmYndHpSGxxBYfGMQY%3D"}],"group":"cf-nel","max_age":604800}
NEL: {"success_fraction":0,"report_to":"cf-nel","max_age":604800}
Server: cloudflare
CF-RAY: 89bf2ed66c59b80d-RIX
Content-Encoding: gzip
alt-svc: h3=":443"; ma=86400

{
    "success": true,
    "accessToken": "Bearer eyJhbGciOiJIUzI1NiIsInR5cCI6IkpXVCJ9.eyJpZCI6IjY2ODE3OTc5OWVkMjgwMDAxYjQ1OTYyMiIsImlhdCI6MTcxOTc2MTI3MywiZXhwIjoxNzE5NzYyNDczfQ.QMe0rHXaRi5UhzAuTs9K4w8Ut0gH68WYVjzF2IV8xes",
    "refreshToken": "bc2ad1d91a660722694530f24a11d6d52fc750ff209ce8b2db3d4cc95c404266a95415f64bc4273f",
    "user": {
        "email": "aqvixwyuvc@ya.ru",
        "name": "FnreTqpzOR"
    }
}
HTTP/1.1 200 OK
Date: Sun, 30 Jun 2024 15:27:53 GMT
Content-Type: application/json; charset=utf-8
Transfer-Encoding: chunked
Connection: keep-alive
X-Powered-By: Express
Access-Control-Allow-Origin: *
ETag: W/"16d-XBtCN1pHKlR6t0Xn3QfxVllRjrw"
CF-Cache-Status: DYNAMIC
Report-To: {"endpoints":[{"url":"https:\/\/a.nel.cloudflare.com\/report\/v4?s=TvsF0JG%2B3GiGOif0feaTsWwAy2cuPCmnXmfeatdIQZR14NT5w%2BhG8WvtZKx3AwlW4ilJilyufD0RAF%2BiD7kT4CYyHJjNOJeUdopqUSUlkRDO70jSFRux7hF2ykubaUu2Mq61osqcWjmYndHpSGxxBYfGMQY%3D"}],"group":"cf-nel","max_age":604800}
NEL: {"success_fraction":0,"report_to":"cf-nel","max_age":604800}
Server: cloudflare
CF-RAY: 89bf2ed66c59b80d-RIX
Content-Encoding: gzip
alt-svc: h3=":443"; ma=86400

{
    "success": true,
    "accessToken": "Bearer eyJhbGciOiJIUzI1NiIsInR5cCI6IkpXVCJ9.eyJpZCI6IjY2ODE3OTc5OWVkMjgwMDAxYjQ1OTYyMiIsImlhdCI6MTcxOTc2MTI3MywiZXhwIjoxNzE5NzYyNDczfQ.QMe0rHXaRi5UhzAuTs9K4w8Ut0gH68WYVjzF2IV8xes",
    "refreshToken": "bc2ad1d91a660722694530f24a11d6d52fc750ff209ce8b2db3d4cc95c404266a95415f64bc4273f",
    "user": {
        "email": "aqvixwyuvc@ya.ru",
        "name": "FnreTqpzOR"
    }
}
HTTP/1.1 200 OK
Date: Sun, 30 Jun 2024 15:27:53 GMT
Content-Type: application/json; charset=utf-8
Transfer-Encoding: chunked
Connection: keep-alive
X-Powered-By: Express
Access-Control-Allow-Origin: *
ETag: W/"16d-XBtCN1pHKlR6t0Xn3QfxVllRjrw"
CF-Cache-Status: DYNAMIC
Report-To: {"endpoints":[{"url":"https:\/\/a.nel.cloudflare.com\/report\/v4?s=TvsF0JG%2B3GiGOif0feaTsWwAy2cuPCmnXmfeatdIQZR14NT5w%2BhG8WvtZKx3AwlW4ilJilyufD0RAF%2BiD7kT4CYyHJjNOJeUdopqUSUlkRDO70jSFRux7hF2ykubaUu2Mq61osqcWjmYndHpSGxxBYfGMQY%3D"}],"group":"cf-nel","max_age":604800}
NEL: {"success_fraction":0,"report_to":"cf-nel","max_age":604800}
Server: cloudflare
CF-RAY: 89bf2ed66c59b80d-RIX
Content-Encoding: gzip
alt-svc: h3=":443"; ma=86400

{
    "success": true,
    "accessToken": "Bearer eyJhbGciOiJIUzI1NiIsInR5cCI6IkpXVCJ9.eyJpZCI6IjY2ODE3OTc5OWVkMjgwMDAxYjQ1OTYyMiIsImlhdCI6MTcxOTc2MTI3MywiZXhwIjoxNzE5NzYyNDczfQ.QMe0rHXaRi5UhzAuTs9K4w8Ut0gH68WYVjzF2IV8xes",
    "refreshToken": "bc2ad1d91a660722694530f24a11d6d52fc750ff209ce8b2db3d4cc95c404266a95415f64bc4273f",
    "user": {
        "email": "aqvixwyuvc@ya.ru",
        "name": "FnreTqpzOR"
    }
}
HTTP/1.1 200 OK
Date: Sun, 30 Jun 2024 15:27:53 GMT
Content-Type: application/json; charset=utf-8
Transfer-Encoding: chunked
Connection: keep-alive
X-Powered-By: Express
Access-Control-Allow-Origin: *
ETag: W/"16d-XBtCN1pHKlR6t0Xn3QfxVllRjrw"
CF-Cache-Status: DYNAMIC
Report-To: {"endpoints":[{"url":"https:\/\/a.nel.cloudflare.com\/report\/v4?s=TvsF0JG%2B3GiGOif0feaTsWwAy2cuPCmnXmfeatdIQZR14NT5w%2BhG8WvtZKx3AwlW4ilJilyufD0RAF%2BiD7kT4CYyHJjNOJeUdopqUSUlkRDO70jSFRux7hF2ykubaUu2Mq61osqcWjmYndHpSGxxBYfGMQY%3D"}],"group":"cf-nel","max_age":604800}
NEL: {"success_fraction":0,"report_to":"cf-nel","max_age":604800}
Server: cloudflare
CF-RAY: 89bf2ed66c59b80d-RIX
Content-Encoding: gzip
alt-svc: h3=":443"; ma=86400

{
    "success": true,
    "accessToken": "Bearer eyJhbGciOiJIUzI1NiIsInR5cCI6IkpXVCJ9.eyJpZCI6IjY2ODE3OTc5OWVkMjgwMDAxYjQ1OTYyMiIsImlhdCI6MTcxOTc2MTI3MywiZXhwIjoxNzE5NzYyNDczfQ.QMe0rHXaRi5UhzAuTs9K4w8Ut0gH68WYVjzF2IV8xes",
    "refreshToken": "bc2ad1d91a660722694530f24a11d6d52fc750ff209ce8b2db3d4cc95c404266a95415f64bc4273f",
    "user": {
        "email": "aqvixwyuvc@ya.ru",
        "name": "FnreTqpzOR"
    }
}
HTTP/1.1 200 OK
Date: Sun, 30 Jun 2024 15:27:53 GMT
Content-Type: application/json; charset=utf-8
Transfer-Encoding: chunked
Connection: keep-alive
X-Powered-By: Express
Access-Control-Allow-Origin: *
ETag: W/"16d-XBtCN1pHKlR6t0Xn3QfxVllRjrw"
CF-Cache-Status: DYNAMIC
Report-To: {"endpoints":[{"url":"https:\/\/a.nel.cloudflare.com\/report\/v4?s=TvsF0JG%2B3GiGOif0feaTsWwAy2cuPCmnXmfeatdIQZR14NT5w%2BhG8WvtZKx3AwlW4ilJilyufD0RAF%2BiD7kT4CYyHJjNOJeUdopqUSUlkRDO70jSFRux7hF2ykubaUu2Mq61osqcWjmYndHpSGxxBYfGMQY%3D"}],"group":"cf-nel","max_age":604800}
NEL: {"success_fraction":0,"report_to":"cf-nel","max_age":604800}
Server: cloudflare
CF-RAY: 89bf2ed66c59b80d-RIX
Content-Encoding: gzip
alt-svc: h3=":443"; ma=86400

{
    "success": true,
    "accessToken": "Bearer eyJhbGciOiJIUzI1NiIsInR5cCI6IkpXVCJ9.eyJpZCI6IjY2ODE3OTc5OWVkMjgwMDAxYjQ1OTYyMiIsImlhdCI6MTcxOTc2MTI3MywiZXhwIjoxNzE5NzYyNDczfQ.QMe0rHXaRi5UhzAuTs9K4w8Ut0gH68WYVjzF2IV8xes",
    "refreshToken": "bc2ad1d91a660722694530f24a11d6d52fc750ff209ce8b2db3d4cc95c404266a95415f64bc4273f",
    "user": {
        "email": "aqvixwyuvc@ya.ru",
        "name": "FnreTqpzOR"
    }
}
HTTP/1.1 200 OK
Date: Sun, 30 Jun 2024 15:27:53 GMT
Content-Type: application/json; charset=utf-8
Transfer-Encoding: chunked
Connection: keep-alive
X-Powered-By: Express
Access-Control-Allow-Origin: *
ETag: W/"16d-XBtCN1pHKlR6t0Xn3QfxVllRjrw"
CF-Cache-Status: DYNAMIC
Report-To: {"endpoints":[{"url":"https:\/\/a.nel.cloudflare.com\/report\/v4?s=TvsF0JG%2B3GiGOif0feaTsWwAy2cuPCmnXmfeatdIQZR14NT5w%2BhG8WvtZKx3AwlW4ilJilyufD0RAF%2BiD7kT4CYyHJjNOJeUdopqUSUlkRDO70jSFRux7hF2ykubaUu2Mq61osqcWjmYndHpSGxxBYfGMQY%3D"}],"group":"cf-nel","max_age":604800}
NEL: {"success_fraction":0,"report_to":"cf-nel","max_age":604800}
Server: cloudflare
CF-RAY: 89bf2ed66c59b80d-RIX
Content-Encoding: gzip
alt-svc: h3=":443"; ma=86400

{
    "success": true,
    "accessToken": "Bearer eyJhbGciOiJIUzI1NiIsInR5cCI6IkpXVCJ9.eyJpZCI6IjY2ODE3OTc5OWVkMjgwMDAxYjQ1OTYyMiIsImlhdCI6MTcxOTc2MTI3MywiZXhwIjoxNzE5NzYyNDczfQ.QMe0rHXaRi5UhzAuTs9K4w8Ut0gH68WYVjzF2IV8xes",
    "refreshToken": "bc2ad1d91a660722694530f24a11d6d52fc750ff209ce8b2db3d4cc95c404266a95415f64bc4273f",
    "user": {
        "email": "aqvixwyuvc@ya.ru",
        "name": "FnreTqpzOR"
    }
}
HTTP/1.1 200 OK
Date: Sun, 30 Jun 2024 15:27:53 GMT
Content-Type: application/json; charset=utf-8
Transfer-Encoding: chunked
Connection: keep-alive
X-Powered-By: Express
Access-Control-Allow-Origin: *
ETag: W/"16d-XBtCN1pHKlR6t0Xn3QfxVllRjrw"
CF-Cache-Status: DYNAMIC
Report-To: {"endpoints":[{"url":"https:\/\/a.nel.cloudflare.com\/report\/v4?s=TvsF0JG%2B3GiGOif0feaTsWwAy2cuPCmnXmfeatdIQZR14NT5w%2BhG8WvtZKx3AwlW4ilJilyufD0RAF%2BiD7kT4CYyHJjNOJeUdopqUSUlkRDO70jSFRux7hF2ykubaUu2Mq61osqcWjmYndHpSGxxBYfGMQY%3D"}],"group":"cf-nel","max_age":604800}
NEL: {"success_fraction":0,"report_to":"cf-nel","max_age":604800}
Server: cloudflare
CF-RAY: 89bf2ed66c59b80d-RIX
Content-Encoding: gzip
alt-svc: h3=":443"; ma=86400

{
    "success": true,
    "accessToken": "Bearer eyJhbGciOiJIUzI1NiIsInR5cCI6IkpXVCJ9.eyJpZCI6IjY2ODE3OTc5OWVkMjgwMDAxYjQ1OTYyMiIsImlhdCI6MTcxOTc2MTI3MywiZXhwIjoxNzE5NzYyNDczfQ.QMe0rHXaRi5UhzAuTs9K4w8Ut0gH68WYVjzF2IV8xes",
    "refreshToken": "bc2ad1d91a660722694530f24a11d6d52fc750ff209ce8b2db3d4cc95c404266a95415f64bc4273f",
    "user": {
        "email": "aqvixwyuvc@ya.ru",
        "name": "FnreTqpzOR"
    }
}
Request method:	POST
Request URI:	https://stellarburgers.nomoreparties.site/api/auth/login
Proxy:			<none>
Request params:	<none>
Query params:	<none>
Form params:	<none>
Path params:	<none>
Headers:		Accept=*/*
				Content-Type=application/json
Cookies:		<none>
Multiparts:		<none>
Body:
{
    "email": "AQviXwYuVC@ya.ru",
    "password": "ihPCXJTMpe",
    "name": "FnreTqpzOR"
}
Request method:	POST
Request URI:	https://stellarburgers.nomoreparties.site/api/auth/login
Proxy:			<none>
Request params:	<none>
Query params:	<none>
Form params:	<none>
Path params:	<none>
Headers:		Accept=*/*
				Content-Type=application/json
Cookies:		<none>
Multiparts:		<none>
Body:
{
    "email": "AQviXwYuVC@ya.ru",
    "password": "ihPCXJTMpe",
    "name": "FnreTqpzOR"
}
Request method:	POST
Request URI:	https://stellarburgers.nomoreparties.site/api/auth/login
Proxy:			<none>
Request params:	<none>
Query params:	<none>
Form params:	<none>
Path params:	<none>
Headers:		Accept=*/*
				Content-Type=application/json
Cookies:		<none>
Multiparts:		<none>
Body:
{
    "email": "AQviXwYuVC@ya.ru",
    "password": "ihPCXJTMpe",
    "name": "FnreTqpzOR"
}
Request method:	POST
Request URI:	https://stellarburgers.nomoreparties.site/api/auth/login
Proxy:			<none>
Request params:	<none>
Query params:	<none>
Form params:	<none>
Path params:	<none>
Headers:		Accept=*/*
				Content-Type=application/json
Cookies:		<none>
Multiparts:		<none>
Body:
{
    "email": "AQviXwYuVC@ya.ru",
    "password": "ihPCXJTMpe",
    "name": "FnreTqpzOR"
}
Request method:	POST
Request URI:	https://stellarburgers.nomoreparties.site/api/auth/login
Proxy:			<none>
Request params:	<none>
Query params:	<none>
Form params:	<none>
Path params:	<none>
Headers:		Accept=*/*
				Content-Type=application/json
Cookies:		<none>
Multiparts:		<none>
Body:
{
    "email": "AQviXwYuVC@ya.ru",
    "password": "ihPCXJTMpe",
    "name": "FnreTqpzOR"
}
Request method:	POST
Request URI:	https://stellarburgers.nomoreparties.site/api/auth/login
Proxy:			<none>
Request params:	<none>
Query params:	<none>
Form params:	<none>
Path params:	<none>
Headers:		Accept=*/*
				Content-Type=application/json
Cookies:		<none>
Multiparts:		<none>
Body:
{
    "email": "AQviXwYuVC@ya.ru",
    "password": "ihPCXJTMpe",
    "name": "FnreTqpzOR"
}
Request method:	POST
Request URI:	https://stellarburgers.nomoreparties.site/api/auth/login
Proxy:			<none>
Request params:	<none>
Query params:	<none>
Form params:	<none>
Path params:	<none>
Headers:		Accept=*/*
				Content-Type=application/json
Cookies:		<none>
Multiparts:		<none>
Body:
{
    "email": "AQviXwYuVC@ya.ru",
    "password": "ihPCXJTMpe",
    "name": "FnreTqpzOR"
}
Request method:	POST
Request URI:	https://stellarburgers.nomoreparties.site/api/auth/login
Proxy:			<none>
Request params:	<none>
Query params:	<none>
Form params:	<none>
Path params:	<none>
Headers:		Accept=*/*
				Content-Type=application/json
Cookies:		<none>
Multiparts:		<none>
Body:
{
    "email": "AQviXwYuVC@ya.ru",
    "password": "ihPCXJTMpe",
    "name": "FnreTqpzOR"
}
Request method:	POST
Request URI:	https://stellarburgers.nomoreparties.site/api/auth/login
Proxy:			<none>
Request params:	<none>
Query params:	<none>
Form params:	<none>
Path params:	<none>
Headers:		Accept=*/*
				Content-Type=application/json
Cookies:		<none>
Multiparts:		<none>
Body:
{
    "email": "AQviXwYuVC@ya.ru",
    "password": "ihPCXJTMpe",
    "name": "FnreTqpzOR"
}
Request method:	POST
Request URI:	https://stellarburgers.nomoreparties.site/api/auth/login
Proxy:			<none>
Request params:	<none>
Query params:	<none>
Form params:	<none>
Path params:	<none>
Headers:		Accept=*/*
				Content-Type=application/json
Cookies:		<none>
Multiparts:		<none>
Body:
{
    "email": "AQviXwYuVC@ya.ru",
    "password": "ihPCXJTMpe",
    "name": "FnreTqpzOR"
}
Request method:	POST
Request URI:	https://stellarburgers.nomoreparties.site/api/auth/login
Proxy:			<none>
Request params:	<none>
Query params:	<none>
Form params:	<none>
Path params:	<none>
Headers:		Accept=*/*
				Content-Type=application/json
Cookies:		<none>
Multiparts:		<none>
Body:
{
    "email": "AQviXwYuVC@ya.ru",
    "password": "ihPCXJTMpe",
    "name": "FnreTqpzOR"
}
Request method:	POST
Request URI:	https://stellarburgers.nomoreparties.site/api/auth/login
Proxy:			<none>
Request params:	<none>
Query params:	<none>
Form params:	<none>
Path params:	<none>
Headers:		Accept=*/*
				Content-Type=application/json
Cookies:		<none>
Multiparts:		<none>
Body:
{
    "email": "AQviXwYuVC@ya.ru",
    "password": "ihPCXJTMpe",
    "name": "FnreTqpzOR"
}
Request method:	POST
Request URI:	https://stellarburgers.nomoreparties.site/api/auth/login
Proxy:			<none>
Request params:	<none>
Query params:	<none>
Form params:	<none>
Path params:	<none>
Headers:		Accept=*/*
				Content-Type=application/json
Cookies:		<none>
Multiparts:		<none>
Body:
{
    "email": "AQviXwYuVC@ya.ru",
    "password": "ihPCXJTMpe",
    "name": "FnreTqpzOR"
}
Request method:	POST
Request URI:	https://stellarburgers.nomoreparties.site/api/auth/login
Proxy:			<none>
Request params:	<none>
Query params:	<none>
Form params:	<none>
Path params:	<none>
Headers:		Accept=*/*
				Content-Type=application/json
Cookies:		<none>
Multiparts:		<none>
Body:
{
    "email": "AQviXwYuVC@ya.ru",
    "password": "ihPCXJTMpe",
    "name": "FnreTqpzOR"
}
Request method:	POST
Request URI:	https://stellarburgers.nomoreparties.site/api/auth/login
Proxy:			<none>
Request params:	<none>
Query params:	<none>
Form params:	<none>
Path params:	<none>
Headers:		Accept=*/*
				Content-Type=application/json
Cookies:		<none>
Multiparts:		<none>
Body:
{
    "email": "AQviXwYuVC@ya.ru",
    "password": "ihPCXJTMpe",
    "name": "FnreTqpzOR"
}
Request method:	POST
Request URI:	https://stellarburgers.nomoreparties.site/api/auth/login
Proxy:			<none>
Request params:	<none>
Query params:	<none>
Form params:	<none>
Path params:	<none>
Headers:		Accept=*/*
				Content-Type=application/json
Cookies:		<none>
Multiparts:		<none>
Body:
{
    "email": "AQviXwYuVC@ya.ru",
    "password": "ihPCXJTMpe",
    "name": "FnreTqpzOR"
}
Request method:	POST
Request URI:	https://stellarburgers.nomoreparties.site/api/auth/login
Proxy:			<none>
Request params:	<none>
Query params:	<none>
Form params:	<none>
Path params:	<none>
Headers:		Accept=*/*
				Content-Type=application/json
Cookies:		<none>
Multiparts:		<none>
Body:
{
    "email": "AQviXwYuVC@ya.ru",
    "password": "ihPCXJTMpe",
    "name": "FnreTqpzOR"
}
Request method:	POST
Request URI:	https://stellarburgers.nomoreparties.site/api/auth/login
Proxy:			<none>
Request params:	<none>
Query params:	<none>
Form params:	<none>
Path params:	<none>
Headers:		Accept=*/*
				Content-Type=application/json
Cookies:		<none>
Multiparts:		<none>
Body:
{
    "email": "AQviXwYuVC@ya.ru",
    "password": "ihPCXJTMpe",
    "name": "FnreTqpzOR"
}
Request method:	POST
Request URI:	https://stellarburgers.nomoreparties.site/api/auth/login
Proxy:			<none>
Request params:	<none>
Query params:	<none>
Form params:	<none>
Path params:	<none>
Headers:		Accept=*/*
				Content-Type=application/json
Cookies:		<none>
Multiparts:		<none>
Body:
{
    "email": "AQviXwYuVC@ya.ru",
    "password": "ihPCXJTMpe",
    "name": "FnreTqpzOR"
}
Request method:	POST
Request URI:	https://stellarburgers.nomoreparties.site/api/auth/login
Proxy:			<none>
Request params:	<none>
Query params:	<none>
Form params:	<none>
Path params:	<none>
Headers:		Accept=*/*
				Content-Type=application/json
Cookies:		<none>
Multiparts:		<none>
Body:
{
    "email": "AQviXwYuVC@ya.ru",
    "password": "ihPCXJTMpe",
    "name": "FnreTqpzOR"
}
Request method:	POST
Request URI:	https://stellarburgers.nomoreparties.site/api/auth/login
Proxy:			<none>
Request params:	<none>
Query params:	<none>
Form params:	<none>
Path params:	<none>
Headers:		Accept=*/*
				Content-Type=application/json
Cookies:		<none>
Multiparts:		<none>
Body:
{
    "email": "AQviXwYuVC@ya.ru",
    "password": "ihPCXJTMpe",
    "name": "FnreTqpzOR"
}
Request method:	POST
Request URI:	https://stellarburgers.nomoreparties.site/api/auth/login
Proxy:			<none>
Request params:	<none>
Query params:	<none>
Form params:	<none>
Path params:	<none>
Headers:		Accept=*/*
				Content-Type=application/json
Cookies:		<none>
Multiparts:		<none>
Body:
{
    "email": "AQviXwYuVC@ya.ru",
    "password": "ihPCXJTMpe",
    "name": "FnreTqpzOR"
}
Request method:	POST
Request URI:	https://stellarburgers.nomoreparties.site/api/auth/login
Proxy:			<none>
Request params:	<none>
Query params:	<none>
Form params:	<none>
Path params:	<none>
Headers:		Accept=*/*
				Content-Type=application/json
Cookies:		<none>
Multiparts:		<none>
Body:
{
    "email": "AQviXwYuVC@ya.ru",
    "password": "ihPCXJTMpe",
    "name": "FnreTqpzOR"
}
Request method:	POST
Request URI:	https://stellarburgers.nomoreparties.site/api/auth/login
Proxy:			<none>
Request params:	<none>
Query params:	<none>
Form params:	<none>
Path params:	<none>
Headers:		Accept=*/*
				Content-Type=application/json
Cookies:		<none>
Multiparts:		<none>
Body:
{
    "email": "AQviXwYuVC@ya.ru",
    "password": "ihPCXJTMpe",
    "name": "FnreTqpzOR"
}
Request method:	POST
Request URI:	https://stellarburgers.nomoreparties.site/api/auth/login
Proxy:			<none>
Request params:	<none>
Query params:	<none>
Form params:	<none>
Path params:	<none>
Headers:		Accept=*/*
				Content-Type=application/json
Cookies:		<none>
Multiparts:		<none>
Body:
{
    "email": "AQviXwYuVC@ya.ru",
    "password": "ihPCXJTMpe",
    "name": "FnreTqpzOR"
}
Request method:	POST
Request URI:	https://stellarburgers.nomoreparties.site/api/auth/login
Proxy:			<none>
Request params:	<none>
Query params:	<none>
Form params:	<none>
Path params:	<none>
Headers:		Accept=*/*
				Content-Type=application/json
Cookies:		<none>
Multiparts:		<none>
Body:
{
    "email": "AQviXwYuVC@ya.ru",
    "password": "ihPCXJTMpe",
    "name": "FnreTqpzOR"
}
Request method:	POST
Request URI:	https://stellarburgers.nomoreparties.site/api/auth/login
Proxy:			<none>
Request params:	<none>
Query params:	<none>
Form params:	<none>
Path params:	<none>
Headers:		Accept=*/*
				Content-Type=application/json
Cookies:		<none>
Multiparts:		<none>
Body:
{
    "email": "AQviXwYuVC@ya.ru",
    "password": "ihPCXJTMpe",
    "name": "FnreTqpzOR"
}
Request method:	POST
Request URI:	https://stellarburgers.nomoreparties.site/api/auth/login
Proxy:			<none>
Request params:	<none>
Query params:	<none>
Form params:	<none>
Path params:	<none>
Headers:		Accept=*/*
				Content-Type=application/json
Cookies:		<none>
Multiparts:		<none>
Body:
{
    "email": "AQviXwYuVC@ya.ru",
    "password": "ihPCXJTMpe",
    "name": "FnreTqpzOR"
}
Request method:	POST
Request URI:	https://stellarburgers.nomoreparties.site/api/auth/login
Proxy:			<none>
Request params:	<none>
Query params:	<none>
Form params:	<none>
Path params:	<none>
Headers:		Accept=*/*
				Content-Type=application/json
Cookies:		<none>
Multiparts:		<none>
Body:
{
    "email": "AQviXwYuVC@ya.ru",
    "password": "ihPCXJTMpe",
    "name": "FnreTqpzOR"
}
Request method:	POST
Request URI:	https://stellarburgers.nomoreparties.site/api/auth/login
Proxy:			<none>
Request params:	<none>
Query params:	<none>
Form params:	<none>
Path params:	<none>
Headers:		Accept=*/*
				Content-Type=application/json
Cookies:		<none>
Multiparts:		<none>
Body:
{
    "email": "AQviXwYuVC@ya.ru",
    "password": "ihPCXJTMpe",
    "name": "FnreTqpzOR"
}
Request method:	POST
Request URI:	https://stellarburgers.nomoreparties.site/api/auth/login
Proxy:			<none>
Request params:	<none>
Query params:	<none>
Form params:	<none>
Path params:	<none>
Headers:		Accept=*/*
				Content-Type=application/json
Cookies:		<none>
Multiparts:		<none>
Body:
{
    "email": "AQviXwYuVC@ya.ru",
    "password": "ihPCXJTMpe",
    "name": "FnreTqpzOR"
}
Request method:	POST
Request URI:	https://stellarburgers.nomoreparties.site/api/auth/login
Proxy:			<none>
Request params:	<none>
Query params:	<none>
Form params:	<none>
Path params:	<none>
Headers:		Accept=*/*
				Content-Type=application/json
Cookies:		<none>
Multiparts:		<none>
Body:
{
    "email": "AQviXwYuVC@ya.ru",
    "password": "ihPCXJTMpe",
    "name": "FnreTqpzOR"
}
Request method:	POST
Request URI:	https://stellarburgers.nomoreparties.site/api/auth/login
Proxy:			<none>
Request params:	<none>
Query params:	<none>
Form params:	<none>
Path params:	<none>
Headers:		Accept=*/*
				Content-Type=application/json
Cookies:		<none>
Multiparts:		<none>
Body:
{
    "email": "AQviXwYuVC@ya.ru",
    "password": "ihPCXJTMpe",
    "name": "FnreTqpzOR"
}
Request method:	POST
Request URI:	https://stellarburgers.nomoreparties.site/api/auth/login
Proxy:			<none>
Request params:	<none>
Query params:	<none>
Form params:	<none>
Path params:	<none>
Headers:		Accept=*/*
				Content-Type=application/json
Cookies:		<none>
Multiparts:		<none>
Body:
{
    "email": "AQviXwYuVC@ya.ru",
    "password": "ihPCXJTMpe",
    "name": "FnreTqpzOR"
}
Request method:	POST
Request URI:	https://stellarburgers.nomoreparties.site/api/auth/login
Proxy:			<none>
Request params:	<none>
Query params:	<none>
Form params:	<none>
Path params:	<none>
Headers:		Accept=*/*
				Content-Type=application/json
Cookies:		<none>
Multiparts:		<none>
Body:
{
    "email": "AQviXwYuVC@ya.ru",
    "password": "ihPCXJTMpe",
    "name": "FnreTqpzOR"
}
HTTP/1.1 200 OK
Date: Sun, 30 Jun 2024 15:27:53 GMT
Content-Type: application/json; charset=utf-8
Transfer-Encoding: chunked
Connection: keep-alive
X-Powered-By: Express
Access-Control-Allow-Origin: *
ETag: W/"16d-LIvNzfqz6/ofh0ObPcJ2GJSkgBc"
CF-Cache-Status: DYNAMIC
Report-To: {"endpoints":[{"url":"https:\/\/a.nel.cloudflare.com\/report\/v4?s=Xcnczn7bmV5XAFl9P%2Bzn2cb0JhhjYLzRb%2BIvrpBGLOSY18mnSJxGkKhRauRFTA2im6rT32d%2BoW4BRr6AB2q31VNNUtNDgk32RgT4%2F43JNL4N8l2wAenKLzcytfS4AFEqNKeuyANJeDOT3x70iMi8AAiua74%3D"}],"group":"cf-nel","max_age":604800}
NEL: {"success_fraction":0,"report_to":"cf-nel","max_age":604800}
Server: cloudflare
CF-RAY: 89bf2ed84eb763ad-LHR
Content-Encoding: gzip
alt-svc: h3=":443"; ma=86400

{
    "success": true,
    "accessToken": "Bearer eyJhbGciOiJIUzI1NiIsInR5cCI6IkpXVCJ9.eyJpZCI6IjY2ODE3OTc5OWVkMjgwMDAxYjQ1OTYyMiIsImlhdCI6MTcxOTc2MTI3MywiZXhwIjoxNzE5NzYyNDczfQ.QMe0rHXaRi5UhzAuTs9K4w8Ut0gH68WYVjzF2IV8xes",
    "refreshToken": "7ff461b3de401d53c63431294220fd1e47ea222735cc33f0569459d4a64a272e0946f631304a085b",
    "user": {
        "email": "aqvixwyuvc@ya.ru",
        "name": "FnreTqpzOR"
    }
}
HTTP/1.1 200 OK
Date: Sun, 30 Jun 2024 15:27:53 GMT
Content-Type: application/json; charset=utf-8
Transfer-Encoding: chunked
Connection: keep-alive
X-Powered-By: Express
Access-Control-Allow-Origin: *
ETag: W/"16d-LIvNzfqz6/ofh0ObPcJ2GJSkgBc"
CF-Cache-Status: DYNAMIC
Report-To: {"endpoints":[{"url":"https:\/\/a.nel.cloudflare.com\/report\/v4?s=Xcnczn7bmV5XAFl9P%2Bzn2cb0JhhjYLzRb%2BIvrpBGLOSY18mnSJxGkKhRauRFTA2im6rT32d%2BoW4BRr6AB2q31VNNUtNDgk32RgT4%2F43JNL4N8l2wAenKLzcytfS4AFEqNKeuyANJeDOT3x70iMi8AAiua74%3D"}],"group":"cf-nel","max_age":604800}
NEL: {"success_fraction":0,"report_to":"cf-nel","max_age":604800}
Server: cloudflare
CF-RAY: 89bf2ed84eb763ad-LHR
Content-Encoding: gzip
alt-svc: h3=":443"; ma=86400

{
    "success": true,
    "accessToken": "Bearer eyJhbGciOiJIUzI1NiIsInR5cCI6IkpXVCJ9.eyJpZCI6IjY2ODE3OTc5OWVkMjgwMDAxYjQ1OTYyMiIsImlhdCI6MTcxOTc2MTI3MywiZXhwIjoxNzE5NzYyNDczfQ.QMe0rHXaRi5UhzAuTs9K4w8Ut0gH68WYVjzF2IV8xes",
    "refreshToken": "7ff461b3de401d53c63431294220fd1e47ea222735cc33f0569459d4a64a272e0946f631304a085b",
    "user": {
        "email": "aqvixwyuvc@ya.ru",
        "name": "FnreTqpzOR"
    }
}
HTTP/1.1 200 OK
Date: Sun, 30 Jun 2024 15:27:53 GMT
Content-Type: application/json; charset=utf-8
Transfer-Encoding: chunked
Connection: keep-alive
X-Powered-By: Express
Access-Control-Allow-Origin: *
ETag: W/"16d-LIvNzfqz6/ofh0ObPcJ2GJSkgBc"
CF-Cache-Status: DYNAMIC
Report-To: {"endpoints":[{"url":"https:\/\/a.nel.cloudflare.com\/report\/v4?s=Xcnczn7bmV5XAFl9P%2Bzn2cb0JhhjYLzRb%2BIvrpBGLOSY18mnSJxGkKhRauRFTA2im6rT32d%2BoW4BRr6AB2q31VNNUtNDgk32RgT4%2F43JNL4N8l2wAenKLzcytfS4AFEqNKeuyANJeDOT3x70iMi8AAiua74%3D"}],"group":"cf-nel","max_age":604800}
NEL: {"success_fraction":0,"report_to":"cf-nel","max_age":604800}
Server: cloudflare
CF-RAY: 89bf2ed84eb763ad-LHR
Content-Encoding: gzip
alt-svc: h3=":443"; ma=86400

{
    "success": true,
    "accessToken": "Bearer eyJhbGciOiJIUzI1NiIsInR5cCI6IkpXVCJ9.eyJpZCI6IjY2ODE3OTc5OWVkMjgwMDAxYjQ1OTYyMiIsImlhdCI6MTcxOTc2MTI3MywiZXhwIjoxNzE5NzYyNDczfQ.QMe0rHXaRi5UhzAuTs9K4w8Ut0gH68WYVjzF2IV8xes",
    "refreshToken": "7ff461b3de401d53c63431294220fd1e47ea222735cc33f0569459d4a64a272e0946f631304a085b",
    "user": {
        "email": "aqvixwyuvc@ya.ru",
        "name": "FnreTqpzOR"
    }
}
HTTP/1.1 200 OK
Date: Sun, 30 Jun 2024 15:27:53 GMT
Content-Type: application/json; charset=utf-8
Transfer-Encoding: chunked
Connection: keep-alive
X-Powered-By: Express
Access-Control-Allow-Origin: *
ETag: W/"16d-LIvNzfqz6/ofh0ObPcJ2GJSkgBc"
CF-Cache-Status: DYNAMIC
Report-To: {"endpoints":[{"url":"https:\/\/a.nel.cloudflare.com\/report\/v4?s=Xcnczn7bmV5XAFl9P%2Bzn2cb0JhhjYLzRb%2BIvrpBGLOSY18mnSJxGkKhRauRFTA2im6rT32d%2BoW4BRr6AB2q31VNNUtNDgk32RgT4%2F43JNL4N8l2wAenKLzcytfS4AFEqNKeuyANJeDOT3x70iMi8AAiua74%3D"}],"group":"cf-nel","max_age":604800}
NEL: {"success_fraction":0,"report_to":"cf-nel","max_age":604800}
Server: cloudflare
CF-RAY: 89bf2ed84eb763ad-LHR
Content-Encoding: gzip
alt-svc: h3=":443"; ma=86400

{
    "success": true,
    "accessToken": "Bearer eyJhbGciOiJIUzI1NiIsInR5cCI6IkpXVCJ9.eyJpZCI6IjY2ODE3OTc5OWVkMjgwMDAxYjQ1OTYyMiIsImlhdCI6MTcxOTc2MTI3MywiZXhwIjoxNzE5NzYyNDczfQ.QMe0rHXaRi5UhzAuTs9K4w8Ut0gH68WYVjzF2IV8xes",
    "refreshToken": "7ff461b3de401d53c63431294220fd1e47ea222735cc33f0569459d4a64a272e0946f631304a085b",
    "user": {
        "email": "aqvixwyuvc@ya.ru",
        "name": "FnreTqpzOR"
    }
}
HTTP/1.1 200 OK
Date: Sun, 30 Jun 2024 15:27:53 GMT
Content-Type: application/json; charset=utf-8
Transfer-Encoding: chunked
Connection: keep-alive
X-Powered-By: Express
Access-Control-Allow-Origin: *
ETag: W/"16d-LIvNzfqz6/ofh0ObPcJ2GJSkgBc"
CF-Cache-Status: DYNAMIC
Report-To: {"endpoints":[{"url":"https:\/\/a.nel.cloudflare.com\/report\/v4?s=Xcnczn7bmV5XAFl9P%2Bzn2cb0JhhjYLzRb%2BIvrpBGLOSY18mnSJxGkKhRauRFTA2im6rT32d%2BoW4BRr6AB2q31VNNUtNDgk32RgT4%2F43JNL4N8l2wAenKLzcytfS4AFEqNKeuyANJeDOT3x70iMi8AAiua74%3D"}],"group":"cf-nel","max_age":604800}
NEL: {"success_fraction":0,"report_to":"cf-nel","max_age":604800}
Server: cloudflare
CF-RAY: 89bf2ed84eb763ad-LHR
Content-Encoding: gzip
alt-svc: h3=":443"; ma=86400

{
    "success": true,
    "accessToken": "Bearer eyJhbGciOiJIUzI1NiIsInR5cCI6IkpXVCJ9.eyJpZCI6IjY2ODE3OTc5OWVkMjgwMDAxYjQ1OTYyMiIsImlhdCI6MTcxOTc2MTI3MywiZXhwIjoxNzE5NzYyNDczfQ.QMe0rHXaRi5UhzAuTs9K4w8Ut0gH68WYVjzF2IV8xes",
    "refreshToken": "7ff461b3de401d53c63431294220fd1e47ea222735cc33f0569459d4a64a272e0946f631304a085b",
    "user": {
        "email": "aqvixwyuvc@ya.ru",
        "name": "FnreTqpzOR"
    }
}
HTTP/1.1 200 OK
Date: Sun, 30 Jun 2024 15:27:53 GMT
Content-Type: application/json; charset=utf-8
Transfer-Encoding: chunked
Connection: keep-alive
X-Powered-By: Express
Access-Control-Allow-Origin: *
ETag: W/"16d-LIvNzfqz6/ofh0ObPcJ2GJSkgBc"
CF-Cache-Status: DYNAMIC
Report-To: {"endpoints":[{"url":"https:\/\/a.nel.cloudflare.com\/report\/v4?s=Xcnczn7bmV5XAFl9P%2Bzn2cb0JhhjYLzRb%2BIvrpBGLOSY18mnSJxGkKhRauRFTA2im6rT32d%2BoW4BRr6AB2q31VNNUtNDgk32RgT4%2F43JNL4N8l2wAenKLzcytfS4AFEqNKeuyANJeDOT3x70iMi8AAiua74%3D"}],"group":"cf-nel","max_age":604800}
NEL: {"success_fraction":0,"report_to":"cf-nel","max_age":604800}
Server: cloudflare
CF-RAY: 89bf2ed84eb763ad-LHR
Content-Encoding: gzip
alt-svc: h3=":443"; ma=86400

{
    "success": true,
    "accessToken": "Bearer eyJhbGciOiJIUzI1NiIsInR5cCI6IkpXVCJ9.eyJpZCI6IjY2ODE3OTc5OWVkMjgwMDAxYjQ1OTYyMiIsImlhdCI6MTcxOTc2MTI3MywiZXhwIjoxNzE5NzYyNDczfQ.QMe0rHXaRi5UhzAuTs9K4w8Ut0gH68WYVjzF2IV8xes",
    "refreshToken": "7ff461b3de401d53c63431294220fd1e47ea222735cc33f0569459d4a64a272e0946f631304a085b",
    "user": {
        "email": "aqvixwyuvc@ya.ru",
        "name": "FnreTqpzOR"
    }
}
HTTP/1.1 200 OK
Date: Sun, 30 Jun 2024 15:27:53 GMT
Content-Type: application/json; charset=utf-8
Transfer-Encoding: chunked
Connection: keep-alive
X-Powered-By: Express
Access-Control-Allow-Origin: *
ETag: W/"16d-LIvNzfqz6/ofh0ObPcJ2GJSkgBc"
CF-Cache-Status: DYNAMIC
Report-To: {"endpoints":[{"url":"https:\/\/a.nel.cloudflare.com\/report\/v4?s=Xcnczn7bmV5XAFl9P%2Bzn2cb0JhhjYLzRb%2BIvrpBGLOSY18mnSJxGkKhRauRFTA2im6rT32d%2BoW4BRr6AB2q31VNNUtNDgk32RgT4%2F43JNL4N8l2wAenKLzcytfS4AFEqNKeuyANJeDOT3x70iMi8AAiua74%3D"}],"group":"cf-nel","max_age":604800}
NEL: {"success_fraction":0,"report_to":"cf-nel","max_age":604800}
Server: cloudflare
CF-RAY: 89bf2ed84eb763ad-LHR
Content-Encoding: gzip
alt-svc: h3=":443"; ma=86400

{
    "success": true,
    "accessToken": "Bearer eyJhbGciOiJIUzI1NiIsInR5cCI6IkpXVCJ9.eyJpZCI6IjY2ODE3OTc5OWVkMjgwMDAxYjQ1OTYyMiIsImlhdCI6MTcxOTc2MTI3MywiZXhwIjoxNzE5NzYyNDczfQ.QMe0rHXaRi5UhzAuTs9K4w8Ut0gH68WYVjzF2IV8xes",
    "refreshToken": "7ff461b3de401d53c63431294220fd1e47ea222735cc33f0569459d4a64a272e0946f631304a085b",
    "user": {
        "email": "aqvixwyuvc@ya.ru",
        "name": "FnreTqpzOR"
    }
}
HTTP/1.1 200 OK
Date: Sun, 30 Jun 2024 15:27:53 GMT
Content-Type: application/json; charset=utf-8
Transfer-Encoding: chunked
Connection: keep-alive
X-Powered-By: Express
Access-Control-Allow-Origin: *
ETag: W/"16d-LIvNzfqz6/ofh0ObPcJ2GJSkgBc"
CF-Cache-Status: DYNAMIC
Report-To: {"endpoints":[{"url":"https:\/\/a.nel.cloudflare.com\/report\/v4?s=Xcnczn7bmV5XAFl9P%2Bzn2cb0JhhjYLzRb%2BIvrpBGLOSY18mnSJxGkKhRauRFTA2im6rT32d%2BoW4BRr6AB2q31VNNUtNDgk32RgT4%2F43JNL4N8l2wAenKLzcytfS4AFEqNKeuyANJeDOT3x70iMi8AAiua74%3D"}],"group":"cf-nel","max_age":604800}
NEL: {"success_fraction":0,"report_to":"cf-nel","max_age":604800}
Server: cloudflare
CF-RAY: 89bf2ed84eb763ad-LHR
Content-Encoding: gzip
alt-svc: h3=":443"; ma=86400

{
    "success": true,
    "accessToken": "Bearer eyJhbGciOiJIUzI1NiIsInR5cCI6IkpXVCJ9.eyJpZCI6IjY2ODE3OTc5OWVkMjgwMDAxYjQ1OTYyMiIsImlhdCI6MTcxOTc2MTI3MywiZXhwIjoxNzE5NzYyNDczfQ.QMe0rHXaRi5UhzAuTs9K4w8Ut0gH68WYVjzF2IV8xes",
    "refreshToken": "7ff461b3de401d53c63431294220fd1e47ea222735cc33f0569459d4a64a272e0946f631304a085b",
    "user": {
        "email": "aqvixwyuvc@ya.ru",
        "name": "FnreTqpzOR"
    }
}
HTTP/1.1 200 OK
Date: Sun, 30 Jun 2024 15:27:53 GMT
Content-Type: application/json; charset=utf-8
Transfer-Encoding: chunked
Connection: keep-alive
X-Powered-By: Express
Access-Control-Allow-Origin: *
ETag: W/"16d-LIvNzfqz6/ofh0ObPcJ2GJSkgBc"
CF-Cache-Status: DYNAMIC
Report-To: {"endpoints":[{"url":"https:\/\/a.nel.cloudflare.com\/report\/v4?s=Xcnczn7bmV5XAFl9P%2Bzn2cb0JhhjYLzRb%2BIvrpBGLOSY18mnSJxGkKhRauRFTA2im6rT32d%2BoW4BRr6AB2q31VNNUtNDgk32RgT4%2F43JNL4N8l2wAenKLzcytfS4AFEqNKeuyANJeDOT3x70iMi8AAiua74%3D"}],"group":"cf-nel","max_age":604800}
NEL: {"success_fraction":0,"report_to":"cf-nel","max_age":604800}
Server: cloudflare
CF-RAY: 89bf2ed84eb763ad-LHR
Content-Encoding: gzip
alt-svc: h3=":443"; ma=86400

{
    "success": true,
    "accessToken": "Bearer eyJhbGciOiJIUzI1NiIsInR5cCI6IkpXVCJ9.eyJpZCI6IjY2ODE3OTc5OWVkMjgwMDAxYjQ1OTYyMiIsImlhdCI6MTcxOTc2MTI3MywiZXhwIjoxNzE5NzYyNDczfQ.QMe0rHXaRi5UhzAuTs9K4w8Ut0gH68WYVjzF2IV8xes",
    "refreshToken": "7ff461b3de401d53c63431294220fd1e47ea222735cc33f0569459d4a64a272e0946f631304a085b",
    "user": {
        "email": "aqvixwyuvc@ya.ru",
        "name": "FnreTqpzOR"
    }
}
HTTP/1.1 200 OK
Date: Sun, 30 Jun 2024 15:27:53 GMT
Content-Type: application/json; charset=utf-8
Transfer-Encoding: chunked
Connection: keep-alive
X-Powered-By: Express
Access-Control-Allow-Origin: *
ETag: W/"16d-LIvNzfqz6/ofh0ObPcJ2GJSkgBc"
CF-Cache-Status: DYNAMIC
Report-To: {"endpoints":[{"url":"https:\/\/a.nel.cloudflare.com\/report\/v4?s=Xcnczn7bmV5XAFl9P%2Bzn2cb0JhhjYLzRb%2BIvrpBGLOSY18mnSJxGkKhRauRFTA2im6rT32d%2BoW4BRr6AB2q31VNNUtNDgk32RgT4%2F43JNL4N8l2wAenKLzcytfS4AFEqNKeuyANJeDOT3x70iMi8AAiua74%3D"}],"group":"cf-nel","max_age":604800}
NEL: {"success_fraction":0,"report_to":"cf-nel","max_age":604800}
Server: cloudflare
CF-RAY: 89bf2ed84eb763ad-LHR
Content-Encoding: gzip
alt-svc: h3=":443"; ma=86400

{
    "success": true,
    "accessToken": "Bearer eyJhbGciOiJIUzI1NiIsInR5cCI6IkpXVCJ9.eyJpZCI6IjY2ODE3OTc5OWVkMjgwMDAxYjQ1OTYyMiIsImlhdCI6MTcxOTc2MTI3MywiZXhwIjoxNzE5NzYyNDczfQ.QMe0rHXaRi5UhzAuTs9K4w8Ut0gH68WYVjzF2IV8xes",
    "refreshToken": "7ff461b3de401d53c63431294220fd1e47ea222735cc33f0569459d4a64a272e0946f631304a085b",
    "user": {
        "email": "aqvixwyuvc@ya.ru",
        "name": "FnreTqpzOR"
    }
}
HTTP/1.1 200 OK
Date: Sun, 30 Jun 2024 15:27:53 GMT
Content-Type: application/json; charset=utf-8
Transfer-Encoding: chunked
Connection: keep-alive
X-Powered-By: Express
Access-Control-Allow-Origin: *
ETag: W/"16d-LIvNzfqz6/ofh0ObPcJ2GJSkgBc"
CF-Cache-Status: DYNAMIC
Report-To: {"endpoints":[{"url":"https:\/\/a.nel.cloudflare.com\/report\/v4?s=Xcnczn7bmV5XAFl9P%2Bzn2cb0JhhjYLzRb%2BIvrpBGLOSY18mnSJxGkKhRauRFTA2im6rT32d%2BoW4BRr6AB2q31VNNUtNDgk32RgT4%2F43JNL4N8l2wAenKLzcytfS4AFEqNKeuyANJeDOT3x70iMi8AAiua74%3D"}],"group":"cf-nel","max_age":604800}
NEL: {"success_fraction":0,"report_to":"cf-nel","max_age":604800}
Server: cloudflare
CF-RAY: 89bf2ed84eb763ad-LHR
Content-Encoding: gzip
alt-svc: h3=":443"; ma=86400

{
    "success": true,
    "accessToken": "Bearer eyJhbGciOiJIUzI1NiIsInR5cCI6IkpXVCJ9.eyJpZCI6IjY2ODE3OTc5OWVkMjgwMDAxYjQ1OTYyMiIsImlhdCI6MTcxOTc2MTI3MywiZXhwIjoxNzE5NzYyNDczfQ.QMe0rHXaRi5UhzAuTs9K4w8Ut0gH68WYVjzF2IV8xes",
    "refreshToken": "7ff461b3de401d53c63431294220fd1e47ea222735cc33f0569459d4a64a272e0946f631304a085b",
    "user": {
        "email": "aqvixwyuvc@ya.ru",
        "name": "FnreTqpzOR"
    }
}
HTTP/1.1 200 OK
Date: Sun, 30 Jun 2024 15:27:53 GMT
Content-Type: application/json; charset=utf-8
Transfer-Encoding: chunked
Connection: keep-alive
X-Powered-By: Express
Access-Control-Allow-Origin: *
ETag: W/"16d-LIvNzfqz6/ofh0ObPcJ2GJSkgBc"
CF-Cache-Status: DYNAMIC
Report-To: {"endpoints":[{"url":"https:\/\/a.nel.cloudflare.com\/report\/v4?s=Xcnczn7bmV5XAFl9P%2Bzn2cb0JhhjYLzRb%2BIvrpBGLOSY18mnSJxGkKhRauRFTA2im6rT32d%2BoW4BRr6AB2q31VNNUtNDgk32RgT4%2F43JNL4N8l2wAenKLzcytfS4AFEqNKeuyANJeDOT3x70iMi8AAiua74%3D"}],"group":"cf-nel","max_age":604800}
NEL: {"success_fraction":0,"report_to":"cf-nel","max_age":604800}
Server: cloudflare
CF-RAY: 89bf2ed84eb763ad-LHR
Content-Encoding: gzip
alt-svc: h3=":443"; ma=86400

{
    "success": true,
    "accessToken": "Bearer eyJhbGciOiJIUzI1NiIsInR5cCI6IkpXVCJ9.eyJpZCI6IjY2ODE3OTc5OWVkMjgwMDAxYjQ1OTYyMiIsImlhdCI6MTcxOTc2MTI3MywiZXhwIjoxNzE5NzYyNDczfQ.QMe0rHXaRi5UhzAuTs9K4w8Ut0gH68WYVjzF2IV8xes",
    "refreshToken": "7ff461b3de401d53c63431294220fd1e47ea222735cc33f0569459d4a64a272e0946f631304a085b",
    "user": {
        "email": "aqvixwyuvc@ya.ru",
        "name": "FnreTqpzOR"
    }
}
HTTP/1.1 200 OK
Date: Sun, 30 Jun 2024 15:27:53 GMT
Content-Type: application/json; charset=utf-8
Transfer-Encoding: chunked
Connection: keep-alive
X-Powered-By: Express
Access-Control-Allow-Origin: *
ETag: W/"16d-LIvNzfqz6/ofh0ObPcJ2GJSkgBc"
CF-Cache-Status: DYNAMIC
Report-To: {"endpoints":[{"url":"https:\/\/a.nel.cloudflare.com\/report\/v4?s=Xcnczn7bmV5XAFl9P%2Bzn2cb0JhhjYLzRb%2BIvrpBGLOSY18mnSJxGkKhRauRFTA2im6rT32d%2BoW4BRr6AB2q31VNNUtNDgk32RgT4%2F43JNL4N8l2wAenKLzcytfS4AFEqNKeuyANJeDOT3x70iMi8AAiua74%3D"}],"group":"cf-nel","max_age":604800}
NEL: {"success_fraction":0,"report_to":"cf-nel","max_age":604800}
Server: cloudflare
CF-RAY: 89bf2ed84eb763ad-LHR
Content-Encoding: gzip
alt-svc: h3=":443"; ma=86400

{
    "success": true,
    "accessToken": "Bearer eyJhbGciOiJIUzI1NiIsInR5cCI6IkpXVCJ9.eyJpZCI6IjY2ODE3OTc5OWVkMjgwMDAxYjQ1OTYyMiIsImlhdCI6MTcxOTc2MTI3MywiZXhwIjoxNzE5NzYyNDczfQ.QMe0rHXaRi5UhzAuTs9K4w8Ut0gH68WYVjzF2IV8xes",
    "refreshToken": "7ff461b3de401d53c63431294220fd1e47ea222735cc33f0569459d4a64a272e0946f631304a085b",
    "user": {
        "email": "aqvixwyuvc@ya.ru",
        "name": "FnreTqpzOR"
    }
}
HTTP/1.1 200 OK
Date: Sun, 30 Jun 2024 15:27:53 GMT
Content-Type: application/json; charset=utf-8
Transfer-Encoding: chunked
Connection: keep-alive
X-Powered-By: Express
Access-Control-Allow-Origin: *
ETag: W/"16d-LIvNzfqz6/ofh0ObPcJ2GJSkgBc"
CF-Cache-Status: DYNAMIC
Report-To: {"endpoints":[{"url":"https:\/\/a.nel.cloudflare.com\/report\/v4?s=Xcnczn7bmV5XAFl9P%2Bzn2cb0JhhjYLzRb%2BIvrpBGLOSY18mnSJxGkKhRauRFTA2im6rT32d%2BoW4BRr6AB2q31VNNUtNDgk32RgT4%2F43JNL4N8l2wAenKLzcytfS4AFEqNKeuyANJeDOT3x70iMi8AAiua74%3D"}],"group":"cf-nel","max_age":604800}
NEL: {"success_fraction":0,"report_to":"cf-nel","max_age":604800}
Server: cloudflare
CF-RAY: 89bf2ed84eb763ad-LHR
Content-Encoding: gzip
alt-svc: h3=":443"; ma=86400

{
    "success": true,
    "accessToken": "Bearer eyJhbGciOiJIUzI1NiIsInR5cCI6IkpXVCJ9.eyJpZCI6IjY2ODE3OTc5OWVkMjgwMDAxYjQ1OTYyMiIsImlhdCI6MTcxOTc2MTI3MywiZXhwIjoxNzE5NzYyNDczfQ.QMe0rHXaRi5UhzAuTs9K4w8Ut0gH68WYVjzF2IV8xes",
    "refreshToken": "7ff461b3de401d53c63431294220fd1e47ea222735cc33f0569459d4a64a272e0946f631304a085b",
    "user": {
        "email": "aqvixwyuvc@ya.ru",
        "name": "FnreTqpzOR"
    }
}
HTTP/1.1 200 OK
Date: Sun, 30 Jun 2024 15:27:53 GMT
Content-Type: application/json; charset=utf-8
Transfer-Encoding: chunked
Connection: keep-alive
X-Powered-By: Express
Access-Control-Allow-Origin: *
ETag: W/"16d-LIvNzfqz6/ofh0ObPcJ2GJSkgBc"
CF-Cache-Status: DYNAMIC
Report-To: {"endpoints":[{"url":"https:\/\/a.nel.cloudflare.com\/report\/v4?s=Xcnczn7bmV5XAFl9P%2Bzn2cb0JhhjYLzRb%2BIvrpBGLOSY18mnSJxGkKhRauRFTA2im6rT32d%2BoW4BRr6AB2q31VNNUtNDgk32RgT4%2F43JNL4N8l2wAenKLzcytfS4AFEqNKeuyANJeDOT3x70iMi8AAiua74%3D"}],"group":"cf-nel","max_age":604800}
NEL: {"success_fraction":0,"report_to":"cf-nel","max_age":604800}
Server: cloudflare
CF-RAY: 89bf2ed84eb763ad-LHR
Content-Encoding: gzip
alt-svc: h3=":443"; ma=86400

{
    "success": true,
    "accessToken": "Bearer eyJhbGciOiJIUzI1NiIsInR5cCI6IkpXVCJ9.eyJpZCI6IjY2ODE3OTc5OWVkMjgwMDAxYjQ1OTYyMiIsImlhdCI6MTcxOTc2MTI3MywiZXhwIjoxNzE5NzYyNDczfQ.QMe0rHXaRi5UhzAuTs9K4w8Ut0gH68WYVjzF2IV8xes",
    "refreshToken": "7ff461b3de401d53c63431294220fd1e47ea222735cc33f0569459d4a64a272e0946f631304a085b",
    "user": {
        "email": "aqvixwyuvc@ya.ru",
        "name": "FnreTqpzOR"
    }
}
HTTP/1.1 200 OK
Date: Sun, 30 Jun 2024 15:27:53 GMT
Content-Type: application/json; charset=utf-8
Transfer-Encoding: chunked
Connection: keep-alive
X-Powered-By: Express
Access-Control-Allow-Origin: *
ETag: W/"16d-LIvNzfqz6/ofh0ObPcJ2GJSkgBc"
CF-Cache-Status: DYNAMIC
Report-To: {"endpoints":[{"url":"https:\/\/a.nel.cloudflare.com\/report\/v4?s=Xcnczn7bmV5XAFl9P%2Bzn2cb0JhhjYLzRb%2BIvrpBGLOSY18mnSJxGkKhRauRFTA2im6rT32d%2BoW4BRr6AB2q31VNNUtNDgk32RgT4%2F43JNL4N8l2wAenKLzcytfS4AFEqNKeuyANJeDOT3x70iMi8AAiua74%3D"}],"group":"cf-nel","max_age":604800}
NEL: {"success_fraction":0,"report_to":"cf-nel","max_age":604800}
Server: cloudflare
CF-RAY: 89bf2ed84eb763ad-LHR
Content-Encoding: gzip
alt-svc: h3=":443"; ma=86400

{
    "success": true,
    "accessToken": "Bearer eyJhbGciOiJIUzI1NiIsInR5cCI6IkpXVCJ9.eyJpZCI6IjY2ODE3OTc5OWVkMjgwMDAxYjQ1OTYyMiIsImlhdCI6MTcxOTc2MTI3MywiZXhwIjoxNzE5NzYyNDczfQ.QMe0rHXaRi5UhzAuTs9K4w8Ut0gH68WYVjzF2IV8xes",
    "refreshToken": "7ff461b3de401d53c63431294220fd1e47ea222735cc33f0569459d4a64a272e0946f631304a085b",
    "user": {
        "email": "aqvixwyuvc@ya.ru",
        "name": "FnreTqpzOR"
    }
}
HTTP/1.1 200 OK
Date: Sun, 30 Jun 2024 15:27:53 GMT
Content-Type: application/json; charset=utf-8
Transfer-Encoding: chunked
Connection: keep-alive
X-Powered-By: Express
Access-Control-Allow-Origin: *
ETag: W/"16d-LIvNzfqz6/ofh0ObPcJ2GJSkgBc"
CF-Cache-Status: DYNAMIC
Report-To: {"endpoints":[{"url":"https:\/\/a.nel.cloudflare.com\/report\/v4?s=Xcnczn7bmV5XAFl9P%2Bzn2cb0JhhjYLzRb%2BIvrpBGLOSY18mnSJxGkKhRauRFTA2im6rT32d%2BoW4BRr6AB2q31VNNUtNDgk32RgT4%2F43JNL4N8l2wAenKLzcytfS4AFEqNKeuyANJeDOT3x70iMi8AAiua74%3D"}],"group":"cf-nel","max_age":604800}
NEL: {"success_fraction":0,"report_to":"cf-nel","max_age":604800}
Server: cloudflare
CF-RAY: 89bf2ed84eb763ad-LHR
Content-Encoding: gzip
alt-svc: h3=":443"; ma=86400

{
    "success": true,
    "accessToken": "Bearer eyJhbGciOiJIUzI1NiIsInR5cCI6IkpXVCJ9.eyJpZCI6IjY2ODE3OTc5OWVkMjgwMDAxYjQ1OTYyMiIsImlhdCI6MTcxOTc2MTI3MywiZXhwIjoxNzE5NzYyNDczfQ.QMe0rHXaRi5UhzAuTs9K4w8Ut0gH68WYVjzF2IV8xes",
    "refreshToken": "7ff461b3de401d53c63431294220fd1e47ea222735cc33f0569459d4a64a272e0946f631304a085b",
    "user": {
        "email": "aqvixwyuvc@ya.ru",
        "name": "FnreTqpzOR"
    }
}
HTTP/1.1 200 OK
Date: Sun, 30 Jun 2024 15:27:53 GMT
Content-Type: application/json; charset=utf-8
Transfer-Encoding: chunked
Connection: keep-alive
X-Powered-By: Express
Access-Control-Allow-Origin: *
ETag: W/"16d-LIvNzfqz6/ofh0ObPcJ2GJSkgBc"
CF-Cache-Status: DYNAMIC
Report-To: {"endpoints":[{"url":"https:\/\/a.nel.cloudflare.com\/report\/v4?s=Xcnczn7bmV5XAFl9P%2Bzn2cb0JhhjYLzRb%2BIvrpBGLOSY18mnSJxGkKhRauRFTA2im6rT32d%2BoW4BRr6AB2q31VNNUtNDgk32RgT4%2F43JNL4N8l2wAenKLzcytfS4AFEqNKeuyANJeDOT3x70iMi8AAiua74%3D"}],"group":"cf-nel","max_age":604800}
NEL: {"success_fraction":0,"report_to":"cf-nel","max_age":604800}
Server: cloudflare
CF-RAY: 89bf2ed84eb763ad-LHR
Content-Encoding: gzip
alt-svc: h3=":443"; ma=86400

{
    "success": true,
    "accessToken": "Bearer eyJhbGciOiJIUzI1NiIsInR5cCI6IkpXVCJ9.eyJpZCI6IjY2ODE3OTc5OWVkMjgwMDAxYjQ1OTYyMiIsImlhdCI6MTcxOTc2MTI3MywiZXhwIjoxNzE5NzYyNDczfQ.QMe0rHXaRi5UhzAuTs9K4w8Ut0gH68WYVjzF2IV8xes",
    "refreshToken": "7ff461b3de401d53c63431294220fd1e47ea222735cc33f0569459d4a64a272e0946f631304a085b",
    "user": {
        "email": "aqvixwyuvc@ya.ru",
        "name": "FnreTqpzOR"
    }
}
HTTP/1.1 200 OK
Date: Sun, 30 Jun 2024 15:27:53 GMT
Content-Type: application/json; charset=utf-8
Transfer-Encoding: chunked
Connection: keep-alive
X-Powered-By: Express
Access-Control-Allow-Origin: *
ETag: W/"16d-LIvNzfqz6/ofh0ObPcJ2GJSkgBc"
CF-Cache-Status: DYNAMIC
Report-To: {"endpoints":[{"url":"https:\/\/a.nel.cloudflare.com\/report\/v4?s=Xcnczn7bmV5XAFl9P%2Bzn2cb0JhhjYLzRb%2BIvrpBGLOSY18mnSJxGkKhRauRFTA2im6rT32d%2BoW4BRr6AB2q31VNNUtNDgk32RgT4%2F43JNL4N8l2wAenKLzcytfS4AFEqNKeuyANJeDOT3x70iMi8AAiua74%3D"}],"group":"cf-nel","max_age":604800}
NEL: {"success_fraction":0,"report_to":"cf-nel","max_age":604800}
Server: cloudflare
CF-RAY: 89bf2ed84eb763ad-LHR
Content-Encoding: gzip
alt-svc: h3=":443"; ma=86400

{
    "success": true,
    "accessToken": "Bearer eyJhbGciOiJIUzI1NiIsInR5cCI6IkpXVCJ9.eyJpZCI6IjY2ODE3OTc5OWVkMjgwMDAxYjQ1OTYyMiIsImlhdCI6MTcxOTc2MTI3MywiZXhwIjoxNzE5NzYyNDczfQ.QMe0rHXaRi5UhzAuTs9K4w8Ut0gH68WYVjzF2IV8xes",
    "refreshToken": "7ff461b3de401d53c63431294220fd1e47ea222735cc33f0569459d4a64a272e0946f631304a085b",
    "user": {
        "email": "aqvixwyuvc@ya.ru",
        "name": "FnreTqpzOR"
    }
}
HTTP/1.1 200 OK
Date: Sun, 30 Jun 2024 15:27:53 GMT
Content-Type: application/json; charset=utf-8
Transfer-Encoding: chunked
Connection: keep-alive
X-Powered-By: Express
Access-Control-Allow-Origin: *
ETag: W/"16d-LIvNzfqz6/ofh0ObPcJ2GJSkgBc"
CF-Cache-Status: DYNAMIC
Report-To: {"endpoints":[{"url":"https:\/\/a.nel.cloudflare.com\/report\/v4?s=Xcnczn7bmV5XAFl9P%2Bzn2cb0JhhjYLzRb%2BIvrpBGLOSY18mnSJxGkKhRauRFTA2im6rT32d%2BoW4BRr6AB2q31VNNUtNDgk32RgT4%2F43JNL4N8l2wAenKLzcytfS4AFEqNKeuyANJeDOT3x70iMi8AAiua74%3D"}],"group":"cf-nel","max_age":604800}
NEL: {"success_fraction":0,"report_to":"cf-nel","max_age":604800}
Server: cloudflare
CF-RAY: 89bf2ed84eb763ad-LHR
Content-Encoding: gzip
alt-svc: h3=":443"; ma=86400

{
    "success": true,
    "accessToken": "Bearer eyJhbGciOiJIUzI1NiIsInR5cCI6IkpXVCJ9.eyJpZCI6IjY2ODE3OTc5OWVkMjgwMDAxYjQ1OTYyMiIsImlhdCI6MTcxOTc2MTI3MywiZXhwIjoxNzE5NzYyNDczfQ.QMe0rHXaRi5UhzAuTs9K4w8Ut0gH68WYVjzF2IV8xes",
    "refreshToken": "7ff461b3de401d53c63431294220fd1e47ea222735cc33f0569459d4a64a272e0946f631304a085b",
    "user": {
        "email": "aqvixwyuvc@ya.ru",
        "name": "FnreTqpzOR"
    }
}
HTTP/1.1 200 OK
Date: Sun, 30 Jun 2024 15:27:53 GMT
Content-Type: application/json; charset=utf-8
Transfer-Encoding: chunked
Connection: keep-alive
X-Powered-By: Express
Access-Control-Allow-Origin: *
ETag: W/"16d-LIvNzfqz6/ofh0ObPcJ2GJSkgBc"
CF-Cache-Status: DYNAMIC
Report-To: {"endpoints":[{"url":"https:\/\/a.nel.cloudflare.com\/report\/v4?s=Xcnczn7bmV5XAFl9P%2Bzn2cb0JhhjYLzRb%2BIvrpBGLOSY18mnSJxGkKhRauRFTA2im6rT32d%2BoW4BRr6AB2q31VNNUtNDgk32RgT4%2F43JNL4N8l2wAenKLzcytfS4AFEqNKeuyANJeDOT3x70iMi8AAiua74%3D"}],"group":"cf-nel","max_age":604800}
NEL: {"success_fraction":0,"report_to":"cf-nel","max_age":604800}
Server: cloudflare
CF-RAY: 89bf2ed84eb763ad-LHR
Content-Encoding: gzip
alt-svc: h3=":443"; ma=86400

{
    "success": true,
    "accessToken": "Bearer eyJhbGciOiJIUzI1NiIsInR5cCI6IkpXVCJ9.eyJpZCI6IjY2ODE3OTc5OWVkMjgwMDAxYjQ1OTYyMiIsImlhdCI6MTcxOTc2MTI3MywiZXhwIjoxNzE5NzYyNDczfQ.QMe0rHXaRi5UhzAuTs9K4w8Ut0gH68WYVjzF2IV8xes",
    "refreshToken": "7ff461b3de401d53c63431294220fd1e47ea222735cc33f0569459d4a64a272e0946f631304a085b",
    "user": {
        "email": "aqvixwyuvc@ya.ru",
        "name": "FnreTqpzOR"
    }
}
HTTP/1.1 200 OK
Date: Sun, 30 Jun 2024 15:27:53 GMT
Content-Type: application/json; charset=utf-8
Transfer-Encoding: chunked
Connection: keep-alive
X-Powered-By: Express
Access-Control-Allow-Origin: *
ETag: W/"16d-LIvNzfqz6/ofh0ObPcJ2GJSkgBc"
CF-Cache-Status: DYNAMIC
Report-To: {"endpoints":[{"url":"https:\/\/a.nel.cloudflare.com\/report\/v4?s=Xcnczn7bmV5XAFl9P%2Bzn2cb0JhhjYLzRb%2BIvrpBGLOSY18mnSJxGkKhRauRFTA2im6rT32d%2BoW4BRr6AB2q31VNNUtNDgk32RgT4%2F43JNL4N8l2wAenKLzcytfS4AFEqNKeuyANJeDOT3x70iMi8AAiua74%3D"}],"group":"cf-nel","max_age":604800}
NEL: {"success_fraction":0,"report_to":"cf-nel","max_age":604800}
Server: cloudflare
CF-RAY: 89bf2ed84eb763ad-LHR
Content-Encoding: gzip
alt-svc: h3=":443"; ma=86400

{
    "success": true,
    "accessToken": "Bearer eyJhbGciOiJIUzI1NiIsInR5cCI6IkpXVCJ9.eyJpZCI6IjY2ODE3OTc5OWVkMjgwMDAxYjQ1OTYyMiIsImlhdCI6MTcxOTc2MTI3MywiZXhwIjoxNzE5NzYyNDczfQ.QMe0rHXaRi5UhzAuTs9K4w8Ut0gH68WYVjzF2IV8xes",
    "refreshToken": "7ff461b3de401d53c63431294220fd1e47ea222735cc33f0569459d4a64a272e0946f631304a085b",
    "user": {
        "email": "aqvixwyuvc@ya.ru",
        "name": "FnreTqpzOR"
    }
}
HTTP/1.1 200 OK
Date: Sun, 30 Jun 2024 15:27:53 GMT
Content-Type: application/json; charset=utf-8
Transfer-Encoding: chunked
Connection: keep-alive
X-Powered-By: Express
Access-Control-Allow-Origin: *
ETag: W/"16d-LIvNzfqz6/ofh0ObPcJ2GJSkgBc"
CF-Cache-Status: DYNAMIC
Report-To: {"endpoints":[{"url":"https:\/\/a.nel.cloudflare.com\/report\/v4?s=Xcnczn7bmV5XAFl9P%2Bzn2cb0JhhjYLzRb%2BIvrpBGLOSY18mnSJxGkKhRauRFTA2im6rT32d%2BoW4BRr6AB2q31VNNUtNDgk32RgT4%2F43JNL4N8l2wAenKLzcytfS4AFEqNKeuyANJeDOT3x70iMi8AAiua74%3D"}],"group":"cf-nel","max_age":604800}
NEL: {"success_fraction":0,"report_to":"cf-nel","max_age":604800}
Server: cloudflare
CF-RAY: 89bf2ed84eb763ad-LHR
Content-Encoding: gzip
alt-svc: h3=":443"; ma=86400

{
    "success": true,
    "accessToken": "Bearer eyJhbGciOiJIUzI1NiIsInR5cCI6IkpXVCJ9.eyJpZCI6IjY2ODE3OTc5OWVkMjgwMDAxYjQ1OTYyMiIsImlhdCI6MTcxOTc2MTI3MywiZXhwIjoxNzE5NzYyNDczfQ.QMe0rHXaRi5UhzAuTs9K4w8Ut0gH68WYVjzF2IV8xes",
    "refreshToken": "7ff461b3de401d53c63431294220fd1e47ea222735cc33f0569459d4a64a272e0946f631304a085b",
    "user": {
        "email": "aqvixwyuvc@ya.ru",
        "name": "FnreTqpzOR"
    }
}
HTTP/1.1 200 OK
Date: Sun, 30 Jun 2024 15:27:53 GMT
Content-Type: application/json; charset=utf-8
Transfer-Encoding: chunked
Connection: keep-alive
X-Powered-By: Express
Access-Control-Allow-Origin: *
ETag: W/"16d-LIvNzfqz6/ofh0ObPcJ2GJSkgBc"
CF-Cache-Status: DYNAMIC
Report-To: {"endpoints":[{"url":"https:\/\/a.nel.cloudflare.com\/report\/v4?s=Xcnczn7bmV5XAFl9P%2Bzn2cb0JhhjYLzRb%2BIvrpBGLOSY18mnSJxGkKhRauRFTA2im6rT32d%2BoW4BRr6AB2q31VNNUtNDgk32RgT4%2F43JNL4N8l2wAenKLzcytfS4AFEqNKeuyANJeDOT3x70iMi8AAiua74%3D"}],"group":"cf-nel","max_age":604800}
NEL: {"success_fraction":0,"report_to":"cf-nel","max_age":604800}
Server: cloudflare
CF-RAY: 89bf2ed84eb763ad-LHR
Content-Encoding: gzip
alt-svc: h3=":443"; ma=86400

{
    "success": true,
    "accessToken": "Bearer eyJhbGciOiJIUzI1NiIsInR5cCI6IkpXVCJ9.eyJpZCI6IjY2ODE3OTc5OWVkMjgwMDAxYjQ1OTYyMiIsImlhdCI6MTcxOTc2MTI3MywiZXhwIjoxNzE5NzYyNDczfQ.QMe0rHXaRi5UhzAuTs9K4w8Ut0gH68WYVjzF2IV8xes",
    "refreshToken": "7ff461b3de401d53c63431294220fd1e47ea222735cc33f0569459d4a64a272e0946f631304a085b",
    "user": {
        "email": "aqvixwyuvc@ya.ru",
        "name": "FnreTqpzOR"
    }
}
HTTP/1.1 200 OK
Date: Sun, 30 Jun 2024 15:27:53 GMT
Content-Type: application/json; charset=utf-8
Transfer-Encoding: chunked
Connection: keep-alive
X-Powered-By: Express
Access-Control-Allow-Origin: *
ETag: W/"16d-LIvNzfqz6/ofh0ObPcJ2GJSkgBc"
CF-Cache-Status: DYNAMIC
Report-To: {"endpoints":[{"url":"https:\/\/a.nel.cloudflare.com\/report\/v4?s=Xcnczn7bmV5XAFl9P%2Bzn2cb0JhhjYLzRb%2BIvrpBGLOSY18mnSJxGkKhRauRFTA2im6rT32d%2BoW4BRr6AB2q31VNNUtNDgk32RgT4%2F43JNL4N8l2wAenKLzcytfS4AFEqNKeuyANJeDOT3x70iMi8AAiua74%3D"}],"group":"cf-nel","max_age":604800}
NEL: {"success_fraction":0,"report_to":"cf-nel","max_age":604800}
Server: cloudflare
CF-RAY: 89bf2ed84eb763ad-LHR
Content-Encoding: gzip
alt-svc: h3=":443"; ma=86400

{
    "success": true,
    "accessToken": "Bearer eyJhbGciOiJIUzI1NiIsInR5cCI6IkpXVCJ9.eyJpZCI6IjY2ODE3OTc5OWVkMjgwMDAxYjQ1OTYyMiIsImlhdCI6MTcxOTc2MTI3MywiZXhwIjoxNzE5NzYyNDczfQ.QMe0rHXaRi5UhzAuTs9K4w8Ut0gH68WYVjzF2IV8xes",
    "refreshToken": "7ff461b3de401d53c63431294220fd1e47ea222735cc33f0569459d4a64a272e0946f631304a085b",
    "user": {
        "email": "aqvixwyuvc@ya.ru",
        "name": "FnreTqpzOR"
    }
}
HTTP/1.1 200 OK
Date: Sun, 30 Jun 2024 15:27:53 GMT
Content-Type: application/json; charset=utf-8
Transfer-Encoding: chunked
Connection: keep-alive
X-Powered-By: Express
Access-Control-Allow-Origin: *
ETag: W/"16d-LIvNzfqz6/ofh0ObPcJ2GJSkgBc"
CF-Cache-Status: DYNAMIC
Report-To: {"endpoints":[{"url":"https:\/\/a.nel.cloudflare.com\/report\/v4?s=Xcnczn7bmV5XAFl9P%2Bzn2cb0JhhjYLzRb%2BIvrpBGLOSY18mnSJxGkKhRauRFTA2im6rT32d%2BoW4BRr6AB2q31VNNUtNDgk32RgT4%2F43JNL4N8l2wAenKLzcytfS4AFEqNKeuyANJeDOT3x70iMi8AAiua74%3D"}],"group":"cf-nel","max_age":604800}
NEL: {"success_fraction":0,"report_to":"cf-nel","max_age":604800}
Server: cloudflare
CF-RAY: 89bf2ed84eb763ad-LHR
Content-Encoding: gzip
alt-svc: h3=":443"; ma=86400

{
    "success": true,
    "accessToken": "Bearer eyJhbGciOiJIUzI1NiIsInR5cCI6IkpXVCJ9.eyJpZCI6IjY2ODE3OTc5OWVkMjgwMDAxYjQ1OTYyMiIsImlhdCI6MTcxOTc2MTI3MywiZXhwIjoxNzE5NzYyNDczfQ.QMe0rHXaRi5UhzAuTs9K4w8Ut0gH68WYVjzF2IV8xes",
    "refreshToken": "7ff461b3de401d53c63431294220fd1e47ea222735cc33f0569459d4a64a272e0946f631304a085b",
    "user": {
        "email": "aqvixwyuvc@ya.ru",
        "name": "FnreTqpzOR"
    }
}
HTTP/1.1 200 OK
Date: Sun, 30 Jun 2024 15:27:53 GMT
Content-Type: application/json; charset=utf-8
Transfer-Encoding: chunked
Connection: keep-alive
X-Powered-By: Express
Access-Control-Allow-Origin: *
ETag: W/"16d-LIvNzfqz6/ofh0ObPcJ2GJSkgBc"
CF-Cache-Status: DYNAMIC
Report-To: {"endpoints":[{"url":"https:\/\/a.nel.cloudflare.com\/report\/v4?s=Xcnczn7bmV5XAFl9P%2Bzn2cb0JhhjYLzRb%2BIvrpBGLOSY18mnSJxGkKhRauRFTA2im6rT32d%2BoW4BRr6AB2q31VNNUtNDgk32RgT4%2F43JNL4N8l2wAenKLzcytfS4AFEqNKeuyANJeDOT3x70iMi8AAiua74%3D"}],"group":"cf-nel","max_age":604800}
NEL: {"success_fraction":0,"report_to":"cf-nel","max_age":604800}
Server: cloudflare
CF-RAY: 89bf2ed84eb763ad-LHR
Content-Encoding: gzip
alt-svc: h3=":443"; ma=86400

{
    "success": true,
    "accessToken": "Bearer eyJhbGciOiJIUzI1NiIsInR5cCI6IkpXVCJ9.eyJpZCI6IjY2ODE3OTc5OWVkMjgwMDAxYjQ1OTYyMiIsImlhdCI6MTcxOTc2MTI3MywiZXhwIjoxNzE5NzYyNDczfQ.QMe0rHXaRi5UhzAuTs9K4w8Ut0gH68WYVjzF2IV8xes",
    "refreshToken": "7ff461b3de401d53c63431294220fd1e47ea222735cc33f0569459d4a64a272e0946f631304a085b",
    "user": {
        "email": "aqvixwyuvc@ya.ru",
        "name": "FnreTqpzOR"
    }
}
HTTP/1.1 200 OK
Date: Sun, 30 Jun 2024 15:27:53 GMT
Content-Type: application/json; charset=utf-8
Transfer-Encoding: chunked
Connection: keep-alive
X-Powered-By: Express
Access-Control-Allow-Origin: *
ETag: W/"16d-LIvNzfqz6/ofh0ObPcJ2GJSkgBc"
CF-Cache-Status: DYNAMIC
Report-To: {"endpoints":[{"url":"https:\/\/a.nel.cloudflare.com\/report\/v4?s=Xcnczn7bmV5XAFl9P%2Bzn2cb0JhhjYLzRb%2BIvrpBGLOSY18mnSJxGkKhRauRFTA2im6rT32d%2BoW4BRr6AB2q31VNNUtNDgk32RgT4%2F43JNL4N8l2wAenKLzcytfS4AFEqNKeuyANJeDOT3x70iMi8AAiua74%3D"}],"group":"cf-nel","max_age":604800}
NEL: {"success_fraction":0,"report_to":"cf-nel","max_age":604800}
Server: cloudflare
CF-RAY: 89bf2ed84eb763ad-LHR
Content-Encoding: gzip
alt-svc: h3=":443"; ma=86400

{
    "success": true,
    "accessToken": "Bearer eyJhbGciOiJIUzI1NiIsInR5cCI6IkpXVCJ9.eyJpZCI6IjY2ODE3OTc5OWVkMjgwMDAxYjQ1OTYyMiIsImlhdCI6MTcxOTc2MTI3MywiZXhwIjoxNzE5NzYyNDczfQ.QMe0rHXaRi5UhzAuTs9K4w8Ut0gH68WYVjzF2IV8xes",
    "refreshToken": "7ff461b3de401d53c63431294220fd1e47ea222735cc33f0569459d4a64a272e0946f631304a085b",
    "user": {
        "email": "aqvixwyuvc@ya.ru",
        "name": "FnreTqpzOR"
    }
}
HTTP/1.1 200 OK
Date: Sun, 30 Jun 2024 15:27:53 GMT
Content-Type: application/json; charset=utf-8
Transfer-Encoding: chunked
Connection: keep-alive
X-Powered-By: Express
Access-Control-Allow-Origin: *
ETag: W/"16d-LIvNzfqz6/ofh0ObPcJ2GJSkgBc"
CF-Cache-Status: DYNAMIC
Report-To: {"endpoints":[{"url":"https:\/\/a.nel.cloudflare.com\/report\/v4?s=Xcnczn7bmV5XAFl9P%2Bzn2cb0JhhjYLzRb%2BIvrpBGLOSY18mnSJxGkKhRauRFTA2im6rT32d%2BoW4BRr6AB2q31VNNUtNDgk32RgT4%2F43JNL4N8l2wAenKLzcytfS4AFEqNKeuyANJeDOT3x70iMi8AAiua74%3D"}],"group":"cf-nel","max_age":604800}
NEL: {"success_fraction":0,"report_to":"cf-nel","max_age":604800}
Server: cloudflare
CF-RAY: 89bf2ed84eb763ad-LHR
Content-Encoding: gzip
alt-svc: h3=":443"; ma=86400

{
    "success": true,
    "accessToken": "Bearer eyJhbGciOiJIUzI1NiIsInR5cCI6IkpXVCJ9.eyJpZCI6IjY2ODE3OTc5OWVkMjgwMDAxYjQ1OTYyMiIsImlhdCI6MTcxOTc2MTI3MywiZXhwIjoxNzE5NzYyNDczfQ.QMe0rHXaRi5UhzAuTs9K4w8Ut0gH68WYVjzF2IV8xes",
    "refreshToken": "7ff461b3de401d53c63431294220fd1e47ea222735cc33f0569459d4a64a272e0946f631304a085b",
    "user": {
        "email": "aqvixwyuvc@ya.ru",
        "name": "FnreTqpzOR"
    }
}
HTTP/1.1 200 OK
Date: Sun, 30 Jun 2024 15:27:53 GMT
Content-Type: application/json; charset=utf-8
Transfer-Encoding: chunked
Connection: keep-alive
X-Powered-By: Express
Access-Control-Allow-Origin: *
ETag: W/"16d-LIvNzfqz6/ofh0ObPcJ2GJSkgBc"
CF-Cache-Status: DYNAMIC
Report-To: {"endpoints":[{"url":"https:\/\/a.nel.cloudflare.com\/report\/v4?s=Xcnczn7bmV5XAFl9P%2Bzn2cb0JhhjYLzRb%2BIvrpBGLOSY18mnSJxGkKhRauRFTA2im6rT32d%2BoW4BRr6AB2q31VNNUtNDgk32RgT4%2F43JNL4N8l2wAenKLzcytfS4AFEqNKeuyANJeDOT3x70iMi8AAiua74%3D"}],"group":"cf-nel","max_age":604800}
NEL: {"success_fraction":0,"report_to":"cf-nel","max_age":604800}
Server: cloudflare
CF-RAY: 89bf2ed84eb763ad-LHR
Content-Encoding: gzip
alt-svc: h3=":443"; ma=86400

{
    "success": true,
    "accessToken": "Bearer eyJhbGciOiJIUzI1NiIsInR5cCI6IkpXVCJ9.eyJpZCI6IjY2ODE3OTc5OWVkMjgwMDAxYjQ1OTYyMiIsImlhdCI6MTcxOTc2MTI3MywiZXhwIjoxNzE5NzYyNDczfQ.QMe0rHXaRi5UhzAuTs9K4w8Ut0gH68WYVjzF2IV8xes",
    "refreshToken": "7ff461b3de401d53c63431294220fd1e47ea222735cc33f0569459d4a64a272e0946f631304a085b",
    "user": {
        "email": "aqvixwyuvc@ya.ru",
        "name": "FnreTqpzOR"
    }
}
HTTP/1.1 200 OK
Date: Sun, 30 Jun 2024 15:27:53 GMT
Content-Type: application/json; charset=utf-8
Transfer-Encoding: chunked
Connection: keep-alive
X-Powered-By: Express
Access-Control-Allow-Origin: *
ETag: W/"16d-LIvNzfqz6/ofh0ObPcJ2GJSkgBc"
CF-Cache-Status: DYNAMIC
Report-To: {"endpoints":[{"url":"https:\/\/a.nel.cloudflare.com\/report\/v4?s=Xcnczn7bmV5XAFl9P%2Bzn2cb0JhhjYLzRb%2BIvrpBGLOSY18mnSJxGkKhRauRFTA2im6rT32d%2BoW4BRr6AB2q31VNNUtNDgk32RgT4%2F43JNL4N8l2wAenKLzcytfS4AFEqNKeuyANJeDOT3x70iMi8AAiua74%3D"}],"group":"cf-nel","max_age":604800}
NEL: {"success_fraction":0,"report_to":"cf-nel","max_age":604800}
Server: cloudflare
CF-RAY: 89bf2ed84eb763ad-LHR
Content-Encoding: gzip
alt-svc: h3=":443"; ma=86400

{
    "success": true,
    "accessToken": "Bearer eyJhbGciOiJIUzI1NiIsInR5cCI6IkpXVCJ9.eyJpZCI6IjY2ODE3OTc5OWVkMjgwMDAxYjQ1OTYyMiIsImlhdCI6MTcxOTc2MTI3MywiZXhwIjoxNzE5NzYyNDczfQ.QMe0rHXaRi5UhzAuTs9K4w8Ut0gH68WYVjzF2IV8xes",
    "refreshToken": "7ff461b3de401d53c63431294220fd1e47ea222735cc33f0569459d4a64a272e0946f631304a085b",
    "user": {
        "email": "aqvixwyuvc@ya.ru",
        "name": "FnreTqpzOR"
    }
}
HTTP/1.1 200 OK
Date: Sun, 30 Jun 2024 15:27:53 GMT
Content-Type: application/json; charset=utf-8
Transfer-Encoding: chunked
Connection: keep-alive
X-Powered-By: Express
Access-Control-Allow-Origin: *
ETag: W/"16d-LIvNzfqz6/ofh0ObPcJ2GJSkgBc"
CF-Cache-Status: DYNAMIC
Report-To: {"endpoints":[{"url":"https:\/\/a.nel.cloudflare.com\/report\/v4?s=Xcnczn7bmV5XAFl9P%2Bzn2cb0JhhjYLzRb%2BIvrpBGLOSY18mnSJxGkKhRauRFTA2im6rT32d%2BoW4BRr6AB2q31VNNUtNDgk32RgT4%2F43JNL4N8l2wAenKLzcytfS4AFEqNKeuyANJeDOT3x70iMi8AAiua74%3D"}],"group":"cf-nel","max_age":604800}
NEL: {"success_fraction":0,"report_to":"cf-nel","max_age":604800}
Server: cloudflare
CF-RAY: 89bf2ed84eb763ad-LHR
Content-Encoding: gzip
alt-svc: h3=":443"; ma=86400

{
    "success": true,
    "accessToken": "Bearer eyJhbGciOiJIUzI1NiIsInR5cCI6IkpXVCJ9.eyJpZCI6IjY2ODE3OTc5OWVkMjgwMDAxYjQ1OTYyMiIsImlhdCI6MTcxOTc2MTI3MywiZXhwIjoxNzE5NzYyNDczfQ.QMe0rHXaRi5UhzAuTs9K4w8Ut0gH68WYVjzF2IV8xes",
    "refreshToken": "7ff461b3de401d53c63431294220fd1e47ea222735cc33f0569459d4a64a272e0946f631304a085b",
    "user": {
        "email": "aqvixwyuvc@ya.ru",
        "name": "FnreTqpzOR"
    }
}
HTTP/1.1 200 OK
Date: Sun, 30 Jun 2024 15:27:53 GMT
Content-Type: application/json; charset=utf-8
Transfer-Encoding: chunked
Connection: keep-alive
X-Powered-By: Express
Access-Control-Allow-Origin: *
ETag: W/"16d-LIvNzfqz6/ofh0ObPcJ2GJSkgBc"
CF-Cache-Status: DYNAMIC
Report-To: {"endpoints":[{"url":"https:\/\/a.nel.cloudflare.com\/report\/v4?s=Xcnczn7bmV5XAFl9P%2Bzn2cb0JhhjYLzRb%2BIvrpBGLOSY18mnSJxGkKhRauRFTA2im6rT32d%2BoW4BRr6AB2q31VNNUtNDgk32RgT4%2F43JNL4N8l2wAenKLzcytfS4AFEqNKeuyANJeDOT3x70iMi8AAiua74%3D"}],"group":"cf-nel","max_age":604800}
NEL: {"success_fraction":0,"report_to":"cf-nel","max_age":604800}
Server: cloudflare
CF-RAY: 89bf2ed84eb763ad-LHR
Content-Encoding: gzip
alt-svc: h3=":443"; ma=86400

{
    "success": true,
    "accessToken": "Bearer eyJhbGciOiJIUzI1NiIsInR5cCI6IkpXVCJ9.eyJpZCI6IjY2ODE3OTc5OWVkMjgwMDAxYjQ1OTYyMiIsImlhdCI6MTcxOTc2MTI3MywiZXhwIjoxNzE5NzYyNDczfQ.QMe0rHXaRi5UhzAuTs9K4w8Ut0gH68WYVjzF2IV8xes",
    "refreshToken": "7ff461b3de401d53c63431294220fd1e47ea222735cc33f0569459d4a64a272e0946f631304a085b",
    "user": {
        "email": "aqvixwyuvc@ya.ru",
        "name": "FnreTqpzOR"
    }
}
HTTP/1.1 200 OK
Date: Sun, 30 Jun 2024 15:27:53 GMT
Content-Type: application/json; charset=utf-8
Transfer-Encoding: chunked
Connection: keep-alive
X-Powered-By: Express
Access-Control-Allow-Origin: *
ETag: W/"16d-LIvNzfqz6/ofh0ObPcJ2GJSkgBc"
CF-Cache-Status: DYNAMIC
Report-To: {"endpoints":[{"url":"https:\/\/a.nel.cloudflare.com\/report\/v4?s=Xcnczn7bmV5XAFl9P%2Bzn2cb0JhhjYLzRb%2BIvrpBGLOSY18mnSJxGkKhRauRFTA2im6rT32d%2BoW4BRr6AB2q31VNNUtNDgk32RgT4%2F43JNL4N8l2wAenKLzcytfS4AFEqNKeuyANJeDOT3x70iMi8AAiua74%3D"}],"group":"cf-nel","max_age":604800}
NEL: {"success_fraction":0,"report_to":"cf-nel","max_age":604800}
Server: cloudflare
CF-RAY: 89bf2ed84eb763ad-LHR
Content-Encoding: gzip
alt-svc: h3=":443"; ma=86400

{
    "success": true,
    "accessToken": "Bearer eyJhbGciOiJIUzI1NiIsInR5cCI6IkpXVCJ9.eyJpZCI6IjY2ODE3OTc5OWVkMjgwMDAxYjQ1OTYyMiIsImlhdCI6MTcxOTc2MTI3MywiZXhwIjoxNzE5NzYyNDczfQ.QMe0rHXaRi5UhzAuTs9K4w8Ut0gH68WYVjzF2IV8xes",
    "refreshToken": "7ff461b3de401d53c63431294220fd1e47ea222735cc33f0569459d4a64a272e0946f631304a085b",
    "user": {
        "email": "aqvixwyuvc@ya.ru",
        "name": "FnreTqpzOR"
    }
}
HTTP/1.1 200 OK
Date: Sun, 30 Jun 2024 15:27:53 GMT
Content-Type: application/json; charset=utf-8
Transfer-Encoding: chunked
Connection: keep-alive
X-Powered-By: Express
Access-Control-Allow-Origin: *
ETag: W/"16d-LIvNzfqz6/ofh0ObPcJ2GJSkgBc"
CF-Cache-Status: DYNAMIC
Report-To: {"endpoints":[{"url":"https:\/\/a.nel.cloudflare.com\/report\/v4?s=Xcnczn7bmV5XAFl9P%2Bzn2cb0JhhjYLzRb%2BIvrpBGLOSY18mnSJxGkKhRauRFTA2im6rT32d%2BoW4BRr6AB2q31VNNUtNDgk32RgT4%2F43JNL4N8l2wAenKLzcytfS4AFEqNKeuyANJeDOT3x70iMi8AAiua74%3D"}],"group":"cf-nel","max_age":604800}
NEL: {"success_fraction":0,"report_to":"cf-nel","max_age":604800}
Server: cloudflare
CF-RAY: 89bf2ed84eb763ad-LHR
Content-Encoding: gzip
alt-svc: h3=":443"; ma=86400

{
    "success": true,
    "accessToken": "Bearer eyJhbGciOiJIUzI1NiIsInR5cCI6IkpXVCJ9.eyJpZCI6IjY2ODE3OTc5OWVkMjgwMDAxYjQ1OTYyMiIsImlhdCI6MTcxOTc2MTI3MywiZXhwIjoxNzE5NzYyNDczfQ.QMe0rHXaRi5UhzAuTs9K4w8Ut0gH68WYVjzF2IV8xes",
    "refreshToken": "7ff461b3de401d53c63431294220fd1e47ea222735cc33f0569459d4a64a272e0946f631304a085b",
    "user": {
        "email": "aqvixwyuvc@ya.ru",
        "name": "FnreTqpzOR"
    }
}
Request method:	PATCH
Request URI:	https://stellarburgers.nomoreparties.site/api/auth/user
Proxy:			<none>
Request params:	<none>
Query params:	<none>
Form params:	<none>
Path params:	<none>
Headers:		authorization=Bearer eyJhbGciOiJIUzI1NiIsInR5cCI6IkpXVCJ9.eyJpZCI6IjY2ODE3OTc5OWVkMjgwMDAxYjQ1OTYyMiIsImlhdCI6MTcxOTc2MTI3MywiZXhwIjoxNzE5NzYyNDczfQ.QMe0rHXaRi5UhzAuTs9K4w8Ut0gH68WYVjzF2IV8xes
				Accept=*/*
				Content-Type=application/json
Cookies:		<none>
Multiparts:		<none>
Body:
{
    "email": "AQviXwYuVC@ya.ru",
    "password": "ihPCXJTMpe",
    "name": "newFnreTqpzOR"
}
Request method:	PATCH
Request URI:	https://stellarburgers.nomoreparties.site/api/auth/user
Proxy:			<none>
Request params:	<none>
Query params:	<none>
Form params:	<none>
Path params:	<none>
Headers:		authorization=Bearer eyJhbGciOiJIUzI1NiIsInR5cCI6IkpXVCJ9.eyJpZCI6IjY2ODE3OTc5OWVkMjgwMDAxYjQ1OTYyMiIsImlhdCI6MTcxOTc2MTI3MywiZXhwIjoxNzE5NzYyNDczfQ.QMe0rHXaRi5UhzAuTs9K4w8Ut0gH68WYVjzF2IV8xes
				Accept=*/*
				Content-Type=application/json
Cookies:		<none>
Multiparts:		<none>
Body:
{
    "email": "AQviXwYuVC@ya.ru",
    "password": "ihPCXJTMpe",
    "name": "newFnreTqpzOR"
}
Request method:	PATCH
Request URI:	https://stellarburgers.nomoreparties.site/api/auth/user
Proxy:			<none>
Request params:	<none>
Query params:	<none>
Form params:	<none>
Path params:	<none>
Headers:		authorization=Bearer eyJhbGciOiJIUzI1NiIsInR5cCI6IkpXVCJ9.eyJpZCI6IjY2ODE3OTc5OWVkMjgwMDAxYjQ1OTYyMiIsImlhdCI6MTcxOTc2MTI3MywiZXhwIjoxNzE5NzYyNDczfQ.QMe0rHXaRi5UhzAuTs9K4w8Ut0gH68WYVjzF2IV8xes
				Accept=*/*
				Content-Type=application/json
Cookies:		<none>
Multiparts:		<none>
Body:
{
    "email": "AQviXwYuVC@ya.ru",
    "password": "ihPCXJTMpe",
    "name": "newFnreTqpzOR"
}
Request method:	PATCH
Request URI:	https://stellarburgers.nomoreparties.site/api/auth/user
Proxy:			<none>
Request params:	<none>
Query params:	<none>
Form params:	<none>
Path params:	<none>
Headers:		authorization=Bearer eyJhbGciOiJIUzI1NiIsInR5cCI6IkpXVCJ9.eyJpZCI6IjY2ODE3OTc5OWVkMjgwMDAxYjQ1OTYyMiIsImlhdCI6MTcxOTc2MTI3MywiZXhwIjoxNzE5NzYyNDczfQ.QMe0rHXaRi5UhzAuTs9K4w8Ut0gH68WYVjzF2IV8xes
				Accept=*/*
				Content-Type=application/json
Cookies:		<none>
Multiparts:		<none>
Body:
{
    "email": "AQviXwYuVC@ya.ru",
    "password": "ihPCXJTMpe",
    "name": "newFnreTqpzOR"
}
Request method:	PATCH
Request URI:	https://stellarburgers.nomoreparties.site/api/auth/user
Proxy:			<none>
Request params:	<none>
Query params:	<none>
Form params:	<none>
Path params:	<none>
Headers:		authorization=Bearer eyJhbGciOiJIUzI1NiIsInR5cCI6IkpXVCJ9.eyJpZCI6IjY2ODE3OTc5OWVkMjgwMDAxYjQ1OTYyMiIsImlhdCI6MTcxOTc2MTI3MywiZXhwIjoxNzE5NzYyNDczfQ.QMe0rHXaRi5UhzAuTs9K4w8Ut0gH68WYVjzF2IV8xes
				Accept=*/*
				Content-Type=application/json
Cookies:		<none>
Multiparts:		<none>
Body:
{
    "email": "AQviXwYuVC@ya.ru",
    "password": "ihPCXJTMpe",
    "name": "newFnreTqpzOR"
}
Request method:	PATCH
Request URI:	https://stellarburgers.nomoreparties.site/api/auth/user
Proxy:			<none>
Request params:	<none>
Query params:	<none>
Form params:	<none>
Path params:	<none>
Headers:		authorization=Bearer eyJhbGciOiJIUzI1NiIsInR5cCI6IkpXVCJ9.eyJpZCI6IjY2ODE3OTc5OWVkMjgwMDAxYjQ1OTYyMiIsImlhdCI6MTcxOTc2MTI3MywiZXhwIjoxNzE5NzYyNDczfQ.QMe0rHXaRi5UhzAuTs9K4w8Ut0gH68WYVjzF2IV8xes
				Accept=*/*
				Content-Type=application/json
Cookies:		<none>
Multiparts:		<none>
Body:
{
    "email": "AQviXwYuVC@ya.ru",
    "password": "ihPCXJTMpe",
    "name": "newFnreTqpzOR"
}
Request method:	PATCH
Request URI:	https://stellarburgers.nomoreparties.site/api/auth/user
Proxy:			<none>
Request params:	<none>
Query params:	<none>
Form params:	<none>
Path params:	<none>
Headers:		authorization=Bearer eyJhbGciOiJIUzI1NiIsInR5cCI6IkpXVCJ9.eyJpZCI6IjY2ODE3OTc5OWVkMjgwMDAxYjQ1OTYyMiIsImlhdCI6MTcxOTc2MTI3MywiZXhwIjoxNzE5NzYyNDczfQ.QMe0rHXaRi5UhzAuTs9K4w8Ut0gH68WYVjzF2IV8xes
				Accept=*/*
				Content-Type=application/json
Cookies:		<none>
Multiparts:		<none>
Body:
{
    "email": "AQviXwYuVC@ya.ru",
    "password": "ihPCXJTMpe",
    "name": "newFnreTqpzOR"
}
Request method:	PATCH
Request URI:	https://stellarburgers.nomoreparties.site/api/auth/user
Proxy:			<none>
Request params:	<none>
Query params:	<none>
Form params:	<none>
Path params:	<none>
Headers:		authorization=Bearer eyJhbGciOiJIUzI1NiIsInR5cCI6IkpXVCJ9.eyJpZCI6IjY2ODE3OTc5OWVkMjgwMDAxYjQ1OTYyMiIsImlhdCI6MTcxOTc2MTI3MywiZXhwIjoxNzE5NzYyNDczfQ.QMe0rHXaRi5UhzAuTs9K4w8Ut0gH68WYVjzF2IV8xes
				Accept=*/*
				Content-Type=application/json
Cookies:		<none>
Multiparts:		<none>
Body:
{
    "email": "AQviXwYuVC@ya.ru",
    "password": "ihPCXJTMpe",
    "name": "newFnreTqpzOR"
}
Request method:	PATCH
Request URI:	https://stellarburgers.nomoreparties.site/api/auth/user
Proxy:			<none>
Request params:	<none>
Query params:	<none>
Form params:	<none>
Path params:	<none>
Headers:		authorization=Bearer eyJhbGciOiJIUzI1NiIsInR5cCI6IkpXVCJ9.eyJpZCI6IjY2ODE3OTc5OWVkMjgwMDAxYjQ1OTYyMiIsImlhdCI6MTcxOTc2MTI3MywiZXhwIjoxNzE5NzYyNDczfQ.QMe0rHXaRi5UhzAuTs9K4w8Ut0gH68WYVjzF2IV8xes
				Accept=*/*
				Content-Type=application/json
Cookies:		<none>
Multiparts:		<none>
Body:
{
    "email": "AQviXwYuVC@ya.ru",
    "password": "ihPCXJTMpe",
    "name": "newFnreTqpzOR"
}
Request method:	PATCH
Request URI:	https://stellarburgers.nomoreparties.site/api/auth/user
Proxy:			<none>
Request params:	<none>
Query params:	<none>
Form params:	<none>
Path params:	<none>
Headers:		authorization=Bearer eyJhbGciOiJIUzI1NiIsInR5cCI6IkpXVCJ9.eyJpZCI6IjY2ODE3OTc5OWVkMjgwMDAxYjQ1OTYyMiIsImlhdCI6MTcxOTc2MTI3MywiZXhwIjoxNzE5NzYyNDczfQ.QMe0rHXaRi5UhzAuTs9K4w8Ut0gH68WYVjzF2IV8xes
				Accept=*/*
				Content-Type=application/json
Cookies:		<none>
Multiparts:		<none>
Body:
{
    "email": "AQviXwYuVC@ya.ru",
    "password": "ihPCXJTMpe",
    "name": "newFnreTqpzOR"
}
Request method:	PATCH
Request URI:	https://stellarburgers.nomoreparties.site/api/auth/user
Proxy:			<none>
Request params:	<none>
Query params:	<none>
Form params:	<none>
Path params:	<none>
Headers:		authorization=Bearer eyJhbGciOiJIUzI1NiIsInR5cCI6IkpXVCJ9.eyJpZCI6IjY2ODE3OTc5OWVkMjgwMDAxYjQ1OTYyMiIsImlhdCI6MTcxOTc2MTI3MywiZXhwIjoxNzE5NzYyNDczfQ.QMe0rHXaRi5UhzAuTs9K4w8Ut0gH68WYVjzF2IV8xes
				Accept=*/*
				Content-Type=application/json
Cookies:		<none>
Multiparts:		<none>
Body:
{
    "email": "AQviXwYuVC@ya.ru",
    "password": "ihPCXJTMpe",
    "name": "newFnreTqpzOR"
}
Request method:	PATCH
Request URI:	https://stellarburgers.nomoreparties.site/api/auth/user
Proxy:			<none>
Request params:	<none>
Query params:	<none>
Form params:	<none>
Path params:	<none>
Headers:		authorization=Bearer eyJhbGciOiJIUzI1NiIsInR5cCI6IkpXVCJ9.eyJpZCI6IjY2ODE3OTc5OWVkMjgwMDAxYjQ1OTYyMiIsImlhdCI6MTcxOTc2MTI3MywiZXhwIjoxNzE5NzYyNDczfQ.QMe0rHXaRi5UhzAuTs9K4w8Ut0gH68WYVjzF2IV8xes
				Accept=*/*
				Content-Type=application/json
Cookies:		<none>
Multiparts:		<none>
Body:
{
    "email": "AQviXwYuVC@ya.ru",
    "password": "ihPCXJTMpe",
    "name": "newFnreTqpzOR"
}
Request method:	PATCH
Request URI:	https://stellarburgers.nomoreparties.site/api/auth/user
Proxy:			<none>
Request params:	<none>
Query params:	<none>
Form params:	<none>
Path params:	<none>
Headers:		authorization=Bearer eyJhbGciOiJIUzI1NiIsInR5cCI6IkpXVCJ9.eyJpZCI6IjY2ODE3OTc5OWVkMjgwMDAxYjQ1OTYyMiIsImlhdCI6MTcxOTc2MTI3MywiZXhwIjoxNzE5NzYyNDczfQ.QMe0rHXaRi5UhzAuTs9K4w8Ut0gH68WYVjzF2IV8xes
				Accept=*/*
				Content-Type=application/json
Cookies:		<none>
Multiparts:		<none>
Body:
{
    "email": "AQviXwYuVC@ya.ru",
    "password": "ihPCXJTMpe",
    "name": "newFnreTqpzOR"
}
Request method:	PATCH
Request URI:	https://stellarburgers.nomoreparties.site/api/auth/user
Proxy:			<none>
Request params:	<none>
Query params:	<none>
Form params:	<none>
Path params:	<none>
Headers:		authorization=Bearer eyJhbGciOiJIUzI1NiIsInR5cCI6IkpXVCJ9.eyJpZCI6IjY2ODE3OTc5OWVkMjgwMDAxYjQ1OTYyMiIsImlhdCI6MTcxOTc2MTI3MywiZXhwIjoxNzE5NzYyNDczfQ.QMe0rHXaRi5UhzAuTs9K4w8Ut0gH68WYVjzF2IV8xes
				Accept=*/*
				Content-Type=application/json
Cookies:		<none>
Multiparts:		<none>
Body:
{
    "email": "AQviXwYuVC@ya.ru",
    "password": "ihPCXJTMpe",
    "name": "newFnreTqpzOR"
}
Request method:	PATCH
Request URI:	https://stellarburgers.nomoreparties.site/api/auth/user
Proxy:			<none>
Request params:	<none>
Query params:	<none>
Form params:	<none>
Path params:	<none>
Headers:		authorization=Bearer eyJhbGciOiJIUzI1NiIsInR5cCI6IkpXVCJ9.eyJpZCI6IjY2ODE3OTc5OWVkMjgwMDAxYjQ1OTYyMiIsImlhdCI6MTcxOTc2MTI3MywiZXhwIjoxNzE5NzYyNDczfQ.QMe0rHXaRi5UhzAuTs9K4w8Ut0gH68WYVjzF2IV8xes
				Accept=*/*
				Content-Type=application/json
Cookies:		<none>
Multiparts:		<none>
Body:
{
    "email": "AQviXwYuVC@ya.ru",
    "password": "ihPCXJTMpe",
    "name": "newFnreTqpzOR"
}
Request method:	PATCH
Request URI:	https://stellarburgers.nomoreparties.site/api/auth/user
Proxy:			<none>
Request params:	<none>
Query params:	<none>
Form params:	<none>
Path params:	<none>
Headers:		authorization=Bearer eyJhbGciOiJIUzI1NiIsInR5cCI6IkpXVCJ9.eyJpZCI6IjY2ODE3OTc5OWVkMjgwMDAxYjQ1OTYyMiIsImlhdCI6MTcxOTc2MTI3MywiZXhwIjoxNzE5NzYyNDczfQ.QMe0rHXaRi5UhzAuTs9K4w8Ut0gH68WYVjzF2IV8xes
				Accept=*/*
				Content-Type=application/json
Cookies:		<none>
Multiparts:		<none>
Body:
{
    "email": "AQviXwYuVC@ya.ru",
    "password": "ihPCXJTMpe",
    "name": "newFnreTqpzOR"
}
Request method:	PATCH
Request URI:	https://stellarburgers.nomoreparties.site/api/auth/user
Proxy:			<none>
Request params:	<none>
Query params:	<none>
Form params:	<none>
Path params:	<none>
Headers:		authorization=Bearer eyJhbGciOiJIUzI1NiIsInR5cCI6IkpXVCJ9.eyJpZCI6IjY2ODE3OTc5OWVkMjgwMDAxYjQ1OTYyMiIsImlhdCI6MTcxOTc2MTI3MywiZXhwIjoxNzE5NzYyNDczfQ.QMe0rHXaRi5UhzAuTs9K4w8Ut0gH68WYVjzF2IV8xes
				Accept=*/*
				Content-Type=application/json
Cookies:		<none>
Multiparts:		<none>
Body:
{
    "email": "AQviXwYuVC@ya.ru",
    "password": "ihPCXJTMpe",
    "name": "newFnreTqpzOR"
}
Request method:	PATCH
Request URI:	https://stellarburgers.nomoreparties.site/api/auth/user
Proxy:			<none>
Request params:	<none>
Query params:	<none>
Form params:	<none>
Path params:	<none>
Headers:		authorization=Bearer eyJhbGciOiJIUzI1NiIsInR5cCI6IkpXVCJ9.eyJpZCI6IjY2ODE3OTc5OWVkMjgwMDAxYjQ1OTYyMiIsImlhdCI6MTcxOTc2MTI3MywiZXhwIjoxNzE5NzYyNDczfQ.QMe0rHXaRi5UhzAuTs9K4w8Ut0gH68WYVjzF2IV8xes
				Accept=*/*
				Content-Type=application/json
Cookies:		<none>
Multiparts:		<none>
Body:
{
    "email": "AQviXwYuVC@ya.ru",
    "password": "ihPCXJTMpe",
    "name": "newFnreTqpzOR"
}
Request method:	PATCH
Request URI:	https://stellarburgers.nomoreparties.site/api/auth/user
Proxy:			<none>
Request params:	<none>
Query params:	<none>
Form params:	<none>
Path params:	<none>
Headers:		authorization=Bearer eyJhbGciOiJIUzI1NiIsInR5cCI6IkpXVCJ9.eyJpZCI6IjY2ODE3OTc5OWVkMjgwMDAxYjQ1OTYyMiIsImlhdCI6MTcxOTc2MTI3MywiZXhwIjoxNzE5NzYyNDczfQ.QMe0rHXaRi5UhzAuTs9K4w8Ut0gH68WYVjzF2IV8xes
				Accept=*/*
				Content-Type=application/json
Cookies:		<none>
Multiparts:		<none>
Body:
{
    "email": "AQviXwYuVC@ya.ru",
    "password": "ihPCXJTMpe",
    "name": "newFnreTqpzOR"
}
Request method:	PATCH
Request URI:	https://stellarburgers.nomoreparties.site/api/auth/user
Proxy:			<none>
Request params:	<none>
Query params:	<none>
Form params:	<none>
Path params:	<none>
Headers:		authorization=Bearer eyJhbGciOiJIUzI1NiIsInR5cCI6IkpXVCJ9.eyJpZCI6IjY2ODE3OTc5OWVkMjgwMDAxYjQ1OTYyMiIsImlhdCI6MTcxOTc2MTI3MywiZXhwIjoxNzE5NzYyNDczfQ.QMe0rHXaRi5UhzAuTs9K4w8Ut0gH68WYVjzF2IV8xes
				Accept=*/*
				Content-Type=application/json
Cookies:		<none>
Multiparts:		<none>
Body:
{
    "email": "AQviXwYuVC@ya.ru",
    "password": "ihPCXJTMpe",
    "name": "newFnreTqpzOR"
}
Request method:	PATCH
Request URI:	https://stellarburgers.nomoreparties.site/api/auth/user
Proxy:			<none>
Request params:	<none>
Query params:	<none>
Form params:	<none>
Path params:	<none>
Headers:		authorization=Bearer eyJhbGciOiJIUzI1NiIsInR5cCI6IkpXVCJ9.eyJpZCI6IjY2ODE3OTc5OWVkMjgwMDAxYjQ1OTYyMiIsImlhdCI6MTcxOTc2MTI3MywiZXhwIjoxNzE5NzYyNDczfQ.QMe0rHXaRi5UhzAuTs9K4w8Ut0gH68WYVjzF2IV8xes
				Accept=*/*
				Content-Type=application/json
Cookies:		<none>
Multiparts:		<none>
Body:
{
    "email": "AQviXwYuVC@ya.ru",
    "password": "ihPCXJTMpe",
    "name": "newFnreTqpzOR"
}
Request method:	PATCH
Request URI:	https://stellarburgers.nomoreparties.site/api/auth/user
Proxy:			<none>
Request params:	<none>
Query params:	<none>
Form params:	<none>
Path params:	<none>
Headers:		authorization=Bearer eyJhbGciOiJIUzI1NiIsInR5cCI6IkpXVCJ9.eyJpZCI6IjY2ODE3OTc5OWVkMjgwMDAxYjQ1OTYyMiIsImlhdCI6MTcxOTc2MTI3MywiZXhwIjoxNzE5NzYyNDczfQ.QMe0rHXaRi5UhzAuTs9K4w8Ut0gH68WYVjzF2IV8xes
				Accept=*/*
				Content-Type=application/json
Cookies:		<none>
Multiparts:		<none>
Body:
{
    "email": "AQviXwYuVC@ya.ru",
    "password": "ihPCXJTMpe",
    "name": "newFnreTqpzOR"
}
Request method:	PATCH
Request URI:	https://stellarburgers.nomoreparties.site/api/auth/user
Proxy:			<none>
Request params:	<none>
Query params:	<none>
Form params:	<none>
Path params:	<none>
Headers:		authorization=Bearer eyJhbGciOiJIUzI1NiIsInR5cCI6IkpXVCJ9.eyJpZCI6IjY2ODE3OTc5OWVkMjgwMDAxYjQ1OTYyMiIsImlhdCI6MTcxOTc2MTI3MywiZXhwIjoxNzE5NzYyNDczfQ.QMe0rHXaRi5UhzAuTs9K4w8Ut0gH68WYVjzF2IV8xes
				Accept=*/*
				Content-Type=application/json
Cookies:		<none>
Multiparts:		<none>
Body:
{
    "email": "AQviXwYuVC@ya.ru",
    "password": "ihPCXJTMpe",
    "name": "newFnreTqpzOR"
}
Request method:	PATCH
Request URI:	https://stellarburgers.nomoreparties.site/api/auth/user
Proxy:			<none>
Request params:	<none>
Query params:	<none>
Form params:	<none>
Path params:	<none>
Headers:		authorization=Bearer eyJhbGciOiJIUzI1NiIsInR5cCI6IkpXVCJ9.eyJpZCI6IjY2ODE3OTc5OWVkMjgwMDAxYjQ1OTYyMiIsImlhdCI6MTcxOTc2MTI3MywiZXhwIjoxNzE5NzYyNDczfQ.QMe0rHXaRi5UhzAuTs9K4w8Ut0gH68WYVjzF2IV8xes
				Accept=*/*
				Content-Type=application/json
Cookies:		<none>
Multiparts:		<none>
Body:
{
    "email": "AQviXwYuVC@ya.ru",
    "password": "ihPCXJTMpe",
    "name": "newFnreTqpzOR"
}
Request method:	PATCH
Request URI:	https://stellarburgers.nomoreparties.site/api/auth/user
Proxy:			<none>
Request params:	<none>
Query params:	<none>
Form params:	<none>
Path params:	<none>
Headers:		authorization=Bearer eyJhbGciOiJIUzI1NiIsInR5cCI6IkpXVCJ9.eyJpZCI6IjY2ODE3OTc5OWVkMjgwMDAxYjQ1OTYyMiIsImlhdCI6MTcxOTc2MTI3MywiZXhwIjoxNzE5NzYyNDczfQ.QMe0rHXaRi5UhzAuTs9K4w8Ut0gH68WYVjzF2IV8xes
				Accept=*/*
				Content-Type=application/json
Cookies:		<none>
Multiparts:		<none>
Body:
{
    "email": "AQviXwYuVC@ya.ru",
    "password": "ihPCXJTMpe",
    "name": "newFnreTqpzOR"
}
Request method:	PATCH
Request URI:	https://stellarburgers.nomoreparties.site/api/auth/user
Proxy:			<none>
Request params:	<none>
Query params:	<none>
Form params:	<none>
Path params:	<none>
Headers:		authorization=Bearer eyJhbGciOiJIUzI1NiIsInR5cCI6IkpXVCJ9.eyJpZCI6IjY2ODE3OTc5OWVkMjgwMDAxYjQ1OTYyMiIsImlhdCI6MTcxOTc2MTI3MywiZXhwIjoxNzE5NzYyNDczfQ.QMe0rHXaRi5UhzAuTs9K4w8Ut0gH68WYVjzF2IV8xes
				Accept=*/*
				Content-Type=application/json
Cookies:		<none>
Multiparts:		<none>
Body:
{
    "email": "AQviXwYuVC@ya.ru",
    "password": "ihPCXJTMpe",
    "name": "newFnreTqpzOR"
}
Request method:	PATCH
Request URI:	https://stellarburgers.nomoreparties.site/api/auth/user
Proxy:			<none>
Request params:	<none>
Query params:	<none>
Form params:	<none>
Path params:	<none>
Headers:		authorization=Bearer eyJhbGciOiJIUzI1NiIsInR5cCI6IkpXVCJ9.eyJpZCI6IjY2ODE3OTc5OWVkMjgwMDAxYjQ1OTYyMiIsImlhdCI6MTcxOTc2MTI3MywiZXhwIjoxNzE5NzYyNDczfQ.QMe0rHXaRi5UhzAuTs9K4w8Ut0gH68WYVjzF2IV8xes
				Accept=*/*
				Content-Type=application/json
Cookies:		<none>
Multiparts:		<none>
Body:
{
    "email": "AQviXwYuVC@ya.ru",
    "password": "ihPCXJTMpe",
    "name": "newFnreTqpzOR"
}
Request method:	PATCH
Request URI:	https://stellarburgers.nomoreparties.site/api/auth/user
Proxy:			<none>
Request params:	<none>
Query params:	<none>
Form params:	<none>
Path params:	<none>
Headers:		authorization=Bearer eyJhbGciOiJIUzI1NiIsInR5cCI6IkpXVCJ9.eyJpZCI6IjY2ODE3OTc5OWVkMjgwMDAxYjQ1OTYyMiIsImlhdCI6MTcxOTc2MTI3MywiZXhwIjoxNzE5NzYyNDczfQ.QMe0rHXaRi5UhzAuTs9K4w8Ut0gH68WYVjzF2IV8xes
				Accept=*/*
				Content-Type=application/json
Cookies:		<none>
Multiparts:		<none>
Body:
{
    "email": "AQviXwYuVC@ya.ru",
    "password": "ihPCXJTMpe",
    "name": "newFnreTqpzOR"
}
Request method:	PATCH
Request URI:	https://stellarburgers.nomoreparties.site/api/auth/user
Proxy:			<none>
Request params:	<none>
Query params:	<none>
Form params:	<none>
Path params:	<none>
Headers:		authorization=Bearer eyJhbGciOiJIUzI1NiIsInR5cCI6IkpXVCJ9.eyJpZCI6IjY2ODE3OTc5OWVkMjgwMDAxYjQ1OTYyMiIsImlhdCI6MTcxOTc2MTI3MywiZXhwIjoxNzE5NzYyNDczfQ.QMe0rHXaRi5UhzAuTs9K4w8Ut0gH68WYVjzF2IV8xes
				Accept=*/*
				Content-Type=application/json
Cookies:		<none>
Multiparts:		<none>
Body:
{
    "email": "AQviXwYuVC@ya.ru",
    "password": "ihPCXJTMpe",
    "name": "newFnreTqpzOR"
}
Request method:	PATCH
Request URI:	https://stellarburgers.nomoreparties.site/api/auth/user
Proxy:			<none>
Request params:	<none>
Query params:	<none>
Form params:	<none>
Path params:	<none>
Headers:		authorization=Bearer eyJhbGciOiJIUzI1NiIsInR5cCI6IkpXVCJ9.eyJpZCI6IjY2ODE3OTc5OWVkMjgwMDAxYjQ1OTYyMiIsImlhdCI6MTcxOTc2MTI3MywiZXhwIjoxNzE5NzYyNDczfQ.QMe0rHXaRi5UhzAuTs9K4w8Ut0gH68WYVjzF2IV8xes
				Accept=*/*
				Content-Type=application/json
Cookies:		<none>
Multiparts:		<none>
Body:
{
    "email": "AQviXwYuVC@ya.ru",
    "password": "ihPCXJTMpe",
    "name": "newFnreTqpzOR"
}
Request method:	PATCH
Request URI:	https://stellarburgers.nomoreparties.site/api/auth/user
Proxy:			<none>
Request params:	<none>
Query params:	<none>
Form params:	<none>
Path params:	<none>
Headers:		authorization=Bearer eyJhbGciOiJIUzI1NiIsInR5cCI6IkpXVCJ9.eyJpZCI6IjY2ODE3OTc5OWVkMjgwMDAxYjQ1OTYyMiIsImlhdCI6MTcxOTc2MTI3MywiZXhwIjoxNzE5NzYyNDczfQ.QMe0rHXaRi5UhzAuTs9K4w8Ut0gH68WYVjzF2IV8xes
				Accept=*/*
				Content-Type=application/json
Cookies:		<none>
Multiparts:		<none>
Body:
{
    "email": "AQviXwYuVC@ya.ru",
    "password": "ihPCXJTMpe",
    "name": "newFnreTqpzOR"
}
Request method:	PATCH
Request URI:	https://stellarburgers.nomoreparties.site/api/auth/user
Proxy:			<none>
Request params:	<none>
Query params:	<none>
Form params:	<none>
Path params:	<none>
Headers:		authorization=Bearer eyJhbGciOiJIUzI1NiIsInR5cCI6IkpXVCJ9.eyJpZCI6IjY2ODE3OTc5OWVkMjgwMDAxYjQ1OTYyMiIsImlhdCI6MTcxOTc2MTI3MywiZXhwIjoxNzE5NzYyNDczfQ.QMe0rHXaRi5UhzAuTs9K4w8Ut0gH68WYVjzF2IV8xes
				Accept=*/*
				Content-Type=application/json
Cookies:		<none>
Multiparts:		<none>
Body:
{
    "email": "AQviXwYuVC@ya.ru",
    "password": "ihPCXJTMpe",
    "name": "newFnreTqpzOR"
}
Request method:	PATCH
Request URI:	https://stellarburgers.nomoreparties.site/api/auth/user
Proxy:			<none>
Request params:	<none>
Query params:	<none>
Form params:	<none>
Path params:	<none>
Headers:		authorization=Bearer eyJhbGciOiJIUzI1NiIsInR5cCI6IkpXVCJ9.eyJpZCI6IjY2ODE3OTc5OWVkMjgwMDAxYjQ1OTYyMiIsImlhdCI6MTcxOTc2MTI3MywiZXhwIjoxNzE5NzYyNDczfQ.QMe0rHXaRi5UhzAuTs9K4w8Ut0gH68WYVjzF2IV8xes
				Accept=*/*
				Content-Type=application/json
Cookies:		<none>
Multiparts:		<none>
Body:
{
    "email": "AQviXwYuVC@ya.ru",
    "password": "ihPCXJTMpe",
    "name": "newFnreTqpzOR"
}
Request method:	PATCH
Request URI:	https://stellarburgers.nomoreparties.site/api/auth/user
Proxy:			<none>
Request params:	<none>
Query params:	<none>
Form params:	<none>
Path params:	<none>
Headers:		authorization=Bearer eyJhbGciOiJIUzI1NiIsInR5cCI6IkpXVCJ9.eyJpZCI6IjY2ODE3OTc5OWVkMjgwMDAxYjQ1OTYyMiIsImlhdCI6MTcxOTc2MTI3MywiZXhwIjoxNzE5NzYyNDczfQ.QMe0rHXaRi5UhzAuTs9K4w8Ut0gH68WYVjzF2IV8xes
				Accept=*/*
				Content-Type=application/json
Cookies:		<none>
Multiparts:		<none>
Body:
{
    "email": "AQviXwYuVC@ya.ru",
    "password": "ihPCXJTMpe",
    "name": "newFnreTqpzOR"
}
Request method:	PATCH
Request URI:	https://stellarburgers.nomoreparties.site/api/auth/user
Proxy:			<none>
Request params:	<none>
Query params:	<none>
Form params:	<none>
Path params:	<none>
Headers:		authorization=Bearer eyJhbGciOiJIUzI1NiIsInR5cCI6IkpXVCJ9.eyJpZCI6IjY2ODE3OTc5OWVkMjgwMDAxYjQ1OTYyMiIsImlhdCI6MTcxOTc2MTI3MywiZXhwIjoxNzE5NzYyNDczfQ.QMe0rHXaRi5UhzAuTs9K4w8Ut0gH68WYVjzF2IV8xes
				Accept=*/*
				Content-Type=application/json
Cookies:		<none>
Multiparts:		<none>
Body:
{
    "email": "AQviXwYuVC@ya.ru",
    "password": "ihPCXJTMpe",
    "name": "newFnreTqpzOR"
}
HTTP/1.1 200 OK
Date: Sun, 30 Jun 2024 15:27:54 GMT
Content-Type: application/json; charset=utf-8
Transfer-Encoding: chunked
Connection: keep-alive
X-Powered-By: Express
Access-Control-Allow-Origin: *
ETag: W/"4b-JLdu9X0pAUBdQ6ilZQKyqSt54ek"
CF-Cache-Status: DYNAMIC
Report-To: {"endpoints":[{"url":"https:\/\/a.nel.cloudflare.com\/report\/v4?s=4%2BQb5jbYItReM5Xu4kK6%2BtwVJds56om%2F7DEuBNVOU4Y4KG0M%2BK26UOL9QF2fyPQQ49vMzimhZOObQh4rwGD2c2ZOV5urVGzYyMNjTJDJAU6qTQVQsiDf%2Fj6C7Zd63praPJsUVOo%2B7x0Oyp72%2F6D2icxz6WM%3D"}],"group":"cf-nel","max_age":604800}
NEL: {"success_fraction":0,"report_to":"cf-nel","max_age":604800}
Server: cloudflare
CF-RAY: 89bf2eda5fbc63df-LHR
Content-Encoding: gzip
alt-svc: h3=":443"; ma=86400

{
    "success": true,
    "user": {
        "email": "aqvixwyuvc@ya.ru",
        "name": "newFnreTqpzOR"
    }
}
HTTP/1.1 200 OK
Date: Sun, 30 Jun 2024 15:27:54 GMT
Content-Type: application/json; charset=utf-8
Transfer-Encoding: chunked
Connection: keep-alive
X-Powered-By: Express
Access-Control-Allow-Origin: *
ETag: W/"4b-JLdu9X0pAUBdQ6ilZQKyqSt54ek"
CF-Cache-Status: DYNAMIC
Report-To: {"endpoints":[{"url":"https:\/\/a.nel.cloudflare.com\/report\/v4?s=4%2BQb5jbYItReM5Xu4kK6%2BtwVJds56om%2F7DEuBNVOU4Y4KG0M%2BK26UOL9QF2fyPQQ49vMzimhZOObQh4rwGD2c2ZOV5urVGzYyMNjTJDJAU6qTQVQsiDf%2Fj6C7Zd63praPJsUVOo%2B7x0Oyp72%2F6D2icxz6WM%3D"}],"group":"cf-nel","max_age":604800}
NEL: {"success_fraction":0,"report_to":"cf-nel","max_age":604800}
Server: cloudflare
CF-RAY: 89bf2eda5fbc63df-LHR
Content-Encoding: gzip
alt-svc: h3=":443"; ma=86400

{
    "success": true,
    "user": {
        "email": "aqvixwyuvc@ya.ru",
        "name": "newFnreTqpzOR"
    }
}
HTTP/1.1 200 OK
Date: Sun, 30 Jun 2024 15:27:54 GMT
Content-Type: application/json; charset=utf-8
Transfer-Encoding: chunked
Connection: keep-alive
X-Powered-By: Express
Access-Control-Allow-Origin: *
ETag: W/"4b-JLdu9X0pAUBdQ6ilZQKyqSt54ek"
CF-Cache-Status: DYNAMIC
Report-To: {"endpoints":[{"url":"https:\/\/a.nel.cloudflare.com\/report\/v4?s=4%2BQb5jbYItReM5Xu4kK6%2BtwVJds56om%2F7DEuBNVOU4Y4KG0M%2BK26UOL9QF2fyPQQ49vMzimhZOObQh4rwGD2c2ZOV5urVGzYyMNjTJDJAU6qTQVQsiDf%2Fj6C7Zd63praPJsUVOo%2B7x0Oyp72%2F6D2icxz6WM%3D"}],"group":"cf-nel","max_age":604800}
NEL: {"success_fraction":0,"report_to":"cf-nel","max_age":604800}
Server: cloudflare
CF-RAY: 89bf2eda5fbc63df-LHR
Content-Encoding: gzip
alt-svc: h3=":443"; ma=86400

{
    "success": true,
    "user": {
        "email": "aqvixwyuvc@ya.ru",
        "name": "newFnreTqpzOR"
    }
}
HTTP/1.1 200 OK
Date: Sun, 30 Jun 2024 15:27:54 GMT
Content-Type: application/json; charset=utf-8
Transfer-Encoding: chunked
Connection: keep-alive
X-Powered-By: Express
Access-Control-Allow-Origin: *
ETag: W/"4b-JLdu9X0pAUBdQ6ilZQKyqSt54ek"
CF-Cache-Status: DYNAMIC
Report-To: {"endpoints":[{"url":"https:\/\/a.nel.cloudflare.com\/report\/v4?s=4%2BQb5jbYItReM5Xu4kK6%2BtwVJds56om%2F7DEuBNVOU4Y4KG0M%2BK26UOL9QF2fyPQQ49vMzimhZOObQh4rwGD2c2ZOV5urVGzYyMNjTJDJAU6qTQVQsiDf%2Fj6C7Zd63praPJsUVOo%2B7x0Oyp72%2F6D2icxz6WM%3D"}],"group":"cf-nel","max_age":604800}
NEL: {"success_fraction":0,"report_to":"cf-nel","max_age":604800}
Server: cloudflare
CF-RAY: 89bf2eda5fbc63df-LHR
Content-Encoding: gzip
alt-svc: h3=":443"; ma=86400

{
    "success": true,
    "user": {
        "email": "aqvixwyuvc@ya.ru",
        "name": "newFnreTqpzOR"
    }
}
HTTP/1.1 200 OK
Date: Sun, 30 Jun 2024 15:27:54 GMT
Content-Type: application/json; charset=utf-8
Transfer-Encoding: chunked
Connection: keep-alive
X-Powered-By: Express
Access-Control-Allow-Origin: *
ETag: W/"4b-JLdu9X0pAUBdQ6ilZQKyqSt54ek"
CF-Cache-Status: DYNAMIC
Report-To: {"endpoints":[{"url":"https:\/\/a.nel.cloudflare.com\/report\/v4?s=4%2BQb5jbYItReM5Xu4kK6%2BtwVJds56om%2F7DEuBNVOU4Y4KG0M%2BK26UOL9QF2fyPQQ49vMzimhZOObQh4rwGD2c2ZOV5urVGzYyMNjTJDJAU6qTQVQsiDf%2Fj6C7Zd63praPJsUVOo%2B7x0Oyp72%2F6D2icxz6WM%3D"}],"group":"cf-nel","max_age":604800}
NEL: {"success_fraction":0,"report_to":"cf-nel","max_age":604800}
Server: cloudflare
CF-RAY: 89bf2eda5fbc63df-LHR
Content-Encoding: gzip
alt-svc: h3=":443"; ma=86400

{
    "success": true,
    "user": {
        "email": "aqvixwyuvc@ya.ru",
        "name": "newFnreTqpzOR"
    }
}
HTTP/1.1 200 OK
Date: Sun, 30 Jun 2024 15:27:54 GMT
Content-Type: application/json; charset=utf-8
Transfer-Encoding: chunked
Connection: keep-alive
X-Powered-By: Express
Access-Control-Allow-Origin: *
ETag: W/"4b-JLdu9X0pAUBdQ6ilZQKyqSt54ek"
CF-Cache-Status: DYNAMIC
Report-To: {"endpoints":[{"url":"https:\/\/a.nel.cloudflare.com\/report\/v4?s=4%2BQb5jbYItReM5Xu4kK6%2BtwVJds56om%2F7DEuBNVOU4Y4KG0M%2BK26UOL9QF2fyPQQ49vMzimhZOObQh4rwGD2c2ZOV5urVGzYyMNjTJDJAU6qTQVQsiDf%2Fj6C7Zd63praPJsUVOo%2B7x0Oyp72%2F6D2icxz6WM%3D"}],"group":"cf-nel","max_age":604800}
NEL: {"success_fraction":0,"report_to":"cf-nel","max_age":604800}
Server: cloudflare
CF-RAY: 89bf2eda5fbc63df-LHR
Content-Encoding: gzip
alt-svc: h3=":443"; ma=86400

{
    "success": true,
    "user": {
        "email": "aqvixwyuvc@ya.ru",
        "name": "newFnreTqpzOR"
    }
}
HTTP/1.1 200 OK
Date: Sun, 30 Jun 2024 15:27:54 GMT
Content-Type: application/json; charset=utf-8
Transfer-Encoding: chunked
Connection: keep-alive
X-Powered-By: Express
Access-Control-Allow-Origin: *
ETag: W/"4b-JLdu9X0pAUBdQ6ilZQKyqSt54ek"
CF-Cache-Status: DYNAMIC
Report-To: {"endpoints":[{"url":"https:\/\/a.nel.cloudflare.com\/report\/v4?s=4%2BQb5jbYItReM5Xu4kK6%2BtwVJds56om%2F7DEuBNVOU4Y4KG0M%2BK26UOL9QF2fyPQQ49vMzimhZOObQh4rwGD2c2ZOV5urVGzYyMNjTJDJAU6qTQVQsiDf%2Fj6C7Zd63praPJsUVOo%2B7x0Oyp72%2F6D2icxz6WM%3D"}],"group":"cf-nel","max_age":604800}
NEL: {"success_fraction":0,"report_to":"cf-nel","max_age":604800}
Server: cloudflare
CF-RAY: 89bf2eda5fbc63df-LHR
Content-Encoding: gzip
alt-svc: h3=":443"; ma=86400

{
    "success": true,
    "user": {
        "email": "aqvixwyuvc@ya.ru",
        "name": "newFnreTqpzOR"
    }
}
HTTP/1.1 200 OK
Date: Sun, 30 Jun 2024 15:27:54 GMT
Content-Type: application/json; charset=utf-8
Transfer-Encoding: chunked
Connection: keep-alive
X-Powered-By: Express
Access-Control-Allow-Origin: *
ETag: W/"4b-JLdu9X0pAUBdQ6ilZQKyqSt54ek"
CF-Cache-Status: DYNAMIC
Report-To: {"endpoints":[{"url":"https:\/\/a.nel.cloudflare.com\/report\/v4?s=4%2BQb5jbYItReM5Xu4kK6%2BtwVJds56om%2F7DEuBNVOU4Y4KG0M%2BK26UOL9QF2fyPQQ49vMzimhZOObQh4rwGD2c2ZOV5urVGzYyMNjTJDJAU6qTQVQsiDf%2Fj6C7Zd63praPJsUVOo%2B7x0Oyp72%2F6D2icxz6WM%3D"}],"group":"cf-nel","max_age":604800}
NEL: {"success_fraction":0,"report_to":"cf-nel","max_age":604800}
Server: cloudflare
CF-RAY: 89bf2eda5fbc63df-LHR
Content-Encoding: gzip
alt-svc: h3=":443"; ma=86400

{
    "success": true,
    "user": {
        "email": "aqvixwyuvc@ya.ru",
        "name": "newFnreTqpzOR"
    }
}
HTTP/1.1 200 OK
Date: Sun, 30 Jun 2024 15:27:54 GMT
Content-Type: application/json; charset=utf-8
Transfer-Encoding: chunked
Connection: keep-alive
X-Powered-By: Express
Access-Control-Allow-Origin: *
ETag: W/"4b-JLdu9X0pAUBdQ6ilZQKyqSt54ek"
CF-Cache-Status: DYNAMIC
Report-To: {"endpoints":[{"url":"https:\/\/a.nel.cloudflare.com\/report\/v4?s=4%2BQb5jbYItReM5Xu4kK6%2BtwVJds56om%2F7DEuBNVOU4Y4KG0M%2BK26UOL9QF2fyPQQ49vMzimhZOObQh4rwGD2c2ZOV5urVGzYyMNjTJDJAU6qTQVQsiDf%2Fj6C7Zd63praPJsUVOo%2B7x0Oyp72%2F6D2icxz6WM%3D"}],"group":"cf-nel","max_age":604800}
NEL: {"success_fraction":0,"report_to":"cf-nel","max_age":604800}
Server: cloudflare
CF-RAY: 89bf2eda5fbc63df-LHR
Content-Encoding: gzip
alt-svc: h3=":443"; ma=86400

{
    "success": true,
    "user": {
        "email": "aqvixwyuvc@ya.ru",
        "name": "newFnreTqpzOR"
    }
}
HTTP/1.1 200 OK
Date: Sun, 30 Jun 2024 15:27:54 GMT
Content-Type: application/json; charset=utf-8
Transfer-Encoding: chunked
Connection: keep-alive
X-Powered-By: Express
Access-Control-Allow-Origin: *
ETag: W/"4b-JLdu9X0pAUBdQ6ilZQKyqSt54ek"
CF-Cache-Status: DYNAMIC
Report-To: {"endpoints":[{"url":"https:\/\/a.nel.cloudflare.com\/report\/v4?s=4%2BQb5jbYItReM5Xu4kK6%2BtwVJds56om%2F7DEuBNVOU4Y4KG0M%2BK26UOL9QF2fyPQQ49vMzimhZOObQh4rwGD2c2ZOV5urVGzYyMNjTJDJAU6qTQVQsiDf%2Fj6C7Zd63praPJsUVOo%2B7x0Oyp72%2F6D2icxz6WM%3D"}],"group":"cf-nel","max_age":604800}
NEL: {"success_fraction":0,"report_to":"cf-nel","max_age":604800}
Server: cloudflare
CF-RAY: 89bf2eda5fbc63df-LHR
Content-Encoding: gzip
alt-svc: h3=":443"; ma=86400

{
    "success": true,
    "user": {
        "email": "aqvixwyuvc@ya.ru",
        "name": "newFnreTqpzOR"
    }
}
HTTP/1.1 200 OK
Date: Sun, 30 Jun 2024 15:27:54 GMT
Content-Type: application/json; charset=utf-8
Transfer-Encoding: chunked
Connection: keep-alive
X-Powered-By: Express
Access-Control-Allow-Origin: *
ETag: W/"4b-JLdu9X0pAUBdQ6ilZQKyqSt54ek"
CF-Cache-Status: DYNAMIC
Report-To: {"endpoints":[{"url":"https:\/\/a.nel.cloudflare.com\/report\/v4?s=4%2BQb5jbYItReM5Xu4kK6%2BtwVJds56om%2F7DEuBNVOU4Y4KG0M%2BK26UOL9QF2fyPQQ49vMzimhZOObQh4rwGD2c2ZOV5urVGzYyMNjTJDJAU6qTQVQsiDf%2Fj6C7Zd63praPJsUVOo%2B7x0Oyp72%2F6D2icxz6WM%3D"}],"group":"cf-nel","max_age":604800}
NEL: {"success_fraction":0,"report_to":"cf-nel","max_age":604800}
Server: cloudflare
CF-RAY: 89bf2eda5fbc63df-LHR
Content-Encoding: gzip
alt-svc: h3=":443"; ma=86400

{
    "success": true,
    "user": {
        "email": "aqvixwyuvc@ya.ru",
        "name": "newFnreTqpzOR"
    }
}
HTTP/1.1 200 OK
Date: Sun, 30 Jun 2024 15:27:54 GMT
Content-Type: application/json; charset=utf-8
Transfer-Encoding: chunked
Connection: keep-alive
X-Powered-By: Express
Access-Control-Allow-Origin: *
ETag: W/"4b-JLdu9X0pAUBdQ6ilZQKyqSt54ek"
CF-Cache-Status: DYNAMIC
Report-To: {"endpoints":[{"url":"https:\/\/a.nel.cloudflare.com\/report\/v4?s=4%2BQb5jbYItReM5Xu4kK6%2BtwVJds56om%2F7DEuBNVOU4Y4KG0M%2BK26UOL9QF2fyPQQ49vMzimhZOObQh4rwGD2c2ZOV5urVGzYyMNjTJDJAU6qTQVQsiDf%2Fj6C7Zd63praPJsUVOo%2B7x0Oyp72%2F6D2icxz6WM%3D"}],"group":"cf-nel","max_age":604800}
NEL: {"success_fraction":0,"report_to":"cf-nel","max_age":604800}
Server: cloudflare
CF-RAY: 89bf2eda5fbc63df-LHR
Content-Encoding: gzip
alt-svc: h3=":443"; ma=86400

{
    "success": true,
    "user": {
        "email": "aqvixwyuvc@ya.ru",
        "name": "newFnreTqpzOR"
    }
}
HTTP/1.1 200 OK
Date: Sun, 30 Jun 2024 15:27:54 GMT
Content-Type: application/json; charset=utf-8
Transfer-Encoding: chunked
Connection: keep-alive
X-Powered-By: Express
Access-Control-Allow-Origin: *
ETag: W/"4b-JLdu9X0pAUBdQ6ilZQKyqSt54ek"
CF-Cache-Status: DYNAMIC
Report-To: {"endpoints":[{"url":"https:\/\/a.nel.cloudflare.com\/report\/v4?s=4%2BQb5jbYItReM5Xu4kK6%2BtwVJds56om%2F7DEuBNVOU4Y4KG0M%2BK26UOL9QF2fyPQQ49vMzimhZOObQh4rwGD2c2ZOV5urVGzYyMNjTJDJAU6qTQVQsiDf%2Fj6C7Zd63praPJsUVOo%2B7x0Oyp72%2F6D2icxz6WM%3D"}],"group":"cf-nel","max_age":604800}
NEL: {"success_fraction":0,"report_to":"cf-nel","max_age":604800}
Server: cloudflare
CF-RAY: 89bf2eda5fbc63df-LHR
Content-Encoding: gzip
alt-svc: h3=":443"; ma=86400

{
    "success": true,
    "user": {
        "email": "aqvixwyuvc@ya.ru",
        "name": "newFnreTqpzOR"
    }
}
HTTP/1.1 200 OK
Date: Sun, 30 Jun 2024 15:27:54 GMT
Content-Type: application/json; charset=utf-8
Transfer-Encoding: chunked
Connection: keep-alive
X-Powered-By: Express
Access-Control-Allow-Origin: *
ETag: W/"4b-JLdu9X0pAUBdQ6ilZQKyqSt54ek"
CF-Cache-Status: DYNAMIC
Report-To: {"endpoints":[{"url":"https:\/\/a.nel.cloudflare.com\/report\/v4?s=4%2BQb5jbYItReM5Xu4kK6%2BtwVJds56om%2F7DEuBNVOU4Y4KG0M%2BK26UOL9QF2fyPQQ49vMzimhZOObQh4rwGD2c2ZOV5urVGzYyMNjTJDJAU6qTQVQsiDf%2Fj6C7Zd63praPJsUVOo%2B7x0Oyp72%2F6D2icxz6WM%3D"}],"group":"cf-nel","max_age":604800}
NEL: {"success_fraction":0,"report_to":"cf-nel","max_age":604800}
Server: cloudflare
CF-RAY: 89bf2eda5fbc63df-LHR
Content-Encoding: gzip
alt-svc: h3=":443"; ma=86400

{
    "success": true,
    "user": {
        "email": "aqvixwyuvc@ya.ru",
        "name": "newFnreTqpzOR"
    }
}
HTTP/1.1 200 OK
Date: Sun, 30 Jun 2024 15:27:54 GMT
Content-Type: application/json; charset=utf-8
Transfer-Encoding: chunked
Connection: keep-alive
X-Powered-By: Express
Access-Control-Allow-Origin: *
ETag: W/"4b-JLdu9X0pAUBdQ6ilZQKyqSt54ek"
CF-Cache-Status: DYNAMIC
Report-To: {"endpoints":[{"url":"https:\/\/a.nel.cloudflare.com\/report\/v4?s=4%2BQb5jbYItReM5Xu4kK6%2BtwVJds56om%2F7DEuBNVOU4Y4KG0M%2BK26UOL9QF2fyPQQ49vMzimhZOObQh4rwGD2c2ZOV5urVGzYyMNjTJDJAU6qTQVQsiDf%2Fj6C7Zd63praPJsUVOo%2B7x0Oyp72%2F6D2icxz6WM%3D"}],"group":"cf-nel","max_age":604800}
NEL: {"success_fraction":0,"report_to":"cf-nel","max_age":604800}
Server: cloudflare
CF-RAY: 89bf2eda5fbc63df-LHR
Content-Encoding: gzip
alt-svc: h3=":443"; ma=86400

{
    "success": true,
    "user": {
        "email": "aqvixwyuvc@ya.ru",
        "name": "newFnreTqpzOR"
    }
}
HTTP/1.1 200 OK
Date: Sun, 30 Jun 2024 15:27:54 GMT
Content-Type: application/json; charset=utf-8
Transfer-Encoding: chunked
Connection: keep-alive
X-Powered-By: Express
Access-Control-Allow-Origin: *
ETag: W/"4b-JLdu9X0pAUBdQ6ilZQKyqSt54ek"
CF-Cache-Status: DYNAMIC
Report-To: {"endpoints":[{"url":"https:\/\/a.nel.cloudflare.com\/report\/v4?s=4%2BQb5jbYItReM5Xu4kK6%2BtwVJds56om%2F7DEuBNVOU4Y4KG0M%2BK26UOL9QF2fyPQQ49vMzimhZOObQh4rwGD2c2ZOV5urVGzYyMNjTJDJAU6qTQVQsiDf%2Fj6C7Zd63praPJsUVOo%2B7x0Oyp72%2F6D2icxz6WM%3D"}],"group":"cf-nel","max_age":604800}
NEL: {"success_fraction":0,"report_to":"cf-nel","max_age":604800}
Server: cloudflare
CF-RAY: 89bf2eda5fbc63df-LHR
Content-Encoding: gzip
alt-svc: h3=":443"; ma=86400

{
    "success": true,
    "user": {
        "email": "aqvixwyuvc@ya.ru",
        "name": "newFnreTqpzOR"
    }
}
HTTP/1.1 200 OK
Date: Sun, 30 Jun 2024 15:27:54 GMT
Content-Type: application/json; charset=utf-8
Transfer-Encoding: chunked
Connection: keep-alive
X-Powered-By: Express
Access-Control-Allow-Origin: *
ETag: W/"4b-JLdu9X0pAUBdQ6ilZQKyqSt54ek"
CF-Cache-Status: DYNAMIC
Report-To: {"endpoints":[{"url":"https:\/\/a.nel.cloudflare.com\/report\/v4?s=4%2BQb5jbYItReM5Xu4kK6%2BtwVJds56om%2F7DEuBNVOU4Y4KG0M%2BK26UOL9QF2fyPQQ49vMzimhZOObQh4rwGD2c2ZOV5urVGzYyMNjTJDJAU6qTQVQsiDf%2Fj6C7Zd63praPJsUVOo%2B7x0Oyp72%2F6D2icxz6WM%3D"}],"group":"cf-nel","max_age":604800}
NEL: {"success_fraction":0,"report_to":"cf-nel","max_age":604800}
Server: cloudflare
CF-RAY: 89bf2eda5fbc63df-LHR
Content-Encoding: gzip
alt-svc: h3=":443"; ma=86400

{
    "success": true,
    "user": {
        "email": "aqvixwyuvc@ya.ru",
        "name": "newFnreTqpzOR"
    }
}
HTTP/1.1 200 OK
Date: Sun, 30 Jun 2024 15:27:54 GMT
Content-Type: application/json; charset=utf-8
Transfer-Encoding: chunked
Connection: keep-alive
X-Powered-By: Express
Access-Control-Allow-Origin: *
ETag: W/"4b-JLdu9X0pAUBdQ6ilZQKyqSt54ek"
CF-Cache-Status: DYNAMIC
Report-To: {"endpoints":[{"url":"https:\/\/a.nel.cloudflare.com\/report\/v4?s=4%2BQb5jbYItReM5Xu4kK6%2BtwVJds56om%2F7DEuBNVOU4Y4KG0M%2BK26UOL9QF2fyPQQ49vMzimhZOObQh4rwGD2c2ZOV5urVGzYyMNjTJDJAU6qTQVQsiDf%2Fj6C7Zd63praPJsUVOo%2B7x0Oyp72%2F6D2icxz6WM%3D"}],"group":"cf-nel","max_age":604800}
NEL: {"success_fraction":0,"report_to":"cf-nel","max_age":604800}
Server: cloudflare
CF-RAY: 89bf2eda5fbc63df-LHR
Content-Encoding: gzip
alt-svc: h3=":443"; ma=86400

{
    "success": true,
    "user": {
        "email": "aqvixwyuvc@ya.ru",
        "name": "newFnreTqpzOR"
    }
}
HTTP/1.1 200 OK
Date: Sun, 30 Jun 2024 15:27:54 GMT
Content-Type: application/json; charset=utf-8
Transfer-Encoding: chunked
Connection: keep-alive
X-Powered-By: Express
Access-Control-Allow-Origin: *
ETag: W/"4b-JLdu9X0pAUBdQ6ilZQKyqSt54ek"
CF-Cache-Status: DYNAMIC
Report-To: {"endpoints":[{"url":"https:\/\/a.nel.cloudflare.com\/report\/v4?s=4%2BQb5jbYItReM5Xu4kK6%2BtwVJds56om%2F7DEuBNVOU4Y4KG0M%2BK26UOL9QF2fyPQQ49vMzimhZOObQh4rwGD2c2ZOV5urVGzYyMNjTJDJAU6qTQVQsiDf%2Fj6C7Zd63praPJsUVOo%2B7x0Oyp72%2F6D2icxz6WM%3D"}],"group":"cf-nel","max_age":604800}
NEL: {"success_fraction":0,"report_to":"cf-nel","max_age":604800}
Server: cloudflare
CF-RAY: 89bf2eda5fbc63df-LHR
Content-Encoding: gzip
alt-svc: h3=":443"; ma=86400

{
    "success": true,
    "user": {
        "email": "aqvixwyuvc@ya.ru",
        "name": "newFnreTqpzOR"
    }
}
HTTP/1.1 200 OK
Date: Sun, 30 Jun 2024 15:27:54 GMT
Content-Type: application/json; charset=utf-8
Transfer-Encoding: chunked
Connection: keep-alive
X-Powered-By: Express
Access-Control-Allow-Origin: *
ETag: W/"4b-JLdu9X0pAUBdQ6ilZQKyqSt54ek"
CF-Cache-Status: DYNAMIC
Report-To: {"endpoints":[{"url":"https:\/\/a.nel.cloudflare.com\/report\/v4?s=4%2BQb5jbYItReM5Xu4kK6%2BtwVJds56om%2F7DEuBNVOU4Y4KG0M%2BK26UOL9QF2fyPQQ49vMzimhZOObQh4rwGD2c2ZOV5urVGzYyMNjTJDJAU6qTQVQsiDf%2Fj6C7Zd63praPJsUVOo%2B7x0Oyp72%2F6D2icxz6WM%3D"}],"group":"cf-nel","max_age":604800}
NEL: {"success_fraction":0,"report_to":"cf-nel","max_age":604800}
Server: cloudflare
CF-RAY: 89bf2eda5fbc63df-LHR
Content-Encoding: gzip
alt-svc: h3=":443"; ma=86400

{
    "success": true,
    "user": {
        "email": "aqvixwyuvc@ya.ru",
        "name": "newFnreTqpzOR"
    }
}
HTTP/1.1 200 OK
Date: Sun, 30 Jun 2024 15:27:54 GMT
Content-Type: application/json; charset=utf-8
Transfer-Encoding: chunked
Connection: keep-alive
X-Powered-By: Express
Access-Control-Allow-Origin: *
ETag: W/"4b-JLdu9X0pAUBdQ6ilZQKyqSt54ek"
CF-Cache-Status: DYNAMIC
Report-To: {"endpoints":[{"url":"https:\/\/a.nel.cloudflare.com\/report\/v4?s=4%2BQb5jbYItReM5Xu4kK6%2BtwVJds56om%2F7DEuBNVOU4Y4KG0M%2BK26UOL9QF2fyPQQ49vMzimhZOObQh4rwGD2c2ZOV5urVGzYyMNjTJDJAU6qTQVQsiDf%2Fj6C7Zd63praPJsUVOo%2B7x0Oyp72%2F6D2icxz6WM%3D"}],"group":"cf-nel","max_age":604800}
NEL: {"success_fraction":0,"report_to":"cf-nel","max_age":604800}
Server: cloudflare
CF-RAY: 89bf2eda5fbc63df-LHR
Content-Encoding: gzip
alt-svc: h3=":443"; ma=86400

{
    "success": true,
    "user": {
        "email": "aqvixwyuvc@ya.ru",
        "name": "newFnreTqpzOR"
    }
}
HTTP/1.1 200 OK
Date: Sun, 30 Jun 2024 15:27:54 GMT
Content-Type: application/json; charset=utf-8
Transfer-Encoding: chunked
Connection: keep-alive
X-Powered-By: Express
Access-Control-Allow-Origin: *
ETag: W/"4b-JLdu9X0pAUBdQ6ilZQKyqSt54ek"
CF-Cache-Status: DYNAMIC
Report-To: {"endpoints":[{"url":"https:\/\/a.nel.cloudflare.com\/report\/v4?s=4%2BQb5jbYItReM5Xu4kK6%2BtwVJds56om%2F7DEuBNVOU4Y4KG0M%2BK26UOL9QF2fyPQQ49vMzimhZOObQh4rwGD2c2ZOV5urVGzYyMNjTJDJAU6qTQVQsiDf%2Fj6C7Zd63praPJsUVOo%2B7x0Oyp72%2F6D2icxz6WM%3D"}],"group":"cf-nel","max_age":604800}
NEL: {"success_fraction":0,"report_to":"cf-nel","max_age":604800}
Server: cloudflare
CF-RAY: 89bf2eda5fbc63df-LHR
Content-Encoding: gzip
alt-svc: h3=":443"; ma=86400

{
    "success": true,
    "user": {
        "email": "aqvixwyuvc@ya.ru",
        "name": "newFnreTqpzOR"
    }
}
HTTP/1.1 200 OK
Date: Sun, 30 Jun 2024 15:27:54 GMT
Content-Type: application/json; charset=utf-8
Transfer-Encoding: chunked
Connection: keep-alive
X-Powered-By: Express
Access-Control-Allow-Origin: *
ETag: W/"4b-JLdu9X0pAUBdQ6ilZQKyqSt54ek"
CF-Cache-Status: DYNAMIC
Report-To: {"endpoints":[{"url":"https:\/\/a.nel.cloudflare.com\/report\/v4?s=4%2BQb5jbYItReM5Xu4kK6%2BtwVJds56om%2F7DEuBNVOU4Y4KG0M%2BK26UOL9QF2fyPQQ49vMzimhZOObQh4rwGD2c2ZOV5urVGzYyMNjTJDJAU6qTQVQsiDf%2Fj6C7Zd63praPJsUVOo%2B7x0Oyp72%2F6D2icxz6WM%3D"}],"group":"cf-nel","max_age":604800}
NEL: {"success_fraction":0,"report_to":"cf-nel","max_age":604800}
Server: cloudflare
CF-RAY: 89bf2eda5fbc63df-LHR
Content-Encoding: gzip
alt-svc: h3=":443"; ma=86400

{
    "success": true,
    "user": {
        "email": "aqvixwyuvc@ya.ru",
        "name": "newFnreTqpzOR"
    }
}
HTTP/1.1 200 OK
Date: Sun, 30 Jun 2024 15:27:54 GMT
Content-Type: application/json; charset=utf-8
Transfer-Encoding: chunked
Connection: keep-alive
X-Powered-By: Express
Access-Control-Allow-Origin: *
ETag: W/"4b-JLdu9X0pAUBdQ6ilZQKyqSt54ek"
CF-Cache-Status: DYNAMIC
Report-To: {"endpoints":[{"url":"https:\/\/a.nel.cloudflare.com\/report\/v4?s=4%2BQb5jbYItReM5Xu4kK6%2BtwVJds56om%2F7DEuBNVOU4Y4KG0M%2BK26UOL9QF2fyPQQ49vMzimhZOObQh4rwGD2c2ZOV5urVGzYyMNjTJDJAU6qTQVQsiDf%2Fj6C7Zd63praPJsUVOo%2B7x0Oyp72%2F6D2icxz6WM%3D"}],"group":"cf-nel","max_age":604800}
NEL: {"success_fraction":0,"report_to":"cf-nel","max_age":604800}
Server: cloudflare
CF-RAY: 89bf2eda5fbc63df-LHR
Content-Encoding: gzip
alt-svc: h3=":443"; ma=86400

{
    "success": true,
    "user": {
        "email": "aqvixwyuvc@ya.ru",
        "name": "newFnreTqpzOR"
    }
}
HTTP/1.1 200 OK
Date: Sun, 30 Jun 2024 15:27:54 GMT
Content-Type: application/json; charset=utf-8
Transfer-Encoding: chunked
Connection: keep-alive
X-Powered-By: Express
Access-Control-Allow-Origin: *
ETag: W/"4b-JLdu9X0pAUBdQ6ilZQKyqSt54ek"
CF-Cache-Status: DYNAMIC
Report-To: {"endpoints":[{"url":"https:\/\/a.nel.cloudflare.com\/report\/v4?s=4%2BQb5jbYItReM5Xu4kK6%2BtwVJds56om%2F7DEuBNVOU4Y4KG0M%2BK26UOL9QF2fyPQQ49vMzimhZOObQh4rwGD2c2ZOV5urVGzYyMNjTJDJAU6qTQVQsiDf%2Fj6C7Zd63praPJsUVOo%2B7x0Oyp72%2F6D2icxz6WM%3D"}],"group":"cf-nel","max_age":604800}
NEL: {"success_fraction":0,"report_to":"cf-nel","max_age":604800}
Server: cloudflare
CF-RAY: 89bf2eda5fbc63df-LHR
Content-Encoding: gzip
alt-svc: h3=":443"; ma=86400

{
    "success": true,
    "user": {
        "email": "aqvixwyuvc@ya.ru",
        "name": "newFnreTqpzOR"
    }
}
HTTP/1.1 200 OK
Date: Sun, 30 Jun 2024 15:27:54 GMT
Content-Type: application/json; charset=utf-8
Transfer-Encoding: chunked
Connection: keep-alive
X-Powered-By: Express
Access-Control-Allow-Origin: *
ETag: W/"4b-JLdu9X0pAUBdQ6ilZQKyqSt54ek"
CF-Cache-Status: DYNAMIC
Report-To: {"endpoints":[{"url":"https:\/\/a.nel.cloudflare.com\/report\/v4?s=4%2BQb5jbYItReM5Xu4kK6%2BtwVJds56om%2F7DEuBNVOU4Y4KG0M%2BK26UOL9QF2fyPQQ49vMzimhZOObQh4rwGD2c2ZOV5urVGzYyMNjTJDJAU6qTQVQsiDf%2Fj6C7Zd63praPJsUVOo%2B7x0Oyp72%2F6D2icxz6WM%3D"}],"group":"cf-nel","max_age":604800}
NEL: {"success_fraction":0,"report_to":"cf-nel","max_age":604800}
Server: cloudflare
CF-RAY: 89bf2eda5fbc63df-LHR
Content-Encoding: gzip
alt-svc: h3=":443"; ma=86400

{
    "success": true,
    "user": {
        "email": "aqvixwyuvc@ya.ru",
        "name": "newFnreTqpzOR"
    }
}
HTTP/1.1 200 OK
Date: Sun, 30 Jun 2024 15:27:54 GMT
Content-Type: application/json; charset=utf-8
Transfer-Encoding: chunked
Connection: keep-alive
X-Powered-By: Express
Access-Control-Allow-Origin: *
ETag: W/"4b-JLdu9X0pAUBdQ6ilZQKyqSt54ek"
CF-Cache-Status: DYNAMIC
Report-To: {"endpoints":[{"url":"https:\/\/a.nel.cloudflare.com\/report\/v4?s=4%2BQb5jbYItReM5Xu4kK6%2BtwVJds56om%2F7DEuBNVOU4Y4KG0M%2BK26UOL9QF2fyPQQ49vMzimhZOObQh4rwGD2c2ZOV5urVGzYyMNjTJDJAU6qTQVQsiDf%2Fj6C7Zd63praPJsUVOo%2B7x0Oyp72%2F6D2icxz6WM%3D"}],"group":"cf-nel","max_age":604800}
NEL: {"success_fraction":0,"report_to":"cf-nel","max_age":604800}
Server: cloudflare
CF-RAY: 89bf2eda5fbc63df-LHR
Content-Encoding: gzip
alt-svc: h3=":443"; ma=86400

{
    "success": true,
    "user": {
        "email": "aqvixwyuvc@ya.ru",
        "name": "newFnreTqpzOR"
    }
}
HTTP/1.1 200 OK
Date: Sun, 30 Jun 2024 15:27:54 GMT
Content-Type: application/json; charset=utf-8
Transfer-Encoding: chunked
Connection: keep-alive
X-Powered-By: Express
Access-Control-Allow-Origin: *
ETag: W/"4b-JLdu9X0pAUBdQ6ilZQKyqSt54ek"
CF-Cache-Status: DYNAMIC
Report-To: {"endpoints":[{"url":"https:\/\/a.nel.cloudflare.com\/report\/v4?s=4%2BQb5jbYItReM5Xu4kK6%2BtwVJds56om%2F7DEuBNVOU4Y4KG0M%2BK26UOL9QF2fyPQQ49vMzimhZOObQh4rwGD2c2ZOV5urVGzYyMNjTJDJAU6qTQVQsiDf%2Fj6C7Zd63praPJsUVOo%2B7x0Oyp72%2F6D2icxz6WM%3D"}],"group":"cf-nel","max_age":604800}
NEL: {"success_fraction":0,"report_to":"cf-nel","max_age":604800}
Server: cloudflare
CF-RAY: 89bf2eda5fbc63df-LHR
Content-Encoding: gzip
alt-svc: h3=":443"; ma=86400

{
    "success": true,
    "user": {
        "email": "aqvixwyuvc@ya.ru",
        "name": "newFnreTqpzOR"
    }
}
HTTP/1.1 200 OK
Date: Sun, 30 Jun 2024 15:27:54 GMT
Content-Type: application/json; charset=utf-8
Transfer-Encoding: chunked
Connection: keep-alive
X-Powered-By: Express
Access-Control-Allow-Origin: *
ETag: W/"4b-JLdu9X0pAUBdQ6ilZQKyqSt54ek"
CF-Cache-Status: DYNAMIC
Report-To: {"endpoints":[{"url":"https:\/\/a.nel.cloudflare.com\/report\/v4?s=4%2BQb5jbYItReM5Xu4kK6%2BtwVJds56om%2F7DEuBNVOU4Y4KG0M%2BK26UOL9QF2fyPQQ49vMzimhZOObQh4rwGD2c2ZOV5urVGzYyMNjTJDJAU6qTQVQsiDf%2Fj6C7Zd63praPJsUVOo%2B7x0Oyp72%2F6D2icxz6WM%3D"}],"group":"cf-nel","max_age":604800}
NEL: {"success_fraction":0,"report_to":"cf-nel","max_age":604800}
Server: cloudflare
CF-RAY: 89bf2eda5fbc63df-LHR
Content-Encoding: gzip
alt-svc: h3=":443"; ma=86400

{
    "success": true,
    "user": {
        "email": "aqvixwyuvc@ya.ru",
        "name": "newFnreTqpzOR"
    }
}
HTTP/1.1 200 OK
Date: Sun, 30 Jun 2024 15:27:54 GMT
Content-Type: application/json; charset=utf-8
Transfer-Encoding: chunked
Connection: keep-alive
X-Powered-By: Express
Access-Control-Allow-Origin: *
ETag: W/"4b-JLdu9X0pAUBdQ6ilZQKyqSt54ek"
CF-Cache-Status: DYNAMIC
Report-To: {"endpoints":[{"url":"https:\/\/a.nel.cloudflare.com\/report\/v4?s=4%2BQb5jbYItReM5Xu4kK6%2BtwVJds56om%2F7DEuBNVOU4Y4KG0M%2BK26UOL9QF2fyPQQ49vMzimhZOObQh4rwGD2c2ZOV5urVGzYyMNjTJDJAU6qTQVQsiDf%2Fj6C7Zd63praPJsUVOo%2B7x0Oyp72%2F6D2icxz6WM%3D"}],"group":"cf-nel","max_age":604800}
NEL: {"success_fraction":0,"report_to":"cf-nel","max_age":604800}
Server: cloudflare
CF-RAY: 89bf2eda5fbc63df-LHR
Content-Encoding: gzip
alt-svc: h3=":443"; ma=86400

{
    "success": true,
    "user": {
        "email": "aqvixwyuvc@ya.ru",
        "name": "newFnreTqpzOR"
    }
}
HTTP/1.1 200 OK
Date: Sun, 30 Jun 2024 15:27:54 GMT
Content-Type: application/json; charset=utf-8
Transfer-Encoding: chunked
Connection: keep-alive
X-Powered-By: Express
Access-Control-Allow-Origin: *
ETag: W/"4b-JLdu9X0pAUBdQ6ilZQKyqSt54ek"
CF-Cache-Status: DYNAMIC
Report-To: {"endpoints":[{"url":"https:\/\/a.nel.cloudflare.com\/report\/v4?s=4%2BQb5jbYItReM5Xu4kK6%2BtwVJds56om%2F7DEuBNVOU4Y4KG0M%2BK26UOL9QF2fyPQQ49vMzimhZOObQh4rwGD2c2ZOV5urVGzYyMNjTJDJAU6qTQVQsiDf%2Fj6C7Zd63praPJsUVOo%2B7x0Oyp72%2F6D2icxz6WM%3D"}],"group":"cf-nel","max_age":604800}
NEL: {"success_fraction":0,"report_to":"cf-nel","max_age":604800}
Server: cloudflare
CF-RAY: 89bf2eda5fbc63df-LHR
Content-Encoding: gzip
alt-svc: h3=":443"; ma=86400

{
    "success": true,
    "user": {
        "email": "aqvixwyuvc@ya.ru",
        "name": "newFnreTqpzOR"
    }
}
HTTP/1.1 200 OK
Date: Sun, 30 Jun 2024 15:27:54 GMT
Content-Type: application/json; charset=utf-8
Transfer-Encoding: chunked
Connection: keep-alive
X-Powered-By: Express
Access-Control-Allow-Origin: *
ETag: W/"4b-JLdu9X0pAUBdQ6ilZQKyqSt54ek"
CF-Cache-Status: DYNAMIC
Report-To: {"endpoints":[{"url":"https:\/\/a.nel.cloudflare.com\/report\/v4?s=4%2BQb5jbYItReM5Xu4kK6%2BtwVJds56om%2F7DEuBNVOU4Y4KG0M%2BK26UOL9QF2fyPQQ49vMzimhZOObQh4rwGD2c2ZOV5urVGzYyMNjTJDJAU6qTQVQsiDf%2Fj6C7Zd63praPJsUVOo%2B7x0Oyp72%2F6D2icxz6WM%3D"}],"group":"cf-nel","max_age":604800}
NEL: {"success_fraction":0,"report_to":"cf-nel","max_age":604800}
Server: cloudflare
CF-RAY: 89bf2eda5fbc63df-LHR
Content-Encoding: gzip
alt-svc: h3=":443"; ma=86400

{
    "success": true,
    "user": {
        "email": "aqvixwyuvc@ya.ru",
        "name": "newFnreTqpzOR"
    }
}
HTTP/1.1 200 OK
Date: Sun, 30 Jun 2024 15:27:54 GMT
Content-Type: application/json; charset=utf-8
Transfer-Encoding: chunked
Connection: keep-alive
X-Powered-By: Express
Access-Control-Allow-Origin: *
ETag: W/"4b-JLdu9X0pAUBdQ6ilZQKyqSt54ek"
CF-Cache-Status: DYNAMIC
Report-To: {"endpoints":[{"url":"https:\/\/a.nel.cloudflare.com\/report\/v4?s=4%2BQb5jbYItReM5Xu4kK6%2BtwVJds56om%2F7DEuBNVOU4Y4KG0M%2BK26UOL9QF2fyPQQ49vMzimhZOObQh4rwGD2c2ZOV5urVGzYyMNjTJDJAU6qTQVQsiDf%2Fj6C7Zd63praPJsUVOo%2B7x0Oyp72%2F6D2icxz6WM%3D"}],"group":"cf-nel","max_age":604800}
NEL: {"success_fraction":0,"report_to":"cf-nel","max_age":604800}
Server: cloudflare
CF-RAY: 89bf2eda5fbc63df-LHR
Content-Encoding: gzip
alt-svc: h3=":443"; ma=86400

{
    "success": true,
    "user": {
        "email": "aqvixwyuvc@ya.ru",
        "name": "newFnreTqpzOR"
    }
}
HTTP/1.1 200 OK
Date: Sun, 30 Jun 2024 15:27:54 GMT
Content-Type: application/json; charset=utf-8
Transfer-Encoding: chunked
Connection: keep-alive
X-Powered-By: Express
Access-Control-Allow-Origin: *
ETag: W/"4b-JLdu9X0pAUBdQ6ilZQKyqSt54ek"
CF-Cache-Status: DYNAMIC
Report-To: {"endpoints":[{"url":"https:\/\/a.nel.cloudflare.com\/report\/v4?s=4%2BQb5jbYItReM5Xu4kK6%2BtwVJds56om%2F7DEuBNVOU4Y4KG0M%2BK26UOL9QF2fyPQQ49vMzimhZOObQh4rwGD2c2ZOV5urVGzYyMNjTJDJAU6qTQVQsiDf%2Fj6C7Zd63praPJsUVOo%2B7x0Oyp72%2F6D2icxz6WM%3D"}],"group":"cf-nel","max_age":604800}
NEL: {"success_fraction":0,"report_to":"cf-nel","max_age":604800}
Server: cloudflare
CF-RAY: 89bf2eda5fbc63df-LHR
Content-Encoding: gzip
alt-svc: h3=":443"; ma=86400

{
    "success": true,
    "user": {
        "email": "aqvixwyuvc@ya.ru",
        "name": "newFnreTqpzOR"
    }
}
HTTP/1.1 200 OK
Date: Sun, 30 Jun 2024 15:27:54 GMT
Content-Type: application/json; charset=utf-8
Transfer-Encoding: chunked
Connection: keep-alive
X-Powered-By: Express
Access-Control-Allow-Origin: *
ETag: W/"4b-JLdu9X0pAUBdQ6ilZQKyqSt54ek"
CF-Cache-Status: DYNAMIC
Report-To: {"endpoints":[{"url":"https:\/\/a.nel.cloudflare.com\/report\/v4?s=4%2BQb5jbYItReM5Xu4kK6%2BtwVJds56om%2F7DEuBNVOU4Y4KG0M%2BK26UOL9QF2fyPQQ49vMzimhZOObQh4rwGD2c2ZOV5urVGzYyMNjTJDJAU6qTQVQsiDf%2Fj6C7Zd63praPJsUVOo%2B7x0Oyp72%2F6D2icxz6WM%3D"}],"group":"cf-nel","max_age":604800}
NEL: {"success_fraction":0,"report_to":"cf-nel","max_age":604800}
Server: cloudflare
CF-RAY: 89bf2eda5fbc63df-LHR
Content-Encoding: gzip
alt-svc: h3=":443"; ma=86400

{
    "success": true,
    "user": {
        "email": "aqvixwyuvc@ya.ru",
        "name": "newFnreTqpzOR"
    }
}
Request method:	DELETE
Request URI:	https://stellarburgers.nomoreparties.site/api/auth/user
Proxy:			<none>
Request params:	<none>
Query params:	<none>
Form params:	<none>
Path params:	<none>
Headers:		authorization=Bearer eyJhbGciOiJIUzI1NiIsInR5cCI6IkpXVCJ9.eyJpZCI6IjY2ODE3OTc5OWVkMjgwMDAxYjQ1OTYyMiIsImlhdCI6MTcxOTc2MTI3MywiZXhwIjoxNzE5NzYyNDczfQ.QMe0rHXaRi5UhzAuTs9K4w8Ut0gH68WYVjzF2IV8xes
				Accept=*/*
				Content-Type=application/json
Cookies:		<none>
Multiparts:		<none>
Body:			<none>
Request method:	DELETE
Request URI:	https://stellarburgers.nomoreparties.site/api/auth/user
Proxy:			<none>
Request params:	<none>
Query params:	<none>
Form params:	<none>
Path params:	<none>
Headers:		authorization=Bearer eyJhbGciOiJIUzI1NiIsInR5cCI6IkpXVCJ9.eyJpZCI6IjY2ODE3OTc5OWVkMjgwMDAxYjQ1OTYyMiIsImlhdCI6MTcxOTc2MTI3MywiZXhwIjoxNzE5NzYyNDczfQ.QMe0rHXaRi5UhzAuTs9K4w8Ut0gH68WYVjzF2IV8xes
				Accept=*/*
				Content-Type=application/json
Cookies:		<none>
Multiparts:		<none>
Body:			<none>
Request method:	DELETE
Request URI:	https://stellarburgers.nomoreparties.site/api/auth/user
Proxy:			<none>
Request params:	<none>
Query params:	<none>
Form params:	<none>
Path params:	<none>
Headers:		authorization=Bearer eyJhbGciOiJIUzI1NiIsInR5cCI6IkpXVCJ9.eyJpZCI6IjY2ODE3OTc5OWVkMjgwMDAxYjQ1OTYyMiIsImlhdCI6MTcxOTc2MTI3MywiZXhwIjoxNzE5NzYyNDczfQ.QMe0rHXaRi5UhzAuTs9K4w8Ut0gH68WYVjzF2IV8xes
				Accept=*/*
				Content-Type=application/json
Cookies:		<none>
Multiparts:		<none>
Body:			<none>
Request method:	DELETE
Request URI:	https://stellarburgers.nomoreparties.site/api/auth/user
Proxy:			<none>
Request params:	<none>
Query params:	<none>
Form params:	<none>
Path params:	<none>
Headers:		authorization=Bearer eyJhbGciOiJIUzI1NiIsInR5cCI6IkpXVCJ9.eyJpZCI6IjY2ODE3OTc5OWVkMjgwMDAxYjQ1OTYyMiIsImlhdCI6MTcxOTc2MTI3MywiZXhwIjoxNzE5NzYyNDczfQ.QMe0rHXaRi5UhzAuTs9K4w8Ut0gH68WYVjzF2IV8xes
				Accept=*/*
				Content-Type=application/json
Cookies:		<none>
Multiparts:		<none>
Body:			<none>
Request method:	DELETE
Request URI:	https://stellarburgers.nomoreparties.site/api/auth/user
Proxy:			<none>
Request params:	<none>
Query params:	<none>
Form params:	<none>
Path params:	<none>
Headers:		authorization=Bearer eyJhbGciOiJIUzI1NiIsInR5cCI6IkpXVCJ9.eyJpZCI6IjY2ODE3OTc5OWVkMjgwMDAxYjQ1OTYyMiIsImlhdCI6MTcxOTc2MTI3MywiZXhwIjoxNzE5NzYyNDczfQ.QMe0rHXaRi5UhzAuTs9K4w8Ut0gH68WYVjzF2IV8xes
				Accept=*/*
				Content-Type=application/json
Cookies:		<none>
Multiparts:		<none>
Body:			<none>
Request method:	DELETE
Request URI:	https://stellarburgers.nomoreparties.site/api/auth/user
Proxy:			<none>
Request params:	<none>
Query params:	<none>
Form params:	<none>
Path params:	<none>
Headers:		authorization=Bearer eyJhbGciOiJIUzI1NiIsInR5cCI6IkpXVCJ9.eyJpZCI6IjY2ODE3OTc5OWVkMjgwMDAxYjQ1OTYyMiIsImlhdCI6MTcxOTc2MTI3MywiZXhwIjoxNzE5NzYyNDczfQ.QMe0rHXaRi5UhzAuTs9K4w8Ut0gH68WYVjzF2IV8xes
				Accept=*/*
				Content-Type=application/json
Cookies:		<none>
Multiparts:		<none>
Body:			<none>
Request method:	DELETE
Request URI:	https://stellarburgers.nomoreparties.site/api/auth/user
Proxy:			<none>
Request params:	<none>
Query params:	<none>
Form params:	<none>
Path params:	<none>
Headers:		authorization=Bearer eyJhbGciOiJIUzI1NiIsInR5cCI6IkpXVCJ9.eyJpZCI6IjY2ODE3OTc5OWVkMjgwMDAxYjQ1OTYyMiIsImlhdCI6MTcxOTc2MTI3MywiZXhwIjoxNzE5NzYyNDczfQ.QMe0rHXaRi5UhzAuTs9K4w8Ut0gH68WYVjzF2IV8xes
				Accept=*/*
				Content-Type=application/json
Cookies:		<none>
Multiparts:		<none>
Body:			<none>
Request method:	DELETE
Request URI:	https://stellarburgers.nomoreparties.site/api/auth/user
Proxy:			<none>
Request params:	<none>
Query params:	<none>
Form params:	<none>
Path params:	<none>
Headers:		authorization=Bearer eyJhbGciOiJIUzI1NiIsInR5cCI6IkpXVCJ9.eyJpZCI6IjY2ODE3OTc5OWVkMjgwMDAxYjQ1OTYyMiIsImlhdCI6MTcxOTc2MTI3MywiZXhwIjoxNzE5NzYyNDczfQ.QMe0rHXaRi5UhzAuTs9K4w8Ut0gH68WYVjzF2IV8xes
				Accept=*/*
				Content-Type=application/json
Cookies:		<none>
Multiparts:		<none>
Body:			<none>
Request method:	DELETE
Request URI:	https://stellarburgers.nomoreparties.site/api/auth/user
Proxy:			<none>
Request params:	<none>
Query params:	<none>
Form params:	<none>
Path params:	<none>
Headers:		authorization=Bearer eyJhbGciOiJIUzI1NiIsInR5cCI6IkpXVCJ9.eyJpZCI6IjY2ODE3OTc5OWVkMjgwMDAxYjQ1OTYyMiIsImlhdCI6MTcxOTc2MTI3MywiZXhwIjoxNzE5NzYyNDczfQ.QMe0rHXaRi5UhzAuTs9K4w8Ut0gH68WYVjzF2IV8xes
				Accept=*/*
				Content-Type=application/json
Cookies:		<none>
Multiparts:		<none>
Body:			<none>
Request method:	DELETE
Request URI:	https://stellarburgers.nomoreparties.site/api/auth/user
Proxy:			<none>
Request params:	<none>
Query params:	<none>
Form params:	<none>
Path params:	<none>
Headers:		authorization=Bearer eyJhbGciOiJIUzI1NiIsInR5cCI6IkpXVCJ9.eyJpZCI6IjY2ODE3OTc5OWVkMjgwMDAxYjQ1OTYyMiIsImlhdCI6MTcxOTc2MTI3MywiZXhwIjoxNzE5NzYyNDczfQ.QMe0rHXaRi5UhzAuTs9K4w8Ut0gH68WYVjzF2IV8xes
				Accept=*/*
				Content-Type=application/json
Cookies:		<none>
Multiparts:		<none>
Body:			<none>
Request method:	DELETE
Request URI:	https://stellarburgers.nomoreparties.site/api/auth/user
Proxy:			<none>
Request params:	<none>
Query params:	<none>
Form params:	<none>
Path params:	<none>
Headers:		authorization=Bearer eyJhbGciOiJIUzI1NiIsInR5cCI6IkpXVCJ9.eyJpZCI6IjY2ODE3OTc5OWVkMjgwMDAxYjQ1OTYyMiIsImlhdCI6MTcxOTc2MTI3MywiZXhwIjoxNzE5NzYyNDczfQ.QMe0rHXaRi5UhzAuTs9K4w8Ut0gH68WYVjzF2IV8xes
				Accept=*/*
				Content-Type=application/json
Cookies:		<none>
Multiparts:		<none>
Body:			<none>
Request method:	DELETE
Request URI:	https://stellarburgers.nomoreparties.site/api/auth/user
Proxy:			<none>
Request params:	<none>
Query params:	<none>
Form params:	<none>
Path params:	<none>
Headers:		authorization=Bearer eyJhbGciOiJIUzI1NiIsInR5cCI6IkpXVCJ9.eyJpZCI6IjY2ODE3OTc5OWVkMjgwMDAxYjQ1OTYyMiIsImlhdCI6MTcxOTc2MTI3MywiZXhwIjoxNzE5NzYyNDczfQ.QMe0rHXaRi5UhzAuTs9K4w8Ut0gH68WYVjzF2IV8xes
				Accept=*/*
				Content-Type=application/json
Cookies:		<none>
Multiparts:		<none>
Body:			<none>
Request method:	DELETE
Request URI:	https://stellarburgers.nomoreparties.site/api/auth/user
Proxy:			<none>
Request params:	<none>
Query params:	<none>
Form params:	<none>
Path params:	<none>
Headers:		authorization=Bearer eyJhbGciOiJIUzI1NiIsInR5cCI6IkpXVCJ9.eyJpZCI6IjY2ODE3OTc5OWVkMjgwMDAxYjQ1OTYyMiIsImlhdCI6MTcxOTc2MTI3MywiZXhwIjoxNzE5NzYyNDczfQ.QMe0rHXaRi5UhzAuTs9K4w8Ut0gH68WYVjzF2IV8xes
				Accept=*/*
				Content-Type=application/json
Cookies:		<none>
Multiparts:		<none>
Body:			<none>
Request method:	DELETE
Request URI:	https://stellarburgers.nomoreparties.site/api/auth/user
Proxy:			<none>
Request params:	<none>
Query params:	<none>
Form params:	<none>
Path params:	<none>
Headers:		authorization=Bearer eyJhbGciOiJIUzI1NiIsInR5cCI6IkpXVCJ9.eyJpZCI6IjY2ODE3OTc5OWVkMjgwMDAxYjQ1OTYyMiIsImlhdCI6MTcxOTc2MTI3MywiZXhwIjoxNzE5NzYyNDczfQ.QMe0rHXaRi5UhzAuTs9K4w8Ut0gH68WYVjzF2IV8xes
				Accept=*/*
				Content-Type=application/json
Cookies:		<none>
Multiparts:		<none>
Body:			<none>
Request method:	DELETE
Request URI:	https://stellarburgers.nomoreparties.site/api/auth/user
Proxy:			<none>
Request params:	<none>
Query params:	<none>
Form params:	<none>
Path params:	<none>
Headers:		authorization=Bearer eyJhbGciOiJIUzI1NiIsInR5cCI6IkpXVCJ9.eyJpZCI6IjY2ODE3OTc5OWVkMjgwMDAxYjQ1OTYyMiIsImlhdCI6MTcxOTc2MTI3MywiZXhwIjoxNzE5NzYyNDczfQ.QMe0rHXaRi5UhzAuTs9K4w8Ut0gH68WYVjzF2IV8xes
				Accept=*/*
				Content-Type=application/json
Cookies:		<none>
Multiparts:		<none>
Body:			<none>
Request method:	DELETE
Request URI:	https://stellarburgers.nomoreparties.site/api/auth/user
Proxy:			<none>
Request params:	<none>
Query params:	<none>
Form params:	<none>
Path params:	<none>
Headers:		authorization=Bearer eyJhbGciOiJIUzI1NiIsInR5cCI6IkpXVCJ9.eyJpZCI6IjY2ODE3OTc5OWVkMjgwMDAxYjQ1OTYyMiIsImlhdCI6MTcxOTc2MTI3MywiZXhwIjoxNzE5NzYyNDczfQ.QMe0rHXaRi5UhzAuTs9K4w8Ut0gH68WYVjzF2IV8xes
				Accept=*/*
				Content-Type=application/json
Cookies:		<none>
Multiparts:		<none>
Body:			<none>
Request method:	DELETE
Request URI:	https://stellarburgers.nomoreparties.site/api/auth/user
Proxy:			<none>
Request params:	<none>
Query params:	<none>
Form params:	<none>
Path params:	<none>
Headers:		authorization=Bearer eyJhbGciOiJIUzI1NiIsInR5cCI6IkpXVCJ9.eyJpZCI6IjY2ODE3OTc5OWVkMjgwMDAxYjQ1OTYyMiIsImlhdCI6MTcxOTc2MTI3MywiZXhwIjoxNzE5NzYyNDczfQ.QMe0rHXaRi5UhzAuTs9K4w8Ut0gH68WYVjzF2IV8xes
				Accept=*/*
				Content-Type=application/json
Cookies:		<none>
Multiparts:		<none>
Body:			<none>
Request method:	DELETE
Request URI:	https://stellarburgers.nomoreparties.site/api/auth/user
Proxy:			<none>
Request params:	<none>
Query params:	<none>
Form params:	<none>
Path params:	<none>
Headers:		authorization=Bearer eyJhbGciOiJIUzI1NiIsInR5cCI6IkpXVCJ9.eyJpZCI6IjY2ODE3OTc5OWVkMjgwMDAxYjQ1OTYyMiIsImlhdCI6MTcxOTc2MTI3MywiZXhwIjoxNzE5NzYyNDczfQ.QMe0rHXaRi5UhzAuTs9K4w8Ut0gH68WYVjzF2IV8xes
				Accept=*/*
				Content-Type=application/json
Cookies:		<none>
Multiparts:		<none>
Body:			<none>
Request method:	DELETE
Request URI:	https://stellarburgers.nomoreparties.site/api/auth/user
Proxy:			<none>
Request params:	<none>
Query params:	<none>
Form params:	<none>
Path params:	<none>
Headers:		authorization=Bearer eyJhbGciOiJIUzI1NiIsInR5cCI6IkpXVCJ9.eyJpZCI6IjY2ODE3OTc5OWVkMjgwMDAxYjQ1OTYyMiIsImlhdCI6MTcxOTc2MTI3MywiZXhwIjoxNzE5NzYyNDczfQ.QMe0rHXaRi5UhzAuTs9K4w8Ut0gH68WYVjzF2IV8xes
				Accept=*/*
				Content-Type=application/json
Cookies:		<none>
Multiparts:		<none>
Body:			<none>
Request method:	DELETE
Request URI:	https://stellarburgers.nomoreparties.site/api/auth/user
Proxy:			<none>
Request params:	<none>
Query params:	<none>
Form params:	<none>
Path params:	<none>
Headers:		authorization=Bearer eyJhbGciOiJIUzI1NiIsInR5cCI6IkpXVCJ9.eyJpZCI6IjY2ODE3OTc5OWVkMjgwMDAxYjQ1OTYyMiIsImlhdCI6MTcxOTc2MTI3MywiZXhwIjoxNzE5NzYyNDczfQ.QMe0rHXaRi5UhzAuTs9K4w8Ut0gH68WYVjzF2IV8xes
				Accept=*/*
				Content-Type=application/json
Cookies:		<none>
Multiparts:		<none>
Body:			<none>
Request method:	DELETE
Request URI:	https://stellarburgers.nomoreparties.site/api/auth/user
Proxy:			<none>
Request params:	<none>
Query params:	<none>
Form params:	<none>
Path params:	<none>
Headers:		authorization=Bearer eyJhbGciOiJIUzI1NiIsInR5cCI6IkpXVCJ9.eyJpZCI6IjY2ODE3OTc5OWVkMjgwMDAxYjQ1OTYyMiIsImlhdCI6MTcxOTc2MTI3MywiZXhwIjoxNzE5NzYyNDczfQ.QMe0rHXaRi5UhzAuTs9K4w8Ut0gH68WYVjzF2IV8xes
				Accept=*/*
				Content-Type=application/json
Cookies:		<none>
Multiparts:		<none>
Body:			<none>
Request method:	DELETE
Request URI:	https://stellarburgers.nomoreparties.site/api/auth/user
Proxy:			<none>
Request params:	<none>
Query params:	<none>
Form params:	<none>
Path params:	<none>
Headers:		authorization=Bearer eyJhbGciOiJIUzI1NiIsInR5cCI6IkpXVCJ9.eyJpZCI6IjY2ODE3OTc5OWVkMjgwMDAxYjQ1OTYyMiIsImlhdCI6MTcxOTc2MTI3MywiZXhwIjoxNzE5NzYyNDczfQ.QMe0rHXaRi5UhzAuTs9K4w8Ut0gH68WYVjzF2IV8xes
				Accept=*/*
				Content-Type=application/json
Cookies:		<none>
Multiparts:		<none>
Body:			<none>
Request method:	DELETE
Request URI:	https://stellarburgers.nomoreparties.site/api/auth/user
Proxy:			<none>
Request params:	<none>
Query params:	<none>
Form params:	<none>
Path params:	<none>
Headers:		authorization=Bearer eyJhbGciOiJIUzI1NiIsInR5cCI6IkpXVCJ9.eyJpZCI6IjY2ODE3OTc5OWVkMjgwMDAxYjQ1OTYyMiIsImlhdCI6MTcxOTc2MTI3MywiZXhwIjoxNzE5NzYyNDczfQ.QMe0rHXaRi5UhzAuTs9K4w8Ut0gH68WYVjzF2IV8xes
				Accept=*/*
				Content-Type=application/json
Cookies:		<none>
Multiparts:		<none>
Body:			<none>
Request method:	DELETE
Request URI:	https://stellarburgers.nomoreparties.site/api/auth/user
Proxy:			<none>
Request params:	<none>
Query params:	<none>
Form params:	<none>
Path params:	<none>
Headers:		authorization=Bearer eyJhbGciOiJIUzI1NiIsInR5cCI6IkpXVCJ9.eyJpZCI6IjY2ODE3OTc5OWVkMjgwMDAxYjQ1OTYyMiIsImlhdCI6MTcxOTc2MTI3MywiZXhwIjoxNzE5NzYyNDczfQ.QMe0rHXaRi5UhzAuTs9K4w8Ut0gH68WYVjzF2IV8xes
				Accept=*/*
				Content-Type=application/json
Cookies:		<none>
Multiparts:		<none>
Body:			<none>
Request method:	DELETE
Request URI:	https://stellarburgers.nomoreparties.site/api/auth/user
Proxy:			<none>
Request params:	<none>
Query params:	<none>
Form params:	<none>
Path params:	<none>
Headers:		authorization=Bearer eyJhbGciOiJIUzI1NiIsInR5cCI6IkpXVCJ9.eyJpZCI6IjY2ODE3OTc5OWVkMjgwMDAxYjQ1OTYyMiIsImlhdCI6MTcxOTc2MTI3MywiZXhwIjoxNzE5NzYyNDczfQ.QMe0rHXaRi5UhzAuTs9K4w8Ut0gH68WYVjzF2IV8xes
				Accept=*/*
				Content-Type=application/json
Cookies:		<none>
Multiparts:		<none>
Body:			<none>
Request method:	DELETE
Request URI:	https://stellarburgers.nomoreparties.site/api/auth/user
Proxy:			<none>
Request params:	<none>
Query params:	<none>
Form params:	<none>
Path params:	<none>
Headers:		authorization=Bearer eyJhbGciOiJIUzI1NiIsInR5cCI6IkpXVCJ9.eyJpZCI6IjY2ODE3OTc5OWVkMjgwMDAxYjQ1OTYyMiIsImlhdCI6MTcxOTc2MTI3MywiZXhwIjoxNzE5NzYyNDczfQ.QMe0rHXaRi5UhzAuTs9K4w8Ut0gH68WYVjzF2IV8xes
				Accept=*/*
				Content-Type=application/json
Cookies:		<none>
Multiparts:		<none>
Body:			<none>
Request method:	DELETE
Request URI:	https://stellarburgers.nomoreparties.site/api/auth/user
Proxy:			<none>
Request params:	<none>
Query params:	<none>
Form params:	<none>
Path params:	<none>
Headers:		authorization=Bearer eyJhbGciOiJIUzI1NiIsInR5cCI6IkpXVCJ9.eyJpZCI6IjY2ODE3OTc5OWVkMjgwMDAxYjQ1OTYyMiIsImlhdCI6MTcxOTc2MTI3MywiZXhwIjoxNzE5NzYyNDczfQ.QMe0rHXaRi5UhzAuTs9K4w8Ut0gH68WYVjzF2IV8xes
				Accept=*/*
				Content-Type=application/json
Cookies:		<none>
Multiparts:		<none>
Body:			<none>
Request method:	DELETE
Request URI:	https://stellarburgers.nomoreparties.site/api/auth/user
Proxy:			<none>
Request params:	<none>
Query params:	<none>
Form params:	<none>
Path params:	<none>
Headers:		authorization=Bearer eyJhbGciOiJIUzI1NiIsInR5cCI6IkpXVCJ9.eyJpZCI6IjY2ODE3OTc5OWVkMjgwMDAxYjQ1OTYyMiIsImlhdCI6MTcxOTc2MTI3MywiZXhwIjoxNzE5NzYyNDczfQ.QMe0rHXaRi5UhzAuTs9K4w8Ut0gH68WYVjzF2IV8xes
				Accept=*/*
				Content-Type=application/json
Cookies:		<none>
Multiparts:		<none>
Body:			<none>
Request method:	DELETE
Request URI:	https://stellarburgers.nomoreparties.site/api/auth/user
Proxy:			<none>
Request params:	<none>
Query params:	<none>
Form params:	<none>
Path params:	<none>
Headers:		authorization=Bearer eyJhbGciOiJIUzI1NiIsInR5cCI6IkpXVCJ9.eyJpZCI6IjY2ODE3OTc5OWVkMjgwMDAxYjQ1OTYyMiIsImlhdCI6MTcxOTc2MTI3MywiZXhwIjoxNzE5NzYyNDczfQ.QMe0rHXaRi5UhzAuTs9K4w8Ut0gH68WYVjzF2IV8xes
				Accept=*/*
				Content-Type=application/json
Cookies:		<none>
Multiparts:		<none>
Body:			<none>
Request method:	DELETE
Request URI:	https://stellarburgers.nomoreparties.site/api/auth/user
Proxy:			<none>
Request params:	<none>
Query params:	<none>
Form params:	<none>
Path params:	<none>
Headers:		authorization=Bearer eyJhbGciOiJIUzI1NiIsInR5cCI6IkpXVCJ9.eyJpZCI6IjY2ODE3OTc5OWVkMjgwMDAxYjQ1OTYyMiIsImlhdCI6MTcxOTc2MTI3MywiZXhwIjoxNzE5NzYyNDczfQ.QMe0rHXaRi5UhzAuTs9K4w8Ut0gH68WYVjzF2IV8xes
				Accept=*/*
				Content-Type=application/json
Cookies:		<none>
Multiparts:		<none>
Body:			<none>
Request method:	DELETE
Request URI:	https://stellarburgers.nomoreparties.site/api/auth/user
Proxy:			<none>
Request params:	<none>
Query params:	<none>
Form params:	<none>
Path params:	<none>
Headers:		authorization=Bearer eyJhbGciOiJIUzI1NiIsInR5cCI6IkpXVCJ9.eyJpZCI6IjY2ODE3OTc5OWVkMjgwMDAxYjQ1OTYyMiIsImlhdCI6MTcxOTc2MTI3MywiZXhwIjoxNzE5NzYyNDczfQ.QMe0rHXaRi5UhzAuTs9K4w8Ut0gH68WYVjzF2IV8xes
				Accept=*/*
				Content-Type=application/json
Cookies:		<none>
Multiparts:		<none>
Body:			<none>
Request method:	DELETE
Request URI:	https://stellarburgers.nomoreparties.site/api/auth/user
Proxy:			<none>
Request params:	<none>
Query params:	<none>
Form params:	<none>
Path params:	<none>
Headers:		authorization=Bearer eyJhbGciOiJIUzI1NiIsInR5cCI6IkpXVCJ9.eyJpZCI6IjY2ODE3OTc5OWVkMjgwMDAxYjQ1OTYyMiIsImlhdCI6MTcxOTc2MTI3MywiZXhwIjoxNzE5NzYyNDczfQ.QMe0rHXaRi5UhzAuTs9K4w8Ut0gH68WYVjzF2IV8xes
				Accept=*/*
				Content-Type=application/json
Cookies:		<none>
Multiparts:		<none>
Body:			<none>
Request method:	DELETE
Request URI:	https://stellarburgers.nomoreparties.site/api/auth/user
Proxy:			<none>
Request params:	<none>
Query params:	<none>
Form params:	<none>
Path params:	<none>
Headers:		authorization=Bearer eyJhbGciOiJIUzI1NiIsInR5cCI6IkpXVCJ9.eyJpZCI6IjY2ODE3OTc5OWVkMjgwMDAxYjQ1OTYyMiIsImlhdCI6MTcxOTc2MTI3MywiZXhwIjoxNzE5NzYyNDczfQ.QMe0rHXaRi5UhzAuTs9K4w8Ut0gH68WYVjzF2IV8xes
				Accept=*/*
				Content-Type=application/json
Cookies:		<none>
Multiparts:		<none>
Body:			<none>
Request method:	DELETE
Request URI:	https://stellarburgers.nomoreparties.site/api/auth/user
Proxy:			<none>
Request params:	<none>
Query params:	<none>
Form params:	<none>
Path params:	<none>
Headers:		authorization=Bearer eyJhbGciOiJIUzI1NiIsInR5cCI6IkpXVCJ9.eyJpZCI6IjY2ODE3OTc5OWVkMjgwMDAxYjQ1OTYyMiIsImlhdCI6MTcxOTc2MTI3MywiZXhwIjoxNzE5NzYyNDczfQ.QMe0rHXaRi5UhzAuTs9K4w8Ut0gH68WYVjzF2IV8xes
				Accept=*/*
				Content-Type=application/json
Cookies:		<none>
Multiparts:		<none>
Body:			<none>
Request method:	DELETE
Request URI:	https://stellarburgers.nomoreparties.site/api/auth/user
Proxy:			<none>
Request params:	<none>
Query params:	<none>
Form params:	<none>
Path params:	<none>
Headers:		authorization=Bearer eyJhbGciOiJIUzI1NiIsInR5cCI6IkpXVCJ9.eyJpZCI6IjY2ODE3OTc5OWVkMjgwMDAxYjQ1OTYyMiIsImlhdCI6MTcxOTc2MTI3MywiZXhwIjoxNzE5NzYyNDczfQ.QMe0rHXaRi5UhzAuTs9K4w8Ut0gH68WYVjzF2IV8xes
				Accept=*/*
				Content-Type=application/json
Cookies:		<none>
Multiparts:		<none>
Body:			<none>
Request method:	DELETE
Request URI:	https://stellarburgers.nomoreparties.site/api/auth/user
Proxy:			<none>
Request params:	<none>
Query params:	<none>
Form params:	<none>
Path params:	<none>
Headers:		authorization=Bearer eyJhbGciOiJIUzI1NiIsInR5cCI6IkpXVCJ9.eyJpZCI6IjY2ODE3OTc5OWVkMjgwMDAxYjQ1OTYyMiIsImlhdCI6MTcxOTc2MTI3MywiZXhwIjoxNzE5NzYyNDczfQ.QMe0rHXaRi5UhzAuTs9K4w8Ut0gH68WYVjzF2IV8xes
				Accept=*/*
				Content-Type=application/json
Cookies:		<none>
Multiparts:		<none>
Body:			<none>
HTTP/1.1 202 Accepted
Date: Sun, 30 Jun 2024 15:27:54 GMT
Content-Type: application/json; charset=utf-8
Content-Length: 54
Connection: keep-alive
X-Powered-By: Express
Access-Control-Allow-Origin: *
ETag: W/"36-hDmZnQ3Ou/ynnqAeC6TYmyseuzY"
CF-Cache-Status: DYNAMIC
Report-To: {"endpoints":[{"url":"https:\/\/a.nel.cloudflare.com\/report\/v4?s=p6vNuQvvKsQEREAEDmE7zJ%2BMaujpOCNvfCH25wGsmAz9GHlLmDNkWnFHwBLnLcuu6bEnne41WkkFN6B4KTBiciitdl2Z68e6bue3mlUvLqrTpIRmiro4GcFEMdNf3dpLnLzCcIy9NkB1qA4ThBmV2LoUZa0%3D"}],"group":"cf-nel","max_age":604800}
NEL: {"success_fraction":0,"report_to":"cf-nel","max_age":604800}
Server: cloudflare
CF-RAY: 89bf2edc69a36627-AMS
alt-svc: h3=":443"; ma=86400

{
    "success": true,
    "message": "User successfully removed"
}
HTTP/1.1 202 Accepted
Date: Sun, 30 Jun 2024 15:27:54 GMT
Content-Type: application/json; charset=utf-8
Content-Length: 54
Connection: keep-alive
X-Powered-By: Express
Access-Control-Allow-Origin: *
ETag: W/"36-hDmZnQ3Ou/ynnqAeC6TYmyseuzY"
CF-Cache-Status: DYNAMIC
Report-To: {"endpoints":[{"url":"https:\/\/a.nel.cloudflare.com\/report\/v4?s=p6vNuQvvKsQEREAEDmE7zJ%2BMaujpOCNvfCH25wGsmAz9GHlLmDNkWnFHwBLnLcuu6bEnne41WkkFN6B4KTBiciitdl2Z68e6bue3mlUvLqrTpIRmiro4GcFEMdNf3dpLnLzCcIy9NkB1qA4ThBmV2LoUZa0%3D"}],"group":"cf-nel","max_age":604800}
NEL: {"success_fraction":0,"report_to":"cf-nel","max_age":604800}
Server: cloudflare
CF-RAY: 89bf2edc69a36627-AMS
alt-svc: h3=":443"; ma=86400

{
    "success": true,
    "message": "User successfully removed"
}
HTTP/1.1 202 Accepted
Date: Sun, 30 Jun 2024 15:27:54 GMT
Content-Type: application/json; charset=utf-8
Content-Length: 54
Connection: keep-alive
X-Powered-By: Express
Access-Control-Allow-Origin: *
ETag: W/"36-hDmZnQ3Ou/ynnqAeC6TYmyseuzY"
CF-Cache-Status: DYNAMIC
Report-To: {"endpoints":[{"url":"https:\/\/a.nel.cloudflare.com\/report\/v4?s=p6vNuQvvKsQEREAEDmE7zJ%2BMaujpOCNvfCH25wGsmAz9GHlLmDNkWnFHwBLnLcuu6bEnne41WkkFN6B4KTBiciitdl2Z68e6bue3mlUvLqrTpIRmiro4GcFEMdNf3dpLnLzCcIy9NkB1qA4ThBmV2LoUZa0%3D"}],"group":"cf-nel","max_age":604800}
NEL: {"success_fraction":0,"report_to":"cf-nel","max_age":604800}
Server: cloudflare
CF-RAY: 89bf2edc69a36627-AMS
alt-svc: h3=":443"; ma=86400

{
    "success": true,
    "message": "User successfully removed"
}
HTTP/1.1 202 Accepted
Date: Sun, 30 Jun 2024 15:27:54 GMT
Content-Type: application/json; charset=utf-8
Content-Length: 54
Connection: keep-alive
X-Powered-By: Express
Access-Control-Allow-Origin: *
ETag: W/"36-hDmZnQ3Ou/ynnqAeC6TYmyseuzY"
CF-Cache-Status: DYNAMIC
Report-To: {"endpoints":[{"url":"https:\/\/a.nel.cloudflare.com\/report\/v4?s=p6vNuQvvKsQEREAEDmE7zJ%2BMaujpOCNvfCH25wGsmAz9GHlLmDNkWnFHwBLnLcuu6bEnne41WkkFN6B4KTBiciitdl2Z68e6bue3mlUvLqrTpIRmiro4GcFEMdNf3dpLnLzCcIy9NkB1qA4ThBmV2LoUZa0%3D"}],"group":"cf-nel","max_age":604800}
NEL: {"success_fraction":0,"report_to":"cf-nel","max_age":604800}
Server: cloudflare
CF-RAY: 89bf2edc69a36627-AMS
alt-svc: h3=":443"; ma=86400

{
    "success": true,
    "message": "User successfully removed"
}
HTTP/1.1 202 Accepted
Date: Sun, 30 Jun 2024 15:27:54 GMT
Content-Type: application/json; charset=utf-8
Content-Length: 54
Connection: keep-alive
X-Powered-By: Express
Access-Control-Allow-Origin: *
ETag: W/"36-hDmZnQ3Ou/ynnqAeC6TYmyseuzY"
CF-Cache-Status: DYNAMIC
Report-To: {"endpoints":[{"url":"https:\/\/a.nel.cloudflare.com\/report\/v4?s=p6vNuQvvKsQEREAEDmE7zJ%2BMaujpOCNvfCH25wGsmAz9GHlLmDNkWnFHwBLnLcuu6bEnne41WkkFN6B4KTBiciitdl2Z68e6bue3mlUvLqrTpIRmiro4GcFEMdNf3dpLnLzCcIy9NkB1qA4ThBmV2LoUZa0%3D"}],"group":"cf-nel","max_age":604800}
NEL: {"success_fraction":0,"report_to":"cf-nel","max_age":604800}
Server: cloudflare
CF-RAY: 89bf2edc69a36627-AMS
alt-svc: h3=":443"; ma=86400

{
    "success": true,
    "message": "User successfully removed"
}
HTTP/1.1 202 Accepted
Date: Sun, 30 Jun 2024 15:27:54 GMT
Content-Type: application/json; charset=utf-8
Content-Length: 54
Connection: keep-alive
X-Powered-By: Express
Access-Control-Allow-Origin: *
ETag: W/"36-hDmZnQ3Ou/ynnqAeC6TYmyseuzY"
CF-Cache-Status: DYNAMIC
Report-To: {"endpoints":[{"url":"https:\/\/a.nel.cloudflare.com\/report\/v4?s=p6vNuQvvKsQEREAEDmE7zJ%2BMaujpOCNvfCH25wGsmAz9GHlLmDNkWnFHwBLnLcuu6bEnne41WkkFN6B4KTBiciitdl2Z68e6bue3mlUvLqrTpIRmiro4GcFEMdNf3dpLnLzCcIy9NkB1qA4ThBmV2LoUZa0%3D"}],"group":"cf-nel","max_age":604800}
NEL: {"success_fraction":0,"report_to":"cf-nel","max_age":604800}
Server: cloudflare
CF-RAY: 89bf2edc69a36627-AMS
alt-svc: h3=":443"; ma=86400

{
    "success": true,
    "message": "User successfully removed"
}
HTTP/1.1 202 Accepted
Date: Sun, 30 Jun 2024 15:27:54 GMT
Content-Type: application/json; charset=utf-8
Content-Length: 54
Connection: keep-alive
X-Powered-By: Express
Access-Control-Allow-Origin: *
ETag: W/"36-hDmZnQ3Ou/ynnqAeC6TYmyseuzY"
CF-Cache-Status: DYNAMIC
Report-To: {"endpoints":[{"url":"https:\/\/a.nel.cloudflare.com\/report\/v4?s=p6vNuQvvKsQEREAEDmE7zJ%2BMaujpOCNvfCH25wGsmAz9GHlLmDNkWnFHwBLnLcuu6bEnne41WkkFN6B4KTBiciitdl2Z68e6bue3mlUvLqrTpIRmiro4GcFEMdNf3dpLnLzCcIy9NkB1qA4ThBmV2LoUZa0%3D"}],"group":"cf-nel","max_age":604800}
NEL: {"success_fraction":0,"report_to":"cf-nel","max_age":604800}
Server: cloudflare
CF-RAY: 89bf2edc69a36627-AMS
alt-svc: h3=":443"; ma=86400

{
    "success": true,
    "message": "User successfully removed"
}
HTTP/1.1 202 Accepted
Date: Sun, 30 Jun 2024 15:27:54 GMT
Content-Type: application/json; charset=utf-8
Content-Length: 54
Connection: keep-alive
X-Powered-By: Express
Access-Control-Allow-Origin: *
ETag: W/"36-hDmZnQ3Ou/ynnqAeC6TYmyseuzY"
CF-Cache-Status: DYNAMIC
Report-To: {"endpoints":[{"url":"https:\/\/a.nel.cloudflare.com\/report\/v4?s=p6vNuQvvKsQEREAEDmE7zJ%2BMaujpOCNvfCH25wGsmAz9GHlLmDNkWnFHwBLnLcuu6bEnne41WkkFN6B4KTBiciitdl2Z68e6bue3mlUvLqrTpIRmiro4GcFEMdNf3dpLnLzCcIy9NkB1qA4ThBmV2LoUZa0%3D"}],"group":"cf-nel","max_age":604800}
NEL: {"success_fraction":0,"report_to":"cf-nel","max_age":604800}
Server: cloudflare
CF-RAY: 89bf2edc69a36627-AMS
alt-svc: h3=":443"; ma=86400

{
    "success": true,
    "message": "User successfully removed"
}
HTTP/1.1 202 Accepted
Date: Sun, 30 Jun 2024 15:27:54 GMT
Content-Type: application/json; charset=utf-8
Content-Length: 54
Connection: keep-alive
X-Powered-By: Express
Access-Control-Allow-Origin: *
ETag: W/"36-hDmZnQ3Ou/ynnqAeC6TYmyseuzY"
CF-Cache-Status: DYNAMIC
Report-To: {"endpoints":[{"url":"https:\/\/a.nel.cloudflare.com\/report\/v4?s=p6vNuQvvKsQEREAEDmE7zJ%2BMaujpOCNvfCH25wGsmAz9GHlLmDNkWnFHwBLnLcuu6bEnne41WkkFN6B4KTBiciitdl2Z68e6bue3mlUvLqrTpIRmiro4GcFEMdNf3dpLnLzCcIy9NkB1qA4ThBmV2LoUZa0%3D"}],"group":"cf-nel","max_age":604800}
NEL: {"success_fraction":0,"report_to":"cf-nel","max_age":604800}
Server: cloudflare
CF-RAY: 89bf2edc69a36627-AMS
alt-svc: h3=":443"; ma=86400

{
    "success": true,
    "message": "User successfully removed"
}
HTTP/1.1 202 Accepted
Date: Sun, 30 Jun 2024 15:27:54 GMT
Content-Type: application/json; charset=utf-8
Content-Length: 54
Connection: keep-alive
X-Powered-By: Express
Access-Control-Allow-Origin: *
ETag: W/"36-hDmZnQ3Ou/ynnqAeC6TYmyseuzY"
CF-Cache-Status: DYNAMIC
Report-To: {"endpoints":[{"url":"https:\/\/a.nel.cloudflare.com\/report\/v4?s=p6vNuQvvKsQEREAEDmE7zJ%2BMaujpOCNvfCH25wGsmAz9GHlLmDNkWnFHwBLnLcuu6bEnne41WkkFN6B4KTBiciitdl2Z68e6bue3mlUvLqrTpIRmiro4GcFEMdNf3dpLnLzCcIy9NkB1qA4ThBmV2LoUZa0%3D"}],"group":"cf-nel","max_age":604800}
NEL: {"success_fraction":0,"report_to":"cf-nel","max_age":604800}
Server: cloudflare
CF-RAY: 89bf2edc69a36627-AMS
alt-svc: h3=":443"; ma=86400

{
    "success": true,
    "message": "User successfully removed"
}
HTTP/1.1 202 Accepted
Date: Sun, 30 Jun 2024 15:27:54 GMT
Content-Type: application/json; charset=utf-8
Content-Length: 54
Connection: keep-alive
X-Powered-By: Express
Access-Control-Allow-Origin: *
ETag: W/"36-hDmZnQ3Ou/ynnqAeC6TYmyseuzY"
CF-Cache-Status: DYNAMIC
Report-To: {"endpoints":[{"url":"https:\/\/a.nel.cloudflare.com\/report\/v4?s=p6vNuQvvKsQEREAEDmE7zJ%2BMaujpOCNvfCH25wGsmAz9GHlLmDNkWnFHwBLnLcuu6bEnne41WkkFN6B4KTBiciitdl2Z68e6bue3mlUvLqrTpIRmiro4GcFEMdNf3dpLnLzCcIy9NkB1qA4ThBmV2LoUZa0%3D"}],"group":"cf-nel","max_age":604800}
NEL: {"success_fraction":0,"report_to":"cf-nel","max_age":604800}
Server: cloudflare
CF-RAY: 89bf2edc69a36627-AMS
alt-svc: h3=":443"; ma=86400

{
    "success": true,
    "message": "User successfully removed"
}
HTTP/1.1 202 Accepted
Date: Sun, 30 Jun 2024 15:27:54 GMT
Content-Type: application/json; charset=utf-8
Content-Length: 54
Connection: keep-alive
X-Powered-By: Express
Access-Control-Allow-Origin: *
ETag: W/"36-hDmZnQ3Ou/ynnqAeC6TYmyseuzY"
CF-Cache-Status: DYNAMIC
Report-To: {"endpoints":[{"url":"https:\/\/a.nel.cloudflare.com\/report\/v4?s=p6vNuQvvKsQEREAEDmE7zJ%2BMaujpOCNvfCH25wGsmAz9GHlLmDNkWnFHwBLnLcuu6bEnne41WkkFN6B4KTBiciitdl2Z68e6bue3mlUvLqrTpIRmiro4GcFEMdNf3dpLnLzCcIy9NkB1qA4ThBmV2LoUZa0%3D"}],"group":"cf-nel","max_age":604800}
NEL: {"success_fraction":0,"report_to":"cf-nel","max_age":604800}
Server: cloudflare
CF-RAY: 89bf2edc69a36627-AMS
alt-svc: h3=":443"; ma=86400

{
    "success": true,
    "message": "User successfully removed"
}
HTTP/1.1 202 Accepted
Date: Sun, 30 Jun 2024 15:27:54 GMT
Content-Type: application/json; charset=utf-8
Content-Length: 54
Connection: keep-alive
X-Powered-By: Express
Access-Control-Allow-Origin: *
ETag: W/"36-hDmZnQ3Ou/ynnqAeC6TYmyseuzY"
CF-Cache-Status: DYNAMIC
Report-To: {"endpoints":[{"url":"https:\/\/a.nel.cloudflare.com\/report\/v4?s=p6vNuQvvKsQEREAEDmE7zJ%2BMaujpOCNvfCH25wGsmAz9GHlLmDNkWnFHwBLnLcuu6bEnne41WkkFN6B4KTBiciitdl2Z68e6bue3mlUvLqrTpIRmiro4GcFEMdNf3dpLnLzCcIy9NkB1qA4ThBmV2LoUZa0%3D"}],"group":"cf-nel","max_age":604800}
NEL: {"success_fraction":0,"report_to":"cf-nel","max_age":604800}
Server: cloudflare
CF-RAY: 89bf2edc69a36627-AMS
alt-svc: h3=":443"; ma=86400

{
    "success": true,
    "message": "User successfully removed"
}
HTTP/1.1 202 Accepted
Date: Sun, 30 Jun 2024 15:27:54 GMT
Content-Type: application/json; charset=utf-8
Content-Length: 54
Connection: keep-alive
X-Powered-By: Express
Access-Control-Allow-Origin: *
ETag: W/"36-hDmZnQ3Ou/ynnqAeC6TYmyseuzY"
CF-Cache-Status: DYNAMIC
Report-To: {"endpoints":[{"url":"https:\/\/a.nel.cloudflare.com\/report\/v4?s=p6vNuQvvKsQEREAEDmE7zJ%2BMaujpOCNvfCH25wGsmAz9GHlLmDNkWnFHwBLnLcuu6bEnne41WkkFN6B4KTBiciitdl2Z68e6bue3mlUvLqrTpIRmiro4GcFEMdNf3dpLnLzCcIy9NkB1qA4ThBmV2LoUZa0%3D"}],"group":"cf-nel","max_age":604800}
NEL: {"success_fraction":0,"report_to":"cf-nel","max_age":604800}
Server: cloudflare
CF-RAY: 89bf2edc69a36627-AMS
alt-svc: h3=":443"; ma=86400

{
    "success": true,
    "message": "User successfully removed"
}
HTTP/1.1 202 Accepted
Date: Sun, 30 Jun 2024 15:27:54 GMT
Content-Type: application/json; charset=utf-8
Content-Length: 54
Connection: keep-alive
X-Powered-By: Express
Access-Control-Allow-Origin: *
ETag: W/"36-hDmZnQ3Ou/ynnqAeC6TYmyseuzY"
CF-Cache-Status: DYNAMIC
Report-To: {"endpoints":[{"url":"https:\/\/a.nel.cloudflare.com\/report\/v4?s=p6vNuQvvKsQEREAEDmE7zJ%2BMaujpOCNvfCH25wGsmAz9GHlLmDNkWnFHwBLnLcuu6bEnne41WkkFN6B4KTBiciitdl2Z68e6bue3mlUvLqrTpIRmiro4GcFEMdNf3dpLnLzCcIy9NkB1qA4ThBmV2LoUZa0%3D"}],"group":"cf-nel","max_age":604800}
NEL: {"success_fraction":0,"report_to":"cf-nel","max_age":604800}
Server: cloudflare
CF-RAY: 89bf2edc69a36627-AMS
alt-svc: h3=":443"; ma=86400

{
    "success": true,
    "message": "User successfully removed"
}
HTTP/1.1 202 Accepted
Date: Sun, 30 Jun 2024 15:27:54 GMT
Content-Type: application/json; charset=utf-8
Content-Length: 54
Connection: keep-alive
X-Powered-By: Express
Access-Control-Allow-Origin: *
ETag: W/"36-hDmZnQ3Ou/ynnqAeC6TYmyseuzY"
CF-Cache-Status: DYNAMIC
Report-To: {"endpoints":[{"url":"https:\/\/a.nel.cloudflare.com\/report\/v4?s=p6vNuQvvKsQEREAEDmE7zJ%2BMaujpOCNvfCH25wGsmAz9GHlLmDNkWnFHwBLnLcuu6bEnne41WkkFN6B4KTBiciitdl2Z68e6bue3mlUvLqrTpIRmiro4GcFEMdNf3dpLnLzCcIy9NkB1qA4ThBmV2LoUZa0%3D"}],"group":"cf-nel","max_age":604800}
NEL: {"success_fraction":0,"report_to":"cf-nel","max_age":604800}
Server: cloudflare
CF-RAY: 89bf2edc69a36627-AMS
alt-svc: h3=":443"; ma=86400

{
    "success": true,
    "message": "User successfully removed"
}
HTTP/1.1 202 Accepted
Date: Sun, 30 Jun 2024 15:27:54 GMT
Content-Type: application/json; charset=utf-8
Content-Length: 54
Connection: keep-alive
X-Powered-By: Express
Access-Control-Allow-Origin: *
ETag: W/"36-hDmZnQ3Ou/ynnqAeC6TYmyseuzY"
CF-Cache-Status: DYNAMIC
Report-To: {"endpoints":[{"url":"https:\/\/a.nel.cloudflare.com\/report\/v4?s=p6vNuQvvKsQEREAEDmE7zJ%2BMaujpOCNvfCH25wGsmAz9GHlLmDNkWnFHwBLnLcuu6bEnne41WkkFN6B4KTBiciitdl2Z68e6bue3mlUvLqrTpIRmiro4GcFEMdNf3dpLnLzCcIy9NkB1qA4ThBmV2LoUZa0%3D"}],"group":"cf-nel","max_age":604800}
NEL: {"success_fraction":0,"report_to":"cf-nel","max_age":604800}
Server: cloudflare
CF-RAY: 89bf2edc69a36627-AMS
alt-svc: h3=":443"; ma=86400

{
    "success": true,
    "message": "User successfully removed"
}
HTTP/1.1 202 Accepted
Date: Sun, 30 Jun 2024 15:27:54 GMT
Content-Type: application/json; charset=utf-8
Content-Length: 54
Connection: keep-alive
X-Powered-By: Express
Access-Control-Allow-Origin: *
ETag: W/"36-hDmZnQ3Ou/ynnqAeC6TYmyseuzY"
CF-Cache-Status: DYNAMIC
Report-To: {"endpoints":[{"url":"https:\/\/a.nel.cloudflare.com\/report\/v4?s=p6vNuQvvKsQEREAEDmE7zJ%2BMaujpOCNvfCH25wGsmAz9GHlLmDNkWnFHwBLnLcuu6bEnne41WkkFN6B4KTBiciitdl2Z68e6bue3mlUvLqrTpIRmiro4GcFEMdNf3dpLnLzCcIy9NkB1qA4ThBmV2LoUZa0%3D"}],"group":"cf-nel","max_age":604800}
NEL: {"success_fraction":0,"report_to":"cf-nel","max_age":604800}
Server: cloudflare
CF-RAY: 89bf2edc69a36627-AMS
alt-svc: h3=":443"; ma=86400

{
    "success": true,
    "message": "User successfully removed"
}
HTTP/1.1 202 Accepted
Date: Sun, 30 Jun 2024 15:27:54 GMT
Content-Type: application/json; charset=utf-8
Content-Length: 54
Connection: keep-alive
X-Powered-By: Express
Access-Control-Allow-Origin: *
ETag: W/"36-hDmZnQ3Ou/ynnqAeC6TYmyseuzY"
CF-Cache-Status: DYNAMIC
Report-To: {"endpoints":[{"url":"https:\/\/a.nel.cloudflare.com\/report\/v4?s=p6vNuQvvKsQEREAEDmE7zJ%2BMaujpOCNvfCH25wGsmAz9GHlLmDNkWnFHwBLnLcuu6bEnne41WkkFN6B4KTBiciitdl2Z68e6bue3mlUvLqrTpIRmiro4GcFEMdNf3dpLnLzCcIy9NkB1qA4ThBmV2LoUZa0%3D"}],"group":"cf-nel","max_age":604800}
NEL: {"success_fraction":0,"report_to":"cf-nel","max_age":604800}
Server: cloudflare
CF-RAY: 89bf2edc69a36627-AMS
alt-svc: h3=":443"; ma=86400

{
    "success": true,
    "message": "User successfully removed"
}
HTTP/1.1 202 Accepted
Date: Sun, 30 Jun 2024 15:27:54 GMT
Content-Type: application/json; charset=utf-8
Content-Length: 54
Connection: keep-alive
X-Powered-By: Express
Access-Control-Allow-Origin: *
ETag: W/"36-hDmZnQ3Ou/ynnqAeC6TYmyseuzY"
CF-Cache-Status: DYNAMIC
Report-To: {"endpoints":[{"url":"https:\/\/a.nel.cloudflare.com\/report\/v4?s=p6vNuQvvKsQEREAEDmE7zJ%2BMaujpOCNvfCH25wGsmAz9GHlLmDNkWnFHwBLnLcuu6bEnne41WkkFN6B4KTBiciitdl2Z68e6bue3mlUvLqrTpIRmiro4GcFEMdNf3dpLnLzCcIy9NkB1qA4ThBmV2LoUZa0%3D"}],"group":"cf-nel","max_age":604800}
NEL: {"success_fraction":0,"report_to":"cf-nel","max_age":604800}
Server: cloudflare
CF-RAY: 89bf2edc69a36627-AMS
alt-svc: h3=":443"; ma=86400

{
    "success": true,
    "message": "User successfully removed"
}
HTTP/1.1 202 Accepted
Date: Sun, 30 Jun 2024 15:27:54 GMT
Content-Type: application/json; charset=utf-8
Content-Length: 54
Connection: keep-alive
X-Powered-By: Express
Access-Control-Allow-Origin: *
ETag: W/"36-hDmZnQ3Ou/ynnqAeC6TYmyseuzY"
CF-Cache-Status: DYNAMIC
Report-To: {"endpoints":[{"url":"https:\/\/a.nel.cloudflare.com\/report\/v4?s=p6vNuQvvKsQEREAEDmE7zJ%2BMaujpOCNvfCH25wGsmAz9GHlLmDNkWnFHwBLnLcuu6bEnne41WkkFN6B4KTBiciitdl2Z68e6bue3mlUvLqrTpIRmiro4GcFEMdNf3dpLnLzCcIy9NkB1qA4ThBmV2LoUZa0%3D"}],"group":"cf-nel","max_age":604800}
NEL: {"success_fraction":0,"report_to":"cf-nel","max_age":604800}
Server: cloudflare
CF-RAY: 89bf2edc69a36627-AMS
alt-svc: h3=":443"; ma=86400

{
    "success": true,
    "message": "User successfully removed"
}
HTTP/1.1 202 Accepted
Date: Sun, 30 Jun 2024 15:27:54 GMT
Content-Type: application/json; charset=utf-8
Content-Length: 54
Connection: keep-alive
X-Powered-By: Express
Access-Control-Allow-Origin: *
ETag: W/"36-hDmZnQ3Ou/ynnqAeC6TYmyseuzY"
CF-Cache-Status: DYNAMIC
Report-To: {"endpoints":[{"url":"https:\/\/a.nel.cloudflare.com\/report\/v4?s=p6vNuQvvKsQEREAEDmE7zJ%2BMaujpOCNvfCH25wGsmAz9GHlLmDNkWnFHwBLnLcuu6bEnne41WkkFN6B4KTBiciitdl2Z68e6bue3mlUvLqrTpIRmiro4GcFEMdNf3dpLnLzCcIy9NkB1qA4ThBmV2LoUZa0%3D"}],"group":"cf-nel","max_age":604800}
NEL: {"success_fraction":0,"report_to":"cf-nel","max_age":604800}
Server: cloudflare
CF-RAY: 89bf2edc69a36627-AMS
alt-svc: h3=":443"; ma=86400

{
    "success": true,
    "message": "User successfully removed"
}
HTTP/1.1 202 Accepted
Date: Sun, 30 Jun 2024 15:27:54 GMT
Content-Type: application/json; charset=utf-8
Content-Length: 54
Connection: keep-alive
X-Powered-By: Express
Access-Control-Allow-Origin: *
ETag: W/"36-hDmZnQ3Ou/ynnqAeC6TYmyseuzY"
CF-Cache-Status: DYNAMIC
Report-To: {"endpoints":[{"url":"https:\/\/a.nel.cloudflare.com\/report\/v4?s=p6vNuQvvKsQEREAEDmE7zJ%2BMaujpOCNvfCH25wGsmAz9GHlLmDNkWnFHwBLnLcuu6bEnne41WkkFN6B4KTBiciitdl2Z68e6bue3mlUvLqrTpIRmiro4GcFEMdNf3dpLnLzCcIy9NkB1qA4ThBmV2LoUZa0%3D"}],"group":"cf-nel","max_age":604800}
NEL: {"success_fraction":0,"report_to":"cf-nel","max_age":604800}
Server: cloudflare
CF-RAY: 89bf2edc69a36627-AMS
alt-svc: h3=":443"; ma=86400

{
    "success": true,
    "message": "User successfully removed"
}
HTTP/1.1 202 Accepted
Date: Sun, 30 Jun 2024 15:27:54 GMT
Content-Type: application/json; charset=utf-8
Content-Length: 54
Connection: keep-alive
X-Powered-By: Express
Access-Control-Allow-Origin: *
ETag: W/"36-hDmZnQ3Ou/ynnqAeC6TYmyseuzY"
CF-Cache-Status: DYNAMIC
Report-To: {"endpoints":[{"url":"https:\/\/a.nel.cloudflare.com\/report\/v4?s=p6vNuQvvKsQEREAEDmE7zJ%2BMaujpOCNvfCH25wGsmAz9GHlLmDNkWnFHwBLnLcuu6bEnne41WkkFN6B4KTBiciitdl2Z68e6bue3mlUvLqrTpIRmiro4GcFEMdNf3dpLnLzCcIy9NkB1qA4ThBmV2LoUZa0%3D"}],"group":"cf-nel","max_age":604800}
NEL: {"success_fraction":0,"report_to":"cf-nel","max_age":604800}
Server: cloudflare
CF-RAY: 89bf2edc69a36627-AMS
alt-svc: h3=":443"; ma=86400

{
    "success": true,
    "message": "User successfully removed"
}
HTTP/1.1 202 Accepted
Date: Sun, 30 Jun 2024 15:27:54 GMT
Content-Type: application/json; charset=utf-8
Content-Length: 54
Connection: keep-alive
X-Powered-By: Express
Access-Control-Allow-Origin: *
ETag: W/"36-hDmZnQ3Ou/ynnqAeC6TYmyseuzY"
CF-Cache-Status: DYNAMIC
Report-To: {"endpoints":[{"url":"https:\/\/a.nel.cloudflare.com\/report\/v4?s=p6vNuQvvKsQEREAEDmE7zJ%2BMaujpOCNvfCH25wGsmAz9GHlLmDNkWnFHwBLnLcuu6bEnne41WkkFN6B4KTBiciitdl2Z68e6bue3mlUvLqrTpIRmiro4GcFEMdNf3dpLnLzCcIy9NkB1qA4ThBmV2LoUZa0%3D"}],"group":"cf-nel","max_age":604800}
NEL: {"success_fraction":0,"report_to":"cf-nel","max_age":604800}
Server: cloudflare
CF-RAY: 89bf2edc69a36627-AMS
alt-svc: h3=":443"; ma=86400

{
    "success": true,
    "message": "User successfully removed"
}
HTTP/1.1 202 Accepted
Date: Sun, 30 Jun 2024 15:27:54 GMT
Content-Type: application/json; charset=utf-8
Content-Length: 54
Connection: keep-alive
X-Powered-By: Express
Access-Control-Allow-Origin: *
ETag: W/"36-hDmZnQ3Ou/ynnqAeC6TYmyseuzY"
CF-Cache-Status: DYNAMIC
Report-To: {"endpoints":[{"url":"https:\/\/a.nel.cloudflare.com\/report\/v4?s=p6vNuQvvKsQEREAEDmE7zJ%2BMaujpOCNvfCH25wGsmAz9GHlLmDNkWnFHwBLnLcuu6bEnne41WkkFN6B4KTBiciitdl2Z68e6bue3mlUvLqrTpIRmiro4GcFEMdNf3dpLnLzCcIy9NkB1qA4ThBmV2LoUZa0%3D"}],"group":"cf-nel","max_age":604800}
NEL: {"success_fraction":0,"report_to":"cf-nel","max_age":604800}
Server: cloudflare
CF-RAY: 89bf2edc69a36627-AMS
alt-svc: h3=":443"; ma=86400

{
    "success": true,
    "message": "User successfully removed"
}
HTTP/1.1 202 Accepted
Date: Sun, 30 Jun 2024 15:27:54 GMT
Content-Type: application/json; charset=utf-8
Content-Length: 54
Connection: keep-alive
X-Powered-By: Express
Access-Control-Allow-Origin: *
ETag: W/"36-hDmZnQ3Ou/ynnqAeC6TYmyseuzY"
CF-Cache-Status: DYNAMIC
Report-To: {"endpoints":[{"url":"https:\/\/a.nel.cloudflare.com\/report\/v4?s=p6vNuQvvKsQEREAEDmE7zJ%2BMaujpOCNvfCH25wGsmAz9GHlLmDNkWnFHwBLnLcuu6bEnne41WkkFN6B4KTBiciitdl2Z68e6bue3mlUvLqrTpIRmiro4GcFEMdNf3dpLnLzCcIy9NkB1qA4ThBmV2LoUZa0%3D"}],"group":"cf-nel","max_age":604800}
NEL: {"success_fraction":0,"report_to":"cf-nel","max_age":604800}
Server: cloudflare
CF-RAY: 89bf2edc69a36627-AMS
alt-svc: h3=":443"; ma=86400

{
    "success": true,
    "message": "User successfully removed"
}
HTTP/1.1 202 Accepted
Date: Sun, 30 Jun 2024 15:27:54 GMT
Content-Type: application/json; charset=utf-8
Content-Length: 54
Connection: keep-alive
X-Powered-By: Express
Access-Control-Allow-Origin: *
ETag: W/"36-hDmZnQ3Ou/ynnqAeC6TYmyseuzY"
CF-Cache-Status: DYNAMIC
Report-To: {"endpoints":[{"url":"https:\/\/a.nel.cloudflare.com\/report\/v4?s=p6vNuQvvKsQEREAEDmE7zJ%2BMaujpOCNvfCH25wGsmAz9GHlLmDNkWnFHwBLnLcuu6bEnne41WkkFN6B4KTBiciitdl2Z68e6bue3mlUvLqrTpIRmiro4GcFEMdNf3dpLnLzCcIy9NkB1qA4ThBmV2LoUZa0%3D"}],"group":"cf-nel","max_age":604800}
NEL: {"success_fraction":0,"report_to":"cf-nel","max_age":604800}
Server: cloudflare
CF-RAY: 89bf2edc69a36627-AMS
alt-svc: h3=":443"; ma=86400

{
    "success": true,
    "message": "User successfully removed"
}
HTTP/1.1 202 Accepted
Date: Sun, 30 Jun 2024 15:27:54 GMT
Content-Type: application/json; charset=utf-8
Content-Length: 54
Connection: keep-alive
X-Powered-By: Express
Access-Control-Allow-Origin: *
ETag: W/"36-hDmZnQ3Ou/ynnqAeC6TYmyseuzY"
CF-Cache-Status: DYNAMIC
Report-To: {"endpoints":[{"url":"https:\/\/a.nel.cloudflare.com\/report\/v4?s=p6vNuQvvKsQEREAEDmE7zJ%2BMaujpOCNvfCH25wGsmAz9GHlLmDNkWnFHwBLnLcuu6bEnne41WkkFN6B4KTBiciitdl2Z68e6bue3mlUvLqrTpIRmiro4GcFEMdNf3dpLnLzCcIy9NkB1qA4ThBmV2LoUZa0%3D"}],"group":"cf-nel","max_age":604800}
NEL: {"success_fraction":0,"report_to":"cf-nel","max_age":604800}
Server: cloudflare
CF-RAY: 89bf2edc69a36627-AMS
alt-svc: h3=":443"; ma=86400

{
    "success": true,
    "message": "User successfully removed"
}
HTTP/1.1 202 Accepted
Date: Sun, 30 Jun 2024 15:27:54 GMT
Content-Type: application/json; charset=utf-8
Content-Length: 54
Connection: keep-alive
X-Powered-By: Express
Access-Control-Allow-Origin: *
ETag: W/"36-hDmZnQ3Ou/ynnqAeC6TYmyseuzY"
CF-Cache-Status: DYNAMIC
Report-To: {"endpoints":[{"url":"https:\/\/a.nel.cloudflare.com\/report\/v4?s=p6vNuQvvKsQEREAEDmE7zJ%2BMaujpOCNvfCH25wGsmAz9GHlLmDNkWnFHwBLnLcuu6bEnne41WkkFN6B4KTBiciitdl2Z68e6bue3mlUvLqrTpIRmiro4GcFEMdNf3dpLnLzCcIy9NkB1qA4ThBmV2LoUZa0%3D"}],"group":"cf-nel","max_age":604800}
NEL: {"success_fraction":0,"report_to":"cf-nel","max_age":604800}
Server: cloudflare
CF-RAY: 89bf2edc69a36627-AMS
alt-svc: h3=":443"; ma=86400

{
    "success": true,
    "message": "User successfully removed"
}
HTTP/1.1 202 Accepted
Date: Sun, 30 Jun 2024 15:27:54 GMT
Content-Type: application/json; charset=utf-8
Content-Length: 54
Connection: keep-alive
X-Powered-By: Express
Access-Control-Allow-Origin: *
ETag: W/"36-hDmZnQ3Ou/ynnqAeC6TYmyseuzY"
CF-Cache-Status: DYNAMIC
Report-To: {"endpoints":[{"url":"https:\/\/a.nel.cloudflare.com\/report\/v4?s=p6vNuQvvKsQEREAEDmE7zJ%2BMaujpOCNvfCH25wGsmAz9GHlLmDNkWnFHwBLnLcuu6bEnne41WkkFN6B4KTBiciitdl2Z68e6bue3mlUvLqrTpIRmiro4GcFEMdNf3dpLnLzCcIy9NkB1qA4ThBmV2LoUZa0%3D"}],"group":"cf-nel","max_age":604800}
NEL: {"success_fraction":0,"report_to":"cf-nel","max_age":604800}
Server: cloudflare
CF-RAY: 89bf2edc69a36627-AMS
alt-svc: h3=":443"; ma=86400

{
    "success": true,
    "message": "User successfully removed"
}
HTTP/1.1 202 Accepted
Date: Sun, 30 Jun 2024 15:27:54 GMT
Content-Type: application/json; charset=utf-8
Content-Length: 54
Connection: keep-alive
X-Powered-By: Express
Access-Control-Allow-Origin: *
ETag: W/"36-hDmZnQ3Ou/ynnqAeC6TYmyseuzY"
CF-Cache-Status: DYNAMIC
Report-To: {"endpoints":[{"url":"https:\/\/a.nel.cloudflare.com\/report\/v4?s=p6vNuQvvKsQEREAEDmE7zJ%2BMaujpOCNvfCH25wGsmAz9GHlLmDNkWnFHwBLnLcuu6bEnne41WkkFN6B4KTBiciitdl2Z68e6bue3mlUvLqrTpIRmiro4GcFEMdNf3dpLnLzCcIy9NkB1qA4ThBmV2LoUZa0%3D"}],"group":"cf-nel","max_age":604800}
NEL: {"success_fraction":0,"report_to":"cf-nel","max_age":604800}
Server: cloudflare
CF-RAY: 89bf2edc69a36627-AMS
alt-svc: h3=":443"; ma=86400

{
    "success": true,
    "message": "User successfully removed"
}
HTTP/1.1 202 Accepted
Date: Sun, 30 Jun 2024 15:27:54 GMT
Content-Type: application/json; charset=utf-8
Content-Length: 54
Connection: keep-alive
X-Powered-By: Express
Access-Control-Allow-Origin: *
ETag: W/"36-hDmZnQ3Ou/ynnqAeC6TYmyseuzY"
CF-Cache-Status: DYNAMIC
Report-To: {"endpoints":[{"url":"https:\/\/a.nel.cloudflare.com\/report\/v4?s=p6vNuQvvKsQEREAEDmE7zJ%2BMaujpOCNvfCH25wGsmAz9GHlLmDNkWnFHwBLnLcuu6bEnne41WkkFN6B4KTBiciitdl2Z68e6bue3mlUvLqrTpIRmiro4GcFEMdNf3dpLnLzCcIy9NkB1qA4ThBmV2LoUZa0%3D"}],"group":"cf-nel","max_age":604800}
NEL: {"success_fraction":0,"report_to":"cf-nel","max_age":604800}
Server: cloudflare
CF-RAY: 89bf2edc69a36627-AMS
alt-svc: h3=":443"; ma=86400

{
    "success": true,
    "message": "User successfully removed"
}
HTTP/1.1 202 Accepted
Date: Sun, 30 Jun 2024 15:27:54 GMT
Content-Type: application/json; charset=utf-8
Content-Length: 54
Connection: keep-alive
X-Powered-By: Express
Access-Control-Allow-Origin: *
ETag: W/"36-hDmZnQ3Ou/ynnqAeC6TYmyseuzY"
CF-Cache-Status: DYNAMIC
Report-To: {"endpoints":[{"url":"https:\/\/a.nel.cloudflare.com\/report\/v4?s=p6vNuQvvKsQEREAEDmE7zJ%2BMaujpOCNvfCH25wGsmAz9GHlLmDNkWnFHwBLnLcuu6bEnne41WkkFN6B4KTBiciitdl2Z68e6bue3mlUvLqrTpIRmiro4GcFEMdNf3dpLnLzCcIy9NkB1qA4ThBmV2LoUZa0%3D"}],"group":"cf-nel","max_age":604800}
NEL: {"success_fraction":0,"report_to":"cf-nel","max_age":604800}
Server: cloudflare
CF-RAY: 89bf2edc69a36627-AMS
alt-svc: h3=":443"; ma=86400

{
    "success": true,
    "message": "User successfully removed"
}
HTTP/1.1 202 Accepted
Date: Sun, 30 Jun 2024 15:27:54 GMT
Content-Type: application/json; charset=utf-8
Content-Length: 54
Connection: keep-alive
X-Powered-By: Express
Access-Control-Allow-Origin: *
ETag: W/"36-hDmZnQ3Ou/ynnqAeC6TYmyseuzY"
CF-Cache-Status: DYNAMIC
Report-To: {"endpoints":[{"url":"https:\/\/a.nel.cloudflare.com\/report\/v4?s=p6vNuQvvKsQEREAEDmE7zJ%2BMaujpOCNvfCH25wGsmAz9GHlLmDNkWnFHwBLnLcuu6bEnne41WkkFN6B4KTBiciitdl2Z68e6bue3mlUvLqrTpIRmiro4GcFEMdNf3dpLnLzCcIy9NkB1qA4ThBmV2LoUZa0%3D"}],"group":"cf-nel","max_age":604800}
NEL: {"success_fraction":0,"report_to":"cf-nel","max_age":604800}
Server: cloudflare
CF-RAY: 89bf2edc69a36627-AMS
alt-svc: h3=":443"; ma=86400

{
    "success": true,
    "message": "User successfully removed"
}
HTTP/1.1 202 Accepted
Date: Sun, 30 Jun 2024 15:27:54 GMT
Content-Type: application/json; charset=utf-8
Content-Length: 54
Connection: keep-alive
X-Powered-By: Express
Access-Control-Allow-Origin: *
ETag: W/"36-hDmZnQ3Ou/ynnqAeC6TYmyseuzY"
CF-Cache-Status: DYNAMIC
Report-To: {"endpoints":[{"url":"https:\/\/a.nel.cloudflare.com\/report\/v4?s=p6vNuQvvKsQEREAEDmE7zJ%2BMaujpOCNvfCH25wGsmAz9GHlLmDNkWnFHwBLnLcuu6bEnne41WkkFN6B4KTBiciitdl2Z68e6bue3mlUvLqrTpIRmiro4GcFEMdNf3dpLnLzCcIy9NkB1qA4ThBmV2LoUZa0%3D"}],"group":"cf-nel","max_age":604800}
NEL: {"success_fraction":0,"report_to":"cf-nel","max_age":604800}
Server: cloudflare
CF-RAY: 89bf2edc69a36627-AMS
alt-svc: h3=":443"; ma=86400

{
    "success": true,
    "message": "User successfully removed"
}
]]></system-out>
  </testcase>
  <testcase name="updatePasswordUserAuth" classname="UpdateUserTest" time="1.416">
    <system-out><![CDATA[Request method:	POST
Request URI:	https://stellarburgers.nomoreparties.site/api/auth/register
Proxy:			<none>
Request params:	<none>
Query params:	<none>
Form params:	<none>
Path params:	<none>
Headers:		Accept=*/*
				Content-Type=application/json
Cookies:		<none>
Multiparts:		<none>
Body:
{
    "email": "PsfgjZBfpm@ya.ru",
    "password": "OTZTwJTCMb",
    "name": "RvvMtZbYqL"
}
Request method:	POST
Request URI:	https://stellarburgers.nomoreparties.site/api/auth/register
Proxy:			<none>
Request params:	<none>
Query params:	<none>
Form params:	<none>
Path params:	<none>
Headers:		Accept=*/*
				Content-Type=application/json
Cookies:		<none>
Multiparts:		<none>
Body:
{
    "email": "PsfgjZBfpm@ya.ru",
    "password": "OTZTwJTCMb",
    "name": "RvvMtZbYqL"
}
Request method:	POST
Request URI:	https://stellarburgers.nomoreparties.site/api/auth/register
Proxy:			<none>
Request params:	<none>
Query params:	<none>
Form params:	<none>
Path params:	<none>
Headers:		Accept=*/*
				Content-Type=application/json
Cookies:		<none>
Multiparts:		<none>
Body:
{
    "email": "PsfgjZBfpm@ya.ru",
    "password": "OTZTwJTCMb",
    "name": "RvvMtZbYqL"
}
Request method:	POST
Request URI:	https://stellarburgers.nomoreparties.site/api/auth/register
Proxy:			<none>
Request params:	<none>
Query params:	<none>
Form params:	<none>
Path params:	<none>
Headers:		Accept=*/*
				Content-Type=application/json
Cookies:		<none>
Multiparts:		<none>
Body:
{
    "email": "PsfgjZBfpm@ya.ru",
    "password": "OTZTwJTCMb",
    "name": "RvvMtZbYqL"
}
Request method:	POST
Request URI:	https://stellarburgers.nomoreparties.site/api/auth/register
Proxy:			<none>
Request params:	<none>
Query params:	<none>
Form params:	<none>
Path params:	<none>
Headers:		Accept=*/*
				Content-Type=application/json
Cookies:		<none>
Multiparts:		<none>
Body:
{
    "email": "PsfgjZBfpm@ya.ru",
    "password": "OTZTwJTCMb",
    "name": "RvvMtZbYqL"
}
Request method:	POST
Request URI:	https://stellarburgers.nomoreparties.site/api/auth/register
Proxy:			<none>
Request params:	<none>
Query params:	<none>
Form params:	<none>
Path params:	<none>
Headers:		Accept=*/*
				Content-Type=application/json
Cookies:		<none>
Multiparts:		<none>
Body:
{
    "email": "PsfgjZBfpm@ya.ru",
    "password": "OTZTwJTCMb",
    "name": "RvvMtZbYqL"
}
Request method:	POST
Request URI:	https://stellarburgers.nomoreparties.site/api/auth/register
Proxy:			<none>
Request params:	<none>
Query params:	<none>
Form params:	<none>
Path params:	<none>
Headers:		Accept=*/*
				Content-Type=application/json
Cookies:		<none>
Multiparts:		<none>
Body:
{
    "email": "PsfgjZBfpm@ya.ru",
    "password": "OTZTwJTCMb",
    "name": "RvvMtZbYqL"
}
Request method:	POST
Request URI:	https://stellarburgers.nomoreparties.site/api/auth/register
Proxy:			<none>
Request params:	<none>
Query params:	<none>
Form params:	<none>
Path params:	<none>
Headers:		Accept=*/*
				Content-Type=application/json
Cookies:		<none>
Multiparts:		<none>
Body:
{
    "email": "PsfgjZBfpm@ya.ru",
    "password": "OTZTwJTCMb",
    "name": "RvvMtZbYqL"
}
Request method:	POST
Request URI:	https://stellarburgers.nomoreparties.site/api/auth/register
Proxy:			<none>
Request params:	<none>
Query params:	<none>
Form params:	<none>
Path params:	<none>
Headers:		Accept=*/*
				Content-Type=application/json
Cookies:		<none>
Multiparts:		<none>
Body:
{
    "email": "PsfgjZBfpm@ya.ru",
    "password": "OTZTwJTCMb",
    "name": "RvvMtZbYqL"
}
Request method:	POST
Request URI:	https://stellarburgers.nomoreparties.site/api/auth/register
Proxy:			<none>
Request params:	<none>
Query params:	<none>
Form params:	<none>
Path params:	<none>
Headers:		Accept=*/*
				Content-Type=application/json
Cookies:		<none>
Multiparts:		<none>
Body:
{
    "email": "PsfgjZBfpm@ya.ru",
    "password": "OTZTwJTCMb",
    "name": "RvvMtZbYqL"
}
Request method:	POST
Request URI:	https://stellarburgers.nomoreparties.site/api/auth/register
Proxy:			<none>
Request params:	<none>
Query params:	<none>
Form params:	<none>
Path params:	<none>
Headers:		Accept=*/*
				Content-Type=application/json
Cookies:		<none>
Multiparts:		<none>
Body:
{
    "email": "PsfgjZBfpm@ya.ru",
    "password": "OTZTwJTCMb",
    "name": "RvvMtZbYqL"
}
Request method:	POST
Request URI:	https://stellarburgers.nomoreparties.site/api/auth/register
Proxy:			<none>
Request params:	<none>
Query params:	<none>
Form params:	<none>
Path params:	<none>
Headers:		Accept=*/*
				Content-Type=application/json
Cookies:		<none>
Multiparts:		<none>
Body:
{
    "email": "PsfgjZBfpm@ya.ru",
    "password": "OTZTwJTCMb",
    "name": "RvvMtZbYqL"
}
Request method:	POST
Request URI:	https://stellarburgers.nomoreparties.site/api/auth/register
Proxy:			<none>
Request params:	<none>
Query params:	<none>
Form params:	<none>
Path params:	<none>
Headers:		Accept=*/*
				Content-Type=application/json
Cookies:		<none>
Multiparts:		<none>
Body:
{
    "email": "PsfgjZBfpm@ya.ru",
    "password": "OTZTwJTCMb",
    "name": "RvvMtZbYqL"
}
Request method:	POST
Request URI:	https://stellarburgers.nomoreparties.site/api/auth/register
Proxy:			<none>
Request params:	<none>
Query params:	<none>
Form params:	<none>
Path params:	<none>
Headers:		Accept=*/*
				Content-Type=application/json
Cookies:		<none>
Multiparts:		<none>
Body:
{
    "email": "PsfgjZBfpm@ya.ru",
    "password": "OTZTwJTCMb",
    "name": "RvvMtZbYqL"
}
Request method:	POST
Request URI:	https://stellarburgers.nomoreparties.site/api/auth/register
Proxy:			<none>
Request params:	<none>
Query params:	<none>
Form params:	<none>
Path params:	<none>
Headers:		Accept=*/*
				Content-Type=application/json
Cookies:		<none>
Multiparts:		<none>
Body:
{
    "email": "PsfgjZBfpm@ya.ru",
    "password": "OTZTwJTCMb",
    "name": "RvvMtZbYqL"
}
Request method:	POST
Request URI:	https://stellarburgers.nomoreparties.site/api/auth/register
Proxy:			<none>
Request params:	<none>
Query params:	<none>
Form params:	<none>
Path params:	<none>
Headers:		Accept=*/*
				Content-Type=application/json
Cookies:		<none>
Multiparts:		<none>
Body:
{
    "email": "PsfgjZBfpm@ya.ru",
    "password": "OTZTwJTCMb",
    "name": "RvvMtZbYqL"
}
Request method:	POST
Request URI:	https://stellarburgers.nomoreparties.site/api/auth/register
Proxy:			<none>
Request params:	<none>
Query params:	<none>
Form params:	<none>
Path params:	<none>
Headers:		Accept=*/*
				Content-Type=application/json
Cookies:		<none>
Multiparts:		<none>
Body:
{
    "email": "PsfgjZBfpm@ya.ru",
    "password": "OTZTwJTCMb",
    "name": "RvvMtZbYqL"
}
Request method:	POST
Request URI:	https://stellarburgers.nomoreparties.site/api/auth/register
Proxy:			<none>
Request params:	<none>
Query params:	<none>
Form params:	<none>
Path params:	<none>
Headers:		Accept=*/*
				Content-Type=application/json
Cookies:		<none>
Multiparts:		<none>
Body:
{
    "email": "PsfgjZBfpm@ya.ru",
    "password": "OTZTwJTCMb",
    "name": "RvvMtZbYqL"
}
Request method:	POST
Request URI:	https://stellarburgers.nomoreparties.site/api/auth/register
Proxy:			<none>
Request params:	<none>
Query params:	<none>
Form params:	<none>
Path params:	<none>
Headers:		Accept=*/*
				Content-Type=application/json
Cookies:		<none>
Multiparts:		<none>
Body:
{
    "email": "PsfgjZBfpm@ya.ru",
    "password": "OTZTwJTCMb",
    "name": "RvvMtZbYqL"
}
Request method:	POST
Request URI:	https://stellarburgers.nomoreparties.site/api/auth/register
Proxy:			<none>
Request params:	<none>
Query params:	<none>
Form params:	<none>
Path params:	<none>
Headers:		Accept=*/*
				Content-Type=application/json
Cookies:		<none>
Multiparts:		<none>
Body:
{
    "email": "PsfgjZBfpm@ya.ru",
    "password": "OTZTwJTCMb",
    "name": "RvvMtZbYqL"
}
Request method:	POST
Request URI:	https://stellarburgers.nomoreparties.site/api/auth/register
Proxy:			<none>
Request params:	<none>
Query params:	<none>
Form params:	<none>
Path params:	<none>
Headers:		Accept=*/*
				Content-Type=application/json
Cookies:		<none>
Multiparts:		<none>
Body:
{
    "email": "PsfgjZBfpm@ya.ru",
    "password": "OTZTwJTCMb",
    "name": "RvvMtZbYqL"
}
Request method:	POST
Request URI:	https://stellarburgers.nomoreparties.site/api/auth/register
Proxy:			<none>
Request params:	<none>
Query params:	<none>
Form params:	<none>
Path params:	<none>
Headers:		Accept=*/*
				Content-Type=application/json
Cookies:		<none>
Multiparts:		<none>
Body:
{
    "email": "PsfgjZBfpm@ya.ru",
    "password": "OTZTwJTCMb",
    "name": "RvvMtZbYqL"
}
Request method:	POST
Request URI:	https://stellarburgers.nomoreparties.site/api/auth/register
Proxy:			<none>
Request params:	<none>
Query params:	<none>
Form params:	<none>
Path params:	<none>
Headers:		Accept=*/*
				Content-Type=application/json
Cookies:		<none>
Multiparts:		<none>
Body:
{
    "email": "PsfgjZBfpm@ya.ru",
    "password": "OTZTwJTCMb",
    "name": "RvvMtZbYqL"
}
Request method:	POST
Request URI:	https://stellarburgers.nomoreparties.site/api/auth/register
Proxy:			<none>
Request params:	<none>
Query params:	<none>
Form params:	<none>
Path params:	<none>
Headers:		Accept=*/*
				Content-Type=application/json
Cookies:		<none>
Multiparts:		<none>
Body:
{
    "email": "PsfgjZBfpm@ya.ru",
    "password": "OTZTwJTCMb",
    "name": "RvvMtZbYqL"
}
Request method:	POST
Request URI:	https://stellarburgers.nomoreparties.site/api/auth/register
Proxy:			<none>
Request params:	<none>
Query params:	<none>
Form params:	<none>
Path params:	<none>
Headers:		Accept=*/*
				Content-Type=application/json
Cookies:		<none>
Multiparts:		<none>
Body:
{
    "email": "PsfgjZBfpm@ya.ru",
    "password": "OTZTwJTCMb",
    "name": "RvvMtZbYqL"
}
Request method:	POST
Request URI:	https://stellarburgers.nomoreparties.site/api/auth/register
Proxy:			<none>
Request params:	<none>
Query params:	<none>
Form params:	<none>
Path params:	<none>
Headers:		Accept=*/*
				Content-Type=application/json
Cookies:		<none>
Multiparts:		<none>
Body:
{
    "email": "PsfgjZBfpm@ya.ru",
    "password": "OTZTwJTCMb",
    "name": "RvvMtZbYqL"
}
Request method:	POST
Request URI:	https://stellarburgers.nomoreparties.site/api/auth/register
Proxy:			<none>
Request params:	<none>
Query params:	<none>
Form params:	<none>
Path params:	<none>
Headers:		Accept=*/*
				Content-Type=application/json
Cookies:		<none>
Multiparts:		<none>
Body:
{
    "email": "PsfgjZBfpm@ya.ru",
    "password": "OTZTwJTCMb",
    "name": "RvvMtZbYqL"
}
Request method:	POST
Request URI:	https://stellarburgers.nomoreparties.site/api/auth/register
Proxy:			<none>
Request params:	<none>
Query params:	<none>
Form params:	<none>
Path params:	<none>
Headers:		Accept=*/*
				Content-Type=application/json
Cookies:		<none>
Multiparts:		<none>
Body:
{
    "email": "PsfgjZBfpm@ya.ru",
    "password": "OTZTwJTCMb",
    "name": "RvvMtZbYqL"
}
Request method:	POST
Request URI:	https://stellarburgers.nomoreparties.site/api/auth/register
Proxy:			<none>
Request params:	<none>
Query params:	<none>
Form params:	<none>
Path params:	<none>
Headers:		Accept=*/*
				Content-Type=application/json
Cookies:		<none>
Multiparts:		<none>
Body:
{
    "email": "PsfgjZBfpm@ya.ru",
    "password": "OTZTwJTCMb",
    "name": "RvvMtZbYqL"
}
Request method:	POST
Request URI:	https://stellarburgers.nomoreparties.site/api/auth/register
Proxy:			<none>
Request params:	<none>
Query params:	<none>
Form params:	<none>
Path params:	<none>
Headers:		Accept=*/*
				Content-Type=application/json
Cookies:		<none>
Multiparts:		<none>
Body:
{
    "email": "PsfgjZBfpm@ya.ru",
    "password": "OTZTwJTCMb",
    "name": "RvvMtZbYqL"
}
Request method:	POST
Request URI:	https://stellarburgers.nomoreparties.site/api/auth/register
Proxy:			<none>
Request params:	<none>
Query params:	<none>
Form params:	<none>
Path params:	<none>
Headers:		Accept=*/*
				Content-Type=application/json
Cookies:		<none>
Multiparts:		<none>
Body:
{
    "email": "PsfgjZBfpm@ya.ru",
    "password": "OTZTwJTCMb",
    "name": "RvvMtZbYqL"
}
Request method:	POST
Request URI:	https://stellarburgers.nomoreparties.site/api/auth/register
Proxy:			<none>
Request params:	<none>
Query params:	<none>
Form params:	<none>
Path params:	<none>
Headers:		Accept=*/*
				Content-Type=application/json
Cookies:		<none>
Multiparts:		<none>
Body:
{
    "email": "PsfgjZBfpm@ya.ru",
    "password": "OTZTwJTCMb",
    "name": "RvvMtZbYqL"
}
Request method:	POST
Request URI:	https://stellarburgers.nomoreparties.site/api/auth/register
Proxy:			<none>
Request params:	<none>
Query params:	<none>
Form params:	<none>
Path params:	<none>
Headers:		Accept=*/*
				Content-Type=application/json
Cookies:		<none>
Multiparts:		<none>
Body:
{
    "email": "PsfgjZBfpm@ya.ru",
    "password": "OTZTwJTCMb",
    "name": "RvvMtZbYqL"
}
Request method:	POST
Request URI:	https://stellarburgers.nomoreparties.site/api/auth/register
Proxy:			<none>
Request params:	<none>
Query params:	<none>
Form params:	<none>
Path params:	<none>
Headers:		Accept=*/*
				Content-Type=application/json
Cookies:		<none>
Multiparts:		<none>
Body:
{
    "email": "PsfgjZBfpm@ya.ru",
    "password": "OTZTwJTCMb",
    "name": "RvvMtZbYqL"
}
Request method:	POST
Request URI:	https://stellarburgers.nomoreparties.site/api/auth/register
Proxy:			<none>
Request params:	<none>
Query params:	<none>
Form params:	<none>
Path params:	<none>
Headers:		Accept=*/*
				Content-Type=application/json
Cookies:		<none>
Multiparts:		<none>
Body:
{
    "email": "PsfgjZBfpm@ya.ru",
    "password": "OTZTwJTCMb",
    "name": "RvvMtZbYqL"
}
Request method:	POST
Request URI:	https://stellarburgers.nomoreparties.site/api/auth/register
Proxy:			<none>
Request params:	<none>
Query params:	<none>
Form params:	<none>
Path params:	<none>
Headers:		Accept=*/*
				Content-Type=application/json
Cookies:		<none>
Multiparts:		<none>
Body:
{
    "email": "PsfgjZBfpm@ya.ru",
    "password": "OTZTwJTCMb",
    "name": "RvvMtZbYqL"
}
HTTP/1.1 200 OK
Date: Sun, 30 Jun 2024 15:27:54 GMT
Content-Type: application/json; charset=utf-8
Transfer-Encoding: chunked
Connection: keep-alive
X-Powered-By: Express
Access-Control-Allow-Origin: *
authorization: Bearer eyJhbGciOiJIUzI1NiIsInR5cCI6IkpXVCJ9.eyJpZCI6IjY2ODE3OTdhOWVkMjgwMDAxYjQ1OTYyNiIsImlhdCI6MTcxOTc2MTI3NCwiZXhwIjoxNzE5NzYyNDc0fQ.Jy2ZANIzlDzKO4Lvebni0SDJRSR56pzmEnIIoTu2rtg
ETag: W/"16d-i0ztyWkooCi378Ubcw8ca/klrAI"
CF-Cache-Status: DYNAMIC
Report-To: {"endpoints":[{"url":"https:\/\/a.nel.cloudflare.com\/report\/v4?s=BOTcnamU5yE97kSPG2dvPAnmkf3ppLFmvIeEQfM4Ktn7uyLd8ltvyib4h3kI3tCLZwu%2Fsr2MxbUWpJEss706wBTpoI%2FtloG5R1wvFbKykG2iAvfkH7qGYIoLhdjHvG9i24ieTu0r4Ue6Dp8oIfIMdtFSySc%3D"}],"group":"cf-nel","max_age":604800}
NEL: {"success_fraction":0,"report_to":"cf-nel","max_age":604800}
Server: cloudflare
CF-RAY: 89bf2edfba5e79b3-LHR
Content-Encoding: gzip
alt-svc: h3=":443"; ma=86400

{
    "success": true,
    "user": {
        "email": "psfgjzbfpm@ya.ru",
        "name": "RvvMtZbYqL"
    },
    "accessToken": "Bearer eyJhbGciOiJIUzI1NiIsInR5cCI6IkpXVCJ9.eyJpZCI6IjY2ODE3OTdhOWVkMjgwMDAxYjQ1OTYyNiIsImlhdCI6MTcxOTc2MTI3NCwiZXhwIjoxNzE5NzYyNDc0fQ.Jy2ZANIzlDzKO4Lvebni0SDJRSR56pzmEnIIoTu2rtg",
    "refreshToken": "975eabcc981e0576e53fb7d81e9874fae838fe74a76c6a64d061f619d6c609699ce4e709625a5047"
}
HTTP/1.1 200 OK
Date: Sun, 30 Jun 2024 15:27:54 GMT
Content-Type: application/json; charset=utf-8
Transfer-Encoding: chunked
Connection: keep-alive
X-Powered-By: Express
Access-Control-Allow-Origin: *
authorization: Bearer eyJhbGciOiJIUzI1NiIsInR5cCI6IkpXVCJ9.eyJpZCI6IjY2ODE3OTdhOWVkMjgwMDAxYjQ1OTYyNiIsImlhdCI6MTcxOTc2MTI3NCwiZXhwIjoxNzE5NzYyNDc0fQ.Jy2ZANIzlDzKO4Lvebni0SDJRSR56pzmEnIIoTu2rtg
ETag: W/"16d-i0ztyWkooCi378Ubcw8ca/klrAI"
CF-Cache-Status: DYNAMIC
Report-To: {"endpoints":[{"url":"https:\/\/a.nel.cloudflare.com\/report\/v4?s=BOTcnamU5yE97kSPG2dvPAnmkf3ppLFmvIeEQfM4Ktn7uyLd8ltvyib4h3kI3tCLZwu%2Fsr2MxbUWpJEss706wBTpoI%2FtloG5R1wvFbKykG2iAvfkH7qGYIoLhdjHvG9i24ieTu0r4Ue6Dp8oIfIMdtFSySc%3D"}],"group":"cf-nel","max_age":604800}
NEL: {"success_fraction":0,"report_to":"cf-nel","max_age":604800}
Server: cloudflare
CF-RAY: 89bf2edfba5e79b3-LHR
Content-Encoding: gzip
alt-svc: h3=":443"; ma=86400

{
    "success": true,
    "user": {
        "email": "psfgjzbfpm@ya.ru",
        "name": "RvvMtZbYqL"
    },
    "accessToken": "Bearer eyJhbGciOiJIUzI1NiIsInR5cCI6IkpXVCJ9.eyJpZCI6IjY2ODE3OTdhOWVkMjgwMDAxYjQ1OTYyNiIsImlhdCI6MTcxOTc2MTI3NCwiZXhwIjoxNzE5NzYyNDc0fQ.Jy2ZANIzlDzKO4Lvebni0SDJRSR56pzmEnIIoTu2rtg",
    "refreshToken": "975eabcc981e0576e53fb7d81e9874fae838fe74a76c6a64d061f619d6c609699ce4e709625a5047"
}
HTTP/1.1 200 OK
Date: Sun, 30 Jun 2024 15:27:54 GMT
Content-Type: application/json; charset=utf-8
Transfer-Encoding: chunked
Connection: keep-alive
X-Powered-By: Express
Access-Control-Allow-Origin: *
authorization: Bearer eyJhbGciOiJIUzI1NiIsInR5cCI6IkpXVCJ9.eyJpZCI6IjY2ODE3OTdhOWVkMjgwMDAxYjQ1OTYyNiIsImlhdCI6MTcxOTc2MTI3NCwiZXhwIjoxNzE5NzYyNDc0fQ.Jy2ZANIzlDzKO4Lvebni0SDJRSR56pzmEnIIoTu2rtg
ETag: W/"16d-i0ztyWkooCi378Ubcw8ca/klrAI"
CF-Cache-Status: DYNAMIC
Report-To: {"endpoints":[{"url":"https:\/\/a.nel.cloudflare.com\/report\/v4?s=BOTcnamU5yE97kSPG2dvPAnmkf3ppLFmvIeEQfM4Ktn7uyLd8ltvyib4h3kI3tCLZwu%2Fsr2MxbUWpJEss706wBTpoI%2FtloG5R1wvFbKykG2iAvfkH7qGYIoLhdjHvG9i24ieTu0r4Ue6Dp8oIfIMdtFSySc%3D"}],"group":"cf-nel","max_age":604800}
NEL: {"success_fraction":0,"report_to":"cf-nel","max_age":604800}
Server: cloudflare
CF-RAY: 89bf2edfba5e79b3-LHR
Content-Encoding: gzip
alt-svc: h3=":443"; ma=86400

{
    "success": true,
    "user": {
        "email": "psfgjzbfpm@ya.ru",
        "name": "RvvMtZbYqL"
    },
    "accessToken": "Bearer eyJhbGciOiJIUzI1NiIsInR5cCI6IkpXVCJ9.eyJpZCI6IjY2ODE3OTdhOWVkMjgwMDAxYjQ1OTYyNiIsImlhdCI6MTcxOTc2MTI3NCwiZXhwIjoxNzE5NzYyNDc0fQ.Jy2ZANIzlDzKO4Lvebni0SDJRSR56pzmEnIIoTu2rtg",
    "refreshToken": "975eabcc981e0576e53fb7d81e9874fae838fe74a76c6a64d061f619d6c609699ce4e709625a5047"
}
HTTP/1.1 200 OK
Date: Sun, 30 Jun 2024 15:27:54 GMT
Content-Type: application/json; charset=utf-8
Transfer-Encoding: chunked
Connection: keep-alive
X-Powered-By: Express
Access-Control-Allow-Origin: *
authorization: Bearer eyJhbGciOiJIUzI1NiIsInR5cCI6IkpXVCJ9.eyJpZCI6IjY2ODE3OTdhOWVkMjgwMDAxYjQ1OTYyNiIsImlhdCI6MTcxOTc2MTI3NCwiZXhwIjoxNzE5NzYyNDc0fQ.Jy2ZANIzlDzKO4Lvebni0SDJRSR56pzmEnIIoTu2rtg
ETag: W/"16d-i0ztyWkooCi378Ubcw8ca/klrAI"
CF-Cache-Status: DYNAMIC
Report-To: {"endpoints":[{"url":"https:\/\/a.nel.cloudflare.com\/report\/v4?s=BOTcnamU5yE97kSPG2dvPAnmkf3ppLFmvIeEQfM4Ktn7uyLd8ltvyib4h3kI3tCLZwu%2Fsr2MxbUWpJEss706wBTpoI%2FtloG5R1wvFbKykG2iAvfkH7qGYIoLhdjHvG9i24ieTu0r4Ue6Dp8oIfIMdtFSySc%3D"}],"group":"cf-nel","max_age":604800}
NEL: {"success_fraction":0,"report_to":"cf-nel","max_age":604800}
Server: cloudflare
CF-RAY: 89bf2edfba5e79b3-LHR
Content-Encoding: gzip
alt-svc: h3=":443"; ma=86400

{
    "success": true,
    "user": {
        "email": "psfgjzbfpm@ya.ru",
        "name": "RvvMtZbYqL"
    },
    "accessToken": "Bearer eyJhbGciOiJIUzI1NiIsInR5cCI6IkpXVCJ9.eyJpZCI6IjY2ODE3OTdhOWVkMjgwMDAxYjQ1OTYyNiIsImlhdCI6MTcxOTc2MTI3NCwiZXhwIjoxNzE5NzYyNDc0fQ.Jy2ZANIzlDzKO4Lvebni0SDJRSR56pzmEnIIoTu2rtg",
    "refreshToken": "975eabcc981e0576e53fb7d81e9874fae838fe74a76c6a64d061f619d6c609699ce4e709625a5047"
}
HTTP/1.1 200 OK
Date: Sun, 30 Jun 2024 15:27:54 GMT
Content-Type: application/json; charset=utf-8
Transfer-Encoding: chunked
Connection: keep-alive
X-Powered-By: Express
Access-Control-Allow-Origin: *
authorization: Bearer eyJhbGciOiJIUzI1NiIsInR5cCI6IkpXVCJ9.eyJpZCI6IjY2ODE3OTdhOWVkMjgwMDAxYjQ1OTYyNiIsImlhdCI6MTcxOTc2MTI3NCwiZXhwIjoxNzE5NzYyNDc0fQ.Jy2ZANIzlDzKO4Lvebni0SDJRSR56pzmEnIIoTu2rtg
ETag: W/"16d-i0ztyWkooCi378Ubcw8ca/klrAI"
CF-Cache-Status: DYNAMIC
Report-To: {"endpoints":[{"url":"https:\/\/a.nel.cloudflare.com\/report\/v4?s=BOTcnamU5yE97kSPG2dvPAnmkf3ppLFmvIeEQfM4Ktn7uyLd8ltvyib4h3kI3tCLZwu%2Fsr2MxbUWpJEss706wBTpoI%2FtloG5R1wvFbKykG2iAvfkH7qGYIoLhdjHvG9i24ieTu0r4Ue6Dp8oIfIMdtFSySc%3D"}],"group":"cf-nel","max_age":604800}
NEL: {"success_fraction":0,"report_to":"cf-nel","max_age":604800}
Server: cloudflare
CF-RAY: 89bf2edfba5e79b3-LHR
Content-Encoding: gzip
alt-svc: h3=":443"; ma=86400

{
    "success": true,
    "user": {
        "email": "psfgjzbfpm@ya.ru",
        "name": "RvvMtZbYqL"
    },
    "accessToken": "Bearer eyJhbGciOiJIUzI1NiIsInR5cCI6IkpXVCJ9.eyJpZCI6IjY2ODE3OTdhOWVkMjgwMDAxYjQ1OTYyNiIsImlhdCI6MTcxOTc2MTI3NCwiZXhwIjoxNzE5NzYyNDc0fQ.Jy2ZANIzlDzKO4Lvebni0SDJRSR56pzmEnIIoTu2rtg",
    "refreshToken": "975eabcc981e0576e53fb7d81e9874fae838fe74a76c6a64d061f619d6c609699ce4e709625a5047"
}
HTTP/1.1 200 OK
Date: Sun, 30 Jun 2024 15:27:54 GMT
Content-Type: application/json; charset=utf-8
Transfer-Encoding: chunked
Connection: keep-alive
X-Powered-By: Express
Access-Control-Allow-Origin: *
authorization: Bearer eyJhbGciOiJIUzI1NiIsInR5cCI6IkpXVCJ9.eyJpZCI6IjY2ODE3OTdhOWVkMjgwMDAxYjQ1OTYyNiIsImlhdCI6MTcxOTc2MTI3NCwiZXhwIjoxNzE5NzYyNDc0fQ.Jy2ZANIzlDzKO4Lvebni0SDJRSR56pzmEnIIoTu2rtg
ETag: W/"16d-i0ztyWkooCi378Ubcw8ca/klrAI"
CF-Cache-Status: DYNAMIC
Report-To: {"endpoints":[{"url":"https:\/\/a.nel.cloudflare.com\/report\/v4?s=BOTcnamU5yE97kSPG2dvPAnmkf3ppLFmvIeEQfM4Ktn7uyLd8ltvyib4h3kI3tCLZwu%2Fsr2MxbUWpJEss706wBTpoI%2FtloG5R1wvFbKykG2iAvfkH7qGYIoLhdjHvG9i24ieTu0r4Ue6Dp8oIfIMdtFSySc%3D"}],"group":"cf-nel","max_age":604800}
NEL: {"success_fraction":0,"report_to":"cf-nel","max_age":604800}
Server: cloudflare
CF-RAY: 89bf2edfba5e79b3-LHR
Content-Encoding: gzip
alt-svc: h3=":443"; ma=86400

{
    "success": true,
    "user": {
        "email": "psfgjzbfpm@ya.ru",
        "name": "RvvMtZbYqL"
    },
    "accessToken": "Bearer eyJhbGciOiJIUzI1NiIsInR5cCI6IkpXVCJ9.eyJpZCI6IjY2ODE3OTdhOWVkMjgwMDAxYjQ1OTYyNiIsImlhdCI6MTcxOTc2MTI3NCwiZXhwIjoxNzE5NzYyNDc0fQ.Jy2ZANIzlDzKO4Lvebni0SDJRSR56pzmEnIIoTu2rtg",
    "refreshToken": "975eabcc981e0576e53fb7d81e9874fae838fe74a76c6a64d061f619d6c609699ce4e709625a5047"
}
HTTP/1.1 200 OK
Date: Sun, 30 Jun 2024 15:27:54 GMT
Content-Type: application/json; charset=utf-8
Transfer-Encoding: chunked
Connection: keep-alive
X-Powered-By: Express
Access-Control-Allow-Origin: *
authorization: Bearer eyJhbGciOiJIUzI1NiIsInR5cCI6IkpXVCJ9.eyJpZCI6IjY2ODE3OTdhOWVkMjgwMDAxYjQ1OTYyNiIsImlhdCI6MTcxOTc2MTI3NCwiZXhwIjoxNzE5NzYyNDc0fQ.Jy2ZANIzlDzKO4Lvebni0SDJRSR56pzmEnIIoTu2rtg
ETag: W/"16d-i0ztyWkooCi378Ubcw8ca/klrAI"
CF-Cache-Status: DYNAMIC
Report-To: {"endpoints":[{"url":"https:\/\/a.nel.cloudflare.com\/report\/v4?s=BOTcnamU5yE97kSPG2dvPAnmkf3ppLFmvIeEQfM4Ktn7uyLd8ltvyib4h3kI3tCLZwu%2Fsr2MxbUWpJEss706wBTpoI%2FtloG5R1wvFbKykG2iAvfkH7qGYIoLhdjHvG9i24ieTu0r4Ue6Dp8oIfIMdtFSySc%3D"}],"group":"cf-nel","max_age":604800}
NEL: {"success_fraction":0,"report_to":"cf-nel","max_age":604800}
Server: cloudflare
CF-RAY: 89bf2edfba5e79b3-LHR
Content-Encoding: gzip
alt-svc: h3=":443"; ma=86400

{
    "success": true,
    "user": {
        "email": "psfgjzbfpm@ya.ru",
        "name": "RvvMtZbYqL"
    },
    "accessToken": "Bearer eyJhbGciOiJIUzI1NiIsInR5cCI6IkpXVCJ9.eyJpZCI6IjY2ODE3OTdhOWVkMjgwMDAxYjQ1OTYyNiIsImlhdCI6MTcxOTc2MTI3NCwiZXhwIjoxNzE5NzYyNDc0fQ.Jy2ZANIzlDzKO4Lvebni0SDJRSR56pzmEnIIoTu2rtg",
    "refreshToken": "975eabcc981e0576e53fb7d81e9874fae838fe74a76c6a64d061f619d6c609699ce4e709625a5047"
}
HTTP/1.1 200 OK
Date: Sun, 30 Jun 2024 15:27:54 GMT
Content-Type: application/json; charset=utf-8
Transfer-Encoding: chunked
Connection: keep-alive
X-Powered-By: Express
Access-Control-Allow-Origin: *
authorization: Bearer eyJhbGciOiJIUzI1NiIsInR5cCI6IkpXVCJ9.eyJpZCI6IjY2ODE3OTdhOWVkMjgwMDAxYjQ1OTYyNiIsImlhdCI6MTcxOTc2MTI3NCwiZXhwIjoxNzE5NzYyNDc0fQ.Jy2ZANIzlDzKO4Lvebni0SDJRSR56pzmEnIIoTu2rtg
ETag: W/"16d-i0ztyWkooCi378Ubcw8ca/klrAI"
CF-Cache-Status: DYNAMIC
Report-To: {"endpoints":[{"url":"https:\/\/a.nel.cloudflare.com\/report\/v4?s=BOTcnamU5yE97kSPG2dvPAnmkf3ppLFmvIeEQfM4Ktn7uyLd8ltvyib4h3kI3tCLZwu%2Fsr2MxbUWpJEss706wBTpoI%2FtloG5R1wvFbKykG2iAvfkH7qGYIoLhdjHvG9i24ieTu0r4Ue6Dp8oIfIMdtFSySc%3D"}],"group":"cf-nel","max_age":604800}
NEL: {"success_fraction":0,"report_to":"cf-nel","max_age":604800}
Server: cloudflare
CF-RAY: 89bf2edfba5e79b3-LHR
Content-Encoding: gzip
alt-svc: h3=":443"; ma=86400

{
    "success": true,
    "user": {
        "email": "psfgjzbfpm@ya.ru",
        "name": "RvvMtZbYqL"
    },
    "accessToken": "Bearer eyJhbGciOiJIUzI1NiIsInR5cCI6IkpXVCJ9.eyJpZCI6IjY2ODE3OTdhOWVkMjgwMDAxYjQ1OTYyNiIsImlhdCI6MTcxOTc2MTI3NCwiZXhwIjoxNzE5NzYyNDc0fQ.Jy2ZANIzlDzKO4Lvebni0SDJRSR56pzmEnIIoTu2rtg",
    "refreshToken": "975eabcc981e0576e53fb7d81e9874fae838fe74a76c6a64d061f619d6c609699ce4e709625a5047"
}
HTTP/1.1 200 OK
Date: Sun, 30 Jun 2024 15:27:54 GMT
Content-Type: application/json; charset=utf-8
Transfer-Encoding: chunked
Connection: keep-alive
X-Powered-By: Express
Access-Control-Allow-Origin: *
authorization: Bearer eyJhbGciOiJIUzI1NiIsInR5cCI6IkpXVCJ9.eyJpZCI6IjY2ODE3OTdhOWVkMjgwMDAxYjQ1OTYyNiIsImlhdCI6MTcxOTc2MTI3NCwiZXhwIjoxNzE5NzYyNDc0fQ.Jy2ZANIzlDzKO4Lvebni0SDJRSR56pzmEnIIoTu2rtg
ETag: W/"16d-i0ztyWkooCi378Ubcw8ca/klrAI"
CF-Cache-Status: DYNAMIC
Report-To: {"endpoints":[{"url":"https:\/\/a.nel.cloudflare.com\/report\/v4?s=BOTcnamU5yE97kSPG2dvPAnmkf3ppLFmvIeEQfM4Ktn7uyLd8ltvyib4h3kI3tCLZwu%2Fsr2MxbUWpJEss706wBTpoI%2FtloG5R1wvFbKykG2iAvfkH7qGYIoLhdjHvG9i24ieTu0r4Ue6Dp8oIfIMdtFSySc%3D"}],"group":"cf-nel","max_age":604800}
NEL: {"success_fraction":0,"report_to":"cf-nel","max_age":604800}
Server: cloudflare
CF-RAY: 89bf2edfba5e79b3-LHR
Content-Encoding: gzip
alt-svc: h3=":443"; ma=86400

{
    "success": true,
    "user": {
        "email": "psfgjzbfpm@ya.ru",
        "name": "RvvMtZbYqL"
    },
    "accessToken": "Bearer eyJhbGciOiJIUzI1NiIsInR5cCI6IkpXVCJ9.eyJpZCI6IjY2ODE3OTdhOWVkMjgwMDAxYjQ1OTYyNiIsImlhdCI6MTcxOTc2MTI3NCwiZXhwIjoxNzE5NzYyNDc0fQ.Jy2ZANIzlDzKO4Lvebni0SDJRSR56pzmEnIIoTu2rtg",
    "refreshToken": "975eabcc981e0576e53fb7d81e9874fae838fe74a76c6a64d061f619d6c609699ce4e709625a5047"
}
HTTP/1.1 200 OK
Date: Sun, 30 Jun 2024 15:27:54 GMT
Content-Type: application/json; charset=utf-8
Transfer-Encoding: chunked
Connection: keep-alive
X-Powered-By: Express
Access-Control-Allow-Origin: *
authorization: Bearer eyJhbGciOiJIUzI1NiIsInR5cCI6IkpXVCJ9.eyJpZCI6IjY2ODE3OTdhOWVkMjgwMDAxYjQ1OTYyNiIsImlhdCI6MTcxOTc2MTI3NCwiZXhwIjoxNzE5NzYyNDc0fQ.Jy2ZANIzlDzKO4Lvebni0SDJRSR56pzmEnIIoTu2rtg
ETag: W/"16d-i0ztyWkooCi378Ubcw8ca/klrAI"
CF-Cache-Status: DYNAMIC
Report-To: {"endpoints":[{"url":"https:\/\/a.nel.cloudflare.com\/report\/v4?s=BOTcnamU5yE97kSPG2dvPAnmkf3ppLFmvIeEQfM4Ktn7uyLd8ltvyib4h3kI3tCLZwu%2Fsr2MxbUWpJEss706wBTpoI%2FtloG5R1wvFbKykG2iAvfkH7qGYIoLhdjHvG9i24ieTu0r4Ue6Dp8oIfIMdtFSySc%3D"}],"group":"cf-nel","max_age":604800}
NEL: {"success_fraction":0,"report_to":"cf-nel","max_age":604800}
Server: cloudflare
CF-RAY: 89bf2edfba5e79b3-LHR
Content-Encoding: gzip
alt-svc: h3=":443"; ma=86400

{
    "success": true,
    "user": {
        "email": "psfgjzbfpm@ya.ru",
        "name": "RvvMtZbYqL"
    },
    "accessToken": "Bearer eyJhbGciOiJIUzI1NiIsInR5cCI6IkpXVCJ9.eyJpZCI6IjY2ODE3OTdhOWVkMjgwMDAxYjQ1OTYyNiIsImlhdCI6MTcxOTc2MTI3NCwiZXhwIjoxNzE5NzYyNDc0fQ.Jy2ZANIzlDzKO4Lvebni0SDJRSR56pzmEnIIoTu2rtg",
    "refreshToken": "975eabcc981e0576e53fb7d81e9874fae838fe74a76c6a64d061f619d6c609699ce4e709625a5047"
}
HTTP/1.1 200 OK
Date: Sun, 30 Jun 2024 15:27:54 GMT
Content-Type: application/json; charset=utf-8
Transfer-Encoding: chunked
Connection: keep-alive
X-Powered-By: Express
Access-Control-Allow-Origin: *
authorization: Bearer eyJhbGciOiJIUzI1NiIsInR5cCI6IkpXVCJ9.eyJpZCI6IjY2ODE3OTdhOWVkMjgwMDAxYjQ1OTYyNiIsImlhdCI6MTcxOTc2MTI3NCwiZXhwIjoxNzE5NzYyNDc0fQ.Jy2ZANIzlDzKO4Lvebni0SDJRSR56pzmEnIIoTu2rtg
ETag: W/"16d-i0ztyWkooCi378Ubcw8ca/klrAI"
CF-Cache-Status: DYNAMIC
Report-To: {"endpoints":[{"url":"https:\/\/a.nel.cloudflare.com\/report\/v4?s=BOTcnamU5yE97kSPG2dvPAnmkf3ppLFmvIeEQfM4Ktn7uyLd8ltvyib4h3kI3tCLZwu%2Fsr2MxbUWpJEss706wBTpoI%2FtloG5R1wvFbKykG2iAvfkH7qGYIoLhdjHvG9i24ieTu0r4Ue6Dp8oIfIMdtFSySc%3D"}],"group":"cf-nel","max_age":604800}
NEL: {"success_fraction":0,"report_to":"cf-nel","max_age":604800}
Server: cloudflare
CF-RAY: 89bf2edfba5e79b3-LHR
Content-Encoding: gzip
alt-svc: h3=":443"; ma=86400

{
    "success": true,
    "user": {
        "email": "psfgjzbfpm@ya.ru",
        "name": "RvvMtZbYqL"
    },
    "accessToken": "Bearer eyJhbGciOiJIUzI1NiIsInR5cCI6IkpXVCJ9.eyJpZCI6IjY2ODE3OTdhOWVkMjgwMDAxYjQ1OTYyNiIsImlhdCI6MTcxOTc2MTI3NCwiZXhwIjoxNzE5NzYyNDc0fQ.Jy2ZANIzlDzKO4Lvebni0SDJRSR56pzmEnIIoTu2rtg",
    "refreshToken": "975eabcc981e0576e53fb7d81e9874fae838fe74a76c6a64d061f619d6c609699ce4e709625a5047"
}
HTTP/1.1 200 OK
Date: Sun, 30 Jun 2024 15:27:54 GMT
Content-Type: application/json; charset=utf-8
Transfer-Encoding: chunked
Connection: keep-alive
X-Powered-By: Express
Access-Control-Allow-Origin: *
authorization: Bearer eyJhbGciOiJIUzI1NiIsInR5cCI6IkpXVCJ9.eyJpZCI6IjY2ODE3OTdhOWVkMjgwMDAxYjQ1OTYyNiIsImlhdCI6MTcxOTc2MTI3NCwiZXhwIjoxNzE5NzYyNDc0fQ.Jy2ZANIzlDzKO4Lvebni0SDJRSR56pzmEnIIoTu2rtg
ETag: W/"16d-i0ztyWkooCi378Ubcw8ca/klrAI"
CF-Cache-Status: DYNAMIC
Report-To: {"endpoints":[{"url":"https:\/\/a.nel.cloudflare.com\/report\/v4?s=BOTcnamU5yE97kSPG2dvPAnmkf3ppLFmvIeEQfM4Ktn7uyLd8ltvyib4h3kI3tCLZwu%2Fsr2MxbUWpJEss706wBTpoI%2FtloG5R1wvFbKykG2iAvfkH7qGYIoLhdjHvG9i24ieTu0r4Ue6Dp8oIfIMdtFSySc%3D"}],"group":"cf-nel","max_age":604800}
NEL: {"success_fraction":0,"report_to":"cf-nel","max_age":604800}
Server: cloudflare
CF-RAY: 89bf2edfba5e79b3-LHR
Content-Encoding: gzip
alt-svc: h3=":443"; ma=86400

{
    "success": true,
    "user": {
        "email": "psfgjzbfpm@ya.ru",
        "name": "RvvMtZbYqL"
    },
    "accessToken": "Bearer eyJhbGciOiJIUzI1NiIsInR5cCI6IkpXVCJ9.eyJpZCI6IjY2ODE3OTdhOWVkMjgwMDAxYjQ1OTYyNiIsImlhdCI6MTcxOTc2MTI3NCwiZXhwIjoxNzE5NzYyNDc0fQ.Jy2ZANIzlDzKO4Lvebni0SDJRSR56pzmEnIIoTu2rtg",
    "refreshToken": "975eabcc981e0576e53fb7d81e9874fae838fe74a76c6a64d061f619d6c609699ce4e709625a5047"
}
HTTP/1.1 200 OK
Date: Sun, 30 Jun 2024 15:27:54 GMT
Content-Type: application/json; charset=utf-8
Transfer-Encoding: chunked
Connection: keep-alive
X-Powered-By: Express
Access-Control-Allow-Origin: *
authorization: Bearer eyJhbGciOiJIUzI1NiIsInR5cCI6IkpXVCJ9.eyJpZCI6IjY2ODE3OTdhOWVkMjgwMDAxYjQ1OTYyNiIsImlhdCI6MTcxOTc2MTI3NCwiZXhwIjoxNzE5NzYyNDc0fQ.Jy2ZANIzlDzKO4Lvebni0SDJRSR56pzmEnIIoTu2rtg
ETag: W/"16d-i0ztyWkooCi378Ubcw8ca/klrAI"
CF-Cache-Status: DYNAMIC
Report-To: {"endpoints":[{"url":"https:\/\/a.nel.cloudflare.com\/report\/v4?s=BOTcnamU5yE97kSPG2dvPAnmkf3ppLFmvIeEQfM4Ktn7uyLd8ltvyib4h3kI3tCLZwu%2Fsr2MxbUWpJEss706wBTpoI%2FtloG5R1wvFbKykG2iAvfkH7qGYIoLhdjHvG9i24ieTu0r4Ue6Dp8oIfIMdtFSySc%3D"}],"group":"cf-nel","max_age":604800}
NEL: {"success_fraction":0,"report_to":"cf-nel","max_age":604800}
Server: cloudflare
CF-RAY: 89bf2edfba5e79b3-LHR
Content-Encoding: gzip
alt-svc: h3=":443"; ma=86400

{
    "success": true,
    "user": {
        "email": "psfgjzbfpm@ya.ru",
        "name": "RvvMtZbYqL"
    },
    "accessToken": "Bearer eyJhbGciOiJIUzI1NiIsInR5cCI6IkpXVCJ9.eyJpZCI6IjY2ODE3OTdhOWVkMjgwMDAxYjQ1OTYyNiIsImlhdCI6MTcxOTc2MTI3NCwiZXhwIjoxNzE5NzYyNDc0fQ.Jy2ZANIzlDzKO4Lvebni0SDJRSR56pzmEnIIoTu2rtg",
    "refreshToken": "975eabcc981e0576e53fb7d81e9874fae838fe74a76c6a64d061f619d6c609699ce4e709625a5047"
}
HTTP/1.1 200 OK
Date: Sun, 30 Jun 2024 15:27:54 GMT
Content-Type: application/json; charset=utf-8
Transfer-Encoding: chunked
Connection: keep-alive
X-Powered-By: Express
Access-Control-Allow-Origin: *
authorization: Bearer eyJhbGciOiJIUzI1NiIsInR5cCI6IkpXVCJ9.eyJpZCI6IjY2ODE3OTdhOWVkMjgwMDAxYjQ1OTYyNiIsImlhdCI6MTcxOTc2MTI3NCwiZXhwIjoxNzE5NzYyNDc0fQ.Jy2ZANIzlDzKO4Lvebni0SDJRSR56pzmEnIIoTu2rtg
ETag: W/"16d-i0ztyWkooCi378Ubcw8ca/klrAI"
CF-Cache-Status: DYNAMIC
Report-To: {"endpoints":[{"url":"https:\/\/a.nel.cloudflare.com\/report\/v4?s=BOTcnamU5yE97kSPG2dvPAnmkf3ppLFmvIeEQfM4Ktn7uyLd8ltvyib4h3kI3tCLZwu%2Fsr2MxbUWpJEss706wBTpoI%2FtloG5R1wvFbKykG2iAvfkH7qGYIoLhdjHvG9i24ieTu0r4Ue6Dp8oIfIMdtFSySc%3D"}],"group":"cf-nel","max_age":604800}
NEL: {"success_fraction":0,"report_to":"cf-nel","max_age":604800}
Server: cloudflare
CF-RAY: 89bf2edfba5e79b3-LHR
Content-Encoding: gzip
alt-svc: h3=":443"; ma=86400

{
    "success": true,
    "user": {
        "email": "psfgjzbfpm@ya.ru",
        "name": "RvvMtZbYqL"
    },
    "accessToken": "Bearer eyJhbGciOiJIUzI1NiIsInR5cCI6IkpXVCJ9.eyJpZCI6IjY2ODE3OTdhOWVkMjgwMDAxYjQ1OTYyNiIsImlhdCI6MTcxOTc2MTI3NCwiZXhwIjoxNzE5NzYyNDc0fQ.Jy2ZANIzlDzKO4Lvebni0SDJRSR56pzmEnIIoTu2rtg",
    "refreshToken": "975eabcc981e0576e53fb7d81e9874fae838fe74a76c6a64d061f619d6c609699ce4e709625a5047"
}
HTTP/1.1 200 OK
Date: Sun, 30 Jun 2024 15:27:54 GMT
Content-Type: application/json; charset=utf-8
Transfer-Encoding: chunked
Connection: keep-alive
X-Powered-By: Express
Access-Control-Allow-Origin: *
authorization: Bearer eyJhbGciOiJIUzI1NiIsInR5cCI6IkpXVCJ9.eyJpZCI6IjY2ODE3OTdhOWVkMjgwMDAxYjQ1OTYyNiIsImlhdCI6MTcxOTc2MTI3NCwiZXhwIjoxNzE5NzYyNDc0fQ.Jy2ZANIzlDzKO4Lvebni0SDJRSR56pzmEnIIoTu2rtg
ETag: W/"16d-i0ztyWkooCi378Ubcw8ca/klrAI"
CF-Cache-Status: DYNAMIC
Report-To: {"endpoints":[{"url":"https:\/\/a.nel.cloudflare.com\/report\/v4?s=BOTcnamU5yE97kSPG2dvPAnmkf3ppLFmvIeEQfM4Ktn7uyLd8ltvyib4h3kI3tCLZwu%2Fsr2MxbUWpJEss706wBTpoI%2FtloG5R1wvFbKykG2iAvfkH7qGYIoLhdjHvG9i24ieTu0r4Ue6Dp8oIfIMdtFSySc%3D"}],"group":"cf-nel","max_age":604800}
NEL: {"success_fraction":0,"report_to":"cf-nel","max_age":604800}
Server: cloudflare
CF-RAY: 89bf2edfba5e79b3-LHR
Content-Encoding: gzip
alt-svc: h3=":443"; ma=86400

{
    "success": true,
    "user": {
        "email": "psfgjzbfpm@ya.ru",
        "name": "RvvMtZbYqL"
    },
    "accessToken": "Bearer eyJhbGciOiJIUzI1NiIsInR5cCI6IkpXVCJ9.eyJpZCI6IjY2ODE3OTdhOWVkMjgwMDAxYjQ1OTYyNiIsImlhdCI6MTcxOTc2MTI3NCwiZXhwIjoxNzE5NzYyNDc0fQ.Jy2ZANIzlDzKO4Lvebni0SDJRSR56pzmEnIIoTu2rtg",
    "refreshToken": "975eabcc981e0576e53fb7d81e9874fae838fe74a76c6a64d061f619d6c609699ce4e709625a5047"
}
HTTP/1.1 200 OK
Date: Sun, 30 Jun 2024 15:27:54 GMT
Content-Type: application/json; charset=utf-8
Transfer-Encoding: chunked
Connection: keep-alive
X-Powered-By: Express
Access-Control-Allow-Origin: *
authorization: Bearer eyJhbGciOiJIUzI1NiIsInR5cCI6IkpXVCJ9.eyJpZCI6IjY2ODE3OTdhOWVkMjgwMDAxYjQ1OTYyNiIsImlhdCI6MTcxOTc2MTI3NCwiZXhwIjoxNzE5NzYyNDc0fQ.Jy2ZANIzlDzKO4Lvebni0SDJRSR56pzmEnIIoTu2rtg
ETag: W/"16d-i0ztyWkooCi378Ubcw8ca/klrAI"
CF-Cache-Status: DYNAMIC
Report-To: {"endpoints":[{"url":"https:\/\/a.nel.cloudflare.com\/report\/v4?s=BOTcnamU5yE97kSPG2dvPAnmkf3ppLFmvIeEQfM4Ktn7uyLd8ltvyib4h3kI3tCLZwu%2Fsr2MxbUWpJEss706wBTpoI%2FtloG5R1wvFbKykG2iAvfkH7qGYIoLhdjHvG9i24ieTu0r4Ue6Dp8oIfIMdtFSySc%3D"}],"group":"cf-nel","max_age":604800}
NEL: {"success_fraction":0,"report_to":"cf-nel","max_age":604800}
Server: cloudflare
CF-RAY: 89bf2edfba5e79b3-LHR
Content-Encoding: gzip
alt-svc: h3=":443"; ma=86400

{
    "success": true,
    "user": {
        "email": "psfgjzbfpm@ya.ru",
        "name": "RvvMtZbYqL"
    },
    "accessToken": "Bearer eyJhbGciOiJIUzI1NiIsInR5cCI6IkpXVCJ9.eyJpZCI6IjY2ODE3OTdhOWVkMjgwMDAxYjQ1OTYyNiIsImlhdCI6MTcxOTc2MTI3NCwiZXhwIjoxNzE5NzYyNDc0fQ.Jy2ZANIzlDzKO4Lvebni0SDJRSR56pzmEnIIoTu2rtg",
    "refreshToken": "975eabcc981e0576e53fb7d81e9874fae838fe74a76c6a64d061f619d6c609699ce4e709625a5047"
}
HTTP/1.1 200 OK
Date: Sun, 30 Jun 2024 15:27:54 GMT
Content-Type: application/json; charset=utf-8
Transfer-Encoding: chunked
Connection: keep-alive
X-Powered-By: Express
Access-Control-Allow-Origin: *
authorization: Bearer eyJhbGciOiJIUzI1NiIsInR5cCI6IkpXVCJ9.eyJpZCI6IjY2ODE3OTdhOWVkMjgwMDAxYjQ1OTYyNiIsImlhdCI6MTcxOTc2MTI3NCwiZXhwIjoxNzE5NzYyNDc0fQ.Jy2ZANIzlDzKO4Lvebni0SDJRSR56pzmEnIIoTu2rtg
ETag: W/"16d-i0ztyWkooCi378Ubcw8ca/klrAI"
CF-Cache-Status: DYNAMIC
Report-To: {"endpoints":[{"url":"https:\/\/a.nel.cloudflare.com\/report\/v4?s=BOTcnamU5yE97kSPG2dvPAnmkf3ppLFmvIeEQfM4Ktn7uyLd8ltvyib4h3kI3tCLZwu%2Fsr2MxbUWpJEss706wBTpoI%2FtloG5R1wvFbKykG2iAvfkH7qGYIoLhdjHvG9i24ieTu0r4Ue6Dp8oIfIMdtFSySc%3D"}],"group":"cf-nel","max_age":604800}
NEL: {"success_fraction":0,"report_to":"cf-nel","max_age":604800}
Server: cloudflare
CF-RAY: 89bf2edfba5e79b3-LHR
Content-Encoding: gzip
alt-svc: h3=":443"; ma=86400

{
    "success": true,
    "user": {
        "email": "psfgjzbfpm@ya.ru",
        "name": "RvvMtZbYqL"
    },
    "accessToken": "Bearer eyJhbGciOiJIUzI1NiIsInR5cCI6IkpXVCJ9.eyJpZCI6IjY2ODE3OTdhOWVkMjgwMDAxYjQ1OTYyNiIsImlhdCI6MTcxOTc2MTI3NCwiZXhwIjoxNzE5NzYyNDc0fQ.Jy2ZANIzlDzKO4Lvebni0SDJRSR56pzmEnIIoTu2rtg",
    "refreshToken": "975eabcc981e0576e53fb7d81e9874fae838fe74a76c6a64d061f619d6c609699ce4e709625a5047"
}
HTTP/1.1 200 OK
Date: Sun, 30 Jun 2024 15:27:54 GMT
Content-Type: application/json; charset=utf-8
Transfer-Encoding: chunked
Connection: keep-alive
X-Powered-By: Express
Access-Control-Allow-Origin: *
authorization: Bearer eyJhbGciOiJIUzI1NiIsInR5cCI6IkpXVCJ9.eyJpZCI6IjY2ODE3OTdhOWVkMjgwMDAxYjQ1OTYyNiIsImlhdCI6MTcxOTc2MTI3NCwiZXhwIjoxNzE5NzYyNDc0fQ.Jy2ZANIzlDzKO4Lvebni0SDJRSR56pzmEnIIoTu2rtg
ETag: W/"16d-i0ztyWkooCi378Ubcw8ca/klrAI"
CF-Cache-Status: DYNAMIC
Report-To: {"endpoints":[{"url":"https:\/\/a.nel.cloudflare.com\/report\/v4?s=BOTcnamU5yE97kSPG2dvPAnmkf3ppLFmvIeEQfM4Ktn7uyLd8ltvyib4h3kI3tCLZwu%2Fsr2MxbUWpJEss706wBTpoI%2FtloG5R1wvFbKykG2iAvfkH7qGYIoLhdjHvG9i24ieTu0r4Ue6Dp8oIfIMdtFSySc%3D"}],"group":"cf-nel","max_age":604800}
NEL: {"success_fraction":0,"report_to":"cf-nel","max_age":604800}
Server: cloudflare
CF-RAY: 89bf2edfba5e79b3-LHR
Content-Encoding: gzip
alt-svc: h3=":443"; ma=86400

{
    "success": true,
    "user": {
        "email": "psfgjzbfpm@ya.ru",
        "name": "RvvMtZbYqL"
    },
    "accessToken": "Bearer eyJhbGciOiJIUzI1NiIsInR5cCI6IkpXVCJ9.eyJpZCI6IjY2ODE3OTdhOWVkMjgwMDAxYjQ1OTYyNiIsImlhdCI6MTcxOTc2MTI3NCwiZXhwIjoxNzE5NzYyNDc0fQ.Jy2ZANIzlDzKO4Lvebni0SDJRSR56pzmEnIIoTu2rtg",
    "refreshToken": "975eabcc981e0576e53fb7d81e9874fae838fe74a76c6a64d061f619d6c609699ce4e709625a5047"
}
HTTP/1.1 200 OK
Date: Sun, 30 Jun 2024 15:27:54 GMT
Content-Type: application/json; charset=utf-8
Transfer-Encoding: chunked
Connection: keep-alive
X-Powered-By: Express
Access-Control-Allow-Origin: *
authorization: Bearer eyJhbGciOiJIUzI1NiIsInR5cCI6IkpXVCJ9.eyJpZCI6IjY2ODE3OTdhOWVkMjgwMDAxYjQ1OTYyNiIsImlhdCI6MTcxOTc2MTI3NCwiZXhwIjoxNzE5NzYyNDc0fQ.Jy2ZANIzlDzKO4Lvebni0SDJRSR56pzmEnIIoTu2rtg
ETag: W/"16d-i0ztyWkooCi378Ubcw8ca/klrAI"
CF-Cache-Status: DYNAMIC
Report-To: {"endpoints":[{"url":"https:\/\/a.nel.cloudflare.com\/report\/v4?s=BOTcnamU5yE97kSPG2dvPAnmkf3ppLFmvIeEQfM4Ktn7uyLd8ltvyib4h3kI3tCLZwu%2Fsr2MxbUWpJEss706wBTpoI%2FtloG5R1wvFbKykG2iAvfkH7qGYIoLhdjHvG9i24ieTu0r4Ue6Dp8oIfIMdtFSySc%3D"}],"group":"cf-nel","max_age":604800}
NEL: {"success_fraction":0,"report_to":"cf-nel","max_age":604800}
Server: cloudflare
CF-RAY: 89bf2edfba5e79b3-LHR
Content-Encoding: gzip
alt-svc: h3=":443"; ma=86400

{
    "success": true,
    "user": {
        "email": "psfgjzbfpm@ya.ru",
        "name": "RvvMtZbYqL"
    },
    "accessToken": "Bearer eyJhbGciOiJIUzI1NiIsInR5cCI6IkpXVCJ9.eyJpZCI6IjY2ODE3OTdhOWVkMjgwMDAxYjQ1OTYyNiIsImlhdCI6MTcxOTc2MTI3NCwiZXhwIjoxNzE5NzYyNDc0fQ.Jy2ZANIzlDzKO4Lvebni0SDJRSR56pzmEnIIoTu2rtg",
    "refreshToken": "975eabcc981e0576e53fb7d81e9874fae838fe74a76c6a64d061f619d6c609699ce4e709625a5047"
}
HTTP/1.1 200 OK
Date: Sun, 30 Jun 2024 15:27:54 GMT
Content-Type: application/json; charset=utf-8
Transfer-Encoding: chunked
Connection: keep-alive
X-Powered-By: Express
Access-Control-Allow-Origin: *
authorization: Bearer eyJhbGciOiJIUzI1NiIsInR5cCI6IkpXVCJ9.eyJpZCI6IjY2ODE3OTdhOWVkMjgwMDAxYjQ1OTYyNiIsImlhdCI6MTcxOTc2MTI3NCwiZXhwIjoxNzE5NzYyNDc0fQ.Jy2ZANIzlDzKO4Lvebni0SDJRSR56pzmEnIIoTu2rtg
ETag: W/"16d-i0ztyWkooCi378Ubcw8ca/klrAI"
CF-Cache-Status: DYNAMIC
Report-To: {"endpoints":[{"url":"https:\/\/a.nel.cloudflare.com\/report\/v4?s=BOTcnamU5yE97kSPG2dvPAnmkf3ppLFmvIeEQfM4Ktn7uyLd8ltvyib4h3kI3tCLZwu%2Fsr2MxbUWpJEss706wBTpoI%2FtloG5R1wvFbKykG2iAvfkH7qGYIoLhdjHvG9i24ieTu0r4Ue6Dp8oIfIMdtFSySc%3D"}],"group":"cf-nel","max_age":604800}
NEL: {"success_fraction":0,"report_to":"cf-nel","max_age":604800}
Server: cloudflare
CF-RAY: 89bf2edfba5e79b3-LHR
Content-Encoding: gzip
alt-svc: h3=":443"; ma=86400

{
    "success": true,
    "user": {
        "email": "psfgjzbfpm@ya.ru",
        "name": "RvvMtZbYqL"
    },
    "accessToken": "Bearer eyJhbGciOiJIUzI1NiIsInR5cCI6IkpXVCJ9.eyJpZCI6IjY2ODE3OTdhOWVkMjgwMDAxYjQ1OTYyNiIsImlhdCI6MTcxOTc2MTI3NCwiZXhwIjoxNzE5NzYyNDc0fQ.Jy2ZANIzlDzKO4Lvebni0SDJRSR56pzmEnIIoTu2rtg",
    "refreshToken": "975eabcc981e0576e53fb7d81e9874fae838fe74a76c6a64d061f619d6c609699ce4e709625a5047"
}
HTTP/1.1 200 OK
Date: Sun, 30 Jun 2024 15:27:54 GMT
Content-Type: application/json; charset=utf-8
Transfer-Encoding: chunked
Connection: keep-alive
X-Powered-By: Express
Access-Control-Allow-Origin: *
authorization: Bearer eyJhbGciOiJIUzI1NiIsInR5cCI6IkpXVCJ9.eyJpZCI6IjY2ODE3OTdhOWVkMjgwMDAxYjQ1OTYyNiIsImlhdCI6MTcxOTc2MTI3NCwiZXhwIjoxNzE5NzYyNDc0fQ.Jy2ZANIzlDzKO4Lvebni0SDJRSR56pzmEnIIoTu2rtg
ETag: W/"16d-i0ztyWkooCi378Ubcw8ca/klrAI"
CF-Cache-Status: DYNAMIC
Report-To: {"endpoints":[{"url":"https:\/\/a.nel.cloudflare.com\/report\/v4?s=BOTcnamU5yE97kSPG2dvPAnmkf3ppLFmvIeEQfM4Ktn7uyLd8ltvyib4h3kI3tCLZwu%2Fsr2MxbUWpJEss706wBTpoI%2FtloG5R1wvFbKykG2iAvfkH7qGYIoLhdjHvG9i24ieTu0r4Ue6Dp8oIfIMdtFSySc%3D"}],"group":"cf-nel","max_age":604800}
NEL: {"success_fraction":0,"report_to":"cf-nel","max_age":604800}
Server: cloudflare
CF-RAY: 89bf2edfba5e79b3-LHR
Content-Encoding: gzip
alt-svc: h3=":443"; ma=86400

{
    "success": true,
    "user": {
        "email": "psfgjzbfpm@ya.ru",
        "name": "RvvMtZbYqL"
    },
    "accessToken": "Bearer eyJhbGciOiJIUzI1NiIsInR5cCI6IkpXVCJ9.eyJpZCI6IjY2ODE3OTdhOWVkMjgwMDAxYjQ1OTYyNiIsImlhdCI6MTcxOTc2MTI3NCwiZXhwIjoxNzE5NzYyNDc0fQ.Jy2ZANIzlDzKO4Lvebni0SDJRSR56pzmEnIIoTu2rtg",
    "refreshToken": "975eabcc981e0576e53fb7d81e9874fae838fe74a76c6a64d061f619d6c609699ce4e709625a5047"
}
HTTP/1.1 200 OK
Date: Sun, 30 Jun 2024 15:27:54 GMT
Content-Type: application/json; charset=utf-8
Transfer-Encoding: chunked
Connection: keep-alive
X-Powered-By: Express
Access-Control-Allow-Origin: *
authorization: Bearer eyJhbGciOiJIUzI1NiIsInR5cCI6IkpXVCJ9.eyJpZCI6IjY2ODE3OTdhOWVkMjgwMDAxYjQ1OTYyNiIsImlhdCI6MTcxOTc2MTI3NCwiZXhwIjoxNzE5NzYyNDc0fQ.Jy2ZANIzlDzKO4Lvebni0SDJRSR56pzmEnIIoTu2rtg
ETag: W/"16d-i0ztyWkooCi378Ubcw8ca/klrAI"
CF-Cache-Status: DYNAMIC
Report-To: {"endpoints":[{"url":"https:\/\/a.nel.cloudflare.com\/report\/v4?s=BOTcnamU5yE97kSPG2dvPAnmkf3ppLFmvIeEQfM4Ktn7uyLd8ltvyib4h3kI3tCLZwu%2Fsr2MxbUWpJEss706wBTpoI%2FtloG5R1wvFbKykG2iAvfkH7qGYIoLhdjHvG9i24ieTu0r4Ue6Dp8oIfIMdtFSySc%3D"}],"group":"cf-nel","max_age":604800}
NEL: {"success_fraction":0,"report_to":"cf-nel","max_age":604800}
Server: cloudflare
CF-RAY: 89bf2edfba5e79b3-LHR
Content-Encoding: gzip
alt-svc: h3=":443"; ma=86400

{
    "success": true,
    "user": {
        "email": "psfgjzbfpm@ya.ru",
        "name": "RvvMtZbYqL"
    },
    "accessToken": "Bearer eyJhbGciOiJIUzI1NiIsInR5cCI6IkpXVCJ9.eyJpZCI6IjY2ODE3OTdhOWVkMjgwMDAxYjQ1OTYyNiIsImlhdCI6MTcxOTc2MTI3NCwiZXhwIjoxNzE5NzYyNDc0fQ.Jy2ZANIzlDzKO4Lvebni0SDJRSR56pzmEnIIoTu2rtg",
    "refreshToken": "975eabcc981e0576e53fb7d81e9874fae838fe74a76c6a64d061f619d6c609699ce4e709625a5047"
}
HTTP/1.1 200 OK
Date: Sun, 30 Jun 2024 15:27:54 GMT
Content-Type: application/json; charset=utf-8
Transfer-Encoding: chunked
Connection: keep-alive
X-Powered-By: Express
Access-Control-Allow-Origin: *
authorization: Bearer eyJhbGciOiJIUzI1NiIsInR5cCI6IkpXVCJ9.eyJpZCI6IjY2ODE3OTdhOWVkMjgwMDAxYjQ1OTYyNiIsImlhdCI6MTcxOTc2MTI3NCwiZXhwIjoxNzE5NzYyNDc0fQ.Jy2ZANIzlDzKO4Lvebni0SDJRSR56pzmEnIIoTu2rtg
ETag: W/"16d-i0ztyWkooCi378Ubcw8ca/klrAI"
CF-Cache-Status: DYNAMIC
Report-To: {"endpoints":[{"url":"https:\/\/a.nel.cloudflare.com\/report\/v4?s=BOTcnamU5yE97kSPG2dvPAnmkf3ppLFmvIeEQfM4Ktn7uyLd8ltvyib4h3kI3tCLZwu%2Fsr2MxbUWpJEss706wBTpoI%2FtloG5R1wvFbKykG2iAvfkH7qGYIoLhdjHvG9i24ieTu0r4Ue6Dp8oIfIMdtFSySc%3D"}],"group":"cf-nel","max_age":604800}
NEL: {"success_fraction":0,"report_to":"cf-nel","max_age":604800}
Server: cloudflare
CF-RAY: 89bf2edfba5e79b3-LHR
Content-Encoding: gzip
alt-svc: h3=":443"; ma=86400

{
    "success": true,
    "user": {
        "email": "psfgjzbfpm@ya.ru",
        "name": "RvvMtZbYqL"
    },
    "accessToken": "Bearer eyJhbGciOiJIUzI1NiIsInR5cCI6IkpXVCJ9.eyJpZCI6IjY2ODE3OTdhOWVkMjgwMDAxYjQ1OTYyNiIsImlhdCI6MTcxOTc2MTI3NCwiZXhwIjoxNzE5NzYyNDc0fQ.Jy2ZANIzlDzKO4Lvebni0SDJRSR56pzmEnIIoTu2rtg",
    "refreshToken": "975eabcc981e0576e53fb7d81e9874fae838fe74a76c6a64d061f619d6c609699ce4e709625a5047"
}
HTTP/1.1 200 OK
Date: Sun, 30 Jun 2024 15:27:54 GMT
Content-Type: application/json; charset=utf-8
Transfer-Encoding: chunked
Connection: keep-alive
X-Powered-By: Express
Access-Control-Allow-Origin: *
authorization: Bearer eyJhbGciOiJIUzI1NiIsInR5cCI6IkpXVCJ9.eyJpZCI6IjY2ODE3OTdhOWVkMjgwMDAxYjQ1OTYyNiIsImlhdCI6MTcxOTc2MTI3NCwiZXhwIjoxNzE5NzYyNDc0fQ.Jy2ZANIzlDzKO4Lvebni0SDJRSR56pzmEnIIoTu2rtg
ETag: W/"16d-i0ztyWkooCi378Ubcw8ca/klrAI"
CF-Cache-Status: DYNAMIC
Report-To: {"endpoints":[{"url":"https:\/\/a.nel.cloudflare.com\/report\/v4?s=BOTcnamU5yE97kSPG2dvPAnmkf3ppLFmvIeEQfM4Ktn7uyLd8ltvyib4h3kI3tCLZwu%2Fsr2MxbUWpJEss706wBTpoI%2FtloG5R1wvFbKykG2iAvfkH7qGYIoLhdjHvG9i24ieTu0r4Ue6Dp8oIfIMdtFSySc%3D"}],"group":"cf-nel","max_age":604800}
NEL: {"success_fraction":0,"report_to":"cf-nel","max_age":604800}
Server: cloudflare
CF-RAY: 89bf2edfba5e79b3-LHR
Content-Encoding: gzip
alt-svc: h3=":443"; ma=86400

{
    "success": true,
    "user": {
        "email": "psfgjzbfpm@ya.ru",
        "name": "RvvMtZbYqL"
    },
    "accessToken": "Bearer eyJhbGciOiJIUzI1NiIsInR5cCI6IkpXVCJ9.eyJpZCI6IjY2ODE3OTdhOWVkMjgwMDAxYjQ1OTYyNiIsImlhdCI6MTcxOTc2MTI3NCwiZXhwIjoxNzE5NzYyNDc0fQ.Jy2ZANIzlDzKO4Lvebni0SDJRSR56pzmEnIIoTu2rtg",
    "refreshToken": "975eabcc981e0576e53fb7d81e9874fae838fe74a76c6a64d061f619d6c609699ce4e709625a5047"
}
HTTP/1.1 200 OK
Date: Sun, 30 Jun 2024 15:27:54 GMT
Content-Type: application/json; charset=utf-8
Transfer-Encoding: chunked
Connection: keep-alive
X-Powered-By: Express
Access-Control-Allow-Origin: *
authorization: Bearer eyJhbGciOiJIUzI1NiIsInR5cCI6IkpXVCJ9.eyJpZCI6IjY2ODE3OTdhOWVkMjgwMDAxYjQ1OTYyNiIsImlhdCI6MTcxOTc2MTI3NCwiZXhwIjoxNzE5NzYyNDc0fQ.Jy2ZANIzlDzKO4Lvebni0SDJRSR56pzmEnIIoTu2rtg
ETag: W/"16d-i0ztyWkooCi378Ubcw8ca/klrAI"
CF-Cache-Status: DYNAMIC
Report-To: {"endpoints":[{"url":"https:\/\/a.nel.cloudflare.com\/report\/v4?s=BOTcnamU5yE97kSPG2dvPAnmkf3ppLFmvIeEQfM4Ktn7uyLd8ltvyib4h3kI3tCLZwu%2Fsr2MxbUWpJEss706wBTpoI%2FtloG5R1wvFbKykG2iAvfkH7qGYIoLhdjHvG9i24ieTu0r4Ue6Dp8oIfIMdtFSySc%3D"}],"group":"cf-nel","max_age":604800}
NEL: {"success_fraction":0,"report_to":"cf-nel","max_age":604800}
Server: cloudflare
CF-RAY: 89bf2edfba5e79b3-LHR
Content-Encoding: gzip
alt-svc: h3=":443"; ma=86400

{
    "success": true,
    "user": {
        "email": "psfgjzbfpm@ya.ru",
        "name": "RvvMtZbYqL"
    },
    "accessToken": "Bearer eyJhbGciOiJIUzI1NiIsInR5cCI6IkpXVCJ9.eyJpZCI6IjY2ODE3OTdhOWVkMjgwMDAxYjQ1OTYyNiIsImlhdCI6MTcxOTc2MTI3NCwiZXhwIjoxNzE5NzYyNDc0fQ.Jy2ZANIzlDzKO4Lvebni0SDJRSR56pzmEnIIoTu2rtg",
    "refreshToken": "975eabcc981e0576e53fb7d81e9874fae838fe74a76c6a64d061f619d6c609699ce4e709625a5047"
}
HTTP/1.1 200 OK
Date: Sun, 30 Jun 2024 15:27:54 GMT
Content-Type: application/json; charset=utf-8
Transfer-Encoding: chunked
Connection: keep-alive
X-Powered-By: Express
Access-Control-Allow-Origin: *
authorization: Bearer eyJhbGciOiJIUzI1NiIsInR5cCI6IkpXVCJ9.eyJpZCI6IjY2ODE3OTdhOWVkMjgwMDAxYjQ1OTYyNiIsImlhdCI6MTcxOTc2MTI3NCwiZXhwIjoxNzE5NzYyNDc0fQ.Jy2ZANIzlDzKO4Lvebni0SDJRSR56pzmEnIIoTu2rtg
ETag: W/"16d-i0ztyWkooCi378Ubcw8ca/klrAI"
CF-Cache-Status: DYNAMIC
Report-To: {"endpoints":[{"url":"https:\/\/a.nel.cloudflare.com\/report\/v4?s=BOTcnamU5yE97kSPG2dvPAnmkf3ppLFmvIeEQfM4Ktn7uyLd8ltvyib4h3kI3tCLZwu%2Fsr2MxbUWpJEss706wBTpoI%2FtloG5R1wvFbKykG2iAvfkH7qGYIoLhdjHvG9i24ieTu0r4Ue6Dp8oIfIMdtFSySc%3D"}],"group":"cf-nel","max_age":604800}
NEL: {"success_fraction":0,"report_to":"cf-nel","max_age":604800}
Server: cloudflare
CF-RAY: 89bf2edfba5e79b3-LHR
Content-Encoding: gzip
alt-svc: h3=":443"; ma=86400

{
    "success": true,
    "user": {
        "email": "psfgjzbfpm@ya.ru",
        "name": "RvvMtZbYqL"
    },
    "accessToken": "Bearer eyJhbGciOiJIUzI1NiIsInR5cCI6IkpXVCJ9.eyJpZCI6IjY2ODE3OTdhOWVkMjgwMDAxYjQ1OTYyNiIsImlhdCI6MTcxOTc2MTI3NCwiZXhwIjoxNzE5NzYyNDc0fQ.Jy2ZANIzlDzKO4Lvebni0SDJRSR56pzmEnIIoTu2rtg",
    "refreshToken": "975eabcc981e0576e53fb7d81e9874fae838fe74a76c6a64d061f619d6c609699ce4e709625a5047"
}
HTTP/1.1 200 OK
Date: Sun, 30 Jun 2024 15:27:54 GMT
Content-Type: application/json; charset=utf-8
Transfer-Encoding: chunked
Connection: keep-alive
X-Powered-By: Express
Access-Control-Allow-Origin: *
authorization: Bearer eyJhbGciOiJIUzI1NiIsInR5cCI6IkpXVCJ9.eyJpZCI6IjY2ODE3OTdhOWVkMjgwMDAxYjQ1OTYyNiIsImlhdCI6MTcxOTc2MTI3NCwiZXhwIjoxNzE5NzYyNDc0fQ.Jy2ZANIzlDzKO4Lvebni0SDJRSR56pzmEnIIoTu2rtg
ETag: W/"16d-i0ztyWkooCi378Ubcw8ca/klrAI"
CF-Cache-Status: DYNAMIC
Report-To: {"endpoints":[{"url":"https:\/\/a.nel.cloudflare.com\/report\/v4?s=BOTcnamU5yE97kSPG2dvPAnmkf3ppLFmvIeEQfM4Ktn7uyLd8ltvyib4h3kI3tCLZwu%2Fsr2MxbUWpJEss706wBTpoI%2FtloG5R1wvFbKykG2iAvfkH7qGYIoLhdjHvG9i24ieTu0r4Ue6Dp8oIfIMdtFSySc%3D"}],"group":"cf-nel","max_age":604800}
NEL: {"success_fraction":0,"report_to":"cf-nel","max_age":604800}
Server: cloudflare
CF-RAY: 89bf2edfba5e79b3-LHR
Content-Encoding: gzip
alt-svc: h3=":443"; ma=86400

{
    "success": true,
    "user": {
        "email": "psfgjzbfpm@ya.ru",
        "name": "RvvMtZbYqL"
    },
    "accessToken": "Bearer eyJhbGciOiJIUzI1NiIsInR5cCI6IkpXVCJ9.eyJpZCI6IjY2ODE3OTdhOWVkMjgwMDAxYjQ1OTYyNiIsImlhdCI6MTcxOTc2MTI3NCwiZXhwIjoxNzE5NzYyNDc0fQ.Jy2ZANIzlDzKO4Lvebni0SDJRSR56pzmEnIIoTu2rtg",
    "refreshToken": "975eabcc981e0576e53fb7d81e9874fae838fe74a76c6a64d061f619d6c609699ce4e709625a5047"
}
HTTP/1.1 200 OK
Date: Sun, 30 Jun 2024 15:27:54 GMT
Content-Type: application/json; charset=utf-8
Transfer-Encoding: chunked
Connection: keep-alive
X-Powered-By: Express
Access-Control-Allow-Origin: *
authorization: Bearer eyJhbGciOiJIUzI1NiIsInR5cCI6IkpXVCJ9.eyJpZCI6IjY2ODE3OTdhOWVkMjgwMDAxYjQ1OTYyNiIsImlhdCI6MTcxOTc2MTI3NCwiZXhwIjoxNzE5NzYyNDc0fQ.Jy2ZANIzlDzKO4Lvebni0SDJRSR56pzmEnIIoTu2rtg
ETag: W/"16d-i0ztyWkooCi378Ubcw8ca/klrAI"
CF-Cache-Status: DYNAMIC
Report-To: {"endpoints":[{"url":"https:\/\/a.nel.cloudflare.com\/report\/v4?s=BOTcnamU5yE97kSPG2dvPAnmkf3ppLFmvIeEQfM4Ktn7uyLd8ltvyib4h3kI3tCLZwu%2Fsr2MxbUWpJEss706wBTpoI%2FtloG5R1wvFbKykG2iAvfkH7qGYIoLhdjHvG9i24ieTu0r4Ue6Dp8oIfIMdtFSySc%3D"}],"group":"cf-nel","max_age":604800}
NEL: {"success_fraction":0,"report_to":"cf-nel","max_age":604800}
Server: cloudflare
CF-RAY: 89bf2edfba5e79b3-LHR
Content-Encoding: gzip
alt-svc: h3=":443"; ma=86400

{
    "success": true,
    "user": {
        "email": "psfgjzbfpm@ya.ru",
        "name": "RvvMtZbYqL"
    },
    "accessToken": "Bearer eyJhbGciOiJIUzI1NiIsInR5cCI6IkpXVCJ9.eyJpZCI6IjY2ODE3OTdhOWVkMjgwMDAxYjQ1OTYyNiIsImlhdCI6MTcxOTc2MTI3NCwiZXhwIjoxNzE5NzYyNDc0fQ.Jy2ZANIzlDzKO4Lvebni0SDJRSR56pzmEnIIoTu2rtg",
    "refreshToken": "975eabcc981e0576e53fb7d81e9874fae838fe74a76c6a64d061f619d6c609699ce4e709625a5047"
}
HTTP/1.1 200 OK
Date: Sun, 30 Jun 2024 15:27:54 GMT
Content-Type: application/json; charset=utf-8
Transfer-Encoding: chunked
Connection: keep-alive
X-Powered-By: Express
Access-Control-Allow-Origin: *
authorization: Bearer eyJhbGciOiJIUzI1NiIsInR5cCI6IkpXVCJ9.eyJpZCI6IjY2ODE3OTdhOWVkMjgwMDAxYjQ1OTYyNiIsImlhdCI6MTcxOTc2MTI3NCwiZXhwIjoxNzE5NzYyNDc0fQ.Jy2ZANIzlDzKO4Lvebni0SDJRSR56pzmEnIIoTu2rtg
ETag: W/"16d-i0ztyWkooCi378Ubcw8ca/klrAI"
CF-Cache-Status: DYNAMIC
Report-To: {"endpoints":[{"url":"https:\/\/a.nel.cloudflare.com\/report\/v4?s=BOTcnamU5yE97kSPG2dvPAnmkf3ppLFmvIeEQfM4Ktn7uyLd8ltvyib4h3kI3tCLZwu%2Fsr2MxbUWpJEss706wBTpoI%2FtloG5R1wvFbKykG2iAvfkH7qGYIoLhdjHvG9i24ieTu0r4Ue6Dp8oIfIMdtFSySc%3D"}],"group":"cf-nel","max_age":604800}
NEL: {"success_fraction":0,"report_to":"cf-nel","max_age":604800}
Server: cloudflare
CF-RAY: 89bf2edfba5e79b3-LHR
Content-Encoding: gzip
alt-svc: h3=":443"; ma=86400

{
    "success": true,
    "user": {
        "email": "psfgjzbfpm@ya.ru",
        "name": "RvvMtZbYqL"
    },
    "accessToken": "Bearer eyJhbGciOiJIUzI1NiIsInR5cCI6IkpXVCJ9.eyJpZCI6IjY2ODE3OTdhOWVkMjgwMDAxYjQ1OTYyNiIsImlhdCI6MTcxOTc2MTI3NCwiZXhwIjoxNzE5NzYyNDc0fQ.Jy2ZANIzlDzKO4Lvebni0SDJRSR56pzmEnIIoTu2rtg",
    "refreshToken": "975eabcc981e0576e53fb7d81e9874fae838fe74a76c6a64d061f619d6c609699ce4e709625a5047"
}
HTTP/1.1 200 OK
Date: Sun, 30 Jun 2024 15:27:54 GMT
Content-Type: application/json; charset=utf-8
Transfer-Encoding: chunked
Connection: keep-alive
X-Powered-By: Express
Access-Control-Allow-Origin: *
authorization: Bearer eyJhbGciOiJIUzI1NiIsInR5cCI6IkpXVCJ9.eyJpZCI6IjY2ODE3OTdhOWVkMjgwMDAxYjQ1OTYyNiIsImlhdCI6MTcxOTc2MTI3NCwiZXhwIjoxNzE5NzYyNDc0fQ.Jy2ZANIzlDzKO4Lvebni0SDJRSR56pzmEnIIoTu2rtg
ETag: W/"16d-i0ztyWkooCi378Ubcw8ca/klrAI"
CF-Cache-Status: DYNAMIC
Report-To: {"endpoints":[{"url":"https:\/\/a.nel.cloudflare.com\/report\/v4?s=BOTcnamU5yE97kSPG2dvPAnmkf3ppLFmvIeEQfM4Ktn7uyLd8ltvyib4h3kI3tCLZwu%2Fsr2MxbUWpJEss706wBTpoI%2FtloG5R1wvFbKykG2iAvfkH7qGYIoLhdjHvG9i24ieTu0r4Ue6Dp8oIfIMdtFSySc%3D"}],"group":"cf-nel","max_age":604800}
NEL: {"success_fraction":0,"report_to":"cf-nel","max_age":604800}
Server: cloudflare
CF-RAY: 89bf2edfba5e79b3-LHR
Content-Encoding: gzip
alt-svc: h3=":443"; ma=86400

{
    "success": true,
    "user": {
        "email": "psfgjzbfpm@ya.ru",
        "name": "RvvMtZbYqL"
    },
    "accessToken": "Bearer eyJhbGciOiJIUzI1NiIsInR5cCI6IkpXVCJ9.eyJpZCI6IjY2ODE3OTdhOWVkMjgwMDAxYjQ1OTYyNiIsImlhdCI6MTcxOTc2MTI3NCwiZXhwIjoxNzE5NzYyNDc0fQ.Jy2ZANIzlDzKO4Lvebni0SDJRSR56pzmEnIIoTu2rtg",
    "refreshToken": "975eabcc981e0576e53fb7d81e9874fae838fe74a76c6a64d061f619d6c609699ce4e709625a5047"
}
HTTP/1.1 200 OK
Date: Sun, 30 Jun 2024 15:27:54 GMT
Content-Type: application/json; charset=utf-8
Transfer-Encoding: chunked
Connection: keep-alive
X-Powered-By: Express
Access-Control-Allow-Origin: *
authorization: Bearer eyJhbGciOiJIUzI1NiIsInR5cCI6IkpXVCJ9.eyJpZCI6IjY2ODE3OTdhOWVkMjgwMDAxYjQ1OTYyNiIsImlhdCI6MTcxOTc2MTI3NCwiZXhwIjoxNzE5NzYyNDc0fQ.Jy2ZANIzlDzKO4Lvebni0SDJRSR56pzmEnIIoTu2rtg
ETag: W/"16d-i0ztyWkooCi378Ubcw8ca/klrAI"
CF-Cache-Status: DYNAMIC
Report-To: {"endpoints":[{"url":"https:\/\/a.nel.cloudflare.com\/report\/v4?s=BOTcnamU5yE97kSPG2dvPAnmkf3ppLFmvIeEQfM4Ktn7uyLd8ltvyib4h3kI3tCLZwu%2Fsr2MxbUWpJEss706wBTpoI%2FtloG5R1wvFbKykG2iAvfkH7qGYIoLhdjHvG9i24ieTu0r4Ue6Dp8oIfIMdtFSySc%3D"}],"group":"cf-nel","max_age":604800}
NEL: {"success_fraction":0,"report_to":"cf-nel","max_age":604800}
Server: cloudflare
CF-RAY: 89bf2edfba5e79b3-LHR
Content-Encoding: gzip
alt-svc: h3=":443"; ma=86400

{
    "success": true,
    "user": {
        "email": "psfgjzbfpm@ya.ru",
        "name": "RvvMtZbYqL"
    },
    "accessToken": "Bearer eyJhbGciOiJIUzI1NiIsInR5cCI6IkpXVCJ9.eyJpZCI6IjY2ODE3OTdhOWVkMjgwMDAxYjQ1OTYyNiIsImlhdCI6MTcxOTc2MTI3NCwiZXhwIjoxNzE5NzYyNDc0fQ.Jy2ZANIzlDzKO4Lvebni0SDJRSR56pzmEnIIoTu2rtg",
    "refreshToken": "975eabcc981e0576e53fb7d81e9874fae838fe74a76c6a64d061f619d6c609699ce4e709625a5047"
}
HTTP/1.1 200 OK
Date: Sun, 30 Jun 2024 15:27:54 GMT
Content-Type: application/json; charset=utf-8
Transfer-Encoding: chunked
Connection: keep-alive
X-Powered-By: Express
Access-Control-Allow-Origin: *
authorization: Bearer eyJhbGciOiJIUzI1NiIsInR5cCI6IkpXVCJ9.eyJpZCI6IjY2ODE3OTdhOWVkMjgwMDAxYjQ1OTYyNiIsImlhdCI6MTcxOTc2MTI3NCwiZXhwIjoxNzE5NzYyNDc0fQ.Jy2ZANIzlDzKO4Lvebni0SDJRSR56pzmEnIIoTu2rtg
ETag: W/"16d-i0ztyWkooCi378Ubcw8ca/klrAI"
CF-Cache-Status: DYNAMIC
Report-To: {"endpoints":[{"url":"https:\/\/a.nel.cloudflare.com\/report\/v4?s=BOTcnamU5yE97kSPG2dvPAnmkf3ppLFmvIeEQfM4Ktn7uyLd8ltvyib4h3kI3tCLZwu%2Fsr2MxbUWpJEss706wBTpoI%2FtloG5R1wvFbKykG2iAvfkH7qGYIoLhdjHvG9i24ieTu0r4Ue6Dp8oIfIMdtFSySc%3D"}],"group":"cf-nel","max_age":604800}
NEL: {"success_fraction":0,"report_to":"cf-nel","max_age":604800}
Server: cloudflare
CF-RAY: 89bf2edfba5e79b3-LHR
Content-Encoding: gzip
alt-svc: h3=":443"; ma=86400

{
    "success": true,
    "user": {
        "email": "psfgjzbfpm@ya.ru",
        "name": "RvvMtZbYqL"
    },
    "accessToken": "Bearer eyJhbGciOiJIUzI1NiIsInR5cCI6IkpXVCJ9.eyJpZCI6IjY2ODE3OTdhOWVkMjgwMDAxYjQ1OTYyNiIsImlhdCI6MTcxOTc2MTI3NCwiZXhwIjoxNzE5NzYyNDc0fQ.Jy2ZANIzlDzKO4Lvebni0SDJRSR56pzmEnIIoTu2rtg",
    "refreshToken": "975eabcc981e0576e53fb7d81e9874fae838fe74a76c6a64d061f619d6c609699ce4e709625a5047"
}
HTTP/1.1 200 OK
Date: Sun, 30 Jun 2024 15:27:54 GMT
Content-Type: application/json; charset=utf-8
Transfer-Encoding: chunked
Connection: keep-alive
X-Powered-By: Express
Access-Control-Allow-Origin: *
authorization: Bearer eyJhbGciOiJIUzI1NiIsInR5cCI6IkpXVCJ9.eyJpZCI6IjY2ODE3OTdhOWVkMjgwMDAxYjQ1OTYyNiIsImlhdCI6MTcxOTc2MTI3NCwiZXhwIjoxNzE5NzYyNDc0fQ.Jy2ZANIzlDzKO4Lvebni0SDJRSR56pzmEnIIoTu2rtg
ETag: W/"16d-i0ztyWkooCi378Ubcw8ca/klrAI"
CF-Cache-Status: DYNAMIC
Report-To: {"endpoints":[{"url":"https:\/\/a.nel.cloudflare.com\/report\/v4?s=BOTcnamU5yE97kSPG2dvPAnmkf3ppLFmvIeEQfM4Ktn7uyLd8ltvyib4h3kI3tCLZwu%2Fsr2MxbUWpJEss706wBTpoI%2FtloG5R1wvFbKykG2iAvfkH7qGYIoLhdjHvG9i24ieTu0r4Ue6Dp8oIfIMdtFSySc%3D"}],"group":"cf-nel","max_age":604800}
NEL: {"success_fraction":0,"report_to":"cf-nel","max_age":604800}
Server: cloudflare
CF-RAY: 89bf2edfba5e79b3-LHR
Content-Encoding: gzip
alt-svc: h3=":443"; ma=86400

{
    "success": true,
    "user": {
        "email": "psfgjzbfpm@ya.ru",
        "name": "RvvMtZbYqL"
    },
    "accessToken": "Bearer eyJhbGciOiJIUzI1NiIsInR5cCI6IkpXVCJ9.eyJpZCI6IjY2ODE3OTdhOWVkMjgwMDAxYjQ1OTYyNiIsImlhdCI6MTcxOTc2MTI3NCwiZXhwIjoxNzE5NzYyNDc0fQ.Jy2ZANIzlDzKO4Lvebni0SDJRSR56pzmEnIIoTu2rtg",
    "refreshToken": "975eabcc981e0576e53fb7d81e9874fae838fe74a76c6a64d061f619d6c609699ce4e709625a5047"
}
HTTP/1.1 200 OK
Date: Sun, 30 Jun 2024 15:27:54 GMT
Content-Type: application/json; charset=utf-8
Transfer-Encoding: chunked
Connection: keep-alive
X-Powered-By: Express
Access-Control-Allow-Origin: *
authorization: Bearer eyJhbGciOiJIUzI1NiIsInR5cCI6IkpXVCJ9.eyJpZCI6IjY2ODE3OTdhOWVkMjgwMDAxYjQ1OTYyNiIsImlhdCI6MTcxOTc2MTI3NCwiZXhwIjoxNzE5NzYyNDc0fQ.Jy2ZANIzlDzKO4Lvebni0SDJRSR56pzmEnIIoTu2rtg
ETag: W/"16d-i0ztyWkooCi378Ubcw8ca/klrAI"
CF-Cache-Status: DYNAMIC
Report-To: {"endpoints":[{"url":"https:\/\/a.nel.cloudflare.com\/report\/v4?s=BOTcnamU5yE97kSPG2dvPAnmkf3ppLFmvIeEQfM4Ktn7uyLd8ltvyib4h3kI3tCLZwu%2Fsr2MxbUWpJEss706wBTpoI%2FtloG5R1wvFbKykG2iAvfkH7qGYIoLhdjHvG9i24ieTu0r4Ue6Dp8oIfIMdtFSySc%3D"}],"group":"cf-nel","max_age":604800}
NEL: {"success_fraction":0,"report_to":"cf-nel","max_age":604800}
Server: cloudflare
CF-RAY: 89bf2edfba5e79b3-LHR
Content-Encoding: gzip
alt-svc: h3=":443"; ma=86400

{
    "success": true,
    "user": {
        "email": "psfgjzbfpm@ya.ru",
        "name": "RvvMtZbYqL"
    },
    "accessToken": "Bearer eyJhbGciOiJIUzI1NiIsInR5cCI6IkpXVCJ9.eyJpZCI6IjY2ODE3OTdhOWVkMjgwMDAxYjQ1OTYyNiIsImlhdCI6MTcxOTc2MTI3NCwiZXhwIjoxNzE5NzYyNDc0fQ.Jy2ZANIzlDzKO4Lvebni0SDJRSR56pzmEnIIoTu2rtg",
    "refreshToken": "975eabcc981e0576e53fb7d81e9874fae838fe74a76c6a64d061f619d6c609699ce4e709625a5047"
}
HTTP/1.1 200 OK
Date: Sun, 30 Jun 2024 15:27:54 GMT
Content-Type: application/json; charset=utf-8
Transfer-Encoding: chunked
Connection: keep-alive
X-Powered-By: Express
Access-Control-Allow-Origin: *
authorization: Bearer eyJhbGciOiJIUzI1NiIsInR5cCI6IkpXVCJ9.eyJpZCI6IjY2ODE3OTdhOWVkMjgwMDAxYjQ1OTYyNiIsImlhdCI6MTcxOTc2MTI3NCwiZXhwIjoxNzE5NzYyNDc0fQ.Jy2ZANIzlDzKO4Lvebni0SDJRSR56pzmEnIIoTu2rtg
ETag: W/"16d-i0ztyWkooCi378Ubcw8ca/klrAI"
CF-Cache-Status: DYNAMIC
Report-To: {"endpoints":[{"url":"https:\/\/a.nel.cloudflare.com\/report\/v4?s=BOTcnamU5yE97kSPG2dvPAnmkf3ppLFmvIeEQfM4Ktn7uyLd8ltvyib4h3kI3tCLZwu%2Fsr2MxbUWpJEss706wBTpoI%2FtloG5R1wvFbKykG2iAvfkH7qGYIoLhdjHvG9i24ieTu0r4Ue6Dp8oIfIMdtFSySc%3D"}],"group":"cf-nel","max_age":604800}
NEL: {"success_fraction":0,"report_to":"cf-nel","max_age":604800}
Server: cloudflare
CF-RAY: 89bf2edfba5e79b3-LHR
Content-Encoding: gzip
alt-svc: h3=":443"; ma=86400

{
    "success": true,
    "user": {
        "email": "psfgjzbfpm@ya.ru",
        "name": "RvvMtZbYqL"
    },
    "accessToken": "Bearer eyJhbGciOiJIUzI1NiIsInR5cCI6IkpXVCJ9.eyJpZCI6IjY2ODE3OTdhOWVkMjgwMDAxYjQ1OTYyNiIsImlhdCI6MTcxOTc2MTI3NCwiZXhwIjoxNzE5NzYyNDc0fQ.Jy2ZANIzlDzKO4Lvebni0SDJRSR56pzmEnIIoTu2rtg",
    "refreshToken": "975eabcc981e0576e53fb7d81e9874fae838fe74a76c6a64d061f619d6c609699ce4e709625a5047"
}
HTTP/1.1 200 OK
Date: Sun, 30 Jun 2024 15:27:54 GMT
Content-Type: application/json; charset=utf-8
Transfer-Encoding: chunked
Connection: keep-alive
X-Powered-By: Express
Access-Control-Allow-Origin: *
authorization: Bearer eyJhbGciOiJIUzI1NiIsInR5cCI6IkpXVCJ9.eyJpZCI6IjY2ODE3OTdhOWVkMjgwMDAxYjQ1OTYyNiIsImlhdCI6MTcxOTc2MTI3NCwiZXhwIjoxNzE5NzYyNDc0fQ.Jy2ZANIzlDzKO4Lvebni0SDJRSR56pzmEnIIoTu2rtg
ETag: W/"16d-i0ztyWkooCi378Ubcw8ca/klrAI"
CF-Cache-Status: DYNAMIC
Report-To: {"endpoints":[{"url":"https:\/\/a.nel.cloudflare.com\/report\/v4?s=BOTcnamU5yE97kSPG2dvPAnmkf3ppLFmvIeEQfM4Ktn7uyLd8ltvyib4h3kI3tCLZwu%2Fsr2MxbUWpJEss706wBTpoI%2FtloG5R1wvFbKykG2iAvfkH7qGYIoLhdjHvG9i24ieTu0r4Ue6Dp8oIfIMdtFSySc%3D"}],"group":"cf-nel","max_age":604800}
NEL: {"success_fraction":0,"report_to":"cf-nel","max_age":604800}
Server: cloudflare
CF-RAY: 89bf2edfba5e79b3-LHR
Content-Encoding: gzip
alt-svc: h3=":443"; ma=86400

{
    "success": true,
    "user": {
        "email": "psfgjzbfpm@ya.ru",
        "name": "RvvMtZbYqL"
    },
    "accessToken": "Bearer eyJhbGciOiJIUzI1NiIsInR5cCI6IkpXVCJ9.eyJpZCI6IjY2ODE3OTdhOWVkMjgwMDAxYjQ1OTYyNiIsImlhdCI6MTcxOTc2MTI3NCwiZXhwIjoxNzE5NzYyNDc0fQ.Jy2ZANIzlDzKO4Lvebni0SDJRSR56pzmEnIIoTu2rtg",
    "refreshToken": "975eabcc981e0576e53fb7d81e9874fae838fe74a76c6a64d061f619d6c609699ce4e709625a5047"
}
Request method:	POST
Request URI:	https://stellarburgers.nomoreparties.site/api/auth/login
Proxy:			<none>
Request params:	<none>
Query params:	<none>
Form params:	<none>
Path params:	<none>
Headers:		Accept=*/*
				Content-Type=application/json
Cookies:		<none>
Multiparts:		<none>
Body:
{
    "email": "PsfgjZBfpm@ya.ru",
    "password": "OTZTwJTCMb",
    "name": "RvvMtZbYqL"
}
Request method:	POST
Request URI:	https://stellarburgers.nomoreparties.site/api/auth/login
Proxy:			<none>
Request params:	<none>
Query params:	<none>
Form params:	<none>
Path params:	<none>
Headers:		Accept=*/*
				Content-Type=application/json
Cookies:		<none>
Multiparts:		<none>
Body:
{
    "email": "PsfgjZBfpm@ya.ru",
    "password": "OTZTwJTCMb",
    "name": "RvvMtZbYqL"
}
Request method:	POST
Request URI:	https://stellarburgers.nomoreparties.site/api/auth/login
Proxy:			<none>
Request params:	<none>
Query params:	<none>
Form params:	<none>
Path params:	<none>
Headers:		Accept=*/*
				Content-Type=application/json
Cookies:		<none>
Multiparts:		<none>
Body:
{
    "email": "PsfgjZBfpm@ya.ru",
    "password": "OTZTwJTCMb",
    "name": "RvvMtZbYqL"
}
Request method:	POST
Request URI:	https://stellarburgers.nomoreparties.site/api/auth/login
Proxy:			<none>
Request params:	<none>
Query params:	<none>
Form params:	<none>
Path params:	<none>
Headers:		Accept=*/*
				Content-Type=application/json
Cookies:		<none>
Multiparts:		<none>
Body:
{
    "email": "PsfgjZBfpm@ya.ru",
    "password": "OTZTwJTCMb",
    "name": "RvvMtZbYqL"
}
Request method:	POST
Request URI:	https://stellarburgers.nomoreparties.site/api/auth/login
Proxy:			<none>
Request params:	<none>
Query params:	<none>
Form params:	<none>
Path params:	<none>
Headers:		Accept=*/*
				Content-Type=application/json
Cookies:		<none>
Multiparts:		<none>
Body:
{
    "email": "PsfgjZBfpm@ya.ru",
    "password": "OTZTwJTCMb",
    "name": "RvvMtZbYqL"
}
Request method:	POST
Request URI:	https://stellarburgers.nomoreparties.site/api/auth/login
Proxy:			<none>
Request params:	<none>
Query params:	<none>
Form params:	<none>
Path params:	<none>
Headers:		Accept=*/*
				Content-Type=application/json
Cookies:		<none>
Multiparts:		<none>
Body:
{
    "email": "PsfgjZBfpm@ya.ru",
    "password": "OTZTwJTCMb",
    "name": "RvvMtZbYqL"
}
Request method:	POST
Request URI:	https://stellarburgers.nomoreparties.site/api/auth/login
Proxy:			<none>
Request params:	<none>
Query params:	<none>
Form params:	<none>
Path params:	<none>
Headers:		Accept=*/*
				Content-Type=application/json
Cookies:		<none>
Multiparts:		<none>
Body:
{
    "email": "PsfgjZBfpm@ya.ru",
    "password": "OTZTwJTCMb",
    "name": "RvvMtZbYqL"
}
Request method:	POST
Request URI:	https://stellarburgers.nomoreparties.site/api/auth/login
Proxy:			<none>
Request params:	<none>
Query params:	<none>
Form params:	<none>
Path params:	<none>
Headers:		Accept=*/*
				Content-Type=application/json
Cookies:		<none>
Multiparts:		<none>
Body:
{
    "email": "PsfgjZBfpm@ya.ru",
    "password": "OTZTwJTCMb",
    "name": "RvvMtZbYqL"
}
Request method:	POST
Request URI:	https://stellarburgers.nomoreparties.site/api/auth/login
Proxy:			<none>
Request params:	<none>
Query params:	<none>
Form params:	<none>
Path params:	<none>
Headers:		Accept=*/*
				Content-Type=application/json
Cookies:		<none>
Multiparts:		<none>
Body:
{
    "email": "PsfgjZBfpm@ya.ru",
    "password": "OTZTwJTCMb",
    "name": "RvvMtZbYqL"
}
Request method:	POST
Request URI:	https://stellarburgers.nomoreparties.site/api/auth/login
Proxy:			<none>
Request params:	<none>
Query params:	<none>
Form params:	<none>
Path params:	<none>
Headers:		Accept=*/*
				Content-Type=application/json
Cookies:		<none>
Multiparts:		<none>
Body:
{
    "email": "PsfgjZBfpm@ya.ru",
    "password": "OTZTwJTCMb",
    "name": "RvvMtZbYqL"
}
Request method:	POST
Request URI:	https://stellarburgers.nomoreparties.site/api/auth/login
Proxy:			<none>
Request params:	<none>
Query params:	<none>
Form params:	<none>
Path params:	<none>
Headers:		Accept=*/*
				Content-Type=application/json
Cookies:		<none>
Multiparts:		<none>
Body:
{
    "email": "PsfgjZBfpm@ya.ru",
    "password": "OTZTwJTCMb",
    "name": "RvvMtZbYqL"
}
Request method:	POST
Request URI:	https://stellarburgers.nomoreparties.site/api/auth/login
Proxy:			<none>
Request params:	<none>
Query params:	<none>
Form params:	<none>
Path params:	<none>
Headers:		Accept=*/*
				Content-Type=application/json
Cookies:		<none>
Multiparts:		<none>
Body:
{
    "email": "PsfgjZBfpm@ya.ru",
    "password": "OTZTwJTCMb",
    "name": "RvvMtZbYqL"
}
Request method:	POST
Request URI:	https://stellarburgers.nomoreparties.site/api/auth/login
Proxy:			<none>
Request params:	<none>
Query params:	<none>
Form params:	<none>
Path params:	<none>
Headers:		Accept=*/*
				Content-Type=application/json
Cookies:		<none>
Multiparts:		<none>
Body:
{
    "email": "PsfgjZBfpm@ya.ru",
    "password": "OTZTwJTCMb",
    "name": "RvvMtZbYqL"
}
Request method:	POST
Request URI:	https://stellarburgers.nomoreparties.site/api/auth/login
Proxy:			<none>
Request params:	<none>
Query params:	<none>
Form params:	<none>
Path params:	<none>
Headers:		Accept=*/*
				Content-Type=application/json
Cookies:		<none>
Multiparts:		<none>
Body:
{
    "email": "PsfgjZBfpm@ya.ru",
    "password": "OTZTwJTCMb",
    "name": "RvvMtZbYqL"
}
Request method:	POST
Request URI:	https://stellarburgers.nomoreparties.site/api/auth/login
Proxy:			<none>
Request params:	<none>
Query params:	<none>
Form params:	<none>
Path params:	<none>
Headers:		Accept=*/*
				Content-Type=application/json
Cookies:		<none>
Multiparts:		<none>
Body:
{
    "email": "PsfgjZBfpm@ya.ru",
    "password": "OTZTwJTCMb",
    "name": "RvvMtZbYqL"
}
Request method:	POST
Request URI:	https://stellarburgers.nomoreparties.site/api/auth/login
Proxy:			<none>
Request params:	<none>
Query params:	<none>
Form params:	<none>
Path params:	<none>
Headers:		Accept=*/*
				Content-Type=application/json
Cookies:		<none>
Multiparts:		<none>
Body:
{
    "email": "PsfgjZBfpm@ya.ru",
    "password": "OTZTwJTCMb",
    "name": "RvvMtZbYqL"
}
Request method:	POST
Request URI:	https://stellarburgers.nomoreparties.site/api/auth/login
Proxy:			<none>
Request params:	<none>
Query params:	<none>
Form params:	<none>
Path params:	<none>
Headers:		Accept=*/*
				Content-Type=application/json
Cookies:		<none>
Multiparts:		<none>
Body:
{
    "email": "PsfgjZBfpm@ya.ru",
    "password": "OTZTwJTCMb",
    "name": "RvvMtZbYqL"
}
Request method:	POST
Request URI:	https://stellarburgers.nomoreparties.site/api/auth/login
Proxy:			<none>
Request params:	<none>
Query params:	<none>
Form params:	<none>
Path params:	<none>
Headers:		Accept=*/*
				Content-Type=application/json
Cookies:		<none>
Multiparts:		<none>
Body:
{
    "email": "PsfgjZBfpm@ya.ru",
    "password": "OTZTwJTCMb",
    "name": "RvvMtZbYqL"
}
Request method:	POST
Request URI:	https://stellarburgers.nomoreparties.site/api/auth/login
Proxy:			<none>
Request params:	<none>
Query params:	<none>
Form params:	<none>
Path params:	<none>
Headers:		Accept=*/*
				Content-Type=application/json
Cookies:		<none>
Multiparts:		<none>
Body:
{
    "email": "PsfgjZBfpm@ya.ru",
    "password": "OTZTwJTCMb",
    "name": "RvvMtZbYqL"
}
Request method:	POST
Request URI:	https://stellarburgers.nomoreparties.site/api/auth/login
Proxy:			<none>
Request params:	<none>
Query params:	<none>
Form params:	<none>
Path params:	<none>
Headers:		Accept=*/*
				Content-Type=application/json
Cookies:		<none>
Multiparts:		<none>
Body:
{
    "email": "PsfgjZBfpm@ya.ru",
    "password": "OTZTwJTCMb",
    "name": "RvvMtZbYqL"
}
Request method:	POST
Request URI:	https://stellarburgers.nomoreparties.site/api/auth/login
Proxy:			<none>
Request params:	<none>
Query params:	<none>
Form params:	<none>
Path params:	<none>
Headers:		Accept=*/*
				Content-Type=application/json
Cookies:		<none>
Multiparts:		<none>
Body:
{
    "email": "PsfgjZBfpm@ya.ru",
    "password": "OTZTwJTCMb",
    "name": "RvvMtZbYqL"
}
Request method:	POST
Request URI:	https://stellarburgers.nomoreparties.site/api/auth/login
Proxy:			<none>
Request params:	<none>
Query params:	<none>
Form params:	<none>
Path params:	<none>
Headers:		Accept=*/*
				Content-Type=application/json
Cookies:		<none>
Multiparts:		<none>
Body:
{
    "email": "PsfgjZBfpm@ya.ru",
    "password": "OTZTwJTCMb",
    "name": "RvvMtZbYqL"
}
Request method:	POST
Request URI:	https://stellarburgers.nomoreparties.site/api/auth/login
Proxy:			<none>
Request params:	<none>
Query params:	<none>
Form params:	<none>
Path params:	<none>
Headers:		Accept=*/*
				Content-Type=application/json
Cookies:		<none>
Multiparts:		<none>
Body:
{
    "email": "PsfgjZBfpm@ya.ru",
    "password": "OTZTwJTCMb",
    "name": "RvvMtZbYqL"
}
Request method:	POST
Request URI:	https://stellarburgers.nomoreparties.site/api/auth/login
Proxy:			<none>
Request params:	<none>
Query params:	<none>
Form params:	<none>
Path params:	<none>
Headers:		Accept=*/*
				Content-Type=application/json
Cookies:		<none>
Multiparts:		<none>
Body:
{
    "email": "PsfgjZBfpm@ya.ru",
    "password": "OTZTwJTCMb",
    "name": "RvvMtZbYqL"
}
Request method:	POST
Request URI:	https://stellarburgers.nomoreparties.site/api/auth/login
Proxy:			<none>
Request params:	<none>
Query params:	<none>
Form params:	<none>
Path params:	<none>
Headers:		Accept=*/*
				Content-Type=application/json
Cookies:		<none>
Multiparts:		<none>
Body:
{
    "email": "PsfgjZBfpm@ya.ru",
    "password": "OTZTwJTCMb",
    "name": "RvvMtZbYqL"
}
Request method:	POST
Request URI:	https://stellarburgers.nomoreparties.site/api/auth/login
Proxy:			<none>
Request params:	<none>
Query params:	<none>
Form params:	<none>
Path params:	<none>
Headers:		Accept=*/*
				Content-Type=application/json
Cookies:		<none>
Multiparts:		<none>
Body:
{
    "email": "PsfgjZBfpm@ya.ru",
    "password": "OTZTwJTCMb",
    "name": "RvvMtZbYqL"
}
Request method:	POST
Request URI:	https://stellarburgers.nomoreparties.site/api/auth/login
Proxy:			<none>
Request params:	<none>
Query params:	<none>
Form params:	<none>
Path params:	<none>
Headers:		Accept=*/*
				Content-Type=application/json
Cookies:		<none>
Multiparts:		<none>
Body:
{
    "email": "PsfgjZBfpm@ya.ru",
    "password": "OTZTwJTCMb",
    "name": "RvvMtZbYqL"
}
Request method:	POST
Request URI:	https://stellarburgers.nomoreparties.site/api/auth/login
Proxy:			<none>
Request params:	<none>
Query params:	<none>
Form params:	<none>
Path params:	<none>
Headers:		Accept=*/*
				Content-Type=application/json
Cookies:		<none>
Multiparts:		<none>
Body:
{
    "email": "PsfgjZBfpm@ya.ru",
    "password": "OTZTwJTCMb",
    "name": "RvvMtZbYqL"
}
Request method:	POST
Request URI:	https://stellarburgers.nomoreparties.site/api/auth/login
Proxy:			<none>
Request params:	<none>
Query params:	<none>
Form params:	<none>
Path params:	<none>
Headers:		Accept=*/*
				Content-Type=application/json
Cookies:		<none>
Multiparts:		<none>
Body:
{
    "email": "PsfgjZBfpm@ya.ru",
    "password": "OTZTwJTCMb",
    "name": "RvvMtZbYqL"
}
Request method:	POST
Request URI:	https://stellarburgers.nomoreparties.site/api/auth/login
Proxy:			<none>
Request params:	<none>
Query params:	<none>
Form params:	<none>
Path params:	<none>
Headers:		Accept=*/*
				Content-Type=application/json
Cookies:		<none>
Multiparts:		<none>
Body:
{
    "email": "PsfgjZBfpm@ya.ru",
    "password": "OTZTwJTCMb",
    "name": "RvvMtZbYqL"
}
Request method:	POST
Request URI:	https://stellarburgers.nomoreparties.site/api/auth/login
Proxy:			<none>
Request params:	<none>
Query params:	<none>
Form params:	<none>
Path params:	<none>
Headers:		Accept=*/*
				Content-Type=application/json
Cookies:		<none>
Multiparts:		<none>
Body:
{
    "email": "PsfgjZBfpm@ya.ru",
    "password": "OTZTwJTCMb",
    "name": "RvvMtZbYqL"
}
Request method:	POST
Request URI:	https://stellarburgers.nomoreparties.site/api/auth/login
Proxy:			<none>
Request params:	<none>
Query params:	<none>
Form params:	<none>
Path params:	<none>
Headers:		Accept=*/*
				Content-Type=application/json
Cookies:		<none>
Multiparts:		<none>
Body:
{
    "email": "PsfgjZBfpm@ya.ru",
    "password": "OTZTwJTCMb",
    "name": "RvvMtZbYqL"
}
Request method:	POST
Request URI:	https://stellarburgers.nomoreparties.site/api/auth/login
Proxy:			<none>
Request params:	<none>
Query params:	<none>
Form params:	<none>
Path params:	<none>
Headers:		Accept=*/*
				Content-Type=application/json
Cookies:		<none>
Multiparts:		<none>
Body:
{
    "email": "PsfgjZBfpm@ya.ru",
    "password": "OTZTwJTCMb",
    "name": "RvvMtZbYqL"
}
Request method:	POST
Request URI:	https://stellarburgers.nomoreparties.site/api/auth/login
Proxy:			<none>
Request params:	<none>
Query params:	<none>
Form params:	<none>
Path params:	<none>
Headers:		Accept=*/*
				Content-Type=application/json
Cookies:		<none>
Multiparts:		<none>
Body:
{
    "email": "PsfgjZBfpm@ya.ru",
    "password": "OTZTwJTCMb",
    "name": "RvvMtZbYqL"
}
Request method:	POST
Request URI:	https://stellarburgers.nomoreparties.site/api/auth/login
Proxy:			<none>
Request params:	<none>
Query params:	<none>
Form params:	<none>
Path params:	<none>
Headers:		Accept=*/*
				Content-Type=application/json
Cookies:		<none>
Multiparts:		<none>
Body:
{
    "email": "PsfgjZBfpm@ya.ru",
    "password": "OTZTwJTCMb",
    "name": "RvvMtZbYqL"
}
Request method:	POST
Request URI:	https://stellarburgers.nomoreparties.site/api/auth/login
Proxy:			<none>
Request params:	<none>
Query params:	<none>
Form params:	<none>
Path params:	<none>
Headers:		Accept=*/*
				Content-Type=application/json
Cookies:		<none>
Multiparts:		<none>
Body:
{
    "email": "PsfgjZBfpm@ya.ru",
    "password": "OTZTwJTCMb",
    "name": "RvvMtZbYqL"
}
HTTP/1.1 200 OK
Date: Sun, 30 Jun 2024 15:27:55 GMT
Content-Type: application/json; charset=utf-8
Transfer-Encoding: chunked
Connection: keep-alive
X-Powered-By: Express
Access-Control-Allow-Origin: *
ETag: W/"16d-qP2+ZhJRA1tSwrV0cTYFJd6MaZg"
CF-Cache-Status: DYNAMIC
Report-To: {"endpoints":[{"url":"https:\/\/a.nel.cloudflare.com\/report\/v4?s=VDAPGV3ohQ%2BnMbaGFWMzNVaZz6h%2BhQ9oOdSiK%2F2jcR5R2NJuUqiuZMslkffUhTgIeozpN%2FJ8T897RLtdnzdqsZVKrxJHZ7LNAih7omhC6zZpUSRk5OGW3qBOCt5hB804%2Be6PtspAkrJ%2BG92GgW32DaCOVjA%3D"}],"group":"cf-nel","max_age":604800}
NEL: {"success_fraction":0,"report_to":"cf-nel","max_age":604800}
Server: cloudflare
CF-RAY: 89bf2ee13bbe9d57-DME
Content-Encoding: gzip
alt-svc: h3=":443"; ma=86400

{
    "success": true,
    "accessToken": "Bearer eyJhbGciOiJIUzI1NiIsInR5cCI6IkpXVCJ9.eyJpZCI6IjY2ODE3OTdhOWVkMjgwMDAxYjQ1OTYyNiIsImlhdCI6MTcxOTc2MTI3NSwiZXhwIjoxNzE5NzYyNDc1fQ.zTI5dCfxyVVIEgZCV8RSo2O0LXNNeZMaeETzNeulKow",
    "refreshToken": "70ceae9677465981fc970c672b6673991945d19d05139ad50b10a28310b5ddfd6eb60a2eca7b92de",
    "user": {
        "email": "psfgjzbfpm@ya.ru",
        "name": "RvvMtZbYqL"
    }
}
HTTP/1.1 200 OK
Date: Sun, 30 Jun 2024 15:27:55 GMT
Content-Type: application/json; charset=utf-8
Transfer-Encoding: chunked
Connection: keep-alive
X-Powered-By: Express
Access-Control-Allow-Origin: *
ETag: W/"16d-qP2+ZhJRA1tSwrV0cTYFJd6MaZg"
CF-Cache-Status: DYNAMIC
Report-To: {"endpoints":[{"url":"https:\/\/a.nel.cloudflare.com\/report\/v4?s=VDAPGV3ohQ%2BnMbaGFWMzNVaZz6h%2BhQ9oOdSiK%2F2jcR5R2NJuUqiuZMslkffUhTgIeozpN%2FJ8T897RLtdnzdqsZVKrxJHZ7LNAih7omhC6zZpUSRk5OGW3qBOCt5hB804%2Be6PtspAkrJ%2BG92GgW32DaCOVjA%3D"}],"group":"cf-nel","max_age":604800}
NEL: {"success_fraction":0,"report_to":"cf-nel","max_age":604800}
Server: cloudflare
CF-RAY: 89bf2ee13bbe9d57-DME
Content-Encoding: gzip
alt-svc: h3=":443"; ma=86400

{
    "success": true,
    "accessToken": "Bearer eyJhbGciOiJIUzI1NiIsInR5cCI6IkpXVCJ9.eyJpZCI6IjY2ODE3OTdhOWVkMjgwMDAxYjQ1OTYyNiIsImlhdCI6MTcxOTc2MTI3NSwiZXhwIjoxNzE5NzYyNDc1fQ.zTI5dCfxyVVIEgZCV8RSo2O0LXNNeZMaeETzNeulKow",
    "refreshToken": "70ceae9677465981fc970c672b6673991945d19d05139ad50b10a28310b5ddfd6eb60a2eca7b92de",
    "user": {
        "email": "psfgjzbfpm@ya.ru",
        "name": "RvvMtZbYqL"
    }
}
HTTP/1.1 200 OK
Date: Sun, 30 Jun 2024 15:27:55 GMT
Content-Type: application/json; charset=utf-8
Transfer-Encoding: chunked
Connection: keep-alive
X-Powered-By: Express
Access-Control-Allow-Origin: *
ETag: W/"16d-qP2+ZhJRA1tSwrV0cTYFJd6MaZg"
CF-Cache-Status: DYNAMIC
Report-To: {"endpoints":[{"url":"https:\/\/a.nel.cloudflare.com\/report\/v4?s=VDAPGV3ohQ%2BnMbaGFWMzNVaZz6h%2BhQ9oOdSiK%2F2jcR5R2NJuUqiuZMslkffUhTgIeozpN%2FJ8T897RLtdnzdqsZVKrxJHZ7LNAih7omhC6zZpUSRk5OGW3qBOCt5hB804%2Be6PtspAkrJ%2BG92GgW32DaCOVjA%3D"}],"group":"cf-nel","max_age":604800}
NEL: {"success_fraction":0,"report_to":"cf-nel","max_age":604800}
Server: cloudflare
CF-RAY: 89bf2ee13bbe9d57-DME
Content-Encoding: gzip
alt-svc: h3=":443"; ma=86400

{
    "success": true,
    "accessToken": "Bearer eyJhbGciOiJIUzI1NiIsInR5cCI6IkpXVCJ9.eyJpZCI6IjY2ODE3OTdhOWVkMjgwMDAxYjQ1OTYyNiIsImlhdCI6MTcxOTc2MTI3NSwiZXhwIjoxNzE5NzYyNDc1fQ.zTI5dCfxyVVIEgZCV8RSo2O0LXNNeZMaeETzNeulKow",
    "refreshToken": "70ceae9677465981fc970c672b6673991945d19d05139ad50b10a28310b5ddfd6eb60a2eca7b92de",
    "user": {
        "email": "psfgjzbfpm@ya.ru",
        "name": "RvvMtZbYqL"
    }
}
HTTP/1.1 200 OK
Date: Sun, 30 Jun 2024 15:27:55 GMT
Content-Type: application/json; charset=utf-8
Transfer-Encoding: chunked
Connection: keep-alive
X-Powered-By: Express
Access-Control-Allow-Origin: *
ETag: W/"16d-qP2+ZhJRA1tSwrV0cTYFJd6MaZg"
CF-Cache-Status: DYNAMIC
Report-To: {"endpoints":[{"url":"https:\/\/a.nel.cloudflare.com\/report\/v4?s=VDAPGV3ohQ%2BnMbaGFWMzNVaZz6h%2BhQ9oOdSiK%2F2jcR5R2NJuUqiuZMslkffUhTgIeozpN%2FJ8T897RLtdnzdqsZVKrxJHZ7LNAih7omhC6zZpUSRk5OGW3qBOCt5hB804%2Be6PtspAkrJ%2BG92GgW32DaCOVjA%3D"}],"group":"cf-nel","max_age":604800}
NEL: {"success_fraction":0,"report_to":"cf-nel","max_age":604800}
Server: cloudflare
CF-RAY: 89bf2ee13bbe9d57-DME
Content-Encoding: gzip
alt-svc: h3=":443"; ma=86400

{
    "success": true,
    "accessToken": "Bearer eyJhbGciOiJIUzI1NiIsInR5cCI6IkpXVCJ9.eyJpZCI6IjY2ODE3OTdhOWVkMjgwMDAxYjQ1OTYyNiIsImlhdCI6MTcxOTc2MTI3NSwiZXhwIjoxNzE5NzYyNDc1fQ.zTI5dCfxyVVIEgZCV8RSo2O0LXNNeZMaeETzNeulKow",
    "refreshToken": "70ceae9677465981fc970c672b6673991945d19d05139ad50b10a28310b5ddfd6eb60a2eca7b92de",
    "user": {
        "email": "psfgjzbfpm@ya.ru",
        "name": "RvvMtZbYqL"
    }
}
HTTP/1.1 200 OK
Date: Sun, 30 Jun 2024 15:27:55 GMT
Content-Type: application/json; charset=utf-8
Transfer-Encoding: chunked
Connection: keep-alive
X-Powered-By: Express
Access-Control-Allow-Origin: *
ETag: W/"16d-qP2+ZhJRA1tSwrV0cTYFJd6MaZg"
CF-Cache-Status: DYNAMIC
Report-To: {"endpoints":[{"url":"https:\/\/a.nel.cloudflare.com\/report\/v4?s=VDAPGV3ohQ%2BnMbaGFWMzNVaZz6h%2BhQ9oOdSiK%2F2jcR5R2NJuUqiuZMslkffUhTgIeozpN%2FJ8T897RLtdnzdqsZVKrxJHZ7LNAih7omhC6zZpUSRk5OGW3qBOCt5hB804%2Be6PtspAkrJ%2BG92GgW32DaCOVjA%3D"}],"group":"cf-nel","max_age":604800}
NEL: {"success_fraction":0,"report_to":"cf-nel","max_age":604800}
Server: cloudflare
CF-RAY: 89bf2ee13bbe9d57-DME
Content-Encoding: gzip
alt-svc: h3=":443"; ma=86400

{
    "success": true,
    "accessToken": "Bearer eyJhbGciOiJIUzI1NiIsInR5cCI6IkpXVCJ9.eyJpZCI6IjY2ODE3OTdhOWVkMjgwMDAxYjQ1OTYyNiIsImlhdCI6MTcxOTc2MTI3NSwiZXhwIjoxNzE5NzYyNDc1fQ.zTI5dCfxyVVIEgZCV8RSo2O0LXNNeZMaeETzNeulKow",
    "refreshToken": "70ceae9677465981fc970c672b6673991945d19d05139ad50b10a28310b5ddfd6eb60a2eca7b92de",
    "user": {
        "email": "psfgjzbfpm@ya.ru",
        "name": "RvvMtZbYqL"
    }
}
HTTP/1.1 200 OK
Date: Sun, 30 Jun 2024 15:27:55 GMT
Content-Type: application/json; charset=utf-8
Transfer-Encoding: chunked
Connection: keep-alive
X-Powered-By: Express
Access-Control-Allow-Origin: *
ETag: W/"16d-qP2+ZhJRA1tSwrV0cTYFJd6MaZg"
CF-Cache-Status: DYNAMIC
Report-To: {"endpoints":[{"url":"https:\/\/a.nel.cloudflare.com\/report\/v4?s=VDAPGV3ohQ%2BnMbaGFWMzNVaZz6h%2BhQ9oOdSiK%2F2jcR5R2NJuUqiuZMslkffUhTgIeozpN%2FJ8T897RLtdnzdqsZVKrxJHZ7LNAih7omhC6zZpUSRk5OGW3qBOCt5hB804%2Be6PtspAkrJ%2BG92GgW32DaCOVjA%3D"}],"group":"cf-nel","max_age":604800}
NEL: {"success_fraction":0,"report_to":"cf-nel","max_age":604800}
Server: cloudflare
CF-RAY: 89bf2ee13bbe9d57-DME
Content-Encoding: gzip
alt-svc: h3=":443"; ma=86400

{
    "success": true,
    "accessToken": "Bearer eyJhbGciOiJIUzI1NiIsInR5cCI6IkpXVCJ9.eyJpZCI6IjY2ODE3OTdhOWVkMjgwMDAxYjQ1OTYyNiIsImlhdCI6MTcxOTc2MTI3NSwiZXhwIjoxNzE5NzYyNDc1fQ.zTI5dCfxyVVIEgZCV8RSo2O0LXNNeZMaeETzNeulKow",
    "refreshToken": "70ceae9677465981fc970c672b6673991945d19d05139ad50b10a28310b5ddfd6eb60a2eca7b92de",
    "user": {
        "email": "psfgjzbfpm@ya.ru",
        "name": "RvvMtZbYqL"
    }
}
HTTP/1.1 200 OK
Date: Sun, 30 Jun 2024 15:27:55 GMT
Content-Type: application/json; charset=utf-8
Transfer-Encoding: chunked
Connection: keep-alive
X-Powered-By: Express
Access-Control-Allow-Origin: *
ETag: W/"16d-qP2+ZhJRA1tSwrV0cTYFJd6MaZg"
CF-Cache-Status: DYNAMIC
Report-To: {"endpoints":[{"url":"https:\/\/a.nel.cloudflare.com\/report\/v4?s=VDAPGV3ohQ%2BnMbaGFWMzNVaZz6h%2BhQ9oOdSiK%2F2jcR5R2NJuUqiuZMslkffUhTgIeozpN%2FJ8T897RLtdnzdqsZVKrxJHZ7LNAih7omhC6zZpUSRk5OGW3qBOCt5hB804%2Be6PtspAkrJ%2BG92GgW32DaCOVjA%3D"}],"group":"cf-nel","max_age":604800}
NEL: {"success_fraction":0,"report_to":"cf-nel","max_age":604800}
Server: cloudflare
CF-RAY: 89bf2ee13bbe9d57-DME
Content-Encoding: gzip
alt-svc: h3=":443"; ma=86400

{
    "success": true,
    "accessToken": "Bearer eyJhbGciOiJIUzI1NiIsInR5cCI6IkpXVCJ9.eyJpZCI6IjY2ODE3OTdhOWVkMjgwMDAxYjQ1OTYyNiIsImlhdCI6MTcxOTc2MTI3NSwiZXhwIjoxNzE5NzYyNDc1fQ.zTI5dCfxyVVIEgZCV8RSo2O0LXNNeZMaeETzNeulKow",
    "refreshToken": "70ceae9677465981fc970c672b6673991945d19d05139ad50b10a28310b5ddfd6eb60a2eca7b92de",
    "user": {
        "email": "psfgjzbfpm@ya.ru",
        "name": "RvvMtZbYqL"
    }
}
HTTP/1.1 200 OK
Date: Sun, 30 Jun 2024 15:27:55 GMT
Content-Type: application/json; charset=utf-8
Transfer-Encoding: chunked
Connection: keep-alive
X-Powered-By: Express
Access-Control-Allow-Origin: *
ETag: W/"16d-qP2+ZhJRA1tSwrV0cTYFJd6MaZg"
CF-Cache-Status: DYNAMIC
Report-To: {"endpoints":[{"url":"https:\/\/a.nel.cloudflare.com\/report\/v4?s=VDAPGV3ohQ%2BnMbaGFWMzNVaZz6h%2BhQ9oOdSiK%2F2jcR5R2NJuUqiuZMslkffUhTgIeozpN%2FJ8T897RLtdnzdqsZVKrxJHZ7LNAih7omhC6zZpUSRk5OGW3qBOCt5hB804%2Be6PtspAkrJ%2BG92GgW32DaCOVjA%3D"}],"group":"cf-nel","max_age":604800}
NEL: {"success_fraction":0,"report_to":"cf-nel","max_age":604800}
Server: cloudflare
CF-RAY: 89bf2ee13bbe9d57-DME
Content-Encoding: gzip
alt-svc: h3=":443"; ma=86400

{
    "success": true,
    "accessToken": "Bearer eyJhbGciOiJIUzI1NiIsInR5cCI6IkpXVCJ9.eyJpZCI6IjY2ODE3OTdhOWVkMjgwMDAxYjQ1OTYyNiIsImlhdCI6MTcxOTc2MTI3NSwiZXhwIjoxNzE5NzYyNDc1fQ.zTI5dCfxyVVIEgZCV8RSo2O0LXNNeZMaeETzNeulKow",
    "refreshToken": "70ceae9677465981fc970c672b6673991945d19d05139ad50b10a28310b5ddfd6eb60a2eca7b92de",
    "user": {
        "email": "psfgjzbfpm@ya.ru",
        "name": "RvvMtZbYqL"
    }
}
HTTP/1.1 200 OK
Date: Sun, 30 Jun 2024 15:27:55 GMT
Content-Type: application/json; charset=utf-8
Transfer-Encoding: chunked
Connection: keep-alive
X-Powered-By: Express
Access-Control-Allow-Origin: *
ETag: W/"16d-qP2+ZhJRA1tSwrV0cTYFJd6MaZg"
CF-Cache-Status: DYNAMIC
Report-To: {"endpoints":[{"url":"https:\/\/a.nel.cloudflare.com\/report\/v4?s=VDAPGV3ohQ%2BnMbaGFWMzNVaZz6h%2BhQ9oOdSiK%2F2jcR5R2NJuUqiuZMslkffUhTgIeozpN%2FJ8T897RLtdnzdqsZVKrxJHZ7LNAih7omhC6zZpUSRk5OGW3qBOCt5hB804%2Be6PtspAkrJ%2BG92GgW32DaCOVjA%3D"}],"group":"cf-nel","max_age":604800}
NEL: {"success_fraction":0,"report_to":"cf-nel","max_age":604800}
Server: cloudflare
CF-RAY: 89bf2ee13bbe9d57-DME
Content-Encoding: gzip
alt-svc: h3=":443"; ma=86400

{
    "success": true,
    "accessToken": "Bearer eyJhbGciOiJIUzI1NiIsInR5cCI6IkpXVCJ9.eyJpZCI6IjY2ODE3OTdhOWVkMjgwMDAxYjQ1OTYyNiIsImlhdCI6MTcxOTc2MTI3NSwiZXhwIjoxNzE5NzYyNDc1fQ.zTI5dCfxyVVIEgZCV8RSo2O0LXNNeZMaeETzNeulKow",
    "refreshToken": "70ceae9677465981fc970c672b6673991945d19d05139ad50b10a28310b5ddfd6eb60a2eca7b92de",
    "user": {
        "email": "psfgjzbfpm@ya.ru",
        "name": "RvvMtZbYqL"
    }
}
HTTP/1.1 200 OK
Date: Sun, 30 Jun 2024 15:27:55 GMT
Content-Type: application/json; charset=utf-8
Transfer-Encoding: chunked
Connection: keep-alive
X-Powered-By: Express
Access-Control-Allow-Origin: *
ETag: W/"16d-qP2+ZhJRA1tSwrV0cTYFJd6MaZg"
CF-Cache-Status: DYNAMIC
Report-To: {"endpoints":[{"url":"https:\/\/a.nel.cloudflare.com\/report\/v4?s=VDAPGV3ohQ%2BnMbaGFWMzNVaZz6h%2BhQ9oOdSiK%2F2jcR5R2NJuUqiuZMslkffUhTgIeozpN%2FJ8T897RLtdnzdqsZVKrxJHZ7LNAih7omhC6zZpUSRk5OGW3qBOCt5hB804%2Be6PtspAkrJ%2BG92GgW32DaCOVjA%3D"}],"group":"cf-nel","max_age":604800}
NEL: {"success_fraction":0,"report_to":"cf-nel","max_age":604800}
Server: cloudflare
CF-RAY: 89bf2ee13bbe9d57-DME
Content-Encoding: gzip
alt-svc: h3=":443"; ma=86400

{
    "success": true,
    "accessToken": "Bearer eyJhbGciOiJIUzI1NiIsInR5cCI6IkpXVCJ9.eyJpZCI6IjY2ODE3OTdhOWVkMjgwMDAxYjQ1OTYyNiIsImlhdCI6MTcxOTc2MTI3NSwiZXhwIjoxNzE5NzYyNDc1fQ.zTI5dCfxyVVIEgZCV8RSo2O0LXNNeZMaeETzNeulKow",
    "refreshToken": "70ceae9677465981fc970c672b6673991945d19d05139ad50b10a28310b5ddfd6eb60a2eca7b92de",
    "user": {
        "email": "psfgjzbfpm@ya.ru",
        "name": "RvvMtZbYqL"
    }
}
HTTP/1.1 200 OK
Date: Sun, 30 Jun 2024 15:27:55 GMT
Content-Type: application/json; charset=utf-8
Transfer-Encoding: chunked
Connection: keep-alive
X-Powered-By: Express
Access-Control-Allow-Origin: *
ETag: W/"16d-qP2+ZhJRA1tSwrV0cTYFJd6MaZg"
CF-Cache-Status: DYNAMIC
Report-To: {"endpoints":[{"url":"https:\/\/a.nel.cloudflare.com\/report\/v4?s=VDAPGV3ohQ%2BnMbaGFWMzNVaZz6h%2BhQ9oOdSiK%2F2jcR5R2NJuUqiuZMslkffUhTgIeozpN%2FJ8T897RLtdnzdqsZVKrxJHZ7LNAih7omhC6zZpUSRk5OGW3qBOCt5hB804%2Be6PtspAkrJ%2BG92GgW32DaCOVjA%3D"}],"group":"cf-nel","max_age":604800}
NEL: {"success_fraction":0,"report_to":"cf-nel","max_age":604800}
Server: cloudflare
CF-RAY: 89bf2ee13bbe9d57-DME
Content-Encoding: gzip
alt-svc: h3=":443"; ma=86400

{
    "success": true,
    "accessToken": "Bearer eyJhbGciOiJIUzI1NiIsInR5cCI6IkpXVCJ9.eyJpZCI6IjY2ODE3OTdhOWVkMjgwMDAxYjQ1OTYyNiIsImlhdCI6MTcxOTc2MTI3NSwiZXhwIjoxNzE5NzYyNDc1fQ.zTI5dCfxyVVIEgZCV8RSo2O0LXNNeZMaeETzNeulKow",
    "refreshToken": "70ceae9677465981fc970c672b6673991945d19d05139ad50b10a28310b5ddfd6eb60a2eca7b92de",
    "user": {
        "email": "psfgjzbfpm@ya.ru",
        "name": "RvvMtZbYqL"
    }
}
HTTP/1.1 200 OK
Date: Sun, 30 Jun 2024 15:27:55 GMT
Content-Type: application/json; charset=utf-8
Transfer-Encoding: chunked
Connection: keep-alive
X-Powered-By: Express
Access-Control-Allow-Origin: *
ETag: W/"16d-qP2+ZhJRA1tSwrV0cTYFJd6MaZg"
CF-Cache-Status: DYNAMIC
Report-To: {"endpoints":[{"url":"https:\/\/a.nel.cloudflare.com\/report\/v4?s=VDAPGV3ohQ%2BnMbaGFWMzNVaZz6h%2BhQ9oOdSiK%2F2jcR5R2NJuUqiuZMslkffUhTgIeozpN%2FJ8T897RLtdnzdqsZVKrxJHZ7LNAih7omhC6zZpUSRk5OGW3qBOCt5hB804%2Be6PtspAkrJ%2BG92GgW32DaCOVjA%3D"}],"group":"cf-nel","max_age":604800}
NEL: {"success_fraction":0,"report_to":"cf-nel","max_age":604800}
Server: cloudflare
CF-RAY: 89bf2ee13bbe9d57-DME
Content-Encoding: gzip
alt-svc: h3=":443"; ma=86400

{
    "success": true,
    "accessToken": "Bearer eyJhbGciOiJIUzI1NiIsInR5cCI6IkpXVCJ9.eyJpZCI6IjY2ODE3OTdhOWVkMjgwMDAxYjQ1OTYyNiIsImlhdCI6MTcxOTc2MTI3NSwiZXhwIjoxNzE5NzYyNDc1fQ.zTI5dCfxyVVIEgZCV8RSo2O0LXNNeZMaeETzNeulKow",
    "refreshToken": "70ceae9677465981fc970c672b6673991945d19d05139ad50b10a28310b5ddfd6eb60a2eca7b92de",
    "user": {
        "email": "psfgjzbfpm@ya.ru",
        "name": "RvvMtZbYqL"
    }
}
HTTP/1.1 200 OK
Date: Sun, 30 Jun 2024 15:27:55 GMT
Content-Type: application/json; charset=utf-8
Transfer-Encoding: chunked
Connection: keep-alive
X-Powered-By: Express
Access-Control-Allow-Origin: *
ETag: W/"16d-qP2+ZhJRA1tSwrV0cTYFJd6MaZg"
CF-Cache-Status: DYNAMIC
Report-To: {"endpoints":[{"url":"https:\/\/a.nel.cloudflare.com\/report\/v4?s=VDAPGV3ohQ%2BnMbaGFWMzNVaZz6h%2BhQ9oOdSiK%2F2jcR5R2NJuUqiuZMslkffUhTgIeozpN%2FJ8T897RLtdnzdqsZVKrxJHZ7LNAih7omhC6zZpUSRk5OGW3qBOCt5hB804%2Be6PtspAkrJ%2BG92GgW32DaCOVjA%3D"}],"group":"cf-nel","max_age":604800}
NEL: {"success_fraction":0,"report_to":"cf-nel","max_age":604800}
Server: cloudflare
CF-RAY: 89bf2ee13bbe9d57-DME
Content-Encoding: gzip
alt-svc: h3=":443"; ma=86400

{
    "success": true,
    "accessToken": "Bearer eyJhbGciOiJIUzI1NiIsInR5cCI6IkpXVCJ9.eyJpZCI6IjY2ODE3OTdhOWVkMjgwMDAxYjQ1OTYyNiIsImlhdCI6MTcxOTc2MTI3NSwiZXhwIjoxNzE5NzYyNDc1fQ.zTI5dCfxyVVIEgZCV8RSo2O0LXNNeZMaeETzNeulKow",
    "refreshToken": "70ceae9677465981fc970c672b6673991945d19d05139ad50b10a28310b5ddfd6eb60a2eca7b92de",
    "user": {
        "email": "psfgjzbfpm@ya.ru",
        "name": "RvvMtZbYqL"
    }
}
HTTP/1.1 200 OK
Date: Sun, 30 Jun 2024 15:27:55 GMT
Content-Type: application/json; charset=utf-8
Transfer-Encoding: chunked
Connection: keep-alive
X-Powered-By: Express
Access-Control-Allow-Origin: *
ETag: W/"16d-qP2+ZhJRA1tSwrV0cTYFJd6MaZg"
CF-Cache-Status: DYNAMIC
Report-To: {"endpoints":[{"url":"https:\/\/a.nel.cloudflare.com\/report\/v4?s=VDAPGV3ohQ%2BnMbaGFWMzNVaZz6h%2BhQ9oOdSiK%2F2jcR5R2NJuUqiuZMslkffUhTgIeozpN%2FJ8T897RLtdnzdqsZVKrxJHZ7LNAih7omhC6zZpUSRk5OGW3qBOCt5hB804%2Be6PtspAkrJ%2BG92GgW32DaCOVjA%3D"}],"group":"cf-nel","max_age":604800}
NEL: {"success_fraction":0,"report_to":"cf-nel","max_age":604800}
Server: cloudflare
CF-RAY: 89bf2ee13bbe9d57-DME
Content-Encoding: gzip
alt-svc: h3=":443"; ma=86400

{
    "success": true,
    "accessToken": "Bearer eyJhbGciOiJIUzI1NiIsInR5cCI6IkpXVCJ9.eyJpZCI6IjY2ODE3OTdhOWVkMjgwMDAxYjQ1OTYyNiIsImlhdCI6MTcxOTc2MTI3NSwiZXhwIjoxNzE5NzYyNDc1fQ.zTI5dCfxyVVIEgZCV8RSo2O0LXNNeZMaeETzNeulKow",
    "refreshToken": "70ceae9677465981fc970c672b6673991945d19d05139ad50b10a28310b5ddfd6eb60a2eca7b92de",
    "user": {
        "email": "psfgjzbfpm@ya.ru",
        "name": "RvvMtZbYqL"
    }
}
HTTP/1.1 200 OK
Date: Sun, 30 Jun 2024 15:27:55 GMT
Content-Type: application/json; charset=utf-8
Transfer-Encoding: chunked
Connection: keep-alive
X-Powered-By: Express
Access-Control-Allow-Origin: *
ETag: W/"16d-qP2+ZhJRA1tSwrV0cTYFJd6MaZg"
CF-Cache-Status: DYNAMIC
Report-To: {"endpoints":[{"url":"https:\/\/a.nel.cloudflare.com\/report\/v4?s=VDAPGV3ohQ%2BnMbaGFWMzNVaZz6h%2BhQ9oOdSiK%2F2jcR5R2NJuUqiuZMslkffUhTgIeozpN%2FJ8T897RLtdnzdqsZVKrxJHZ7LNAih7omhC6zZpUSRk5OGW3qBOCt5hB804%2Be6PtspAkrJ%2BG92GgW32DaCOVjA%3D"}],"group":"cf-nel","max_age":604800}
NEL: {"success_fraction":0,"report_to":"cf-nel","max_age":604800}
Server: cloudflare
CF-RAY: 89bf2ee13bbe9d57-DME
Content-Encoding: gzip
alt-svc: h3=":443"; ma=86400

{
    "success": true,
    "accessToken": "Bearer eyJhbGciOiJIUzI1NiIsInR5cCI6IkpXVCJ9.eyJpZCI6IjY2ODE3OTdhOWVkMjgwMDAxYjQ1OTYyNiIsImlhdCI6MTcxOTc2MTI3NSwiZXhwIjoxNzE5NzYyNDc1fQ.zTI5dCfxyVVIEgZCV8RSo2O0LXNNeZMaeETzNeulKow",
    "refreshToken": "70ceae9677465981fc970c672b6673991945d19d05139ad50b10a28310b5ddfd6eb60a2eca7b92de",
    "user": {
        "email": "psfgjzbfpm@ya.ru",
        "name": "RvvMtZbYqL"
    }
}
HTTP/1.1 200 OK
Date: Sun, 30 Jun 2024 15:27:55 GMT
Content-Type: application/json; charset=utf-8
Transfer-Encoding: chunked
Connection: keep-alive
X-Powered-By: Express
Access-Control-Allow-Origin: *
ETag: W/"16d-qP2+ZhJRA1tSwrV0cTYFJd6MaZg"
CF-Cache-Status: DYNAMIC
Report-To: {"endpoints":[{"url":"https:\/\/a.nel.cloudflare.com\/report\/v4?s=VDAPGV3ohQ%2BnMbaGFWMzNVaZz6h%2BhQ9oOdSiK%2F2jcR5R2NJuUqiuZMslkffUhTgIeozpN%2FJ8T897RLtdnzdqsZVKrxJHZ7LNAih7omhC6zZpUSRk5OGW3qBOCt5hB804%2Be6PtspAkrJ%2BG92GgW32DaCOVjA%3D"}],"group":"cf-nel","max_age":604800}
NEL: {"success_fraction":0,"report_to":"cf-nel","max_age":604800}
Server: cloudflare
CF-RAY: 89bf2ee13bbe9d57-DME
Content-Encoding: gzip
alt-svc: h3=":443"; ma=86400

{
    "success": true,
    "accessToken": "Bearer eyJhbGciOiJIUzI1NiIsInR5cCI6IkpXVCJ9.eyJpZCI6IjY2ODE3OTdhOWVkMjgwMDAxYjQ1OTYyNiIsImlhdCI6MTcxOTc2MTI3NSwiZXhwIjoxNzE5NzYyNDc1fQ.zTI5dCfxyVVIEgZCV8RSo2O0LXNNeZMaeETzNeulKow",
    "refreshToken": "70ceae9677465981fc970c672b6673991945d19d05139ad50b10a28310b5ddfd6eb60a2eca7b92de",
    "user": {
        "email": "psfgjzbfpm@ya.ru",
        "name": "RvvMtZbYqL"
    }
}
HTTP/1.1 200 OK
Date: Sun, 30 Jun 2024 15:27:55 GMT
Content-Type: application/json; charset=utf-8
Transfer-Encoding: chunked
Connection: keep-alive
X-Powered-By: Express
Access-Control-Allow-Origin: *
ETag: W/"16d-qP2+ZhJRA1tSwrV0cTYFJd6MaZg"
CF-Cache-Status: DYNAMIC
Report-To: {"endpoints":[{"url":"https:\/\/a.nel.cloudflare.com\/report\/v4?s=VDAPGV3ohQ%2BnMbaGFWMzNVaZz6h%2BhQ9oOdSiK%2F2jcR5R2NJuUqiuZMslkffUhTgIeozpN%2FJ8T897RLtdnzdqsZVKrxJHZ7LNAih7omhC6zZpUSRk5OGW3qBOCt5hB804%2Be6PtspAkrJ%2BG92GgW32DaCOVjA%3D"}],"group":"cf-nel","max_age":604800}
NEL: {"success_fraction":0,"report_to":"cf-nel","max_age":604800}
Server: cloudflare
CF-RAY: 89bf2ee13bbe9d57-DME
Content-Encoding: gzip
alt-svc: h3=":443"; ma=86400

{
    "success": true,
    "accessToken": "Bearer eyJhbGciOiJIUzI1NiIsInR5cCI6IkpXVCJ9.eyJpZCI6IjY2ODE3OTdhOWVkMjgwMDAxYjQ1OTYyNiIsImlhdCI6MTcxOTc2MTI3NSwiZXhwIjoxNzE5NzYyNDc1fQ.zTI5dCfxyVVIEgZCV8RSo2O0LXNNeZMaeETzNeulKow",
    "refreshToken": "70ceae9677465981fc970c672b6673991945d19d05139ad50b10a28310b5ddfd6eb60a2eca7b92de",
    "user": {
        "email": "psfgjzbfpm@ya.ru",
        "name": "RvvMtZbYqL"
    }
}
HTTP/1.1 200 OK
Date: Sun, 30 Jun 2024 15:27:55 GMT
Content-Type: application/json; charset=utf-8
Transfer-Encoding: chunked
Connection: keep-alive
X-Powered-By: Express
Access-Control-Allow-Origin: *
ETag: W/"16d-qP2+ZhJRA1tSwrV0cTYFJd6MaZg"
CF-Cache-Status: DYNAMIC
Report-To: {"endpoints":[{"url":"https:\/\/a.nel.cloudflare.com\/report\/v4?s=VDAPGV3ohQ%2BnMbaGFWMzNVaZz6h%2BhQ9oOdSiK%2F2jcR5R2NJuUqiuZMslkffUhTgIeozpN%2FJ8T897RLtdnzdqsZVKrxJHZ7LNAih7omhC6zZpUSRk5OGW3qBOCt5hB804%2Be6PtspAkrJ%2BG92GgW32DaCOVjA%3D"}],"group":"cf-nel","max_age":604800}
NEL: {"success_fraction":0,"report_to":"cf-nel","max_age":604800}
Server: cloudflare
CF-RAY: 89bf2ee13bbe9d57-DME
Content-Encoding: gzip
alt-svc: h3=":443"; ma=86400

{
    "success": true,
    "accessToken": "Bearer eyJhbGciOiJIUzI1NiIsInR5cCI6IkpXVCJ9.eyJpZCI6IjY2ODE3OTdhOWVkMjgwMDAxYjQ1OTYyNiIsImlhdCI6MTcxOTc2MTI3NSwiZXhwIjoxNzE5NzYyNDc1fQ.zTI5dCfxyVVIEgZCV8RSo2O0LXNNeZMaeETzNeulKow",
    "refreshToken": "70ceae9677465981fc970c672b6673991945d19d05139ad50b10a28310b5ddfd6eb60a2eca7b92de",
    "user": {
        "email": "psfgjzbfpm@ya.ru",
        "name": "RvvMtZbYqL"
    }
}
HTTP/1.1 200 OK
Date: Sun, 30 Jun 2024 15:27:55 GMT
Content-Type: application/json; charset=utf-8
Transfer-Encoding: chunked
Connection: keep-alive
X-Powered-By: Express
Access-Control-Allow-Origin: *
ETag: W/"16d-qP2+ZhJRA1tSwrV0cTYFJd6MaZg"
CF-Cache-Status: DYNAMIC
Report-To: {"endpoints":[{"url":"https:\/\/a.nel.cloudflare.com\/report\/v4?s=VDAPGV3ohQ%2BnMbaGFWMzNVaZz6h%2BhQ9oOdSiK%2F2jcR5R2NJuUqiuZMslkffUhTgIeozpN%2FJ8T897RLtdnzdqsZVKrxJHZ7LNAih7omhC6zZpUSRk5OGW3qBOCt5hB804%2Be6PtspAkrJ%2BG92GgW32DaCOVjA%3D"}],"group":"cf-nel","max_age":604800}
NEL: {"success_fraction":0,"report_to":"cf-nel","max_age":604800}
Server: cloudflare
CF-RAY: 89bf2ee13bbe9d57-DME
Content-Encoding: gzip
alt-svc: h3=":443"; ma=86400

{
    "success": true,
    "accessToken": "Bearer eyJhbGciOiJIUzI1NiIsInR5cCI6IkpXVCJ9.eyJpZCI6IjY2ODE3OTdhOWVkMjgwMDAxYjQ1OTYyNiIsImlhdCI6MTcxOTc2MTI3NSwiZXhwIjoxNzE5NzYyNDc1fQ.zTI5dCfxyVVIEgZCV8RSo2O0LXNNeZMaeETzNeulKow",
    "refreshToken": "70ceae9677465981fc970c672b6673991945d19d05139ad50b10a28310b5ddfd6eb60a2eca7b92de",
    "user": {
        "email": "psfgjzbfpm@ya.ru",
        "name": "RvvMtZbYqL"
    }
}
HTTP/1.1 200 OK
Date: Sun, 30 Jun 2024 15:27:55 GMT
Content-Type: application/json; charset=utf-8
Transfer-Encoding: chunked
Connection: keep-alive
X-Powered-By: Express
Access-Control-Allow-Origin: *
ETag: W/"16d-qP2+ZhJRA1tSwrV0cTYFJd6MaZg"
CF-Cache-Status: DYNAMIC
Report-To: {"endpoints":[{"url":"https:\/\/a.nel.cloudflare.com\/report\/v4?s=VDAPGV3ohQ%2BnMbaGFWMzNVaZz6h%2BhQ9oOdSiK%2F2jcR5R2NJuUqiuZMslkffUhTgIeozpN%2FJ8T897RLtdnzdqsZVKrxJHZ7LNAih7omhC6zZpUSRk5OGW3qBOCt5hB804%2Be6PtspAkrJ%2BG92GgW32DaCOVjA%3D"}],"group":"cf-nel","max_age":604800}
NEL: {"success_fraction":0,"report_to":"cf-nel","max_age":604800}
Server: cloudflare
CF-RAY: 89bf2ee13bbe9d57-DME
Content-Encoding: gzip
alt-svc: h3=":443"; ma=86400

{
    "success": true,
    "accessToken": "Bearer eyJhbGciOiJIUzI1NiIsInR5cCI6IkpXVCJ9.eyJpZCI6IjY2ODE3OTdhOWVkMjgwMDAxYjQ1OTYyNiIsImlhdCI6MTcxOTc2MTI3NSwiZXhwIjoxNzE5NzYyNDc1fQ.zTI5dCfxyVVIEgZCV8RSo2O0LXNNeZMaeETzNeulKow",
    "refreshToken": "70ceae9677465981fc970c672b6673991945d19d05139ad50b10a28310b5ddfd6eb60a2eca7b92de",
    "user": {
        "email": "psfgjzbfpm@ya.ru",
        "name": "RvvMtZbYqL"
    }
}
HTTP/1.1 200 OK
Date: Sun, 30 Jun 2024 15:27:55 GMT
Content-Type: application/json; charset=utf-8
Transfer-Encoding: chunked
Connection: keep-alive
X-Powered-By: Express
Access-Control-Allow-Origin: *
ETag: W/"16d-qP2+ZhJRA1tSwrV0cTYFJd6MaZg"
CF-Cache-Status: DYNAMIC
Report-To: {"endpoints":[{"url":"https:\/\/a.nel.cloudflare.com\/report\/v4?s=VDAPGV3ohQ%2BnMbaGFWMzNVaZz6h%2BhQ9oOdSiK%2F2jcR5R2NJuUqiuZMslkffUhTgIeozpN%2FJ8T897RLtdnzdqsZVKrxJHZ7LNAih7omhC6zZpUSRk5OGW3qBOCt5hB804%2Be6PtspAkrJ%2BG92GgW32DaCOVjA%3D"}],"group":"cf-nel","max_age":604800}
NEL: {"success_fraction":0,"report_to":"cf-nel","max_age":604800}
Server: cloudflare
CF-RAY: 89bf2ee13bbe9d57-DME
Content-Encoding: gzip
alt-svc: h3=":443"; ma=86400

{
    "success": true,
    "accessToken": "Bearer eyJhbGciOiJIUzI1NiIsInR5cCI6IkpXVCJ9.eyJpZCI6IjY2ODE3OTdhOWVkMjgwMDAxYjQ1OTYyNiIsImlhdCI6MTcxOTc2MTI3NSwiZXhwIjoxNzE5NzYyNDc1fQ.zTI5dCfxyVVIEgZCV8RSo2O0LXNNeZMaeETzNeulKow",
    "refreshToken": "70ceae9677465981fc970c672b6673991945d19d05139ad50b10a28310b5ddfd6eb60a2eca7b92de",
    "user": {
        "email": "psfgjzbfpm@ya.ru",
        "name": "RvvMtZbYqL"
    }
}
HTTP/1.1 200 OK
Date: Sun, 30 Jun 2024 15:27:55 GMT
Content-Type: application/json; charset=utf-8
Transfer-Encoding: chunked
Connection: keep-alive
X-Powered-By: Express
Access-Control-Allow-Origin: *
ETag: W/"16d-qP2+ZhJRA1tSwrV0cTYFJd6MaZg"
CF-Cache-Status: DYNAMIC
Report-To: {"endpoints":[{"url":"https:\/\/a.nel.cloudflare.com\/report\/v4?s=VDAPGV3ohQ%2BnMbaGFWMzNVaZz6h%2BhQ9oOdSiK%2F2jcR5R2NJuUqiuZMslkffUhTgIeozpN%2FJ8T897RLtdnzdqsZVKrxJHZ7LNAih7omhC6zZpUSRk5OGW3qBOCt5hB804%2Be6PtspAkrJ%2BG92GgW32DaCOVjA%3D"}],"group":"cf-nel","max_age":604800}
NEL: {"success_fraction":0,"report_to":"cf-nel","max_age":604800}
Server: cloudflare
CF-RAY: 89bf2ee13bbe9d57-DME
Content-Encoding: gzip
alt-svc: h3=":443"; ma=86400

{
    "success": true,
    "accessToken": "Bearer eyJhbGciOiJIUzI1NiIsInR5cCI6IkpXVCJ9.eyJpZCI6IjY2ODE3OTdhOWVkMjgwMDAxYjQ1OTYyNiIsImlhdCI6MTcxOTc2MTI3NSwiZXhwIjoxNzE5NzYyNDc1fQ.zTI5dCfxyVVIEgZCV8RSo2O0LXNNeZMaeETzNeulKow",
    "refreshToken": "70ceae9677465981fc970c672b6673991945d19d05139ad50b10a28310b5ddfd6eb60a2eca7b92de",
    "user": {
        "email": "psfgjzbfpm@ya.ru",
        "name": "RvvMtZbYqL"
    }
}
HTTP/1.1 200 OK
Date: Sun, 30 Jun 2024 15:27:55 GMT
Content-Type: application/json; charset=utf-8
Transfer-Encoding: chunked
Connection: keep-alive
X-Powered-By: Express
Access-Control-Allow-Origin: *
ETag: W/"16d-qP2+ZhJRA1tSwrV0cTYFJd6MaZg"
CF-Cache-Status: DYNAMIC
Report-To: {"endpoints":[{"url":"https:\/\/a.nel.cloudflare.com\/report\/v4?s=VDAPGV3ohQ%2BnMbaGFWMzNVaZz6h%2BhQ9oOdSiK%2F2jcR5R2NJuUqiuZMslkffUhTgIeozpN%2FJ8T897RLtdnzdqsZVKrxJHZ7LNAih7omhC6zZpUSRk5OGW3qBOCt5hB804%2Be6PtspAkrJ%2BG92GgW32DaCOVjA%3D"}],"group":"cf-nel","max_age":604800}
NEL: {"success_fraction":0,"report_to":"cf-nel","max_age":604800}
Server: cloudflare
CF-RAY: 89bf2ee13bbe9d57-DME
Content-Encoding: gzip
alt-svc: h3=":443"; ma=86400

{
    "success": true,
    "accessToken": "Bearer eyJhbGciOiJIUzI1NiIsInR5cCI6IkpXVCJ9.eyJpZCI6IjY2ODE3OTdhOWVkMjgwMDAxYjQ1OTYyNiIsImlhdCI6MTcxOTc2MTI3NSwiZXhwIjoxNzE5NzYyNDc1fQ.zTI5dCfxyVVIEgZCV8RSo2O0LXNNeZMaeETzNeulKow",
    "refreshToken": "70ceae9677465981fc970c672b6673991945d19d05139ad50b10a28310b5ddfd6eb60a2eca7b92de",
    "user": {
        "email": "psfgjzbfpm@ya.ru",
        "name": "RvvMtZbYqL"
    }
}
HTTP/1.1 200 OK
Date: Sun, 30 Jun 2024 15:27:55 GMT
Content-Type: application/json; charset=utf-8
Transfer-Encoding: chunked
Connection: keep-alive
X-Powered-By: Express
Access-Control-Allow-Origin: *
ETag: W/"16d-qP2+ZhJRA1tSwrV0cTYFJd6MaZg"
CF-Cache-Status: DYNAMIC
Report-To: {"endpoints":[{"url":"https:\/\/a.nel.cloudflare.com\/report\/v4?s=VDAPGV3ohQ%2BnMbaGFWMzNVaZz6h%2BhQ9oOdSiK%2F2jcR5R2NJuUqiuZMslkffUhTgIeozpN%2FJ8T897RLtdnzdqsZVKrxJHZ7LNAih7omhC6zZpUSRk5OGW3qBOCt5hB804%2Be6PtspAkrJ%2BG92GgW32DaCOVjA%3D"}],"group":"cf-nel","max_age":604800}
NEL: {"success_fraction":0,"report_to":"cf-nel","max_age":604800}
Server: cloudflare
CF-RAY: 89bf2ee13bbe9d57-DME
Content-Encoding: gzip
alt-svc: h3=":443"; ma=86400

{
    "success": true,
    "accessToken": "Bearer eyJhbGciOiJIUzI1NiIsInR5cCI6IkpXVCJ9.eyJpZCI6IjY2ODE3OTdhOWVkMjgwMDAxYjQ1OTYyNiIsImlhdCI6MTcxOTc2MTI3NSwiZXhwIjoxNzE5NzYyNDc1fQ.zTI5dCfxyVVIEgZCV8RSo2O0LXNNeZMaeETzNeulKow",
    "refreshToken": "70ceae9677465981fc970c672b6673991945d19d05139ad50b10a28310b5ddfd6eb60a2eca7b92de",
    "user": {
        "email": "psfgjzbfpm@ya.ru",
        "name": "RvvMtZbYqL"
    }
}
HTTP/1.1 200 OK
Date: Sun, 30 Jun 2024 15:27:55 GMT
Content-Type: application/json; charset=utf-8
Transfer-Encoding: chunked
Connection: keep-alive
X-Powered-By: Express
Access-Control-Allow-Origin: *
ETag: W/"16d-qP2+ZhJRA1tSwrV0cTYFJd6MaZg"
CF-Cache-Status: DYNAMIC
Report-To: {"endpoints":[{"url":"https:\/\/a.nel.cloudflare.com\/report\/v4?s=VDAPGV3ohQ%2BnMbaGFWMzNVaZz6h%2BhQ9oOdSiK%2F2jcR5R2NJuUqiuZMslkffUhTgIeozpN%2FJ8T897RLtdnzdqsZVKrxJHZ7LNAih7omhC6zZpUSRk5OGW3qBOCt5hB804%2Be6PtspAkrJ%2BG92GgW32DaCOVjA%3D"}],"group":"cf-nel","max_age":604800}
NEL: {"success_fraction":0,"report_to":"cf-nel","max_age":604800}
Server: cloudflare
CF-RAY: 89bf2ee13bbe9d57-DME
Content-Encoding: gzip
alt-svc: h3=":443"; ma=86400

{
    "success": true,
    "accessToken": "Bearer eyJhbGciOiJIUzI1NiIsInR5cCI6IkpXVCJ9.eyJpZCI6IjY2ODE3OTdhOWVkMjgwMDAxYjQ1OTYyNiIsImlhdCI6MTcxOTc2MTI3NSwiZXhwIjoxNzE5NzYyNDc1fQ.zTI5dCfxyVVIEgZCV8RSo2O0LXNNeZMaeETzNeulKow",
    "refreshToken": "70ceae9677465981fc970c672b6673991945d19d05139ad50b10a28310b5ddfd6eb60a2eca7b92de",
    "user": {
        "email": "psfgjzbfpm@ya.ru",
        "name": "RvvMtZbYqL"
    }
}
HTTP/1.1 200 OK
Date: Sun, 30 Jun 2024 15:27:55 GMT
Content-Type: application/json; charset=utf-8
Transfer-Encoding: chunked
Connection: keep-alive
X-Powered-By: Express
Access-Control-Allow-Origin: *
ETag: W/"16d-qP2+ZhJRA1tSwrV0cTYFJd6MaZg"
CF-Cache-Status: DYNAMIC
Report-To: {"endpoints":[{"url":"https:\/\/a.nel.cloudflare.com\/report\/v4?s=VDAPGV3ohQ%2BnMbaGFWMzNVaZz6h%2BhQ9oOdSiK%2F2jcR5R2NJuUqiuZMslkffUhTgIeozpN%2FJ8T897RLtdnzdqsZVKrxJHZ7LNAih7omhC6zZpUSRk5OGW3qBOCt5hB804%2Be6PtspAkrJ%2BG92GgW32DaCOVjA%3D"}],"group":"cf-nel","max_age":604800}
NEL: {"success_fraction":0,"report_to":"cf-nel","max_age":604800}
Server: cloudflare
CF-RAY: 89bf2ee13bbe9d57-DME
Content-Encoding: gzip
alt-svc: h3=":443"; ma=86400

{
    "success": true,
    "accessToken": "Bearer eyJhbGciOiJIUzI1NiIsInR5cCI6IkpXVCJ9.eyJpZCI6IjY2ODE3OTdhOWVkMjgwMDAxYjQ1OTYyNiIsImlhdCI6MTcxOTc2MTI3NSwiZXhwIjoxNzE5NzYyNDc1fQ.zTI5dCfxyVVIEgZCV8RSo2O0LXNNeZMaeETzNeulKow",
    "refreshToken": "70ceae9677465981fc970c672b6673991945d19d05139ad50b10a28310b5ddfd6eb60a2eca7b92de",
    "user": {
        "email": "psfgjzbfpm@ya.ru",
        "name": "RvvMtZbYqL"
    }
}
HTTP/1.1 200 OK
Date: Sun, 30 Jun 2024 15:27:55 GMT
Content-Type: application/json; charset=utf-8
Transfer-Encoding: chunked
Connection: keep-alive
X-Powered-By: Express
Access-Control-Allow-Origin: *
ETag: W/"16d-qP2+ZhJRA1tSwrV0cTYFJd6MaZg"
CF-Cache-Status: DYNAMIC
Report-To: {"endpoints":[{"url":"https:\/\/a.nel.cloudflare.com\/report\/v4?s=VDAPGV3ohQ%2BnMbaGFWMzNVaZz6h%2BhQ9oOdSiK%2F2jcR5R2NJuUqiuZMslkffUhTgIeozpN%2FJ8T897RLtdnzdqsZVKrxJHZ7LNAih7omhC6zZpUSRk5OGW3qBOCt5hB804%2Be6PtspAkrJ%2BG92GgW32DaCOVjA%3D"}],"group":"cf-nel","max_age":604800}
NEL: {"success_fraction":0,"report_to":"cf-nel","max_age":604800}
Server: cloudflare
CF-RAY: 89bf2ee13bbe9d57-DME
Content-Encoding: gzip
alt-svc: h3=":443"; ma=86400

{
    "success": true,
    "accessToken": "Bearer eyJhbGciOiJIUzI1NiIsInR5cCI6IkpXVCJ9.eyJpZCI6IjY2ODE3OTdhOWVkMjgwMDAxYjQ1OTYyNiIsImlhdCI6MTcxOTc2MTI3NSwiZXhwIjoxNzE5NzYyNDc1fQ.zTI5dCfxyVVIEgZCV8RSo2O0LXNNeZMaeETzNeulKow",
    "refreshToken": "70ceae9677465981fc970c672b6673991945d19d05139ad50b10a28310b5ddfd6eb60a2eca7b92de",
    "user": {
        "email": "psfgjzbfpm@ya.ru",
        "name": "RvvMtZbYqL"
    }
}
HTTP/1.1 200 OK
Date: Sun, 30 Jun 2024 15:27:55 GMT
Content-Type: application/json; charset=utf-8
Transfer-Encoding: chunked
Connection: keep-alive
X-Powered-By: Express
Access-Control-Allow-Origin: *
ETag: W/"16d-qP2+ZhJRA1tSwrV0cTYFJd6MaZg"
CF-Cache-Status: DYNAMIC
Report-To: {"endpoints":[{"url":"https:\/\/a.nel.cloudflare.com\/report\/v4?s=VDAPGV3ohQ%2BnMbaGFWMzNVaZz6h%2BhQ9oOdSiK%2F2jcR5R2NJuUqiuZMslkffUhTgIeozpN%2FJ8T897RLtdnzdqsZVKrxJHZ7LNAih7omhC6zZpUSRk5OGW3qBOCt5hB804%2Be6PtspAkrJ%2BG92GgW32DaCOVjA%3D"}],"group":"cf-nel","max_age":604800}
NEL: {"success_fraction":0,"report_to":"cf-nel","max_age":604800}
Server: cloudflare
CF-RAY: 89bf2ee13bbe9d57-DME
Content-Encoding: gzip
alt-svc: h3=":443"; ma=86400

{
    "success": true,
    "accessToken": "Bearer eyJhbGciOiJIUzI1NiIsInR5cCI6IkpXVCJ9.eyJpZCI6IjY2ODE3OTdhOWVkMjgwMDAxYjQ1OTYyNiIsImlhdCI6MTcxOTc2MTI3NSwiZXhwIjoxNzE5NzYyNDc1fQ.zTI5dCfxyVVIEgZCV8RSo2O0LXNNeZMaeETzNeulKow",
    "refreshToken": "70ceae9677465981fc970c672b6673991945d19d05139ad50b10a28310b5ddfd6eb60a2eca7b92de",
    "user": {
        "email": "psfgjzbfpm@ya.ru",
        "name": "RvvMtZbYqL"
    }
}
HTTP/1.1 200 OK
Date: Sun, 30 Jun 2024 15:27:55 GMT
Content-Type: application/json; charset=utf-8
Transfer-Encoding: chunked
Connection: keep-alive
X-Powered-By: Express
Access-Control-Allow-Origin: *
ETag: W/"16d-qP2+ZhJRA1tSwrV0cTYFJd6MaZg"
CF-Cache-Status: DYNAMIC
Report-To: {"endpoints":[{"url":"https:\/\/a.nel.cloudflare.com\/report\/v4?s=VDAPGV3ohQ%2BnMbaGFWMzNVaZz6h%2BhQ9oOdSiK%2F2jcR5R2NJuUqiuZMslkffUhTgIeozpN%2FJ8T897RLtdnzdqsZVKrxJHZ7LNAih7omhC6zZpUSRk5OGW3qBOCt5hB804%2Be6PtspAkrJ%2BG92GgW32DaCOVjA%3D"}],"group":"cf-nel","max_age":604800}
NEL: {"success_fraction":0,"report_to":"cf-nel","max_age":604800}
Server: cloudflare
CF-RAY: 89bf2ee13bbe9d57-DME
Content-Encoding: gzip
alt-svc: h3=":443"; ma=86400

{
    "success": true,
    "accessToken": "Bearer eyJhbGciOiJIUzI1NiIsInR5cCI6IkpXVCJ9.eyJpZCI6IjY2ODE3OTdhOWVkMjgwMDAxYjQ1OTYyNiIsImlhdCI6MTcxOTc2MTI3NSwiZXhwIjoxNzE5NzYyNDc1fQ.zTI5dCfxyVVIEgZCV8RSo2O0LXNNeZMaeETzNeulKow",
    "refreshToken": "70ceae9677465981fc970c672b6673991945d19d05139ad50b10a28310b5ddfd6eb60a2eca7b92de",
    "user": {
        "email": "psfgjzbfpm@ya.ru",
        "name": "RvvMtZbYqL"
    }
}
HTTP/1.1 200 OK
Date: Sun, 30 Jun 2024 15:27:55 GMT
Content-Type: application/json; charset=utf-8
Transfer-Encoding: chunked
Connection: keep-alive
X-Powered-By: Express
Access-Control-Allow-Origin: *
ETag: W/"16d-qP2+ZhJRA1tSwrV0cTYFJd6MaZg"
CF-Cache-Status: DYNAMIC
Report-To: {"endpoints":[{"url":"https:\/\/a.nel.cloudflare.com\/report\/v4?s=VDAPGV3ohQ%2BnMbaGFWMzNVaZz6h%2BhQ9oOdSiK%2F2jcR5R2NJuUqiuZMslkffUhTgIeozpN%2FJ8T897RLtdnzdqsZVKrxJHZ7LNAih7omhC6zZpUSRk5OGW3qBOCt5hB804%2Be6PtspAkrJ%2BG92GgW32DaCOVjA%3D"}],"group":"cf-nel","max_age":604800}
NEL: {"success_fraction":0,"report_to":"cf-nel","max_age":604800}
Server: cloudflare
CF-RAY: 89bf2ee13bbe9d57-DME
Content-Encoding: gzip
alt-svc: h3=":443"; ma=86400

{
    "success": true,
    "accessToken": "Bearer eyJhbGciOiJIUzI1NiIsInR5cCI6IkpXVCJ9.eyJpZCI6IjY2ODE3OTdhOWVkMjgwMDAxYjQ1OTYyNiIsImlhdCI6MTcxOTc2MTI3NSwiZXhwIjoxNzE5NzYyNDc1fQ.zTI5dCfxyVVIEgZCV8RSo2O0LXNNeZMaeETzNeulKow",
    "refreshToken": "70ceae9677465981fc970c672b6673991945d19d05139ad50b10a28310b5ddfd6eb60a2eca7b92de",
    "user": {
        "email": "psfgjzbfpm@ya.ru",
        "name": "RvvMtZbYqL"
    }
}
HTTP/1.1 200 OK
Date: Sun, 30 Jun 2024 15:27:55 GMT
Content-Type: application/json; charset=utf-8
Transfer-Encoding: chunked
Connection: keep-alive
X-Powered-By: Express
Access-Control-Allow-Origin: *
ETag: W/"16d-qP2+ZhJRA1tSwrV0cTYFJd6MaZg"
CF-Cache-Status: DYNAMIC
Report-To: {"endpoints":[{"url":"https:\/\/a.nel.cloudflare.com\/report\/v4?s=VDAPGV3ohQ%2BnMbaGFWMzNVaZz6h%2BhQ9oOdSiK%2F2jcR5R2NJuUqiuZMslkffUhTgIeozpN%2FJ8T897RLtdnzdqsZVKrxJHZ7LNAih7omhC6zZpUSRk5OGW3qBOCt5hB804%2Be6PtspAkrJ%2BG92GgW32DaCOVjA%3D"}],"group":"cf-nel","max_age":604800}
NEL: {"success_fraction":0,"report_to":"cf-nel","max_age":604800}
Server: cloudflare
CF-RAY: 89bf2ee13bbe9d57-DME
Content-Encoding: gzip
alt-svc: h3=":443"; ma=86400

{
    "success": true,
    "accessToken": "Bearer eyJhbGciOiJIUzI1NiIsInR5cCI6IkpXVCJ9.eyJpZCI6IjY2ODE3OTdhOWVkMjgwMDAxYjQ1OTYyNiIsImlhdCI6MTcxOTc2MTI3NSwiZXhwIjoxNzE5NzYyNDc1fQ.zTI5dCfxyVVIEgZCV8RSo2O0LXNNeZMaeETzNeulKow",
    "refreshToken": "70ceae9677465981fc970c672b6673991945d19d05139ad50b10a28310b5ddfd6eb60a2eca7b92de",
    "user": {
        "email": "psfgjzbfpm@ya.ru",
        "name": "RvvMtZbYqL"
    }
}
HTTP/1.1 200 OK
Date: Sun, 30 Jun 2024 15:27:55 GMT
Content-Type: application/json; charset=utf-8
Transfer-Encoding: chunked
Connection: keep-alive
X-Powered-By: Express
Access-Control-Allow-Origin: *
ETag: W/"16d-qP2+ZhJRA1tSwrV0cTYFJd6MaZg"
CF-Cache-Status: DYNAMIC
Report-To: {"endpoints":[{"url":"https:\/\/a.nel.cloudflare.com\/report\/v4?s=VDAPGV3ohQ%2BnMbaGFWMzNVaZz6h%2BhQ9oOdSiK%2F2jcR5R2NJuUqiuZMslkffUhTgIeozpN%2FJ8T897RLtdnzdqsZVKrxJHZ7LNAih7omhC6zZpUSRk5OGW3qBOCt5hB804%2Be6PtspAkrJ%2BG92GgW32DaCOVjA%3D"}],"group":"cf-nel","max_age":604800}
NEL: {"success_fraction":0,"report_to":"cf-nel","max_age":604800}
Server: cloudflare
CF-RAY: 89bf2ee13bbe9d57-DME
Content-Encoding: gzip
alt-svc: h3=":443"; ma=86400

{
    "success": true,
    "accessToken": "Bearer eyJhbGciOiJIUzI1NiIsInR5cCI6IkpXVCJ9.eyJpZCI6IjY2ODE3OTdhOWVkMjgwMDAxYjQ1OTYyNiIsImlhdCI6MTcxOTc2MTI3NSwiZXhwIjoxNzE5NzYyNDc1fQ.zTI5dCfxyVVIEgZCV8RSo2O0LXNNeZMaeETzNeulKow",
    "refreshToken": "70ceae9677465981fc970c672b6673991945d19d05139ad50b10a28310b5ddfd6eb60a2eca7b92de",
    "user": {
        "email": "psfgjzbfpm@ya.ru",
        "name": "RvvMtZbYqL"
    }
}
HTTP/1.1 200 OK
Date: Sun, 30 Jun 2024 15:27:55 GMT
Content-Type: application/json; charset=utf-8
Transfer-Encoding: chunked
Connection: keep-alive
X-Powered-By: Express
Access-Control-Allow-Origin: *
ETag: W/"16d-qP2+ZhJRA1tSwrV0cTYFJd6MaZg"
CF-Cache-Status: DYNAMIC
Report-To: {"endpoints":[{"url":"https:\/\/a.nel.cloudflare.com\/report\/v4?s=VDAPGV3ohQ%2BnMbaGFWMzNVaZz6h%2BhQ9oOdSiK%2F2jcR5R2NJuUqiuZMslkffUhTgIeozpN%2FJ8T897RLtdnzdqsZVKrxJHZ7LNAih7omhC6zZpUSRk5OGW3qBOCt5hB804%2Be6PtspAkrJ%2BG92GgW32DaCOVjA%3D"}],"group":"cf-nel","max_age":604800}
NEL: {"success_fraction":0,"report_to":"cf-nel","max_age":604800}
Server: cloudflare
CF-RAY: 89bf2ee13bbe9d57-DME
Content-Encoding: gzip
alt-svc: h3=":443"; ma=86400

{
    "success": true,
    "accessToken": "Bearer eyJhbGciOiJIUzI1NiIsInR5cCI6IkpXVCJ9.eyJpZCI6IjY2ODE3OTdhOWVkMjgwMDAxYjQ1OTYyNiIsImlhdCI6MTcxOTc2MTI3NSwiZXhwIjoxNzE5NzYyNDc1fQ.zTI5dCfxyVVIEgZCV8RSo2O0LXNNeZMaeETzNeulKow",
    "refreshToken": "70ceae9677465981fc970c672b6673991945d19d05139ad50b10a28310b5ddfd6eb60a2eca7b92de",
    "user": {
        "email": "psfgjzbfpm@ya.ru",
        "name": "RvvMtZbYqL"
    }
}
HTTP/1.1 200 OK
Date: Sun, 30 Jun 2024 15:27:55 GMT
Content-Type: application/json; charset=utf-8
Transfer-Encoding: chunked
Connection: keep-alive
X-Powered-By: Express
Access-Control-Allow-Origin: *
ETag: W/"16d-qP2+ZhJRA1tSwrV0cTYFJd6MaZg"
CF-Cache-Status: DYNAMIC
Report-To: {"endpoints":[{"url":"https:\/\/a.nel.cloudflare.com\/report\/v4?s=VDAPGV3ohQ%2BnMbaGFWMzNVaZz6h%2BhQ9oOdSiK%2F2jcR5R2NJuUqiuZMslkffUhTgIeozpN%2FJ8T897RLtdnzdqsZVKrxJHZ7LNAih7omhC6zZpUSRk5OGW3qBOCt5hB804%2Be6PtspAkrJ%2BG92GgW32DaCOVjA%3D"}],"group":"cf-nel","max_age":604800}
NEL: {"success_fraction":0,"report_to":"cf-nel","max_age":604800}
Server: cloudflare
CF-RAY: 89bf2ee13bbe9d57-DME
Content-Encoding: gzip
alt-svc: h3=":443"; ma=86400

{
    "success": true,
    "accessToken": "Bearer eyJhbGciOiJIUzI1NiIsInR5cCI6IkpXVCJ9.eyJpZCI6IjY2ODE3OTdhOWVkMjgwMDAxYjQ1OTYyNiIsImlhdCI6MTcxOTc2MTI3NSwiZXhwIjoxNzE5NzYyNDc1fQ.zTI5dCfxyVVIEgZCV8RSo2O0LXNNeZMaeETzNeulKow",
    "refreshToken": "70ceae9677465981fc970c672b6673991945d19d05139ad50b10a28310b5ddfd6eb60a2eca7b92de",
    "user": {
        "email": "psfgjzbfpm@ya.ru",
        "name": "RvvMtZbYqL"
    }
}
HTTP/1.1 200 OK
Date: Sun, 30 Jun 2024 15:27:55 GMT
Content-Type: application/json; charset=utf-8
Transfer-Encoding: chunked
Connection: keep-alive
X-Powered-By: Express
Access-Control-Allow-Origin: *
ETag: W/"16d-qP2+ZhJRA1tSwrV0cTYFJd6MaZg"
CF-Cache-Status: DYNAMIC
Report-To: {"endpoints":[{"url":"https:\/\/a.nel.cloudflare.com\/report\/v4?s=VDAPGV3ohQ%2BnMbaGFWMzNVaZz6h%2BhQ9oOdSiK%2F2jcR5R2NJuUqiuZMslkffUhTgIeozpN%2FJ8T897RLtdnzdqsZVKrxJHZ7LNAih7omhC6zZpUSRk5OGW3qBOCt5hB804%2Be6PtspAkrJ%2BG92GgW32DaCOVjA%3D"}],"group":"cf-nel","max_age":604800}
NEL: {"success_fraction":0,"report_to":"cf-nel","max_age":604800}
Server: cloudflare
CF-RAY: 89bf2ee13bbe9d57-DME
Content-Encoding: gzip
alt-svc: h3=":443"; ma=86400

{
    "success": true,
    "accessToken": "Bearer eyJhbGciOiJIUzI1NiIsInR5cCI6IkpXVCJ9.eyJpZCI6IjY2ODE3OTdhOWVkMjgwMDAxYjQ1OTYyNiIsImlhdCI6MTcxOTc2MTI3NSwiZXhwIjoxNzE5NzYyNDc1fQ.zTI5dCfxyVVIEgZCV8RSo2O0LXNNeZMaeETzNeulKow",
    "refreshToken": "70ceae9677465981fc970c672b6673991945d19d05139ad50b10a28310b5ddfd6eb60a2eca7b92de",
    "user": {
        "email": "psfgjzbfpm@ya.ru",
        "name": "RvvMtZbYqL"
    }
}
HTTP/1.1 200 OK
Date: Sun, 30 Jun 2024 15:27:55 GMT
Content-Type: application/json; charset=utf-8
Transfer-Encoding: chunked
Connection: keep-alive
X-Powered-By: Express
Access-Control-Allow-Origin: *
ETag: W/"16d-qP2+ZhJRA1tSwrV0cTYFJd6MaZg"
CF-Cache-Status: DYNAMIC
Report-To: {"endpoints":[{"url":"https:\/\/a.nel.cloudflare.com\/report\/v4?s=VDAPGV3ohQ%2BnMbaGFWMzNVaZz6h%2BhQ9oOdSiK%2F2jcR5R2NJuUqiuZMslkffUhTgIeozpN%2FJ8T897RLtdnzdqsZVKrxJHZ7LNAih7omhC6zZpUSRk5OGW3qBOCt5hB804%2Be6PtspAkrJ%2BG92GgW32DaCOVjA%3D"}],"group":"cf-nel","max_age":604800}
NEL: {"success_fraction":0,"report_to":"cf-nel","max_age":604800}
Server: cloudflare
CF-RAY: 89bf2ee13bbe9d57-DME
Content-Encoding: gzip
alt-svc: h3=":443"; ma=86400

{
    "success": true,
    "accessToken": "Bearer eyJhbGciOiJIUzI1NiIsInR5cCI6IkpXVCJ9.eyJpZCI6IjY2ODE3OTdhOWVkMjgwMDAxYjQ1OTYyNiIsImlhdCI6MTcxOTc2MTI3NSwiZXhwIjoxNzE5NzYyNDc1fQ.zTI5dCfxyVVIEgZCV8RSo2O0LXNNeZMaeETzNeulKow",
    "refreshToken": "70ceae9677465981fc970c672b6673991945d19d05139ad50b10a28310b5ddfd6eb60a2eca7b92de",
    "user": {
        "email": "psfgjzbfpm@ya.ru",
        "name": "RvvMtZbYqL"
    }
}
Request method:	POST
Request URI:	https://stellarburgers.nomoreparties.site/api/auth/login
Proxy:			<none>
Request params:	<none>
Query params:	<none>
Form params:	<none>
Path params:	<none>
Headers:		Accept=*/*
				Content-Type=application/json
Cookies:		<none>
Multiparts:		<none>
Body:
{
    "email": "PsfgjZBfpm@ya.ru",
    "password": "OTZTwJTCMb",
    "name": "RvvMtZbYqL"
}
Request method:	POST
Request URI:	https://stellarburgers.nomoreparties.site/api/auth/login
Proxy:			<none>
Request params:	<none>
Query params:	<none>
Form params:	<none>
Path params:	<none>
Headers:		Accept=*/*
				Content-Type=application/json
Cookies:		<none>
Multiparts:		<none>
Body:
{
    "email": "PsfgjZBfpm@ya.ru",
    "password": "OTZTwJTCMb",
    "name": "RvvMtZbYqL"
}
Request method:	POST
Request URI:	https://stellarburgers.nomoreparties.site/api/auth/login
Proxy:			<none>
Request params:	<none>
Query params:	<none>
Form params:	<none>
Path params:	<none>
Headers:		Accept=*/*
				Content-Type=application/json
Cookies:		<none>
Multiparts:		<none>
Body:
{
    "email": "PsfgjZBfpm@ya.ru",
    "password": "OTZTwJTCMb",
    "name": "RvvMtZbYqL"
}
Request method:	POST
Request URI:	https://stellarburgers.nomoreparties.site/api/auth/login
Proxy:			<none>
Request params:	<none>
Query params:	<none>
Form params:	<none>
Path params:	<none>
Headers:		Accept=*/*
				Content-Type=application/json
Cookies:		<none>
Multiparts:		<none>
Body:
{
    "email": "PsfgjZBfpm@ya.ru",
    "password": "OTZTwJTCMb",
    "name": "RvvMtZbYqL"
}
Request method:	POST
Request URI:	https://stellarburgers.nomoreparties.site/api/auth/login
Proxy:			<none>
Request params:	<none>
Query params:	<none>
Form params:	<none>
Path params:	<none>
Headers:		Accept=*/*
				Content-Type=application/json
Cookies:		<none>
Multiparts:		<none>
Body:
{
    "email": "PsfgjZBfpm@ya.ru",
    "password": "OTZTwJTCMb",
    "name": "RvvMtZbYqL"
}
Request method:	POST
Request URI:	https://stellarburgers.nomoreparties.site/api/auth/login
Proxy:			<none>
Request params:	<none>
Query params:	<none>
Form params:	<none>
Path params:	<none>
Headers:		Accept=*/*
				Content-Type=application/json
Cookies:		<none>
Multiparts:		<none>
Body:
{
    "email": "PsfgjZBfpm@ya.ru",
    "password": "OTZTwJTCMb",
    "name": "RvvMtZbYqL"
}
Request method:	POST
Request URI:	https://stellarburgers.nomoreparties.site/api/auth/login
Proxy:			<none>
Request params:	<none>
Query params:	<none>
Form params:	<none>
Path params:	<none>
Headers:		Accept=*/*
				Content-Type=application/json
Cookies:		<none>
Multiparts:		<none>
Body:
{
    "email": "PsfgjZBfpm@ya.ru",
    "password": "OTZTwJTCMb",
    "name": "RvvMtZbYqL"
}
Request method:	POST
Request URI:	https://stellarburgers.nomoreparties.site/api/auth/login
Proxy:			<none>
Request params:	<none>
Query params:	<none>
Form params:	<none>
Path params:	<none>
Headers:		Accept=*/*
				Content-Type=application/json
Cookies:		<none>
Multiparts:		<none>
Body:
{
    "email": "PsfgjZBfpm@ya.ru",
    "password": "OTZTwJTCMb",
    "name": "RvvMtZbYqL"
}
Request method:	POST
Request URI:	https://stellarburgers.nomoreparties.site/api/auth/login
Proxy:			<none>
Request params:	<none>
Query params:	<none>
Form params:	<none>
Path params:	<none>
Headers:		Accept=*/*
				Content-Type=application/json
Cookies:		<none>
Multiparts:		<none>
Body:
{
    "email": "PsfgjZBfpm@ya.ru",
    "password": "OTZTwJTCMb",
    "name": "RvvMtZbYqL"
}
Request method:	POST
Request URI:	https://stellarburgers.nomoreparties.site/api/auth/login
Proxy:			<none>
Request params:	<none>
Query params:	<none>
Form params:	<none>
Path params:	<none>
Headers:		Accept=*/*
				Content-Type=application/json
Cookies:		<none>
Multiparts:		<none>
Body:
{
    "email": "PsfgjZBfpm@ya.ru",
    "password": "OTZTwJTCMb",
    "name": "RvvMtZbYqL"
}
Request method:	POST
Request URI:	https://stellarburgers.nomoreparties.site/api/auth/login
Proxy:			<none>
Request params:	<none>
Query params:	<none>
Form params:	<none>
Path params:	<none>
Headers:		Accept=*/*
				Content-Type=application/json
Cookies:		<none>
Multiparts:		<none>
Body:
{
    "email": "PsfgjZBfpm@ya.ru",
    "password": "OTZTwJTCMb",
    "name": "RvvMtZbYqL"
}
Request method:	POST
Request URI:	https://stellarburgers.nomoreparties.site/api/auth/login
Proxy:			<none>
Request params:	<none>
Query params:	<none>
Form params:	<none>
Path params:	<none>
Headers:		Accept=*/*
				Content-Type=application/json
Cookies:		<none>
Multiparts:		<none>
Body:
{
    "email": "PsfgjZBfpm@ya.ru",
    "password": "OTZTwJTCMb",
    "name": "RvvMtZbYqL"
}
Request method:	POST
Request URI:	https://stellarburgers.nomoreparties.site/api/auth/login
Proxy:			<none>
Request params:	<none>
Query params:	<none>
Form params:	<none>
Path params:	<none>
Headers:		Accept=*/*
				Content-Type=application/json
Cookies:		<none>
Multiparts:		<none>
Body:
{
    "email": "PsfgjZBfpm@ya.ru",
    "password": "OTZTwJTCMb",
    "name": "RvvMtZbYqL"
}
Request method:	POST
Request URI:	https://stellarburgers.nomoreparties.site/api/auth/login
Proxy:			<none>
Request params:	<none>
Query params:	<none>
Form params:	<none>
Path params:	<none>
Headers:		Accept=*/*
				Content-Type=application/json
Cookies:		<none>
Multiparts:		<none>
Body:
{
    "email": "PsfgjZBfpm@ya.ru",
    "password": "OTZTwJTCMb",
    "name": "RvvMtZbYqL"
}
Request method:	POST
Request URI:	https://stellarburgers.nomoreparties.site/api/auth/login
Proxy:			<none>
Request params:	<none>
Query params:	<none>
Form params:	<none>
Path params:	<none>
Headers:		Accept=*/*
				Content-Type=application/json
Cookies:		<none>
Multiparts:		<none>
Body:
{
    "email": "PsfgjZBfpm@ya.ru",
    "password": "OTZTwJTCMb",
    "name": "RvvMtZbYqL"
}
Request method:	POST
Request URI:	https://stellarburgers.nomoreparties.site/api/auth/login
Proxy:			<none>
Request params:	<none>
Query params:	<none>
Form params:	<none>
Path params:	<none>
Headers:		Accept=*/*
				Content-Type=application/json
Cookies:		<none>
Multiparts:		<none>
Body:
{
    "email": "PsfgjZBfpm@ya.ru",
    "password": "OTZTwJTCMb",
    "name": "RvvMtZbYqL"
}
Request method:	POST
Request URI:	https://stellarburgers.nomoreparties.site/api/auth/login
Proxy:			<none>
Request params:	<none>
Query params:	<none>
Form params:	<none>
Path params:	<none>
Headers:		Accept=*/*
				Content-Type=application/json
Cookies:		<none>
Multiparts:		<none>
Body:
{
    "email": "PsfgjZBfpm@ya.ru",
    "password": "OTZTwJTCMb",
    "name": "RvvMtZbYqL"
}
Request method:	POST
Request URI:	https://stellarburgers.nomoreparties.site/api/auth/login
Proxy:			<none>
Request params:	<none>
Query params:	<none>
Form params:	<none>
Path params:	<none>
Headers:		Accept=*/*
				Content-Type=application/json
Cookies:		<none>
Multiparts:		<none>
Body:
{
    "email": "PsfgjZBfpm@ya.ru",
    "password": "OTZTwJTCMb",
    "name": "RvvMtZbYqL"
}
Request method:	POST
Request URI:	https://stellarburgers.nomoreparties.site/api/auth/login
Proxy:			<none>
Request params:	<none>
Query params:	<none>
Form params:	<none>
Path params:	<none>
Headers:		Accept=*/*
				Content-Type=application/json
Cookies:		<none>
Multiparts:		<none>
Body:
{
    "email": "PsfgjZBfpm@ya.ru",
    "password": "OTZTwJTCMb",
    "name": "RvvMtZbYqL"
}
Request method:	POST
Request URI:	https://stellarburgers.nomoreparties.site/api/auth/login
Proxy:			<none>
Request params:	<none>
Query params:	<none>
Form params:	<none>
Path params:	<none>
Headers:		Accept=*/*
				Content-Type=application/json
Cookies:		<none>
Multiparts:		<none>
Body:
{
    "email": "PsfgjZBfpm@ya.ru",
    "password": "OTZTwJTCMb",
    "name": "RvvMtZbYqL"
}
Request method:	POST
Request URI:	https://stellarburgers.nomoreparties.site/api/auth/login
Proxy:			<none>
Request params:	<none>
Query params:	<none>
Form params:	<none>
Path params:	<none>
Headers:		Accept=*/*
				Content-Type=application/json
Cookies:		<none>
Multiparts:		<none>
Body:
{
    "email": "PsfgjZBfpm@ya.ru",
    "password": "OTZTwJTCMb",
    "name": "RvvMtZbYqL"
}
Request method:	POST
Request URI:	https://stellarburgers.nomoreparties.site/api/auth/login
Proxy:			<none>
Request params:	<none>
Query params:	<none>
Form params:	<none>
Path params:	<none>
Headers:		Accept=*/*
				Content-Type=application/json
Cookies:		<none>
Multiparts:		<none>
Body:
{
    "email": "PsfgjZBfpm@ya.ru",
    "password": "OTZTwJTCMb",
    "name": "RvvMtZbYqL"
}
Request method:	POST
Request URI:	https://stellarburgers.nomoreparties.site/api/auth/login
Proxy:			<none>
Request params:	<none>
Query params:	<none>
Form params:	<none>
Path params:	<none>
Headers:		Accept=*/*
				Content-Type=application/json
Cookies:		<none>
Multiparts:		<none>
Body:
{
    "email": "PsfgjZBfpm@ya.ru",
    "password": "OTZTwJTCMb",
    "name": "RvvMtZbYqL"
}
Request method:	POST
Request URI:	https://stellarburgers.nomoreparties.site/api/auth/login
Proxy:			<none>
Request params:	<none>
Query params:	<none>
Form params:	<none>
Path params:	<none>
Headers:		Accept=*/*
				Content-Type=application/json
Cookies:		<none>
Multiparts:		<none>
Body:
{
    "email": "PsfgjZBfpm@ya.ru",
    "password": "OTZTwJTCMb",
    "name": "RvvMtZbYqL"
}
Request method:	POST
Request URI:	https://stellarburgers.nomoreparties.site/api/auth/login
Proxy:			<none>
Request params:	<none>
Query params:	<none>
Form params:	<none>
Path params:	<none>
Headers:		Accept=*/*
				Content-Type=application/json
Cookies:		<none>
Multiparts:		<none>
Body:
{
    "email": "PsfgjZBfpm@ya.ru",
    "password": "OTZTwJTCMb",
    "name": "RvvMtZbYqL"
}
Request method:	POST
Request URI:	https://stellarburgers.nomoreparties.site/api/auth/login
Proxy:			<none>
Request params:	<none>
Query params:	<none>
Form params:	<none>
Path params:	<none>
Headers:		Accept=*/*
				Content-Type=application/json
Cookies:		<none>
Multiparts:		<none>
Body:
{
    "email": "PsfgjZBfpm@ya.ru",
    "password": "OTZTwJTCMb",
    "name": "RvvMtZbYqL"
}
Request method:	POST
Request URI:	https://stellarburgers.nomoreparties.site/api/auth/login
Proxy:			<none>
Request params:	<none>
Query params:	<none>
Form params:	<none>
Path params:	<none>
Headers:		Accept=*/*
				Content-Type=application/json
Cookies:		<none>
Multiparts:		<none>
Body:
{
    "email": "PsfgjZBfpm@ya.ru",
    "password": "OTZTwJTCMb",
    "name": "RvvMtZbYqL"
}
Request method:	POST
Request URI:	https://stellarburgers.nomoreparties.site/api/auth/login
Proxy:			<none>
Request params:	<none>
Query params:	<none>
Form params:	<none>
Path params:	<none>
Headers:		Accept=*/*
				Content-Type=application/json
Cookies:		<none>
Multiparts:		<none>
Body:
{
    "email": "PsfgjZBfpm@ya.ru",
    "password": "OTZTwJTCMb",
    "name": "RvvMtZbYqL"
}
Request method:	POST
Request URI:	https://stellarburgers.nomoreparties.site/api/auth/login
Proxy:			<none>
Request params:	<none>
Query params:	<none>
Form params:	<none>
Path params:	<none>
Headers:		Accept=*/*
				Content-Type=application/json
Cookies:		<none>
Multiparts:		<none>
Body:
{
    "email": "PsfgjZBfpm@ya.ru",
    "password": "OTZTwJTCMb",
    "name": "RvvMtZbYqL"
}
Request method:	POST
Request URI:	https://stellarburgers.nomoreparties.site/api/auth/login
Proxy:			<none>
Request params:	<none>
Query params:	<none>
Form params:	<none>
Path params:	<none>
Headers:		Accept=*/*
				Content-Type=application/json
Cookies:		<none>
Multiparts:		<none>
Body:
{
    "email": "PsfgjZBfpm@ya.ru",
    "password": "OTZTwJTCMb",
    "name": "RvvMtZbYqL"
}
Request method:	POST
Request URI:	https://stellarburgers.nomoreparties.site/api/auth/login
Proxy:			<none>
Request params:	<none>
Query params:	<none>
Form params:	<none>
Path params:	<none>
Headers:		Accept=*/*
				Content-Type=application/json
Cookies:		<none>
Multiparts:		<none>
Body:
{
    "email": "PsfgjZBfpm@ya.ru",
    "password": "OTZTwJTCMb",
    "name": "RvvMtZbYqL"
}
Request method:	POST
Request URI:	https://stellarburgers.nomoreparties.site/api/auth/login
Proxy:			<none>
Request params:	<none>
Query params:	<none>
Form params:	<none>
Path params:	<none>
Headers:		Accept=*/*
				Content-Type=application/json
Cookies:		<none>
Multiparts:		<none>
Body:
{
    "email": "PsfgjZBfpm@ya.ru",
    "password": "OTZTwJTCMb",
    "name": "RvvMtZbYqL"
}
Request method:	POST
Request URI:	https://stellarburgers.nomoreparties.site/api/auth/login
Proxy:			<none>
Request params:	<none>
Query params:	<none>
Form params:	<none>
Path params:	<none>
Headers:		Accept=*/*
				Content-Type=application/json
Cookies:		<none>
Multiparts:		<none>
Body:
{
    "email": "PsfgjZBfpm@ya.ru",
    "password": "OTZTwJTCMb",
    "name": "RvvMtZbYqL"
}
Request method:	POST
Request URI:	https://stellarburgers.nomoreparties.site/api/auth/login
Proxy:			<none>
Request params:	<none>
Query params:	<none>
Form params:	<none>
Path params:	<none>
Headers:		Accept=*/*
				Content-Type=application/json
Cookies:		<none>
Multiparts:		<none>
Body:
{
    "email": "PsfgjZBfpm@ya.ru",
    "password": "OTZTwJTCMb",
    "name": "RvvMtZbYqL"
}
Request method:	POST
Request URI:	https://stellarburgers.nomoreparties.site/api/auth/login
Proxy:			<none>
Request params:	<none>
Query params:	<none>
Form params:	<none>
Path params:	<none>
Headers:		Accept=*/*
				Content-Type=application/json
Cookies:		<none>
Multiparts:		<none>
Body:
{
    "email": "PsfgjZBfpm@ya.ru",
    "password": "OTZTwJTCMb",
    "name": "RvvMtZbYqL"
}
Request method:	POST
Request URI:	https://stellarburgers.nomoreparties.site/api/auth/login
Proxy:			<none>
Request params:	<none>
Query params:	<none>
Form params:	<none>
Path params:	<none>
Headers:		Accept=*/*
				Content-Type=application/json
Cookies:		<none>
Multiparts:		<none>
Body:
{
    "email": "PsfgjZBfpm@ya.ru",
    "password": "OTZTwJTCMb",
    "name": "RvvMtZbYqL"
}
Request method:	POST
Request URI:	https://stellarburgers.nomoreparties.site/api/auth/login
Proxy:			<none>
Request params:	<none>
Query params:	<none>
Form params:	<none>
Path params:	<none>
Headers:		Accept=*/*
				Content-Type=application/json
Cookies:		<none>
Multiparts:		<none>
Body:
{
    "email": "PsfgjZBfpm@ya.ru",
    "password": "OTZTwJTCMb",
    "name": "RvvMtZbYqL"
}
HTTP/1.1 200 OK
Date: Sun, 30 Jun 2024 15:27:55 GMT
Content-Type: application/json; charset=utf-8
Transfer-Encoding: chunked
Connection: keep-alive
X-Powered-By: Express
Access-Control-Allow-Origin: *
ETag: W/"16d-RI/91BdRup9w6JUlAA6omKWuuuE"
CF-Cache-Status: DYNAMIC
Report-To: {"endpoints":[{"url":"https:\/\/a.nel.cloudflare.com\/report\/v4?s=VxU9Vbrgd69q27RyNMyGyiUUmZsgcwQPtIcm%2B45ZJwsejIxdaarh8bEfTfP1PGrdGBCRg5YzoL0Li5fBPxT1ZEHTMAegPpSfnWj4zJLggks5Mbs5WxKEXyer0o7sPHqEpOW8q2CCD7pI4cgq7htvOnobQCo%3D"}],"group":"cf-nel","max_age":604800}
NEL: {"success_fraction":0,"report_to":"cf-nel","max_age":604800}
Server: cloudflare
CF-RAY: 89bf2ee2ab44a878-RIX
Content-Encoding: gzip
alt-svc: h3=":443"; ma=86400

{
    "success": true,
    "accessToken": "Bearer eyJhbGciOiJIUzI1NiIsInR5cCI6IkpXVCJ9.eyJpZCI6IjY2ODE3OTdhOWVkMjgwMDAxYjQ1OTYyNiIsImlhdCI6MTcxOTc2MTI3NSwiZXhwIjoxNzE5NzYyNDc1fQ.zTI5dCfxyVVIEgZCV8RSo2O0LXNNeZMaeETzNeulKow",
    "refreshToken": "e21998cd469694cbe05d363b55320357ebf758710aca01744bfb34cb163b642924c1c78507e90e38",
    "user": {
        "email": "psfgjzbfpm@ya.ru",
        "name": "RvvMtZbYqL"
    }
}
HTTP/1.1 200 OK
Date: Sun, 30 Jun 2024 15:27:55 GMT
Content-Type: application/json; charset=utf-8
Transfer-Encoding: chunked
Connection: keep-alive
X-Powered-By: Express
Access-Control-Allow-Origin: *
ETag: W/"16d-RI/91BdRup9w6JUlAA6omKWuuuE"
CF-Cache-Status: DYNAMIC
Report-To: {"endpoints":[{"url":"https:\/\/a.nel.cloudflare.com\/report\/v4?s=VxU9Vbrgd69q27RyNMyGyiUUmZsgcwQPtIcm%2B45ZJwsejIxdaarh8bEfTfP1PGrdGBCRg5YzoL0Li5fBPxT1ZEHTMAegPpSfnWj4zJLggks5Mbs5WxKEXyer0o7sPHqEpOW8q2CCD7pI4cgq7htvOnobQCo%3D"}],"group":"cf-nel","max_age":604800}
NEL: {"success_fraction":0,"report_to":"cf-nel","max_age":604800}
Server: cloudflare
CF-RAY: 89bf2ee2ab44a878-RIX
Content-Encoding: gzip
alt-svc: h3=":443"; ma=86400

{
    "success": true,
    "accessToken": "Bearer eyJhbGciOiJIUzI1NiIsInR5cCI6IkpXVCJ9.eyJpZCI6IjY2ODE3OTdhOWVkMjgwMDAxYjQ1OTYyNiIsImlhdCI6MTcxOTc2MTI3NSwiZXhwIjoxNzE5NzYyNDc1fQ.zTI5dCfxyVVIEgZCV8RSo2O0LXNNeZMaeETzNeulKow",
    "refreshToken": "e21998cd469694cbe05d363b55320357ebf758710aca01744bfb34cb163b642924c1c78507e90e38",
    "user": {
        "email": "psfgjzbfpm@ya.ru",
        "name": "RvvMtZbYqL"
    }
}
HTTP/1.1 200 OK
Date: Sun, 30 Jun 2024 15:27:55 GMT
Content-Type: application/json; charset=utf-8
Transfer-Encoding: chunked
Connection: keep-alive
X-Powered-By: Express
Access-Control-Allow-Origin: *
ETag: W/"16d-RI/91BdRup9w6JUlAA6omKWuuuE"
CF-Cache-Status: DYNAMIC
Report-To: {"endpoints":[{"url":"https:\/\/a.nel.cloudflare.com\/report\/v4?s=VxU9Vbrgd69q27RyNMyGyiUUmZsgcwQPtIcm%2B45ZJwsejIxdaarh8bEfTfP1PGrdGBCRg5YzoL0Li5fBPxT1ZEHTMAegPpSfnWj4zJLggks5Mbs5WxKEXyer0o7sPHqEpOW8q2CCD7pI4cgq7htvOnobQCo%3D"}],"group":"cf-nel","max_age":604800}
NEL: {"success_fraction":0,"report_to":"cf-nel","max_age":604800}
Server: cloudflare
CF-RAY: 89bf2ee2ab44a878-RIX
Content-Encoding: gzip
alt-svc: h3=":443"; ma=86400

{
    "success": true,
    "accessToken": "Bearer eyJhbGciOiJIUzI1NiIsInR5cCI6IkpXVCJ9.eyJpZCI6IjY2ODE3OTdhOWVkMjgwMDAxYjQ1OTYyNiIsImlhdCI6MTcxOTc2MTI3NSwiZXhwIjoxNzE5NzYyNDc1fQ.zTI5dCfxyVVIEgZCV8RSo2O0LXNNeZMaeETzNeulKow",
    "refreshToken": "e21998cd469694cbe05d363b55320357ebf758710aca01744bfb34cb163b642924c1c78507e90e38",
    "user": {
        "email": "psfgjzbfpm@ya.ru",
        "name": "RvvMtZbYqL"
    }
}
HTTP/1.1 200 OK
Date: Sun, 30 Jun 2024 15:27:55 GMT
Content-Type: application/json; charset=utf-8
Transfer-Encoding: chunked
Connection: keep-alive
X-Powered-By: Express
Access-Control-Allow-Origin: *
ETag: W/"16d-RI/91BdRup9w6JUlAA6omKWuuuE"
CF-Cache-Status: DYNAMIC
Report-To: {"endpoints":[{"url":"https:\/\/a.nel.cloudflare.com\/report\/v4?s=VxU9Vbrgd69q27RyNMyGyiUUmZsgcwQPtIcm%2B45ZJwsejIxdaarh8bEfTfP1PGrdGBCRg5YzoL0Li5fBPxT1ZEHTMAegPpSfnWj4zJLggks5Mbs5WxKEXyer0o7sPHqEpOW8q2CCD7pI4cgq7htvOnobQCo%3D"}],"group":"cf-nel","max_age":604800}
NEL: {"success_fraction":0,"report_to":"cf-nel","max_age":604800}
Server: cloudflare
CF-RAY: 89bf2ee2ab44a878-RIX
Content-Encoding: gzip
alt-svc: h3=":443"; ma=86400

{
    "success": true,
    "accessToken": "Bearer eyJhbGciOiJIUzI1NiIsInR5cCI6IkpXVCJ9.eyJpZCI6IjY2ODE3OTdhOWVkMjgwMDAxYjQ1OTYyNiIsImlhdCI6MTcxOTc2MTI3NSwiZXhwIjoxNzE5NzYyNDc1fQ.zTI5dCfxyVVIEgZCV8RSo2O0LXNNeZMaeETzNeulKow",
    "refreshToken": "e21998cd469694cbe05d363b55320357ebf758710aca01744bfb34cb163b642924c1c78507e90e38",
    "user": {
        "email": "psfgjzbfpm@ya.ru",
        "name": "RvvMtZbYqL"
    }
}
HTTP/1.1 200 OK
Date: Sun, 30 Jun 2024 15:27:55 GMT
Content-Type: application/json; charset=utf-8
Transfer-Encoding: chunked
Connection: keep-alive
X-Powered-By: Express
Access-Control-Allow-Origin: *
ETag: W/"16d-RI/91BdRup9w6JUlAA6omKWuuuE"
CF-Cache-Status: DYNAMIC
Report-To: {"endpoints":[{"url":"https:\/\/a.nel.cloudflare.com\/report\/v4?s=VxU9Vbrgd69q27RyNMyGyiUUmZsgcwQPtIcm%2B45ZJwsejIxdaarh8bEfTfP1PGrdGBCRg5YzoL0Li5fBPxT1ZEHTMAegPpSfnWj4zJLggks5Mbs5WxKEXyer0o7sPHqEpOW8q2CCD7pI4cgq7htvOnobQCo%3D"}],"group":"cf-nel","max_age":604800}
NEL: {"success_fraction":0,"report_to":"cf-nel","max_age":604800}
Server: cloudflare
CF-RAY: 89bf2ee2ab44a878-RIX
Content-Encoding: gzip
alt-svc: h3=":443"; ma=86400

{
    "success": true,
    "accessToken": "Bearer eyJhbGciOiJIUzI1NiIsInR5cCI6IkpXVCJ9.eyJpZCI6IjY2ODE3OTdhOWVkMjgwMDAxYjQ1OTYyNiIsImlhdCI6MTcxOTc2MTI3NSwiZXhwIjoxNzE5NzYyNDc1fQ.zTI5dCfxyVVIEgZCV8RSo2O0LXNNeZMaeETzNeulKow",
    "refreshToken": "e21998cd469694cbe05d363b55320357ebf758710aca01744bfb34cb163b642924c1c78507e90e38",
    "user": {
        "email": "psfgjzbfpm@ya.ru",
        "name": "RvvMtZbYqL"
    }
}
HTTP/1.1 200 OK
Date: Sun, 30 Jun 2024 15:27:55 GMT
Content-Type: application/json; charset=utf-8
Transfer-Encoding: chunked
Connection: keep-alive
X-Powered-By: Express
Access-Control-Allow-Origin: *
ETag: W/"16d-RI/91BdRup9w6JUlAA6omKWuuuE"
CF-Cache-Status: DYNAMIC
Report-To: {"endpoints":[{"url":"https:\/\/a.nel.cloudflare.com\/report\/v4?s=VxU9Vbrgd69q27RyNMyGyiUUmZsgcwQPtIcm%2B45ZJwsejIxdaarh8bEfTfP1PGrdGBCRg5YzoL0Li5fBPxT1ZEHTMAegPpSfnWj4zJLggks5Mbs5WxKEXyer0o7sPHqEpOW8q2CCD7pI4cgq7htvOnobQCo%3D"}],"group":"cf-nel","max_age":604800}
NEL: {"success_fraction":0,"report_to":"cf-nel","max_age":604800}
Server: cloudflare
CF-RAY: 89bf2ee2ab44a878-RIX
Content-Encoding: gzip
alt-svc: h3=":443"; ma=86400

{
    "success": true,
    "accessToken": "Bearer eyJhbGciOiJIUzI1NiIsInR5cCI6IkpXVCJ9.eyJpZCI6IjY2ODE3OTdhOWVkMjgwMDAxYjQ1OTYyNiIsImlhdCI6MTcxOTc2MTI3NSwiZXhwIjoxNzE5NzYyNDc1fQ.zTI5dCfxyVVIEgZCV8RSo2O0LXNNeZMaeETzNeulKow",
    "refreshToken": "e21998cd469694cbe05d363b55320357ebf758710aca01744bfb34cb163b642924c1c78507e90e38",
    "user": {
        "email": "psfgjzbfpm@ya.ru",
        "name": "RvvMtZbYqL"
    }
}
HTTP/1.1 200 OK
Date: Sun, 30 Jun 2024 15:27:55 GMT
Content-Type: application/json; charset=utf-8
Transfer-Encoding: chunked
Connection: keep-alive
X-Powered-By: Express
Access-Control-Allow-Origin: *
ETag: W/"16d-RI/91BdRup9w6JUlAA6omKWuuuE"
CF-Cache-Status: DYNAMIC
Report-To: {"endpoints":[{"url":"https:\/\/a.nel.cloudflare.com\/report\/v4?s=VxU9Vbrgd69q27RyNMyGyiUUmZsgcwQPtIcm%2B45ZJwsejIxdaarh8bEfTfP1PGrdGBCRg5YzoL0Li5fBPxT1ZEHTMAegPpSfnWj4zJLggks5Mbs5WxKEXyer0o7sPHqEpOW8q2CCD7pI4cgq7htvOnobQCo%3D"}],"group":"cf-nel","max_age":604800}
NEL: {"success_fraction":0,"report_to":"cf-nel","max_age":604800}
Server: cloudflare
CF-RAY: 89bf2ee2ab44a878-RIX
Content-Encoding: gzip
alt-svc: h3=":443"; ma=86400

{
    "success": true,
    "accessToken": "Bearer eyJhbGciOiJIUzI1NiIsInR5cCI6IkpXVCJ9.eyJpZCI6IjY2ODE3OTdhOWVkMjgwMDAxYjQ1OTYyNiIsImlhdCI6MTcxOTc2MTI3NSwiZXhwIjoxNzE5NzYyNDc1fQ.zTI5dCfxyVVIEgZCV8RSo2O0LXNNeZMaeETzNeulKow",
    "refreshToken": "e21998cd469694cbe05d363b55320357ebf758710aca01744bfb34cb163b642924c1c78507e90e38",
    "user": {
        "email": "psfgjzbfpm@ya.ru",
        "name": "RvvMtZbYqL"
    }
}
HTTP/1.1 200 OK
Date: Sun, 30 Jun 2024 15:27:55 GMT
Content-Type: application/json; charset=utf-8
Transfer-Encoding: chunked
Connection: keep-alive
X-Powered-By: Express
Access-Control-Allow-Origin: *
ETag: W/"16d-RI/91BdRup9w6JUlAA6omKWuuuE"
CF-Cache-Status: DYNAMIC
Report-To: {"endpoints":[{"url":"https:\/\/a.nel.cloudflare.com\/report\/v4?s=VxU9Vbrgd69q27RyNMyGyiUUmZsgcwQPtIcm%2B45ZJwsejIxdaarh8bEfTfP1PGrdGBCRg5YzoL0Li5fBPxT1ZEHTMAegPpSfnWj4zJLggks5Mbs5WxKEXyer0o7sPHqEpOW8q2CCD7pI4cgq7htvOnobQCo%3D"}],"group":"cf-nel","max_age":604800}
NEL: {"success_fraction":0,"report_to":"cf-nel","max_age":604800}
Server: cloudflare
CF-RAY: 89bf2ee2ab44a878-RIX
Content-Encoding: gzip
alt-svc: h3=":443"; ma=86400

{
    "success": true,
    "accessToken": "Bearer eyJhbGciOiJIUzI1NiIsInR5cCI6IkpXVCJ9.eyJpZCI6IjY2ODE3OTdhOWVkMjgwMDAxYjQ1OTYyNiIsImlhdCI6MTcxOTc2MTI3NSwiZXhwIjoxNzE5NzYyNDc1fQ.zTI5dCfxyVVIEgZCV8RSo2O0LXNNeZMaeETzNeulKow",
    "refreshToken": "e21998cd469694cbe05d363b55320357ebf758710aca01744bfb34cb163b642924c1c78507e90e38",
    "user": {
        "email": "psfgjzbfpm@ya.ru",
        "name": "RvvMtZbYqL"
    }
}
HTTP/1.1 200 OK
Date: Sun, 30 Jun 2024 15:27:55 GMT
Content-Type: application/json; charset=utf-8
Transfer-Encoding: chunked
Connection: keep-alive
X-Powered-By: Express
Access-Control-Allow-Origin: *
ETag: W/"16d-RI/91BdRup9w6JUlAA6omKWuuuE"
CF-Cache-Status: DYNAMIC
Report-To: {"endpoints":[{"url":"https:\/\/a.nel.cloudflare.com\/report\/v4?s=VxU9Vbrgd69q27RyNMyGyiUUmZsgcwQPtIcm%2B45ZJwsejIxdaarh8bEfTfP1PGrdGBCRg5YzoL0Li5fBPxT1ZEHTMAegPpSfnWj4zJLggks5Mbs5WxKEXyer0o7sPHqEpOW8q2CCD7pI4cgq7htvOnobQCo%3D"}],"group":"cf-nel","max_age":604800}
NEL: {"success_fraction":0,"report_to":"cf-nel","max_age":604800}
Server: cloudflare
CF-RAY: 89bf2ee2ab44a878-RIX
Content-Encoding: gzip
alt-svc: h3=":443"; ma=86400

{
    "success": true,
    "accessToken": "Bearer eyJhbGciOiJIUzI1NiIsInR5cCI6IkpXVCJ9.eyJpZCI6IjY2ODE3OTdhOWVkMjgwMDAxYjQ1OTYyNiIsImlhdCI6MTcxOTc2MTI3NSwiZXhwIjoxNzE5NzYyNDc1fQ.zTI5dCfxyVVIEgZCV8RSo2O0LXNNeZMaeETzNeulKow",
    "refreshToken": "e21998cd469694cbe05d363b55320357ebf758710aca01744bfb34cb163b642924c1c78507e90e38",
    "user": {
        "email": "psfgjzbfpm@ya.ru",
        "name": "RvvMtZbYqL"
    }
}
HTTP/1.1 200 OK
Date: Sun, 30 Jun 2024 15:27:55 GMT
Content-Type: application/json; charset=utf-8
Transfer-Encoding: chunked
Connection: keep-alive
X-Powered-By: Express
Access-Control-Allow-Origin: *
ETag: W/"16d-RI/91BdRup9w6JUlAA6omKWuuuE"
CF-Cache-Status: DYNAMIC
Report-To: {"endpoints":[{"url":"https:\/\/a.nel.cloudflare.com\/report\/v4?s=VxU9Vbrgd69q27RyNMyGyiUUmZsgcwQPtIcm%2B45ZJwsejIxdaarh8bEfTfP1PGrdGBCRg5YzoL0Li5fBPxT1ZEHTMAegPpSfnWj4zJLggks5Mbs5WxKEXyer0o7sPHqEpOW8q2CCD7pI4cgq7htvOnobQCo%3D"}],"group":"cf-nel","max_age":604800}
NEL: {"success_fraction":0,"report_to":"cf-nel","max_age":604800}
Server: cloudflare
CF-RAY: 89bf2ee2ab44a878-RIX
Content-Encoding: gzip
alt-svc: h3=":443"; ma=86400

{
    "success": true,
    "accessToken": "Bearer eyJhbGciOiJIUzI1NiIsInR5cCI6IkpXVCJ9.eyJpZCI6IjY2ODE3OTdhOWVkMjgwMDAxYjQ1OTYyNiIsImlhdCI6MTcxOTc2MTI3NSwiZXhwIjoxNzE5NzYyNDc1fQ.zTI5dCfxyVVIEgZCV8RSo2O0LXNNeZMaeETzNeulKow",
    "refreshToken": "e21998cd469694cbe05d363b55320357ebf758710aca01744bfb34cb163b642924c1c78507e90e38",
    "user": {
        "email": "psfgjzbfpm@ya.ru",
        "name": "RvvMtZbYqL"
    }
}
HTTP/1.1 200 OK
Date: Sun, 30 Jun 2024 15:27:55 GMT
Content-Type: application/json; charset=utf-8
Transfer-Encoding: chunked
Connection: keep-alive
X-Powered-By: Express
Access-Control-Allow-Origin: *
ETag: W/"16d-RI/91BdRup9w6JUlAA6omKWuuuE"
CF-Cache-Status: DYNAMIC
Report-To: {"endpoints":[{"url":"https:\/\/a.nel.cloudflare.com\/report\/v4?s=VxU9Vbrgd69q27RyNMyGyiUUmZsgcwQPtIcm%2B45ZJwsejIxdaarh8bEfTfP1PGrdGBCRg5YzoL0Li5fBPxT1ZEHTMAegPpSfnWj4zJLggks5Mbs5WxKEXyer0o7sPHqEpOW8q2CCD7pI4cgq7htvOnobQCo%3D"}],"group":"cf-nel","max_age":604800}
NEL: {"success_fraction":0,"report_to":"cf-nel","max_age":604800}
Server: cloudflare
CF-RAY: 89bf2ee2ab44a878-RIX
Content-Encoding: gzip
alt-svc: h3=":443"; ma=86400

{
    "success": true,
    "accessToken": "Bearer eyJhbGciOiJIUzI1NiIsInR5cCI6IkpXVCJ9.eyJpZCI6IjY2ODE3OTdhOWVkMjgwMDAxYjQ1OTYyNiIsImlhdCI6MTcxOTc2MTI3NSwiZXhwIjoxNzE5NzYyNDc1fQ.zTI5dCfxyVVIEgZCV8RSo2O0LXNNeZMaeETzNeulKow",
    "refreshToken": "e21998cd469694cbe05d363b55320357ebf758710aca01744bfb34cb163b642924c1c78507e90e38",
    "user": {
        "email": "psfgjzbfpm@ya.ru",
        "name": "RvvMtZbYqL"
    }
}
HTTP/1.1 200 OK
Date: Sun, 30 Jun 2024 15:27:55 GMT
Content-Type: application/json; charset=utf-8
Transfer-Encoding: chunked
Connection: keep-alive
X-Powered-By: Express
Access-Control-Allow-Origin: *
ETag: W/"16d-RI/91BdRup9w6JUlAA6omKWuuuE"
CF-Cache-Status: DYNAMIC
Report-To: {"endpoints":[{"url":"https:\/\/a.nel.cloudflare.com\/report\/v4?s=VxU9Vbrgd69q27RyNMyGyiUUmZsgcwQPtIcm%2B45ZJwsejIxdaarh8bEfTfP1PGrdGBCRg5YzoL0Li5fBPxT1ZEHTMAegPpSfnWj4zJLggks5Mbs5WxKEXyer0o7sPHqEpOW8q2CCD7pI4cgq7htvOnobQCo%3D"}],"group":"cf-nel","max_age":604800}
NEL: {"success_fraction":0,"report_to":"cf-nel","max_age":604800}
Server: cloudflare
CF-RAY: 89bf2ee2ab44a878-RIX
Content-Encoding: gzip
alt-svc: h3=":443"; ma=86400

{
    "success": true,
    "accessToken": "Bearer eyJhbGciOiJIUzI1NiIsInR5cCI6IkpXVCJ9.eyJpZCI6IjY2ODE3OTdhOWVkMjgwMDAxYjQ1OTYyNiIsImlhdCI6MTcxOTc2MTI3NSwiZXhwIjoxNzE5NzYyNDc1fQ.zTI5dCfxyVVIEgZCV8RSo2O0LXNNeZMaeETzNeulKow",
    "refreshToken": "e21998cd469694cbe05d363b55320357ebf758710aca01744bfb34cb163b642924c1c78507e90e38",
    "user": {
        "email": "psfgjzbfpm@ya.ru",
        "name": "RvvMtZbYqL"
    }
}
HTTP/1.1 200 OK
Date: Sun, 30 Jun 2024 15:27:55 GMT
Content-Type: application/json; charset=utf-8
Transfer-Encoding: chunked
Connection: keep-alive
X-Powered-By: Express
Access-Control-Allow-Origin: *
ETag: W/"16d-RI/91BdRup9w6JUlAA6omKWuuuE"
CF-Cache-Status: DYNAMIC
Report-To: {"endpoints":[{"url":"https:\/\/a.nel.cloudflare.com\/report\/v4?s=VxU9Vbrgd69q27RyNMyGyiUUmZsgcwQPtIcm%2B45ZJwsejIxdaarh8bEfTfP1PGrdGBCRg5YzoL0Li5fBPxT1ZEHTMAegPpSfnWj4zJLggks5Mbs5WxKEXyer0o7sPHqEpOW8q2CCD7pI4cgq7htvOnobQCo%3D"}],"group":"cf-nel","max_age":604800}
NEL: {"success_fraction":0,"report_to":"cf-nel","max_age":604800}
Server: cloudflare
CF-RAY: 89bf2ee2ab44a878-RIX
Content-Encoding: gzip
alt-svc: h3=":443"; ma=86400

{
    "success": true,
    "accessToken": "Bearer eyJhbGciOiJIUzI1NiIsInR5cCI6IkpXVCJ9.eyJpZCI6IjY2ODE3OTdhOWVkMjgwMDAxYjQ1OTYyNiIsImlhdCI6MTcxOTc2MTI3NSwiZXhwIjoxNzE5NzYyNDc1fQ.zTI5dCfxyVVIEgZCV8RSo2O0LXNNeZMaeETzNeulKow",
    "refreshToken": "e21998cd469694cbe05d363b55320357ebf758710aca01744bfb34cb163b642924c1c78507e90e38",
    "user": {
        "email": "psfgjzbfpm@ya.ru",
        "name": "RvvMtZbYqL"
    }
}
HTTP/1.1 200 OK
Date: Sun, 30 Jun 2024 15:27:55 GMT
Content-Type: application/json; charset=utf-8
Transfer-Encoding: chunked
Connection: keep-alive
X-Powered-By: Express
Access-Control-Allow-Origin: *
ETag: W/"16d-RI/91BdRup9w6JUlAA6omKWuuuE"
CF-Cache-Status: DYNAMIC
Report-To: {"endpoints":[{"url":"https:\/\/a.nel.cloudflare.com\/report\/v4?s=VxU9Vbrgd69q27RyNMyGyiUUmZsgcwQPtIcm%2B45ZJwsejIxdaarh8bEfTfP1PGrdGBCRg5YzoL0Li5fBPxT1ZEHTMAegPpSfnWj4zJLggks5Mbs5WxKEXyer0o7sPHqEpOW8q2CCD7pI4cgq7htvOnobQCo%3D"}],"group":"cf-nel","max_age":604800}
NEL: {"success_fraction":0,"report_to":"cf-nel","max_age":604800}
Server: cloudflare
CF-RAY: 89bf2ee2ab44a878-RIX
Content-Encoding: gzip
alt-svc: h3=":443"; ma=86400

{
    "success": true,
    "accessToken": "Bearer eyJhbGciOiJIUzI1NiIsInR5cCI6IkpXVCJ9.eyJpZCI6IjY2ODE3OTdhOWVkMjgwMDAxYjQ1OTYyNiIsImlhdCI6MTcxOTc2MTI3NSwiZXhwIjoxNzE5NzYyNDc1fQ.zTI5dCfxyVVIEgZCV8RSo2O0LXNNeZMaeETzNeulKow",
    "refreshToken": "e21998cd469694cbe05d363b55320357ebf758710aca01744bfb34cb163b642924c1c78507e90e38",
    "user": {
        "email": "psfgjzbfpm@ya.ru",
        "name": "RvvMtZbYqL"
    }
}
HTTP/1.1 200 OK
Date: Sun, 30 Jun 2024 15:27:55 GMT
Content-Type: application/json; charset=utf-8
Transfer-Encoding: chunked
Connection: keep-alive
X-Powered-By: Express
Access-Control-Allow-Origin: *
ETag: W/"16d-RI/91BdRup9w6JUlAA6omKWuuuE"
CF-Cache-Status: DYNAMIC
Report-To: {"endpoints":[{"url":"https:\/\/a.nel.cloudflare.com\/report\/v4?s=VxU9Vbrgd69q27RyNMyGyiUUmZsgcwQPtIcm%2B45ZJwsejIxdaarh8bEfTfP1PGrdGBCRg5YzoL0Li5fBPxT1ZEHTMAegPpSfnWj4zJLggks5Mbs5WxKEXyer0o7sPHqEpOW8q2CCD7pI4cgq7htvOnobQCo%3D"}],"group":"cf-nel","max_age":604800}
NEL: {"success_fraction":0,"report_to":"cf-nel","max_age":604800}
Server: cloudflare
CF-RAY: 89bf2ee2ab44a878-RIX
Content-Encoding: gzip
alt-svc: h3=":443"; ma=86400

{
    "success": true,
    "accessToken": "Bearer eyJhbGciOiJIUzI1NiIsInR5cCI6IkpXVCJ9.eyJpZCI6IjY2ODE3OTdhOWVkMjgwMDAxYjQ1OTYyNiIsImlhdCI6MTcxOTc2MTI3NSwiZXhwIjoxNzE5NzYyNDc1fQ.zTI5dCfxyVVIEgZCV8RSo2O0LXNNeZMaeETzNeulKow",
    "refreshToken": "e21998cd469694cbe05d363b55320357ebf758710aca01744bfb34cb163b642924c1c78507e90e38",
    "user": {
        "email": "psfgjzbfpm@ya.ru",
        "name": "RvvMtZbYqL"
    }
}
HTTP/1.1 200 OK
Date: Sun, 30 Jun 2024 15:27:55 GMT
Content-Type: application/json; charset=utf-8
Transfer-Encoding: chunked
Connection: keep-alive
X-Powered-By: Express
Access-Control-Allow-Origin: *
ETag: W/"16d-RI/91BdRup9w6JUlAA6omKWuuuE"
CF-Cache-Status: DYNAMIC
Report-To: {"endpoints":[{"url":"https:\/\/a.nel.cloudflare.com\/report\/v4?s=VxU9Vbrgd69q27RyNMyGyiUUmZsgcwQPtIcm%2B45ZJwsejIxdaarh8bEfTfP1PGrdGBCRg5YzoL0Li5fBPxT1ZEHTMAegPpSfnWj4zJLggks5Mbs5WxKEXyer0o7sPHqEpOW8q2CCD7pI4cgq7htvOnobQCo%3D"}],"group":"cf-nel","max_age":604800}
NEL: {"success_fraction":0,"report_to":"cf-nel","max_age":604800}
Server: cloudflare
CF-RAY: 89bf2ee2ab44a878-RIX
Content-Encoding: gzip
alt-svc: h3=":443"; ma=86400

{
    "success": true,
    "accessToken": "Bearer eyJhbGciOiJIUzI1NiIsInR5cCI6IkpXVCJ9.eyJpZCI6IjY2ODE3OTdhOWVkMjgwMDAxYjQ1OTYyNiIsImlhdCI6MTcxOTc2MTI3NSwiZXhwIjoxNzE5NzYyNDc1fQ.zTI5dCfxyVVIEgZCV8RSo2O0LXNNeZMaeETzNeulKow",
    "refreshToken": "e21998cd469694cbe05d363b55320357ebf758710aca01744bfb34cb163b642924c1c78507e90e38",
    "user": {
        "email": "psfgjzbfpm@ya.ru",
        "name": "RvvMtZbYqL"
    }
}
HTTP/1.1 200 OK
Date: Sun, 30 Jun 2024 15:27:55 GMT
Content-Type: application/json; charset=utf-8
Transfer-Encoding: chunked
Connection: keep-alive
X-Powered-By: Express
Access-Control-Allow-Origin: *
ETag: W/"16d-RI/91BdRup9w6JUlAA6omKWuuuE"
CF-Cache-Status: DYNAMIC
Report-To: {"endpoints":[{"url":"https:\/\/a.nel.cloudflare.com\/report\/v4?s=VxU9Vbrgd69q27RyNMyGyiUUmZsgcwQPtIcm%2B45ZJwsejIxdaarh8bEfTfP1PGrdGBCRg5YzoL0Li5fBPxT1ZEHTMAegPpSfnWj4zJLggks5Mbs5WxKEXyer0o7sPHqEpOW8q2CCD7pI4cgq7htvOnobQCo%3D"}],"group":"cf-nel","max_age":604800}
NEL: {"success_fraction":0,"report_to":"cf-nel","max_age":604800}
Server: cloudflare
CF-RAY: 89bf2ee2ab44a878-RIX
Content-Encoding: gzip
alt-svc: h3=":443"; ma=86400

{
    "success": true,
    "accessToken": "Bearer eyJhbGciOiJIUzI1NiIsInR5cCI6IkpXVCJ9.eyJpZCI6IjY2ODE3OTdhOWVkMjgwMDAxYjQ1OTYyNiIsImlhdCI6MTcxOTc2MTI3NSwiZXhwIjoxNzE5NzYyNDc1fQ.zTI5dCfxyVVIEgZCV8RSo2O0LXNNeZMaeETzNeulKow",
    "refreshToken": "e21998cd469694cbe05d363b55320357ebf758710aca01744bfb34cb163b642924c1c78507e90e38",
    "user": {
        "email": "psfgjzbfpm@ya.ru",
        "name": "RvvMtZbYqL"
    }
}
HTTP/1.1 200 OK
Date: Sun, 30 Jun 2024 15:27:55 GMT
Content-Type: application/json; charset=utf-8
Transfer-Encoding: chunked
Connection: keep-alive
X-Powered-By: Express
Access-Control-Allow-Origin: *
ETag: W/"16d-RI/91BdRup9w6JUlAA6omKWuuuE"
CF-Cache-Status: DYNAMIC
Report-To: {"endpoints":[{"url":"https:\/\/a.nel.cloudflare.com\/report\/v4?s=VxU9Vbrgd69q27RyNMyGyiUUmZsgcwQPtIcm%2B45ZJwsejIxdaarh8bEfTfP1PGrdGBCRg5YzoL0Li5fBPxT1ZEHTMAegPpSfnWj4zJLggks5Mbs5WxKEXyer0o7sPHqEpOW8q2CCD7pI4cgq7htvOnobQCo%3D"}],"group":"cf-nel","max_age":604800}
NEL: {"success_fraction":0,"report_to":"cf-nel","max_age":604800}
Server: cloudflare
CF-RAY: 89bf2ee2ab44a878-RIX
Content-Encoding: gzip
alt-svc: h3=":443"; ma=86400

{
    "success": true,
    "accessToken": "Bearer eyJhbGciOiJIUzI1NiIsInR5cCI6IkpXVCJ9.eyJpZCI6IjY2ODE3OTdhOWVkMjgwMDAxYjQ1OTYyNiIsImlhdCI6MTcxOTc2MTI3NSwiZXhwIjoxNzE5NzYyNDc1fQ.zTI5dCfxyVVIEgZCV8RSo2O0LXNNeZMaeETzNeulKow",
    "refreshToken": "e21998cd469694cbe05d363b55320357ebf758710aca01744bfb34cb163b642924c1c78507e90e38",
    "user": {
        "email": "psfgjzbfpm@ya.ru",
        "name": "RvvMtZbYqL"
    }
}
HTTP/1.1 200 OK
Date: Sun, 30 Jun 2024 15:27:55 GMT
Content-Type: application/json; charset=utf-8
Transfer-Encoding: chunked
Connection: keep-alive
X-Powered-By: Express
Access-Control-Allow-Origin: *
ETag: W/"16d-RI/91BdRup9w6JUlAA6omKWuuuE"
CF-Cache-Status: DYNAMIC
Report-To: {"endpoints":[{"url":"https:\/\/a.nel.cloudflare.com\/report\/v4?s=VxU9Vbrgd69q27RyNMyGyiUUmZsgcwQPtIcm%2B45ZJwsejIxdaarh8bEfTfP1PGrdGBCRg5YzoL0Li5fBPxT1ZEHTMAegPpSfnWj4zJLggks5Mbs5WxKEXyer0o7sPHqEpOW8q2CCD7pI4cgq7htvOnobQCo%3D"}],"group":"cf-nel","max_age":604800}
NEL: {"success_fraction":0,"report_to":"cf-nel","max_age":604800}
Server: cloudflare
CF-RAY: 89bf2ee2ab44a878-RIX
Content-Encoding: gzip
alt-svc: h3=":443"; ma=86400

{
    "success": true,
    "accessToken": "Bearer eyJhbGciOiJIUzI1NiIsInR5cCI6IkpXVCJ9.eyJpZCI6IjY2ODE3OTdhOWVkMjgwMDAxYjQ1OTYyNiIsImlhdCI6MTcxOTc2MTI3NSwiZXhwIjoxNzE5NzYyNDc1fQ.zTI5dCfxyVVIEgZCV8RSo2O0LXNNeZMaeETzNeulKow",
    "refreshToken": "e21998cd469694cbe05d363b55320357ebf758710aca01744bfb34cb163b642924c1c78507e90e38",
    "user": {
        "email": "psfgjzbfpm@ya.ru",
        "name": "RvvMtZbYqL"
    }
}
HTTP/1.1 200 OK
Date: Sun, 30 Jun 2024 15:27:55 GMT
Content-Type: application/json; charset=utf-8
Transfer-Encoding: chunked
Connection: keep-alive
X-Powered-By: Express
Access-Control-Allow-Origin: *
ETag: W/"16d-RI/91BdRup9w6JUlAA6omKWuuuE"
CF-Cache-Status: DYNAMIC
Report-To: {"endpoints":[{"url":"https:\/\/a.nel.cloudflare.com\/report\/v4?s=VxU9Vbrgd69q27RyNMyGyiUUmZsgcwQPtIcm%2B45ZJwsejIxdaarh8bEfTfP1PGrdGBCRg5YzoL0Li5fBPxT1ZEHTMAegPpSfnWj4zJLggks5Mbs5WxKEXyer0o7sPHqEpOW8q2CCD7pI4cgq7htvOnobQCo%3D"}],"group":"cf-nel","max_age":604800}
NEL: {"success_fraction":0,"report_to":"cf-nel","max_age":604800}
Server: cloudflare
CF-RAY: 89bf2ee2ab44a878-RIX
Content-Encoding: gzip
alt-svc: h3=":443"; ma=86400

{
    "success": true,
    "accessToken": "Bearer eyJhbGciOiJIUzI1NiIsInR5cCI6IkpXVCJ9.eyJpZCI6IjY2ODE3OTdhOWVkMjgwMDAxYjQ1OTYyNiIsImlhdCI6MTcxOTc2MTI3NSwiZXhwIjoxNzE5NzYyNDc1fQ.zTI5dCfxyVVIEgZCV8RSo2O0LXNNeZMaeETzNeulKow",
    "refreshToken": "e21998cd469694cbe05d363b55320357ebf758710aca01744bfb34cb163b642924c1c78507e90e38",
    "user": {
        "email": "psfgjzbfpm@ya.ru",
        "name": "RvvMtZbYqL"
    }
}
HTTP/1.1 200 OK
Date: Sun, 30 Jun 2024 15:27:55 GMT
Content-Type: application/json; charset=utf-8
Transfer-Encoding: chunked
Connection: keep-alive
X-Powered-By: Express
Access-Control-Allow-Origin: *
ETag: W/"16d-RI/91BdRup9w6JUlAA6omKWuuuE"
CF-Cache-Status: DYNAMIC
Report-To: {"endpoints":[{"url":"https:\/\/a.nel.cloudflare.com\/report\/v4?s=VxU9Vbrgd69q27RyNMyGyiUUmZsgcwQPtIcm%2B45ZJwsejIxdaarh8bEfTfP1PGrdGBCRg5YzoL0Li5fBPxT1ZEHTMAegPpSfnWj4zJLggks5Mbs5WxKEXyer0o7sPHqEpOW8q2CCD7pI4cgq7htvOnobQCo%3D"}],"group":"cf-nel","max_age":604800}
NEL: {"success_fraction":0,"report_to":"cf-nel","max_age":604800}
Server: cloudflare
CF-RAY: 89bf2ee2ab44a878-RIX
Content-Encoding: gzip
alt-svc: h3=":443"; ma=86400

{
    "success": true,
    "accessToken": "Bearer eyJhbGciOiJIUzI1NiIsInR5cCI6IkpXVCJ9.eyJpZCI6IjY2ODE3OTdhOWVkMjgwMDAxYjQ1OTYyNiIsImlhdCI6MTcxOTc2MTI3NSwiZXhwIjoxNzE5NzYyNDc1fQ.zTI5dCfxyVVIEgZCV8RSo2O0LXNNeZMaeETzNeulKow",
    "refreshToken": "e21998cd469694cbe05d363b55320357ebf758710aca01744bfb34cb163b642924c1c78507e90e38",
    "user": {
        "email": "psfgjzbfpm@ya.ru",
        "name": "RvvMtZbYqL"
    }
}
HTTP/1.1 200 OK
Date: Sun, 30 Jun 2024 15:27:55 GMT
Content-Type: application/json; charset=utf-8
Transfer-Encoding: chunked
Connection: keep-alive
X-Powered-By: Express
Access-Control-Allow-Origin: *
ETag: W/"16d-RI/91BdRup9w6JUlAA6omKWuuuE"
CF-Cache-Status: DYNAMIC
Report-To: {"endpoints":[{"url":"https:\/\/a.nel.cloudflare.com\/report\/v4?s=VxU9Vbrgd69q27RyNMyGyiUUmZsgcwQPtIcm%2B45ZJwsejIxdaarh8bEfTfP1PGrdGBCRg5YzoL0Li5fBPxT1ZEHTMAegPpSfnWj4zJLggks5Mbs5WxKEXyer0o7sPHqEpOW8q2CCD7pI4cgq7htvOnobQCo%3D"}],"group":"cf-nel","max_age":604800}
NEL: {"success_fraction":0,"report_to":"cf-nel","max_age":604800}
Server: cloudflare
CF-RAY: 89bf2ee2ab44a878-RIX
Content-Encoding: gzip
alt-svc: h3=":443"; ma=86400

{
    "success": true,
    "accessToken": "Bearer eyJhbGciOiJIUzI1NiIsInR5cCI6IkpXVCJ9.eyJpZCI6IjY2ODE3OTdhOWVkMjgwMDAxYjQ1OTYyNiIsImlhdCI6MTcxOTc2MTI3NSwiZXhwIjoxNzE5NzYyNDc1fQ.zTI5dCfxyVVIEgZCV8RSo2O0LXNNeZMaeETzNeulKow",
    "refreshToken": "e21998cd469694cbe05d363b55320357ebf758710aca01744bfb34cb163b642924c1c78507e90e38",
    "user": {
        "email": "psfgjzbfpm@ya.ru",
        "name": "RvvMtZbYqL"
    }
}
HTTP/1.1 200 OK
Date: Sun, 30 Jun 2024 15:27:55 GMT
Content-Type: application/json; charset=utf-8
Transfer-Encoding: chunked
Connection: keep-alive
X-Powered-By: Express
Access-Control-Allow-Origin: *
ETag: W/"16d-RI/91BdRup9w6JUlAA6omKWuuuE"
CF-Cache-Status: DYNAMIC
Report-To: {"endpoints":[{"url":"https:\/\/a.nel.cloudflare.com\/report\/v4?s=VxU9Vbrgd69q27RyNMyGyiUUmZsgcwQPtIcm%2B45ZJwsejIxdaarh8bEfTfP1PGrdGBCRg5YzoL0Li5fBPxT1ZEHTMAegPpSfnWj4zJLggks5Mbs5WxKEXyer0o7sPHqEpOW8q2CCD7pI4cgq7htvOnobQCo%3D"}],"group":"cf-nel","max_age":604800}
NEL: {"success_fraction":0,"report_to":"cf-nel","max_age":604800}
Server: cloudflare
CF-RAY: 89bf2ee2ab44a878-RIX
Content-Encoding: gzip
alt-svc: h3=":443"; ma=86400

{
    "success": true,
    "accessToken": "Bearer eyJhbGciOiJIUzI1NiIsInR5cCI6IkpXVCJ9.eyJpZCI6IjY2ODE3OTdhOWVkMjgwMDAxYjQ1OTYyNiIsImlhdCI6MTcxOTc2MTI3NSwiZXhwIjoxNzE5NzYyNDc1fQ.zTI5dCfxyVVIEgZCV8RSo2O0LXNNeZMaeETzNeulKow",
    "refreshToken": "e21998cd469694cbe05d363b55320357ebf758710aca01744bfb34cb163b642924c1c78507e90e38",
    "user": {
        "email": "psfgjzbfpm@ya.ru",
        "name": "RvvMtZbYqL"
    }
}
HTTP/1.1 200 OK
Date: Sun, 30 Jun 2024 15:27:55 GMT
Content-Type: application/json; charset=utf-8
Transfer-Encoding: chunked
Connection: keep-alive
X-Powered-By: Express
Access-Control-Allow-Origin: *
ETag: W/"16d-RI/91BdRup9w6JUlAA6omKWuuuE"
CF-Cache-Status: DYNAMIC
Report-To: {"endpoints":[{"url":"https:\/\/a.nel.cloudflare.com\/report\/v4?s=VxU9Vbrgd69q27RyNMyGyiUUmZsgcwQPtIcm%2B45ZJwsejIxdaarh8bEfTfP1PGrdGBCRg5YzoL0Li5fBPxT1ZEHTMAegPpSfnWj4zJLggks5Mbs5WxKEXyer0o7sPHqEpOW8q2CCD7pI4cgq7htvOnobQCo%3D"}],"group":"cf-nel","max_age":604800}
NEL: {"success_fraction":0,"report_to":"cf-nel","max_age":604800}
Server: cloudflare
CF-RAY: 89bf2ee2ab44a878-RIX
Content-Encoding: gzip
alt-svc: h3=":443"; ma=86400

{
    "success": true,
    "accessToken": "Bearer eyJhbGciOiJIUzI1NiIsInR5cCI6IkpXVCJ9.eyJpZCI6IjY2ODE3OTdhOWVkMjgwMDAxYjQ1OTYyNiIsImlhdCI6MTcxOTc2MTI3NSwiZXhwIjoxNzE5NzYyNDc1fQ.zTI5dCfxyVVIEgZCV8RSo2O0LXNNeZMaeETzNeulKow",
    "refreshToken": "e21998cd469694cbe05d363b55320357ebf758710aca01744bfb34cb163b642924c1c78507e90e38",
    "user": {
        "email": "psfgjzbfpm@ya.ru",
        "name": "RvvMtZbYqL"
    }
}
HTTP/1.1 200 OK
Date: Sun, 30 Jun 2024 15:27:55 GMT
Content-Type: application/json; charset=utf-8
Transfer-Encoding: chunked
Connection: keep-alive
X-Powered-By: Express
Access-Control-Allow-Origin: *
ETag: W/"16d-RI/91BdRup9w6JUlAA6omKWuuuE"
CF-Cache-Status: DYNAMIC
Report-To: {"endpoints":[{"url":"https:\/\/a.nel.cloudflare.com\/report\/v4?s=VxU9Vbrgd69q27RyNMyGyiUUmZsgcwQPtIcm%2B45ZJwsejIxdaarh8bEfTfP1PGrdGBCRg5YzoL0Li5fBPxT1ZEHTMAegPpSfnWj4zJLggks5Mbs5WxKEXyer0o7sPHqEpOW8q2CCD7pI4cgq7htvOnobQCo%3D"}],"group":"cf-nel","max_age":604800}
NEL: {"success_fraction":0,"report_to":"cf-nel","max_age":604800}
Server: cloudflare
CF-RAY: 89bf2ee2ab44a878-RIX
Content-Encoding: gzip
alt-svc: h3=":443"; ma=86400

{
    "success": true,
    "accessToken": "Bearer eyJhbGciOiJIUzI1NiIsInR5cCI6IkpXVCJ9.eyJpZCI6IjY2ODE3OTdhOWVkMjgwMDAxYjQ1OTYyNiIsImlhdCI6MTcxOTc2MTI3NSwiZXhwIjoxNzE5NzYyNDc1fQ.zTI5dCfxyVVIEgZCV8RSo2O0LXNNeZMaeETzNeulKow",
    "refreshToken": "e21998cd469694cbe05d363b55320357ebf758710aca01744bfb34cb163b642924c1c78507e90e38",
    "user": {
        "email": "psfgjzbfpm@ya.ru",
        "name": "RvvMtZbYqL"
    }
}
HTTP/1.1 200 OK
Date: Sun, 30 Jun 2024 15:27:55 GMT
Content-Type: application/json; charset=utf-8
Transfer-Encoding: chunked
Connection: keep-alive
X-Powered-By: Express
Access-Control-Allow-Origin: *
ETag: W/"16d-RI/91BdRup9w6JUlAA6omKWuuuE"
CF-Cache-Status: DYNAMIC
Report-To: {"endpoints":[{"url":"https:\/\/a.nel.cloudflare.com\/report\/v4?s=VxU9Vbrgd69q27RyNMyGyiUUmZsgcwQPtIcm%2B45ZJwsejIxdaarh8bEfTfP1PGrdGBCRg5YzoL0Li5fBPxT1ZEHTMAegPpSfnWj4zJLggks5Mbs5WxKEXyer0o7sPHqEpOW8q2CCD7pI4cgq7htvOnobQCo%3D"}],"group":"cf-nel","max_age":604800}
NEL: {"success_fraction":0,"report_to":"cf-nel","max_age":604800}
Server: cloudflare
CF-RAY: 89bf2ee2ab44a878-RIX
Content-Encoding: gzip
alt-svc: h3=":443"; ma=86400

{
    "success": true,
    "accessToken": "Bearer eyJhbGciOiJIUzI1NiIsInR5cCI6IkpXVCJ9.eyJpZCI6IjY2ODE3OTdhOWVkMjgwMDAxYjQ1OTYyNiIsImlhdCI6MTcxOTc2MTI3NSwiZXhwIjoxNzE5NzYyNDc1fQ.zTI5dCfxyVVIEgZCV8RSo2O0LXNNeZMaeETzNeulKow",
    "refreshToken": "e21998cd469694cbe05d363b55320357ebf758710aca01744bfb34cb163b642924c1c78507e90e38",
    "user": {
        "email": "psfgjzbfpm@ya.ru",
        "name": "RvvMtZbYqL"
    }
}
HTTP/1.1 200 OK
Date: Sun, 30 Jun 2024 15:27:55 GMT
Content-Type: application/json; charset=utf-8
Transfer-Encoding: chunked
Connection: keep-alive
X-Powered-By: Express
Access-Control-Allow-Origin: *
ETag: W/"16d-RI/91BdRup9w6JUlAA6omKWuuuE"
CF-Cache-Status: DYNAMIC
Report-To: {"endpoints":[{"url":"https:\/\/a.nel.cloudflare.com\/report\/v4?s=VxU9Vbrgd69q27RyNMyGyiUUmZsgcwQPtIcm%2B45ZJwsejIxdaarh8bEfTfP1PGrdGBCRg5YzoL0Li5fBPxT1ZEHTMAegPpSfnWj4zJLggks5Mbs5WxKEXyer0o7sPHqEpOW8q2CCD7pI4cgq7htvOnobQCo%3D"}],"group":"cf-nel","max_age":604800}
NEL: {"success_fraction":0,"report_to":"cf-nel","max_age":604800}
Server: cloudflare
CF-RAY: 89bf2ee2ab44a878-RIX
Content-Encoding: gzip
alt-svc: h3=":443"; ma=86400

{
    "success": true,
    "accessToken": "Bearer eyJhbGciOiJIUzI1NiIsInR5cCI6IkpXVCJ9.eyJpZCI6IjY2ODE3OTdhOWVkMjgwMDAxYjQ1OTYyNiIsImlhdCI6MTcxOTc2MTI3NSwiZXhwIjoxNzE5NzYyNDc1fQ.zTI5dCfxyVVIEgZCV8RSo2O0LXNNeZMaeETzNeulKow",
    "refreshToken": "e21998cd469694cbe05d363b55320357ebf758710aca01744bfb34cb163b642924c1c78507e90e38",
    "user": {
        "email": "psfgjzbfpm@ya.ru",
        "name": "RvvMtZbYqL"
    }
}
HTTP/1.1 200 OK
Date: Sun, 30 Jun 2024 15:27:55 GMT
Content-Type: application/json; charset=utf-8
Transfer-Encoding: chunked
Connection: keep-alive
X-Powered-By: Express
Access-Control-Allow-Origin: *
ETag: W/"16d-RI/91BdRup9w6JUlAA6omKWuuuE"
CF-Cache-Status: DYNAMIC
Report-To: {"endpoints":[{"url":"https:\/\/a.nel.cloudflare.com\/report\/v4?s=VxU9Vbrgd69q27RyNMyGyiUUmZsgcwQPtIcm%2B45ZJwsejIxdaarh8bEfTfP1PGrdGBCRg5YzoL0Li5fBPxT1ZEHTMAegPpSfnWj4zJLggks5Mbs5WxKEXyer0o7sPHqEpOW8q2CCD7pI4cgq7htvOnobQCo%3D"}],"group":"cf-nel","max_age":604800}
NEL: {"success_fraction":0,"report_to":"cf-nel","max_age":604800}
Server: cloudflare
CF-RAY: 89bf2ee2ab44a878-RIX
Content-Encoding: gzip
alt-svc: h3=":443"; ma=86400

{
    "success": true,
    "accessToken": "Bearer eyJhbGciOiJIUzI1NiIsInR5cCI6IkpXVCJ9.eyJpZCI6IjY2ODE3OTdhOWVkMjgwMDAxYjQ1OTYyNiIsImlhdCI6MTcxOTc2MTI3NSwiZXhwIjoxNzE5NzYyNDc1fQ.zTI5dCfxyVVIEgZCV8RSo2O0LXNNeZMaeETzNeulKow",
    "refreshToken": "e21998cd469694cbe05d363b55320357ebf758710aca01744bfb34cb163b642924c1c78507e90e38",
    "user": {
        "email": "psfgjzbfpm@ya.ru",
        "name": "RvvMtZbYqL"
    }
}
HTTP/1.1 200 OK
Date: Sun, 30 Jun 2024 15:27:55 GMT
Content-Type: application/json; charset=utf-8
Transfer-Encoding: chunked
Connection: keep-alive
X-Powered-By: Express
Access-Control-Allow-Origin: *
ETag: W/"16d-RI/91BdRup9w6JUlAA6omKWuuuE"
CF-Cache-Status: DYNAMIC
Report-To: {"endpoints":[{"url":"https:\/\/a.nel.cloudflare.com\/report\/v4?s=VxU9Vbrgd69q27RyNMyGyiUUmZsgcwQPtIcm%2B45ZJwsejIxdaarh8bEfTfP1PGrdGBCRg5YzoL0Li5fBPxT1ZEHTMAegPpSfnWj4zJLggks5Mbs5WxKEXyer0o7sPHqEpOW8q2CCD7pI4cgq7htvOnobQCo%3D"}],"group":"cf-nel","max_age":604800}
NEL: {"success_fraction":0,"report_to":"cf-nel","max_age":604800}
Server: cloudflare
CF-RAY: 89bf2ee2ab44a878-RIX
Content-Encoding: gzip
alt-svc: h3=":443"; ma=86400

{
    "success": true,
    "accessToken": "Bearer eyJhbGciOiJIUzI1NiIsInR5cCI6IkpXVCJ9.eyJpZCI6IjY2ODE3OTdhOWVkMjgwMDAxYjQ1OTYyNiIsImlhdCI6MTcxOTc2MTI3NSwiZXhwIjoxNzE5NzYyNDc1fQ.zTI5dCfxyVVIEgZCV8RSo2O0LXNNeZMaeETzNeulKow",
    "refreshToken": "e21998cd469694cbe05d363b55320357ebf758710aca01744bfb34cb163b642924c1c78507e90e38",
    "user": {
        "email": "psfgjzbfpm@ya.ru",
        "name": "RvvMtZbYqL"
    }
}
HTTP/1.1 200 OK
Date: Sun, 30 Jun 2024 15:27:55 GMT
Content-Type: application/json; charset=utf-8
Transfer-Encoding: chunked
Connection: keep-alive
X-Powered-By: Express
Access-Control-Allow-Origin: *
ETag: W/"16d-RI/91BdRup9w6JUlAA6omKWuuuE"
CF-Cache-Status: DYNAMIC
Report-To: {"endpoints":[{"url":"https:\/\/a.nel.cloudflare.com\/report\/v4?s=VxU9Vbrgd69q27RyNMyGyiUUmZsgcwQPtIcm%2B45ZJwsejIxdaarh8bEfTfP1PGrdGBCRg5YzoL0Li5fBPxT1ZEHTMAegPpSfnWj4zJLggks5Mbs5WxKEXyer0o7sPHqEpOW8q2CCD7pI4cgq7htvOnobQCo%3D"}],"group":"cf-nel","max_age":604800}
NEL: {"success_fraction":0,"report_to":"cf-nel","max_age":604800}
Server: cloudflare
CF-RAY: 89bf2ee2ab44a878-RIX
Content-Encoding: gzip
alt-svc: h3=":443"; ma=86400

{
    "success": true,
    "accessToken": "Bearer eyJhbGciOiJIUzI1NiIsInR5cCI6IkpXVCJ9.eyJpZCI6IjY2ODE3OTdhOWVkMjgwMDAxYjQ1OTYyNiIsImlhdCI6MTcxOTc2MTI3NSwiZXhwIjoxNzE5NzYyNDc1fQ.zTI5dCfxyVVIEgZCV8RSo2O0LXNNeZMaeETzNeulKow",
    "refreshToken": "e21998cd469694cbe05d363b55320357ebf758710aca01744bfb34cb163b642924c1c78507e90e38",
    "user": {
        "email": "psfgjzbfpm@ya.ru",
        "name": "RvvMtZbYqL"
    }
}
HTTP/1.1 200 OK
Date: Sun, 30 Jun 2024 15:27:55 GMT
Content-Type: application/json; charset=utf-8
Transfer-Encoding: chunked
Connection: keep-alive
X-Powered-By: Express
Access-Control-Allow-Origin: *
ETag: W/"16d-RI/91BdRup9w6JUlAA6omKWuuuE"
CF-Cache-Status: DYNAMIC
Report-To: {"endpoints":[{"url":"https:\/\/a.nel.cloudflare.com\/report\/v4?s=VxU9Vbrgd69q27RyNMyGyiUUmZsgcwQPtIcm%2B45ZJwsejIxdaarh8bEfTfP1PGrdGBCRg5YzoL0Li5fBPxT1ZEHTMAegPpSfnWj4zJLggks5Mbs5WxKEXyer0o7sPHqEpOW8q2CCD7pI4cgq7htvOnobQCo%3D"}],"group":"cf-nel","max_age":604800}
NEL: {"success_fraction":0,"report_to":"cf-nel","max_age":604800}
Server: cloudflare
CF-RAY: 89bf2ee2ab44a878-RIX
Content-Encoding: gzip
alt-svc: h3=":443"; ma=86400

{
    "success": true,
    "accessToken": "Bearer eyJhbGciOiJIUzI1NiIsInR5cCI6IkpXVCJ9.eyJpZCI6IjY2ODE3OTdhOWVkMjgwMDAxYjQ1OTYyNiIsImlhdCI6MTcxOTc2MTI3NSwiZXhwIjoxNzE5NzYyNDc1fQ.zTI5dCfxyVVIEgZCV8RSo2O0LXNNeZMaeETzNeulKow",
    "refreshToken": "e21998cd469694cbe05d363b55320357ebf758710aca01744bfb34cb163b642924c1c78507e90e38",
    "user": {
        "email": "psfgjzbfpm@ya.ru",
        "name": "RvvMtZbYqL"
    }
}
HTTP/1.1 200 OK
Date: Sun, 30 Jun 2024 15:27:55 GMT
Content-Type: application/json; charset=utf-8
Transfer-Encoding: chunked
Connection: keep-alive
X-Powered-By: Express
Access-Control-Allow-Origin: *
ETag: W/"16d-RI/91BdRup9w6JUlAA6omKWuuuE"
CF-Cache-Status: DYNAMIC
Report-To: {"endpoints":[{"url":"https:\/\/a.nel.cloudflare.com\/report\/v4?s=VxU9Vbrgd69q27RyNMyGyiUUmZsgcwQPtIcm%2B45ZJwsejIxdaarh8bEfTfP1PGrdGBCRg5YzoL0Li5fBPxT1ZEHTMAegPpSfnWj4zJLggks5Mbs5WxKEXyer0o7sPHqEpOW8q2CCD7pI4cgq7htvOnobQCo%3D"}],"group":"cf-nel","max_age":604800}
NEL: {"success_fraction":0,"report_to":"cf-nel","max_age":604800}
Server: cloudflare
CF-RAY: 89bf2ee2ab44a878-RIX
Content-Encoding: gzip
alt-svc: h3=":443"; ma=86400

{
    "success": true,
    "accessToken": "Bearer eyJhbGciOiJIUzI1NiIsInR5cCI6IkpXVCJ9.eyJpZCI6IjY2ODE3OTdhOWVkMjgwMDAxYjQ1OTYyNiIsImlhdCI6MTcxOTc2MTI3NSwiZXhwIjoxNzE5NzYyNDc1fQ.zTI5dCfxyVVIEgZCV8RSo2O0LXNNeZMaeETzNeulKow",
    "refreshToken": "e21998cd469694cbe05d363b55320357ebf758710aca01744bfb34cb163b642924c1c78507e90e38",
    "user": {
        "email": "psfgjzbfpm@ya.ru",
        "name": "RvvMtZbYqL"
    }
}
HTTP/1.1 200 OK
Date: Sun, 30 Jun 2024 15:27:55 GMT
Content-Type: application/json; charset=utf-8
Transfer-Encoding: chunked
Connection: keep-alive
X-Powered-By: Express
Access-Control-Allow-Origin: *
ETag: W/"16d-RI/91BdRup9w6JUlAA6omKWuuuE"
CF-Cache-Status: DYNAMIC
Report-To: {"endpoints":[{"url":"https:\/\/a.nel.cloudflare.com\/report\/v4?s=VxU9Vbrgd69q27RyNMyGyiUUmZsgcwQPtIcm%2B45ZJwsejIxdaarh8bEfTfP1PGrdGBCRg5YzoL0Li5fBPxT1ZEHTMAegPpSfnWj4zJLggks5Mbs5WxKEXyer0o7sPHqEpOW8q2CCD7pI4cgq7htvOnobQCo%3D"}],"group":"cf-nel","max_age":604800}
NEL: {"success_fraction":0,"report_to":"cf-nel","max_age":604800}
Server: cloudflare
CF-RAY: 89bf2ee2ab44a878-RIX
Content-Encoding: gzip
alt-svc: h3=":443"; ma=86400

{
    "success": true,
    "accessToken": "Bearer eyJhbGciOiJIUzI1NiIsInR5cCI6IkpXVCJ9.eyJpZCI6IjY2ODE3OTdhOWVkMjgwMDAxYjQ1OTYyNiIsImlhdCI6MTcxOTc2MTI3NSwiZXhwIjoxNzE5NzYyNDc1fQ.zTI5dCfxyVVIEgZCV8RSo2O0LXNNeZMaeETzNeulKow",
    "refreshToken": "e21998cd469694cbe05d363b55320357ebf758710aca01744bfb34cb163b642924c1c78507e90e38",
    "user": {
        "email": "psfgjzbfpm@ya.ru",
        "name": "RvvMtZbYqL"
    }
}
HTTP/1.1 200 OK
Date: Sun, 30 Jun 2024 15:27:55 GMT
Content-Type: application/json; charset=utf-8
Transfer-Encoding: chunked
Connection: keep-alive
X-Powered-By: Express
Access-Control-Allow-Origin: *
ETag: W/"16d-RI/91BdRup9w6JUlAA6omKWuuuE"
CF-Cache-Status: DYNAMIC
Report-To: {"endpoints":[{"url":"https:\/\/a.nel.cloudflare.com\/report\/v4?s=VxU9Vbrgd69q27RyNMyGyiUUmZsgcwQPtIcm%2B45ZJwsejIxdaarh8bEfTfP1PGrdGBCRg5YzoL0Li5fBPxT1ZEHTMAegPpSfnWj4zJLggks5Mbs5WxKEXyer0o7sPHqEpOW8q2CCD7pI4cgq7htvOnobQCo%3D"}],"group":"cf-nel","max_age":604800}
NEL: {"success_fraction":0,"report_to":"cf-nel","max_age":604800}
Server: cloudflare
CF-RAY: 89bf2ee2ab44a878-RIX
Content-Encoding: gzip
alt-svc: h3=":443"; ma=86400

{
    "success": true,
    "accessToken": "Bearer eyJhbGciOiJIUzI1NiIsInR5cCI6IkpXVCJ9.eyJpZCI6IjY2ODE3OTdhOWVkMjgwMDAxYjQ1OTYyNiIsImlhdCI6MTcxOTc2MTI3NSwiZXhwIjoxNzE5NzYyNDc1fQ.zTI5dCfxyVVIEgZCV8RSo2O0LXNNeZMaeETzNeulKow",
    "refreshToken": "e21998cd469694cbe05d363b55320357ebf758710aca01744bfb34cb163b642924c1c78507e90e38",
    "user": {
        "email": "psfgjzbfpm@ya.ru",
        "name": "RvvMtZbYqL"
    }
}
HTTP/1.1 200 OK
Date: Sun, 30 Jun 2024 15:27:55 GMT
Content-Type: application/json; charset=utf-8
Transfer-Encoding: chunked
Connection: keep-alive
X-Powered-By: Express
Access-Control-Allow-Origin: *
ETag: W/"16d-RI/91BdRup9w6JUlAA6omKWuuuE"
CF-Cache-Status: DYNAMIC
Report-To: {"endpoints":[{"url":"https:\/\/a.nel.cloudflare.com\/report\/v4?s=VxU9Vbrgd69q27RyNMyGyiUUmZsgcwQPtIcm%2B45ZJwsejIxdaarh8bEfTfP1PGrdGBCRg5YzoL0Li5fBPxT1ZEHTMAegPpSfnWj4zJLggks5Mbs5WxKEXyer0o7sPHqEpOW8q2CCD7pI4cgq7htvOnobQCo%3D"}],"group":"cf-nel","max_age":604800}
NEL: {"success_fraction":0,"report_to":"cf-nel","max_age":604800}
Server: cloudflare
CF-RAY: 89bf2ee2ab44a878-RIX
Content-Encoding: gzip
alt-svc: h3=":443"; ma=86400

{
    "success": true,
    "accessToken": "Bearer eyJhbGciOiJIUzI1NiIsInR5cCI6IkpXVCJ9.eyJpZCI6IjY2ODE3OTdhOWVkMjgwMDAxYjQ1OTYyNiIsImlhdCI6MTcxOTc2MTI3NSwiZXhwIjoxNzE5NzYyNDc1fQ.zTI5dCfxyVVIEgZCV8RSo2O0LXNNeZMaeETzNeulKow",
    "refreshToken": "e21998cd469694cbe05d363b55320357ebf758710aca01744bfb34cb163b642924c1c78507e90e38",
    "user": {
        "email": "psfgjzbfpm@ya.ru",
        "name": "RvvMtZbYqL"
    }
}
HTTP/1.1 200 OK
Date: Sun, 30 Jun 2024 15:27:55 GMT
Content-Type: application/json; charset=utf-8
Transfer-Encoding: chunked
Connection: keep-alive
X-Powered-By: Express
Access-Control-Allow-Origin: *
ETag: W/"16d-RI/91BdRup9w6JUlAA6omKWuuuE"
CF-Cache-Status: DYNAMIC
Report-To: {"endpoints":[{"url":"https:\/\/a.nel.cloudflare.com\/report\/v4?s=VxU9Vbrgd69q27RyNMyGyiUUmZsgcwQPtIcm%2B45ZJwsejIxdaarh8bEfTfP1PGrdGBCRg5YzoL0Li5fBPxT1ZEHTMAegPpSfnWj4zJLggks5Mbs5WxKEXyer0o7sPHqEpOW8q2CCD7pI4cgq7htvOnobQCo%3D"}],"group":"cf-nel","max_age":604800}
NEL: {"success_fraction":0,"report_to":"cf-nel","max_age":604800}
Server: cloudflare
CF-RAY: 89bf2ee2ab44a878-RIX
Content-Encoding: gzip
alt-svc: h3=":443"; ma=86400

{
    "success": true,
    "accessToken": "Bearer eyJhbGciOiJIUzI1NiIsInR5cCI6IkpXVCJ9.eyJpZCI6IjY2ODE3OTdhOWVkMjgwMDAxYjQ1OTYyNiIsImlhdCI6MTcxOTc2MTI3NSwiZXhwIjoxNzE5NzYyNDc1fQ.zTI5dCfxyVVIEgZCV8RSo2O0LXNNeZMaeETzNeulKow",
    "refreshToken": "e21998cd469694cbe05d363b55320357ebf758710aca01744bfb34cb163b642924c1c78507e90e38",
    "user": {
        "email": "psfgjzbfpm@ya.ru",
        "name": "RvvMtZbYqL"
    }
}
HTTP/1.1 200 OK
Date: Sun, 30 Jun 2024 15:27:55 GMT
Content-Type: application/json; charset=utf-8
Transfer-Encoding: chunked
Connection: keep-alive
X-Powered-By: Express
Access-Control-Allow-Origin: *
ETag: W/"16d-RI/91BdRup9w6JUlAA6omKWuuuE"
CF-Cache-Status: DYNAMIC
Report-To: {"endpoints":[{"url":"https:\/\/a.nel.cloudflare.com\/report\/v4?s=VxU9Vbrgd69q27RyNMyGyiUUmZsgcwQPtIcm%2B45ZJwsejIxdaarh8bEfTfP1PGrdGBCRg5YzoL0Li5fBPxT1ZEHTMAegPpSfnWj4zJLggks5Mbs5WxKEXyer0o7sPHqEpOW8q2CCD7pI4cgq7htvOnobQCo%3D"}],"group":"cf-nel","max_age":604800}
NEL: {"success_fraction":0,"report_to":"cf-nel","max_age":604800}
Server: cloudflare
CF-RAY: 89bf2ee2ab44a878-RIX
Content-Encoding: gzip
alt-svc: h3=":443"; ma=86400

{
    "success": true,
    "accessToken": "Bearer eyJhbGciOiJIUzI1NiIsInR5cCI6IkpXVCJ9.eyJpZCI6IjY2ODE3OTdhOWVkMjgwMDAxYjQ1OTYyNiIsImlhdCI6MTcxOTc2MTI3NSwiZXhwIjoxNzE5NzYyNDc1fQ.zTI5dCfxyVVIEgZCV8RSo2O0LXNNeZMaeETzNeulKow",
    "refreshToken": "e21998cd469694cbe05d363b55320357ebf758710aca01744bfb34cb163b642924c1c78507e90e38",
    "user": {
        "email": "psfgjzbfpm@ya.ru",
        "name": "RvvMtZbYqL"
    }
}
Request method:	PATCH
Request URI:	https://stellarburgers.nomoreparties.site/api/auth/user
Proxy:			<none>
Request params:	<none>
Query params:	<none>
Form params:	<none>
Path params:	<none>
Headers:		authorization=Bearer eyJhbGciOiJIUzI1NiIsInR5cCI6IkpXVCJ9.eyJpZCI6IjY2ODE3OTdhOWVkMjgwMDAxYjQ1OTYyNiIsImlhdCI6MTcxOTc2MTI3NSwiZXhwIjoxNzE5NzYyNDc1fQ.zTI5dCfxyVVIEgZCV8RSo2O0LXNNeZMaeETzNeulKow
				Accept=*/*
				Content-Type=application/json
Cookies:		<none>
Multiparts:		<none>
Body:
{
    "email": "PsfgjZBfpm@ya.ru",
    "password": "newOTZTwJTCMb",
    "name": "RvvMtZbYqL"
}
Request method:	PATCH
Request URI:	https://stellarburgers.nomoreparties.site/api/auth/user
Proxy:			<none>
Request params:	<none>
Query params:	<none>
Form params:	<none>
Path params:	<none>
Headers:		authorization=Bearer eyJhbGciOiJIUzI1NiIsInR5cCI6IkpXVCJ9.eyJpZCI6IjY2ODE3OTdhOWVkMjgwMDAxYjQ1OTYyNiIsImlhdCI6MTcxOTc2MTI3NSwiZXhwIjoxNzE5NzYyNDc1fQ.zTI5dCfxyVVIEgZCV8RSo2O0LXNNeZMaeETzNeulKow
				Accept=*/*
				Content-Type=application/json
Cookies:		<none>
Multiparts:		<none>
Body:
{
    "email": "PsfgjZBfpm@ya.ru",
    "password": "newOTZTwJTCMb",
    "name": "RvvMtZbYqL"
}
Request method:	PATCH
Request URI:	https://stellarburgers.nomoreparties.site/api/auth/user
Proxy:			<none>
Request params:	<none>
Query params:	<none>
Form params:	<none>
Path params:	<none>
Headers:		authorization=Bearer eyJhbGciOiJIUzI1NiIsInR5cCI6IkpXVCJ9.eyJpZCI6IjY2ODE3OTdhOWVkMjgwMDAxYjQ1OTYyNiIsImlhdCI6MTcxOTc2MTI3NSwiZXhwIjoxNzE5NzYyNDc1fQ.zTI5dCfxyVVIEgZCV8RSo2O0LXNNeZMaeETzNeulKow
				Accept=*/*
				Content-Type=application/json
Cookies:		<none>
Multiparts:		<none>
Body:
{
    "email": "PsfgjZBfpm@ya.ru",
    "password": "newOTZTwJTCMb",
    "name": "RvvMtZbYqL"
}
Request method:	PATCH
Request URI:	https://stellarburgers.nomoreparties.site/api/auth/user
Proxy:			<none>
Request params:	<none>
Query params:	<none>
Form params:	<none>
Path params:	<none>
Headers:		authorization=Bearer eyJhbGciOiJIUzI1NiIsInR5cCI6IkpXVCJ9.eyJpZCI6IjY2ODE3OTdhOWVkMjgwMDAxYjQ1OTYyNiIsImlhdCI6MTcxOTc2MTI3NSwiZXhwIjoxNzE5NzYyNDc1fQ.zTI5dCfxyVVIEgZCV8RSo2O0LXNNeZMaeETzNeulKow
				Accept=*/*
				Content-Type=application/json
Cookies:		<none>
Multiparts:		<none>
Body:
{
    "email": "PsfgjZBfpm@ya.ru",
    "password": "newOTZTwJTCMb",
    "name": "RvvMtZbYqL"
}
Request method:	PATCH
Request URI:	https://stellarburgers.nomoreparties.site/api/auth/user
Proxy:			<none>
Request params:	<none>
Query params:	<none>
Form params:	<none>
Path params:	<none>
Headers:		authorization=Bearer eyJhbGciOiJIUzI1NiIsInR5cCI6IkpXVCJ9.eyJpZCI6IjY2ODE3OTdhOWVkMjgwMDAxYjQ1OTYyNiIsImlhdCI6MTcxOTc2MTI3NSwiZXhwIjoxNzE5NzYyNDc1fQ.zTI5dCfxyVVIEgZCV8RSo2O0LXNNeZMaeETzNeulKow
				Accept=*/*
				Content-Type=application/json
Cookies:		<none>
Multiparts:		<none>
Body:
{
    "email": "PsfgjZBfpm@ya.ru",
    "password": "newOTZTwJTCMb",
    "name": "RvvMtZbYqL"
}
Request method:	PATCH
Request URI:	https://stellarburgers.nomoreparties.site/api/auth/user
Proxy:			<none>
Request params:	<none>
Query params:	<none>
Form params:	<none>
Path params:	<none>
Headers:		authorization=Bearer eyJhbGciOiJIUzI1NiIsInR5cCI6IkpXVCJ9.eyJpZCI6IjY2ODE3OTdhOWVkMjgwMDAxYjQ1OTYyNiIsImlhdCI6MTcxOTc2MTI3NSwiZXhwIjoxNzE5NzYyNDc1fQ.zTI5dCfxyVVIEgZCV8RSo2O0LXNNeZMaeETzNeulKow
				Accept=*/*
				Content-Type=application/json
Cookies:		<none>
Multiparts:		<none>
Body:
{
    "email": "PsfgjZBfpm@ya.ru",
    "password": "newOTZTwJTCMb",
    "name": "RvvMtZbYqL"
}
Request method:	PATCH
Request URI:	https://stellarburgers.nomoreparties.site/api/auth/user
Proxy:			<none>
Request params:	<none>
Query params:	<none>
Form params:	<none>
Path params:	<none>
Headers:		authorization=Bearer eyJhbGciOiJIUzI1NiIsInR5cCI6IkpXVCJ9.eyJpZCI6IjY2ODE3OTdhOWVkMjgwMDAxYjQ1OTYyNiIsImlhdCI6MTcxOTc2MTI3NSwiZXhwIjoxNzE5NzYyNDc1fQ.zTI5dCfxyVVIEgZCV8RSo2O0LXNNeZMaeETzNeulKow
				Accept=*/*
				Content-Type=application/json
Cookies:		<none>
Multiparts:		<none>
Body:
{
    "email": "PsfgjZBfpm@ya.ru",
    "password": "newOTZTwJTCMb",
    "name": "RvvMtZbYqL"
}
Request method:	PATCH
Request URI:	https://stellarburgers.nomoreparties.site/api/auth/user
Proxy:			<none>
Request params:	<none>
Query params:	<none>
Form params:	<none>
Path params:	<none>
Headers:		authorization=Bearer eyJhbGciOiJIUzI1NiIsInR5cCI6IkpXVCJ9.eyJpZCI6IjY2ODE3OTdhOWVkMjgwMDAxYjQ1OTYyNiIsImlhdCI6MTcxOTc2MTI3NSwiZXhwIjoxNzE5NzYyNDc1fQ.zTI5dCfxyVVIEgZCV8RSo2O0LXNNeZMaeETzNeulKow
				Accept=*/*
				Content-Type=application/json
Cookies:		<none>
Multiparts:		<none>
Body:
{
    "email": "PsfgjZBfpm@ya.ru",
    "password": "newOTZTwJTCMb",
    "name": "RvvMtZbYqL"
}
Request method:	PATCH
Request URI:	https://stellarburgers.nomoreparties.site/api/auth/user
Proxy:			<none>
Request params:	<none>
Query params:	<none>
Form params:	<none>
Path params:	<none>
Headers:		authorization=Bearer eyJhbGciOiJIUzI1NiIsInR5cCI6IkpXVCJ9.eyJpZCI6IjY2ODE3OTdhOWVkMjgwMDAxYjQ1OTYyNiIsImlhdCI6MTcxOTc2MTI3NSwiZXhwIjoxNzE5NzYyNDc1fQ.zTI5dCfxyVVIEgZCV8RSo2O0LXNNeZMaeETzNeulKow
				Accept=*/*
				Content-Type=application/json
Cookies:		<none>
Multiparts:		<none>
Body:
{
    "email": "PsfgjZBfpm@ya.ru",
    "password": "newOTZTwJTCMb",
    "name": "RvvMtZbYqL"
}
Request method:	PATCH
Request URI:	https://stellarburgers.nomoreparties.site/api/auth/user
Proxy:			<none>
Request params:	<none>
Query params:	<none>
Form params:	<none>
Path params:	<none>
Headers:		authorization=Bearer eyJhbGciOiJIUzI1NiIsInR5cCI6IkpXVCJ9.eyJpZCI6IjY2ODE3OTdhOWVkMjgwMDAxYjQ1OTYyNiIsImlhdCI6MTcxOTc2MTI3NSwiZXhwIjoxNzE5NzYyNDc1fQ.zTI5dCfxyVVIEgZCV8RSo2O0LXNNeZMaeETzNeulKow
				Accept=*/*
				Content-Type=application/json
Cookies:		<none>
Multiparts:		<none>
Body:
{
    "email": "PsfgjZBfpm@ya.ru",
    "password": "newOTZTwJTCMb",
    "name": "RvvMtZbYqL"
}
Request method:	PATCH
Request URI:	https://stellarburgers.nomoreparties.site/api/auth/user
Proxy:			<none>
Request params:	<none>
Query params:	<none>
Form params:	<none>
Path params:	<none>
Headers:		authorization=Bearer eyJhbGciOiJIUzI1NiIsInR5cCI6IkpXVCJ9.eyJpZCI6IjY2ODE3OTdhOWVkMjgwMDAxYjQ1OTYyNiIsImlhdCI6MTcxOTc2MTI3NSwiZXhwIjoxNzE5NzYyNDc1fQ.zTI5dCfxyVVIEgZCV8RSo2O0LXNNeZMaeETzNeulKow
				Accept=*/*
				Content-Type=application/json
Cookies:		<none>
Multiparts:		<none>
Body:
{
    "email": "PsfgjZBfpm@ya.ru",
    "password": "newOTZTwJTCMb",
    "name": "RvvMtZbYqL"
}
Request method:	PATCH
Request URI:	https://stellarburgers.nomoreparties.site/api/auth/user
Proxy:			<none>
Request params:	<none>
Query params:	<none>
Form params:	<none>
Path params:	<none>
Headers:		authorization=Bearer eyJhbGciOiJIUzI1NiIsInR5cCI6IkpXVCJ9.eyJpZCI6IjY2ODE3OTdhOWVkMjgwMDAxYjQ1OTYyNiIsImlhdCI6MTcxOTc2MTI3NSwiZXhwIjoxNzE5NzYyNDc1fQ.zTI5dCfxyVVIEgZCV8RSo2O0LXNNeZMaeETzNeulKow
				Accept=*/*
				Content-Type=application/json
Cookies:		<none>
Multiparts:		<none>
Body:
{
    "email": "PsfgjZBfpm@ya.ru",
    "password": "newOTZTwJTCMb",
    "name": "RvvMtZbYqL"
}
Request method:	PATCH
Request URI:	https://stellarburgers.nomoreparties.site/api/auth/user
Proxy:			<none>
Request params:	<none>
Query params:	<none>
Form params:	<none>
Path params:	<none>
Headers:		authorization=Bearer eyJhbGciOiJIUzI1NiIsInR5cCI6IkpXVCJ9.eyJpZCI6IjY2ODE3OTdhOWVkMjgwMDAxYjQ1OTYyNiIsImlhdCI6MTcxOTc2MTI3NSwiZXhwIjoxNzE5NzYyNDc1fQ.zTI5dCfxyVVIEgZCV8RSo2O0LXNNeZMaeETzNeulKow
				Accept=*/*
				Content-Type=application/json
Cookies:		<none>
Multiparts:		<none>
Body:
{
    "email": "PsfgjZBfpm@ya.ru",
    "password": "newOTZTwJTCMb",
    "name": "RvvMtZbYqL"
}
Request method:	PATCH
Request URI:	https://stellarburgers.nomoreparties.site/api/auth/user
Proxy:			<none>
Request params:	<none>
Query params:	<none>
Form params:	<none>
Path params:	<none>
Headers:		authorization=Bearer eyJhbGciOiJIUzI1NiIsInR5cCI6IkpXVCJ9.eyJpZCI6IjY2ODE3OTdhOWVkMjgwMDAxYjQ1OTYyNiIsImlhdCI6MTcxOTc2MTI3NSwiZXhwIjoxNzE5NzYyNDc1fQ.zTI5dCfxyVVIEgZCV8RSo2O0LXNNeZMaeETzNeulKow
				Accept=*/*
				Content-Type=application/json
Cookies:		<none>
Multiparts:		<none>
Body:
{
    "email": "PsfgjZBfpm@ya.ru",
    "password": "newOTZTwJTCMb",
    "name": "RvvMtZbYqL"
}
Request method:	PATCH
Request URI:	https://stellarburgers.nomoreparties.site/api/auth/user
Proxy:			<none>
Request params:	<none>
Query params:	<none>
Form params:	<none>
Path params:	<none>
Headers:		authorization=Bearer eyJhbGciOiJIUzI1NiIsInR5cCI6IkpXVCJ9.eyJpZCI6IjY2ODE3OTdhOWVkMjgwMDAxYjQ1OTYyNiIsImlhdCI6MTcxOTc2MTI3NSwiZXhwIjoxNzE5NzYyNDc1fQ.zTI5dCfxyVVIEgZCV8RSo2O0LXNNeZMaeETzNeulKow
				Accept=*/*
				Content-Type=application/json
Cookies:		<none>
Multiparts:		<none>
Body:
{
    "email": "PsfgjZBfpm@ya.ru",
    "password": "newOTZTwJTCMb",
    "name": "RvvMtZbYqL"
}
Request method:	PATCH
Request URI:	https://stellarburgers.nomoreparties.site/api/auth/user
Proxy:			<none>
Request params:	<none>
Query params:	<none>
Form params:	<none>
Path params:	<none>
Headers:		authorization=Bearer eyJhbGciOiJIUzI1NiIsInR5cCI6IkpXVCJ9.eyJpZCI6IjY2ODE3OTdhOWVkMjgwMDAxYjQ1OTYyNiIsImlhdCI6MTcxOTc2MTI3NSwiZXhwIjoxNzE5NzYyNDc1fQ.zTI5dCfxyVVIEgZCV8RSo2O0LXNNeZMaeETzNeulKow
				Accept=*/*
				Content-Type=application/json
Cookies:		<none>
Multiparts:		<none>
Body:
{
    "email": "PsfgjZBfpm@ya.ru",
    "password": "newOTZTwJTCMb",
    "name": "RvvMtZbYqL"
}
Request method:	PATCH
Request URI:	https://stellarburgers.nomoreparties.site/api/auth/user
Proxy:			<none>
Request params:	<none>
Query params:	<none>
Form params:	<none>
Path params:	<none>
Headers:		authorization=Bearer eyJhbGciOiJIUzI1NiIsInR5cCI6IkpXVCJ9.eyJpZCI6IjY2ODE3OTdhOWVkMjgwMDAxYjQ1OTYyNiIsImlhdCI6MTcxOTc2MTI3NSwiZXhwIjoxNzE5NzYyNDc1fQ.zTI5dCfxyVVIEgZCV8RSo2O0LXNNeZMaeETzNeulKow
				Accept=*/*
				Content-Type=application/json
Cookies:		<none>
Multiparts:		<none>
Body:
{
    "email": "PsfgjZBfpm@ya.ru",
    "password": "newOTZTwJTCMb",
    "name": "RvvMtZbYqL"
}
Request method:	PATCH
Request URI:	https://stellarburgers.nomoreparties.site/api/auth/user
Proxy:			<none>
Request params:	<none>
Query params:	<none>
Form params:	<none>
Path params:	<none>
Headers:		authorization=Bearer eyJhbGciOiJIUzI1NiIsInR5cCI6IkpXVCJ9.eyJpZCI6IjY2ODE3OTdhOWVkMjgwMDAxYjQ1OTYyNiIsImlhdCI6MTcxOTc2MTI3NSwiZXhwIjoxNzE5NzYyNDc1fQ.zTI5dCfxyVVIEgZCV8RSo2O0LXNNeZMaeETzNeulKow
				Accept=*/*
				Content-Type=application/json
Cookies:		<none>
Multiparts:		<none>
Body:
{
    "email": "PsfgjZBfpm@ya.ru",
    "password": "newOTZTwJTCMb",
    "name": "RvvMtZbYqL"
}
Request method:	PATCH
Request URI:	https://stellarburgers.nomoreparties.site/api/auth/user
Proxy:			<none>
Request params:	<none>
Query params:	<none>
Form params:	<none>
Path params:	<none>
Headers:		authorization=Bearer eyJhbGciOiJIUzI1NiIsInR5cCI6IkpXVCJ9.eyJpZCI6IjY2ODE3OTdhOWVkMjgwMDAxYjQ1OTYyNiIsImlhdCI6MTcxOTc2MTI3NSwiZXhwIjoxNzE5NzYyNDc1fQ.zTI5dCfxyVVIEgZCV8RSo2O0LXNNeZMaeETzNeulKow
				Accept=*/*
				Content-Type=application/json
Cookies:		<none>
Multiparts:		<none>
Body:
{
    "email": "PsfgjZBfpm@ya.ru",
    "password": "newOTZTwJTCMb",
    "name": "RvvMtZbYqL"
}
Request method:	PATCH
Request URI:	https://stellarburgers.nomoreparties.site/api/auth/user
Proxy:			<none>
Request params:	<none>
Query params:	<none>
Form params:	<none>
Path params:	<none>
Headers:		authorization=Bearer eyJhbGciOiJIUzI1NiIsInR5cCI6IkpXVCJ9.eyJpZCI6IjY2ODE3OTdhOWVkMjgwMDAxYjQ1OTYyNiIsImlhdCI6MTcxOTc2MTI3NSwiZXhwIjoxNzE5NzYyNDc1fQ.zTI5dCfxyVVIEgZCV8RSo2O0LXNNeZMaeETzNeulKow
				Accept=*/*
				Content-Type=application/json
Cookies:		<none>
Multiparts:		<none>
Body:
{
    "email": "PsfgjZBfpm@ya.ru",
    "password": "newOTZTwJTCMb",
    "name": "RvvMtZbYqL"
}
Request method:	PATCH
Request URI:	https://stellarburgers.nomoreparties.site/api/auth/user
Proxy:			<none>
Request params:	<none>
Query params:	<none>
Form params:	<none>
Path params:	<none>
Headers:		authorization=Bearer eyJhbGciOiJIUzI1NiIsInR5cCI6IkpXVCJ9.eyJpZCI6IjY2ODE3OTdhOWVkMjgwMDAxYjQ1OTYyNiIsImlhdCI6MTcxOTc2MTI3NSwiZXhwIjoxNzE5NzYyNDc1fQ.zTI5dCfxyVVIEgZCV8RSo2O0LXNNeZMaeETzNeulKow
				Accept=*/*
				Content-Type=application/json
Cookies:		<none>
Multiparts:		<none>
Body:
{
    "email": "PsfgjZBfpm@ya.ru",
    "password": "newOTZTwJTCMb",
    "name": "RvvMtZbYqL"
}
Request method:	PATCH
Request URI:	https://stellarburgers.nomoreparties.site/api/auth/user
Proxy:			<none>
Request params:	<none>
Query params:	<none>
Form params:	<none>
Path params:	<none>
Headers:		authorization=Bearer eyJhbGciOiJIUzI1NiIsInR5cCI6IkpXVCJ9.eyJpZCI6IjY2ODE3OTdhOWVkMjgwMDAxYjQ1OTYyNiIsImlhdCI6MTcxOTc2MTI3NSwiZXhwIjoxNzE5NzYyNDc1fQ.zTI5dCfxyVVIEgZCV8RSo2O0LXNNeZMaeETzNeulKow
				Accept=*/*
				Content-Type=application/json
Cookies:		<none>
Multiparts:		<none>
Body:
{
    "email": "PsfgjZBfpm@ya.ru",
    "password": "newOTZTwJTCMb",
    "name": "RvvMtZbYqL"
}
Request method:	PATCH
Request URI:	https://stellarburgers.nomoreparties.site/api/auth/user
Proxy:			<none>
Request params:	<none>
Query params:	<none>
Form params:	<none>
Path params:	<none>
Headers:		authorization=Bearer eyJhbGciOiJIUzI1NiIsInR5cCI6IkpXVCJ9.eyJpZCI6IjY2ODE3OTdhOWVkMjgwMDAxYjQ1OTYyNiIsImlhdCI6MTcxOTc2MTI3NSwiZXhwIjoxNzE5NzYyNDc1fQ.zTI5dCfxyVVIEgZCV8RSo2O0LXNNeZMaeETzNeulKow
				Accept=*/*
				Content-Type=application/json
Cookies:		<none>
Multiparts:		<none>
Body:
{
    "email": "PsfgjZBfpm@ya.ru",
    "password": "newOTZTwJTCMb",
    "name": "RvvMtZbYqL"
}
Request method:	PATCH
Request URI:	https://stellarburgers.nomoreparties.site/api/auth/user
Proxy:			<none>
Request params:	<none>
Query params:	<none>
Form params:	<none>
Path params:	<none>
Headers:		authorization=Bearer eyJhbGciOiJIUzI1NiIsInR5cCI6IkpXVCJ9.eyJpZCI6IjY2ODE3OTdhOWVkMjgwMDAxYjQ1OTYyNiIsImlhdCI6MTcxOTc2MTI3NSwiZXhwIjoxNzE5NzYyNDc1fQ.zTI5dCfxyVVIEgZCV8RSo2O0LXNNeZMaeETzNeulKow
				Accept=*/*
				Content-Type=application/json
Cookies:		<none>
Multiparts:		<none>
Body:
{
    "email": "PsfgjZBfpm@ya.ru",
    "password": "newOTZTwJTCMb",
    "name": "RvvMtZbYqL"
}
Request method:	PATCH
Request URI:	https://stellarburgers.nomoreparties.site/api/auth/user
Proxy:			<none>
Request params:	<none>
Query params:	<none>
Form params:	<none>
Path params:	<none>
Headers:		authorization=Bearer eyJhbGciOiJIUzI1NiIsInR5cCI6IkpXVCJ9.eyJpZCI6IjY2ODE3OTdhOWVkMjgwMDAxYjQ1OTYyNiIsImlhdCI6MTcxOTc2MTI3NSwiZXhwIjoxNzE5NzYyNDc1fQ.zTI5dCfxyVVIEgZCV8RSo2O0LXNNeZMaeETzNeulKow
				Accept=*/*
				Content-Type=application/json
Cookies:		<none>
Multiparts:		<none>
Body:
{
    "email": "PsfgjZBfpm@ya.ru",
    "password": "newOTZTwJTCMb",
    "name": "RvvMtZbYqL"
}
Request method:	PATCH
Request URI:	https://stellarburgers.nomoreparties.site/api/auth/user
Proxy:			<none>
Request params:	<none>
Query params:	<none>
Form params:	<none>
Path params:	<none>
Headers:		authorization=Bearer eyJhbGciOiJIUzI1NiIsInR5cCI6IkpXVCJ9.eyJpZCI6IjY2ODE3OTdhOWVkMjgwMDAxYjQ1OTYyNiIsImlhdCI6MTcxOTc2MTI3NSwiZXhwIjoxNzE5NzYyNDc1fQ.zTI5dCfxyVVIEgZCV8RSo2O0LXNNeZMaeETzNeulKow
				Accept=*/*
				Content-Type=application/json
Cookies:		<none>
Multiparts:		<none>
Body:
{
    "email": "PsfgjZBfpm@ya.ru",
    "password": "newOTZTwJTCMb",
    "name": "RvvMtZbYqL"
}
Request method:	PATCH
Request URI:	https://stellarburgers.nomoreparties.site/api/auth/user
Proxy:			<none>
Request params:	<none>
Query params:	<none>
Form params:	<none>
Path params:	<none>
Headers:		authorization=Bearer eyJhbGciOiJIUzI1NiIsInR5cCI6IkpXVCJ9.eyJpZCI6IjY2ODE3OTdhOWVkMjgwMDAxYjQ1OTYyNiIsImlhdCI6MTcxOTc2MTI3NSwiZXhwIjoxNzE5NzYyNDc1fQ.zTI5dCfxyVVIEgZCV8RSo2O0LXNNeZMaeETzNeulKow
				Accept=*/*
				Content-Type=application/json
Cookies:		<none>
Multiparts:		<none>
Body:
{
    "email": "PsfgjZBfpm@ya.ru",
    "password": "newOTZTwJTCMb",
    "name": "RvvMtZbYqL"
}
Request method:	PATCH
Request URI:	https://stellarburgers.nomoreparties.site/api/auth/user
Proxy:			<none>
Request params:	<none>
Query params:	<none>
Form params:	<none>
Path params:	<none>
Headers:		authorization=Bearer eyJhbGciOiJIUzI1NiIsInR5cCI6IkpXVCJ9.eyJpZCI6IjY2ODE3OTdhOWVkMjgwMDAxYjQ1OTYyNiIsImlhdCI6MTcxOTc2MTI3NSwiZXhwIjoxNzE5NzYyNDc1fQ.zTI5dCfxyVVIEgZCV8RSo2O0LXNNeZMaeETzNeulKow
				Accept=*/*
				Content-Type=application/json
Cookies:		<none>
Multiparts:		<none>
Body:
{
    "email": "PsfgjZBfpm@ya.ru",
    "password": "newOTZTwJTCMb",
    "name": "RvvMtZbYqL"
}
Request method:	PATCH
Request URI:	https://stellarburgers.nomoreparties.site/api/auth/user
Proxy:			<none>
Request params:	<none>
Query params:	<none>
Form params:	<none>
Path params:	<none>
Headers:		authorization=Bearer eyJhbGciOiJIUzI1NiIsInR5cCI6IkpXVCJ9.eyJpZCI6IjY2ODE3OTdhOWVkMjgwMDAxYjQ1OTYyNiIsImlhdCI6MTcxOTc2MTI3NSwiZXhwIjoxNzE5NzYyNDc1fQ.zTI5dCfxyVVIEgZCV8RSo2O0LXNNeZMaeETzNeulKow
				Accept=*/*
				Content-Type=application/json
Cookies:		<none>
Multiparts:		<none>
Body:
{
    "email": "PsfgjZBfpm@ya.ru",
    "password": "newOTZTwJTCMb",
    "name": "RvvMtZbYqL"
}
Request method:	PATCH
Request URI:	https://stellarburgers.nomoreparties.site/api/auth/user
Proxy:			<none>
Request params:	<none>
Query params:	<none>
Form params:	<none>
Path params:	<none>
Headers:		authorization=Bearer eyJhbGciOiJIUzI1NiIsInR5cCI6IkpXVCJ9.eyJpZCI6IjY2ODE3OTdhOWVkMjgwMDAxYjQ1OTYyNiIsImlhdCI6MTcxOTc2MTI3NSwiZXhwIjoxNzE5NzYyNDc1fQ.zTI5dCfxyVVIEgZCV8RSo2O0LXNNeZMaeETzNeulKow
				Accept=*/*
				Content-Type=application/json
Cookies:		<none>
Multiparts:		<none>
Body:
{
    "email": "PsfgjZBfpm@ya.ru",
    "password": "newOTZTwJTCMb",
    "name": "RvvMtZbYqL"
}
Request method:	PATCH
Request URI:	https://stellarburgers.nomoreparties.site/api/auth/user
Proxy:			<none>
Request params:	<none>
Query params:	<none>
Form params:	<none>
Path params:	<none>
Headers:		authorization=Bearer eyJhbGciOiJIUzI1NiIsInR5cCI6IkpXVCJ9.eyJpZCI6IjY2ODE3OTdhOWVkMjgwMDAxYjQ1OTYyNiIsImlhdCI6MTcxOTc2MTI3NSwiZXhwIjoxNzE5NzYyNDc1fQ.zTI5dCfxyVVIEgZCV8RSo2O0LXNNeZMaeETzNeulKow
				Accept=*/*
				Content-Type=application/json
Cookies:		<none>
Multiparts:		<none>
Body:
{
    "email": "PsfgjZBfpm@ya.ru",
    "password": "newOTZTwJTCMb",
    "name": "RvvMtZbYqL"
}
Request method:	PATCH
Request URI:	https://stellarburgers.nomoreparties.site/api/auth/user
Proxy:			<none>
Request params:	<none>
Query params:	<none>
Form params:	<none>
Path params:	<none>
Headers:		authorization=Bearer eyJhbGciOiJIUzI1NiIsInR5cCI6IkpXVCJ9.eyJpZCI6IjY2ODE3OTdhOWVkMjgwMDAxYjQ1OTYyNiIsImlhdCI6MTcxOTc2MTI3NSwiZXhwIjoxNzE5NzYyNDc1fQ.zTI5dCfxyVVIEgZCV8RSo2O0LXNNeZMaeETzNeulKow
				Accept=*/*
				Content-Type=application/json
Cookies:		<none>
Multiparts:		<none>
Body:
{
    "email": "PsfgjZBfpm@ya.ru",
    "password": "newOTZTwJTCMb",
    "name": "RvvMtZbYqL"
}
Request method:	PATCH
Request URI:	https://stellarburgers.nomoreparties.site/api/auth/user
Proxy:			<none>
Request params:	<none>
Query params:	<none>
Form params:	<none>
Path params:	<none>
Headers:		authorization=Bearer eyJhbGciOiJIUzI1NiIsInR5cCI6IkpXVCJ9.eyJpZCI6IjY2ODE3OTdhOWVkMjgwMDAxYjQ1OTYyNiIsImlhdCI6MTcxOTc2MTI3NSwiZXhwIjoxNzE5NzYyNDc1fQ.zTI5dCfxyVVIEgZCV8RSo2O0LXNNeZMaeETzNeulKow
				Accept=*/*
				Content-Type=application/json
Cookies:		<none>
Multiparts:		<none>
Body:
{
    "email": "PsfgjZBfpm@ya.ru",
    "password": "newOTZTwJTCMb",
    "name": "RvvMtZbYqL"
}
Request method:	PATCH
Request URI:	https://stellarburgers.nomoreparties.site/api/auth/user
Proxy:			<none>
Request params:	<none>
Query params:	<none>
Form params:	<none>
Path params:	<none>
Headers:		authorization=Bearer eyJhbGciOiJIUzI1NiIsInR5cCI6IkpXVCJ9.eyJpZCI6IjY2ODE3OTdhOWVkMjgwMDAxYjQ1OTYyNiIsImlhdCI6MTcxOTc2MTI3NSwiZXhwIjoxNzE5NzYyNDc1fQ.zTI5dCfxyVVIEgZCV8RSo2O0LXNNeZMaeETzNeulKow
				Accept=*/*
				Content-Type=application/json
Cookies:		<none>
Multiparts:		<none>
Body:
{
    "email": "PsfgjZBfpm@ya.ru",
    "password": "newOTZTwJTCMb",
    "name": "RvvMtZbYqL"
}
Request method:	PATCH
Request URI:	https://stellarburgers.nomoreparties.site/api/auth/user
Proxy:			<none>
Request params:	<none>
Query params:	<none>
Form params:	<none>
Path params:	<none>
Headers:		authorization=Bearer eyJhbGciOiJIUzI1NiIsInR5cCI6IkpXVCJ9.eyJpZCI6IjY2ODE3OTdhOWVkMjgwMDAxYjQ1OTYyNiIsImlhdCI6MTcxOTc2MTI3NSwiZXhwIjoxNzE5NzYyNDc1fQ.zTI5dCfxyVVIEgZCV8RSo2O0LXNNeZMaeETzNeulKow
				Accept=*/*
				Content-Type=application/json
Cookies:		<none>
Multiparts:		<none>
Body:
{
    "email": "PsfgjZBfpm@ya.ru",
    "password": "newOTZTwJTCMb",
    "name": "RvvMtZbYqL"
}
Request method:	PATCH
Request URI:	https://stellarburgers.nomoreparties.site/api/auth/user
Proxy:			<none>
Request params:	<none>
Query params:	<none>
Form params:	<none>
Path params:	<none>
Headers:		authorization=Bearer eyJhbGciOiJIUzI1NiIsInR5cCI6IkpXVCJ9.eyJpZCI6IjY2ODE3OTdhOWVkMjgwMDAxYjQ1OTYyNiIsImlhdCI6MTcxOTc2MTI3NSwiZXhwIjoxNzE5NzYyNDc1fQ.zTI5dCfxyVVIEgZCV8RSo2O0LXNNeZMaeETzNeulKow
				Accept=*/*
				Content-Type=application/json
Cookies:		<none>
Multiparts:		<none>
Body:
{
    "email": "PsfgjZBfpm@ya.ru",
    "password": "newOTZTwJTCMb",
    "name": "RvvMtZbYqL"
}
Request method:	PATCH
Request URI:	https://stellarburgers.nomoreparties.site/api/auth/user
Proxy:			<none>
Request params:	<none>
Query params:	<none>
Form params:	<none>
Path params:	<none>
Headers:		authorization=Bearer eyJhbGciOiJIUzI1NiIsInR5cCI6IkpXVCJ9.eyJpZCI6IjY2ODE3OTdhOWVkMjgwMDAxYjQ1OTYyNiIsImlhdCI6MTcxOTc2MTI3NSwiZXhwIjoxNzE5NzYyNDc1fQ.zTI5dCfxyVVIEgZCV8RSo2O0LXNNeZMaeETzNeulKow
				Accept=*/*
				Content-Type=application/json
Cookies:		<none>
Multiparts:		<none>
Body:
{
    "email": "PsfgjZBfpm@ya.ru",
    "password": "newOTZTwJTCMb",
    "name": "RvvMtZbYqL"
}
HTTP/1.1 200 OK
Date: Sun, 30 Jun 2024 15:27:55 GMT
Content-Type: application/json; charset=utf-8
Transfer-Encoding: chunked
Connection: keep-alive
X-Powered-By: Express
Access-Control-Allow-Origin: *
ETag: W/"48-uxyrFymzlvFP88jBzlV4C16CqVM"
CF-Cache-Status: DYNAMIC
Report-To: {"endpoints":[{"url":"https:\/\/a.nel.cloudflare.com\/report\/v4?s=aU6NAqM1Y5XLzNdoM8qAm2tAxai99G5ZpFKKM5hAqNwT4IwTjWeH%2FcM5BjHKBGxBzV2Wm8pO3mFJwHsZXJXTDUdWVtJDH50siLQ7yYuU8umSBqxhpLu3PEoujrSMIUzoTG77GDZh2SmgtODfJmcnMR9JN4Y%3D"}],"group":"cf-nel","max_age":604800}
NEL: {"success_fraction":0,"report_to":"cf-nel","max_age":604800}
Server: cloudflare
CF-RAY: 89bf2ee438ef9fed-AMS
Content-Encoding: gzip
alt-svc: h3=":443"; ma=86400

{
    "success": true,
    "user": {
        "email": "psfgjzbfpm@ya.ru",
        "name": "RvvMtZbYqL"
    }
}
HTTP/1.1 200 OK
Date: Sun, 30 Jun 2024 15:27:55 GMT
Content-Type: application/json; charset=utf-8
Transfer-Encoding: chunked
Connection: keep-alive
X-Powered-By: Express
Access-Control-Allow-Origin: *
ETag: W/"48-uxyrFymzlvFP88jBzlV4C16CqVM"
CF-Cache-Status: DYNAMIC
Report-To: {"endpoints":[{"url":"https:\/\/a.nel.cloudflare.com\/report\/v4?s=aU6NAqM1Y5XLzNdoM8qAm2tAxai99G5ZpFKKM5hAqNwT4IwTjWeH%2FcM5BjHKBGxBzV2Wm8pO3mFJwHsZXJXTDUdWVtJDH50siLQ7yYuU8umSBqxhpLu3PEoujrSMIUzoTG77GDZh2SmgtODfJmcnMR9JN4Y%3D"}],"group":"cf-nel","max_age":604800}
NEL: {"success_fraction":0,"report_to":"cf-nel","max_age":604800}
Server: cloudflare
CF-RAY: 89bf2ee438ef9fed-AMS
Content-Encoding: gzip
alt-svc: h3=":443"; ma=86400

{
    "success": true,
    "user": {
        "email": "psfgjzbfpm@ya.ru",
        "name": "RvvMtZbYqL"
    }
}
HTTP/1.1 200 OK
Date: Sun, 30 Jun 2024 15:27:55 GMT
Content-Type: application/json; charset=utf-8
Transfer-Encoding: chunked
Connection: keep-alive
X-Powered-By: Express
Access-Control-Allow-Origin: *
ETag: W/"48-uxyrFymzlvFP88jBzlV4C16CqVM"
CF-Cache-Status: DYNAMIC
Report-To: {"endpoints":[{"url":"https:\/\/a.nel.cloudflare.com\/report\/v4?s=aU6NAqM1Y5XLzNdoM8qAm2tAxai99G5ZpFKKM5hAqNwT4IwTjWeH%2FcM5BjHKBGxBzV2Wm8pO3mFJwHsZXJXTDUdWVtJDH50siLQ7yYuU8umSBqxhpLu3PEoujrSMIUzoTG77GDZh2SmgtODfJmcnMR9JN4Y%3D"}],"group":"cf-nel","max_age":604800}
NEL: {"success_fraction":0,"report_to":"cf-nel","max_age":604800}
Server: cloudflare
CF-RAY: 89bf2ee438ef9fed-AMS
Content-Encoding: gzip
alt-svc: h3=":443"; ma=86400

{
    "success": true,
    "user": {
        "email": "psfgjzbfpm@ya.ru",
        "name": "RvvMtZbYqL"
    }
}
HTTP/1.1 200 OK
Date: Sun, 30 Jun 2024 15:27:55 GMT
Content-Type: application/json; charset=utf-8
Transfer-Encoding: chunked
Connection: keep-alive
X-Powered-By: Express
Access-Control-Allow-Origin: *
ETag: W/"48-uxyrFymzlvFP88jBzlV4C16CqVM"
CF-Cache-Status: DYNAMIC
Report-To: {"endpoints":[{"url":"https:\/\/a.nel.cloudflare.com\/report\/v4?s=aU6NAqM1Y5XLzNdoM8qAm2tAxai99G5ZpFKKM5hAqNwT4IwTjWeH%2FcM5BjHKBGxBzV2Wm8pO3mFJwHsZXJXTDUdWVtJDH50siLQ7yYuU8umSBqxhpLu3PEoujrSMIUzoTG77GDZh2SmgtODfJmcnMR9JN4Y%3D"}],"group":"cf-nel","max_age":604800}
NEL: {"success_fraction":0,"report_to":"cf-nel","max_age":604800}
Server: cloudflare
CF-RAY: 89bf2ee438ef9fed-AMS
Content-Encoding: gzip
alt-svc: h3=":443"; ma=86400

{
    "success": true,
    "user": {
        "email": "psfgjzbfpm@ya.ru",
        "name": "RvvMtZbYqL"
    }
}
HTTP/1.1 200 OK
Date: Sun, 30 Jun 2024 15:27:55 GMT
Content-Type: application/json; charset=utf-8
Transfer-Encoding: chunked
Connection: keep-alive
X-Powered-By: Express
Access-Control-Allow-Origin: *
ETag: W/"48-uxyrFymzlvFP88jBzlV4C16CqVM"
CF-Cache-Status: DYNAMIC
Report-To: {"endpoints":[{"url":"https:\/\/a.nel.cloudflare.com\/report\/v4?s=aU6NAqM1Y5XLzNdoM8qAm2tAxai99G5ZpFKKM5hAqNwT4IwTjWeH%2FcM5BjHKBGxBzV2Wm8pO3mFJwHsZXJXTDUdWVtJDH50siLQ7yYuU8umSBqxhpLu3PEoujrSMIUzoTG77GDZh2SmgtODfJmcnMR9JN4Y%3D"}],"group":"cf-nel","max_age":604800}
NEL: {"success_fraction":0,"report_to":"cf-nel","max_age":604800}
Server: cloudflare
CF-RAY: 89bf2ee438ef9fed-AMS
Content-Encoding: gzip
alt-svc: h3=":443"; ma=86400

{
    "success": true,
    "user": {
        "email": "psfgjzbfpm@ya.ru",
        "name": "RvvMtZbYqL"
    }
}
HTTP/1.1 200 OK
Date: Sun, 30 Jun 2024 15:27:55 GMT
Content-Type: application/json; charset=utf-8
Transfer-Encoding: chunked
Connection: keep-alive
X-Powered-By: Express
Access-Control-Allow-Origin: *
ETag: W/"48-uxyrFymzlvFP88jBzlV4C16CqVM"
CF-Cache-Status: DYNAMIC
Report-To: {"endpoints":[{"url":"https:\/\/a.nel.cloudflare.com\/report\/v4?s=aU6NAqM1Y5XLzNdoM8qAm2tAxai99G5ZpFKKM5hAqNwT4IwTjWeH%2FcM5BjHKBGxBzV2Wm8pO3mFJwHsZXJXTDUdWVtJDH50siLQ7yYuU8umSBqxhpLu3PEoujrSMIUzoTG77GDZh2SmgtODfJmcnMR9JN4Y%3D"}],"group":"cf-nel","max_age":604800}
NEL: {"success_fraction":0,"report_to":"cf-nel","max_age":604800}
Server: cloudflare
CF-RAY: 89bf2ee438ef9fed-AMS
Content-Encoding: gzip
alt-svc: h3=":443"; ma=86400

{
    "success": true,
    "user": {
        "email": "psfgjzbfpm@ya.ru",
        "name": "RvvMtZbYqL"
    }
}
HTTP/1.1 200 OK
Date: Sun, 30 Jun 2024 15:27:55 GMT
Content-Type: application/json; charset=utf-8
Transfer-Encoding: chunked
Connection: keep-alive
X-Powered-By: Express
Access-Control-Allow-Origin: *
ETag: W/"48-uxyrFymzlvFP88jBzlV4C16CqVM"
CF-Cache-Status: DYNAMIC
Report-To: {"endpoints":[{"url":"https:\/\/a.nel.cloudflare.com\/report\/v4?s=aU6NAqM1Y5XLzNdoM8qAm2tAxai99G5ZpFKKM5hAqNwT4IwTjWeH%2FcM5BjHKBGxBzV2Wm8pO3mFJwHsZXJXTDUdWVtJDH50siLQ7yYuU8umSBqxhpLu3PEoujrSMIUzoTG77GDZh2SmgtODfJmcnMR9JN4Y%3D"}],"group":"cf-nel","max_age":604800}
NEL: {"success_fraction":0,"report_to":"cf-nel","max_age":604800}
Server: cloudflare
CF-RAY: 89bf2ee438ef9fed-AMS
Content-Encoding: gzip
alt-svc: h3=":443"; ma=86400

{
    "success": true,
    "user": {
        "email": "psfgjzbfpm@ya.ru",
        "name": "RvvMtZbYqL"
    }
}
HTTP/1.1 200 OK
Date: Sun, 30 Jun 2024 15:27:55 GMT
Content-Type: application/json; charset=utf-8
Transfer-Encoding: chunked
Connection: keep-alive
X-Powered-By: Express
Access-Control-Allow-Origin: *
ETag: W/"48-uxyrFymzlvFP88jBzlV4C16CqVM"
CF-Cache-Status: DYNAMIC
Report-To: {"endpoints":[{"url":"https:\/\/a.nel.cloudflare.com\/report\/v4?s=aU6NAqM1Y5XLzNdoM8qAm2tAxai99G5ZpFKKM5hAqNwT4IwTjWeH%2FcM5BjHKBGxBzV2Wm8pO3mFJwHsZXJXTDUdWVtJDH50siLQ7yYuU8umSBqxhpLu3PEoujrSMIUzoTG77GDZh2SmgtODfJmcnMR9JN4Y%3D"}],"group":"cf-nel","max_age":604800}
NEL: {"success_fraction":0,"report_to":"cf-nel","max_age":604800}
Server: cloudflare
CF-RAY: 89bf2ee438ef9fed-AMS
Content-Encoding: gzip
alt-svc: h3=":443"; ma=86400

{
    "success": true,
    "user": {
        "email": "psfgjzbfpm@ya.ru",
        "name": "RvvMtZbYqL"
    }
}
HTTP/1.1 200 OK
Date: Sun, 30 Jun 2024 15:27:55 GMT
Content-Type: application/json; charset=utf-8
Transfer-Encoding: chunked
Connection: keep-alive
X-Powered-By: Express
Access-Control-Allow-Origin: *
ETag: W/"48-uxyrFymzlvFP88jBzlV4C16CqVM"
CF-Cache-Status: DYNAMIC
Report-To: {"endpoints":[{"url":"https:\/\/a.nel.cloudflare.com\/report\/v4?s=aU6NAqM1Y5XLzNdoM8qAm2tAxai99G5ZpFKKM5hAqNwT4IwTjWeH%2FcM5BjHKBGxBzV2Wm8pO3mFJwHsZXJXTDUdWVtJDH50siLQ7yYuU8umSBqxhpLu3PEoujrSMIUzoTG77GDZh2SmgtODfJmcnMR9JN4Y%3D"}],"group":"cf-nel","max_age":604800}
NEL: {"success_fraction":0,"report_to":"cf-nel","max_age":604800}
Server: cloudflare
CF-RAY: 89bf2ee438ef9fed-AMS
Content-Encoding: gzip
alt-svc: h3=":443"; ma=86400

{
    "success": true,
    "user": {
        "email": "psfgjzbfpm@ya.ru",
        "name": "RvvMtZbYqL"
    }
}
HTTP/1.1 200 OK
Date: Sun, 30 Jun 2024 15:27:55 GMT
Content-Type: application/json; charset=utf-8
Transfer-Encoding: chunked
Connection: keep-alive
X-Powered-By: Express
Access-Control-Allow-Origin: *
ETag: W/"48-uxyrFymzlvFP88jBzlV4C16CqVM"
CF-Cache-Status: DYNAMIC
Report-To: {"endpoints":[{"url":"https:\/\/a.nel.cloudflare.com\/report\/v4?s=aU6NAqM1Y5XLzNdoM8qAm2tAxai99G5ZpFKKM5hAqNwT4IwTjWeH%2FcM5BjHKBGxBzV2Wm8pO3mFJwHsZXJXTDUdWVtJDH50siLQ7yYuU8umSBqxhpLu3PEoujrSMIUzoTG77GDZh2SmgtODfJmcnMR9JN4Y%3D"}],"group":"cf-nel","max_age":604800}
NEL: {"success_fraction":0,"report_to":"cf-nel","max_age":604800}
Server: cloudflare
CF-RAY: 89bf2ee438ef9fed-AMS
Content-Encoding: gzip
alt-svc: h3=":443"; ma=86400

{
    "success": true,
    "user": {
        "email": "psfgjzbfpm@ya.ru",
        "name": "RvvMtZbYqL"
    }
}
HTTP/1.1 200 OK
Date: Sun, 30 Jun 2024 15:27:55 GMT
Content-Type: application/json; charset=utf-8
Transfer-Encoding: chunked
Connection: keep-alive
X-Powered-By: Express
Access-Control-Allow-Origin: *
ETag: W/"48-uxyrFymzlvFP88jBzlV4C16CqVM"
CF-Cache-Status: DYNAMIC
Report-To: {"endpoints":[{"url":"https:\/\/a.nel.cloudflare.com\/report\/v4?s=aU6NAqM1Y5XLzNdoM8qAm2tAxai99G5ZpFKKM5hAqNwT4IwTjWeH%2FcM5BjHKBGxBzV2Wm8pO3mFJwHsZXJXTDUdWVtJDH50siLQ7yYuU8umSBqxhpLu3PEoujrSMIUzoTG77GDZh2SmgtODfJmcnMR9JN4Y%3D"}],"group":"cf-nel","max_age":604800}
NEL: {"success_fraction":0,"report_to":"cf-nel","max_age":604800}
Server: cloudflare
CF-RAY: 89bf2ee438ef9fed-AMS
Content-Encoding: gzip
alt-svc: h3=":443"; ma=86400

{
    "success": true,
    "user": {
        "email": "psfgjzbfpm@ya.ru",
        "name": "RvvMtZbYqL"
    }
}
HTTP/1.1 200 OK
Date: Sun, 30 Jun 2024 15:27:55 GMT
Content-Type: application/json; charset=utf-8
Transfer-Encoding: chunked
Connection: keep-alive
X-Powered-By: Express
Access-Control-Allow-Origin: *
ETag: W/"48-uxyrFymzlvFP88jBzlV4C16CqVM"
CF-Cache-Status: DYNAMIC
Report-To: {"endpoints":[{"url":"https:\/\/a.nel.cloudflare.com\/report\/v4?s=aU6NAqM1Y5XLzNdoM8qAm2tAxai99G5ZpFKKM5hAqNwT4IwTjWeH%2FcM5BjHKBGxBzV2Wm8pO3mFJwHsZXJXTDUdWVtJDH50siLQ7yYuU8umSBqxhpLu3PEoujrSMIUzoTG77GDZh2SmgtODfJmcnMR9JN4Y%3D"}],"group":"cf-nel","max_age":604800}
NEL: {"success_fraction":0,"report_to":"cf-nel","max_age":604800}
Server: cloudflare
CF-RAY: 89bf2ee438ef9fed-AMS
Content-Encoding: gzip
alt-svc: h3=":443"; ma=86400

{
    "success": true,
    "user": {
        "email": "psfgjzbfpm@ya.ru",
        "name": "RvvMtZbYqL"
    }
}
HTTP/1.1 200 OK
Date: Sun, 30 Jun 2024 15:27:55 GMT
Content-Type: application/json; charset=utf-8
Transfer-Encoding: chunked
Connection: keep-alive
X-Powered-By: Express
Access-Control-Allow-Origin: *
ETag: W/"48-uxyrFymzlvFP88jBzlV4C16CqVM"
CF-Cache-Status: DYNAMIC
Report-To: {"endpoints":[{"url":"https:\/\/a.nel.cloudflare.com\/report\/v4?s=aU6NAqM1Y5XLzNdoM8qAm2tAxai99G5ZpFKKM5hAqNwT4IwTjWeH%2FcM5BjHKBGxBzV2Wm8pO3mFJwHsZXJXTDUdWVtJDH50siLQ7yYuU8umSBqxhpLu3PEoujrSMIUzoTG77GDZh2SmgtODfJmcnMR9JN4Y%3D"}],"group":"cf-nel","max_age":604800}
NEL: {"success_fraction":0,"report_to":"cf-nel","max_age":604800}
Server: cloudflare
CF-RAY: 89bf2ee438ef9fed-AMS
Content-Encoding: gzip
alt-svc: h3=":443"; ma=86400

{
    "success": true,
    "user": {
        "email": "psfgjzbfpm@ya.ru",
        "name": "RvvMtZbYqL"
    }
}
HTTP/1.1 200 OK
Date: Sun, 30 Jun 2024 15:27:55 GMT
Content-Type: application/json; charset=utf-8
Transfer-Encoding: chunked
Connection: keep-alive
X-Powered-By: Express
Access-Control-Allow-Origin: *
ETag: W/"48-uxyrFymzlvFP88jBzlV4C16CqVM"
CF-Cache-Status: DYNAMIC
Report-To: {"endpoints":[{"url":"https:\/\/a.nel.cloudflare.com\/report\/v4?s=aU6NAqM1Y5XLzNdoM8qAm2tAxai99G5ZpFKKM5hAqNwT4IwTjWeH%2FcM5BjHKBGxBzV2Wm8pO3mFJwHsZXJXTDUdWVtJDH50siLQ7yYuU8umSBqxhpLu3PEoujrSMIUzoTG77GDZh2SmgtODfJmcnMR9JN4Y%3D"}],"group":"cf-nel","max_age":604800}
NEL: {"success_fraction":0,"report_to":"cf-nel","max_age":604800}
Server: cloudflare
CF-RAY: 89bf2ee438ef9fed-AMS
Content-Encoding: gzip
alt-svc: h3=":443"; ma=86400

{
    "success": true,
    "user": {
        "email": "psfgjzbfpm@ya.ru",
        "name": "RvvMtZbYqL"
    }
}
HTTP/1.1 200 OK
Date: Sun, 30 Jun 2024 15:27:55 GMT
Content-Type: application/json; charset=utf-8
Transfer-Encoding: chunked
Connection: keep-alive
X-Powered-By: Express
Access-Control-Allow-Origin: *
ETag: W/"48-uxyrFymzlvFP88jBzlV4C16CqVM"
CF-Cache-Status: DYNAMIC
Report-To: {"endpoints":[{"url":"https:\/\/a.nel.cloudflare.com\/report\/v4?s=aU6NAqM1Y5XLzNdoM8qAm2tAxai99G5ZpFKKM5hAqNwT4IwTjWeH%2FcM5BjHKBGxBzV2Wm8pO3mFJwHsZXJXTDUdWVtJDH50siLQ7yYuU8umSBqxhpLu3PEoujrSMIUzoTG77GDZh2SmgtODfJmcnMR9JN4Y%3D"}],"group":"cf-nel","max_age":604800}
NEL: {"success_fraction":0,"report_to":"cf-nel","max_age":604800}
Server: cloudflare
CF-RAY: 89bf2ee438ef9fed-AMS
Content-Encoding: gzip
alt-svc: h3=":443"; ma=86400

{
    "success": true,
    "user": {
        "email": "psfgjzbfpm@ya.ru",
        "name": "RvvMtZbYqL"
    }
}
HTTP/1.1 200 OK
Date: Sun, 30 Jun 2024 15:27:55 GMT
Content-Type: application/json; charset=utf-8
Transfer-Encoding: chunked
Connection: keep-alive
X-Powered-By: Express
Access-Control-Allow-Origin: *
ETag: W/"48-uxyrFymzlvFP88jBzlV4C16CqVM"
CF-Cache-Status: DYNAMIC
Report-To: {"endpoints":[{"url":"https:\/\/a.nel.cloudflare.com\/report\/v4?s=aU6NAqM1Y5XLzNdoM8qAm2tAxai99G5ZpFKKM5hAqNwT4IwTjWeH%2FcM5BjHKBGxBzV2Wm8pO3mFJwHsZXJXTDUdWVtJDH50siLQ7yYuU8umSBqxhpLu3PEoujrSMIUzoTG77GDZh2SmgtODfJmcnMR9JN4Y%3D"}],"group":"cf-nel","max_age":604800}
NEL: {"success_fraction":0,"report_to":"cf-nel","max_age":604800}
Server: cloudflare
CF-RAY: 89bf2ee438ef9fed-AMS
Content-Encoding: gzip
alt-svc: h3=":443"; ma=86400

{
    "success": true,
    "user": {
        "email": "psfgjzbfpm@ya.ru",
        "name": "RvvMtZbYqL"
    }
}
HTTP/1.1 200 OK
Date: Sun, 30 Jun 2024 15:27:55 GMT
Content-Type: application/json; charset=utf-8
Transfer-Encoding: chunked
Connection: keep-alive
X-Powered-By: Express
Access-Control-Allow-Origin: *
ETag: W/"48-uxyrFymzlvFP88jBzlV4C16CqVM"
CF-Cache-Status: DYNAMIC
Report-To: {"endpoints":[{"url":"https:\/\/a.nel.cloudflare.com\/report\/v4?s=aU6NAqM1Y5XLzNdoM8qAm2tAxai99G5ZpFKKM5hAqNwT4IwTjWeH%2FcM5BjHKBGxBzV2Wm8pO3mFJwHsZXJXTDUdWVtJDH50siLQ7yYuU8umSBqxhpLu3PEoujrSMIUzoTG77GDZh2SmgtODfJmcnMR9JN4Y%3D"}],"group":"cf-nel","max_age":604800}
NEL: {"success_fraction":0,"report_to":"cf-nel","max_age":604800}
Server: cloudflare
CF-RAY: 89bf2ee438ef9fed-AMS
Content-Encoding: gzip
alt-svc: h3=":443"; ma=86400

{
    "success": true,
    "user": {
        "email": "psfgjzbfpm@ya.ru",
        "name": "RvvMtZbYqL"
    }
}
HTTP/1.1 200 OK
Date: Sun, 30 Jun 2024 15:27:55 GMT
Content-Type: application/json; charset=utf-8
Transfer-Encoding: chunked
Connection: keep-alive
X-Powered-By: Express
Access-Control-Allow-Origin: *
ETag: W/"48-uxyrFymzlvFP88jBzlV4C16CqVM"
CF-Cache-Status: DYNAMIC
Report-To: {"endpoints":[{"url":"https:\/\/a.nel.cloudflare.com\/report\/v4?s=aU6NAqM1Y5XLzNdoM8qAm2tAxai99G5ZpFKKM5hAqNwT4IwTjWeH%2FcM5BjHKBGxBzV2Wm8pO3mFJwHsZXJXTDUdWVtJDH50siLQ7yYuU8umSBqxhpLu3PEoujrSMIUzoTG77GDZh2SmgtODfJmcnMR9JN4Y%3D"}],"group":"cf-nel","max_age":604800}
NEL: {"success_fraction":0,"report_to":"cf-nel","max_age":604800}
Server: cloudflare
CF-RAY: 89bf2ee438ef9fed-AMS
Content-Encoding: gzip
alt-svc: h3=":443"; ma=86400

{
    "success": true,
    "user": {
        "email": "psfgjzbfpm@ya.ru",
        "name": "RvvMtZbYqL"
    }
}
HTTP/1.1 200 OK
Date: Sun, 30 Jun 2024 15:27:55 GMT
Content-Type: application/json; charset=utf-8
Transfer-Encoding: chunked
Connection: keep-alive
X-Powered-By: Express
Access-Control-Allow-Origin: *
ETag: W/"48-uxyrFymzlvFP88jBzlV4C16CqVM"
CF-Cache-Status: DYNAMIC
Report-To: {"endpoints":[{"url":"https:\/\/a.nel.cloudflare.com\/report\/v4?s=aU6NAqM1Y5XLzNdoM8qAm2tAxai99G5ZpFKKM5hAqNwT4IwTjWeH%2FcM5BjHKBGxBzV2Wm8pO3mFJwHsZXJXTDUdWVtJDH50siLQ7yYuU8umSBqxhpLu3PEoujrSMIUzoTG77GDZh2SmgtODfJmcnMR9JN4Y%3D"}],"group":"cf-nel","max_age":604800}
NEL: {"success_fraction":0,"report_to":"cf-nel","max_age":604800}
Server: cloudflare
CF-RAY: 89bf2ee438ef9fed-AMS
Content-Encoding: gzip
alt-svc: h3=":443"; ma=86400

{
    "success": true,
    "user": {
        "email": "psfgjzbfpm@ya.ru",
        "name": "RvvMtZbYqL"
    }
}
HTTP/1.1 200 OK
Date: Sun, 30 Jun 2024 15:27:55 GMT
Content-Type: application/json; charset=utf-8
Transfer-Encoding: chunked
Connection: keep-alive
X-Powered-By: Express
Access-Control-Allow-Origin: *
ETag: W/"48-uxyrFymzlvFP88jBzlV4C16CqVM"
CF-Cache-Status: DYNAMIC
Report-To: {"endpoints":[{"url":"https:\/\/a.nel.cloudflare.com\/report\/v4?s=aU6NAqM1Y5XLzNdoM8qAm2tAxai99G5ZpFKKM5hAqNwT4IwTjWeH%2FcM5BjHKBGxBzV2Wm8pO3mFJwHsZXJXTDUdWVtJDH50siLQ7yYuU8umSBqxhpLu3PEoujrSMIUzoTG77GDZh2SmgtODfJmcnMR9JN4Y%3D"}],"group":"cf-nel","max_age":604800}
NEL: {"success_fraction":0,"report_to":"cf-nel","max_age":604800}
Server: cloudflare
CF-RAY: 89bf2ee438ef9fed-AMS
Content-Encoding: gzip
alt-svc: h3=":443"; ma=86400

{
    "success": true,
    "user": {
        "email": "psfgjzbfpm@ya.ru",
        "name": "RvvMtZbYqL"
    }
}
HTTP/1.1 200 OK
Date: Sun, 30 Jun 2024 15:27:55 GMT
Content-Type: application/json; charset=utf-8
Transfer-Encoding: chunked
Connection: keep-alive
X-Powered-By: Express
Access-Control-Allow-Origin: *
ETag: W/"48-uxyrFymzlvFP88jBzlV4C16CqVM"
CF-Cache-Status: DYNAMIC
Report-To: {"endpoints":[{"url":"https:\/\/a.nel.cloudflare.com\/report\/v4?s=aU6NAqM1Y5XLzNdoM8qAm2tAxai99G5ZpFKKM5hAqNwT4IwTjWeH%2FcM5BjHKBGxBzV2Wm8pO3mFJwHsZXJXTDUdWVtJDH50siLQ7yYuU8umSBqxhpLu3PEoujrSMIUzoTG77GDZh2SmgtODfJmcnMR9JN4Y%3D"}],"group":"cf-nel","max_age":604800}
NEL: {"success_fraction":0,"report_to":"cf-nel","max_age":604800}
Server: cloudflare
CF-RAY: 89bf2ee438ef9fed-AMS
Content-Encoding: gzip
alt-svc: h3=":443"; ma=86400

{
    "success": true,
    "user": {
        "email": "psfgjzbfpm@ya.ru",
        "name": "RvvMtZbYqL"
    }
}
HTTP/1.1 200 OK
Date: Sun, 30 Jun 2024 15:27:55 GMT
Content-Type: application/json; charset=utf-8
Transfer-Encoding: chunked
Connection: keep-alive
X-Powered-By: Express
Access-Control-Allow-Origin: *
ETag: W/"48-uxyrFymzlvFP88jBzlV4C16CqVM"
CF-Cache-Status: DYNAMIC
Report-To: {"endpoints":[{"url":"https:\/\/a.nel.cloudflare.com\/report\/v4?s=aU6NAqM1Y5XLzNdoM8qAm2tAxai99G5ZpFKKM5hAqNwT4IwTjWeH%2FcM5BjHKBGxBzV2Wm8pO3mFJwHsZXJXTDUdWVtJDH50siLQ7yYuU8umSBqxhpLu3PEoujrSMIUzoTG77GDZh2SmgtODfJmcnMR9JN4Y%3D"}],"group":"cf-nel","max_age":604800}
NEL: {"success_fraction":0,"report_to":"cf-nel","max_age":604800}
Server: cloudflare
CF-RAY: 89bf2ee438ef9fed-AMS
Content-Encoding: gzip
alt-svc: h3=":443"; ma=86400

{
    "success": true,
    "user": {
        "email": "psfgjzbfpm@ya.ru",
        "name": "RvvMtZbYqL"
    }
}
HTTP/1.1 200 OK
Date: Sun, 30 Jun 2024 15:27:55 GMT
Content-Type: application/json; charset=utf-8
Transfer-Encoding: chunked
Connection: keep-alive
X-Powered-By: Express
Access-Control-Allow-Origin: *
ETag: W/"48-uxyrFymzlvFP88jBzlV4C16CqVM"
CF-Cache-Status: DYNAMIC
Report-To: {"endpoints":[{"url":"https:\/\/a.nel.cloudflare.com\/report\/v4?s=aU6NAqM1Y5XLzNdoM8qAm2tAxai99G5ZpFKKM5hAqNwT4IwTjWeH%2FcM5BjHKBGxBzV2Wm8pO3mFJwHsZXJXTDUdWVtJDH50siLQ7yYuU8umSBqxhpLu3PEoujrSMIUzoTG77GDZh2SmgtODfJmcnMR9JN4Y%3D"}],"group":"cf-nel","max_age":604800}
NEL: {"success_fraction":0,"report_to":"cf-nel","max_age":604800}
Server: cloudflare
CF-RAY: 89bf2ee438ef9fed-AMS
Content-Encoding: gzip
alt-svc: h3=":443"; ma=86400

{
    "success": true,
    "user": {
        "email": "psfgjzbfpm@ya.ru",
        "name": "RvvMtZbYqL"
    }
}
HTTP/1.1 200 OK
Date: Sun, 30 Jun 2024 15:27:55 GMT
Content-Type: application/json; charset=utf-8
Transfer-Encoding: chunked
Connection: keep-alive
X-Powered-By: Express
Access-Control-Allow-Origin: *
ETag: W/"48-uxyrFymzlvFP88jBzlV4C16CqVM"
CF-Cache-Status: DYNAMIC
Report-To: {"endpoints":[{"url":"https:\/\/a.nel.cloudflare.com\/report\/v4?s=aU6NAqM1Y5XLzNdoM8qAm2tAxai99G5ZpFKKM5hAqNwT4IwTjWeH%2FcM5BjHKBGxBzV2Wm8pO3mFJwHsZXJXTDUdWVtJDH50siLQ7yYuU8umSBqxhpLu3PEoujrSMIUzoTG77GDZh2SmgtODfJmcnMR9JN4Y%3D"}],"group":"cf-nel","max_age":604800}
NEL: {"success_fraction":0,"report_to":"cf-nel","max_age":604800}
Server: cloudflare
CF-RAY: 89bf2ee438ef9fed-AMS
Content-Encoding: gzip
alt-svc: h3=":443"; ma=86400

{
    "success": true,
    "user": {
        "email": "psfgjzbfpm@ya.ru",
        "name": "RvvMtZbYqL"
    }
}
HTTP/1.1 200 OK
Date: Sun, 30 Jun 2024 15:27:55 GMT
Content-Type: application/json; charset=utf-8
Transfer-Encoding: chunked
Connection: keep-alive
X-Powered-By: Express
Access-Control-Allow-Origin: *
ETag: W/"48-uxyrFymzlvFP88jBzlV4C16CqVM"
CF-Cache-Status: DYNAMIC
Report-To: {"endpoints":[{"url":"https:\/\/a.nel.cloudflare.com\/report\/v4?s=aU6NAqM1Y5XLzNdoM8qAm2tAxai99G5ZpFKKM5hAqNwT4IwTjWeH%2FcM5BjHKBGxBzV2Wm8pO3mFJwHsZXJXTDUdWVtJDH50siLQ7yYuU8umSBqxhpLu3PEoujrSMIUzoTG77GDZh2SmgtODfJmcnMR9JN4Y%3D"}],"group":"cf-nel","max_age":604800}
NEL: {"success_fraction":0,"report_to":"cf-nel","max_age":604800}
Server: cloudflare
CF-RAY: 89bf2ee438ef9fed-AMS
Content-Encoding: gzip
alt-svc: h3=":443"; ma=86400

{
    "success": true,
    "user": {
        "email": "psfgjzbfpm@ya.ru",
        "name": "RvvMtZbYqL"
    }
}
HTTP/1.1 200 OK
Date: Sun, 30 Jun 2024 15:27:55 GMT
Content-Type: application/json; charset=utf-8
Transfer-Encoding: chunked
Connection: keep-alive
X-Powered-By: Express
Access-Control-Allow-Origin: *
ETag: W/"48-uxyrFymzlvFP88jBzlV4C16CqVM"
CF-Cache-Status: DYNAMIC
Report-To: {"endpoints":[{"url":"https:\/\/a.nel.cloudflare.com\/report\/v4?s=aU6NAqM1Y5XLzNdoM8qAm2tAxai99G5ZpFKKM5hAqNwT4IwTjWeH%2FcM5BjHKBGxBzV2Wm8pO3mFJwHsZXJXTDUdWVtJDH50siLQ7yYuU8umSBqxhpLu3PEoujrSMIUzoTG77GDZh2SmgtODfJmcnMR9JN4Y%3D"}],"group":"cf-nel","max_age":604800}
NEL: {"success_fraction":0,"report_to":"cf-nel","max_age":604800}
Server: cloudflare
CF-RAY: 89bf2ee438ef9fed-AMS
Content-Encoding: gzip
alt-svc: h3=":443"; ma=86400

{
    "success": true,
    "user": {
        "email": "psfgjzbfpm@ya.ru",
        "name": "RvvMtZbYqL"
    }
}
HTTP/1.1 200 OK
Date: Sun, 30 Jun 2024 15:27:55 GMT
Content-Type: application/json; charset=utf-8
Transfer-Encoding: chunked
Connection: keep-alive
X-Powered-By: Express
Access-Control-Allow-Origin: *
ETag: W/"48-uxyrFymzlvFP88jBzlV4C16CqVM"
CF-Cache-Status: DYNAMIC
Report-To: {"endpoints":[{"url":"https:\/\/a.nel.cloudflare.com\/report\/v4?s=aU6NAqM1Y5XLzNdoM8qAm2tAxai99G5ZpFKKM5hAqNwT4IwTjWeH%2FcM5BjHKBGxBzV2Wm8pO3mFJwHsZXJXTDUdWVtJDH50siLQ7yYuU8umSBqxhpLu3PEoujrSMIUzoTG77GDZh2SmgtODfJmcnMR9JN4Y%3D"}],"group":"cf-nel","max_age":604800}
NEL: {"success_fraction":0,"report_to":"cf-nel","max_age":604800}
Server: cloudflare
CF-RAY: 89bf2ee438ef9fed-AMS
Content-Encoding: gzip
alt-svc: h3=":443"; ma=86400

{
    "success": true,
    "user": {
        "email": "psfgjzbfpm@ya.ru",
        "name": "RvvMtZbYqL"
    }
}
HTTP/1.1 200 OK
Date: Sun, 30 Jun 2024 15:27:55 GMT
Content-Type: application/json; charset=utf-8
Transfer-Encoding: chunked
Connection: keep-alive
X-Powered-By: Express
Access-Control-Allow-Origin: *
ETag: W/"48-uxyrFymzlvFP88jBzlV4C16CqVM"
CF-Cache-Status: DYNAMIC
Report-To: {"endpoints":[{"url":"https:\/\/a.nel.cloudflare.com\/report\/v4?s=aU6NAqM1Y5XLzNdoM8qAm2tAxai99G5ZpFKKM5hAqNwT4IwTjWeH%2FcM5BjHKBGxBzV2Wm8pO3mFJwHsZXJXTDUdWVtJDH50siLQ7yYuU8umSBqxhpLu3PEoujrSMIUzoTG77GDZh2SmgtODfJmcnMR9JN4Y%3D"}],"group":"cf-nel","max_age":604800}
NEL: {"success_fraction":0,"report_to":"cf-nel","max_age":604800}
Server: cloudflare
CF-RAY: 89bf2ee438ef9fed-AMS
Content-Encoding: gzip
alt-svc: h3=":443"; ma=86400

{
    "success": true,
    "user": {
        "email": "psfgjzbfpm@ya.ru",
        "name": "RvvMtZbYqL"
    }
}
HTTP/1.1 200 OK
Date: Sun, 30 Jun 2024 15:27:55 GMT
Content-Type: application/json; charset=utf-8
Transfer-Encoding: chunked
Connection: keep-alive
X-Powered-By: Express
Access-Control-Allow-Origin: *
ETag: W/"48-uxyrFymzlvFP88jBzlV4C16CqVM"
CF-Cache-Status: DYNAMIC
Report-To: {"endpoints":[{"url":"https:\/\/a.nel.cloudflare.com\/report\/v4?s=aU6NAqM1Y5XLzNdoM8qAm2tAxai99G5ZpFKKM5hAqNwT4IwTjWeH%2FcM5BjHKBGxBzV2Wm8pO3mFJwHsZXJXTDUdWVtJDH50siLQ7yYuU8umSBqxhpLu3PEoujrSMIUzoTG77GDZh2SmgtODfJmcnMR9JN4Y%3D"}],"group":"cf-nel","max_age":604800}
NEL: {"success_fraction":0,"report_to":"cf-nel","max_age":604800}
Server: cloudflare
CF-RAY: 89bf2ee438ef9fed-AMS
Content-Encoding: gzip
alt-svc: h3=":443"; ma=86400

{
    "success": true,
    "user": {
        "email": "psfgjzbfpm@ya.ru",
        "name": "RvvMtZbYqL"
    }
}
HTTP/1.1 200 OK
Date: Sun, 30 Jun 2024 15:27:55 GMT
Content-Type: application/json; charset=utf-8
Transfer-Encoding: chunked
Connection: keep-alive
X-Powered-By: Express
Access-Control-Allow-Origin: *
ETag: W/"48-uxyrFymzlvFP88jBzlV4C16CqVM"
CF-Cache-Status: DYNAMIC
Report-To: {"endpoints":[{"url":"https:\/\/a.nel.cloudflare.com\/report\/v4?s=aU6NAqM1Y5XLzNdoM8qAm2tAxai99G5ZpFKKM5hAqNwT4IwTjWeH%2FcM5BjHKBGxBzV2Wm8pO3mFJwHsZXJXTDUdWVtJDH50siLQ7yYuU8umSBqxhpLu3PEoujrSMIUzoTG77GDZh2SmgtODfJmcnMR9JN4Y%3D"}],"group":"cf-nel","max_age":604800}
NEL: {"success_fraction":0,"report_to":"cf-nel","max_age":604800}
Server: cloudflare
CF-RAY: 89bf2ee438ef9fed-AMS
Content-Encoding: gzip
alt-svc: h3=":443"; ma=86400

{
    "success": true,
    "user": {
        "email": "psfgjzbfpm@ya.ru",
        "name": "RvvMtZbYqL"
    }
}
HTTP/1.1 200 OK
Date: Sun, 30 Jun 2024 15:27:55 GMT
Content-Type: application/json; charset=utf-8
Transfer-Encoding: chunked
Connection: keep-alive
X-Powered-By: Express
Access-Control-Allow-Origin: *
ETag: W/"48-uxyrFymzlvFP88jBzlV4C16CqVM"
CF-Cache-Status: DYNAMIC
Report-To: {"endpoints":[{"url":"https:\/\/a.nel.cloudflare.com\/report\/v4?s=aU6NAqM1Y5XLzNdoM8qAm2tAxai99G5ZpFKKM5hAqNwT4IwTjWeH%2FcM5BjHKBGxBzV2Wm8pO3mFJwHsZXJXTDUdWVtJDH50siLQ7yYuU8umSBqxhpLu3PEoujrSMIUzoTG77GDZh2SmgtODfJmcnMR9JN4Y%3D"}],"group":"cf-nel","max_age":604800}
NEL: {"success_fraction":0,"report_to":"cf-nel","max_age":604800}
Server: cloudflare
CF-RAY: 89bf2ee438ef9fed-AMS
Content-Encoding: gzip
alt-svc: h3=":443"; ma=86400

{
    "success": true,
    "user": {
        "email": "psfgjzbfpm@ya.ru",
        "name": "RvvMtZbYqL"
    }
}
HTTP/1.1 200 OK
Date: Sun, 30 Jun 2024 15:27:55 GMT
Content-Type: application/json; charset=utf-8
Transfer-Encoding: chunked
Connection: keep-alive
X-Powered-By: Express
Access-Control-Allow-Origin: *
ETag: W/"48-uxyrFymzlvFP88jBzlV4C16CqVM"
CF-Cache-Status: DYNAMIC
Report-To: {"endpoints":[{"url":"https:\/\/a.nel.cloudflare.com\/report\/v4?s=aU6NAqM1Y5XLzNdoM8qAm2tAxai99G5ZpFKKM5hAqNwT4IwTjWeH%2FcM5BjHKBGxBzV2Wm8pO3mFJwHsZXJXTDUdWVtJDH50siLQ7yYuU8umSBqxhpLu3PEoujrSMIUzoTG77GDZh2SmgtODfJmcnMR9JN4Y%3D"}],"group":"cf-nel","max_age":604800}
NEL: {"success_fraction":0,"report_to":"cf-nel","max_age":604800}
Server: cloudflare
CF-RAY: 89bf2ee438ef9fed-AMS
Content-Encoding: gzip
alt-svc: h3=":443"; ma=86400

{
    "success": true,
    "user": {
        "email": "psfgjzbfpm@ya.ru",
        "name": "RvvMtZbYqL"
    }
}
HTTP/1.1 200 OK
Date: Sun, 30 Jun 2024 15:27:55 GMT
Content-Type: application/json; charset=utf-8
Transfer-Encoding: chunked
Connection: keep-alive
X-Powered-By: Express
Access-Control-Allow-Origin: *
ETag: W/"48-uxyrFymzlvFP88jBzlV4C16CqVM"
CF-Cache-Status: DYNAMIC
Report-To: {"endpoints":[{"url":"https:\/\/a.nel.cloudflare.com\/report\/v4?s=aU6NAqM1Y5XLzNdoM8qAm2tAxai99G5ZpFKKM5hAqNwT4IwTjWeH%2FcM5BjHKBGxBzV2Wm8pO3mFJwHsZXJXTDUdWVtJDH50siLQ7yYuU8umSBqxhpLu3PEoujrSMIUzoTG77GDZh2SmgtODfJmcnMR9JN4Y%3D"}],"group":"cf-nel","max_age":604800}
NEL: {"success_fraction":0,"report_to":"cf-nel","max_age":604800}
Server: cloudflare
CF-RAY: 89bf2ee438ef9fed-AMS
Content-Encoding: gzip
alt-svc: h3=":443"; ma=86400

{
    "success": true,
    "user": {
        "email": "psfgjzbfpm@ya.ru",
        "name": "RvvMtZbYqL"
    }
}
HTTP/1.1 200 OK
Date: Sun, 30 Jun 2024 15:27:55 GMT
Content-Type: application/json; charset=utf-8
Transfer-Encoding: chunked
Connection: keep-alive
X-Powered-By: Express
Access-Control-Allow-Origin: *
ETag: W/"48-uxyrFymzlvFP88jBzlV4C16CqVM"
CF-Cache-Status: DYNAMIC
Report-To: {"endpoints":[{"url":"https:\/\/a.nel.cloudflare.com\/report\/v4?s=aU6NAqM1Y5XLzNdoM8qAm2tAxai99G5ZpFKKM5hAqNwT4IwTjWeH%2FcM5BjHKBGxBzV2Wm8pO3mFJwHsZXJXTDUdWVtJDH50siLQ7yYuU8umSBqxhpLu3PEoujrSMIUzoTG77GDZh2SmgtODfJmcnMR9JN4Y%3D"}],"group":"cf-nel","max_age":604800}
NEL: {"success_fraction":0,"report_to":"cf-nel","max_age":604800}
Server: cloudflare
CF-RAY: 89bf2ee438ef9fed-AMS
Content-Encoding: gzip
alt-svc: h3=":443"; ma=86400

{
    "success": true,
    "user": {
        "email": "psfgjzbfpm@ya.ru",
        "name": "RvvMtZbYqL"
    }
}
HTTP/1.1 200 OK
Date: Sun, 30 Jun 2024 15:27:55 GMT
Content-Type: application/json; charset=utf-8
Transfer-Encoding: chunked
Connection: keep-alive
X-Powered-By: Express
Access-Control-Allow-Origin: *
ETag: W/"48-uxyrFymzlvFP88jBzlV4C16CqVM"
CF-Cache-Status: DYNAMIC
Report-To: {"endpoints":[{"url":"https:\/\/a.nel.cloudflare.com\/report\/v4?s=aU6NAqM1Y5XLzNdoM8qAm2tAxai99G5ZpFKKM5hAqNwT4IwTjWeH%2FcM5BjHKBGxBzV2Wm8pO3mFJwHsZXJXTDUdWVtJDH50siLQ7yYuU8umSBqxhpLu3PEoujrSMIUzoTG77GDZh2SmgtODfJmcnMR9JN4Y%3D"}],"group":"cf-nel","max_age":604800}
NEL: {"success_fraction":0,"report_to":"cf-nel","max_age":604800}
Server: cloudflare
CF-RAY: 89bf2ee438ef9fed-AMS
Content-Encoding: gzip
alt-svc: h3=":443"; ma=86400

{
    "success": true,
    "user": {
        "email": "psfgjzbfpm@ya.ru",
        "name": "RvvMtZbYqL"
    }
}
HTTP/1.1 200 OK
Date: Sun, 30 Jun 2024 15:27:55 GMT
Content-Type: application/json; charset=utf-8
Transfer-Encoding: chunked
Connection: keep-alive
X-Powered-By: Express
Access-Control-Allow-Origin: *
ETag: W/"48-uxyrFymzlvFP88jBzlV4C16CqVM"
CF-Cache-Status: DYNAMIC
Report-To: {"endpoints":[{"url":"https:\/\/a.nel.cloudflare.com\/report\/v4?s=aU6NAqM1Y5XLzNdoM8qAm2tAxai99G5ZpFKKM5hAqNwT4IwTjWeH%2FcM5BjHKBGxBzV2Wm8pO3mFJwHsZXJXTDUdWVtJDH50siLQ7yYuU8umSBqxhpLu3PEoujrSMIUzoTG77GDZh2SmgtODfJmcnMR9JN4Y%3D"}],"group":"cf-nel","max_age":604800}
NEL: {"success_fraction":0,"report_to":"cf-nel","max_age":604800}
Server: cloudflare
CF-RAY: 89bf2ee438ef9fed-AMS
Content-Encoding: gzip
alt-svc: h3=":443"; ma=86400

{
    "success": true,
    "user": {
        "email": "psfgjzbfpm@ya.ru",
        "name": "RvvMtZbYqL"
    }
}
HTTP/1.1 200 OK
Date: Sun, 30 Jun 2024 15:27:55 GMT
Content-Type: application/json; charset=utf-8
Transfer-Encoding: chunked
Connection: keep-alive
X-Powered-By: Express
Access-Control-Allow-Origin: *
ETag: W/"48-uxyrFymzlvFP88jBzlV4C16CqVM"
CF-Cache-Status: DYNAMIC
Report-To: {"endpoints":[{"url":"https:\/\/a.nel.cloudflare.com\/report\/v4?s=aU6NAqM1Y5XLzNdoM8qAm2tAxai99G5ZpFKKM5hAqNwT4IwTjWeH%2FcM5BjHKBGxBzV2Wm8pO3mFJwHsZXJXTDUdWVtJDH50siLQ7yYuU8umSBqxhpLu3PEoujrSMIUzoTG77GDZh2SmgtODfJmcnMR9JN4Y%3D"}],"group":"cf-nel","max_age":604800}
NEL: {"success_fraction":0,"report_to":"cf-nel","max_age":604800}
Server: cloudflare
CF-RAY: 89bf2ee438ef9fed-AMS
Content-Encoding: gzip
alt-svc: h3=":443"; ma=86400

{
    "success": true,
    "user": {
        "email": "psfgjzbfpm@ya.ru",
        "name": "RvvMtZbYqL"
    }
}
Request method:	DELETE
Request URI:	https://stellarburgers.nomoreparties.site/api/auth/user
Proxy:			<none>
Request params:	<none>
Query params:	<none>
Form params:	<none>
Path params:	<none>
Headers:		authorization=Bearer eyJhbGciOiJIUzI1NiIsInR5cCI6IkpXVCJ9.eyJpZCI6IjY2ODE3OTdhOWVkMjgwMDAxYjQ1OTYyNiIsImlhdCI6MTcxOTc2MTI3NSwiZXhwIjoxNzE5NzYyNDc1fQ.zTI5dCfxyVVIEgZCV8RSo2O0LXNNeZMaeETzNeulKow
				Accept=*/*
				Content-Type=application/json
Cookies:		<none>
Multiparts:		<none>
Body:			<none>
Request method:	DELETE
Request URI:	https://stellarburgers.nomoreparties.site/api/auth/user
Proxy:			<none>
Request params:	<none>
Query params:	<none>
Form params:	<none>
Path params:	<none>
Headers:		authorization=Bearer eyJhbGciOiJIUzI1NiIsInR5cCI6IkpXVCJ9.eyJpZCI6IjY2ODE3OTdhOWVkMjgwMDAxYjQ1OTYyNiIsImlhdCI6MTcxOTc2MTI3NSwiZXhwIjoxNzE5NzYyNDc1fQ.zTI5dCfxyVVIEgZCV8RSo2O0LXNNeZMaeETzNeulKow
				Accept=*/*
				Content-Type=application/json
Cookies:		<none>
Multiparts:		<none>
Body:			<none>
Request method:	DELETE
Request URI:	https://stellarburgers.nomoreparties.site/api/auth/user
Proxy:			<none>
Request params:	<none>
Query params:	<none>
Form params:	<none>
Path params:	<none>
Headers:		authorization=Bearer eyJhbGciOiJIUzI1NiIsInR5cCI6IkpXVCJ9.eyJpZCI6IjY2ODE3OTdhOWVkMjgwMDAxYjQ1OTYyNiIsImlhdCI6MTcxOTc2MTI3NSwiZXhwIjoxNzE5NzYyNDc1fQ.zTI5dCfxyVVIEgZCV8RSo2O0LXNNeZMaeETzNeulKow
				Accept=*/*
				Content-Type=application/json
Cookies:		<none>
Multiparts:		<none>
Body:			<none>
Request method:	DELETE
Request URI:	https://stellarburgers.nomoreparties.site/api/auth/user
Proxy:			<none>
Request params:	<none>
Query params:	<none>
Form params:	<none>
Path params:	<none>
Headers:		authorization=Bearer eyJhbGciOiJIUzI1NiIsInR5cCI6IkpXVCJ9.eyJpZCI6IjY2ODE3OTdhOWVkMjgwMDAxYjQ1OTYyNiIsImlhdCI6MTcxOTc2MTI3NSwiZXhwIjoxNzE5NzYyNDc1fQ.zTI5dCfxyVVIEgZCV8RSo2O0LXNNeZMaeETzNeulKow
				Accept=*/*
				Content-Type=application/json
Cookies:		<none>
Multiparts:		<none>
Body:			<none>
Request method:	DELETE
Request URI:	https://stellarburgers.nomoreparties.site/api/auth/user
Proxy:			<none>
Request params:	<none>
Query params:	<none>
Form params:	<none>
Path params:	<none>
Headers:		authorization=Bearer eyJhbGciOiJIUzI1NiIsInR5cCI6IkpXVCJ9.eyJpZCI6IjY2ODE3OTdhOWVkMjgwMDAxYjQ1OTYyNiIsImlhdCI6MTcxOTc2MTI3NSwiZXhwIjoxNzE5NzYyNDc1fQ.zTI5dCfxyVVIEgZCV8RSo2O0LXNNeZMaeETzNeulKow
				Accept=*/*
				Content-Type=application/json
Cookies:		<none>
Multiparts:		<none>
Body:			<none>
Request method:	DELETE
Request URI:	https://stellarburgers.nomoreparties.site/api/auth/user
Proxy:			<none>
Request params:	<none>
Query params:	<none>
Form params:	<none>
Path params:	<none>
Headers:		authorization=Bearer eyJhbGciOiJIUzI1NiIsInR5cCI6IkpXVCJ9.eyJpZCI6IjY2ODE3OTdhOWVkMjgwMDAxYjQ1OTYyNiIsImlhdCI6MTcxOTc2MTI3NSwiZXhwIjoxNzE5NzYyNDc1fQ.zTI5dCfxyVVIEgZCV8RSo2O0LXNNeZMaeETzNeulKow
				Accept=*/*
				Content-Type=application/json
Cookies:		<none>
Multiparts:		<none>
Body:			<none>
Request method:	DELETE
Request URI:	https://stellarburgers.nomoreparties.site/api/auth/user
Proxy:			<none>
Request params:	<none>
Query params:	<none>
Form params:	<none>
Path params:	<none>
Headers:		authorization=Bearer eyJhbGciOiJIUzI1NiIsInR5cCI6IkpXVCJ9.eyJpZCI6IjY2ODE3OTdhOWVkMjgwMDAxYjQ1OTYyNiIsImlhdCI6MTcxOTc2MTI3NSwiZXhwIjoxNzE5NzYyNDc1fQ.zTI5dCfxyVVIEgZCV8RSo2O0LXNNeZMaeETzNeulKow
				Accept=*/*
				Content-Type=application/json
Cookies:		<none>
Multiparts:		<none>
Body:			<none>
Request method:	DELETE
Request URI:	https://stellarburgers.nomoreparties.site/api/auth/user
Proxy:			<none>
Request params:	<none>
Query params:	<none>
Form params:	<none>
Path params:	<none>
Headers:		authorization=Bearer eyJhbGciOiJIUzI1NiIsInR5cCI6IkpXVCJ9.eyJpZCI6IjY2ODE3OTdhOWVkMjgwMDAxYjQ1OTYyNiIsImlhdCI6MTcxOTc2MTI3NSwiZXhwIjoxNzE5NzYyNDc1fQ.zTI5dCfxyVVIEgZCV8RSo2O0LXNNeZMaeETzNeulKow
				Accept=*/*
				Content-Type=application/json
Cookies:		<none>
Multiparts:		<none>
Body:			<none>
Request method:	DELETE
Request URI:	https://stellarburgers.nomoreparties.site/api/auth/user
Proxy:			<none>
Request params:	<none>
Query params:	<none>
Form params:	<none>
Path params:	<none>
Headers:		authorization=Bearer eyJhbGciOiJIUzI1NiIsInR5cCI6IkpXVCJ9.eyJpZCI6IjY2ODE3OTdhOWVkMjgwMDAxYjQ1OTYyNiIsImlhdCI6MTcxOTc2MTI3NSwiZXhwIjoxNzE5NzYyNDc1fQ.zTI5dCfxyVVIEgZCV8RSo2O0LXNNeZMaeETzNeulKow
				Accept=*/*
				Content-Type=application/json
Cookies:		<none>
Multiparts:		<none>
Body:			<none>
Request method:	DELETE
Request URI:	https://stellarburgers.nomoreparties.site/api/auth/user
Proxy:			<none>
Request params:	<none>
Query params:	<none>
Form params:	<none>
Path params:	<none>
Headers:		authorization=Bearer eyJhbGciOiJIUzI1NiIsInR5cCI6IkpXVCJ9.eyJpZCI6IjY2ODE3OTdhOWVkMjgwMDAxYjQ1OTYyNiIsImlhdCI6MTcxOTc2MTI3NSwiZXhwIjoxNzE5NzYyNDc1fQ.zTI5dCfxyVVIEgZCV8RSo2O0LXNNeZMaeETzNeulKow
				Accept=*/*
				Content-Type=application/json
Cookies:		<none>
Multiparts:		<none>
Body:			<none>
Request method:	DELETE
Request URI:	https://stellarburgers.nomoreparties.site/api/auth/user
Proxy:			<none>
Request params:	<none>
Query params:	<none>
Form params:	<none>
Path params:	<none>
Headers:		authorization=Bearer eyJhbGciOiJIUzI1NiIsInR5cCI6IkpXVCJ9.eyJpZCI6IjY2ODE3OTdhOWVkMjgwMDAxYjQ1OTYyNiIsImlhdCI6MTcxOTc2MTI3NSwiZXhwIjoxNzE5NzYyNDc1fQ.zTI5dCfxyVVIEgZCV8RSo2O0LXNNeZMaeETzNeulKow
				Accept=*/*
				Content-Type=application/json
Cookies:		<none>
Multiparts:		<none>
Body:			<none>
Request method:	DELETE
Request URI:	https://stellarburgers.nomoreparties.site/api/auth/user
Proxy:			<none>
Request params:	<none>
Query params:	<none>
Form params:	<none>
Path params:	<none>
Headers:		authorization=Bearer eyJhbGciOiJIUzI1NiIsInR5cCI6IkpXVCJ9.eyJpZCI6IjY2ODE3OTdhOWVkMjgwMDAxYjQ1OTYyNiIsImlhdCI6MTcxOTc2MTI3NSwiZXhwIjoxNzE5NzYyNDc1fQ.zTI5dCfxyVVIEgZCV8RSo2O0LXNNeZMaeETzNeulKow
				Accept=*/*
				Content-Type=application/json
Cookies:		<none>
Multiparts:		<none>
Body:			<none>
Request method:	DELETE
Request URI:	https://stellarburgers.nomoreparties.site/api/auth/user
Proxy:			<none>
Request params:	<none>
Query params:	<none>
Form params:	<none>
Path params:	<none>
Headers:		authorization=Bearer eyJhbGciOiJIUzI1NiIsInR5cCI6IkpXVCJ9.eyJpZCI6IjY2ODE3OTdhOWVkMjgwMDAxYjQ1OTYyNiIsImlhdCI6MTcxOTc2MTI3NSwiZXhwIjoxNzE5NzYyNDc1fQ.zTI5dCfxyVVIEgZCV8RSo2O0LXNNeZMaeETzNeulKow
				Accept=*/*
				Content-Type=application/json
Cookies:		<none>
Multiparts:		<none>
Body:			<none>
Request method:	DELETE
Request URI:	https://stellarburgers.nomoreparties.site/api/auth/user
Proxy:			<none>
Request params:	<none>
Query params:	<none>
Form params:	<none>
Path params:	<none>
Headers:		authorization=Bearer eyJhbGciOiJIUzI1NiIsInR5cCI6IkpXVCJ9.eyJpZCI6IjY2ODE3OTdhOWVkMjgwMDAxYjQ1OTYyNiIsImlhdCI6MTcxOTc2MTI3NSwiZXhwIjoxNzE5NzYyNDc1fQ.zTI5dCfxyVVIEgZCV8RSo2O0LXNNeZMaeETzNeulKow
				Accept=*/*
				Content-Type=application/json
Cookies:		<none>
Multiparts:		<none>
Body:			<none>
Request method:	DELETE
Request URI:	https://stellarburgers.nomoreparties.site/api/auth/user
Proxy:			<none>
Request params:	<none>
Query params:	<none>
Form params:	<none>
Path params:	<none>
Headers:		authorization=Bearer eyJhbGciOiJIUzI1NiIsInR5cCI6IkpXVCJ9.eyJpZCI6IjY2ODE3OTdhOWVkMjgwMDAxYjQ1OTYyNiIsImlhdCI6MTcxOTc2MTI3NSwiZXhwIjoxNzE5NzYyNDc1fQ.zTI5dCfxyVVIEgZCV8RSo2O0LXNNeZMaeETzNeulKow
				Accept=*/*
				Content-Type=application/json
Cookies:		<none>
Multiparts:		<none>
Body:			<none>
Request method:	DELETE
Request URI:	https://stellarburgers.nomoreparties.site/api/auth/user
Proxy:			<none>
Request params:	<none>
Query params:	<none>
Form params:	<none>
Path params:	<none>
Headers:		authorization=Bearer eyJhbGciOiJIUzI1NiIsInR5cCI6IkpXVCJ9.eyJpZCI6IjY2ODE3OTdhOWVkMjgwMDAxYjQ1OTYyNiIsImlhdCI6MTcxOTc2MTI3NSwiZXhwIjoxNzE5NzYyNDc1fQ.zTI5dCfxyVVIEgZCV8RSo2O0LXNNeZMaeETzNeulKow
				Accept=*/*
				Content-Type=application/json
Cookies:		<none>
Multiparts:		<none>
Body:			<none>
Request method:	DELETE
Request URI:	https://stellarburgers.nomoreparties.site/api/auth/user
Proxy:			<none>
Request params:	<none>
Query params:	<none>
Form params:	<none>
Path params:	<none>
Headers:		authorization=Bearer eyJhbGciOiJIUzI1NiIsInR5cCI6IkpXVCJ9.eyJpZCI6IjY2ODE3OTdhOWVkMjgwMDAxYjQ1OTYyNiIsImlhdCI6MTcxOTc2MTI3NSwiZXhwIjoxNzE5NzYyNDc1fQ.zTI5dCfxyVVIEgZCV8RSo2O0LXNNeZMaeETzNeulKow
				Accept=*/*
				Content-Type=application/json
Cookies:		<none>
Multiparts:		<none>
Body:			<none>
Request method:	DELETE
Request URI:	https://stellarburgers.nomoreparties.site/api/auth/user
Proxy:			<none>
Request params:	<none>
Query params:	<none>
Form params:	<none>
Path params:	<none>
Headers:		authorization=Bearer eyJhbGciOiJIUzI1NiIsInR5cCI6IkpXVCJ9.eyJpZCI6IjY2ODE3OTdhOWVkMjgwMDAxYjQ1OTYyNiIsImlhdCI6MTcxOTc2MTI3NSwiZXhwIjoxNzE5NzYyNDc1fQ.zTI5dCfxyVVIEgZCV8RSo2O0LXNNeZMaeETzNeulKow
				Accept=*/*
				Content-Type=application/json
Cookies:		<none>
Multiparts:		<none>
Body:			<none>
Request method:	DELETE
Request URI:	https://stellarburgers.nomoreparties.site/api/auth/user
Proxy:			<none>
Request params:	<none>
Query params:	<none>
Form params:	<none>
Path params:	<none>
Headers:		authorization=Bearer eyJhbGciOiJIUzI1NiIsInR5cCI6IkpXVCJ9.eyJpZCI6IjY2ODE3OTdhOWVkMjgwMDAxYjQ1OTYyNiIsImlhdCI6MTcxOTc2MTI3NSwiZXhwIjoxNzE5NzYyNDc1fQ.zTI5dCfxyVVIEgZCV8RSo2O0LXNNeZMaeETzNeulKow
				Accept=*/*
				Content-Type=application/json
Cookies:		<none>
Multiparts:		<none>
Body:			<none>
Request method:	DELETE
Request URI:	https://stellarburgers.nomoreparties.site/api/auth/user
Proxy:			<none>
Request params:	<none>
Query params:	<none>
Form params:	<none>
Path params:	<none>
Headers:		authorization=Bearer eyJhbGciOiJIUzI1NiIsInR5cCI6IkpXVCJ9.eyJpZCI6IjY2ODE3OTdhOWVkMjgwMDAxYjQ1OTYyNiIsImlhdCI6MTcxOTc2MTI3NSwiZXhwIjoxNzE5NzYyNDc1fQ.zTI5dCfxyVVIEgZCV8RSo2O0LXNNeZMaeETzNeulKow
				Accept=*/*
				Content-Type=application/json
Cookies:		<none>
Multiparts:		<none>
Body:			<none>
Request method:	DELETE
Request URI:	https://stellarburgers.nomoreparties.site/api/auth/user
Proxy:			<none>
Request params:	<none>
Query params:	<none>
Form params:	<none>
Path params:	<none>
Headers:		authorization=Bearer eyJhbGciOiJIUzI1NiIsInR5cCI6IkpXVCJ9.eyJpZCI6IjY2ODE3OTdhOWVkMjgwMDAxYjQ1OTYyNiIsImlhdCI6MTcxOTc2MTI3NSwiZXhwIjoxNzE5NzYyNDc1fQ.zTI5dCfxyVVIEgZCV8RSo2O0LXNNeZMaeETzNeulKow
				Accept=*/*
				Content-Type=application/json
Cookies:		<none>
Multiparts:		<none>
Body:			<none>
Request method:	DELETE
Request URI:	https://stellarburgers.nomoreparties.site/api/auth/user
Proxy:			<none>
Request params:	<none>
Query params:	<none>
Form params:	<none>
Path params:	<none>
Headers:		authorization=Bearer eyJhbGciOiJIUzI1NiIsInR5cCI6IkpXVCJ9.eyJpZCI6IjY2ODE3OTdhOWVkMjgwMDAxYjQ1OTYyNiIsImlhdCI6MTcxOTc2MTI3NSwiZXhwIjoxNzE5NzYyNDc1fQ.zTI5dCfxyVVIEgZCV8RSo2O0LXNNeZMaeETzNeulKow
				Accept=*/*
				Content-Type=application/json
Cookies:		<none>
Multiparts:		<none>
Body:			<none>
Request method:	DELETE
Request URI:	https://stellarburgers.nomoreparties.site/api/auth/user
Proxy:			<none>
Request params:	<none>
Query params:	<none>
Form params:	<none>
Path params:	<none>
Headers:		authorization=Bearer eyJhbGciOiJIUzI1NiIsInR5cCI6IkpXVCJ9.eyJpZCI6IjY2ODE3OTdhOWVkMjgwMDAxYjQ1OTYyNiIsImlhdCI6MTcxOTc2MTI3NSwiZXhwIjoxNzE5NzYyNDc1fQ.zTI5dCfxyVVIEgZCV8RSo2O0LXNNeZMaeETzNeulKow
				Accept=*/*
				Content-Type=application/json
Cookies:		<none>
Multiparts:		<none>
Body:			<none>
Request method:	DELETE
Request URI:	https://stellarburgers.nomoreparties.site/api/auth/user
Proxy:			<none>
Request params:	<none>
Query params:	<none>
Form params:	<none>
Path params:	<none>
Headers:		authorization=Bearer eyJhbGciOiJIUzI1NiIsInR5cCI6IkpXVCJ9.eyJpZCI6IjY2ODE3OTdhOWVkMjgwMDAxYjQ1OTYyNiIsImlhdCI6MTcxOTc2MTI3NSwiZXhwIjoxNzE5NzYyNDc1fQ.zTI5dCfxyVVIEgZCV8RSo2O0LXNNeZMaeETzNeulKow
				Accept=*/*
				Content-Type=application/json
Cookies:		<none>
Multiparts:		<none>
Body:			<none>
Request method:	DELETE
Request URI:	https://stellarburgers.nomoreparties.site/api/auth/user
Proxy:			<none>
Request params:	<none>
Query params:	<none>
Form params:	<none>
Path params:	<none>
Headers:		authorization=Bearer eyJhbGciOiJIUzI1NiIsInR5cCI6IkpXVCJ9.eyJpZCI6IjY2ODE3OTdhOWVkMjgwMDAxYjQ1OTYyNiIsImlhdCI6MTcxOTc2MTI3NSwiZXhwIjoxNzE5NzYyNDc1fQ.zTI5dCfxyVVIEgZCV8RSo2O0LXNNeZMaeETzNeulKow
				Accept=*/*
				Content-Type=application/json
Cookies:		<none>
Multiparts:		<none>
Body:			<none>
Request method:	DELETE
Request URI:	https://stellarburgers.nomoreparties.site/api/auth/user
Proxy:			<none>
Request params:	<none>
Query params:	<none>
Form params:	<none>
Path params:	<none>
Headers:		authorization=Bearer eyJhbGciOiJIUzI1NiIsInR5cCI6IkpXVCJ9.eyJpZCI6IjY2ODE3OTdhOWVkMjgwMDAxYjQ1OTYyNiIsImlhdCI6MTcxOTc2MTI3NSwiZXhwIjoxNzE5NzYyNDc1fQ.zTI5dCfxyVVIEgZCV8RSo2O0LXNNeZMaeETzNeulKow
				Accept=*/*
				Content-Type=application/json
Cookies:		<none>
Multiparts:		<none>
Body:			<none>
Request method:	DELETE
Request URI:	https://stellarburgers.nomoreparties.site/api/auth/user
Proxy:			<none>
Request params:	<none>
Query params:	<none>
Form params:	<none>
Path params:	<none>
Headers:		authorization=Bearer eyJhbGciOiJIUzI1NiIsInR5cCI6IkpXVCJ9.eyJpZCI6IjY2ODE3OTdhOWVkMjgwMDAxYjQ1OTYyNiIsImlhdCI6MTcxOTc2MTI3NSwiZXhwIjoxNzE5NzYyNDc1fQ.zTI5dCfxyVVIEgZCV8RSo2O0LXNNeZMaeETzNeulKow
				Accept=*/*
				Content-Type=application/json
Cookies:		<none>
Multiparts:		<none>
Body:			<none>
Request method:	DELETE
Request URI:	https://stellarburgers.nomoreparties.site/api/auth/user
Proxy:			<none>
Request params:	<none>
Query params:	<none>
Form params:	<none>
Path params:	<none>
Headers:		authorization=Bearer eyJhbGciOiJIUzI1NiIsInR5cCI6IkpXVCJ9.eyJpZCI6IjY2ODE3OTdhOWVkMjgwMDAxYjQ1OTYyNiIsImlhdCI6MTcxOTc2MTI3NSwiZXhwIjoxNzE5NzYyNDc1fQ.zTI5dCfxyVVIEgZCV8RSo2O0LXNNeZMaeETzNeulKow
				Accept=*/*
				Content-Type=application/json
Cookies:		<none>
Multiparts:		<none>
Body:			<none>
Request method:	DELETE
Request URI:	https://stellarburgers.nomoreparties.site/api/auth/user
Proxy:			<none>
Request params:	<none>
Query params:	<none>
Form params:	<none>
Path params:	<none>
Headers:		authorization=Bearer eyJhbGciOiJIUzI1NiIsInR5cCI6IkpXVCJ9.eyJpZCI6IjY2ODE3OTdhOWVkMjgwMDAxYjQ1OTYyNiIsImlhdCI6MTcxOTc2MTI3NSwiZXhwIjoxNzE5NzYyNDc1fQ.zTI5dCfxyVVIEgZCV8RSo2O0LXNNeZMaeETzNeulKow
				Accept=*/*
				Content-Type=application/json
Cookies:		<none>
Multiparts:		<none>
Body:			<none>
Request method:	DELETE
Request URI:	https://stellarburgers.nomoreparties.site/api/auth/user
Proxy:			<none>
Request params:	<none>
Query params:	<none>
Form params:	<none>
Path params:	<none>
Headers:		authorization=Bearer eyJhbGciOiJIUzI1NiIsInR5cCI6IkpXVCJ9.eyJpZCI6IjY2ODE3OTdhOWVkMjgwMDAxYjQ1OTYyNiIsImlhdCI6MTcxOTc2MTI3NSwiZXhwIjoxNzE5NzYyNDc1fQ.zTI5dCfxyVVIEgZCV8RSo2O0LXNNeZMaeETzNeulKow
				Accept=*/*
				Content-Type=application/json
Cookies:		<none>
Multiparts:		<none>
Body:			<none>
Request method:	DELETE
Request URI:	https://stellarburgers.nomoreparties.site/api/auth/user
Proxy:			<none>
Request params:	<none>
Query params:	<none>
Form params:	<none>
Path params:	<none>
Headers:		authorization=Bearer eyJhbGciOiJIUzI1NiIsInR5cCI6IkpXVCJ9.eyJpZCI6IjY2ODE3OTdhOWVkMjgwMDAxYjQ1OTYyNiIsImlhdCI6MTcxOTc2MTI3NSwiZXhwIjoxNzE5NzYyNDc1fQ.zTI5dCfxyVVIEgZCV8RSo2O0LXNNeZMaeETzNeulKow
				Accept=*/*
				Content-Type=application/json
Cookies:		<none>
Multiparts:		<none>
Body:			<none>
Request method:	DELETE
Request URI:	https://stellarburgers.nomoreparties.site/api/auth/user
Proxy:			<none>
Request params:	<none>
Query params:	<none>
Form params:	<none>
Path params:	<none>
Headers:		authorization=Bearer eyJhbGciOiJIUzI1NiIsInR5cCI6IkpXVCJ9.eyJpZCI6IjY2ODE3OTdhOWVkMjgwMDAxYjQ1OTYyNiIsImlhdCI6MTcxOTc2MTI3NSwiZXhwIjoxNzE5NzYyNDc1fQ.zTI5dCfxyVVIEgZCV8RSo2O0LXNNeZMaeETzNeulKow
				Accept=*/*
				Content-Type=application/json
Cookies:		<none>
Multiparts:		<none>
Body:			<none>
Request method:	DELETE
Request URI:	https://stellarburgers.nomoreparties.site/api/auth/user
Proxy:			<none>
Request params:	<none>
Query params:	<none>
Form params:	<none>
Path params:	<none>
Headers:		authorization=Bearer eyJhbGciOiJIUzI1NiIsInR5cCI6IkpXVCJ9.eyJpZCI6IjY2ODE3OTdhOWVkMjgwMDAxYjQ1OTYyNiIsImlhdCI6MTcxOTc2MTI3NSwiZXhwIjoxNzE5NzYyNDc1fQ.zTI5dCfxyVVIEgZCV8RSo2O0LXNNeZMaeETzNeulKow
				Accept=*/*
				Content-Type=application/json
Cookies:		<none>
Multiparts:		<none>
Body:			<none>
Request method:	DELETE
Request URI:	https://stellarburgers.nomoreparties.site/api/auth/user
Proxy:			<none>
Request params:	<none>
Query params:	<none>
Form params:	<none>
Path params:	<none>
Headers:		authorization=Bearer eyJhbGciOiJIUzI1NiIsInR5cCI6IkpXVCJ9.eyJpZCI6IjY2ODE3OTdhOWVkMjgwMDAxYjQ1OTYyNiIsImlhdCI6MTcxOTc2MTI3NSwiZXhwIjoxNzE5NzYyNDc1fQ.zTI5dCfxyVVIEgZCV8RSo2O0LXNNeZMaeETzNeulKow
				Accept=*/*
				Content-Type=application/json
Cookies:		<none>
Multiparts:		<none>
Body:			<none>
Request method:	DELETE
Request URI:	https://stellarburgers.nomoreparties.site/api/auth/user
Proxy:			<none>
Request params:	<none>
Query params:	<none>
Form params:	<none>
Path params:	<none>
Headers:		authorization=Bearer eyJhbGciOiJIUzI1NiIsInR5cCI6IkpXVCJ9.eyJpZCI6IjY2ODE3OTdhOWVkMjgwMDAxYjQ1OTYyNiIsImlhdCI6MTcxOTc2MTI3NSwiZXhwIjoxNzE5NzYyNDc1fQ.zTI5dCfxyVVIEgZCV8RSo2O0LXNNeZMaeETzNeulKow
				Accept=*/*
				Content-Type=application/json
Cookies:		<none>
Multiparts:		<none>
Body:			<none>
Request method:	DELETE
Request URI:	https://stellarburgers.nomoreparties.site/api/auth/user
Proxy:			<none>
Request params:	<none>
Query params:	<none>
Form params:	<none>
Path params:	<none>
Headers:		authorization=Bearer eyJhbGciOiJIUzI1NiIsInR5cCI6IkpXVCJ9.eyJpZCI6IjY2ODE3OTdhOWVkMjgwMDAxYjQ1OTYyNiIsImlhdCI6MTcxOTc2MTI3NSwiZXhwIjoxNzE5NzYyNDc1fQ.zTI5dCfxyVVIEgZCV8RSo2O0LXNNeZMaeETzNeulKow
				Accept=*/*
				Content-Type=application/json
Cookies:		<none>
Multiparts:		<none>
Body:			<none>
Request method:	DELETE
Request URI:	https://stellarburgers.nomoreparties.site/api/auth/user
Proxy:			<none>
Request params:	<none>
Query params:	<none>
Form params:	<none>
Path params:	<none>
Headers:		authorization=Bearer eyJhbGciOiJIUzI1NiIsInR5cCI6IkpXVCJ9.eyJpZCI6IjY2ODE3OTdhOWVkMjgwMDAxYjQ1OTYyNiIsImlhdCI6MTcxOTc2MTI3NSwiZXhwIjoxNzE5NzYyNDc1fQ.zTI5dCfxyVVIEgZCV8RSo2O0LXNNeZMaeETzNeulKow
				Accept=*/*
				Content-Type=application/json
Cookies:		<none>
Multiparts:		<none>
Body:			<none>
Request method:	DELETE
Request URI:	https://stellarburgers.nomoreparties.site/api/auth/user
Proxy:			<none>
Request params:	<none>
Query params:	<none>
Form params:	<none>
Path params:	<none>
Headers:		authorization=Bearer eyJhbGciOiJIUzI1NiIsInR5cCI6IkpXVCJ9.eyJpZCI6IjY2ODE3OTdhOWVkMjgwMDAxYjQ1OTYyNiIsImlhdCI6MTcxOTc2MTI3NSwiZXhwIjoxNzE5NzYyNDc1fQ.zTI5dCfxyVVIEgZCV8RSo2O0LXNNeZMaeETzNeulKow
				Accept=*/*
				Content-Type=application/json
Cookies:		<none>
Multiparts:		<none>
Body:			<none>
HTTP/1.1 202 Accepted
Date: Sun, 30 Jun 2024 15:27:56 GMT
Content-Type: application/json; charset=utf-8
Content-Length: 54
Connection: keep-alive
X-Powered-By: Express
Access-Control-Allow-Origin: *
ETag: W/"36-hDmZnQ3Ou/ynnqAeC6TYmyseuzY"
CF-Cache-Status: DYNAMIC
Report-To: {"endpoints":[{"url":"https:\/\/a.nel.cloudflare.com\/report\/v4?s=E7UGE%2Fazv1PZgVYeF1AwoHX72DdHjlWAdQtBPV1uDdJMJmIz7GaxTr%2FafRn1qfy9r2IOx2zE98zcGwi8vyQwSce6QfpmAt1lph8s62blQxxIk48LHweXhZ0z0pxlLyYTOGxsuLnoODoXgCyTKBa0votCbxI%3D"}],"group":"cf-nel","max_age":604800}
NEL: {"success_fraction":0,"report_to":"cf-nel","max_age":604800}
Server: cloudflare
CF-RAY: 89bf2ee57f179d38-DME
alt-svc: h3=":443"; ma=86400

{
    "success": true,
    "message": "User successfully removed"
}
HTTP/1.1 202 Accepted
Date: Sun, 30 Jun 2024 15:27:56 GMT
Content-Type: application/json; charset=utf-8
Content-Length: 54
Connection: keep-alive
X-Powered-By: Express
Access-Control-Allow-Origin: *
ETag: W/"36-hDmZnQ3Ou/ynnqAeC6TYmyseuzY"
CF-Cache-Status: DYNAMIC
Report-To: {"endpoints":[{"url":"https:\/\/a.nel.cloudflare.com\/report\/v4?s=E7UGE%2Fazv1PZgVYeF1AwoHX72DdHjlWAdQtBPV1uDdJMJmIz7GaxTr%2FafRn1qfy9r2IOx2zE98zcGwi8vyQwSce6QfpmAt1lph8s62blQxxIk48LHweXhZ0z0pxlLyYTOGxsuLnoODoXgCyTKBa0votCbxI%3D"}],"group":"cf-nel","max_age":604800}
NEL: {"success_fraction":0,"report_to":"cf-nel","max_age":604800}
Server: cloudflare
CF-RAY: 89bf2ee57f179d38-DME
alt-svc: h3=":443"; ma=86400

{
    "success": true,
    "message": "User successfully removed"
}
HTTP/1.1 202 Accepted
Date: Sun, 30 Jun 2024 15:27:56 GMT
Content-Type: application/json; charset=utf-8
Content-Length: 54
Connection: keep-alive
X-Powered-By: Express
Access-Control-Allow-Origin: *
ETag: W/"36-hDmZnQ3Ou/ynnqAeC6TYmyseuzY"
CF-Cache-Status: DYNAMIC
Report-To: {"endpoints":[{"url":"https:\/\/a.nel.cloudflare.com\/report\/v4?s=E7UGE%2Fazv1PZgVYeF1AwoHX72DdHjlWAdQtBPV1uDdJMJmIz7GaxTr%2FafRn1qfy9r2IOx2zE98zcGwi8vyQwSce6QfpmAt1lph8s62blQxxIk48LHweXhZ0z0pxlLyYTOGxsuLnoODoXgCyTKBa0votCbxI%3D"}],"group":"cf-nel","max_age":604800}
NEL: {"success_fraction":0,"report_to":"cf-nel","max_age":604800}
Server: cloudflare
CF-RAY: 89bf2ee57f179d38-DME
alt-svc: h3=":443"; ma=86400

{
    "success": true,
    "message": "User successfully removed"
}
HTTP/1.1 202 Accepted
Date: Sun, 30 Jun 2024 15:27:56 GMT
Content-Type: application/json; charset=utf-8
Content-Length: 54
Connection: keep-alive
X-Powered-By: Express
Access-Control-Allow-Origin: *
ETag: W/"36-hDmZnQ3Ou/ynnqAeC6TYmyseuzY"
CF-Cache-Status: DYNAMIC
Report-To: {"endpoints":[{"url":"https:\/\/a.nel.cloudflare.com\/report\/v4?s=E7UGE%2Fazv1PZgVYeF1AwoHX72DdHjlWAdQtBPV1uDdJMJmIz7GaxTr%2FafRn1qfy9r2IOx2zE98zcGwi8vyQwSce6QfpmAt1lph8s62blQxxIk48LHweXhZ0z0pxlLyYTOGxsuLnoODoXgCyTKBa0votCbxI%3D"}],"group":"cf-nel","max_age":604800}
NEL: {"success_fraction":0,"report_to":"cf-nel","max_age":604800}
Server: cloudflare
CF-RAY: 89bf2ee57f179d38-DME
alt-svc: h3=":443"; ma=86400

{
    "success": true,
    "message": "User successfully removed"
}
HTTP/1.1 202 Accepted
Date: Sun, 30 Jun 2024 15:27:56 GMT
Content-Type: application/json; charset=utf-8
Content-Length: 54
Connection: keep-alive
X-Powered-By: Express
Access-Control-Allow-Origin: *
ETag: W/"36-hDmZnQ3Ou/ynnqAeC6TYmyseuzY"
CF-Cache-Status: DYNAMIC
Report-To: {"endpoints":[{"url":"https:\/\/a.nel.cloudflare.com\/report\/v4?s=E7UGE%2Fazv1PZgVYeF1AwoHX72DdHjlWAdQtBPV1uDdJMJmIz7GaxTr%2FafRn1qfy9r2IOx2zE98zcGwi8vyQwSce6QfpmAt1lph8s62blQxxIk48LHweXhZ0z0pxlLyYTOGxsuLnoODoXgCyTKBa0votCbxI%3D"}],"group":"cf-nel","max_age":604800}
NEL: {"success_fraction":0,"report_to":"cf-nel","max_age":604800}
Server: cloudflare
CF-RAY: 89bf2ee57f179d38-DME
alt-svc: h3=":443"; ma=86400

{
    "success": true,
    "message": "User successfully removed"
}
HTTP/1.1 202 Accepted
Date: Sun, 30 Jun 2024 15:27:56 GMT
Content-Type: application/json; charset=utf-8
Content-Length: 54
Connection: keep-alive
X-Powered-By: Express
Access-Control-Allow-Origin: *
ETag: W/"36-hDmZnQ3Ou/ynnqAeC6TYmyseuzY"
CF-Cache-Status: DYNAMIC
Report-To: {"endpoints":[{"url":"https:\/\/a.nel.cloudflare.com\/report\/v4?s=E7UGE%2Fazv1PZgVYeF1AwoHX72DdHjlWAdQtBPV1uDdJMJmIz7GaxTr%2FafRn1qfy9r2IOx2zE98zcGwi8vyQwSce6QfpmAt1lph8s62blQxxIk48LHweXhZ0z0pxlLyYTOGxsuLnoODoXgCyTKBa0votCbxI%3D"}],"group":"cf-nel","max_age":604800}
NEL: {"success_fraction":0,"report_to":"cf-nel","max_age":604800}
Server: cloudflare
CF-RAY: 89bf2ee57f179d38-DME
alt-svc: h3=":443"; ma=86400

{
    "success": true,
    "message": "User successfully removed"
}
HTTP/1.1 202 Accepted
Date: Sun, 30 Jun 2024 15:27:56 GMT
Content-Type: application/json; charset=utf-8
Content-Length: 54
Connection: keep-alive
X-Powered-By: Express
Access-Control-Allow-Origin: *
ETag: W/"36-hDmZnQ3Ou/ynnqAeC6TYmyseuzY"
CF-Cache-Status: DYNAMIC
Report-To: {"endpoints":[{"url":"https:\/\/a.nel.cloudflare.com\/report\/v4?s=E7UGE%2Fazv1PZgVYeF1AwoHX72DdHjlWAdQtBPV1uDdJMJmIz7GaxTr%2FafRn1qfy9r2IOx2zE98zcGwi8vyQwSce6QfpmAt1lph8s62blQxxIk48LHweXhZ0z0pxlLyYTOGxsuLnoODoXgCyTKBa0votCbxI%3D"}],"group":"cf-nel","max_age":604800}
NEL: {"success_fraction":0,"report_to":"cf-nel","max_age":604800}
Server: cloudflare
CF-RAY: 89bf2ee57f179d38-DME
alt-svc: h3=":443"; ma=86400

{
    "success": true,
    "message": "User successfully removed"
}
HTTP/1.1 202 Accepted
Date: Sun, 30 Jun 2024 15:27:56 GMT
Content-Type: application/json; charset=utf-8
Content-Length: 54
Connection: keep-alive
X-Powered-By: Express
Access-Control-Allow-Origin: *
ETag: W/"36-hDmZnQ3Ou/ynnqAeC6TYmyseuzY"
CF-Cache-Status: DYNAMIC
Report-To: {"endpoints":[{"url":"https:\/\/a.nel.cloudflare.com\/report\/v4?s=E7UGE%2Fazv1PZgVYeF1AwoHX72DdHjlWAdQtBPV1uDdJMJmIz7GaxTr%2FafRn1qfy9r2IOx2zE98zcGwi8vyQwSce6QfpmAt1lph8s62blQxxIk48LHweXhZ0z0pxlLyYTOGxsuLnoODoXgCyTKBa0votCbxI%3D"}],"group":"cf-nel","max_age":604800}
NEL: {"success_fraction":0,"report_to":"cf-nel","max_age":604800}
Server: cloudflare
CF-RAY: 89bf2ee57f179d38-DME
alt-svc: h3=":443"; ma=86400

{
    "success": true,
    "message": "User successfully removed"
}
HTTP/1.1 202 Accepted
Date: Sun, 30 Jun 2024 15:27:56 GMT
Content-Type: application/json; charset=utf-8
Content-Length: 54
Connection: keep-alive
X-Powered-By: Express
Access-Control-Allow-Origin: *
ETag: W/"36-hDmZnQ3Ou/ynnqAeC6TYmyseuzY"
CF-Cache-Status: DYNAMIC
Report-To: {"endpoints":[{"url":"https:\/\/a.nel.cloudflare.com\/report\/v4?s=E7UGE%2Fazv1PZgVYeF1AwoHX72DdHjlWAdQtBPV1uDdJMJmIz7GaxTr%2FafRn1qfy9r2IOx2zE98zcGwi8vyQwSce6QfpmAt1lph8s62blQxxIk48LHweXhZ0z0pxlLyYTOGxsuLnoODoXgCyTKBa0votCbxI%3D"}],"group":"cf-nel","max_age":604800}
NEL: {"success_fraction":0,"report_to":"cf-nel","max_age":604800}
Server: cloudflare
CF-RAY: 89bf2ee57f179d38-DME
alt-svc: h3=":443"; ma=86400

{
    "success": true,
    "message": "User successfully removed"
}
HTTP/1.1 202 Accepted
Date: Sun, 30 Jun 2024 15:27:56 GMT
Content-Type: application/json; charset=utf-8
Content-Length: 54
Connection: keep-alive
X-Powered-By: Express
Access-Control-Allow-Origin: *
ETag: W/"36-hDmZnQ3Ou/ynnqAeC6TYmyseuzY"
CF-Cache-Status: DYNAMIC
Report-To: {"endpoints":[{"url":"https:\/\/a.nel.cloudflare.com\/report\/v4?s=E7UGE%2Fazv1PZgVYeF1AwoHX72DdHjlWAdQtBPV1uDdJMJmIz7GaxTr%2FafRn1qfy9r2IOx2zE98zcGwi8vyQwSce6QfpmAt1lph8s62blQxxIk48LHweXhZ0z0pxlLyYTOGxsuLnoODoXgCyTKBa0votCbxI%3D"}],"group":"cf-nel","max_age":604800}
NEL: {"success_fraction":0,"report_to":"cf-nel","max_age":604800}
Server: cloudflare
CF-RAY: 89bf2ee57f179d38-DME
alt-svc: h3=":443"; ma=86400

{
    "success": true,
    "message": "User successfully removed"
}
HTTP/1.1 202 Accepted
Date: Sun, 30 Jun 2024 15:27:56 GMT
Content-Type: application/json; charset=utf-8
Content-Length: 54
Connection: keep-alive
X-Powered-By: Express
Access-Control-Allow-Origin: *
ETag: W/"36-hDmZnQ3Ou/ynnqAeC6TYmyseuzY"
CF-Cache-Status: DYNAMIC
Report-To: {"endpoints":[{"url":"https:\/\/a.nel.cloudflare.com\/report\/v4?s=E7UGE%2Fazv1PZgVYeF1AwoHX72DdHjlWAdQtBPV1uDdJMJmIz7GaxTr%2FafRn1qfy9r2IOx2zE98zcGwi8vyQwSce6QfpmAt1lph8s62blQxxIk48LHweXhZ0z0pxlLyYTOGxsuLnoODoXgCyTKBa0votCbxI%3D"}],"group":"cf-nel","max_age":604800}
NEL: {"success_fraction":0,"report_to":"cf-nel","max_age":604800}
Server: cloudflare
CF-RAY: 89bf2ee57f179d38-DME
alt-svc: h3=":443"; ma=86400

{
    "success": true,
    "message": "User successfully removed"
}
HTTP/1.1 202 Accepted
Date: Sun, 30 Jun 2024 15:27:56 GMT
Content-Type: application/json; charset=utf-8
Content-Length: 54
Connection: keep-alive
X-Powered-By: Express
Access-Control-Allow-Origin: *
ETag: W/"36-hDmZnQ3Ou/ynnqAeC6TYmyseuzY"
CF-Cache-Status: DYNAMIC
Report-To: {"endpoints":[{"url":"https:\/\/a.nel.cloudflare.com\/report\/v4?s=E7UGE%2Fazv1PZgVYeF1AwoHX72DdHjlWAdQtBPV1uDdJMJmIz7GaxTr%2FafRn1qfy9r2IOx2zE98zcGwi8vyQwSce6QfpmAt1lph8s62blQxxIk48LHweXhZ0z0pxlLyYTOGxsuLnoODoXgCyTKBa0votCbxI%3D"}],"group":"cf-nel","max_age":604800}
NEL: {"success_fraction":0,"report_to":"cf-nel","max_age":604800}
Server: cloudflare
CF-RAY: 89bf2ee57f179d38-DME
alt-svc: h3=":443"; ma=86400

{
    "success": true,
    "message": "User successfully removed"
}
HTTP/1.1 202 Accepted
Date: Sun, 30 Jun 2024 15:27:56 GMT
Content-Type: application/json; charset=utf-8
Content-Length: 54
Connection: keep-alive
X-Powered-By: Express
Access-Control-Allow-Origin: *
ETag: W/"36-hDmZnQ3Ou/ynnqAeC6TYmyseuzY"
CF-Cache-Status: DYNAMIC
Report-To: {"endpoints":[{"url":"https:\/\/a.nel.cloudflare.com\/report\/v4?s=E7UGE%2Fazv1PZgVYeF1AwoHX72DdHjlWAdQtBPV1uDdJMJmIz7GaxTr%2FafRn1qfy9r2IOx2zE98zcGwi8vyQwSce6QfpmAt1lph8s62blQxxIk48LHweXhZ0z0pxlLyYTOGxsuLnoODoXgCyTKBa0votCbxI%3D"}],"group":"cf-nel","max_age":604800}
NEL: {"success_fraction":0,"report_to":"cf-nel","max_age":604800}
Server: cloudflare
CF-RAY: 89bf2ee57f179d38-DME
alt-svc: h3=":443"; ma=86400

{
    "success": true,
    "message": "User successfully removed"
}
HTTP/1.1 202 Accepted
Date: Sun, 30 Jun 2024 15:27:56 GMT
Content-Type: application/json; charset=utf-8
Content-Length: 54
Connection: keep-alive
X-Powered-By: Express
Access-Control-Allow-Origin: *
ETag: W/"36-hDmZnQ3Ou/ynnqAeC6TYmyseuzY"
CF-Cache-Status: DYNAMIC
Report-To: {"endpoints":[{"url":"https:\/\/a.nel.cloudflare.com\/report\/v4?s=E7UGE%2Fazv1PZgVYeF1AwoHX72DdHjlWAdQtBPV1uDdJMJmIz7GaxTr%2FafRn1qfy9r2IOx2zE98zcGwi8vyQwSce6QfpmAt1lph8s62blQxxIk48LHweXhZ0z0pxlLyYTOGxsuLnoODoXgCyTKBa0votCbxI%3D"}],"group":"cf-nel","max_age":604800}
NEL: {"success_fraction":0,"report_to":"cf-nel","max_age":604800}
Server: cloudflare
CF-RAY: 89bf2ee57f179d38-DME
alt-svc: h3=":443"; ma=86400

{
    "success": true,
    "message": "User successfully removed"
}
HTTP/1.1 202 Accepted
Date: Sun, 30 Jun 2024 15:27:56 GMT
Content-Type: application/json; charset=utf-8
Content-Length: 54
Connection: keep-alive
X-Powered-By: Express
Access-Control-Allow-Origin: *
ETag: W/"36-hDmZnQ3Ou/ynnqAeC6TYmyseuzY"
CF-Cache-Status: DYNAMIC
Report-To: {"endpoints":[{"url":"https:\/\/a.nel.cloudflare.com\/report\/v4?s=E7UGE%2Fazv1PZgVYeF1AwoHX72DdHjlWAdQtBPV1uDdJMJmIz7GaxTr%2FafRn1qfy9r2IOx2zE98zcGwi8vyQwSce6QfpmAt1lph8s62blQxxIk48LHweXhZ0z0pxlLyYTOGxsuLnoODoXgCyTKBa0votCbxI%3D"}],"group":"cf-nel","max_age":604800}
NEL: {"success_fraction":0,"report_to":"cf-nel","max_age":604800}
Server: cloudflare
CF-RAY: 89bf2ee57f179d38-DME
alt-svc: h3=":443"; ma=86400

{
    "success": true,
    "message": "User successfully removed"
}
HTTP/1.1 202 Accepted
Date: Sun, 30 Jun 2024 15:27:56 GMT
Content-Type: application/json; charset=utf-8
Content-Length: 54
Connection: keep-alive
X-Powered-By: Express
Access-Control-Allow-Origin: *
ETag: W/"36-hDmZnQ3Ou/ynnqAeC6TYmyseuzY"
CF-Cache-Status: DYNAMIC
Report-To: {"endpoints":[{"url":"https:\/\/a.nel.cloudflare.com\/report\/v4?s=E7UGE%2Fazv1PZgVYeF1AwoHX72DdHjlWAdQtBPV1uDdJMJmIz7GaxTr%2FafRn1qfy9r2IOx2zE98zcGwi8vyQwSce6QfpmAt1lph8s62blQxxIk48LHweXhZ0z0pxlLyYTOGxsuLnoODoXgCyTKBa0votCbxI%3D"}],"group":"cf-nel","max_age":604800}
NEL: {"success_fraction":0,"report_to":"cf-nel","max_age":604800}
Server: cloudflare
CF-RAY: 89bf2ee57f179d38-DME
alt-svc: h3=":443"; ma=86400

{
    "success": true,
    "message": "User successfully removed"
}
HTTP/1.1 202 Accepted
Date: Sun, 30 Jun 2024 15:27:56 GMT
Content-Type: application/json; charset=utf-8
Content-Length: 54
Connection: keep-alive
X-Powered-By: Express
Access-Control-Allow-Origin: *
ETag: W/"36-hDmZnQ3Ou/ynnqAeC6TYmyseuzY"
CF-Cache-Status: DYNAMIC
Report-To: {"endpoints":[{"url":"https:\/\/a.nel.cloudflare.com\/report\/v4?s=E7UGE%2Fazv1PZgVYeF1AwoHX72DdHjlWAdQtBPV1uDdJMJmIz7GaxTr%2FafRn1qfy9r2IOx2zE98zcGwi8vyQwSce6QfpmAt1lph8s62blQxxIk48LHweXhZ0z0pxlLyYTOGxsuLnoODoXgCyTKBa0votCbxI%3D"}],"group":"cf-nel","max_age":604800}
NEL: {"success_fraction":0,"report_to":"cf-nel","max_age":604800}
Server: cloudflare
CF-RAY: 89bf2ee57f179d38-DME
alt-svc: h3=":443"; ma=86400

{
    "success": true,
    "message": "User successfully removed"
}
HTTP/1.1 202 Accepted
Date: Sun, 30 Jun 2024 15:27:56 GMT
Content-Type: application/json; charset=utf-8
Content-Length: 54
Connection: keep-alive
X-Powered-By: Express
Access-Control-Allow-Origin: *
ETag: W/"36-hDmZnQ3Ou/ynnqAeC6TYmyseuzY"
CF-Cache-Status: DYNAMIC
Report-To: {"endpoints":[{"url":"https:\/\/a.nel.cloudflare.com\/report\/v4?s=E7UGE%2Fazv1PZgVYeF1AwoHX72DdHjlWAdQtBPV1uDdJMJmIz7GaxTr%2FafRn1qfy9r2IOx2zE98zcGwi8vyQwSce6QfpmAt1lph8s62blQxxIk48LHweXhZ0z0pxlLyYTOGxsuLnoODoXgCyTKBa0votCbxI%3D"}],"group":"cf-nel","max_age":604800}
NEL: {"success_fraction":0,"report_to":"cf-nel","max_age":604800}
Server: cloudflare
CF-RAY: 89bf2ee57f179d38-DME
alt-svc: h3=":443"; ma=86400

{
    "success": true,
    "message": "User successfully removed"
}
HTTP/1.1 202 Accepted
Date: Sun, 30 Jun 2024 15:27:56 GMT
Content-Type: application/json; charset=utf-8
Content-Length: 54
Connection: keep-alive
X-Powered-By: Express
Access-Control-Allow-Origin: *
ETag: W/"36-hDmZnQ3Ou/ynnqAeC6TYmyseuzY"
CF-Cache-Status: DYNAMIC
Report-To: {"endpoints":[{"url":"https:\/\/a.nel.cloudflare.com\/report\/v4?s=E7UGE%2Fazv1PZgVYeF1AwoHX72DdHjlWAdQtBPV1uDdJMJmIz7GaxTr%2FafRn1qfy9r2IOx2zE98zcGwi8vyQwSce6QfpmAt1lph8s62blQxxIk48LHweXhZ0z0pxlLyYTOGxsuLnoODoXgCyTKBa0votCbxI%3D"}],"group":"cf-nel","max_age":604800}
NEL: {"success_fraction":0,"report_to":"cf-nel","max_age":604800}
Server: cloudflare
CF-RAY: 89bf2ee57f179d38-DME
alt-svc: h3=":443"; ma=86400

{
    "success": true,
    "message": "User successfully removed"
}
HTTP/1.1 202 Accepted
Date: Sun, 30 Jun 2024 15:27:56 GMT
Content-Type: application/json; charset=utf-8
Content-Length: 54
Connection: keep-alive
X-Powered-By: Express
Access-Control-Allow-Origin: *
ETag: W/"36-hDmZnQ3Ou/ynnqAeC6TYmyseuzY"
CF-Cache-Status: DYNAMIC
Report-To: {"endpoints":[{"url":"https:\/\/a.nel.cloudflare.com\/report\/v4?s=E7UGE%2Fazv1PZgVYeF1AwoHX72DdHjlWAdQtBPV1uDdJMJmIz7GaxTr%2FafRn1qfy9r2IOx2zE98zcGwi8vyQwSce6QfpmAt1lph8s62blQxxIk48LHweXhZ0z0pxlLyYTOGxsuLnoODoXgCyTKBa0votCbxI%3D"}],"group":"cf-nel","max_age":604800}
NEL: {"success_fraction":0,"report_to":"cf-nel","max_age":604800}
Server: cloudflare
CF-RAY: 89bf2ee57f179d38-DME
alt-svc: h3=":443"; ma=86400

{
    "success": true,
    "message": "User successfully removed"
}
HTTP/1.1 202 Accepted
Date: Sun, 30 Jun 2024 15:27:56 GMT
Content-Type: application/json; charset=utf-8
Content-Length: 54
Connection: keep-alive
X-Powered-By: Express
Access-Control-Allow-Origin: *
ETag: W/"36-hDmZnQ3Ou/ynnqAeC6TYmyseuzY"
CF-Cache-Status: DYNAMIC
Report-To: {"endpoints":[{"url":"https:\/\/a.nel.cloudflare.com\/report\/v4?s=E7UGE%2Fazv1PZgVYeF1AwoHX72DdHjlWAdQtBPV1uDdJMJmIz7GaxTr%2FafRn1qfy9r2IOx2zE98zcGwi8vyQwSce6QfpmAt1lph8s62blQxxIk48LHweXhZ0z0pxlLyYTOGxsuLnoODoXgCyTKBa0votCbxI%3D"}],"group":"cf-nel","max_age":604800}
NEL: {"success_fraction":0,"report_to":"cf-nel","max_age":604800}
Server: cloudflare
CF-RAY: 89bf2ee57f179d38-DME
alt-svc: h3=":443"; ma=86400

{
    "success": true,
    "message": "User successfully removed"
}
HTTP/1.1 202 Accepted
Date: Sun, 30 Jun 2024 15:27:56 GMT
Content-Type: application/json; charset=utf-8
Content-Length: 54
Connection: keep-alive
X-Powered-By: Express
Access-Control-Allow-Origin: *
ETag: W/"36-hDmZnQ3Ou/ynnqAeC6TYmyseuzY"
CF-Cache-Status: DYNAMIC
Report-To: {"endpoints":[{"url":"https:\/\/a.nel.cloudflare.com\/report\/v4?s=E7UGE%2Fazv1PZgVYeF1AwoHX72DdHjlWAdQtBPV1uDdJMJmIz7GaxTr%2FafRn1qfy9r2IOx2zE98zcGwi8vyQwSce6QfpmAt1lph8s62blQxxIk48LHweXhZ0z0pxlLyYTOGxsuLnoODoXgCyTKBa0votCbxI%3D"}],"group":"cf-nel","max_age":604800}
NEL: {"success_fraction":0,"report_to":"cf-nel","max_age":604800}
Server: cloudflare
CF-RAY: 89bf2ee57f179d38-DME
alt-svc: h3=":443"; ma=86400

{
    "success": true,
    "message": "User successfully removed"
}
HTTP/1.1 202 Accepted
Date: Sun, 30 Jun 2024 15:27:56 GMT
Content-Type: application/json; charset=utf-8
Content-Length: 54
Connection: keep-alive
X-Powered-By: Express
Access-Control-Allow-Origin: *
ETag: W/"36-hDmZnQ3Ou/ynnqAeC6TYmyseuzY"
CF-Cache-Status: DYNAMIC
Report-To: {"endpoints":[{"url":"https:\/\/a.nel.cloudflare.com\/report\/v4?s=E7UGE%2Fazv1PZgVYeF1AwoHX72DdHjlWAdQtBPV1uDdJMJmIz7GaxTr%2FafRn1qfy9r2IOx2zE98zcGwi8vyQwSce6QfpmAt1lph8s62blQxxIk48LHweXhZ0z0pxlLyYTOGxsuLnoODoXgCyTKBa0votCbxI%3D"}],"group":"cf-nel","max_age":604800}
NEL: {"success_fraction":0,"report_to":"cf-nel","max_age":604800}
Server: cloudflare
CF-RAY: 89bf2ee57f179d38-DME
alt-svc: h3=":443"; ma=86400

{
    "success": true,
    "message": "User successfully removed"
}
HTTP/1.1 202 Accepted
Date: Sun, 30 Jun 2024 15:27:56 GMT
Content-Type: application/json; charset=utf-8
Content-Length: 54
Connection: keep-alive
X-Powered-By: Express
Access-Control-Allow-Origin: *
ETag: W/"36-hDmZnQ3Ou/ynnqAeC6TYmyseuzY"
CF-Cache-Status: DYNAMIC
Report-To: {"endpoints":[{"url":"https:\/\/a.nel.cloudflare.com\/report\/v4?s=E7UGE%2Fazv1PZgVYeF1AwoHX72DdHjlWAdQtBPV1uDdJMJmIz7GaxTr%2FafRn1qfy9r2IOx2zE98zcGwi8vyQwSce6QfpmAt1lph8s62blQxxIk48LHweXhZ0z0pxlLyYTOGxsuLnoODoXgCyTKBa0votCbxI%3D"}],"group":"cf-nel","max_age":604800}
NEL: {"success_fraction":0,"report_to":"cf-nel","max_age":604800}
Server: cloudflare
CF-RAY: 89bf2ee57f179d38-DME
alt-svc: h3=":443"; ma=86400

{
    "success": true,
    "message": "User successfully removed"
}
HTTP/1.1 202 Accepted
Date: Sun, 30 Jun 2024 15:27:56 GMT
Content-Type: application/json; charset=utf-8
Content-Length: 54
Connection: keep-alive
X-Powered-By: Express
Access-Control-Allow-Origin: *
ETag: W/"36-hDmZnQ3Ou/ynnqAeC6TYmyseuzY"
CF-Cache-Status: DYNAMIC
Report-To: {"endpoints":[{"url":"https:\/\/a.nel.cloudflare.com\/report\/v4?s=E7UGE%2Fazv1PZgVYeF1AwoHX72DdHjlWAdQtBPV1uDdJMJmIz7GaxTr%2FafRn1qfy9r2IOx2zE98zcGwi8vyQwSce6QfpmAt1lph8s62blQxxIk48LHweXhZ0z0pxlLyYTOGxsuLnoODoXgCyTKBa0votCbxI%3D"}],"group":"cf-nel","max_age":604800}
NEL: {"success_fraction":0,"report_to":"cf-nel","max_age":604800}
Server: cloudflare
CF-RAY: 89bf2ee57f179d38-DME
alt-svc: h3=":443"; ma=86400

{
    "success": true,
    "message": "User successfully removed"
}
HTTP/1.1 202 Accepted
Date: Sun, 30 Jun 2024 15:27:56 GMT
Content-Type: application/json; charset=utf-8
Content-Length: 54
Connection: keep-alive
X-Powered-By: Express
Access-Control-Allow-Origin: *
ETag: W/"36-hDmZnQ3Ou/ynnqAeC6TYmyseuzY"
CF-Cache-Status: DYNAMIC
Report-To: {"endpoints":[{"url":"https:\/\/a.nel.cloudflare.com\/report\/v4?s=E7UGE%2Fazv1PZgVYeF1AwoHX72DdHjlWAdQtBPV1uDdJMJmIz7GaxTr%2FafRn1qfy9r2IOx2zE98zcGwi8vyQwSce6QfpmAt1lph8s62blQxxIk48LHweXhZ0z0pxlLyYTOGxsuLnoODoXgCyTKBa0votCbxI%3D"}],"group":"cf-nel","max_age":604800}
NEL: {"success_fraction":0,"report_to":"cf-nel","max_age":604800}
Server: cloudflare
CF-RAY: 89bf2ee57f179d38-DME
alt-svc: h3=":443"; ma=86400

{
    "success": true,
    "message": "User successfully removed"
}
HTTP/1.1 202 Accepted
Date: Sun, 30 Jun 2024 15:27:56 GMT
Content-Type: application/json; charset=utf-8
Content-Length: 54
Connection: keep-alive
X-Powered-By: Express
Access-Control-Allow-Origin: *
ETag: W/"36-hDmZnQ3Ou/ynnqAeC6TYmyseuzY"
CF-Cache-Status: DYNAMIC
Report-To: {"endpoints":[{"url":"https:\/\/a.nel.cloudflare.com\/report\/v4?s=E7UGE%2Fazv1PZgVYeF1AwoHX72DdHjlWAdQtBPV1uDdJMJmIz7GaxTr%2FafRn1qfy9r2IOx2zE98zcGwi8vyQwSce6QfpmAt1lph8s62blQxxIk48LHweXhZ0z0pxlLyYTOGxsuLnoODoXgCyTKBa0votCbxI%3D"}],"group":"cf-nel","max_age":604800}
NEL: {"success_fraction":0,"report_to":"cf-nel","max_age":604800}
Server: cloudflare
CF-RAY: 89bf2ee57f179d38-DME
alt-svc: h3=":443"; ma=86400

{
    "success": true,
    "message": "User successfully removed"
}
HTTP/1.1 202 Accepted
Date: Sun, 30 Jun 2024 15:27:56 GMT
Content-Type: application/json; charset=utf-8
Content-Length: 54
Connection: keep-alive
X-Powered-By: Express
Access-Control-Allow-Origin: *
ETag: W/"36-hDmZnQ3Ou/ynnqAeC6TYmyseuzY"
CF-Cache-Status: DYNAMIC
Report-To: {"endpoints":[{"url":"https:\/\/a.nel.cloudflare.com\/report\/v4?s=E7UGE%2Fazv1PZgVYeF1AwoHX72DdHjlWAdQtBPV1uDdJMJmIz7GaxTr%2FafRn1qfy9r2IOx2zE98zcGwi8vyQwSce6QfpmAt1lph8s62blQxxIk48LHweXhZ0z0pxlLyYTOGxsuLnoODoXgCyTKBa0votCbxI%3D"}],"group":"cf-nel","max_age":604800}
NEL: {"success_fraction":0,"report_to":"cf-nel","max_age":604800}
Server: cloudflare
CF-RAY: 89bf2ee57f179d38-DME
alt-svc: h3=":443"; ma=86400

{
    "success": true,
    "message": "User successfully removed"
}
HTTP/1.1 202 Accepted
Date: Sun, 30 Jun 2024 15:27:56 GMT
Content-Type: application/json; charset=utf-8
Content-Length: 54
Connection: keep-alive
X-Powered-By: Express
Access-Control-Allow-Origin: *
ETag: W/"36-hDmZnQ3Ou/ynnqAeC6TYmyseuzY"
CF-Cache-Status: DYNAMIC
Report-To: {"endpoints":[{"url":"https:\/\/a.nel.cloudflare.com\/report\/v4?s=E7UGE%2Fazv1PZgVYeF1AwoHX72DdHjlWAdQtBPV1uDdJMJmIz7GaxTr%2FafRn1qfy9r2IOx2zE98zcGwi8vyQwSce6QfpmAt1lph8s62blQxxIk48LHweXhZ0z0pxlLyYTOGxsuLnoODoXgCyTKBa0votCbxI%3D"}],"group":"cf-nel","max_age":604800}
NEL: {"success_fraction":0,"report_to":"cf-nel","max_age":604800}
Server: cloudflare
CF-RAY: 89bf2ee57f179d38-DME
alt-svc: h3=":443"; ma=86400

{
    "success": true,
    "message": "User successfully removed"
}
HTTP/1.1 202 Accepted
Date: Sun, 30 Jun 2024 15:27:56 GMT
Content-Type: application/json; charset=utf-8
Content-Length: 54
Connection: keep-alive
X-Powered-By: Express
Access-Control-Allow-Origin: *
ETag: W/"36-hDmZnQ3Ou/ynnqAeC6TYmyseuzY"
CF-Cache-Status: DYNAMIC
Report-To: {"endpoints":[{"url":"https:\/\/a.nel.cloudflare.com\/report\/v4?s=E7UGE%2Fazv1PZgVYeF1AwoHX72DdHjlWAdQtBPV1uDdJMJmIz7GaxTr%2FafRn1qfy9r2IOx2zE98zcGwi8vyQwSce6QfpmAt1lph8s62blQxxIk48LHweXhZ0z0pxlLyYTOGxsuLnoODoXgCyTKBa0votCbxI%3D"}],"group":"cf-nel","max_age":604800}
NEL: {"success_fraction":0,"report_to":"cf-nel","max_age":604800}
Server: cloudflare
CF-RAY: 89bf2ee57f179d38-DME
alt-svc: h3=":443"; ma=86400

{
    "success": true,
    "message": "User successfully removed"
}
HTTP/1.1 202 Accepted
Date: Sun, 30 Jun 2024 15:27:56 GMT
Content-Type: application/json; charset=utf-8
Content-Length: 54
Connection: keep-alive
X-Powered-By: Express
Access-Control-Allow-Origin: *
ETag: W/"36-hDmZnQ3Ou/ynnqAeC6TYmyseuzY"
CF-Cache-Status: DYNAMIC
Report-To: {"endpoints":[{"url":"https:\/\/a.nel.cloudflare.com\/report\/v4?s=E7UGE%2Fazv1PZgVYeF1AwoHX72DdHjlWAdQtBPV1uDdJMJmIz7GaxTr%2FafRn1qfy9r2IOx2zE98zcGwi8vyQwSce6QfpmAt1lph8s62blQxxIk48LHweXhZ0z0pxlLyYTOGxsuLnoODoXgCyTKBa0votCbxI%3D"}],"group":"cf-nel","max_age":604800}
NEL: {"success_fraction":0,"report_to":"cf-nel","max_age":604800}
Server: cloudflare
CF-RAY: 89bf2ee57f179d38-DME
alt-svc: h3=":443"; ma=86400

{
    "success": true,
    "message": "User successfully removed"
}
HTTP/1.1 202 Accepted
Date: Sun, 30 Jun 2024 15:27:56 GMT
Content-Type: application/json; charset=utf-8
Content-Length: 54
Connection: keep-alive
X-Powered-By: Express
Access-Control-Allow-Origin: *
ETag: W/"36-hDmZnQ3Ou/ynnqAeC6TYmyseuzY"
CF-Cache-Status: DYNAMIC
Report-To: {"endpoints":[{"url":"https:\/\/a.nel.cloudflare.com\/report\/v4?s=E7UGE%2Fazv1PZgVYeF1AwoHX72DdHjlWAdQtBPV1uDdJMJmIz7GaxTr%2FafRn1qfy9r2IOx2zE98zcGwi8vyQwSce6QfpmAt1lph8s62blQxxIk48LHweXhZ0z0pxlLyYTOGxsuLnoODoXgCyTKBa0votCbxI%3D"}],"group":"cf-nel","max_age":604800}
NEL: {"success_fraction":0,"report_to":"cf-nel","max_age":604800}
Server: cloudflare
CF-RAY: 89bf2ee57f179d38-DME
alt-svc: h3=":443"; ma=86400

{
    "success": true,
    "message": "User successfully removed"
}
HTTP/1.1 202 Accepted
Date: Sun, 30 Jun 2024 15:27:56 GMT
Content-Type: application/json; charset=utf-8
Content-Length: 54
Connection: keep-alive
X-Powered-By: Express
Access-Control-Allow-Origin: *
ETag: W/"36-hDmZnQ3Ou/ynnqAeC6TYmyseuzY"
CF-Cache-Status: DYNAMIC
Report-To: {"endpoints":[{"url":"https:\/\/a.nel.cloudflare.com\/report\/v4?s=E7UGE%2Fazv1PZgVYeF1AwoHX72DdHjlWAdQtBPV1uDdJMJmIz7GaxTr%2FafRn1qfy9r2IOx2zE98zcGwi8vyQwSce6QfpmAt1lph8s62blQxxIk48LHweXhZ0z0pxlLyYTOGxsuLnoODoXgCyTKBa0votCbxI%3D"}],"group":"cf-nel","max_age":604800}
NEL: {"success_fraction":0,"report_to":"cf-nel","max_age":604800}
Server: cloudflare
CF-RAY: 89bf2ee57f179d38-DME
alt-svc: h3=":443"; ma=86400

{
    "success": true,
    "message": "User successfully removed"
}
HTTP/1.1 202 Accepted
Date: Sun, 30 Jun 2024 15:27:56 GMT
Content-Type: application/json; charset=utf-8
Content-Length: 54
Connection: keep-alive
X-Powered-By: Express
Access-Control-Allow-Origin: *
ETag: W/"36-hDmZnQ3Ou/ynnqAeC6TYmyseuzY"
CF-Cache-Status: DYNAMIC
Report-To: {"endpoints":[{"url":"https:\/\/a.nel.cloudflare.com\/report\/v4?s=E7UGE%2Fazv1PZgVYeF1AwoHX72DdHjlWAdQtBPV1uDdJMJmIz7GaxTr%2FafRn1qfy9r2IOx2zE98zcGwi8vyQwSce6QfpmAt1lph8s62blQxxIk48LHweXhZ0z0pxlLyYTOGxsuLnoODoXgCyTKBa0votCbxI%3D"}],"group":"cf-nel","max_age":604800}
NEL: {"success_fraction":0,"report_to":"cf-nel","max_age":604800}
Server: cloudflare
CF-RAY: 89bf2ee57f179d38-DME
alt-svc: h3=":443"; ma=86400

{
    "success": true,
    "message": "User successfully removed"
}
HTTP/1.1 202 Accepted
Date: Sun, 30 Jun 2024 15:27:56 GMT
Content-Type: application/json; charset=utf-8
Content-Length: 54
Connection: keep-alive
X-Powered-By: Express
Access-Control-Allow-Origin: *
ETag: W/"36-hDmZnQ3Ou/ynnqAeC6TYmyseuzY"
CF-Cache-Status: DYNAMIC
Report-To: {"endpoints":[{"url":"https:\/\/a.nel.cloudflare.com\/report\/v4?s=E7UGE%2Fazv1PZgVYeF1AwoHX72DdHjlWAdQtBPV1uDdJMJmIz7GaxTr%2FafRn1qfy9r2IOx2zE98zcGwi8vyQwSce6QfpmAt1lph8s62blQxxIk48LHweXhZ0z0pxlLyYTOGxsuLnoODoXgCyTKBa0votCbxI%3D"}],"group":"cf-nel","max_age":604800}
NEL: {"success_fraction":0,"report_to":"cf-nel","max_age":604800}
Server: cloudflare
CF-RAY: 89bf2ee57f179d38-DME
alt-svc: h3=":443"; ma=86400

{
    "success": true,
    "message": "User successfully removed"
}
HTTP/1.1 202 Accepted
Date: Sun, 30 Jun 2024 15:27:56 GMT
Content-Type: application/json; charset=utf-8
Content-Length: 54
Connection: keep-alive
X-Powered-By: Express
Access-Control-Allow-Origin: *
ETag: W/"36-hDmZnQ3Ou/ynnqAeC6TYmyseuzY"
CF-Cache-Status: DYNAMIC
Report-To: {"endpoints":[{"url":"https:\/\/a.nel.cloudflare.com\/report\/v4?s=E7UGE%2Fazv1PZgVYeF1AwoHX72DdHjlWAdQtBPV1uDdJMJmIz7GaxTr%2FafRn1qfy9r2IOx2zE98zcGwi8vyQwSce6QfpmAt1lph8s62blQxxIk48LHweXhZ0z0pxlLyYTOGxsuLnoODoXgCyTKBa0votCbxI%3D"}],"group":"cf-nel","max_age":604800}
NEL: {"success_fraction":0,"report_to":"cf-nel","max_age":604800}
Server: cloudflare
CF-RAY: 89bf2ee57f179d38-DME
alt-svc: h3=":443"; ma=86400

{
    "success": true,
    "message": "User successfully removed"
}
HTTP/1.1 202 Accepted
Date: Sun, 30 Jun 2024 15:27:56 GMT
Content-Type: application/json; charset=utf-8
Content-Length: 54
Connection: keep-alive
X-Powered-By: Express
Access-Control-Allow-Origin: *
ETag: W/"36-hDmZnQ3Ou/ynnqAeC6TYmyseuzY"
CF-Cache-Status: DYNAMIC
Report-To: {"endpoints":[{"url":"https:\/\/a.nel.cloudflare.com\/report\/v4?s=E7UGE%2Fazv1PZgVYeF1AwoHX72DdHjlWAdQtBPV1uDdJMJmIz7GaxTr%2FafRn1qfy9r2IOx2zE98zcGwi8vyQwSce6QfpmAt1lph8s62blQxxIk48LHweXhZ0z0pxlLyYTOGxsuLnoODoXgCyTKBa0votCbxI%3D"}],"group":"cf-nel","max_age":604800}
NEL: {"success_fraction":0,"report_to":"cf-nel","max_age":604800}
Server: cloudflare
CF-RAY: 89bf2ee57f179d38-DME
alt-svc: h3=":443"; ma=86400

{
    "success": true,
    "message": "User successfully removed"
}
HTTP/1.1 202 Accepted
Date: Sun, 30 Jun 2024 15:27:56 GMT
Content-Type: application/json; charset=utf-8
Content-Length: 54
Connection: keep-alive
X-Powered-By: Express
Access-Control-Allow-Origin: *
ETag: W/"36-hDmZnQ3Ou/ynnqAeC6TYmyseuzY"
CF-Cache-Status: DYNAMIC
Report-To: {"endpoints":[{"url":"https:\/\/a.nel.cloudflare.com\/report\/v4?s=E7UGE%2Fazv1PZgVYeF1AwoHX72DdHjlWAdQtBPV1uDdJMJmIz7GaxTr%2FafRn1qfy9r2IOx2zE98zcGwi8vyQwSce6QfpmAt1lph8s62blQxxIk48LHweXhZ0z0pxlLyYTOGxsuLnoODoXgCyTKBa0votCbxI%3D"}],"group":"cf-nel","max_age":604800}
NEL: {"success_fraction":0,"report_to":"cf-nel","max_age":604800}
Server: cloudflare
CF-RAY: 89bf2ee57f179d38-DME
alt-svc: h3=":443"; ma=86400

{
    "success": true,
    "message": "User successfully removed"
}
]]></system-out>
  </testcase>
  <testcase name="updateEmailUserAuth" classname="UpdateUserTest" time="1.542">
    <system-out><![CDATA[Request method:	POST
Request URI:	https://stellarburgers.nomoreparties.site/api/auth/register
Proxy:			<none>
Request params:	<none>
Query params:	<none>
Form params:	<none>
Path params:	<none>
Headers:		Accept=*/*
				Content-Type=application/json
Cookies:		<none>
Multiparts:		<none>
Body:
{
    "email": "hLOyflMQnO@ya.ru",
    "password": "WJQArGIprU",
    "name": "IdfoujkkRu"
}
Request method:	POST
Request URI:	https://stellarburgers.nomoreparties.site/api/auth/register
Proxy:			<none>
Request params:	<none>
Query params:	<none>
Form params:	<none>
Path params:	<none>
Headers:		Accept=*/*
				Content-Type=application/json
Cookies:		<none>
Multiparts:		<none>
Body:
{
    "email": "hLOyflMQnO@ya.ru",
    "password": "WJQArGIprU",
    "name": "IdfoujkkRu"
}
Request method:	POST
Request URI:	https://stellarburgers.nomoreparties.site/api/auth/register
Proxy:			<none>
Request params:	<none>
Query params:	<none>
Form params:	<none>
Path params:	<none>
Headers:		Accept=*/*
				Content-Type=application/json
Cookies:		<none>
Multiparts:		<none>
Body:
{
    "email": "hLOyflMQnO@ya.ru",
    "password": "WJQArGIprU",
    "name": "IdfoujkkRu"
}
Request method:	POST
Request URI:	https://stellarburgers.nomoreparties.site/api/auth/register
Proxy:			<none>
Request params:	<none>
Query params:	<none>
Form params:	<none>
Path params:	<none>
Headers:		Accept=*/*
				Content-Type=application/json
Cookies:		<none>
Multiparts:		<none>
Body:
{
    "email": "hLOyflMQnO@ya.ru",
    "password": "WJQArGIprU",
    "name": "IdfoujkkRu"
}
Request method:	POST
Request URI:	https://stellarburgers.nomoreparties.site/api/auth/register
Proxy:			<none>
Request params:	<none>
Query params:	<none>
Form params:	<none>
Path params:	<none>
Headers:		Accept=*/*
				Content-Type=application/json
Cookies:		<none>
Multiparts:		<none>
Body:
{
    "email": "hLOyflMQnO@ya.ru",
    "password": "WJQArGIprU",
    "name": "IdfoujkkRu"
}
Request method:	POST
Request URI:	https://stellarburgers.nomoreparties.site/api/auth/register
Proxy:			<none>
Request params:	<none>
Query params:	<none>
Form params:	<none>
Path params:	<none>
Headers:		Accept=*/*
				Content-Type=application/json
Cookies:		<none>
Multiparts:		<none>
Body:
{
    "email": "hLOyflMQnO@ya.ru",
    "password": "WJQArGIprU",
    "name": "IdfoujkkRu"
}
Request method:	POST
Request URI:	https://stellarburgers.nomoreparties.site/api/auth/register
Proxy:			<none>
Request params:	<none>
Query params:	<none>
Form params:	<none>
Path params:	<none>
Headers:		Accept=*/*
				Content-Type=application/json
Cookies:		<none>
Multiparts:		<none>
Body:
{
    "email": "hLOyflMQnO@ya.ru",
    "password": "WJQArGIprU",
    "name": "IdfoujkkRu"
}
Request method:	POST
Request URI:	https://stellarburgers.nomoreparties.site/api/auth/register
Proxy:			<none>
Request params:	<none>
Query params:	<none>
Form params:	<none>
Path params:	<none>
Headers:		Accept=*/*
				Content-Type=application/json
Cookies:		<none>
Multiparts:		<none>
Body:
{
    "email": "hLOyflMQnO@ya.ru",
    "password": "WJQArGIprU",
    "name": "IdfoujkkRu"
}
Request method:	POST
Request URI:	https://stellarburgers.nomoreparties.site/api/auth/register
Proxy:			<none>
Request params:	<none>
Query params:	<none>
Form params:	<none>
Path params:	<none>
Headers:		Accept=*/*
				Content-Type=application/json
Cookies:		<none>
Multiparts:		<none>
Body:
{
    "email": "hLOyflMQnO@ya.ru",
    "password": "WJQArGIprU",
    "name": "IdfoujkkRu"
}
Request method:	POST
Request URI:	https://stellarburgers.nomoreparties.site/api/auth/register
Proxy:			<none>
Request params:	<none>
Query params:	<none>
Form params:	<none>
Path params:	<none>
Headers:		Accept=*/*
				Content-Type=application/json
Cookies:		<none>
Multiparts:		<none>
Body:
{
    "email": "hLOyflMQnO@ya.ru",
    "password": "WJQArGIprU",
    "name": "IdfoujkkRu"
}
Request method:	POST
Request URI:	https://stellarburgers.nomoreparties.site/api/auth/register
Proxy:			<none>
Request params:	<none>
Query params:	<none>
Form params:	<none>
Path params:	<none>
Headers:		Accept=*/*
				Content-Type=application/json
Cookies:		<none>
Multiparts:		<none>
Body:
{
    "email": "hLOyflMQnO@ya.ru",
    "password": "WJQArGIprU",
    "name": "IdfoujkkRu"
}
Request method:	POST
Request URI:	https://stellarburgers.nomoreparties.site/api/auth/register
Proxy:			<none>
Request params:	<none>
Query params:	<none>
Form params:	<none>
Path params:	<none>
Headers:		Accept=*/*
				Content-Type=application/json
Cookies:		<none>
Multiparts:		<none>
Body:
{
    "email": "hLOyflMQnO@ya.ru",
    "password": "WJQArGIprU",
    "name": "IdfoujkkRu"
}
Request method:	POST
Request URI:	https://stellarburgers.nomoreparties.site/api/auth/register
Proxy:			<none>
Request params:	<none>
Query params:	<none>
Form params:	<none>
Path params:	<none>
Headers:		Accept=*/*
				Content-Type=application/json
Cookies:		<none>
Multiparts:		<none>
Body:
{
    "email": "hLOyflMQnO@ya.ru",
    "password": "WJQArGIprU",
    "name": "IdfoujkkRu"
}
Request method:	POST
Request URI:	https://stellarburgers.nomoreparties.site/api/auth/register
Proxy:			<none>
Request params:	<none>
Query params:	<none>
Form params:	<none>
Path params:	<none>
Headers:		Accept=*/*
				Content-Type=application/json
Cookies:		<none>
Multiparts:		<none>
Body:
{
    "email": "hLOyflMQnO@ya.ru",
    "password": "WJQArGIprU",
    "name": "IdfoujkkRu"
}
Request method:	POST
Request URI:	https://stellarburgers.nomoreparties.site/api/auth/register
Proxy:			<none>
Request params:	<none>
Query params:	<none>
Form params:	<none>
Path params:	<none>
Headers:		Accept=*/*
				Content-Type=application/json
Cookies:		<none>
Multiparts:		<none>
Body:
{
    "email": "hLOyflMQnO@ya.ru",
    "password": "WJQArGIprU",
    "name": "IdfoujkkRu"
}
Request method:	POST
Request URI:	https://stellarburgers.nomoreparties.site/api/auth/register
Proxy:			<none>
Request params:	<none>
Query params:	<none>
Form params:	<none>
Path params:	<none>
Headers:		Accept=*/*
				Content-Type=application/json
Cookies:		<none>
Multiparts:		<none>
Body:
{
    "email": "hLOyflMQnO@ya.ru",
    "password": "WJQArGIprU",
    "name": "IdfoujkkRu"
}
Request method:	POST
Request URI:	https://stellarburgers.nomoreparties.site/api/auth/register
Proxy:			<none>
Request params:	<none>
Query params:	<none>
Form params:	<none>
Path params:	<none>
Headers:		Accept=*/*
				Content-Type=application/json
Cookies:		<none>
Multiparts:		<none>
Body:
{
    "email": "hLOyflMQnO@ya.ru",
    "password": "WJQArGIprU",
    "name": "IdfoujkkRu"
}
Request method:	POST
Request URI:	https://stellarburgers.nomoreparties.site/api/auth/register
Proxy:			<none>
Request params:	<none>
Query params:	<none>
Form params:	<none>
Path params:	<none>
Headers:		Accept=*/*
				Content-Type=application/json
Cookies:		<none>
Multiparts:		<none>
Body:
{
    "email": "hLOyflMQnO@ya.ru",
    "password": "WJQArGIprU",
    "name": "IdfoujkkRu"
}
Request method:	POST
Request URI:	https://stellarburgers.nomoreparties.site/api/auth/register
Proxy:			<none>
Request params:	<none>
Query params:	<none>
Form params:	<none>
Path params:	<none>
Headers:		Accept=*/*
				Content-Type=application/json
Cookies:		<none>
Multiparts:		<none>
Body:
{
    "email": "hLOyflMQnO@ya.ru",
    "password": "WJQArGIprU",
    "name": "IdfoujkkRu"
}
Request method:	POST
Request URI:	https://stellarburgers.nomoreparties.site/api/auth/register
Proxy:			<none>
Request params:	<none>
Query params:	<none>
Form params:	<none>
Path params:	<none>
Headers:		Accept=*/*
				Content-Type=application/json
Cookies:		<none>
Multiparts:		<none>
Body:
{
    "email": "hLOyflMQnO@ya.ru",
    "password": "WJQArGIprU",
    "name": "IdfoujkkRu"
}
Request method:	POST
Request URI:	https://stellarburgers.nomoreparties.site/api/auth/register
Proxy:			<none>
Request params:	<none>
Query params:	<none>
Form params:	<none>
Path params:	<none>
Headers:		Accept=*/*
				Content-Type=application/json
Cookies:		<none>
Multiparts:		<none>
Body:
{
    "email": "hLOyflMQnO@ya.ru",
    "password": "WJQArGIprU",
    "name": "IdfoujkkRu"
}
Request method:	POST
Request URI:	https://stellarburgers.nomoreparties.site/api/auth/register
Proxy:			<none>
Request params:	<none>
Query params:	<none>
Form params:	<none>
Path params:	<none>
Headers:		Accept=*/*
				Content-Type=application/json
Cookies:		<none>
Multiparts:		<none>
Body:
{
    "email": "hLOyflMQnO@ya.ru",
    "password": "WJQArGIprU",
    "name": "IdfoujkkRu"
}
Request method:	POST
Request URI:	https://stellarburgers.nomoreparties.site/api/auth/register
Proxy:			<none>
Request params:	<none>
Query params:	<none>
Form params:	<none>
Path params:	<none>
Headers:		Accept=*/*
				Content-Type=application/json
Cookies:		<none>
Multiparts:		<none>
Body:
{
    "email": "hLOyflMQnO@ya.ru",
    "password": "WJQArGIprU",
    "name": "IdfoujkkRu"
}
Request method:	POST
Request URI:	https://stellarburgers.nomoreparties.site/api/auth/register
Proxy:			<none>
Request params:	<none>
Query params:	<none>
Form params:	<none>
Path params:	<none>
Headers:		Accept=*/*
				Content-Type=application/json
Cookies:		<none>
Multiparts:		<none>
Body:
{
    "email": "hLOyflMQnO@ya.ru",
    "password": "WJQArGIprU",
    "name": "IdfoujkkRu"
}
Request method:	POST
Request URI:	https://stellarburgers.nomoreparties.site/api/auth/register
Proxy:			<none>
Request params:	<none>
Query params:	<none>
Form params:	<none>
Path params:	<none>
Headers:		Accept=*/*
				Content-Type=application/json
Cookies:		<none>
Multiparts:		<none>
Body:
{
    "email": "hLOyflMQnO@ya.ru",
    "password": "WJQArGIprU",
    "name": "IdfoujkkRu"
}
Request method:	POST
Request URI:	https://stellarburgers.nomoreparties.site/api/auth/register
Proxy:			<none>
Request params:	<none>
Query params:	<none>
Form params:	<none>
Path params:	<none>
Headers:		Accept=*/*
				Content-Type=application/json
Cookies:		<none>
Multiparts:		<none>
Body:
{
    "email": "hLOyflMQnO@ya.ru",
    "password": "WJQArGIprU",
    "name": "IdfoujkkRu"
}
Request method:	POST
Request URI:	https://stellarburgers.nomoreparties.site/api/auth/register
Proxy:			<none>
Request params:	<none>
Query params:	<none>
Form params:	<none>
Path params:	<none>
Headers:		Accept=*/*
				Content-Type=application/json
Cookies:		<none>
Multiparts:		<none>
Body:
{
    "email": "hLOyflMQnO@ya.ru",
    "password": "WJQArGIprU",
    "name": "IdfoujkkRu"
}
Request method:	POST
Request URI:	https://stellarburgers.nomoreparties.site/api/auth/register
Proxy:			<none>
Request params:	<none>
Query params:	<none>
Form params:	<none>
Path params:	<none>
Headers:		Accept=*/*
				Content-Type=application/json
Cookies:		<none>
Multiparts:		<none>
Body:
{
    "email": "hLOyflMQnO@ya.ru",
    "password": "WJQArGIprU",
    "name": "IdfoujkkRu"
}
Request method:	POST
Request URI:	https://stellarburgers.nomoreparties.site/api/auth/register
Proxy:			<none>
Request params:	<none>
Query params:	<none>
Form params:	<none>
Path params:	<none>
Headers:		Accept=*/*
				Content-Type=application/json
Cookies:		<none>
Multiparts:		<none>
Body:
{
    "email": "hLOyflMQnO@ya.ru",
    "password": "WJQArGIprU",
    "name": "IdfoujkkRu"
}
Request method:	POST
Request URI:	https://stellarburgers.nomoreparties.site/api/auth/register
Proxy:			<none>
Request params:	<none>
Query params:	<none>
Form params:	<none>
Path params:	<none>
Headers:		Accept=*/*
				Content-Type=application/json
Cookies:		<none>
Multiparts:		<none>
Body:
{
    "email": "hLOyflMQnO@ya.ru",
    "password": "WJQArGIprU",
    "name": "IdfoujkkRu"
}
Request method:	POST
Request URI:	https://stellarburgers.nomoreparties.site/api/auth/register
Proxy:			<none>
Request params:	<none>
Query params:	<none>
Form params:	<none>
Path params:	<none>
Headers:		Accept=*/*
				Content-Type=application/json
Cookies:		<none>
Multiparts:		<none>
Body:
{
    "email": "hLOyflMQnO@ya.ru",
    "password": "WJQArGIprU",
    "name": "IdfoujkkRu"
}
Request method:	POST
Request URI:	https://stellarburgers.nomoreparties.site/api/auth/register
Proxy:			<none>
Request params:	<none>
Query params:	<none>
Form params:	<none>
Path params:	<none>
Headers:		Accept=*/*
				Content-Type=application/json
Cookies:		<none>
Multiparts:		<none>
Body:
{
    "email": "hLOyflMQnO@ya.ru",
    "password": "WJQArGIprU",
    "name": "IdfoujkkRu"
}
Request method:	POST
Request URI:	https://stellarburgers.nomoreparties.site/api/auth/register
Proxy:			<none>
Request params:	<none>
Query params:	<none>
Form params:	<none>
Path params:	<none>
Headers:		Accept=*/*
				Content-Type=application/json
Cookies:		<none>
Multiparts:		<none>
Body:
{
    "email": "hLOyflMQnO@ya.ru",
    "password": "WJQArGIprU",
    "name": "IdfoujkkRu"
}
Request method:	POST
Request URI:	https://stellarburgers.nomoreparties.site/api/auth/register
Proxy:			<none>
Request params:	<none>
Query params:	<none>
Form params:	<none>
Path params:	<none>
Headers:		Accept=*/*
				Content-Type=application/json
Cookies:		<none>
Multiparts:		<none>
Body:
{
    "email": "hLOyflMQnO@ya.ru",
    "password": "WJQArGIprU",
    "name": "IdfoujkkRu"
}
Request method:	POST
Request URI:	https://stellarburgers.nomoreparties.site/api/auth/register
Proxy:			<none>
Request params:	<none>
Query params:	<none>
Form params:	<none>
Path params:	<none>
Headers:		Accept=*/*
				Content-Type=application/json
Cookies:		<none>
Multiparts:		<none>
Body:
{
    "email": "hLOyflMQnO@ya.ru",
    "password": "WJQArGIprU",
    "name": "IdfoujkkRu"
}
Request method:	POST
Request URI:	https://stellarburgers.nomoreparties.site/api/auth/register
Proxy:			<none>
Request params:	<none>
Query params:	<none>
Form params:	<none>
Path params:	<none>
Headers:		Accept=*/*
				Content-Type=application/json
Cookies:		<none>
Multiparts:		<none>
Body:
{
    "email": "hLOyflMQnO@ya.ru",
    "password": "WJQArGIprU",
    "name": "IdfoujkkRu"
}
Request method:	POST
Request URI:	https://stellarburgers.nomoreparties.site/api/auth/register
Proxy:			<none>
Request params:	<none>
Query params:	<none>
Form params:	<none>
Path params:	<none>
Headers:		Accept=*/*
				Content-Type=application/json
Cookies:		<none>
Multiparts:		<none>
Body:
{
    "email": "hLOyflMQnO@ya.ru",
    "password": "WJQArGIprU",
    "name": "IdfoujkkRu"
}
Request method:	POST
Request URI:	https://stellarburgers.nomoreparties.site/api/auth/register
Proxy:			<none>
Request params:	<none>
Query params:	<none>
Form params:	<none>
Path params:	<none>
Headers:		Accept=*/*
				Content-Type=application/json
Cookies:		<none>
Multiparts:		<none>
Body:
{
    "email": "hLOyflMQnO@ya.ru",
    "password": "WJQArGIprU",
    "name": "IdfoujkkRu"
}
HTTP/1.1 200 OK
Date: Sun, 30 Jun 2024 15:27:56 GMT
Content-Type: application/json; charset=utf-8
Transfer-Encoding: chunked
Connection: keep-alive
X-Powered-By: Express
Access-Control-Allow-Origin: *
authorization: Bearer eyJhbGciOiJIUzI1NiIsInR5cCI6IkpXVCJ9.eyJpZCI6IjY2ODE3OTdjOWVkMjgwMDAxYjQ1OTYyYSIsImlhdCI6MTcxOTc2MTI3NiwiZXhwIjoxNzE5NzYyNDc2fQ.ky1oc90NkGvdGCmavpL-0ZzteEyZprHpp5WCLzV228w
ETag: W/"16d-Wr3Ld0cIHYrYtSgectxIFIr4moA"
CF-Cache-Status: DYNAMIC
Report-To: {"endpoints":[{"url":"https:\/\/a.nel.cloudflare.com\/report\/v4?s=R0AtnuHK%2FuPHe0360XTOn%2BnX%2F1bF%2BAEH7Q9Ij0ypjJuxqBQxws5p31EYCzQ5ZjT3yRMxOzKkfax%2FOWxTaMoyGSmAI1Tze8XZ9Xi4bBWYT%2Bvht7J%2FIfjE9tJQdHufbIw9%2Bl2j%2Btbaj%2FvvCNaMT%2FFgCfGiJVI%3D"}],"group":"cf-nel","max_age":604800}
NEL: {"success_fraction":0,"report_to":"cf-nel","max_age":604800}
Server: cloudflare
CF-RAY: 89bf2ee86a9665ff-AMS
Content-Encoding: gzip
alt-svc: h3=":443"; ma=86400

{
    "success": true,
    "user": {
        "email": "hloyflmqno@ya.ru",
        "name": "IdfoujkkRu"
    },
    "accessToken": "Bearer eyJhbGciOiJIUzI1NiIsInR5cCI6IkpXVCJ9.eyJpZCI6IjY2ODE3OTdjOWVkMjgwMDAxYjQ1OTYyYSIsImlhdCI6MTcxOTc2MTI3NiwiZXhwIjoxNzE5NzYyNDc2fQ.ky1oc90NkGvdGCmavpL-0ZzteEyZprHpp5WCLzV228w",
    "refreshToken": "dcec3e26a69d964abb743ca951bc1309ff90e2e777a63642de697da324c395f55f935ddc8809cf0c"
}
HTTP/1.1 200 OK
Date: Sun, 30 Jun 2024 15:27:56 GMT
Content-Type: application/json; charset=utf-8
Transfer-Encoding: chunked
Connection: keep-alive
X-Powered-By: Express
Access-Control-Allow-Origin: *
authorization: Bearer eyJhbGciOiJIUzI1NiIsInR5cCI6IkpXVCJ9.eyJpZCI6IjY2ODE3OTdjOWVkMjgwMDAxYjQ1OTYyYSIsImlhdCI6MTcxOTc2MTI3NiwiZXhwIjoxNzE5NzYyNDc2fQ.ky1oc90NkGvdGCmavpL-0ZzteEyZprHpp5WCLzV228w
ETag: W/"16d-Wr3Ld0cIHYrYtSgectxIFIr4moA"
CF-Cache-Status: DYNAMIC
Report-To: {"endpoints":[{"url":"https:\/\/a.nel.cloudflare.com\/report\/v4?s=R0AtnuHK%2FuPHe0360XTOn%2BnX%2F1bF%2BAEH7Q9Ij0ypjJuxqBQxws5p31EYCzQ5ZjT3yRMxOzKkfax%2FOWxTaMoyGSmAI1Tze8XZ9Xi4bBWYT%2Bvht7J%2FIfjE9tJQdHufbIw9%2Bl2j%2Btbaj%2FvvCNaMT%2FFgCfGiJVI%3D"}],"group":"cf-nel","max_age":604800}
NEL: {"success_fraction":0,"report_to":"cf-nel","max_age":604800}
Server: cloudflare
CF-RAY: 89bf2ee86a9665ff-AMS
Content-Encoding: gzip
alt-svc: h3=":443"; ma=86400

{
    "success": true,
    "user": {
        "email": "hloyflmqno@ya.ru",
        "name": "IdfoujkkRu"
    },
    "accessToken": "Bearer eyJhbGciOiJIUzI1NiIsInR5cCI6IkpXVCJ9.eyJpZCI6IjY2ODE3OTdjOWVkMjgwMDAxYjQ1OTYyYSIsImlhdCI6MTcxOTc2MTI3NiwiZXhwIjoxNzE5NzYyNDc2fQ.ky1oc90NkGvdGCmavpL-0ZzteEyZprHpp5WCLzV228w",
    "refreshToken": "dcec3e26a69d964abb743ca951bc1309ff90e2e777a63642de697da324c395f55f935ddc8809cf0c"
}
HTTP/1.1 200 OK
Date: Sun, 30 Jun 2024 15:27:56 GMT
Content-Type: application/json; charset=utf-8
Transfer-Encoding: chunked
Connection: keep-alive
X-Powered-By: Express
Access-Control-Allow-Origin: *
authorization: Bearer eyJhbGciOiJIUzI1NiIsInR5cCI6IkpXVCJ9.eyJpZCI6IjY2ODE3OTdjOWVkMjgwMDAxYjQ1OTYyYSIsImlhdCI6MTcxOTc2MTI3NiwiZXhwIjoxNzE5NzYyNDc2fQ.ky1oc90NkGvdGCmavpL-0ZzteEyZprHpp5WCLzV228w
ETag: W/"16d-Wr3Ld0cIHYrYtSgectxIFIr4moA"
CF-Cache-Status: DYNAMIC
Report-To: {"endpoints":[{"url":"https:\/\/a.nel.cloudflare.com\/report\/v4?s=R0AtnuHK%2FuPHe0360XTOn%2BnX%2F1bF%2BAEH7Q9Ij0ypjJuxqBQxws5p31EYCzQ5ZjT3yRMxOzKkfax%2FOWxTaMoyGSmAI1Tze8XZ9Xi4bBWYT%2Bvht7J%2FIfjE9tJQdHufbIw9%2Bl2j%2Btbaj%2FvvCNaMT%2FFgCfGiJVI%3D"}],"group":"cf-nel","max_age":604800}
NEL: {"success_fraction":0,"report_to":"cf-nel","max_age":604800}
Server: cloudflare
CF-RAY: 89bf2ee86a9665ff-AMS
Content-Encoding: gzip
alt-svc: h3=":443"; ma=86400

{
    "success": true,
    "user": {
        "email": "hloyflmqno@ya.ru",
        "name": "IdfoujkkRu"
    },
    "accessToken": "Bearer eyJhbGciOiJIUzI1NiIsInR5cCI6IkpXVCJ9.eyJpZCI6IjY2ODE3OTdjOWVkMjgwMDAxYjQ1OTYyYSIsImlhdCI6MTcxOTc2MTI3NiwiZXhwIjoxNzE5NzYyNDc2fQ.ky1oc90NkGvdGCmavpL-0ZzteEyZprHpp5WCLzV228w",
    "refreshToken": "dcec3e26a69d964abb743ca951bc1309ff90e2e777a63642de697da324c395f55f935ddc8809cf0c"
}
HTTP/1.1 200 OK
Date: Sun, 30 Jun 2024 15:27:56 GMT
Content-Type: application/json; charset=utf-8
Transfer-Encoding: chunked
Connection: keep-alive
X-Powered-By: Express
Access-Control-Allow-Origin: *
authorization: Bearer eyJhbGciOiJIUzI1NiIsInR5cCI6IkpXVCJ9.eyJpZCI6IjY2ODE3OTdjOWVkMjgwMDAxYjQ1OTYyYSIsImlhdCI6MTcxOTc2MTI3NiwiZXhwIjoxNzE5NzYyNDc2fQ.ky1oc90NkGvdGCmavpL-0ZzteEyZprHpp5WCLzV228w
ETag: W/"16d-Wr3Ld0cIHYrYtSgectxIFIr4moA"
CF-Cache-Status: DYNAMIC
Report-To: {"endpoints":[{"url":"https:\/\/a.nel.cloudflare.com\/report\/v4?s=R0AtnuHK%2FuPHe0360XTOn%2BnX%2F1bF%2BAEH7Q9Ij0ypjJuxqBQxws5p31EYCzQ5ZjT3yRMxOzKkfax%2FOWxTaMoyGSmAI1Tze8XZ9Xi4bBWYT%2Bvht7J%2FIfjE9tJQdHufbIw9%2Bl2j%2Btbaj%2FvvCNaMT%2FFgCfGiJVI%3D"}],"group":"cf-nel","max_age":604800}
NEL: {"success_fraction":0,"report_to":"cf-nel","max_age":604800}
Server: cloudflare
CF-RAY: 89bf2ee86a9665ff-AMS
Content-Encoding: gzip
alt-svc: h3=":443"; ma=86400

{
    "success": true,
    "user": {
        "email": "hloyflmqno@ya.ru",
        "name": "IdfoujkkRu"
    },
    "accessToken": "Bearer eyJhbGciOiJIUzI1NiIsInR5cCI6IkpXVCJ9.eyJpZCI6IjY2ODE3OTdjOWVkMjgwMDAxYjQ1OTYyYSIsImlhdCI6MTcxOTc2MTI3NiwiZXhwIjoxNzE5NzYyNDc2fQ.ky1oc90NkGvdGCmavpL-0ZzteEyZprHpp5WCLzV228w",
    "refreshToken": "dcec3e26a69d964abb743ca951bc1309ff90e2e777a63642de697da324c395f55f935ddc8809cf0c"
}
HTTP/1.1 200 OK
Date: Sun, 30 Jun 2024 15:27:56 GMT
Content-Type: application/json; charset=utf-8
Transfer-Encoding: chunked
Connection: keep-alive
X-Powered-By: Express
Access-Control-Allow-Origin: *
authorization: Bearer eyJhbGciOiJIUzI1NiIsInR5cCI6IkpXVCJ9.eyJpZCI6IjY2ODE3OTdjOWVkMjgwMDAxYjQ1OTYyYSIsImlhdCI6MTcxOTc2MTI3NiwiZXhwIjoxNzE5NzYyNDc2fQ.ky1oc90NkGvdGCmavpL-0ZzteEyZprHpp5WCLzV228w
ETag: W/"16d-Wr3Ld0cIHYrYtSgectxIFIr4moA"
CF-Cache-Status: DYNAMIC
Report-To: {"endpoints":[{"url":"https:\/\/a.nel.cloudflare.com\/report\/v4?s=R0AtnuHK%2FuPHe0360XTOn%2BnX%2F1bF%2BAEH7Q9Ij0ypjJuxqBQxws5p31EYCzQ5ZjT3yRMxOzKkfax%2FOWxTaMoyGSmAI1Tze8XZ9Xi4bBWYT%2Bvht7J%2FIfjE9tJQdHufbIw9%2Bl2j%2Btbaj%2FvvCNaMT%2FFgCfGiJVI%3D"}],"group":"cf-nel","max_age":604800}
NEL: {"success_fraction":0,"report_to":"cf-nel","max_age":604800}
Server: cloudflare
CF-RAY: 89bf2ee86a9665ff-AMS
Content-Encoding: gzip
alt-svc: h3=":443"; ma=86400

{
    "success": true,
    "user": {
        "email": "hloyflmqno@ya.ru",
        "name": "IdfoujkkRu"
    },
    "accessToken": "Bearer eyJhbGciOiJIUzI1NiIsInR5cCI6IkpXVCJ9.eyJpZCI6IjY2ODE3OTdjOWVkMjgwMDAxYjQ1OTYyYSIsImlhdCI6MTcxOTc2MTI3NiwiZXhwIjoxNzE5NzYyNDc2fQ.ky1oc90NkGvdGCmavpL-0ZzteEyZprHpp5WCLzV228w",
    "refreshToken": "dcec3e26a69d964abb743ca951bc1309ff90e2e777a63642de697da324c395f55f935ddc8809cf0c"
}
HTTP/1.1 200 OK
Date: Sun, 30 Jun 2024 15:27:56 GMT
Content-Type: application/json; charset=utf-8
Transfer-Encoding: chunked
Connection: keep-alive
X-Powered-By: Express
Access-Control-Allow-Origin: *
authorization: Bearer eyJhbGciOiJIUzI1NiIsInR5cCI6IkpXVCJ9.eyJpZCI6IjY2ODE3OTdjOWVkMjgwMDAxYjQ1OTYyYSIsImlhdCI6MTcxOTc2MTI3NiwiZXhwIjoxNzE5NzYyNDc2fQ.ky1oc90NkGvdGCmavpL-0ZzteEyZprHpp5WCLzV228w
ETag: W/"16d-Wr3Ld0cIHYrYtSgectxIFIr4moA"
CF-Cache-Status: DYNAMIC
Report-To: {"endpoints":[{"url":"https:\/\/a.nel.cloudflare.com\/report\/v4?s=R0AtnuHK%2FuPHe0360XTOn%2BnX%2F1bF%2BAEH7Q9Ij0ypjJuxqBQxws5p31EYCzQ5ZjT3yRMxOzKkfax%2FOWxTaMoyGSmAI1Tze8XZ9Xi4bBWYT%2Bvht7J%2FIfjE9tJQdHufbIw9%2Bl2j%2Btbaj%2FvvCNaMT%2FFgCfGiJVI%3D"}],"group":"cf-nel","max_age":604800}
NEL: {"success_fraction":0,"report_to":"cf-nel","max_age":604800}
Server: cloudflare
CF-RAY: 89bf2ee86a9665ff-AMS
Content-Encoding: gzip
alt-svc: h3=":443"; ma=86400

{
    "success": true,
    "user": {
        "email": "hloyflmqno@ya.ru",
        "name": "IdfoujkkRu"
    },
    "accessToken": "Bearer eyJhbGciOiJIUzI1NiIsInR5cCI6IkpXVCJ9.eyJpZCI6IjY2ODE3OTdjOWVkMjgwMDAxYjQ1OTYyYSIsImlhdCI6MTcxOTc2MTI3NiwiZXhwIjoxNzE5NzYyNDc2fQ.ky1oc90NkGvdGCmavpL-0ZzteEyZprHpp5WCLzV228w",
    "refreshToken": "dcec3e26a69d964abb743ca951bc1309ff90e2e777a63642de697da324c395f55f935ddc8809cf0c"
}
HTTP/1.1 200 OK
Date: Sun, 30 Jun 2024 15:27:56 GMT
Content-Type: application/json; charset=utf-8
Transfer-Encoding: chunked
Connection: keep-alive
X-Powered-By: Express
Access-Control-Allow-Origin: *
authorization: Bearer eyJhbGciOiJIUzI1NiIsInR5cCI6IkpXVCJ9.eyJpZCI6IjY2ODE3OTdjOWVkMjgwMDAxYjQ1OTYyYSIsImlhdCI6MTcxOTc2MTI3NiwiZXhwIjoxNzE5NzYyNDc2fQ.ky1oc90NkGvdGCmavpL-0ZzteEyZprHpp5WCLzV228w
ETag: W/"16d-Wr3Ld0cIHYrYtSgectxIFIr4moA"
CF-Cache-Status: DYNAMIC
Report-To: {"endpoints":[{"url":"https:\/\/a.nel.cloudflare.com\/report\/v4?s=R0AtnuHK%2FuPHe0360XTOn%2BnX%2F1bF%2BAEH7Q9Ij0ypjJuxqBQxws5p31EYCzQ5ZjT3yRMxOzKkfax%2FOWxTaMoyGSmAI1Tze8XZ9Xi4bBWYT%2Bvht7J%2FIfjE9tJQdHufbIw9%2Bl2j%2Btbaj%2FvvCNaMT%2FFgCfGiJVI%3D"}],"group":"cf-nel","max_age":604800}
NEL: {"success_fraction":0,"report_to":"cf-nel","max_age":604800}
Server: cloudflare
CF-RAY: 89bf2ee86a9665ff-AMS
Content-Encoding: gzip
alt-svc: h3=":443"; ma=86400

{
    "success": true,
    "user": {
        "email": "hloyflmqno@ya.ru",
        "name": "IdfoujkkRu"
    },
    "accessToken": "Bearer eyJhbGciOiJIUzI1NiIsInR5cCI6IkpXVCJ9.eyJpZCI6IjY2ODE3OTdjOWVkMjgwMDAxYjQ1OTYyYSIsImlhdCI6MTcxOTc2MTI3NiwiZXhwIjoxNzE5NzYyNDc2fQ.ky1oc90NkGvdGCmavpL-0ZzteEyZprHpp5WCLzV228w",
    "refreshToken": "dcec3e26a69d964abb743ca951bc1309ff90e2e777a63642de697da324c395f55f935ddc8809cf0c"
}
HTTP/1.1 200 OK
Date: Sun, 30 Jun 2024 15:27:56 GMT
Content-Type: application/json; charset=utf-8
Transfer-Encoding: chunked
Connection: keep-alive
X-Powered-By: Express
Access-Control-Allow-Origin: *
authorization: Bearer eyJhbGciOiJIUzI1NiIsInR5cCI6IkpXVCJ9.eyJpZCI6IjY2ODE3OTdjOWVkMjgwMDAxYjQ1OTYyYSIsImlhdCI6MTcxOTc2MTI3NiwiZXhwIjoxNzE5NzYyNDc2fQ.ky1oc90NkGvdGCmavpL-0ZzteEyZprHpp5WCLzV228w
ETag: W/"16d-Wr3Ld0cIHYrYtSgectxIFIr4moA"
CF-Cache-Status: DYNAMIC
Report-To: {"endpoints":[{"url":"https:\/\/a.nel.cloudflare.com\/report\/v4?s=R0AtnuHK%2FuPHe0360XTOn%2BnX%2F1bF%2BAEH7Q9Ij0ypjJuxqBQxws5p31EYCzQ5ZjT3yRMxOzKkfax%2FOWxTaMoyGSmAI1Tze8XZ9Xi4bBWYT%2Bvht7J%2FIfjE9tJQdHufbIw9%2Bl2j%2Btbaj%2FvvCNaMT%2FFgCfGiJVI%3D"}],"group":"cf-nel","max_age":604800}
NEL: {"success_fraction":0,"report_to":"cf-nel","max_age":604800}
Server: cloudflare
CF-RAY: 89bf2ee86a9665ff-AMS
Content-Encoding: gzip
alt-svc: h3=":443"; ma=86400

{
    "success": true,
    "user": {
        "email": "hloyflmqno@ya.ru",
        "name": "IdfoujkkRu"
    },
    "accessToken": "Bearer eyJhbGciOiJIUzI1NiIsInR5cCI6IkpXVCJ9.eyJpZCI6IjY2ODE3OTdjOWVkMjgwMDAxYjQ1OTYyYSIsImlhdCI6MTcxOTc2MTI3NiwiZXhwIjoxNzE5NzYyNDc2fQ.ky1oc90NkGvdGCmavpL-0ZzteEyZprHpp5WCLzV228w",
    "refreshToken": "dcec3e26a69d964abb743ca951bc1309ff90e2e777a63642de697da324c395f55f935ddc8809cf0c"
}
HTTP/1.1 200 OK
Date: Sun, 30 Jun 2024 15:27:56 GMT
Content-Type: application/json; charset=utf-8
Transfer-Encoding: chunked
Connection: keep-alive
X-Powered-By: Express
Access-Control-Allow-Origin: *
authorization: Bearer eyJhbGciOiJIUzI1NiIsInR5cCI6IkpXVCJ9.eyJpZCI6IjY2ODE3OTdjOWVkMjgwMDAxYjQ1OTYyYSIsImlhdCI6MTcxOTc2MTI3NiwiZXhwIjoxNzE5NzYyNDc2fQ.ky1oc90NkGvdGCmavpL-0ZzteEyZprHpp5WCLzV228w
ETag: W/"16d-Wr3Ld0cIHYrYtSgectxIFIr4moA"
CF-Cache-Status: DYNAMIC
Report-To: {"endpoints":[{"url":"https:\/\/a.nel.cloudflare.com\/report\/v4?s=R0AtnuHK%2FuPHe0360XTOn%2BnX%2F1bF%2BAEH7Q9Ij0ypjJuxqBQxws5p31EYCzQ5ZjT3yRMxOzKkfax%2FOWxTaMoyGSmAI1Tze8XZ9Xi4bBWYT%2Bvht7J%2FIfjE9tJQdHufbIw9%2Bl2j%2Btbaj%2FvvCNaMT%2FFgCfGiJVI%3D"}],"group":"cf-nel","max_age":604800}
NEL: {"success_fraction":0,"report_to":"cf-nel","max_age":604800}
Server: cloudflare
CF-RAY: 89bf2ee86a9665ff-AMS
Content-Encoding: gzip
alt-svc: h3=":443"; ma=86400

{
    "success": true,
    "user": {
        "email": "hloyflmqno@ya.ru",
        "name": "IdfoujkkRu"
    },
    "accessToken": "Bearer eyJhbGciOiJIUzI1NiIsInR5cCI6IkpXVCJ9.eyJpZCI6IjY2ODE3OTdjOWVkMjgwMDAxYjQ1OTYyYSIsImlhdCI6MTcxOTc2MTI3NiwiZXhwIjoxNzE5NzYyNDc2fQ.ky1oc90NkGvdGCmavpL-0ZzteEyZprHpp5WCLzV228w",
    "refreshToken": "dcec3e26a69d964abb743ca951bc1309ff90e2e777a63642de697da324c395f55f935ddc8809cf0c"
}
HTTP/1.1 200 OK
Date: Sun, 30 Jun 2024 15:27:56 GMT
Content-Type: application/json; charset=utf-8
Transfer-Encoding: chunked
Connection: keep-alive
X-Powered-By: Express
Access-Control-Allow-Origin: *
authorization: Bearer eyJhbGciOiJIUzI1NiIsInR5cCI6IkpXVCJ9.eyJpZCI6IjY2ODE3OTdjOWVkMjgwMDAxYjQ1OTYyYSIsImlhdCI6MTcxOTc2MTI3NiwiZXhwIjoxNzE5NzYyNDc2fQ.ky1oc90NkGvdGCmavpL-0ZzteEyZprHpp5WCLzV228w
ETag: W/"16d-Wr3Ld0cIHYrYtSgectxIFIr4moA"
CF-Cache-Status: DYNAMIC
Report-To: {"endpoints":[{"url":"https:\/\/a.nel.cloudflare.com\/report\/v4?s=R0AtnuHK%2FuPHe0360XTOn%2BnX%2F1bF%2BAEH7Q9Ij0ypjJuxqBQxws5p31EYCzQ5ZjT3yRMxOzKkfax%2FOWxTaMoyGSmAI1Tze8XZ9Xi4bBWYT%2Bvht7J%2FIfjE9tJQdHufbIw9%2Bl2j%2Btbaj%2FvvCNaMT%2FFgCfGiJVI%3D"}],"group":"cf-nel","max_age":604800}
NEL: {"success_fraction":0,"report_to":"cf-nel","max_age":604800}
Server: cloudflare
CF-RAY: 89bf2ee86a9665ff-AMS
Content-Encoding: gzip
alt-svc: h3=":443"; ma=86400

{
    "success": true,
    "user": {
        "email": "hloyflmqno@ya.ru",
        "name": "IdfoujkkRu"
    },
    "accessToken": "Bearer eyJhbGciOiJIUzI1NiIsInR5cCI6IkpXVCJ9.eyJpZCI6IjY2ODE3OTdjOWVkMjgwMDAxYjQ1OTYyYSIsImlhdCI6MTcxOTc2MTI3NiwiZXhwIjoxNzE5NzYyNDc2fQ.ky1oc90NkGvdGCmavpL-0ZzteEyZprHpp5WCLzV228w",
    "refreshToken": "dcec3e26a69d964abb743ca951bc1309ff90e2e777a63642de697da324c395f55f935ddc8809cf0c"
}
HTTP/1.1 200 OK
Date: Sun, 30 Jun 2024 15:27:56 GMT
Content-Type: application/json; charset=utf-8
Transfer-Encoding: chunked
Connection: keep-alive
X-Powered-By: Express
Access-Control-Allow-Origin: *
authorization: Bearer eyJhbGciOiJIUzI1NiIsInR5cCI6IkpXVCJ9.eyJpZCI6IjY2ODE3OTdjOWVkMjgwMDAxYjQ1OTYyYSIsImlhdCI6MTcxOTc2MTI3NiwiZXhwIjoxNzE5NzYyNDc2fQ.ky1oc90NkGvdGCmavpL-0ZzteEyZprHpp5WCLzV228w
ETag: W/"16d-Wr3Ld0cIHYrYtSgectxIFIr4moA"
CF-Cache-Status: DYNAMIC
Report-To: {"endpoints":[{"url":"https:\/\/a.nel.cloudflare.com\/report\/v4?s=R0AtnuHK%2FuPHe0360XTOn%2BnX%2F1bF%2BAEH7Q9Ij0ypjJuxqBQxws5p31EYCzQ5ZjT3yRMxOzKkfax%2FOWxTaMoyGSmAI1Tze8XZ9Xi4bBWYT%2Bvht7J%2FIfjE9tJQdHufbIw9%2Bl2j%2Btbaj%2FvvCNaMT%2FFgCfGiJVI%3D"}],"group":"cf-nel","max_age":604800}
NEL: {"success_fraction":0,"report_to":"cf-nel","max_age":604800}
Server: cloudflare
CF-RAY: 89bf2ee86a9665ff-AMS
Content-Encoding: gzip
alt-svc: h3=":443"; ma=86400

{
    "success": true,
    "user": {
        "email": "hloyflmqno@ya.ru",
        "name": "IdfoujkkRu"
    },
    "accessToken": "Bearer eyJhbGciOiJIUzI1NiIsInR5cCI6IkpXVCJ9.eyJpZCI6IjY2ODE3OTdjOWVkMjgwMDAxYjQ1OTYyYSIsImlhdCI6MTcxOTc2MTI3NiwiZXhwIjoxNzE5NzYyNDc2fQ.ky1oc90NkGvdGCmavpL-0ZzteEyZprHpp5WCLzV228w",
    "refreshToken": "dcec3e26a69d964abb743ca951bc1309ff90e2e777a63642de697da324c395f55f935ddc8809cf0c"
}
HTTP/1.1 200 OK
Date: Sun, 30 Jun 2024 15:27:56 GMT
Content-Type: application/json; charset=utf-8
Transfer-Encoding: chunked
Connection: keep-alive
X-Powered-By: Express
Access-Control-Allow-Origin: *
authorization: Bearer eyJhbGciOiJIUzI1NiIsInR5cCI6IkpXVCJ9.eyJpZCI6IjY2ODE3OTdjOWVkMjgwMDAxYjQ1OTYyYSIsImlhdCI6MTcxOTc2MTI3NiwiZXhwIjoxNzE5NzYyNDc2fQ.ky1oc90NkGvdGCmavpL-0ZzteEyZprHpp5WCLzV228w
ETag: W/"16d-Wr3Ld0cIHYrYtSgectxIFIr4moA"
CF-Cache-Status: DYNAMIC
Report-To: {"endpoints":[{"url":"https:\/\/a.nel.cloudflare.com\/report\/v4?s=R0AtnuHK%2FuPHe0360XTOn%2BnX%2F1bF%2BAEH7Q9Ij0ypjJuxqBQxws5p31EYCzQ5ZjT3yRMxOzKkfax%2FOWxTaMoyGSmAI1Tze8XZ9Xi4bBWYT%2Bvht7J%2FIfjE9tJQdHufbIw9%2Bl2j%2Btbaj%2FvvCNaMT%2FFgCfGiJVI%3D"}],"group":"cf-nel","max_age":604800}
NEL: {"success_fraction":0,"report_to":"cf-nel","max_age":604800}
Server: cloudflare
CF-RAY: 89bf2ee86a9665ff-AMS
Content-Encoding: gzip
alt-svc: h3=":443"; ma=86400

{
    "success": true,
    "user": {
        "email": "hloyflmqno@ya.ru",
        "name": "IdfoujkkRu"
    },
    "accessToken": "Bearer eyJhbGciOiJIUzI1NiIsInR5cCI6IkpXVCJ9.eyJpZCI6IjY2ODE3OTdjOWVkMjgwMDAxYjQ1OTYyYSIsImlhdCI6MTcxOTc2MTI3NiwiZXhwIjoxNzE5NzYyNDc2fQ.ky1oc90NkGvdGCmavpL-0ZzteEyZprHpp5WCLzV228w",
    "refreshToken": "dcec3e26a69d964abb743ca951bc1309ff90e2e777a63642de697da324c395f55f935ddc8809cf0c"
}
HTTP/1.1 200 OK
Date: Sun, 30 Jun 2024 15:27:56 GMT
Content-Type: application/json; charset=utf-8
Transfer-Encoding: chunked
Connection: keep-alive
X-Powered-By: Express
Access-Control-Allow-Origin: *
authorization: Bearer eyJhbGciOiJIUzI1NiIsInR5cCI6IkpXVCJ9.eyJpZCI6IjY2ODE3OTdjOWVkMjgwMDAxYjQ1OTYyYSIsImlhdCI6MTcxOTc2MTI3NiwiZXhwIjoxNzE5NzYyNDc2fQ.ky1oc90NkGvdGCmavpL-0ZzteEyZprHpp5WCLzV228w
ETag: W/"16d-Wr3Ld0cIHYrYtSgectxIFIr4moA"
CF-Cache-Status: DYNAMIC
Report-To: {"endpoints":[{"url":"https:\/\/a.nel.cloudflare.com\/report\/v4?s=R0AtnuHK%2FuPHe0360XTOn%2BnX%2F1bF%2BAEH7Q9Ij0ypjJuxqBQxws5p31EYCzQ5ZjT3yRMxOzKkfax%2FOWxTaMoyGSmAI1Tze8XZ9Xi4bBWYT%2Bvht7J%2FIfjE9tJQdHufbIw9%2Bl2j%2Btbaj%2FvvCNaMT%2FFgCfGiJVI%3D"}],"group":"cf-nel","max_age":604800}
NEL: {"success_fraction":0,"report_to":"cf-nel","max_age":604800}
Server: cloudflare
CF-RAY: 89bf2ee86a9665ff-AMS
Content-Encoding: gzip
alt-svc: h3=":443"; ma=86400

{
    "success": true,
    "user": {
        "email": "hloyflmqno@ya.ru",
        "name": "IdfoujkkRu"
    },
    "accessToken": "Bearer eyJhbGciOiJIUzI1NiIsInR5cCI6IkpXVCJ9.eyJpZCI6IjY2ODE3OTdjOWVkMjgwMDAxYjQ1OTYyYSIsImlhdCI6MTcxOTc2MTI3NiwiZXhwIjoxNzE5NzYyNDc2fQ.ky1oc90NkGvdGCmavpL-0ZzteEyZprHpp5WCLzV228w",
    "refreshToken": "dcec3e26a69d964abb743ca951bc1309ff90e2e777a63642de697da324c395f55f935ddc8809cf0c"
}
HTTP/1.1 200 OK
Date: Sun, 30 Jun 2024 15:27:56 GMT
Content-Type: application/json; charset=utf-8
Transfer-Encoding: chunked
Connection: keep-alive
X-Powered-By: Express
Access-Control-Allow-Origin: *
authorization: Bearer eyJhbGciOiJIUzI1NiIsInR5cCI6IkpXVCJ9.eyJpZCI6IjY2ODE3OTdjOWVkMjgwMDAxYjQ1OTYyYSIsImlhdCI6MTcxOTc2MTI3NiwiZXhwIjoxNzE5NzYyNDc2fQ.ky1oc90NkGvdGCmavpL-0ZzteEyZprHpp5WCLzV228w
ETag: W/"16d-Wr3Ld0cIHYrYtSgectxIFIr4moA"
CF-Cache-Status: DYNAMIC
Report-To: {"endpoints":[{"url":"https:\/\/a.nel.cloudflare.com\/report\/v4?s=R0AtnuHK%2FuPHe0360XTOn%2BnX%2F1bF%2BAEH7Q9Ij0ypjJuxqBQxws5p31EYCzQ5ZjT3yRMxOzKkfax%2FOWxTaMoyGSmAI1Tze8XZ9Xi4bBWYT%2Bvht7J%2FIfjE9tJQdHufbIw9%2Bl2j%2Btbaj%2FvvCNaMT%2FFgCfGiJVI%3D"}],"group":"cf-nel","max_age":604800}
NEL: {"success_fraction":0,"report_to":"cf-nel","max_age":604800}
Server: cloudflare
CF-RAY: 89bf2ee86a9665ff-AMS
Content-Encoding: gzip
alt-svc: h3=":443"; ma=86400

{
    "success": true,
    "user": {
        "email": "hloyflmqno@ya.ru",
        "name": "IdfoujkkRu"
    },
    "accessToken": "Bearer eyJhbGciOiJIUzI1NiIsInR5cCI6IkpXVCJ9.eyJpZCI6IjY2ODE3OTdjOWVkMjgwMDAxYjQ1OTYyYSIsImlhdCI6MTcxOTc2MTI3NiwiZXhwIjoxNzE5NzYyNDc2fQ.ky1oc90NkGvdGCmavpL-0ZzteEyZprHpp5WCLzV228w",
    "refreshToken": "dcec3e26a69d964abb743ca951bc1309ff90e2e777a63642de697da324c395f55f935ddc8809cf0c"
}
HTTP/1.1 200 OK
Date: Sun, 30 Jun 2024 15:27:56 GMT
Content-Type: application/json; charset=utf-8
Transfer-Encoding: chunked
Connection: keep-alive
X-Powered-By: Express
Access-Control-Allow-Origin: *
authorization: Bearer eyJhbGciOiJIUzI1NiIsInR5cCI6IkpXVCJ9.eyJpZCI6IjY2ODE3OTdjOWVkMjgwMDAxYjQ1OTYyYSIsImlhdCI6MTcxOTc2MTI3NiwiZXhwIjoxNzE5NzYyNDc2fQ.ky1oc90NkGvdGCmavpL-0ZzteEyZprHpp5WCLzV228w
ETag: W/"16d-Wr3Ld0cIHYrYtSgectxIFIr4moA"
CF-Cache-Status: DYNAMIC
Report-To: {"endpoints":[{"url":"https:\/\/a.nel.cloudflare.com\/report\/v4?s=R0AtnuHK%2FuPHe0360XTOn%2BnX%2F1bF%2BAEH7Q9Ij0ypjJuxqBQxws5p31EYCzQ5ZjT3yRMxOzKkfax%2FOWxTaMoyGSmAI1Tze8XZ9Xi4bBWYT%2Bvht7J%2FIfjE9tJQdHufbIw9%2Bl2j%2Btbaj%2FvvCNaMT%2FFgCfGiJVI%3D"}],"group":"cf-nel","max_age":604800}
NEL: {"success_fraction":0,"report_to":"cf-nel","max_age":604800}
Server: cloudflare
CF-RAY: 89bf2ee86a9665ff-AMS
Content-Encoding: gzip
alt-svc: h3=":443"; ma=86400

{
    "success": true,
    "user": {
        "email": "hloyflmqno@ya.ru",
        "name": "IdfoujkkRu"
    },
    "accessToken": "Bearer eyJhbGciOiJIUzI1NiIsInR5cCI6IkpXVCJ9.eyJpZCI6IjY2ODE3OTdjOWVkMjgwMDAxYjQ1OTYyYSIsImlhdCI6MTcxOTc2MTI3NiwiZXhwIjoxNzE5NzYyNDc2fQ.ky1oc90NkGvdGCmavpL-0ZzteEyZprHpp5WCLzV228w",
    "refreshToken": "dcec3e26a69d964abb743ca951bc1309ff90e2e777a63642de697da324c395f55f935ddc8809cf0c"
}
HTTP/1.1 200 OK
Date: Sun, 30 Jun 2024 15:27:56 GMT
Content-Type: application/json; charset=utf-8
Transfer-Encoding: chunked
Connection: keep-alive
X-Powered-By: Express
Access-Control-Allow-Origin: *
authorization: Bearer eyJhbGciOiJIUzI1NiIsInR5cCI6IkpXVCJ9.eyJpZCI6IjY2ODE3OTdjOWVkMjgwMDAxYjQ1OTYyYSIsImlhdCI6MTcxOTc2MTI3NiwiZXhwIjoxNzE5NzYyNDc2fQ.ky1oc90NkGvdGCmavpL-0ZzteEyZprHpp5WCLzV228w
ETag: W/"16d-Wr3Ld0cIHYrYtSgectxIFIr4moA"
CF-Cache-Status: DYNAMIC
Report-To: {"endpoints":[{"url":"https:\/\/a.nel.cloudflare.com\/report\/v4?s=R0AtnuHK%2FuPHe0360XTOn%2BnX%2F1bF%2BAEH7Q9Ij0ypjJuxqBQxws5p31EYCzQ5ZjT3yRMxOzKkfax%2FOWxTaMoyGSmAI1Tze8XZ9Xi4bBWYT%2Bvht7J%2FIfjE9tJQdHufbIw9%2Bl2j%2Btbaj%2FvvCNaMT%2FFgCfGiJVI%3D"}],"group":"cf-nel","max_age":604800}
NEL: {"success_fraction":0,"report_to":"cf-nel","max_age":604800}
Server: cloudflare
CF-RAY: 89bf2ee86a9665ff-AMS
Content-Encoding: gzip
alt-svc: h3=":443"; ma=86400

{
    "success": true,
    "user": {
        "email": "hloyflmqno@ya.ru",
        "name": "IdfoujkkRu"
    },
    "accessToken": "Bearer eyJhbGciOiJIUzI1NiIsInR5cCI6IkpXVCJ9.eyJpZCI6IjY2ODE3OTdjOWVkMjgwMDAxYjQ1OTYyYSIsImlhdCI6MTcxOTc2MTI3NiwiZXhwIjoxNzE5NzYyNDc2fQ.ky1oc90NkGvdGCmavpL-0ZzteEyZprHpp5WCLzV228w",
    "refreshToken": "dcec3e26a69d964abb743ca951bc1309ff90e2e777a63642de697da324c395f55f935ddc8809cf0c"
}
HTTP/1.1 200 OK
Date: Sun, 30 Jun 2024 15:27:56 GMT
Content-Type: application/json; charset=utf-8
Transfer-Encoding: chunked
Connection: keep-alive
X-Powered-By: Express
Access-Control-Allow-Origin: *
authorization: Bearer eyJhbGciOiJIUzI1NiIsInR5cCI6IkpXVCJ9.eyJpZCI6IjY2ODE3OTdjOWVkMjgwMDAxYjQ1OTYyYSIsImlhdCI6MTcxOTc2MTI3NiwiZXhwIjoxNzE5NzYyNDc2fQ.ky1oc90NkGvdGCmavpL-0ZzteEyZprHpp5WCLzV228w
ETag: W/"16d-Wr3Ld0cIHYrYtSgectxIFIr4moA"
CF-Cache-Status: DYNAMIC
Report-To: {"endpoints":[{"url":"https:\/\/a.nel.cloudflare.com\/report\/v4?s=R0AtnuHK%2FuPHe0360XTOn%2BnX%2F1bF%2BAEH7Q9Ij0ypjJuxqBQxws5p31EYCzQ5ZjT3yRMxOzKkfax%2FOWxTaMoyGSmAI1Tze8XZ9Xi4bBWYT%2Bvht7J%2FIfjE9tJQdHufbIw9%2Bl2j%2Btbaj%2FvvCNaMT%2FFgCfGiJVI%3D"}],"group":"cf-nel","max_age":604800}
NEL: {"success_fraction":0,"report_to":"cf-nel","max_age":604800}
Server: cloudflare
CF-RAY: 89bf2ee86a9665ff-AMS
Content-Encoding: gzip
alt-svc: h3=":443"; ma=86400

{
    "success": true,
    "user": {
        "email": "hloyflmqno@ya.ru",
        "name": "IdfoujkkRu"
    },
    "accessToken": "Bearer eyJhbGciOiJIUzI1NiIsInR5cCI6IkpXVCJ9.eyJpZCI6IjY2ODE3OTdjOWVkMjgwMDAxYjQ1OTYyYSIsImlhdCI6MTcxOTc2MTI3NiwiZXhwIjoxNzE5NzYyNDc2fQ.ky1oc90NkGvdGCmavpL-0ZzteEyZprHpp5WCLzV228w",
    "refreshToken": "dcec3e26a69d964abb743ca951bc1309ff90e2e777a63642de697da324c395f55f935ddc8809cf0c"
}
HTTP/1.1 200 OK
Date: Sun, 30 Jun 2024 15:27:56 GMT
Content-Type: application/json; charset=utf-8
Transfer-Encoding: chunked
Connection: keep-alive
X-Powered-By: Express
Access-Control-Allow-Origin: *
authorization: Bearer eyJhbGciOiJIUzI1NiIsInR5cCI6IkpXVCJ9.eyJpZCI6IjY2ODE3OTdjOWVkMjgwMDAxYjQ1OTYyYSIsImlhdCI6MTcxOTc2MTI3NiwiZXhwIjoxNzE5NzYyNDc2fQ.ky1oc90NkGvdGCmavpL-0ZzteEyZprHpp5WCLzV228w
ETag: W/"16d-Wr3Ld0cIHYrYtSgectxIFIr4moA"
CF-Cache-Status: DYNAMIC
Report-To: {"endpoints":[{"url":"https:\/\/a.nel.cloudflare.com\/report\/v4?s=R0AtnuHK%2FuPHe0360XTOn%2BnX%2F1bF%2BAEH7Q9Ij0ypjJuxqBQxws5p31EYCzQ5ZjT3yRMxOzKkfax%2FOWxTaMoyGSmAI1Tze8XZ9Xi4bBWYT%2Bvht7J%2FIfjE9tJQdHufbIw9%2Bl2j%2Btbaj%2FvvCNaMT%2FFgCfGiJVI%3D"}],"group":"cf-nel","max_age":604800}
NEL: {"success_fraction":0,"report_to":"cf-nel","max_age":604800}
Server: cloudflare
CF-RAY: 89bf2ee86a9665ff-AMS
Content-Encoding: gzip
alt-svc: h3=":443"; ma=86400

{
    "success": true,
    "user": {
        "email": "hloyflmqno@ya.ru",
        "name": "IdfoujkkRu"
    },
    "accessToken": "Bearer eyJhbGciOiJIUzI1NiIsInR5cCI6IkpXVCJ9.eyJpZCI6IjY2ODE3OTdjOWVkMjgwMDAxYjQ1OTYyYSIsImlhdCI6MTcxOTc2MTI3NiwiZXhwIjoxNzE5NzYyNDc2fQ.ky1oc90NkGvdGCmavpL-0ZzteEyZprHpp5WCLzV228w",
    "refreshToken": "dcec3e26a69d964abb743ca951bc1309ff90e2e777a63642de697da324c395f55f935ddc8809cf0c"
}
HTTP/1.1 200 OK
Date: Sun, 30 Jun 2024 15:27:56 GMT
Content-Type: application/json; charset=utf-8
Transfer-Encoding: chunked
Connection: keep-alive
X-Powered-By: Express
Access-Control-Allow-Origin: *
authorization: Bearer eyJhbGciOiJIUzI1NiIsInR5cCI6IkpXVCJ9.eyJpZCI6IjY2ODE3OTdjOWVkMjgwMDAxYjQ1OTYyYSIsImlhdCI6MTcxOTc2MTI3NiwiZXhwIjoxNzE5NzYyNDc2fQ.ky1oc90NkGvdGCmavpL-0ZzteEyZprHpp5WCLzV228w
ETag: W/"16d-Wr3Ld0cIHYrYtSgectxIFIr4moA"
CF-Cache-Status: DYNAMIC
Report-To: {"endpoints":[{"url":"https:\/\/a.nel.cloudflare.com\/report\/v4?s=R0AtnuHK%2FuPHe0360XTOn%2BnX%2F1bF%2BAEH7Q9Ij0ypjJuxqBQxws5p31EYCzQ5ZjT3yRMxOzKkfax%2FOWxTaMoyGSmAI1Tze8XZ9Xi4bBWYT%2Bvht7J%2FIfjE9tJQdHufbIw9%2Bl2j%2Btbaj%2FvvCNaMT%2FFgCfGiJVI%3D"}],"group":"cf-nel","max_age":604800}
NEL: {"success_fraction":0,"report_to":"cf-nel","max_age":604800}
Server: cloudflare
CF-RAY: 89bf2ee86a9665ff-AMS
Content-Encoding: gzip
alt-svc: h3=":443"; ma=86400

{
    "success": true,
    "user": {
        "email": "hloyflmqno@ya.ru",
        "name": "IdfoujkkRu"
    },
    "accessToken": "Bearer eyJhbGciOiJIUzI1NiIsInR5cCI6IkpXVCJ9.eyJpZCI6IjY2ODE3OTdjOWVkMjgwMDAxYjQ1OTYyYSIsImlhdCI6MTcxOTc2MTI3NiwiZXhwIjoxNzE5NzYyNDc2fQ.ky1oc90NkGvdGCmavpL-0ZzteEyZprHpp5WCLzV228w",
    "refreshToken": "dcec3e26a69d964abb743ca951bc1309ff90e2e777a63642de697da324c395f55f935ddc8809cf0c"
}
HTTP/1.1 200 OK
Date: Sun, 30 Jun 2024 15:27:56 GMT
Content-Type: application/json; charset=utf-8
Transfer-Encoding: chunked
Connection: keep-alive
X-Powered-By: Express
Access-Control-Allow-Origin: *
authorization: Bearer eyJhbGciOiJIUzI1NiIsInR5cCI6IkpXVCJ9.eyJpZCI6IjY2ODE3OTdjOWVkMjgwMDAxYjQ1OTYyYSIsImlhdCI6MTcxOTc2MTI3NiwiZXhwIjoxNzE5NzYyNDc2fQ.ky1oc90NkGvdGCmavpL-0ZzteEyZprHpp5WCLzV228w
ETag: W/"16d-Wr3Ld0cIHYrYtSgectxIFIr4moA"
CF-Cache-Status: DYNAMIC
Report-To: {"endpoints":[{"url":"https:\/\/a.nel.cloudflare.com\/report\/v4?s=R0AtnuHK%2FuPHe0360XTOn%2BnX%2F1bF%2BAEH7Q9Ij0ypjJuxqBQxws5p31EYCzQ5ZjT3yRMxOzKkfax%2FOWxTaMoyGSmAI1Tze8XZ9Xi4bBWYT%2Bvht7J%2FIfjE9tJQdHufbIw9%2Bl2j%2Btbaj%2FvvCNaMT%2FFgCfGiJVI%3D"}],"group":"cf-nel","max_age":604800}
NEL: {"success_fraction":0,"report_to":"cf-nel","max_age":604800}
Server: cloudflare
CF-RAY: 89bf2ee86a9665ff-AMS
Content-Encoding: gzip
alt-svc: h3=":443"; ma=86400

{
    "success": true,
    "user": {
        "email": "hloyflmqno@ya.ru",
        "name": "IdfoujkkRu"
    },
    "accessToken": "Bearer eyJhbGciOiJIUzI1NiIsInR5cCI6IkpXVCJ9.eyJpZCI6IjY2ODE3OTdjOWVkMjgwMDAxYjQ1OTYyYSIsImlhdCI6MTcxOTc2MTI3NiwiZXhwIjoxNzE5NzYyNDc2fQ.ky1oc90NkGvdGCmavpL-0ZzteEyZprHpp5WCLzV228w",
    "refreshToken": "dcec3e26a69d964abb743ca951bc1309ff90e2e777a63642de697da324c395f55f935ddc8809cf0c"
}
HTTP/1.1 200 OK
Date: Sun, 30 Jun 2024 15:27:56 GMT
Content-Type: application/json; charset=utf-8
Transfer-Encoding: chunked
Connection: keep-alive
X-Powered-By: Express
Access-Control-Allow-Origin: *
authorization: Bearer eyJhbGciOiJIUzI1NiIsInR5cCI6IkpXVCJ9.eyJpZCI6IjY2ODE3OTdjOWVkMjgwMDAxYjQ1OTYyYSIsImlhdCI6MTcxOTc2MTI3NiwiZXhwIjoxNzE5NzYyNDc2fQ.ky1oc90NkGvdGCmavpL-0ZzteEyZprHpp5WCLzV228w
ETag: W/"16d-Wr3Ld0cIHYrYtSgectxIFIr4moA"
CF-Cache-Status: DYNAMIC
Report-To: {"endpoints":[{"url":"https:\/\/a.nel.cloudflare.com\/report\/v4?s=R0AtnuHK%2FuPHe0360XTOn%2BnX%2F1bF%2BAEH7Q9Ij0ypjJuxqBQxws5p31EYCzQ5ZjT3yRMxOzKkfax%2FOWxTaMoyGSmAI1Tze8XZ9Xi4bBWYT%2Bvht7J%2FIfjE9tJQdHufbIw9%2Bl2j%2Btbaj%2FvvCNaMT%2FFgCfGiJVI%3D"}],"group":"cf-nel","max_age":604800}
NEL: {"success_fraction":0,"report_to":"cf-nel","max_age":604800}
Server: cloudflare
CF-RAY: 89bf2ee86a9665ff-AMS
Content-Encoding: gzip
alt-svc: h3=":443"; ma=86400

{
    "success": true,
    "user": {
        "email": "hloyflmqno@ya.ru",
        "name": "IdfoujkkRu"
    },
    "accessToken": "Bearer eyJhbGciOiJIUzI1NiIsInR5cCI6IkpXVCJ9.eyJpZCI6IjY2ODE3OTdjOWVkMjgwMDAxYjQ1OTYyYSIsImlhdCI6MTcxOTc2MTI3NiwiZXhwIjoxNzE5NzYyNDc2fQ.ky1oc90NkGvdGCmavpL-0ZzteEyZprHpp5WCLzV228w",
    "refreshToken": "dcec3e26a69d964abb743ca951bc1309ff90e2e777a63642de697da324c395f55f935ddc8809cf0c"
}
HTTP/1.1 200 OK
Date: Sun, 30 Jun 2024 15:27:56 GMT
Content-Type: application/json; charset=utf-8
Transfer-Encoding: chunked
Connection: keep-alive
X-Powered-By: Express
Access-Control-Allow-Origin: *
authorization: Bearer eyJhbGciOiJIUzI1NiIsInR5cCI6IkpXVCJ9.eyJpZCI6IjY2ODE3OTdjOWVkMjgwMDAxYjQ1OTYyYSIsImlhdCI6MTcxOTc2MTI3NiwiZXhwIjoxNzE5NzYyNDc2fQ.ky1oc90NkGvdGCmavpL-0ZzteEyZprHpp5WCLzV228w
ETag: W/"16d-Wr3Ld0cIHYrYtSgectxIFIr4moA"
CF-Cache-Status: DYNAMIC
Report-To: {"endpoints":[{"url":"https:\/\/a.nel.cloudflare.com\/report\/v4?s=R0AtnuHK%2FuPHe0360XTOn%2BnX%2F1bF%2BAEH7Q9Ij0ypjJuxqBQxws5p31EYCzQ5ZjT3yRMxOzKkfax%2FOWxTaMoyGSmAI1Tze8XZ9Xi4bBWYT%2Bvht7J%2FIfjE9tJQdHufbIw9%2Bl2j%2Btbaj%2FvvCNaMT%2FFgCfGiJVI%3D"}],"group":"cf-nel","max_age":604800}
NEL: {"success_fraction":0,"report_to":"cf-nel","max_age":604800}
Server: cloudflare
CF-RAY: 89bf2ee86a9665ff-AMS
Content-Encoding: gzip
alt-svc: h3=":443"; ma=86400

{
    "success": true,
    "user": {
        "email": "hloyflmqno@ya.ru",
        "name": "IdfoujkkRu"
    },
    "accessToken": "Bearer eyJhbGciOiJIUzI1NiIsInR5cCI6IkpXVCJ9.eyJpZCI6IjY2ODE3OTdjOWVkMjgwMDAxYjQ1OTYyYSIsImlhdCI6MTcxOTc2MTI3NiwiZXhwIjoxNzE5NzYyNDc2fQ.ky1oc90NkGvdGCmavpL-0ZzteEyZprHpp5WCLzV228w",
    "refreshToken": "dcec3e26a69d964abb743ca951bc1309ff90e2e777a63642de697da324c395f55f935ddc8809cf0c"
}
HTTP/1.1 200 OK
Date: Sun, 30 Jun 2024 15:27:56 GMT
Content-Type: application/json; charset=utf-8
Transfer-Encoding: chunked
Connection: keep-alive
X-Powered-By: Express
Access-Control-Allow-Origin: *
authorization: Bearer eyJhbGciOiJIUzI1NiIsInR5cCI6IkpXVCJ9.eyJpZCI6IjY2ODE3OTdjOWVkMjgwMDAxYjQ1OTYyYSIsImlhdCI6MTcxOTc2MTI3NiwiZXhwIjoxNzE5NzYyNDc2fQ.ky1oc90NkGvdGCmavpL-0ZzteEyZprHpp5WCLzV228w
ETag: W/"16d-Wr3Ld0cIHYrYtSgectxIFIr4moA"
CF-Cache-Status: DYNAMIC
Report-To: {"endpoints":[{"url":"https:\/\/a.nel.cloudflare.com\/report\/v4?s=R0AtnuHK%2FuPHe0360XTOn%2BnX%2F1bF%2BAEH7Q9Ij0ypjJuxqBQxws5p31EYCzQ5ZjT3yRMxOzKkfax%2FOWxTaMoyGSmAI1Tze8XZ9Xi4bBWYT%2Bvht7J%2FIfjE9tJQdHufbIw9%2Bl2j%2Btbaj%2FvvCNaMT%2FFgCfGiJVI%3D"}],"group":"cf-nel","max_age":604800}
NEL: {"success_fraction":0,"report_to":"cf-nel","max_age":604800}
Server: cloudflare
CF-RAY: 89bf2ee86a9665ff-AMS
Content-Encoding: gzip
alt-svc: h3=":443"; ma=86400

{
    "success": true,
    "user": {
        "email": "hloyflmqno@ya.ru",
        "name": "IdfoujkkRu"
    },
    "accessToken": "Bearer eyJhbGciOiJIUzI1NiIsInR5cCI6IkpXVCJ9.eyJpZCI6IjY2ODE3OTdjOWVkMjgwMDAxYjQ1OTYyYSIsImlhdCI6MTcxOTc2MTI3NiwiZXhwIjoxNzE5NzYyNDc2fQ.ky1oc90NkGvdGCmavpL-0ZzteEyZprHpp5WCLzV228w",
    "refreshToken": "dcec3e26a69d964abb743ca951bc1309ff90e2e777a63642de697da324c395f55f935ddc8809cf0c"
}
HTTP/1.1 200 OK
Date: Sun, 30 Jun 2024 15:27:56 GMT
Content-Type: application/json; charset=utf-8
Transfer-Encoding: chunked
Connection: keep-alive
X-Powered-By: Express
Access-Control-Allow-Origin: *
authorization: Bearer eyJhbGciOiJIUzI1NiIsInR5cCI6IkpXVCJ9.eyJpZCI6IjY2ODE3OTdjOWVkMjgwMDAxYjQ1OTYyYSIsImlhdCI6MTcxOTc2MTI3NiwiZXhwIjoxNzE5NzYyNDc2fQ.ky1oc90NkGvdGCmavpL-0ZzteEyZprHpp5WCLzV228w
ETag: W/"16d-Wr3Ld0cIHYrYtSgectxIFIr4moA"
CF-Cache-Status: DYNAMIC
Report-To: {"endpoints":[{"url":"https:\/\/a.nel.cloudflare.com\/report\/v4?s=R0AtnuHK%2FuPHe0360XTOn%2BnX%2F1bF%2BAEH7Q9Ij0ypjJuxqBQxws5p31EYCzQ5ZjT3yRMxOzKkfax%2FOWxTaMoyGSmAI1Tze8XZ9Xi4bBWYT%2Bvht7J%2FIfjE9tJQdHufbIw9%2Bl2j%2Btbaj%2FvvCNaMT%2FFgCfGiJVI%3D"}],"group":"cf-nel","max_age":604800}
NEL: {"success_fraction":0,"report_to":"cf-nel","max_age":604800}
Server: cloudflare
CF-RAY: 89bf2ee86a9665ff-AMS
Content-Encoding: gzip
alt-svc: h3=":443"; ma=86400

{
    "success": true,
    "user": {
        "email": "hloyflmqno@ya.ru",
        "name": "IdfoujkkRu"
    },
    "accessToken": "Bearer eyJhbGciOiJIUzI1NiIsInR5cCI6IkpXVCJ9.eyJpZCI6IjY2ODE3OTdjOWVkMjgwMDAxYjQ1OTYyYSIsImlhdCI6MTcxOTc2MTI3NiwiZXhwIjoxNzE5NzYyNDc2fQ.ky1oc90NkGvdGCmavpL-0ZzteEyZprHpp5WCLzV228w",
    "refreshToken": "dcec3e26a69d964abb743ca951bc1309ff90e2e777a63642de697da324c395f55f935ddc8809cf0c"
}
HTTP/1.1 200 OK
Date: Sun, 30 Jun 2024 15:27:56 GMT
Content-Type: application/json; charset=utf-8
Transfer-Encoding: chunked
Connection: keep-alive
X-Powered-By: Express
Access-Control-Allow-Origin: *
authorization: Bearer eyJhbGciOiJIUzI1NiIsInR5cCI6IkpXVCJ9.eyJpZCI6IjY2ODE3OTdjOWVkMjgwMDAxYjQ1OTYyYSIsImlhdCI6MTcxOTc2MTI3NiwiZXhwIjoxNzE5NzYyNDc2fQ.ky1oc90NkGvdGCmavpL-0ZzteEyZprHpp5WCLzV228w
ETag: W/"16d-Wr3Ld0cIHYrYtSgectxIFIr4moA"
CF-Cache-Status: DYNAMIC
Report-To: {"endpoints":[{"url":"https:\/\/a.nel.cloudflare.com\/report\/v4?s=R0AtnuHK%2FuPHe0360XTOn%2BnX%2F1bF%2BAEH7Q9Ij0ypjJuxqBQxws5p31EYCzQ5ZjT3yRMxOzKkfax%2FOWxTaMoyGSmAI1Tze8XZ9Xi4bBWYT%2Bvht7J%2FIfjE9tJQdHufbIw9%2Bl2j%2Btbaj%2FvvCNaMT%2FFgCfGiJVI%3D"}],"group":"cf-nel","max_age":604800}
NEL: {"success_fraction":0,"report_to":"cf-nel","max_age":604800}
Server: cloudflare
CF-RAY: 89bf2ee86a9665ff-AMS
Content-Encoding: gzip
alt-svc: h3=":443"; ma=86400

{
    "success": true,
    "user": {
        "email": "hloyflmqno@ya.ru",
        "name": "IdfoujkkRu"
    },
    "accessToken": "Bearer eyJhbGciOiJIUzI1NiIsInR5cCI6IkpXVCJ9.eyJpZCI6IjY2ODE3OTdjOWVkMjgwMDAxYjQ1OTYyYSIsImlhdCI6MTcxOTc2MTI3NiwiZXhwIjoxNzE5NzYyNDc2fQ.ky1oc90NkGvdGCmavpL-0ZzteEyZprHpp5WCLzV228w",
    "refreshToken": "dcec3e26a69d964abb743ca951bc1309ff90e2e777a63642de697da324c395f55f935ddc8809cf0c"
}
HTTP/1.1 200 OK
Date: Sun, 30 Jun 2024 15:27:56 GMT
Content-Type: application/json; charset=utf-8
Transfer-Encoding: chunked
Connection: keep-alive
X-Powered-By: Express
Access-Control-Allow-Origin: *
authorization: Bearer eyJhbGciOiJIUzI1NiIsInR5cCI6IkpXVCJ9.eyJpZCI6IjY2ODE3OTdjOWVkMjgwMDAxYjQ1OTYyYSIsImlhdCI6MTcxOTc2MTI3NiwiZXhwIjoxNzE5NzYyNDc2fQ.ky1oc90NkGvdGCmavpL-0ZzteEyZprHpp5WCLzV228w
ETag: W/"16d-Wr3Ld0cIHYrYtSgectxIFIr4moA"
CF-Cache-Status: DYNAMIC
Report-To: {"endpoints":[{"url":"https:\/\/a.nel.cloudflare.com\/report\/v4?s=R0AtnuHK%2FuPHe0360XTOn%2BnX%2F1bF%2BAEH7Q9Ij0ypjJuxqBQxws5p31EYCzQ5ZjT3yRMxOzKkfax%2FOWxTaMoyGSmAI1Tze8XZ9Xi4bBWYT%2Bvht7J%2FIfjE9tJQdHufbIw9%2Bl2j%2Btbaj%2FvvCNaMT%2FFgCfGiJVI%3D"}],"group":"cf-nel","max_age":604800}
NEL: {"success_fraction":0,"report_to":"cf-nel","max_age":604800}
Server: cloudflare
CF-RAY: 89bf2ee86a9665ff-AMS
Content-Encoding: gzip
alt-svc: h3=":443"; ma=86400

{
    "success": true,
    "user": {
        "email": "hloyflmqno@ya.ru",
        "name": "IdfoujkkRu"
    },
    "accessToken": "Bearer eyJhbGciOiJIUzI1NiIsInR5cCI6IkpXVCJ9.eyJpZCI6IjY2ODE3OTdjOWVkMjgwMDAxYjQ1OTYyYSIsImlhdCI6MTcxOTc2MTI3NiwiZXhwIjoxNzE5NzYyNDc2fQ.ky1oc90NkGvdGCmavpL-0ZzteEyZprHpp5WCLzV228w",
    "refreshToken": "dcec3e26a69d964abb743ca951bc1309ff90e2e777a63642de697da324c395f55f935ddc8809cf0c"
}
HTTP/1.1 200 OK
Date: Sun, 30 Jun 2024 15:27:56 GMT
Content-Type: application/json; charset=utf-8
Transfer-Encoding: chunked
Connection: keep-alive
X-Powered-By: Express
Access-Control-Allow-Origin: *
authorization: Bearer eyJhbGciOiJIUzI1NiIsInR5cCI6IkpXVCJ9.eyJpZCI6IjY2ODE3OTdjOWVkMjgwMDAxYjQ1OTYyYSIsImlhdCI6MTcxOTc2MTI3NiwiZXhwIjoxNzE5NzYyNDc2fQ.ky1oc90NkGvdGCmavpL-0ZzteEyZprHpp5WCLzV228w
ETag: W/"16d-Wr3Ld0cIHYrYtSgectxIFIr4moA"
CF-Cache-Status: DYNAMIC
Report-To: {"endpoints":[{"url":"https:\/\/a.nel.cloudflare.com\/report\/v4?s=R0AtnuHK%2FuPHe0360XTOn%2BnX%2F1bF%2BAEH7Q9Ij0ypjJuxqBQxws5p31EYCzQ5ZjT3yRMxOzKkfax%2FOWxTaMoyGSmAI1Tze8XZ9Xi4bBWYT%2Bvht7J%2FIfjE9tJQdHufbIw9%2Bl2j%2Btbaj%2FvvCNaMT%2FFgCfGiJVI%3D"}],"group":"cf-nel","max_age":604800}
NEL: {"success_fraction":0,"report_to":"cf-nel","max_age":604800}
Server: cloudflare
CF-RAY: 89bf2ee86a9665ff-AMS
Content-Encoding: gzip
alt-svc: h3=":443"; ma=86400

{
    "success": true,
    "user": {
        "email": "hloyflmqno@ya.ru",
        "name": "IdfoujkkRu"
    },
    "accessToken": "Bearer eyJhbGciOiJIUzI1NiIsInR5cCI6IkpXVCJ9.eyJpZCI6IjY2ODE3OTdjOWVkMjgwMDAxYjQ1OTYyYSIsImlhdCI6MTcxOTc2MTI3NiwiZXhwIjoxNzE5NzYyNDc2fQ.ky1oc90NkGvdGCmavpL-0ZzteEyZprHpp5WCLzV228w",
    "refreshToken": "dcec3e26a69d964abb743ca951bc1309ff90e2e777a63642de697da324c395f55f935ddc8809cf0c"
}
HTTP/1.1 200 OK
Date: Sun, 30 Jun 2024 15:27:56 GMT
Content-Type: application/json; charset=utf-8
Transfer-Encoding: chunked
Connection: keep-alive
X-Powered-By: Express
Access-Control-Allow-Origin: *
authorization: Bearer eyJhbGciOiJIUzI1NiIsInR5cCI6IkpXVCJ9.eyJpZCI6IjY2ODE3OTdjOWVkMjgwMDAxYjQ1OTYyYSIsImlhdCI6MTcxOTc2MTI3NiwiZXhwIjoxNzE5NzYyNDc2fQ.ky1oc90NkGvdGCmavpL-0ZzteEyZprHpp5WCLzV228w
ETag: W/"16d-Wr3Ld0cIHYrYtSgectxIFIr4moA"
CF-Cache-Status: DYNAMIC
Report-To: {"endpoints":[{"url":"https:\/\/a.nel.cloudflare.com\/report\/v4?s=R0AtnuHK%2FuPHe0360XTOn%2BnX%2F1bF%2BAEH7Q9Ij0ypjJuxqBQxws5p31EYCzQ5ZjT3yRMxOzKkfax%2FOWxTaMoyGSmAI1Tze8XZ9Xi4bBWYT%2Bvht7J%2FIfjE9tJQdHufbIw9%2Bl2j%2Btbaj%2FvvCNaMT%2FFgCfGiJVI%3D"}],"group":"cf-nel","max_age":604800}
NEL: {"success_fraction":0,"report_to":"cf-nel","max_age":604800}
Server: cloudflare
CF-RAY: 89bf2ee86a9665ff-AMS
Content-Encoding: gzip
alt-svc: h3=":443"; ma=86400

{
    "success": true,
    "user": {
        "email": "hloyflmqno@ya.ru",
        "name": "IdfoujkkRu"
    },
    "accessToken": "Bearer eyJhbGciOiJIUzI1NiIsInR5cCI6IkpXVCJ9.eyJpZCI6IjY2ODE3OTdjOWVkMjgwMDAxYjQ1OTYyYSIsImlhdCI6MTcxOTc2MTI3NiwiZXhwIjoxNzE5NzYyNDc2fQ.ky1oc90NkGvdGCmavpL-0ZzteEyZprHpp5WCLzV228w",
    "refreshToken": "dcec3e26a69d964abb743ca951bc1309ff90e2e777a63642de697da324c395f55f935ddc8809cf0c"
}
HTTP/1.1 200 OK
Date: Sun, 30 Jun 2024 15:27:56 GMT
Content-Type: application/json; charset=utf-8
Transfer-Encoding: chunked
Connection: keep-alive
X-Powered-By: Express
Access-Control-Allow-Origin: *
authorization: Bearer eyJhbGciOiJIUzI1NiIsInR5cCI6IkpXVCJ9.eyJpZCI6IjY2ODE3OTdjOWVkMjgwMDAxYjQ1OTYyYSIsImlhdCI6MTcxOTc2MTI3NiwiZXhwIjoxNzE5NzYyNDc2fQ.ky1oc90NkGvdGCmavpL-0ZzteEyZprHpp5WCLzV228w
ETag: W/"16d-Wr3Ld0cIHYrYtSgectxIFIr4moA"
CF-Cache-Status: DYNAMIC
Report-To: {"endpoints":[{"url":"https:\/\/a.nel.cloudflare.com\/report\/v4?s=R0AtnuHK%2FuPHe0360XTOn%2BnX%2F1bF%2BAEH7Q9Ij0ypjJuxqBQxws5p31EYCzQ5ZjT3yRMxOzKkfax%2FOWxTaMoyGSmAI1Tze8XZ9Xi4bBWYT%2Bvht7J%2FIfjE9tJQdHufbIw9%2Bl2j%2Btbaj%2FvvCNaMT%2FFgCfGiJVI%3D"}],"group":"cf-nel","max_age":604800}
NEL: {"success_fraction":0,"report_to":"cf-nel","max_age":604800}
Server: cloudflare
CF-RAY: 89bf2ee86a9665ff-AMS
Content-Encoding: gzip
alt-svc: h3=":443"; ma=86400

{
    "success": true,
    "user": {
        "email": "hloyflmqno@ya.ru",
        "name": "IdfoujkkRu"
    },
    "accessToken": "Bearer eyJhbGciOiJIUzI1NiIsInR5cCI6IkpXVCJ9.eyJpZCI6IjY2ODE3OTdjOWVkMjgwMDAxYjQ1OTYyYSIsImlhdCI6MTcxOTc2MTI3NiwiZXhwIjoxNzE5NzYyNDc2fQ.ky1oc90NkGvdGCmavpL-0ZzteEyZprHpp5WCLzV228w",
    "refreshToken": "dcec3e26a69d964abb743ca951bc1309ff90e2e777a63642de697da324c395f55f935ddc8809cf0c"
}
HTTP/1.1 200 OK
Date: Sun, 30 Jun 2024 15:27:56 GMT
Content-Type: application/json; charset=utf-8
Transfer-Encoding: chunked
Connection: keep-alive
X-Powered-By: Express
Access-Control-Allow-Origin: *
authorization: Bearer eyJhbGciOiJIUzI1NiIsInR5cCI6IkpXVCJ9.eyJpZCI6IjY2ODE3OTdjOWVkMjgwMDAxYjQ1OTYyYSIsImlhdCI6MTcxOTc2MTI3NiwiZXhwIjoxNzE5NzYyNDc2fQ.ky1oc90NkGvdGCmavpL-0ZzteEyZprHpp5WCLzV228w
ETag: W/"16d-Wr3Ld0cIHYrYtSgectxIFIr4moA"
CF-Cache-Status: DYNAMIC
Report-To: {"endpoints":[{"url":"https:\/\/a.nel.cloudflare.com\/report\/v4?s=R0AtnuHK%2FuPHe0360XTOn%2BnX%2F1bF%2BAEH7Q9Ij0ypjJuxqBQxws5p31EYCzQ5ZjT3yRMxOzKkfax%2FOWxTaMoyGSmAI1Tze8XZ9Xi4bBWYT%2Bvht7J%2FIfjE9tJQdHufbIw9%2Bl2j%2Btbaj%2FvvCNaMT%2FFgCfGiJVI%3D"}],"group":"cf-nel","max_age":604800}
NEL: {"success_fraction":0,"report_to":"cf-nel","max_age":604800}
Server: cloudflare
CF-RAY: 89bf2ee86a9665ff-AMS
Content-Encoding: gzip
alt-svc: h3=":443"; ma=86400

{
    "success": true,
    "user": {
        "email": "hloyflmqno@ya.ru",
        "name": "IdfoujkkRu"
    },
    "accessToken": "Bearer eyJhbGciOiJIUzI1NiIsInR5cCI6IkpXVCJ9.eyJpZCI6IjY2ODE3OTdjOWVkMjgwMDAxYjQ1OTYyYSIsImlhdCI6MTcxOTc2MTI3NiwiZXhwIjoxNzE5NzYyNDc2fQ.ky1oc90NkGvdGCmavpL-0ZzteEyZprHpp5WCLzV228w",
    "refreshToken": "dcec3e26a69d964abb743ca951bc1309ff90e2e777a63642de697da324c395f55f935ddc8809cf0c"
}
HTTP/1.1 200 OK
Date: Sun, 30 Jun 2024 15:27:56 GMT
Content-Type: application/json; charset=utf-8
Transfer-Encoding: chunked
Connection: keep-alive
X-Powered-By: Express
Access-Control-Allow-Origin: *
authorization: Bearer eyJhbGciOiJIUzI1NiIsInR5cCI6IkpXVCJ9.eyJpZCI6IjY2ODE3OTdjOWVkMjgwMDAxYjQ1OTYyYSIsImlhdCI6MTcxOTc2MTI3NiwiZXhwIjoxNzE5NzYyNDc2fQ.ky1oc90NkGvdGCmavpL-0ZzteEyZprHpp5WCLzV228w
ETag: W/"16d-Wr3Ld0cIHYrYtSgectxIFIr4moA"
CF-Cache-Status: DYNAMIC
Report-To: {"endpoints":[{"url":"https:\/\/a.nel.cloudflare.com\/report\/v4?s=R0AtnuHK%2FuPHe0360XTOn%2BnX%2F1bF%2BAEH7Q9Ij0ypjJuxqBQxws5p31EYCzQ5ZjT3yRMxOzKkfax%2FOWxTaMoyGSmAI1Tze8XZ9Xi4bBWYT%2Bvht7J%2FIfjE9tJQdHufbIw9%2Bl2j%2Btbaj%2FvvCNaMT%2FFgCfGiJVI%3D"}],"group":"cf-nel","max_age":604800}
NEL: {"success_fraction":0,"report_to":"cf-nel","max_age":604800}
Server: cloudflare
CF-RAY: 89bf2ee86a9665ff-AMS
Content-Encoding: gzip
alt-svc: h3=":443"; ma=86400

{
    "success": true,
    "user": {
        "email": "hloyflmqno@ya.ru",
        "name": "IdfoujkkRu"
    },
    "accessToken": "Bearer eyJhbGciOiJIUzI1NiIsInR5cCI6IkpXVCJ9.eyJpZCI6IjY2ODE3OTdjOWVkMjgwMDAxYjQ1OTYyYSIsImlhdCI6MTcxOTc2MTI3NiwiZXhwIjoxNzE5NzYyNDc2fQ.ky1oc90NkGvdGCmavpL-0ZzteEyZprHpp5WCLzV228w",
    "refreshToken": "dcec3e26a69d964abb743ca951bc1309ff90e2e777a63642de697da324c395f55f935ddc8809cf0c"
}
HTTP/1.1 200 OK
Date: Sun, 30 Jun 2024 15:27:56 GMT
Content-Type: application/json; charset=utf-8
Transfer-Encoding: chunked
Connection: keep-alive
X-Powered-By: Express
Access-Control-Allow-Origin: *
authorization: Bearer eyJhbGciOiJIUzI1NiIsInR5cCI6IkpXVCJ9.eyJpZCI6IjY2ODE3OTdjOWVkMjgwMDAxYjQ1OTYyYSIsImlhdCI6MTcxOTc2MTI3NiwiZXhwIjoxNzE5NzYyNDc2fQ.ky1oc90NkGvdGCmavpL-0ZzteEyZprHpp5WCLzV228w
ETag: W/"16d-Wr3Ld0cIHYrYtSgectxIFIr4moA"
CF-Cache-Status: DYNAMIC
Report-To: {"endpoints":[{"url":"https:\/\/a.nel.cloudflare.com\/report\/v4?s=R0AtnuHK%2FuPHe0360XTOn%2BnX%2F1bF%2BAEH7Q9Ij0ypjJuxqBQxws5p31EYCzQ5ZjT3yRMxOzKkfax%2FOWxTaMoyGSmAI1Tze8XZ9Xi4bBWYT%2Bvht7J%2FIfjE9tJQdHufbIw9%2Bl2j%2Btbaj%2FvvCNaMT%2FFgCfGiJVI%3D"}],"group":"cf-nel","max_age":604800}
NEL: {"success_fraction":0,"report_to":"cf-nel","max_age":604800}
Server: cloudflare
CF-RAY: 89bf2ee86a9665ff-AMS
Content-Encoding: gzip
alt-svc: h3=":443"; ma=86400

{
    "success": true,
    "user": {
        "email": "hloyflmqno@ya.ru",
        "name": "IdfoujkkRu"
    },
    "accessToken": "Bearer eyJhbGciOiJIUzI1NiIsInR5cCI6IkpXVCJ9.eyJpZCI6IjY2ODE3OTdjOWVkMjgwMDAxYjQ1OTYyYSIsImlhdCI6MTcxOTc2MTI3NiwiZXhwIjoxNzE5NzYyNDc2fQ.ky1oc90NkGvdGCmavpL-0ZzteEyZprHpp5WCLzV228w",
    "refreshToken": "dcec3e26a69d964abb743ca951bc1309ff90e2e777a63642de697da324c395f55f935ddc8809cf0c"
}
HTTP/1.1 200 OK
Date: Sun, 30 Jun 2024 15:27:56 GMT
Content-Type: application/json; charset=utf-8
Transfer-Encoding: chunked
Connection: keep-alive
X-Powered-By: Express
Access-Control-Allow-Origin: *
authorization: Bearer eyJhbGciOiJIUzI1NiIsInR5cCI6IkpXVCJ9.eyJpZCI6IjY2ODE3OTdjOWVkMjgwMDAxYjQ1OTYyYSIsImlhdCI6MTcxOTc2MTI3NiwiZXhwIjoxNzE5NzYyNDc2fQ.ky1oc90NkGvdGCmavpL-0ZzteEyZprHpp5WCLzV228w
ETag: W/"16d-Wr3Ld0cIHYrYtSgectxIFIr4moA"
CF-Cache-Status: DYNAMIC
Report-To: {"endpoints":[{"url":"https:\/\/a.nel.cloudflare.com\/report\/v4?s=R0AtnuHK%2FuPHe0360XTOn%2BnX%2F1bF%2BAEH7Q9Ij0ypjJuxqBQxws5p31EYCzQ5ZjT3yRMxOzKkfax%2FOWxTaMoyGSmAI1Tze8XZ9Xi4bBWYT%2Bvht7J%2FIfjE9tJQdHufbIw9%2Bl2j%2Btbaj%2FvvCNaMT%2FFgCfGiJVI%3D"}],"group":"cf-nel","max_age":604800}
NEL: {"success_fraction":0,"report_to":"cf-nel","max_age":604800}
Server: cloudflare
CF-RAY: 89bf2ee86a9665ff-AMS
Content-Encoding: gzip
alt-svc: h3=":443"; ma=86400

{
    "success": true,
    "user": {
        "email": "hloyflmqno@ya.ru",
        "name": "IdfoujkkRu"
    },
    "accessToken": "Bearer eyJhbGciOiJIUzI1NiIsInR5cCI6IkpXVCJ9.eyJpZCI6IjY2ODE3OTdjOWVkMjgwMDAxYjQ1OTYyYSIsImlhdCI6MTcxOTc2MTI3NiwiZXhwIjoxNzE5NzYyNDc2fQ.ky1oc90NkGvdGCmavpL-0ZzteEyZprHpp5WCLzV228w",
    "refreshToken": "dcec3e26a69d964abb743ca951bc1309ff90e2e777a63642de697da324c395f55f935ddc8809cf0c"
}
HTTP/1.1 200 OK
Date: Sun, 30 Jun 2024 15:27:56 GMT
Content-Type: application/json; charset=utf-8
Transfer-Encoding: chunked
Connection: keep-alive
X-Powered-By: Express
Access-Control-Allow-Origin: *
authorization: Bearer eyJhbGciOiJIUzI1NiIsInR5cCI6IkpXVCJ9.eyJpZCI6IjY2ODE3OTdjOWVkMjgwMDAxYjQ1OTYyYSIsImlhdCI6MTcxOTc2MTI3NiwiZXhwIjoxNzE5NzYyNDc2fQ.ky1oc90NkGvdGCmavpL-0ZzteEyZprHpp5WCLzV228w
ETag: W/"16d-Wr3Ld0cIHYrYtSgectxIFIr4moA"
CF-Cache-Status: DYNAMIC
Report-To: {"endpoints":[{"url":"https:\/\/a.nel.cloudflare.com\/report\/v4?s=R0AtnuHK%2FuPHe0360XTOn%2BnX%2F1bF%2BAEH7Q9Ij0ypjJuxqBQxws5p31EYCzQ5ZjT3yRMxOzKkfax%2FOWxTaMoyGSmAI1Tze8XZ9Xi4bBWYT%2Bvht7J%2FIfjE9tJQdHufbIw9%2Bl2j%2Btbaj%2FvvCNaMT%2FFgCfGiJVI%3D"}],"group":"cf-nel","max_age":604800}
NEL: {"success_fraction":0,"report_to":"cf-nel","max_age":604800}
Server: cloudflare
CF-RAY: 89bf2ee86a9665ff-AMS
Content-Encoding: gzip
alt-svc: h3=":443"; ma=86400

{
    "success": true,
    "user": {
        "email": "hloyflmqno@ya.ru",
        "name": "IdfoujkkRu"
    },
    "accessToken": "Bearer eyJhbGciOiJIUzI1NiIsInR5cCI6IkpXVCJ9.eyJpZCI6IjY2ODE3OTdjOWVkMjgwMDAxYjQ1OTYyYSIsImlhdCI6MTcxOTc2MTI3NiwiZXhwIjoxNzE5NzYyNDc2fQ.ky1oc90NkGvdGCmavpL-0ZzteEyZprHpp5WCLzV228w",
    "refreshToken": "dcec3e26a69d964abb743ca951bc1309ff90e2e777a63642de697da324c395f55f935ddc8809cf0c"
}
HTTP/1.1 200 OK
Date: Sun, 30 Jun 2024 15:27:56 GMT
Content-Type: application/json; charset=utf-8
Transfer-Encoding: chunked
Connection: keep-alive
X-Powered-By: Express
Access-Control-Allow-Origin: *
authorization: Bearer eyJhbGciOiJIUzI1NiIsInR5cCI6IkpXVCJ9.eyJpZCI6IjY2ODE3OTdjOWVkMjgwMDAxYjQ1OTYyYSIsImlhdCI6MTcxOTc2MTI3NiwiZXhwIjoxNzE5NzYyNDc2fQ.ky1oc90NkGvdGCmavpL-0ZzteEyZprHpp5WCLzV228w
ETag: W/"16d-Wr3Ld0cIHYrYtSgectxIFIr4moA"
CF-Cache-Status: DYNAMIC
Report-To: {"endpoints":[{"url":"https:\/\/a.nel.cloudflare.com\/report\/v4?s=R0AtnuHK%2FuPHe0360XTOn%2BnX%2F1bF%2BAEH7Q9Ij0ypjJuxqBQxws5p31EYCzQ5ZjT3yRMxOzKkfax%2FOWxTaMoyGSmAI1Tze8XZ9Xi4bBWYT%2Bvht7J%2FIfjE9tJQdHufbIw9%2Bl2j%2Btbaj%2FvvCNaMT%2FFgCfGiJVI%3D"}],"group":"cf-nel","max_age":604800}
NEL: {"success_fraction":0,"report_to":"cf-nel","max_age":604800}
Server: cloudflare
CF-RAY: 89bf2ee86a9665ff-AMS
Content-Encoding: gzip
alt-svc: h3=":443"; ma=86400

{
    "success": true,
    "user": {
        "email": "hloyflmqno@ya.ru",
        "name": "IdfoujkkRu"
    },
    "accessToken": "Bearer eyJhbGciOiJIUzI1NiIsInR5cCI6IkpXVCJ9.eyJpZCI6IjY2ODE3OTdjOWVkMjgwMDAxYjQ1OTYyYSIsImlhdCI6MTcxOTc2MTI3NiwiZXhwIjoxNzE5NzYyNDc2fQ.ky1oc90NkGvdGCmavpL-0ZzteEyZprHpp5WCLzV228w",
    "refreshToken": "dcec3e26a69d964abb743ca951bc1309ff90e2e777a63642de697da324c395f55f935ddc8809cf0c"
}
HTTP/1.1 200 OK
Date: Sun, 30 Jun 2024 15:27:56 GMT
Content-Type: application/json; charset=utf-8
Transfer-Encoding: chunked
Connection: keep-alive
X-Powered-By: Express
Access-Control-Allow-Origin: *
authorization: Bearer eyJhbGciOiJIUzI1NiIsInR5cCI6IkpXVCJ9.eyJpZCI6IjY2ODE3OTdjOWVkMjgwMDAxYjQ1OTYyYSIsImlhdCI6MTcxOTc2MTI3NiwiZXhwIjoxNzE5NzYyNDc2fQ.ky1oc90NkGvdGCmavpL-0ZzteEyZprHpp5WCLzV228w
ETag: W/"16d-Wr3Ld0cIHYrYtSgectxIFIr4moA"
CF-Cache-Status: DYNAMIC
Report-To: {"endpoints":[{"url":"https:\/\/a.nel.cloudflare.com\/report\/v4?s=R0AtnuHK%2FuPHe0360XTOn%2BnX%2F1bF%2BAEH7Q9Ij0ypjJuxqBQxws5p31EYCzQ5ZjT3yRMxOzKkfax%2FOWxTaMoyGSmAI1Tze8XZ9Xi4bBWYT%2Bvht7J%2FIfjE9tJQdHufbIw9%2Bl2j%2Btbaj%2FvvCNaMT%2FFgCfGiJVI%3D"}],"group":"cf-nel","max_age":604800}
NEL: {"success_fraction":0,"report_to":"cf-nel","max_age":604800}
Server: cloudflare
CF-RAY: 89bf2ee86a9665ff-AMS
Content-Encoding: gzip
alt-svc: h3=":443"; ma=86400

{
    "success": true,
    "user": {
        "email": "hloyflmqno@ya.ru",
        "name": "IdfoujkkRu"
    },
    "accessToken": "Bearer eyJhbGciOiJIUzI1NiIsInR5cCI6IkpXVCJ9.eyJpZCI6IjY2ODE3OTdjOWVkMjgwMDAxYjQ1OTYyYSIsImlhdCI6MTcxOTc2MTI3NiwiZXhwIjoxNzE5NzYyNDc2fQ.ky1oc90NkGvdGCmavpL-0ZzteEyZprHpp5WCLzV228w",
    "refreshToken": "dcec3e26a69d964abb743ca951bc1309ff90e2e777a63642de697da324c395f55f935ddc8809cf0c"
}
HTTP/1.1 200 OK
Date: Sun, 30 Jun 2024 15:27:56 GMT
Content-Type: application/json; charset=utf-8
Transfer-Encoding: chunked
Connection: keep-alive
X-Powered-By: Express
Access-Control-Allow-Origin: *
authorization: Bearer eyJhbGciOiJIUzI1NiIsInR5cCI6IkpXVCJ9.eyJpZCI6IjY2ODE3OTdjOWVkMjgwMDAxYjQ1OTYyYSIsImlhdCI6MTcxOTc2MTI3NiwiZXhwIjoxNzE5NzYyNDc2fQ.ky1oc90NkGvdGCmavpL-0ZzteEyZprHpp5WCLzV228w
ETag: W/"16d-Wr3Ld0cIHYrYtSgectxIFIr4moA"
CF-Cache-Status: DYNAMIC
Report-To: {"endpoints":[{"url":"https:\/\/a.nel.cloudflare.com\/report\/v4?s=R0AtnuHK%2FuPHe0360XTOn%2BnX%2F1bF%2BAEH7Q9Ij0ypjJuxqBQxws5p31EYCzQ5ZjT3yRMxOzKkfax%2FOWxTaMoyGSmAI1Tze8XZ9Xi4bBWYT%2Bvht7J%2FIfjE9tJQdHufbIw9%2Bl2j%2Btbaj%2FvvCNaMT%2FFgCfGiJVI%3D"}],"group":"cf-nel","max_age":604800}
NEL: {"success_fraction":0,"report_to":"cf-nel","max_age":604800}
Server: cloudflare
CF-RAY: 89bf2ee86a9665ff-AMS
Content-Encoding: gzip
alt-svc: h3=":443"; ma=86400

{
    "success": true,
    "user": {
        "email": "hloyflmqno@ya.ru",
        "name": "IdfoujkkRu"
    },
    "accessToken": "Bearer eyJhbGciOiJIUzI1NiIsInR5cCI6IkpXVCJ9.eyJpZCI6IjY2ODE3OTdjOWVkMjgwMDAxYjQ1OTYyYSIsImlhdCI6MTcxOTc2MTI3NiwiZXhwIjoxNzE5NzYyNDc2fQ.ky1oc90NkGvdGCmavpL-0ZzteEyZprHpp5WCLzV228w",
    "refreshToken": "dcec3e26a69d964abb743ca951bc1309ff90e2e777a63642de697da324c395f55f935ddc8809cf0c"
}
HTTP/1.1 200 OK
Date: Sun, 30 Jun 2024 15:27:56 GMT
Content-Type: application/json; charset=utf-8
Transfer-Encoding: chunked
Connection: keep-alive
X-Powered-By: Express
Access-Control-Allow-Origin: *
authorization: Bearer eyJhbGciOiJIUzI1NiIsInR5cCI6IkpXVCJ9.eyJpZCI6IjY2ODE3OTdjOWVkMjgwMDAxYjQ1OTYyYSIsImlhdCI6MTcxOTc2MTI3NiwiZXhwIjoxNzE5NzYyNDc2fQ.ky1oc90NkGvdGCmavpL-0ZzteEyZprHpp5WCLzV228w
ETag: W/"16d-Wr3Ld0cIHYrYtSgectxIFIr4moA"
CF-Cache-Status: DYNAMIC
Report-To: {"endpoints":[{"url":"https:\/\/a.nel.cloudflare.com\/report\/v4?s=R0AtnuHK%2FuPHe0360XTOn%2BnX%2F1bF%2BAEH7Q9Ij0ypjJuxqBQxws5p31EYCzQ5ZjT3yRMxOzKkfax%2FOWxTaMoyGSmAI1Tze8XZ9Xi4bBWYT%2Bvht7J%2FIfjE9tJQdHufbIw9%2Bl2j%2Btbaj%2FvvCNaMT%2FFgCfGiJVI%3D"}],"group":"cf-nel","max_age":604800}
NEL: {"success_fraction":0,"report_to":"cf-nel","max_age":604800}
Server: cloudflare
CF-RAY: 89bf2ee86a9665ff-AMS
Content-Encoding: gzip
alt-svc: h3=":443"; ma=86400

{
    "success": true,
    "user": {
        "email": "hloyflmqno@ya.ru",
        "name": "IdfoujkkRu"
    },
    "accessToken": "Bearer eyJhbGciOiJIUzI1NiIsInR5cCI6IkpXVCJ9.eyJpZCI6IjY2ODE3OTdjOWVkMjgwMDAxYjQ1OTYyYSIsImlhdCI6MTcxOTc2MTI3NiwiZXhwIjoxNzE5NzYyNDc2fQ.ky1oc90NkGvdGCmavpL-0ZzteEyZprHpp5WCLzV228w",
    "refreshToken": "dcec3e26a69d964abb743ca951bc1309ff90e2e777a63642de697da324c395f55f935ddc8809cf0c"
}
Request method:	POST
Request URI:	https://stellarburgers.nomoreparties.site/api/auth/login
Proxy:			<none>
Request params:	<none>
Query params:	<none>
Form params:	<none>
Path params:	<none>
Headers:		Accept=*/*
				Content-Type=application/json
Cookies:		<none>
Multiparts:		<none>
Body:
{
    "email": "hLOyflMQnO@ya.ru",
    "password": "WJQArGIprU",
    "name": "IdfoujkkRu"
}
Request method:	POST
Request URI:	https://stellarburgers.nomoreparties.site/api/auth/login
Proxy:			<none>
Request params:	<none>
Query params:	<none>
Form params:	<none>
Path params:	<none>
Headers:		Accept=*/*
				Content-Type=application/json
Cookies:		<none>
Multiparts:		<none>
Body:
{
    "email": "hLOyflMQnO@ya.ru",
    "password": "WJQArGIprU",
    "name": "IdfoujkkRu"
}
Request method:	POST
Request URI:	https://stellarburgers.nomoreparties.site/api/auth/login
Proxy:			<none>
Request params:	<none>
Query params:	<none>
Form params:	<none>
Path params:	<none>
Headers:		Accept=*/*
				Content-Type=application/json
Cookies:		<none>
Multiparts:		<none>
Body:
{
    "email": "hLOyflMQnO@ya.ru",
    "password": "WJQArGIprU",
    "name": "IdfoujkkRu"
}
Request method:	POST
Request URI:	https://stellarburgers.nomoreparties.site/api/auth/login
Proxy:			<none>
Request params:	<none>
Query params:	<none>
Form params:	<none>
Path params:	<none>
Headers:		Accept=*/*
				Content-Type=application/json
Cookies:		<none>
Multiparts:		<none>
Body:
{
    "email": "hLOyflMQnO@ya.ru",
    "password": "WJQArGIprU",
    "name": "IdfoujkkRu"
}
Request method:	POST
Request URI:	https://stellarburgers.nomoreparties.site/api/auth/login
Proxy:			<none>
Request params:	<none>
Query params:	<none>
Form params:	<none>
Path params:	<none>
Headers:		Accept=*/*
				Content-Type=application/json
Cookies:		<none>
Multiparts:		<none>
Body:
{
    "email": "hLOyflMQnO@ya.ru",
    "password": "WJQArGIprU",
    "name": "IdfoujkkRu"
}
Request method:	POST
Request URI:	https://stellarburgers.nomoreparties.site/api/auth/login
Proxy:			<none>
Request params:	<none>
Query params:	<none>
Form params:	<none>
Path params:	<none>
Headers:		Accept=*/*
				Content-Type=application/json
Cookies:		<none>
Multiparts:		<none>
Body:
{
    "email": "hLOyflMQnO@ya.ru",
    "password": "WJQArGIprU",
    "name": "IdfoujkkRu"
}
Request method:	POST
Request URI:	https://stellarburgers.nomoreparties.site/api/auth/login
Proxy:			<none>
Request params:	<none>
Query params:	<none>
Form params:	<none>
Path params:	<none>
Headers:		Accept=*/*
				Content-Type=application/json
Cookies:		<none>
Multiparts:		<none>
Body:
{
    "email": "hLOyflMQnO@ya.ru",
    "password": "WJQArGIprU",
    "name": "IdfoujkkRu"
}
Request method:	POST
Request URI:	https://stellarburgers.nomoreparties.site/api/auth/login
Proxy:			<none>
Request params:	<none>
Query params:	<none>
Form params:	<none>
Path params:	<none>
Headers:		Accept=*/*
				Content-Type=application/json
Cookies:		<none>
Multiparts:		<none>
Body:
{
    "email": "hLOyflMQnO@ya.ru",
    "password": "WJQArGIprU",
    "name": "IdfoujkkRu"
}
Request method:	POST
Request URI:	https://stellarburgers.nomoreparties.site/api/auth/login
Proxy:			<none>
Request params:	<none>
Query params:	<none>
Form params:	<none>
Path params:	<none>
Headers:		Accept=*/*
				Content-Type=application/json
Cookies:		<none>
Multiparts:		<none>
Body:
{
    "email": "hLOyflMQnO@ya.ru",
    "password": "WJQArGIprU",
    "name": "IdfoujkkRu"
}
Request method:	POST
Request URI:	https://stellarburgers.nomoreparties.site/api/auth/login
Proxy:			<none>
Request params:	<none>
Query params:	<none>
Form params:	<none>
Path params:	<none>
Headers:		Accept=*/*
				Content-Type=application/json
Cookies:		<none>
Multiparts:		<none>
Body:
{
    "email": "hLOyflMQnO@ya.ru",
    "password": "WJQArGIprU",
    "name": "IdfoujkkRu"
}
Request method:	POST
Request URI:	https://stellarburgers.nomoreparties.site/api/auth/login
Proxy:			<none>
Request params:	<none>
Query params:	<none>
Form params:	<none>
Path params:	<none>
Headers:		Accept=*/*
				Content-Type=application/json
Cookies:		<none>
Multiparts:		<none>
Body:
{
    "email": "hLOyflMQnO@ya.ru",
    "password": "WJQArGIprU",
    "name": "IdfoujkkRu"
}
Request method:	POST
Request URI:	https://stellarburgers.nomoreparties.site/api/auth/login
Proxy:			<none>
Request params:	<none>
Query params:	<none>
Form params:	<none>
Path params:	<none>
Headers:		Accept=*/*
				Content-Type=application/json
Cookies:		<none>
Multiparts:		<none>
Body:
{
    "email": "hLOyflMQnO@ya.ru",
    "password": "WJQArGIprU",
    "name": "IdfoujkkRu"
}
Request method:	POST
Request URI:	https://stellarburgers.nomoreparties.site/api/auth/login
Proxy:			<none>
Request params:	<none>
Query params:	<none>
Form params:	<none>
Path params:	<none>
Headers:		Accept=*/*
				Content-Type=application/json
Cookies:		<none>
Multiparts:		<none>
Body:
{
    "email": "hLOyflMQnO@ya.ru",
    "password": "WJQArGIprU",
    "name": "IdfoujkkRu"
}
Request method:	POST
Request URI:	https://stellarburgers.nomoreparties.site/api/auth/login
Proxy:			<none>
Request params:	<none>
Query params:	<none>
Form params:	<none>
Path params:	<none>
Headers:		Accept=*/*
				Content-Type=application/json
Cookies:		<none>
Multiparts:		<none>
Body:
{
    "email": "hLOyflMQnO@ya.ru",
    "password": "WJQArGIprU",
    "name": "IdfoujkkRu"
}
Request method:	POST
Request URI:	https://stellarburgers.nomoreparties.site/api/auth/login
Proxy:			<none>
Request params:	<none>
Query params:	<none>
Form params:	<none>
Path params:	<none>
Headers:		Accept=*/*
				Content-Type=application/json
Cookies:		<none>
Multiparts:		<none>
Body:
{
    "email": "hLOyflMQnO@ya.ru",
    "password": "WJQArGIprU",
    "name": "IdfoujkkRu"
}
Request method:	POST
Request URI:	https://stellarburgers.nomoreparties.site/api/auth/login
Proxy:			<none>
Request params:	<none>
Query params:	<none>
Form params:	<none>
Path params:	<none>
Headers:		Accept=*/*
				Content-Type=application/json
Cookies:		<none>
Multiparts:		<none>
Body:
{
    "email": "hLOyflMQnO@ya.ru",
    "password": "WJQArGIprU",
    "name": "IdfoujkkRu"
}
Request method:	POST
Request URI:	https://stellarburgers.nomoreparties.site/api/auth/login
Proxy:			<none>
Request params:	<none>
Query params:	<none>
Form params:	<none>
Path params:	<none>
Headers:		Accept=*/*
				Content-Type=application/json
Cookies:		<none>
Multiparts:		<none>
Body:
{
    "email": "hLOyflMQnO@ya.ru",
    "password": "WJQArGIprU",
    "name": "IdfoujkkRu"
}
Request method:	POST
Request URI:	https://stellarburgers.nomoreparties.site/api/auth/login
Proxy:			<none>
Request params:	<none>
Query params:	<none>
Form params:	<none>
Path params:	<none>
Headers:		Accept=*/*
				Content-Type=application/json
Cookies:		<none>
Multiparts:		<none>
Body:
{
    "email": "hLOyflMQnO@ya.ru",
    "password": "WJQArGIprU",
    "name": "IdfoujkkRu"
}
Request method:	POST
Request URI:	https://stellarburgers.nomoreparties.site/api/auth/login
Proxy:			<none>
Request params:	<none>
Query params:	<none>
Form params:	<none>
Path params:	<none>
Headers:		Accept=*/*
				Content-Type=application/json
Cookies:		<none>
Multiparts:		<none>
Body:
{
    "email": "hLOyflMQnO@ya.ru",
    "password": "WJQArGIprU",
    "name": "IdfoujkkRu"
}
Request method:	POST
Request URI:	https://stellarburgers.nomoreparties.site/api/auth/login
Proxy:			<none>
Request params:	<none>
Query params:	<none>
Form params:	<none>
Path params:	<none>
Headers:		Accept=*/*
				Content-Type=application/json
Cookies:		<none>
Multiparts:		<none>
Body:
{
    "email": "hLOyflMQnO@ya.ru",
    "password": "WJQArGIprU",
    "name": "IdfoujkkRu"
}
Request method:	POST
Request URI:	https://stellarburgers.nomoreparties.site/api/auth/login
Proxy:			<none>
Request params:	<none>
Query params:	<none>
Form params:	<none>
Path params:	<none>
Headers:		Accept=*/*
				Content-Type=application/json
Cookies:		<none>
Multiparts:		<none>
Body:
{
    "email": "hLOyflMQnO@ya.ru",
    "password": "WJQArGIprU",
    "name": "IdfoujkkRu"
}
Request method:	POST
Request URI:	https://stellarburgers.nomoreparties.site/api/auth/login
Proxy:			<none>
Request params:	<none>
Query params:	<none>
Form params:	<none>
Path params:	<none>
Headers:		Accept=*/*
				Content-Type=application/json
Cookies:		<none>
Multiparts:		<none>
Body:
{
    "email": "hLOyflMQnO@ya.ru",
    "password": "WJQArGIprU",
    "name": "IdfoujkkRu"
}
Request method:	POST
Request URI:	https://stellarburgers.nomoreparties.site/api/auth/login
Proxy:			<none>
Request params:	<none>
Query params:	<none>
Form params:	<none>
Path params:	<none>
Headers:		Accept=*/*
				Content-Type=application/json
Cookies:		<none>
Multiparts:		<none>
Body:
{
    "email": "hLOyflMQnO@ya.ru",
    "password": "WJQArGIprU",
    "name": "IdfoujkkRu"
}
Request method:	POST
Request URI:	https://stellarburgers.nomoreparties.site/api/auth/login
Proxy:			<none>
Request params:	<none>
Query params:	<none>
Form params:	<none>
Path params:	<none>
Headers:		Accept=*/*
				Content-Type=application/json
Cookies:		<none>
Multiparts:		<none>
Body:
{
    "email": "hLOyflMQnO@ya.ru",
    "password": "WJQArGIprU",
    "name": "IdfoujkkRu"
}
Request method:	POST
Request URI:	https://stellarburgers.nomoreparties.site/api/auth/login
Proxy:			<none>
Request params:	<none>
Query params:	<none>
Form params:	<none>
Path params:	<none>
Headers:		Accept=*/*
				Content-Type=application/json
Cookies:		<none>
Multiparts:		<none>
Body:
{
    "email": "hLOyflMQnO@ya.ru",
    "password": "WJQArGIprU",
    "name": "IdfoujkkRu"
}
Request method:	POST
Request URI:	https://stellarburgers.nomoreparties.site/api/auth/login
Proxy:			<none>
Request params:	<none>
Query params:	<none>
Form params:	<none>
Path params:	<none>
Headers:		Accept=*/*
				Content-Type=application/json
Cookies:		<none>
Multiparts:		<none>
Body:
{
    "email": "hLOyflMQnO@ya.ru",
    "password": "WJQArGIprU",
    "name": "IdfoujkkRu"
}
Request method:	POST
Request URI:	https://stellarburgers.nomoreparties.site/api/auth/login
Proxy:			<none>
Request params:	<none>
Query params:	<none>
Form params:	<none>
Path params:	<none>
Headers:		Accept=*/*
				Content-Type=application/json
Cookies:		<none>
Multiparts:		<none>
Body:
{
    "email": "hLOyflMQnO@ya.ru",
    "password": "WJQArGIprU",
    "name": "IdfoujkkRu"
}
Request method:	POST
Request URI:	https://stellarburgers.nomoreparties.site/api/auth/login
Proxy:			<none>
Request params:	<none>
Query params:	<none>
Form params:	<none>
Path params:	<none>
Headers:		Accept=*/*
				Content-Type=application/json
Cookies:		<none>
Multiparts:		<none>
Body:
{
    "email": "hLOyflMQnO@ya.ru",
    "password": "WJQArGIprU",
    "name": "IdfoujkkRu"
}
Request method:	POST
Request URI:	https://stellarburgers.nomoreparties.site/api/auth/login
Proxy:			<none>
Request params:	<none>
Query params:	<none>
Form params:	<none>
Path params:	<none>
Headers:		Accept=*/*
				Content-Type=application/json
Cookies:		<none>
Multiparts:		<none>
Body:
{
    "email": "hLOyflMQnO@ya.ru",
    "password": "WJQArGIprU",
    "name": "IdfoujkkRu"
}
Request method:	POST
Request URI:	https://stellarburgers.nomoreparties.site/api/auth/login
Proxy:			<none>
Request params:	<none>
Query params:	<none>
Form params:	<none>
Path params:	<none>
Headers:		Accept=*/*
				Content-Type=application/json
Cookies:		<none>
Multiparts:		<none>
Body:
{
    "email": "hLOyflMQnO@ya.ru",
    "password": "WJQArGIprU",
    "name": "IdfoujkkRu"
}
Request method:	POST
Request URI:	https://stellarburgers.nomoreparties.site/api/auth/login
Proxy:			<none>
Request params:	<none>
Query params:	<none>
Form params:	<none>
Path params:	<none>
Headers:		Accept=*/*
				Content-Type=application/json
Cookies:		<none>
Multiparts:		<none>
Body:
{
    "email": "hLOyflMQnO@ya.ru",
    "password": "WJQArGIprU",
    "name": "IdfoujkkRu"
}
Request method:	POST
Request URI:	https://stellarburgers.nomoreparties.site/api/auth/login
Proxy:			<none>
Request params:	<none>
Query params:	<none>
Form params:	<none>
Path params:	<none>
Headers:		Accept=*/*
				Content-Type=application/json
Cookies:		<none>
Multiparts:		<none>
Body:
{
    "email": "hLOyflMQnO@ya.ru",
    "password": "WJQArGIprU",
    "name": "IdfoujkkRu"
}
Request method:	POST
Request URI:	https://stellarburgers.nomoreparties.site/api/auth/login
Proxy:			<none>
Request params:	<none>
Query params:	<none>
Form params:	<none>
Path params:	<none>
Headers:		Accept=*/*
				Content-Type=application/json
Cookies:		<none>
Multiparts:		<none>
Body:
{
    "email": "hLOyflMQnO@ya.ru",
    "password": "WJQArGIprU",
    "name": "IdfoujkkRu"
}
Request method:	POST
Request URI:	https://stellarburgers.nomoreparties.site/api/auth/login
Proxy:			<none>
Request params:	<none>
Query params:	<none>
Form params:	<none>
Path params:	<none>
Headers:		Accept=*/*
				Content-Type=application/json
Cookies:		<none>
Multiparts:		<none>
Body:
{
    "email": "hLOyflMQnO@ya.ru",
    "password": "WJQArGIprU",
    "name": "IdfoujkkRu"
}
Request method:	POST
Request URI:	https://stellarburgers.nomoreparties.site/api/auth/login
Proxy:			<none>
Request params:	<none>
Query params:	<none>
Form params:	<none>
Path params:	<none>
Headers:		Accept=*/*
				Content-Type=application/json
Cookies:		<none>
Multiparts:		<none>
Body:
{
    "email": "hLOyflMQnO@ya.ru",
    "password": "WJQArGIprU",
    "name": "IdfoujkkRu"
}
Request method:	POST
Request URI:	https://stellarburgers.nomoreparties.site/api/auth/login
Proxy:			<none>
Request params:	<none>
Query params:	<none>
Form params:	<none>
Path params:	<none>
Headers:		Accept=*/*
				Content-Type=application/json
Cookies:		<none>
Multiparts:		<none>
Body:
{
    "email": "hLOyflMQnO@ya.ru",
    "password": "WJQArGIprU",
    "name": "IdfoujkkRu"
}
Request method:	POST
Request URI:	https://stellarburgers.nomoreparties.site/api/auth/login
Proxy:			<none>
Request params:	<none>
Query params:	<none>
Form params:	<none>
Path params:	<none>
Headers:		Accept=*/*
				Content-Type=application/json
Cookies:		<none>
Multiparts:		<none>
Body:
{
    "email": "hLOyflMQnO@ya.ru",
    "password": "WJQArGIprU",
    "name": "IdfoujkkRu"
}
Request method:	POST
Request URI:	https://stellarburgers.nomoreparties.site/api/auth/login
Proxy:			<none>
Request params:	<none>
Query params:	<none>
Form params:	<none>
Path params:	<none>
Headers:		Accept=*/*
				Content-Type=application/json
Cookies:		<none>
Multiparts:		<none>
Body:
{
    "email": "hLOyflMQnO@ya.ru",
    "password": "WJQArGIprU",
    "name": "IdfoujkkRu"
}
HTTP/1.1 200 OK
Date: Sun, 30 Jun 2024 15:27:56 GMT
Content-Type: application/json; charset=utf-8
Transfer-Encoding: chunked
Connection: keep-alive
X-Powered-By: Express
Access-Control-Allow-Origin: *
ETag: W/"16d-SvRt9daxwHEclMAVzukwtMuSwYw"
CF-Cache-Status: DYNAMIC
Report-To: {"endpoints":[{"url":"https:\/\/a.nel.cloudflare.com\/report\/v4?s=ZX7fBxmNHgJwKk4t7jgmnB%2FR10Mgu2KJ20RpwH0Pgowxb1sF4v7tUBHRF1XGhyngbnWJr1Izqb7Qw2OowmVywnuzD6GFXlkA8%2BG0Z4NHER9aTyy7qJV3aNs5XzgmKU%2FGomYb6JipI4XQkqEt8s9Xci2YRhk%3D"}],"group":"cf-nel","max_age":604800}
NEL: {"success_fraction":0,"report_to":"cf-nel","max_age":604800}
Server: cloudflare
CF-RAY: 89bf2ee9ea9d9d38-DME
Content-Encoding: gzip
alt-svc: h3=":443"; ma=86400

{
    "success": true,
    "accessToken": "Bearer eyJhbGciOiJIUzI1NiIsInR5cCI6IkpXVCJ9.eyJpZCI6IjY2ODE3OTdjOWVkMjgwMDAxYjQ1OTYyYSIsImlhdCI6MTcxOTc2MTI3NiwiZXhwIjoxNzE5NzYyNDc2fQ.ky1oc90NkGvdGCmavpL-0ZzteEyZprHpp5WCLzV228w",
    "refreshToken": "7dfb01480b6ac44a596d99954eae2c7172f7bc26ed6801e6a01d01730080387ed542152320a75d3c",
    "user": {
        "email": "hloyflmqno@ya.ru",
        "name": "IdfoujkkRu"
    }
}
HTTP/1.1 200 OK
Date: Sun, 30 Jun 2024 15:27:56 GMT
Content-Type: application/json; charset=utf-8
Transfer-Encoding: chunked
Connection: keep-alive
X-Powered-By: Express
Access-Control-Allow-Origin: *
ETag: W/"16d-SvRt9daxwHEclMAVzukwtMuSwYw"
CF-Cache-Status: DYNAMIC
Report-To: {"endpoints":[{"url":"https:\/\/a.nel.cloudflare.com\/report\/v4?s=ZX7fBxmNHgJwKk4t7jgmnB%2FR10Mgu2KJ20RpwH0Pgowxb1sF4v7tUBHRF1XGhyngbnWJr1Izqb7Qw2OowmVywnuzD6GFXlkA8%2BG0Z4NHER9aTyy7qJV3aNs5XzgmKU%2FGomYb6JipI4XQkqEt8s9Xci2YRhk%3D"}],"group":"cf-nel","max_age":604800}
NEL: {"success_fraction":0,"report_to":"cf-nel","max_age":604800}
Server: cloudflare
CF-RAY: 89bf2ee9ea9d9d38-DME
Content-Encoding: gzip
alt-svc: h3=":443"; ma=86400

{
    "success": true,
    "accessToken": "Bearer eyJhbGciOiJIUzI1NiIsInR5cCI6IkpXVCJ9.eyJpZCI6IjY2ODE3OTdjOWVkMjgwMDAxYjQ1OTYyYSIsImlhdCI6MTcxOTc2MTI3NiwiZXhwIjoxNzE5NzYyNDc2fQ.ky1oc90NkGvdGCmavpL-0ZzteEyZprHpp5WCLzV228w",
    "refreshToken": "7dfb01480b6ac44a596d99954eae2c7172f7bc26ed6801e6a01d01730080387ed542152320a75d3c",
    "user": {
        "email": "hloyflmqno@ya.ru",
        "name": "IdfoujkkRu"
    }
}
HTTP/1.1 200 OK
Date: Sun, 30 Jun 2024 15:27:56 GMT
Content-Type: application/json; charset=utf-8
Transfer-Encoding: chunked
Connection: keep-alive
X-Powered-By: Express
Access-Control-Allow-Origin: *
ETag: W/"16d-SvRt9daxwHEclMAVzukwtMuSwYw"
CF-Cache-Status: DYNAMIC
Report-To: {"endpoints":[{"url":"https:\/\/a.nel.cloudflare.com\/report\/v4?s=ZX7fBxmNHgJwKk4t7jgmnB%2FR10Mgu2KJ20RpwH0Pgowxb1sF4v7tUBHRF1XGhyngbnWJr1Izqb7Qw2OowmVywnuzD6GFXlkA8%2BG0Z4NHER9aTyy7qJV3aNs5XzgmKU%2FGomYb6JipI4XQkqEt8s9Xci2YRhk%3D"}],"group":"cf-nel","max_age":604800}
NEL: {"success_fraction":0,"report_to":"cf-nel","max_age":604800}
Server: cloudflare
CF-RAY: 89bf2ee9ea9d9d38-DME
Content-Encoding: gzip
alt-svc: h3=":443"; ma=86400

{
    "success": true,
    "accessToken": "Bearer eyJhbGciOiJIUzI1NiIsInR5cCI6IkpXVCJ9.eyJpZCI6IjY2ODE3OTdjOWVkMjgwMDAxYjQ1OTYyYSIsImlhdCI6MTcxOTc2MTI3NiwiZXhwIjoxNzE5NzYyNDc2fQ.ky1oc90NkGvdGCmavpL-0ZzteEyZprHpp5WCLzV228w",
    "refreshToken": "7dfb01480b6ac44a596d99954eae2c7172f7bc26ed6801e6a01d01730080387ed542152320a75d3c",
    "user": {
        "email": "hloyflmqno@ya.ru",
        "name": "IdfoujkkRu"
    }
}
HTTP/1.1 200 OK
Date: Sun, 30 Jun 2024 15:27:56 GMT
Content-Type: application/json; charset=utf-8
Transfer-Encoding: chunked
Connection: keep-alive
X-Powered-By: Express
Access-Control-Allow-Origin: *
ETag: W/"16d-SvRt9daxwHEclMAVzukwtMuSwYw"
CF-Cache-Status: DYNAMIC
Report-To: {"endpoints":[{"url":"https:\/\/a.nel.cloudflare.com\/report\/v4?s=ZX7fBxmNHgJwKk4t7jgmnB%2FR10Mgu2KJ20RpwH0Pgowxb1sF4v7tUBHRF1XGhyngbnWJr1Izqb7Qw2OowmVywnuzD6GFXlkA8%2BG0Z4NHER9aTyy7qJV3aNs5XzgmKU%2FGomYb6JipI4XQkqEt8s9Xci2YRhk%3D"}],"group":"cf-nel","max_age":604800}
NEL: {"success_fraction":0,"report_to":"cf-nel","max_age":604800}
Server: cloudflare
CF-RAY: 89bf2ee9ea9d9d38-DME
Content-Encoding: gzip
alt-svc: h3=":443"; ma=86400

{
    "success": true,
    "accessToken": "Bearer eyJhbGciOiJIUzI1NiIsInR5cCI6IkpXVCJ9.eyJpZCI6IjY2ODE3OTdjOWVkMjgwMDAxYjQ1OTYyYSIsImlhdCI6MTcxOTc2MTI3NiwiZXhwIjoxNzE5NzYyNDc2fQ.ky1oc90NkGvdGCmavpL-0ZzteEyZprHpp5WCLzV228w",
    "refreshToken": "7dfb01480b6ac44a596d99954eae2c7172f7bc26ed6801e6a01d01730080387ed542152320a75d3c",
    "user": {
        "email": "hloyflmqno@ya.ru",
        "name": "IdfoujkkRu"
    }
}
HTTP/1.1 200 OK
Date: Sun, 30 Jun 2024 15:27:56 GMT
Content-Type: application/json; charset=utf-8
Transfer-Encoding: chunked
Connection: keep-alive
X-Powered-By: Express
Access-Control-Allow-Origin: *
ETag: W/"16d-SvRt9daxwHEclMAVzukwtMuSwYw"
CF-Cache-Status: DYNAMIC
Report-To: {"endpoints":[{"url":"https:\/\/a.nel.cloudflare.com\/report\/v4?s=ZX7fBxmNHgJwKk4t7jgmnB%2FR10Mgu2KJ20RpwH0Pgowxb1sF4v7tUBHRF1XGhyngbnWJr1Izqb7Qw2OowmVywnuzD6GFXlkA8%2BG0Z4NHER9aTyy7qJV3aNs5XzgmKU%2FGomYb6JipI4XQkqEt8s9Xci2YRhk%3D"}],"group":"cf-nel","max_age":604800}
NEL: {"success_fraction":0,"report_to":"cf-nel","max_age":604800}
Server: cloudflare
CF-RAY: 89bf2ee9ea9d9d38-DME
Content-Encoding: gzip
alt-svc: h3=":443"; ma=86400

{
    "success": true,
    "accessToken": "Bearer eyJhbGciOiJIUzI1NiIsInR5cCI6IkpXVCJ9.eyJpZCI6IjY2ODE3OTdjOWVkMjgwMDAxYjQ1OTYyYSIsImlhdCI6MTcxOTc2MTI3NiwiZXhwIjoxNzE5NzYyNDc2fQ.ky1oc90NkGvdGCmavpL-0ZzteEyZprHpp5WCLzV228w",
    "refreshToken": "7dfb01480b6ac44a596d99954eae2c7172f7bc26ed6801e6a01d01730080387ed542152320a75d3c",
    "user": {
        "email": "hloyflmqno@ya.ru",
        "name": "IdfoujkkRu"
    }
}
HTTP/1.1 200 OK
Date: Sun, 30 Jun 2024 15:27:56 GMT
Content-Type: application/json; charset=utf-8
Transfer-Encoding: chunked
Connection: keep-alive
X-Powered-By: Express
Access-Control-Allow-Origin: *
ETag: W/"16d-SvRt9daxwHEclMAVzukwtMuSwYw"
CF-Cache-Status: DYNAMIC
Report-To: {"endpoints":[{"url":"https:\/\/a.nel.cloudflare.com\/report\/v4?s=ZX7fBxmNHgJwKk4t7jgmnB%2FR10Mgu2KJ20RpwH0Pgowxb1sF4v7tUBHRF1XGhyngbnWJr1Izqb7Qw2OowmVywnuzD6GFXlkA8%2BG0Z4NHER9aTyy7qJV3aNs5XzgmKU%2FGomYb6JipI4XQkqEt8s9Xci2YRhk%3D"}],"group":"cf-nel","max_age":604800}
NEL: {"success_fraction":0,"report_to":"cf-nel","max_age":604800}
Server: cloudflare
CF-RAY: 89bf2ee9ea9d9d38-DME
Content-Encoding: gzip
alt-svc: h3=":443"; ma=86400

{
    "success": true,
    "accessToken": "Bearer eyJhbGciOiJIUzI1NiIsInR5cCI6IkpXVCJ9.eyJpZCI6IjY2ODE3OTdjOWVkMjgwMDAxYjQ1OTYyYSIsImlhdCI6MTcxOTc2MTI3NiwiZXhwIjoxNzE5NzYyNDc2fQ.ky1oc90NkGvdGCmavpL-0ZzteEyZprHpp5WCLzV228w",
    "refreshToken": "7dfb01480b6ac44a596d99954eae2c7172f7bc26ed6801e6a01d01730080387ed542152320a75d3c",
    "user": {
        "email": "hloyflmqno@ya.ru",
        "name": "IdfoujkkRu"
    }
}
HTTP/1.1 200 OK
Date: Sun, 30 Jun 2024 15:27:56 GMT
Content-Type: application/json; charset=utf-8
Transfer-Encoding: chunked
Connection: keep-alive
X-Powered-By: Express
Access-Control-Allow-Origin: *
ETag: W/"16d-SvRt9daxwHEclMAVzukwtMuSwYw"
CF-Cache-Status: DYNAMIC
Report-To: {"endpoints":[{"url":"https:\/\/a.nel.cloudflare.com\/report\/v4?s=ZX7fBxmNHgJwKk4t7jgmnB%2FR10Mgu2KJ20RpwH0Pgowxb1sF4v7tUBHRF1XGhyngbnWJr1Izqb7Qw2OowmVywnuzD6GFXlkA8%2BG0Z4NHER9aTyy7qJV3aNs5XzgmKU%2FGomYb6JipI4XQkqEt8s9Xci2YRhk%3D"}],"group":"cf-nel","max_age":604800}
NEL: {"success_fraction":0,"report_to":"cf-nel","max_age":604800}
Server: cloudflare
CF-RAY: 89bf2ee9ea9d9d38-DME
Content-Encoding: gzip
alt-svc: h3=":443"; ma=86400

{
    "success": true,
    "accessToken": "Bearer eyJhbGciOiJIUzI1NiIsInR5cCI6IkpXVCJ9.eyJpZCI6IjY2ODE3OTdjOWVkMjgwMDAxYjQ1OTYyYSIsImlhdCI6MTcxOTc2MTI3NiwiZXhwIjoxNzE5NzYyNDc2fQ.ky1oc90NkGvdGCmavpL-0ZzteEyZprHpp5WCLzV228w",
    "refreshToken": "7dfb01480b6ac44a596d99954eae2c7172f7bc26ed6801e6a01d01730080387ed542152320a75d3c",
    "user": {
        "email": "hloyflmqno@ya.ru",
        "name": "IdfoujkkRu"
    }
}
HTTP/1.1 200 OK
Date: Sun, 30 Jun 2024 15:27:56 GMT
Content-Type: application/json; charset=utf-8
Transfer-Encoding: chunked
Connection: keep-alive
X-Powered-By: Express
Access-Control-Allow-Origin: *
ETag: W/"16d-SvRt9daxwHEclMAVzukwtMuSwYw"
CF-Cache-Status: DYNAMIC
Report-To: {"endpoints":[{"url":"https:\/\/a.nel.cloudflare.com\/report\/v4?s=ZX7fBxmNHgJwKk4t7jgmnB%2FR10Mgu2KJ20RpwH0Pgowxb1sF4v7tUBHRF1XGhyngbnWJr1Izqb7Qw2OowmVywnuzD6GFXlkA8%2BG0Z4NHER9aTyy7qJV3aNs5XzgmKU%2FGomYb6JipI4XQkqEt8s9Xci2YRhk%3D"}],"group":"cf-nel","max_age":604800}
NEL: {"success_fraction":0,"report_to":"cf-nel","max_age":604800}
Server: cloudflare
CF-RAY: 89bf2ee9ea9d9d38-DME
Content-Encoding: gzip
alt-svc: h3=":443"; ma=86400

{
    "success": true,
    "accessToken": "Bearer eyJhbGciOiJIUzI1NiIsInR5cCI6IkpXVCJ9.eyJpZCI6IjY2ODE3OTdjOWVkMjgwMDAxYjQ1OTYyYSIsImlhdCI6MTcxOTc2MTI3NiwiZXhwIjoxNzE5NzYyNDc2fQ.ky1oc90NkGvdGCmavpL-0ZzteEyZprHpp5WCLzV228w",
    "refreshToken": "7dfb01480b6ac44a596d99954eae2c7172f7bc26ed6801e6a01d01730080387ed542152320a75d3c",
    "user": {
        "email": "hloyflmqno@ya.ru",
        "name": "IdfoujkkRu"
    }
}
HTTP/1.1 200 OK
Date: Sun, 30 Jun 2024 15:27:56 GMT
Content-Type: application/json; charset=utf-8
Transfer-Encoding: chunked
Connection: keep-alive
X-Powered-By: Express
Access-Control-Allow-Origin: *
ETag: W/"16d-SvRt9daxwHEclMAVzukwtMuSwYw"
CF-Cache-Status: DYNAMIC
Report-To: {"endpoints":[{"url":"https:\/\/a.nel.cloudflare.com\/report\/v4?s=ZX7fBxmNHgJwKk4t7jgmnB%2FR10Mgu2KJ20RpwH0Pgowxb1sF4v7tUBHRF1XGhyngbnWJr1Izqb7Qw2OowmVywnuzD6GFXlkA8%2BG0Z4NHER9aTyy7qJV3aNs5XzgmKU%2FGomYb6JipI4XQkqEt8s9Xci2YRhk%3D"}],"group":"cf-nel","max_age":604800}
NEL: {"success_fraction":0,"report_to":"cf-nel","max_age":604800}
Server: cloudflare
CF-RAY: 89bf2ee9ea9d9d38-DME
Content-Encoding: gzip
alt-svc: h3=":443"; ma=86400

{
    "success": true,
    "accessToken": "Bearer eyJhbGciOiJIUzI1NiIsInR5cCI6IkpXVCJ9.eyJpZCI6IjY2ODE3OTdjOWVkMjgwMDAxYjQ1OTYyYSIsImlhdCI6MTcxOTc2MTI3NiwiZXhwIjoxNzE5NzYyNDc2fQ.ky1oc90NkGvdGCmavpL-0ZzteEyZprHpp5WCLzV228w",
    "refreshToken": "7dfb01480b6ac44a596d99954eae2c7172f7bc26ed6801e6a01d01730080387ed542152320a75d3c",
    "user": {
        "email": "hloyflmqno@ya.ru",
        "name": "IdfoujkkRu"
    }
}
HTTP/1.1 200 OK
Date: Sun, 30 Jun 2024 15:27:56 GMT
Content-Type: application/json; charset=utf-8
Transfer-Encoding: chunked
Connection: keep-alive
X-Powered-By: Express
Access-Control-Allow-Origin: *
ETag: W/"16d-SvRt9daxwHEclMAVzukwtMuSwYw"
CF-Cache-Status: DYNAMIC
Report-To: {"endpoints":[{"url":"https:\/\/a.nel.cloudflare.com\/report\/v4?s=ZX7fBxmNHgJwKk4t7jgmnB%2FR10Mgu2KJ20RpwH0Pgowxb1sF4v7tUBHRF1XGhyngbnWJr1Izqb7Qw2OowmVywnuzD6GFXlkA8%2BG0Z4NHER9aTyy7qJV3aNs5XzgmKU%2FGomYb6JipI4XQkqEt8s9Xci2YRhk%3D"}],"group":"cf-nel","max_age":604800}
NEL: {"success_fraction":0,"report_to":"cf-nel","max_age":604800}
Server: cloudflare
CF-RAY: 89bf2ee9ea9d9d38-DME
Content-Encoding: gzip
alt-svc: h3=":443"; ma=86400

{
    "success": true,
    "accessToken": "Bearer eyJhbGciOiJIUzI1NiIsInR5cCI6IkpXVCJ9.eyJpZCI6IjY2ODE3OTdjOWVkMjgwMDAxYjQ1OTYyYSIsImlhdCI6MTcxOTc2MTI3NiwiZXhwIjoxNzE5NzYyNDc2fQ.ky1oc90NkGvdGCmavpL-0ZzteEyZprHpp5WCLzV228w",
    "refreshToken": "7dfb01480b6ac44a596d99954eae2c7172f7bc26ed6801e6a01d01730080387ed542152320a75d3c",
    "user": {
        "email": "hloyflmqno@ya.ru",
        "name": "IdfoujkkRu"
    }
}
HTTP/1.1 200 OK
Date: Sun, 30 Jun 2024 15:27:56 GMT
Content-Type: application/json; charset=utf-8
Transfer-Encoding: chunked
Connection: keep-alive
X-Powered-By: Express
Access-Control-Allow-Origin: *
ETag: W/"16d-SvRt9daxwHEclMAVzukwtMuSwYw"
CF-Cache-Status: DYNAMIC
Report-To: {"endpoints":[{"url":"https:\/\/a.nel.cloudflare.com\/report\/v4?s=ZX7fBxmNHgJwKk4t7jgmnB%2FR10Mgu2KJ20RpwH0Pgowxb1sF4v7tUBHRF1XGhyngbnWJr1Izqb7Qw2OowmVywnuzD6GFXlkA8%2BG0Z4NHER9aTyy7qJV3aNs5XzgmKU%2FGomYb6JipI4XQkqEt8s9Xci2YRhk%3D"}],"group":"cf-nel","max_age":604800}
NEL: {"success_fraction":0,"report_to":"cf-nel","max_age":604800}
Server: cloudflare
CF-RAY: 89bf2ee9ea9d9d38-DME
Content-Encoding: gzip
alt-svc: h3=":443"; ma=86400

{
    "success": true,
    "accessToken": "Bearer eyJhbGciOiJIUzI1NiIsInR5cCI6IkpXVCJ9.eyJpZCI6IjY2ODE3OTdjOWVkMjgwMDAxYjQ1OTYyYSIsImlhdCI6MTcxOTc2MTI3NiwiZXhwIjoxNzE5NzYyNDc2fQ.ky1oc90NkGvdGCmavpL-0ZzteEyZprHpp5WCLzV228w",
    "refreshToken": "7dfb01480b6ac44a596d99954eae2c7172f7bc26ed6801e6a01d01730080387ed542152320a75d3c",
    "user": {
        "email": "hloyflmqno@ya.ru",
        "name": "IdfoujkkRu"
    }
}
HTTP/1.1 200 OK
Date: Sun, 30 Jun 2024 15:27:56 GMT
Content-Type: application/json; charset=utf-8
Transfer-Encoding: chunked
Connection: keep-alive
X-Powered-By: Express
Access-Control-Allow-Origin: *
ETag: W/"16d-SvRt9daxwHEclMAVzukwtMuSwYw"
CF-Cache-Status: DYNAMIC
Report-To: {"endpoints":[{"url":"https:\/\/a.nel.cloudflare.com\/report\/v4?s=ZX7fBxmNHgJwKk4t7jgmnB%2FR10Mgu2KJ20RpwH0Pgowxb1sF4v7tUBHRF1XGhyngbnWJr1Izqb7Qw2OowmVywnuzD6GFXlkA8%2BG0Z4NHER9aTyy7qJV3aNs5XzgmKU%2FGomYb6JipI4XQkqEt8s9Xci2YRhk%3D"}],"group":"cf-nel","max_age":604800}
NEL: {"success_fraction":0,"report_to":"cf-nel","max_age":604800}
Server: cloudflare
CF-RAY: 89bf2ee9ea9d9d38-DME
Content-Encoding: gzip
alt-svc: h3=":443"; ma=86400

{
    "success": true,
    "accessToken": "Bearer eyJhbGciOiJIUzI1NiIsInR5cCI6IkpXVCJ9.eyJpZCI6IjY2ODE3OTdjOWVkMjgwMDAxYjQ1OTYyYSIsImlhdCI6MTcxOTc2MTI3NiwiZXhwIjoxNzE5NzYyNDc2fQ.ky1oc90NkGvdGCmavpL-0ZzteEyZprHpp5WCLzV228w",
    "refreshToken": "7dfb01480b6ac44a596d99954eae2c7172f7bc26ed6801e6a01d01730080387ed542152320a75d3c",
    "user": {
        "email": "hloyflmqno@ya.ru",
        "name": "IdfoujkkRu"
    }
}
HTTP/1.1 200 OK
Date: Sun, 30 Jun 2024 15:27:56 GMT
Content-Type: application/json; charset=utf-8
Transfer-Encoding: chunked
Connection: keep-alive
X-Powered-By: Express
Access-Control-Allow-Origin: *
ETag: W/"16d-SvRt9daxwHEclMAVzukwtMuSwYw"
CF-Cache-Status: DYNAMIC
Report-To: {"endpoints":[{"url":"https:\/\/a.nel.cloudflare.com\/report\/v4?s=ZX7fBxmNHgJwKk4t7jgmnB%2FR10Mgu2KJ20RpwH0Pgowxb1sF4v7tUBHRF1XGhyngbnWJr1Izqb7Qw2OowmVywnuzD6GFXlkA8%2BG0Z4NHER9aTyy7qJV3aNs5XzgmKU%2FGomYb6JipI4XQkqEt8s9Xci2YRhk%3D"}],"group":"cf-nel","max_age":604800}
NEL: {"success_fraction":0,"report_to":"cf-nel","max_age":604800}
Server: cloudflare
CF-RAY: 89bf2ee9ea9d9d38-DME
Content-Encoding: gzip
alt-svc: h3=":443"; ma=86400

{
    "success": true,
    "accessToken": "Bearer eyJhbGciOiJIUzI1NiIsInR5cCI6IkpXVCJ9.eyJpZCI6IjY2ODE3OTdjOWVkMjgwMDAxYjQ1OTYyYSIsImlhdCI6MTcxOTc2MTI3NiwiZXhwIjoxNzE5NzYyNDc2fQ.ky1oc90NkGvdGCmavpL-0ZzteEyZprHpp5WCLzV228w",
    "refreshToken": "7dfb01480b6ac44a596d99954eae2c7172f7bc26ed6801e6a01d01730080387ed542152320a75d3c",
    "user": {
        "email": "hloyflmqno@ya.ru",
        "name": "IdfoujkkRu"
    }
}
HTTP/1.1 200 OK
Date: Sun, 30 Jun 2024 15:27:56 GMT
Content-Type: application/json; charset=utf-8
Transfer-Encoding: chunked
Connection: keep-alive
X-Powered-By: Express
Access-Control-Allow-Origin: *
ETag: W/"16d-SvRt9daxwHEclMAVzukwtMuSwYw"
CF-Cache-Status: DYNAMIC
Report-To: {"endpoints":[{"url":"https:\/\/a.nel.cloudflare.com\/report\/v4?s=ZX7fBxmNHgJwKk4t7jgmnB%2FR10Mgu2KJ20RpwH0Pgowxb1sF4v7tUBHRF1XGhyngbnWJr1Izqb7Qw2OowmVywnuzD6GFXlkA8%2BG0Z4NHER9aTyy7qJV3aNs5XzgmKU%2FGomYb6JipI4XQkqEt8s9Xci2YRhk%3D"}],"group":"cf-nel","max_age":604800}
NEL: {"success_fraction":0,"report_to":"cf-nel","max_age":604800}
Server: cloudflare
CF-RAY: 89bf2ee9ea9d9d38-DME
Content-Encoding: gzip
alt-svc: h3=":443"; ma=86400

{
    "success": true,
    "accessToken": "Bearer eyJhbGciOiJIUzI1NiIsInR5cCI6IkpXVCJ9.eyJpZCI6IjY2ODE3OTdjOWVkMjgwMDAxYjQ1OTYyYSIsImlhdCI6MTcxOTc2MTI3NiwiZXhwIjoxNzE5NzYyNDc2fQ.ky1oc90NkGvdGCmavpL-0ZzteEyZprHpp5WCLzV228w",
    "refreshToken": "7dfb01480b6ac44a596d99954eae2c7172f7bc26ed6801e6a01d01730080387ed542152320a75d3c",
    "user": {
        "email": "hloyflmqno@ya.ru",
        "name": "IdfoujkkRu"
    }
}
HTTP/1.1 200 OK
Date: Sun, 30 Jun 2024 15:27:56 GMT
Content-Type: application/json; charset=utf-8
Transfer-Encoding: chunked
Connection: keep-alive
X-Powered-By: Express
Access-Control-Allow-Origin: *
ETag: W/"16d-SvRt9daxwHEclMAVzukwtMuSwYw"
CF-Cache-Status: DYNAMIC
Report-To: {"endpoints":[{"url":"https:\/\/a.nel.cloudflare.com\/report\/v4?s=ZX7fBxmNHgJwKk4t7jgmnB%2FR10Mgu2KJ20RpwH0Pgowxb1sF4v7tUBHRF1XGhyngbnWJr1Izqb7Qw2OowmVywnuzD6GFXlkA8%2BG0Z4NHER9aTyy7qJV3aNs5XzgmKU%2FGomYb6JipI4XQkqEt8s9Xci2YRhk%3D"}],"group":"cf-nel","max_age":604800}
NEL: {"success_fraction":0,"report_to":"cf-nel","max_age":604800}
Server: cloudflare
CF-RAY: 89bf2ee9ea9d9d38-DME
Content-Encoding: gzip
alt-svc: h3=":443"; ma=86400

{
    "success": true,
    "accessToken": "Bearer eyJhbGciOiJIUzI1NiIsInR5cCI6IkpXVCJ9.eyJpZCI6IjY2ODE3OTdjOWVkMjgwMDAxYjQ1OTYyYSIsImlhdCI6MTcxOTc2MTI3NiwiZXhwIjoxNzE5NzYyNDc2fQ.ky1oc90NkGvdGCmavpL-0ZzteEyZprHpp5WCLzV228w",
    "refreshToken": "7dfb01480b6ac44a596d99954eae2c7172f7bc26ed6801e6a01d01730080387ed542152320a75d3c",
    "user": {
        "email": "hloyflmqno@ya.ru",
        "name": "IdfoujkkRu"
    }
}
HTTP/1.1 200 OK
Date: Sun, 30 Jun 2024 15:27:56 GMT
Content-Type: application/json; charset=utf-8
Transfer-Encoding: chunked
Connection: keep-alive
X-Powered-By: Express
Access-Control-Allow-Origin: *
ETag: W/"16d-SvRt9daxwHEclMAVzukwtMuSwYw"
CF-Cache-Status: DYNAMIC
Report-To: {"endpoints":[{"url":"https:\/\/a.nel.cloudflare.com\/report\/v4?s=ZX7fBxmNHgJwKk4t7jgmnB%2FR10Mgu2KJ20RpwH0Pgowxb1sF4v7tUBHRF1XGhyngbnWJr1Izqb7Qw2OowmVywnuzD6GFXlkA8%2BG0Z4NHER9aTyy7qJV3aNs5XzgmKU%2FGomYb6JipI4XQkqEt8s9Xci2YRhk%3D"}],"group":"cf-nel","max_age":604800}
NEL: {"success_fraction":0,"report_to":"cf-nel","max_age":604800}
Server: cloudflare
CF-RAY: 89bf2ee9ea9d9d38-DME
Content-Encoding: gzip
alt-svc: h3=":443"; ma=86400

{
    "success": true,
    "accessToken": "Bearer eyJhbGciOiJIUzI1NiIsInR5cCI6IkpXVCJ9.eyJpZCI6IjY2ODE3OTdjOWVkMjgwMDAxYjQ1OTYyYSIsImlhdCI6MTcxOTc2MTI3NiwiZXhwIjoxNzE5NzYyNDc2fQ.ky1oc90NkGvdGCmavpL-0ZzteEyZprHpp5WCLzV228w",
    "refreshToken": "7dfb01480b6ac44a596d99954eae2c7172f7bc26ed6801e6a01d01730080387ed542152320a75d3c",
    "user": {
        "email": "hloyflmqno@ya.ru",
        "name": "IdfoujkkRu"
    }
}
HTTP/1.1 200 OK
Date: Sun, 30 Jun 2024 15:27:56 GMT
Content-Type: application/json; charset=utf-8
Transfer-Encoding: chunked
Connection: keep-alive
X-Powered-By: Express
Access-Control-Allow-Origin: *
ETag: W/"16d-SvRt9daxwHEclMAVzukwtMuSwYw"
CF-Cache-Status: DYNAMIC
Report-To: {"endpoints":[{"url":"https:\/\/a.nel.cloudflare.com\/report\/v4?s=ZX7fBxmNHgJwKk4t7jgmnB%2FR10Mgu2KJ20RpwH0Pgowxb1sF4v7tUBHRF1XGhyngbnWJr1Izqb7Qw2OowmVywnuzD6GFXlkA8%2BG0Z4NHER9aTyy7qJV3aNs5XzgmKU%2FGomYb6JipI4XQkqEt8s9Xci2YRhk%3D"}],"group":"cf-nel","max_age":604800}
NEL: {"success_fraction":0,"report_to":"cf-nel","max_age":604800}
Server: cloudflare
CF-RAY: 89bf2ee9ea9d9d38-DME
Content-Encoding: gzip
alt-svc: h3=":443"; ma=86400

{
    "success": true,
    "accessToken": "Bearer eyJhbGciOiJIUzI1NiIsInR5cCI6IkpXVCJ9.eyJpZCI6IjY2ODE3OTdjOWVkMjgwMDAxYjQ1OTYyYSIsImlhdCI6MTcxOTc2MTI3NiwiZXhwIjoxNzE5NzYyNDc2fQ.ky1oc90NkGvdGCmavpL-0ZzteEyZprHpp5WCLzV228w",
    "refreshToken": "7dfb01480b6ac44a596d99954eae2c7172f7bc26ed6801e6a01d01730080387ed542152320a75d3c",
    "user": {
        "email": "hloyflmqno@ya.ru",
        "name": "IdfoujkkRu"
    }
}
HTTP/1.1 200 OK
Date: Sun, 30 Jun 2024 15:27:56 GMT
Content-Type: application/json; charset=utf-8
Transfer-Encoding: chunked
Connection: keep-alive
X-Powered-By: Express
Access-Control-Allow-Origin: *
ETag: W/"16d-SvRt9daxwHEclMAVzukwtMuSwYw"
CF-Cache-Status: DYNAMIC
Report-To: {"endpoints":[{"url":"https:\/\/a.nel.cloudflare.com\/report\/v4?s=ZX7fBxmNHgJwKk4t7jgmnB%2FR10Mgu2KJ20RpwH0Pgowxb1sF4v7tUBHRF1XGhyngbnWJr1Izqb7Qw2OowmVywnuzD6GFXlkA8%2BG0Z4NHER9aTyy7qJV3aNs5XzgmKU%2FGomYb6JipI4XQkqEt8s9Xci2YRhk%3D"}],"group":"cf-nel","max_age":604800}
NEL: {"success_fraction":0,"report_to":"cf-nel","max_age":604800}
Server: cloudflare
CF-RAY: 89bf2ee9ea9d9d38-DME
Content-Encoding: gzip
alt-svc: h3=":443"; ma=86400

{
    "success": true,
    "accessToken": "Bearer eyJhbGciOiJIUzI1NiIsInR5cCI6IkpXVCJ9.eyJpZCI6IjY2ODE3OTdjOWVkMjgwMDAxYjQ1OTYyYSIsImlhdCI6MTcxOTc2MTI3NiwiZXhwIjoxNzE5NzYyNDc2fQ.ky1oc90NkGvdGCmavpL-0ZzteEyZprHpp5WCLzV228w",
    "refreshToken": "7dfb01480b6ac44a596d99954eae2c7172f7bc26ed6801e6a01d01730080387ed542152320a75d3c",
    "user": {
        "email": "hloyflmqno@ya.ru",
        "name": "IdfoujkkRu"
    }
}
HTTP/1.1 200 OK
Date: Sun, 30 Jun 2024 15:27:56 GMT
Content-Type: application/json; charset=utf-8
Transfer-Encoding: chunked
Connection: keep-alive
X-Powered-By: Express
Access-Control-Allow-Origin: *
ETag: W/"16d-SvRt9daxwHEclMAVzukwtMuSwYw"
CF-Cache-Status: DYNAMIC
Report-To: {"endpoints":[{"url":"https:\/\/a.nel.cloudflare.com\/report\/v4?s=ZX7fBxmNHgJwKk4t7jgmnB%2FR10Mgu2KJ20RpwH0Pgowxb1sF4v7tUBHRF1XGhyngbnWJr1Izqb7Qw2OowmVywnuzD6GFXlkA8%2BG0Z4NHER9aTyy7qJV3aNs5XzgmKU%2FGomYb6JipI4XQkqEt8s9Xci2YRhk%3D"}],"group":"cf-nel","max_age":604800}
NEL: {"success_fraction":0,"report_to":"cf-nel","max_age":604800}
Server: cloudflare
CF-RAY: 89bf2ee9ea9d9d38-DME
Content-Encoding: gzip
alt-svc: h3=":443"; ma=86400

{
    "success": true,
    "accessToken": "Bearer eyJhbGciOiJIUzI1NiIsInR5cCI6IkpXVCJ9.eyJpZCI6IjY2ODE3OTdjOWVkMjgwMDAxYjQ1OTYyYSIsImlhdCI6MTcxOTc2MTI3NiwiZXhwIjoxNzE5NzYyNDc2fQ.ky1oc90NkGvdGCmavpL-0ZzteEyZprHpp5WCLzV228w",
    "refreshToken": "7dfb01480b6ac44a596d99954eae2c7172f7bc26ed6801e6a01d01730080387ed542152320a75d3c",
    "user": {
        "email": "hloyflmqno@ya.ru",
        "name": "IdfoujkkRu"
    }
}
HTTP/1.1 200 OK
Date: Sun, 30 Jun 2024 15:27:56 GMT
Content-Type: application/json; charset=utf-8
Transfer-Encoding: chunked
Connection: keep-alive
X-Powered-By: Express
Access-Control-Allow-Origin: *
ETag: W/"16d-SvRt9daxwHEclMAVzukwtMuSwYw"
CF-Cache-Status: DYNAMIC
Report-To: {"endpoints":[{"url":"https:\/\/a.nel.cloudflare.com\/report\/v4?s=ZX7fBxmNHgJwKk4t7jgmnB%2FR10Mgu2KJ20RpwH0Pgowxb1sF4v7tUBHRF1XGhyngbnWJr1Izqb7Qw2OowmVywnuzD6GFXlkA8%2BG0Z4NHER9aTyy7qJV3aNs5XzgmKU%2FGomYb6JipI4XQkqEt8s9Xci2YRhk%3D"}],"group":"cf-nel","max_age":604800}
NEL: {"success_fraction":0,"report_to":"cf-nel","max_age":604800}
Server: cloudflare
CF-RAY: 89bf2ee9ea9d9d38-DME
Content-Encoding: gzip
alt-svc: h3=":443"; ma=86400

{
    "success": true,
    "accessToken": "Bearer eyJhbGciOiJIUzI1NiIsInR5cCI6IkpXVCJ9.eyJpZCI6IjY2ODE3OTdjOWVkMjgwMDAxYjQ1OTYyYSIsImlhdCI6MTcxOTc2MTI3NiwiZXhwIjoxNzE5NzYyNDc2fQ.ky1oc90NkGvdGCmavpL-0ZzteEyZprHpp5WCLzV228w",
    "refreshToken": "7dfb01480b6ac44a596d99954eae2c7172f7bc26ed6801e6a01d01730080387ed542152320a75d3c",
    "user": {
        "email": "hloyflmqno@ya.ru",
        "name": "IdfoujkkRu"
    }
}
HTTP/1.1 200 OK
Date: Sun, 30 Jun 2024 15:27:56 GMT
Content-Type: application/json; charset=utf-8
Transfer-Encoding: chunked
Connection: keep-alive
X-Powered-By: Express
Access-Control-Allow-Origin: *
ETag: W/"16d-SvRt9daxwHEclMAVzukwtMuSwYw"
CF-Cache-Status: DYNAMIC
Report-To: {"endpoints":[{"url":"https:\/\/a.nel.cloudflare.com\/report\/v4?s=ZX7fBxmNHgJwKk4t7jgmnB%2FR10Mgu2KJ20RpwH0Pgowxb1sF4v7tUBHRF1XGhyngbnWJr1Izqb7Qw2OowmVywnuzD6GFXlkA8%2BG0Z4NHER9aTyy7qJV3aNs5XzgmKU%2FGomYb6JipI4XQkqEt8s9Xci2YRhk%3D"}],"group":"cf-nel","max_age":604800}
NEL: {"success_fraction":0,"report_to":"cf-nel","max_age":604800}
Server: cloudflare
CF-RAY: 89bf2ee9ea9d9d38-DME
Content-Encoding: gzip
alt-svc: h3=":443"; ma=86400

{
    "success": true,
    "accessToken": "Bearer eyJhbGciOiJIUzI1NiIsInR5cCI6IkpXVCJ9.eyJpZCI6IjY2ODE3OTdjOWVkMjgwMDAxYjQ1OTYyYSIsImlhdCI6MTcxOTc2MTI3NiwiZXhwIjoxNzE5NzYyNDc2fQ.ky1oc90NkGvdGCmavpL-0ZzteEyZprHpp5WCLzV228w",
    "refreshToken": "7dfb01480b6ac44a596d99954eae2c7172f7bc26ed6801e6a01d01730080387ed542152320a75d3c",
    "user": {
        "email": "hloyflmqno@ya.ru",
        "name": "IdfoujkkRu"
    }
}
HTTP/1.1 200 OK
Date: Sun, 30 Jun 2024 15:27:56 GMT
Content-Type: application/json; charset=utf-8
Transfer-Encoding: chunked
Connection: keep-alive
X-Powered-By: Express
Access-Control-Allow-Origin: *
ETag: W/"16d-SvRt9daxwHEclMAVzukwtMuSwYw"
CF-Cache-Status: DYNAMIC
Report-To: {"endpoints":[{"url":"https:\/\/a.nel.cloudflare.com\/report\/v4?s=ZX7fBxmNHgJwKk4t7jgmnB%2FR10Mgu2KJ20RpwH0Pgowxb1sF4v7tUBHRF1XGhyngbnWJr1Izqb7Qw2OowmVywnuzD6GFXlkA8%2BG0Z4NHER9aTyy7qJV3aNs5XzgmKU%2FGomYb6JipI4XQkqEt8s9Xci2YRhk%3D"}],"group":"cf-nel","max_age":604800}
NEL: {"success_fraction":0,"report_to":"cf-nel","max_age":604800}
Server: cloudflare
CF-RAY: 89bf2ee9ea9d9d38-DME
Content-Encoding: gzip
alt-svc: h3=":443"; ma=86400

{
    "success": true,
    "accessToken": "Bearer eyJhbGciOiJIUzI1NiIsInR5cCI6IkpXVCJ9.eyJpZCI6IjY2ODE3OTdjOWVkMjgwMDAxYjQ1OTYyYSIsImlhdCI6MTcxOTc2MTI3NiwiZXhwIjoxNzE5NzYyNDc2fQ.ky1oc90NkGvdGCmavpL-0ZzteEyZprHpp5WCLzV228w",
    "refreshToken": "7dfb01480b6ac44a596d99954eae2c7172f7bc26ed6801e6a01d01730080387ed542152320a75d3c",
    "user": {
        "email": "hloyflmqno@ya.ru",
        "name": "IdfoujkkRu"
    }
}
HTTP/1.1 200 OK
Date: Sun, 30 Jun 2024 15:27:56 GMT
Content-Type: application/json; charset=utf-8
Transfer-Encoding: chunked
Connection: keep-alive
X-Powered-By: Express
Access-Control-Allow-Origin: *
ETag: W/"16d-SvRt9daxwHEclMAVzukwtMuSwYw"
CF-Cache-Status: DYNAMIC
Report-To: {"endpoints":[{"url":"https:\/\/a.nel.cloudflare.com\/report\/v4?s=ZX7fBxmNHgJwKk4t7jgmnB%2FR10Mgu2KJ20RpwH0Pgowxb1sF4v7tUBHRF1XGhyngbnWJr1Izqb7Qw2OowmVywnuzD6GFXlkA8%2BG0Z4NHER9aTyy7qJV3aNs5XzgmKU%2FGomYb6JipI4XQkqEt8s9Xci2YRhk%3D"}],"group":"cf-nel","max_age":604800}
NEL: {"success_fraction":0,"report_to":"cf-nel","max_age":604800}
Server: cloudflare
CF-RAY: 89bf2ee9ea9d9d38-DME
Content-Encoding: gzip
alt-svc: h3=":443"; ma=86400

{
    "success": true,
    "accessToken": "Bearer eyJhbGciOiJIUzI1NiIsInR5cCI6IkpXVCJ9.eyJpZCI6IjY2ODE3OTdjOWVkMjgwMDAxYjQ1OTYyYSIsImlhdCI6MTcxOTc2MTI3NiwiZXhwIjoxNzE5NzYyNDc2fQ.ky1oc90NkGvdGCmavpL-0ZzteEyZprHpp5WCLzV228w",
    "refreshToken": "7dfb01480b6ac44a596d99954eae2c7172f7bc26ed6801e6a01d01730080387ed542152320a75d3c",
    "user": {
        "email": "hloyflmqno@ya.ru",
        "name": "IdfoujkkRu"
    }
}
HTTP/1.1 200 OK
Date: Sun, 30 Jun 2024 15:27:56 GMT
Content-Type: application/json; charset=utf-8
Transfer-Encoding: chunked
Connection: keep-alive
X-Powered-By: Express
Access-Control-Allow-Origin: *
ETag: W/"16d-SvRt9daxwHEclMAVzukwtMuSwYw"
CF-Cache-Status: DYNAMIC
Report-To: {"endpoints":[{"url":"https:\/\/a.nel.cloudflare.com\/report\/v4?s=ZX7fBxmNHgJwKk4t7jgmnB%2FR10Mgu2KJ20RpwH0Pgowxb1sF4v7tUBHRF1XGhyngbnWJr1Izqb7Qw2OowmVywnuzD6GFXlkA8%2BG0Z4NHER9aTyy7qJV3aNs5XzgmKU%2FGomYb6JipI4XQkqEt8s9Xci2YRhk%3D"}],"group":"cf-nel","max_age":604800}
NEL: {"success_fraction":0,"report_to":"cf-nel","max_age":604800}
Server: cloudflare
CF-RAY: 89bf2ee9ea9d9d38-DME
Content-Encoding: gzip
alt-svc: h3=":443"; ma=86400

{
    "success": true,
    "accessToken": "Bearer eyJhbGciOiJIUzI1NiIsInR5cCI6IkpXVCJ9.eyJpZCI6IjY2ODE3OTdjOWVkMjgwMDAxYjQ1OTYyYSIsImlhdCI6MTcxOTc2MTI3NiwiZXhwIjoxNzE5NzYyNDc2fQ.ky1oc90NkGvdGCmavpL-0ZzteEyZprHpp5WCLzV228w",
    "refreshToken": "7dfb01480b6ac44a596d99954eae2c7172f7bc26ed6801e6a01d01730080387ed542152320a75d3c",
    "user": {
        "email": "hloyflmqno@ya.ru",
        "name": "IdfoujkkRu"
    }
}
HTTP/1.1 200 OK
Date: Sun, 30 Jun 2024 15:27:56 GMT
Content-Type: application/json; charset=utf-8
Transfer-Encoding: chunked
Connection: keep-alive
X-Powered-By: Express
Access-Control-Allow-Origin: *
ETag: W/"16d-SvRt9daxwHEclMAVzukwtMuSwYw"
CF-Cache-Status: DYNAMIC
Report-To: {"endpoints":[{"url":"https:\/\/a.nel.cloudflare.com\/report\/v4?s=ZX7fBxmNHgJwKk4t7jgmnB%2FR10Mgu2KJ20RpwH0Pgowxb1sF4v7tUBHRF1XGhyngbnWJr1Izqb7Qw2OowmVywnuzD6GFXlkA8%2BG0Z4NHER9aTyy7qJV3aNs5XzgmKU%2FGomYb6JipI4XQkqEt8s9Xci2YRhk%3D"}],"group":"cf-nel","max_age":604800}
NEL: {"success_fraction":0,"report_to":"cf-nel","max_age":604800}
Server: cloudflare
CF-RAY: 89bf2ee9ea9d9d38-DME
Content-Encoding: gzip
alt-svc: h3=":443"; ma=86400

{
    "success": true,
    "accessToken": "Bearer eyJhbGciOiJIUzI1NiIsInR5cCI6IkpXVCJ9.eyJpZCI6IjY2ODE3OTdjOWVkMjgwMDAxYjQ1OTYyYSIsImlhdCI6MTcxOTc2MTI3NiwiZXhwIjoxNzE5NzYyNDc2fQ.ky1oc90NkGvdGCmavpL-0ZzteEyZprHpp5WCLzV228w",
    "refreshToken": "7dfb01480b6ac44a596d99954eae2c7172f7bc26ed6801e6a01d01730080387ed542152320a75d3c",
    "user": {
        "email": "hloyflmqno@ya.ru",
        "name": "IdfoujkkRu"
    }
}
HTTP/1.1 200 OK
Date: Sun, 30 Jun 2024 15:27:56 GMT
Content-Type: application/json; charset=utf-8
Transfer-Encoding: chunked
Connection: keep-alive
X-Powered-By: Express
Access-Control-Allow-Origin: *
ETag: W/"16d-SvRt9daxwHEclMAVzukwtMuSwYw"
CF-Cache-Status: DYNAMIC
Report-To: {"endpoints":[{"url":"https:\/\/a.nel.cloudflare.com\/report\/v4?s=ZX7fBxmNHgJwKk4t7jgmnB%2FR10Mgu2KJ20RpwH0Pgowxb1sF4v7tUBHRF1XGhyngbnWJr1Izqb7Qw2OowmVywnuzD6GFXlkA8%2BG0Z4NHER9aTyy7qJV3aNs5XzgmKU%2FGomYb6JipI4XQkqEt8s9Xci2YRhk%3D"}],"group":"cf-nel","max_age":604800}
NEL: {"success_fraction":0,"report_to":"cf-nel","max_age":604800}
Server: cloudflare
CF-RAY: 89bf2ee9ea9d9d38-DME
Content-Encoding: gzip
alt-svc: h3=":443"; ma=86400

{
    "success": true,
    "accessToken": "Bearer eyJhbGciOiJIUzI1NiIsInR5cCI6IkpXVCJ9.eyJpZCI6IjY2ODE3OTdjOWVkMjgwMDAxYjQ1OTYyYSIsImlhdCI6MTcxOTc2MTI3NiwiZXhwIjoxNzE5NzYyNDc2fQ.ky1oc90NkGvdGCmavpL-0ZzteEyZprHpp5WCLzV228w",
    "refreshToken": "7dfb01480b6ac44a596d99954eae2c7172f7bc26ed6801e6a01d01730080387ed542152320a75d3c",
    "user": {
        "email": "hloyflmqno@ya.ru",
        "name": "IdfoujkkRu"
    }
}
HTTP/1.1 200 OK
Date: Sun, 30 Jun 2024 15:27:56 GMT
Content-Type: application/json; charset=utf-8
Transfer-Encoding: chunked
Connection: keep-alive
X-Powered-By: Express
Access-Control-Allow-Origin: *
ETag: W/"16d-SvRt9daxwHEclMAVzukwtMuSwYw"
CF-Cache-Status: DYNAMIC
Report-To: {"endpoints":[{"url":"https:\/\/a.nel.cloudflare.com\/report\/v4?s=ZX7fBxmNHgJwKk4t7jgmnB%2FR10Mgu2KJ20RpwH0Pgowxb1sF4v7tUBHRF1XGhyngbnWJr1Izqb7Qw2OowmVywnuzD6GFXlkA8%2BG0Z4NHER9aTyy7qJV3aNs5XzgmKU%2FGomYb6JipI4XQkqEt8s9Xci2YRhk%3D"}],"group":"cf-nel","max_age":604800}
NEL: {"success_fraction":0,"report_to":"cf-nel","max_age":604800}
Server: cloudflare
CF-RAY: 89bf2ee9ea9d9d38-DME
Content-Encoding: gzip
alt-svc: h3=":443"; ma=86400

{
    "success": true,
    "accessToken": "Bearer eyJhbGciOiJIUzI1NiIsInR5cCI6IkpXVCJ9.eyJpZCI6IjY2ODE3OTdjOWVkMjgwMDAxYjQ1OTYyYSIsImlhdCI6MTcxOTc2MTI3NiwiZXhwIjoxNzE5NzYyNDc2fQ.ky1oc90NkGvdGCmavpL-0ZzteEyZprHpp5WCLzV228w",
    "refreshToken": "7dfb01480b6ac44a596d99954eae2c7172f7bc26ed6801e6a01d01730080387ed542152320a75d3c",
    "user": {
        "email": "hloyflmqno@ya.ru",
        "name": "IdfoujkkRu"
    }
}
HTTP/1.1 200 OK
Date: Sun, 30 Jun 2024 15:27:56 GMT
Content-Type: application/json; charset=utf-8
Transfer-Encoding: chunked
Connection: keep-alive
X-Powered-By: Express
Access-Control-Allow-Origin: *
ETag: W/"16d-SvRt9daxwHEclMAVzukwtMuSwYw"
CF-Cache-Status: DYNAMIC
Report-To: {"endpoints":[{"url":"https:\/\/a.nel.cloudflare.com\/report\/v4?s=ZX7fBxmNHgJwKk4t7jgmnB%2FR10Mgu2KJ20RpwH0Pgowxb1sF4v7tUBHRF1XGhyngbnWJr1Izqb7Qw2OowmVywnuzD6GFXlkA8%2BG0Z4NHER9aTyy7qJV3aNs5XzgmKU%2FGomYb6JipI4XQkqEt8s9Xci2YRhk%3D"}],"group":"cf-nel","max_age":604800}
NEL: {"success_fraction":0,"report_to":"cf-nel","max_age":604800}
Server: cloudflare
CF-RAY: 89bf2ee9ea9d9d38-DME
Content-Encoding: gzip
alt-svc: h3=":443"; ma=86400

{
    "success": true,
    "accessToken": "Bearer eyJhbGciOiJIUzI1NiIsInR5cCI6IkpXVCJ9.eyJpZCI6IjY2ODE3OTdjOWVkMjgwMDAxYjQ1OTYyYSIsImlhdCI6MTcxOTc2MTI3NiwiZXhwIjoxNzE5NzYyNDc2fQ.ky1oc90NkGvdGCmavpL-0ZzteEyZprHpp5WCLzV228w",
    "refreshToken": "7dfb01480b6ac44a596d99954eae2c7172f7bc26ed6801e6a01d01730080387ed542152320a75d3c",
    "user": {
        "email": "hloyflmqno@ya.ru",
        "name": "IdfoujkkRu"
    }
}
HTTP/1.1 200 OK
Date: Sun, 30 Jun 2024 15:27:56 GMT
Content-Type: application/json; charset=utf-8
Transfer-Encoding: chunked
Connection: keep-alive
X-Powered-By: Express
Access-Control-Allow-Origin: *
ETag: W/"16d-SvRt9daxwHEclMAVzukwtMuSwYw"
CF-Cache-Status: DYNAMIC
Report-To: {"endpoints":[{"url":"https:\/\/a.nel.cloudflare.com\/report\/v4?s=ZX7fBxmNHgJwKk4t7jgmnB%2FR10Mgu2KJ20RpwH0Pgowxb1sF4v7tUBHRF1XGhyngbnWJr1Izqb7Qw2OowmVywnuzD6GFXlkA8%2BG0Z4NHER9aTyy7qJV3aNs5XzgmKU%2FGomYb6JipI4XQkqEt8s9Xci2YRhk%3D"}],"group":"cf-nel","max_age":604800}
NEL: {"success_fraction":0,"report_to":"cf-nel","max_age":604800}
Server: cloudflare
CF-RAY: 89bf2ee9ea9d9d38-DME
Content-Encoding: gzip
alt-svc: h3=":443"; ma=86400

{
    "success": true,
    "accessToken": "Bearer eyJhbGciOiJIUzI1NiIsInR5cCI6IkpXVCJ9.eyJpZCI6IjY2ODE3OTdjOWVkMjgwMDAxYjQ1OTYyYSIsImlhdCI6MTcxOTc2MTI3NiwiZXhwIjoxNzE5NzYyNDc2fQ.ky1oc90NkGvdGCmavpL-0ZzteEyZprHpp5WCLzV228w",
    "refreshToken": "7dfb01480b6ac44a596d99954eae2c7172f7bc26ed6801e6a01d01730080387ed542152320a75d3c",
    "user": {
        "email": "hloyflmqno@ya.ru",
        "name": "IdfoujkkRu"
    }
}
HTTP/1.1 200 OK
Date: Sun, 30 Jun 2024 15:27:56 GMT
Content-Type: application/json; charset=utf-8
Transfer-Encoding: chunked
Connection: keep-alive
X-Powered-By: Express
Access-Control-Allow-Origin: *
ETag: W/"16d-SvRt9daxwHEclMAVzukwtMuSwYw"
CF-Cache-Status: DYNAMIC
Report-To: {"endpoints":[{"url":"https:\/\/a.nel.cloudflare.com\/report\/v4?s=ZX7fBxmNHgJwKk4t7jgmnB%2FR10Mgu2KJ20RpwH0Pgowxb1sF4v7tUBHRF1XGhyngbnWJr1Izqb7Qw2OowmVywnuzD6GFXlkA8%2BG0Z4NHER9aTyy7qJV3aNs5XzgmKU%2FGomYb6JipI4XQkqEt8s9Xci2YRhk%3D"}],"group":"cf-nel","max_age":604800}
NEL: {"success_fraction":0,"report_to":"cf-nel","max_age":604800}
Server: cloudflare
CF-RAY: 89bf2ee9ea9d9d38-DME
Content-Encoding: gzip
alt-svc: h3=":443"; ma=86400

{
    "success": true,
    "accessToken": "Bearer eyJhbGciOiJIUzI1NiIsInR5cCI6IkpXVCJ9.eyJpZCI6IjY2ODE3OTdjOWVkMjgwMDAxYjQ1OTYyYSIsImlhdCI6MTcxOTc2MTI3NiwiZXhwIjoxNzE5NzYyNDc2fQ.ky1oc90NkGvdGCmavpL-0ZzteEyZprHpp5WCLzV228w",
    "refreshToken": "7dfb01480b6ac44a596d99954eae2c7172f7bc26ed6801e6a01d01730080387ed542152320a75d3c",
    "user": {
        "email": "hloyflmqno@ya.ru",
        "name": "IdfoujkkRu"
    }
}
HTTP/1.1 200 OK
Date: Sun, 30 Jun 2024 15:27:56 GMT
Content-Type: application/json; charset=utf-8
Transfer-Encoding: chunked
Connection: keep-alive
X-Powered-By: Express
Access-Control-Allow-Origin: *
ETag: W/"16d-SvRt9daxwHEclMAVzukwtMuSwYw"
CF-Cache-Status: DYNAMIC
Report-To: {"endpoints":[{"url":"https:\/\/a.nel.cloudflare.com\/report\/v4?s=ZX7fBxmNHgJwKk4t7jgmnB%2FR10Mgu2KJ20RpwH0Pgowxb1sF4v7tUBHRF1XGhyngbnWJr1Izqb7Qw2OowmVywnuzD6GFXlkA8%2BG0Z4NHER9aTyy7qJV3aNs5XzgmKU%2FGomYb6JipI4XQkqEt8s9Xci2YRhk%3D"}],"group":"cf-nel","max_age":604800}
NEL: {"success_fraction":0,"report_to":"cf-nel","max_age":604800}
Server: cloudflare
CF-RAY: 89bf2ee9ea9d9d38-DME
Content-Encoding: gzip
alt-svc: h3=":443"; ma=86400

{
    "success": true,
    "accessToken": "Bearer eyJhbGciOiJIUzI1NiIsInR5cCI6IkpXVCJ9.eyJpZCI6IjY2ODE3OTdjOWVkMjgwMDAxYjQ1OTYyYSIsImlhdCI6MTcxOTc2MTI3NiwiZXhwIjoxNzE5NzYyNDc2fQ.ky1oc90NkGvdGCmavpL-0ZzteEyZprHpp5WCLzV228w",
    "refreshToken": "7dfb01480b6ac44a596d99954eae2c7172f7bc26ed6801e6a01d01730080387ed542152320a75d3c",
    "user": {
        "email": "hloyflmqno@ya.ru",
        "name": "IdfoujkkRu"
    }
}
HTTP/1.1 200 OK
Date: Sun, 30 Jun 2024 15:27:56 GMT
Content-Type: application/json; charset=utf-8
Transfer-Encoding: chunked
Connection: keep-alive
X-Powered-By: Express
Access-Control-Allow-Origin: *
ETag: W/"16d-SvRt9daxwHEclMAVzukwtMuSwYw"
CF-Cache-Status: DYNAMIC
Report-To: {"endpoints":[{"url":"https:\/\/a.nel.cloudflare.com\/report\/v4?s=ZX7fBxmNHgJwKk4t7jgmnB%2FR10Mgu2KJ20RpwH0Pgowxb1sF4v7tUBHRF1XGhyngbnWJr1Izqb7Qw2OowmVywnuzD6GFXlkA8%2BG0Z4NHER9aTyy7qJV3aNs5XzgmKU%2FGomYb6JipI4XQkqEt8s9Xci2YRhk%3D"}],"group":"cf-nel","max_age":604800}
NEL: {"success_fraction":0,"report_to":"cf-nel","max_age":604800}
Server: cloudflare
CF-RAY: 89bf2ee9ea9d9d38-DME
Content-Encoding: gzip
alt-svc: h3=":443"; ma=86400

{
    "success": true,
    "accessToken": "Bearer eyJhbGciOiJIUzI1NiIsInR5cCI6IkpXVCJ9.eyJpZCI6IjY2ODE3OTdjOWVkMjgwMDAxYjQ1OTYyYSIsImlhdCI6MTcxOTc2MTI3NiwiZXhwIjoxNzE5NzYyNDc2fQ.ky1oc90NkGvdGCmavpL-0ZzteEyZprHpp5WCLzV228w",
    "refreshToken": "7dfb01480b6ac44a596d99954eae2c7172f7bc26ed6801e6a01d01730080387ed542152320a75d3c",
    "user": {
        "email": "hloyflmqno@ya.ru",
        "name": "IdfoujkkRu"
    }
}
HTTP/1.1 200 OK
Date: Sun, 30 Jun 2024 15:27:56 GMT
Content-Type: application/json; charset=utf-8
Transfer-Encoding: chunked
Connection: keep-alive
X-Powered-By: Express
Access-Control-Allow-Origin: *
ETag: W/"16d-SvRt9daxwHEclMAVzukwtMuSwYw"
CF-Cache-Status: DYNAMIC
Report-To: {"endpoints":[{"url":"https:\/\/a.nel.cloudflare.com\/report\/v4?s=ZX7fBxmNHgJwKk4t7jgmnB%2FR10Mgu2KJ20RpwH0Pgowxb1sF4v7tUBHRF1XGhyngbnWJr1Izqb7Qw2OowmVywnuzD6GFXlkA8%2BG0Z4NHER9aTyy7qJV3aNs5XzgmKU%2FGomYb6JipI4XQkqEt8s9Xci2YRhk%3D"}],"group":"cf-nel","max_age":604800}
NEL: {"success_fraction":0,"report_to":"cf-nel","max_age":604800}
Server: cloudflare
CF-RAY: 89bf2ee9ea9d9d38-DME
Content-Encoding: gzip
alt-svc: h3=":443"; ma=86400

{
    "success": true,
    "accessToken": "Bearer eyJhbGciOiJIUzI1NiIsInR5cCI6IkpXVCJ9.eyJpZCI6IjY2ODE3OTdjOWVkMjgwMDAxYjQ1OTYyYSIsImlhdCI6MTcxOTc2MTI3NiwiZXhwIjoxNzE5NzYyNDc2fQ.ky1oc90NkGvdGCmavpL-0ZzteEyZprHpp5WCLzV228w",
    "refreshToken": "7dfb01480b6ac44a596d99954eae2c7172f7bc26ed6801e6a01d01730080387ed542152320a75d3c",
    "user": {
        "email": "hloyflmqno@ya.ru",
        "name": "IdfoujkkRu"
    }
}
HTTP/1.1 200 OK
Date: Sun, 30 Jun 2024 15:27:56 GMT
Content-Type: application/json; charset=utf-8
Transfer-Encoding: chunked
Connection: keep-alive
X-Powered-By: Express
Access-Control-Allow-Origin: *
ETag: W/"16d-SvRt9daxwHEclMAVzukwtMuSwYw"
CF-Cache-Status: DYNAMIC
Report-To: {"endpoints":[{"url":"https:\/\/a.nel.cloudflare.com\/report\/v4?s=ZX7fBxmNHgJwKk4t7jgmnB%2FR10Mgu2KJ20RpwH0Pgowxb1sF4v7tUBHRF1XGhyngbnWJr1Izqb7Qw2OowmVywnuzD6GFXlkA8%2BG0Z4NHER9aTyy7qJV3aNs5XzgmKU%2FGomYb6JipI4XQkqEt8s9Xci2YRhk%3D"}],"group":"cf-nel","max_age":604800}
NEL: {"success_fraction":0,"report_to":"cf-nel","max_age":604800}
Server: cloudflare
CF-RAY: 89bf2ee9ea9d9d38-DME
Content-Encoding: gzip
alt-svc: h3=":443"; ma=86400

{
    "success": true,
    "accessToken": "Bearer eyJhbGciOiJIUzI1NiIsInR5cCI6IkpXVCJ9.eyJpZCI6IjY2ODE3OTdjOWVkMjgwMDAxYjQ1OTYyYSIsImlhdCI6MTcxOTc2MTI3NiwiZXhwIjoxNzE5NzYyNDc2fQ.ky1oc90NkGvdGCmavpL-0ZzteEyZprHpp5WCLzV228w",
    "refreshToken": "7dfb01480b6ac44a596d99954eae2c7172f7bc26ed6801e6a01d01730080387ed542152320a75d3c",
    "user": {
        "email": "hloyflmqno@ya.ru",
        "name": "IdfoujkkRu"
    }
}
HTTP/1.1 200 OK
Date: Sun, 30 Jun 2024 15:27:56 GMT
Content-Type: application/json; charset=utf-8
Transfer-Encoding: chunked
Connection: keep-alive
X-Powered-By: Express
Access-Control-Allow-Origin: *
ETag: W/"16d-SvRt9daxwHEclMAVzukwtMuSwYw"
CF-Cache-Status: DYNAMIC
Report-To: {"endpoints":[{"url":"https:\/\/a.nel.cloudflare.com\/report\/v4?s=ZX7fBxmNHgJwKk4t7jgmnB%2FR10Mgu2KJ20RpwH0Pgowxb1sF4v7tUBHRF1XGhyngbnWJr1Izqb7Qw2OowmVywnuzD6GFXlkA8%2BG0Z4NHER9aTyy7qJV3aNs5XzgmKU%2FGomYb6JipI4XQkqEt8s9Xci2YRhk%3D"}],"group":"cf-nel","max_age":604800}
NEL: {"success_fraction":0,"report_to":"cf-nel","max_age":604800}
Server: cloudflare
CF-RAY: 89bf2ee9ea9d9d38-DME
Content-Encoding: gzip
alt-svc: h3=":443"; ma=86400

{
    "success": true,
    "accessToken": "Bearer eyJhbGciOiJIUzI1NiIsInR5cCI6IkpXVCJ9.eyJpZCI6IjY2ODE3OTdjOWVkMjgwMDAxYjQ1OTYyYSIsImlhdCI6MTcxOTc2MTI3NiwiZXhwIjoxNzE5NzYyNDc2fQ.ky1oc90NkGvdGCmavpL-0ZzteEyZprHpp5WCLzV228w",
    "refreshToken": "7dfb01480b6ac44a596d99954eae2c7172f7bc26ed6801e6a01d01730080387ed542152320a75d3c",
    "user": {
        "email": "hloyflmqno@ya.ru",
        "name": "IdfoujkkRu"
    }
}
HTTP/1.1 200 OK
Date: Sun, 30 Jun 2024 15:27:56 GMT
Content-Type: application/json; charset=utf-8
Transfer-Encoding: chunked
Connection: keep-alive
X-Powered-By: Express
Access-Control-Allow-Origin: *
ETag: W/"16d-SvRt9daxwHEclMAVzukwtMuSwYw"
CF-Cache-Status: DYNAMIC
Report-To: {"endpoints":[{"url":"https:\/\/a.nel.cloudflare.com\/report\/v4?s=ZX7fBxmNHgJwKk4t7jgmnB%2FR10Mgu2KJ20RpwH0Pgowxb1sF4v7tUBHRF1XGhyngbnWJr1Izqb7Qw2OowmVywnuzD6GFXlkA8%2BG0Z4NHER9aTyy7qJV3aNs5XzgmKU%2FGomYb6JipI4XQkqEt8s9Xci2YRhk%3D"}],"group":"cf-nel","max_age":604800}
NEL: {"success_fraction":0,"report_to":"cf-nel","max_age":604800}
Server: cloudflare
CF-RAY: 89bf2ee9ea9d9d38-DME
Content-Encoding: gzip
alt-svc: h3=":443"; ma=86400

{
    "success": true,
    "accessToken": "Bearer eyJhbGciOiJIUzI1NiIsInR5cCI6IkpXVCJ9.eyJpZCI6IjY2ODE3OTdjOWVkMjgwMDAxYjQ1OTYyYSIsImlhdCI6MTcxOTc2MTI3NiwiZXhwIjoxNzE5NzYyNDc2fQ.ky1oc90NkGvdGCmavpL-0ZzteEyZprHpp5WCLzV228w",
    "refreshToken": "7dfb01480b6ac44a596d99954eae2c7172f7bc26ed6801e6a01d01730080387ed542152320a75d3c",
    "user": {
        "email": "hloyflmqno@ya.ru",
        "name": "IdfoujkkRu"
    }
}
HTTP/1.1 200 OK
Date: Sun, 30 Jun 2024 15:27:56 GMT
Content-Type: application/json; charset=utf-8
Transfer-Encoding: chunked
Connection: keep-alive
X-Powered-By: Express
Access-Control-Allow-Origin: *
ETag: W/"16d-SvRt9daxwHEclMAVzukwtMuSwYw"
CF-Cache-Status: DYNAMIC
Report-To: {"endpoints":[{"url":"https:\/\/a.nel.cloudflare.com\/report\/v4?s=ZX7fBxmNHgJwKk4t7jgmnB%2FR10Mgu2KJ20RpwH0Pgowxb1sF4v7tUBHRF1XGhyngbnWJr1Izqb7Qw2OowmVywnuzD6GFXlkA8%2BG0Z4NHER9aTyy7qJV3aNs5XzgmKU%2FGomYb6JipI4XQkqEt8s9Xci2YRhk%3D"}],"group":"cf-nel","max_age":604800}
NEL: {"success_fraction":0,"report_to":"cf-nel","max_age":604800}
Server: cloudflare
CF-RAY: 89bf2ee9ea9d9d38-DME
Content-Encoding: gzip
alt-svc: h3=":443"; ma=86400

{
    "success": true,
    "accessToken": "Bearer eyJhbGciOiJIUzI1NiIsInR5cCI6IkpXVCJ9.eyJpZCI6IjY2ODE3OTdjOWVkMjgwMDAxYjQ1OTYyYSIsImlhdCI6MTcxOTc2MTI3NiwiZXhwIjoxNzE5NzYyNDc2fQ.ky1oc90NkGvdGCmavpL-0ZzteEyZprHpp5WCLzV228w",
    "refreshToken": "7dfb01480b6ac44a596d99954eae2c7172f7bc26ed6801e6a01d01730080387ed542152320a75d3c",
    "user": {
        "email": "hloyflmqno@ya.ru",
        "name": "IdfoujkkRu"
    }
}
HTTP/1.1 200 OK
Date: Sun, 30 Jun 2024 15:27:56 GMT
Content-Type: application/json; charset=utf-8
Transfer-Encoding: chunked
Connection: keep-alive
X-Powered-By: Express
Access-Control-Allow-Origin: *
ETag: W/"16d-SvRt9daxwHEclMAVzukwtMuSwYw"
CF-Cache-Status: DYNAMIC
Report-To: {"endpoints":[{"url":"https:\/\/a.nel.cloudflare.com\/report\/v4?s=ZX7fBxmNHgJwKk4t7jgmnB%2FR10Mgu2KJ20RpwH0Pgowxb1sF4v7tUBHRF1XGhyngbnWJr1Izqb7Qw2OowmVywnuzD6GFXlkA8%2BG0Z4NHER9aTyy7qJV3aNs5XzgmKU%2FGomYb6JipI4XQkqEt8s9Xci2YRhk%3D"}],"group":"cf-nel","max_age":604800}
NEL: {"success_fraction":0,"report_to":"cf-nel","max_age":604800}
Server: cloudflare
CF-RAY: 89bf2ee9ea9d9d38-DME
Content-Encoding: gzip
alt-svc: h3=":443"; ma=86400

{
    "success": true,
    "accessToken": "Bearer eyJhbGciOiJIUzI1NiIsInR5cCI6IkpXVCJ9.eyJpZCI6IjY2ODE3OTdjOWVkMjgwMDAxYjQ1OTYyYSIsImlhdCI6MTcxOTc2MTI3NiwiZXhwIjoxNzE5NzYyNDc2fQ.ky1oc90NkGvdGCmavpL-0ZzteEyZprHpp5WCLzV228w",
    "refreshToken": "7dfb01480b6ac44a596d99954eae2c7172f7bc26ed6801e6a01d01730080387ed542152320a75d3c",
    "user": {
        "email": "hloyflmqno@ya.ru",
        "name": "IdfoujkkRu"
    }
}
Request method:	POST
Request URI:	https://stellarburgers.nomoreparties.site/api/auth/login
Proxy:			<none>
Request params:	<none>
Query params:	<none>
Form params:	<none>
Path params:	<none>
Headers:		Accept=*/*
				Content-Type=application/json
Cookies:		<none>
Multiparts:		<none>
Body:
{
    "email": "hLOyflMQnO@ya.ru",
    "password": "WJQArGIprU",
    "name": "IdfoujkkRu"
}
Request method:	POST
Request URI:	https://stellarburgers.nomoreparties.site/api/auth/login
Proxy:			<none>
Request params:	<none>
Query params:	<none>
Form params:	<none>
Path params:	<none>
Headers:		Accept=*/*
				Content-Type=application/json
Cookies:		<none>
Multiparts:		<none>
Body:
{
    "email": "hLOyflMQnO@ya.ru",
    "password": "WJQArGIprU",
    "name": "IdfoujkkRu"
}
Request method:	POST
Request URI:	https://stellarburgers.nomoreparties.site/api/auth/login
Proxy:			<none>
Request params:	<none>
Query params:	<none>
Form params:	<none>
Path params:	<none>
Headers:		Accept=*/*
				Content-Type=application/json
Cookies:		<none>
Multiparts:		<none>
Body:
{
    "email": "hLOyflMQnO@ya.ru",
    "password": "WJQArGIprU",
    "name": "IdfoujkkRu"
}
Request method:	POST
Request URI:	https://stellarburgers.nomoreparties.site/api/auth/login
Proxy:			<none>
Request params:	<none>
Query params:	<none>
Form params:	<none>
Path params:	<none>
Headers:		Accept=*/*
				Content-Type=application/json
Cookies:		<none>
Multiparts:		<none>
Body:
{
    "email": "hLOyflMQnO@ya.ru",
    "password": "WJQArGIprU",
    "name": "IdfoujkkRu"
}
Request method:	POST
Request URI:	https://stellarburgers.nomoreparties.site/api/auth/login
Proxy:			<none>
Request params:	<none>
Query params:	<none>
Form params:	<none>
Path params:	<none>
Headers:		Accept=*/*
				Content-Type=application/json
Cookies:		<none>
Multiparts:		<none>
Body:
{
    "email": "hLOyflMQnO@ya.ru",
    "password": "WJQArGIprU",
    "name": "IdfoujkkRu"
}
Request method:	POST
Request URI:	https://stellarburgers.nomoreparties.site/api/auth/login
Proxy:			<none>
Request params:	<none>
Query params:	<none>
Form params:	<none>
Path params:	<none>
Headers:		Accept=*/*
				Content-Type=application/json
Cookies:		<none>
Multiparts:		<none>
Body:
{
    "email": "hLOyflMQnO@ya.ru",
    "password": "WJQArGIprU",
    "name": "IdfoujkkRu"
}
Request method:	POST
Request URI:	https://stellarburgers.nomoreparties.site/api/auth/login
Proxy:			<none>
Request params:	<none>
Query params:	<none>
Form params:	<none>
Path params:	<none>
Headers:		Accept=*/*
				Content-Type=application/json
Cookies:		<none>
Multiparts:		<none>
Body:
{
    "email": "hLOyflMQnO@ya.ru",
    "password": "WJQArGIprU",
    "name": "IdfoujkkRu"
}
Request method:	POST
Request URI:	https://stellarburgers.nomoreparties.site/api/auth/login
Proxy:			<none>
Request params:	<none>
Query params:	<none>
Form params:	<none>
Path params:	<none>
Headers:		Accept=*/*
				Content-Type=application/json
Cookies:		<none>
Multiparts:		<none>
Body:
{
    "email": "hLOyflMQnO@ya.ru",
    "password": "WJQArGIprU",
    "name": "IdfoujkkRu"
}
Request method:	POST
Request URI:	https://stellarburgers.nomoreparties.site/api/auth/login
Proxy:			<none>
Request params:	<none>
Query params:	<none>
Form params:	<none>
Path params:	<none>
Headers:		Accept=*/*
				Content-Type=application/json
Cookies:		<none>
Multiparts:		<none>
Body:
{
    "email": "hLOyflMQnO@ya.ru",
    "password": "WJQArGIprU",
    "name": "IdfoujkkRu"
}
Request method:	POST
Request URI:	https://stellarburgers.nomoreparties.site/api/auth/login
Proxy:			<none>
Request params:	<none>
Query params:	<none>
Form params:	<none>
Path params:	<none>
Headers:		Accept=*/*
				Content-Type=application/json
Cookies:		<none>
Multiparts:		<none>
Body:
{
    "email": "hLOyflMQnO@ya.ru",
    "password": "WJQArGIprU",
    "name": "IdfoujkkRu"
}
Request method:	POST
Request URI:	https://stellarburgers.nomoreparties.site/api/auth/login
Proxy:			<none>
Request params:	<none>
Query params:	<none>
Form params:	<none>
Path params:	<none>
Headers:		Accept=*/*
				Content-Type=application/json
Cookies:		<none>
Multiparts:		<none>
Body:
{
    "email": "hLOyflMQnO@ya.ru",
    "password": "WJQArGIprU",
    "name": "IdfoujkkRu"
}
Request method:	POST
Request URI:	https://stellarburgers.nomoreparties.site/api/auth/login
Proxy:			<none>
Request params:	<none>
Query params:	<none>
Form params:	<none>
Path params:	<none>
Headers:		Accept=*/*
				Content-Type=application/json
Cookies:		<none>
Multiparts:		<none>
Body:
{
    "email": "hLOyflMQnO@ya.ru",
    "password": "WJQArGIprU",
    "name": "IdfoujkkRu"
}
Request method:	POST
Request URI:	https://stellarburgers.nomoreparties.site/api/auth/login
Proxy:			<none>
Request params:	<none>
Query params:	<none>
Form params:	<none>
Path params:	<none>
Headers:		Accept=*/*
				Content-Type=application/json
Cookies:		<none>
Multiparts:		<none>
Body:
{
    "email": "hLOyflMQnO@ya.ru",
    "password": "WJQArGIprU",
    "name": "IdfoujkkRu"
}
Request method:	POST
Request URI:	https://stellarburgers.nomoreparties.site/api/auth/login
Proxy:			<none>
Request params:	<none>
Query params:	<none>
Form params:	<none>
Path params:	<none>
Headers:		Accept=*/*
				Content-Type=application/json
Cookies:		<none>
Multiparts:		<none>
Body:
{
    "email": "hLOyflMQnO@ya.ru",
    "password": "WJQArGIprU",
    "name": "IdfoujkkRu"
}
Request method:	POST
Request URI:	https://stellarburgers.nomoreparties.site/api/auth/login
Proxy:			<none>
Request params:	<none>
Query params:	<none>
Form params:	<none>
Path params:	<none>
Headers:		Accept=*/*
				Content-Type=application/json
Cookies:		<none>
Multiparts:		<none>
Body:
{
    "email": "hLOyflMQnO@ya.ru",
    "password": "WJQArGIprU",
    "name": "IdfoujkkRu"
}
Request method:	POST
Request URI:	https://stellarburgers.nomoreparties.site/api/auth/login
Proxy:			<none>
Request params:	<none>
Query params:	<none>
Form params:	<none>
Path params:	<none>
Headers:		Accept=*/*
				Content-Type=application/json
Cookies:		<none>
Multiparts:		<none>
Body:
{
    "email": "hLOyflMQnO@ya.ru",
    "password": "WJQArGIprU",
    "name": "IdfoujkkRu"
}
Request method:	POST
Request URI:	https://stellarburgers.nomoreparties.site/api/auth/login
Proxy:			<none>
Request params:	<none>
Query params:	<none>
Form params:	<none>
Path params:	<none>
Headers:		Accept=*/*
				Content-Type=application/json
Cookies:		<none>
Multiparts:		<none>
Body:
{
    "email": "hLOyflMQnO@ya.ru",
    "password": "WJQArGIprU",
    "name": "IdfoujkkRu"
}
Request method:	POST
Request URI:	https://stellarburgers.nomoreparties.site/api/auth/login
Proxy:			<none>
Request params:	<none>
Query params:	<none>
Form params:	<none>
Path params:	<none>
Headers:		Accept=*/*
				Content-Type=application/json
Cookies:		<none>
Multiparts:		<none>
Body:
{
    "email": "hLOyflMQnO@ya.ru",
    "password": "WJQArGIprU",
    "name": "IdfoujkkRu"
}
Request method:	POST
Request URI:	https://stellarburgers.nomoreparties.site/api/auth/login
Proxy:			<none>
Request params:	<none>
Query params:	<none>
Form params:	<none>
Path params:	<none>
Headers:		Accept=*/*
				Content-Type=application/json
Cookies:		<none>
Multiparts:		<none>
Body:
{
    "email": "hLOyflMQnO@ya.ru",
    "password": "WJQArGIprU",
    "name": "IdfoujkkRu"
}
Request method:	POST
Request URI:	https://stellarburgers.nomoreparties.site/api/auth/login
Proxy:			<none>
Request params:	<none>
Query params:	<none>
Form params:	<none>
Path params:	<none>
Headers:		Accept=*/*
				Content-Type=application/json
Cookies:		<none>
Multiparts:		<none>
Body:
{
    "email": "hLOyflMQnO@ya.ru",
    "password": "WJQArGIprU",
    "name": "IdfoujkkRu"
}
Request method:	POST
Request URI:	https://stellarburgers.nomoreparties.site/api/auth/login
Proxy:			<none>
Request params:	<none>
Query params:	<none>
Form params:	<none>
Path params:	<none>
Headers:		Accept=*/*
				Content-Type=application/json
Cookies:		<none>
Multiparts:		<none>
Body:
{
    "email": "hLOyflMQnO@ya.ru",
    "password": "WJQArGIprU",
    "name": "IdfoujkkRu"
}
Request method:	POST
Request URI:	https://stellarburgers.nomoreparties.site/api/auth/login
Proxy:			<none>
Request params:	<none>
Query params:	<none>
Form params:	<none>
Path params:	<none>
Headers:		Accept=*/*
				Content-Type=application/json
Cookies:		<none>
Multiparts:		<none>
Body:
{
    "email": "hLOyflMQnO@ya.ru",
    "password": "WJQArGIprU",
    "name": "IdfoujkkRu"
}
Request method:	POST
Request URI:	https://stellarburgers.nomoreparties.site/api/auth/login
Proxy:			<none>
Request params:	<none>
Query params:	<none>
Form params:	<none>
Path params:	<none>
Headers:		Accept=*/*
				Content-Type=application/json
Cookies:		<none>
Multiparts:		<none>
Body:
{
    "email": "hLOyflMQnO@ya.ru",
    "password": "WJQArGIprU",
    "name": "IdfoujkkRu"
}
Request method:	POST
Request URI:	https://stellarburgers.nomoreparties.site/api/auth/login
Proxy:			<none>
Request params:	<none>
Query params:	<none>
Form params:	<none>
Path params:	<none>
Headers:		Accept=*/*
				Content-Type=application/json
Cookies:		<none>
Multiparts:		<none>
Body:
{
    "email": "hLOyflMQnO@ya.ru",
    "password": "WJQArGIprU",
    "name": "IdfoujkkRu"
}
Request method:	POST
Request URI:	https://stellarburgers.nomoreparties.site/api/auth/login
Proxy:			<none>
Request params:	<none>
Query params:	<none>
Form params:	<none>
Path params:	<none>
Headers:		Accept=*/*
				Content-Type=application/json
Cookies:		<none>
Multiparts:		<none>
Body:
{
    "email": "hLOyflMQnO@ya.ru",
    "password": "WJQArGIprU",
    "name": "IdfoujkkRu"
}
Request method:	POST
Request URI:	https://stellarburgers.nomoreparties.site/api/auth/login
Proxy:			<none>
Request params:	<none>
Query params:	<none>
Form params:	<none>
Path params:	<none>
Headers:		Accept=*/*
				Content-Type=application/json
Cookies:		<none>
Multiparts:		<none>
Body:
{
    "email": "hLOyflMQnO@ya.ru",
    "password": "WJQArGIprU",
    "name": "IdfoujkkRu"
}
Request method:	POST
Request URI:	https://stellarburgers.nomoreparties.site/api/auth/login
Proxy:			<none>
Request params:	<none>
Query params:	<none>
Form params:	<none>
Path params:	<none>
Headers:		Accept=*/*
				Content-Type=application/json
Cookies:		<none>
Multiparts:		<none>
Body:
{
    "email": "hLOyflMQnO@ya.ru",
    "password": "WJQArGIprU",
    "name": "IdfoujkkRu"
}
Request method:	POST
Request URI:	https://stellarburgers.nomoreparties.site/api/auth/login
Proxy:			<none>
Request params:	<none>
Query params:	<none>
Form params:	<none>
Path params:	<none>
Headers:		Accept=*/*
				Content-Type=application/json
Cookies:		<none>
Multiparts:		<none>
Body:
{
    "email": "hLOyflMQnO@ya.ru",
    "password": "WJQArGIprU",
    "name": "IdfoujkkRu"
}
Request method:	POST
Request URI:	https://stellarburgers.nomoreparties.site/api/auth/login
Proxy:			<none>
Request params:	<none>
Query params:	<none>
Form params:	<none>
Path params:	<none>
Headers:		Accept=*/*
				Content-Type=application/json
Cookies:		<none>
Multiparts:		<none>
Body:
{
    "email": "hLOyflMQnO@ya.ru",
    "password": "WJQArGIprU",
    "name": "IdfoujkkRu"
}
Request method:	POST
Request URI:	https://stellarburgers.nomoreparties.site/api/auth/login
Proxy:			<none>
Request params:	<none>
Query params:	<none>
Form params:	<none>
Path params:	<none>
Headers:		Accept=*/*
				Content-Type=application/json
Cookies:		<none>
Multiparts:		<none>
Body:
{
    "email": "hLOyflMQnO@ya.ru",
    "password": "WJQArGIprU",
    "name": "IdfoujkkRu"
}
Request method:	POST
Request URI:	https://stellarburgers.nomoreparties.site/api/auth/login
Proxy:			<none>
Request params:	<none>
Query params:	<none>
Form params:	<none>
Path params:	<none>
Headers:		Accept=*/*
				Content-Type=application/json
Cookies:		<none>
Multiparts:		<none>
Body:
{
    "email": "hLOyflMQnO@ya.ru",
    "password": "WJQArGIprU",
    "name": "IdfoujkkRu"
}
Request method:	POST
Request URI:	https://stellarburgers.nomoreparties.site/api/auth/login
Proxy:			<none>
Request params:	<none>
Query params:	<none>
Form params:	<none>
Path params:	<none>
Headers:		Accept=*/*
				Content-Type=application/json
Cookies:		<none>
Multiparts:		<none>
Body:
{
    "email": "hLOyflMQnO@ya.ru",
    "password": "WJQArGIprU",
    "name": "IdfoujkkRu"
}
Request method:	POST
Request URI:	https://stellarburgers.nomoreparties.site/api/auth/login
Proxy:			<none>
Request params:	<none>
Query params:	<none>
Form params:	<none>
Path params:	<none>
Headers:		Accept=*/*
				Content-Type=application/json
Cookies:		<none>
Multiparts:		<none>
Body:
{
    "email": "hLOyflMQnO@ya.ru",
    "password": "WJQArGIprU",
    "name": "IdfoujkkRu"
}
Request method:	POST
Request URI:	https://stellarburgers.nomoreparties.site/api/auth/login
Proxy:			<none>
Request params:	<none>
Query params:	<none>
Form params:	<none>
Path params:	<none>
Headers:		Accept=*/*
				Content-Type=application/json
Cookies:		<none>
Multiparts:		<none>
Body:
{
    "email": "hLOyflMQnO@ya.ru",
    "password": "WJQArGIprU",
    "name": "IdfoujkkRu"
}
Request method:	POST
Request URI:	https://stellarburgers.nomoreparties.site/api/auth/login
Proxy:			<none>
Request params:	<none>
Query params:	<none>
Form params:	<none>
Path params:	<none>
Headers:		Accept=*/*
				Content-Type=application/json
Cookies:		<none>
Multiparts:		<none>
Body:
{
    "email": "hLOyflMQnO@ya.ru",
    "password": "WJQArGIprU",
    "name": "IdfoujkkRu"
}
Request method:	POST
Request URI:	https://stellarburgers.nomoreparties.site/api/auth/login
Proxy:			<none>
Request params:	<none>
Query params:	<none>
Form params:	<none>
Path params:	<none>
Headers:		Accept=*/*
				Content-Type=application/json
Cookies:		<none>
Multiparts:		<none>
Body:
{
    "email": "hLOyflMQnO@ya.ru",
    "password": "WJQArGIprU",
    "name": "IdfoujkkRu"
}
Request method:	POST
Request URI:	https://stellarburgers.nomoreparties.site/api/auth/login
Proxy:			<none>
Request params:	<none>
Query params:	<none>
Form params:	<none>
Path params:	<none>
Headers:		Accept=*/*
				Content-Type=application/json
Cookies:		<none>
Multiparts:		<none>
Body:
{
    "email": "hLOyflMQnO@ya.ru",
    "password": "WJQArGIprU",
    "name": "IdfoujkkRu"
}
Request method:	POST
Request URI:	https://stellarburgers.nomoreparties.site/api/auth/login
Proxy:			<none>
Request params:	<none>
Query params:	<none>
Form params:	<none>
Path params:	<none>
Headers:		Accept=*/*
				Content-Type=application/json
Cookies:		<none>
Multiparts:		<none>
Body:
{
    "email": "hLOyflMQnO@ya.ru",
    "password": "WJQArGIprU",
    "name": "IdfoujkkRu"
}
Request method:	POST
Request URI:	https://stellarburgers.nomoreparties.site/api/auth/login
Proxy:			<none>
Request params:	<none>
Query params:	<none>
Form params:	<none>
Path params:	<none>
Headers:		Accept=*/*
				Content-Type=application/json
Cookies:		<none>
Multiparts:		<none>
Body:
{
    "email": "hLOyflMQnO@ya.ru",
    "password": "WJQArGIprU",
    "name": "IdfoujkkRu"
}
HTTP/1.1 200 OK
Date: Sun, 30 Jun 2024 15:27:56 GMT
Content-Type: application/json; charset=utf-8
Transfer-Encoding: chunked
Connection: keep-alive
X-Powered-By: Express
Access-Control-Allow-Origin: *
ETag: W/"16d-53T37wMosuYS280lq0dIjc9DAyQ"
CF-Cache-Status: DYNAMIC
Report-To: {"endpoints":[{"url":"https:\/\/a.nel.cloudflare.com\/report\/v4?s=mp%2BlQkCcehiqAo9OqqGUyKELOwhVCKZ%2FIhR3kvOAbam3uo3MxtR%2FZZQYgrypbagxTg%2BkOXGMfs9BkZrSKjzd6ClUIHVsgzPuPO3t0q2pm3W4BwlbS%2FIGJ6EMEtjtoXBRZSKhfFfmduMXz6%2FWaWhMxgzkC4Y%3D"}],"group":"cf-nel","max_age":604800}
NEL: {"success_fraction":0,"report_to":"cf-nel","max_age":604800}
Server: cloudflare
CF-RAY: 89bf2eebbd4b65f5-AMS
Content-Encoding: gzip
alt-svc: h3=":443"; ma=86400

{
    "success": true,
    "accessToken": "Bearer eyJhbGciOiJIUzI1NiIsInR5cCI6IkpXVCJ9.eyJpZCI6IjY2ODE3OTdjOWVkMjgwMDAxYjQ1OTYyYSIsImlhdCI6MTcxOTc2MTI3NiwiZXhwIjoxNzE5NzYyNDc2fQ.ky1oc90NkGvdGCmavpL-0ZzteEyZprHpp5WCLzV228w",
    "refreshToken": "ed4ba8aa56cd3d40ca78f3cf206a668415a5c8c9449bb2d4e14db19086754490bf8be4ac7acd2ac9",
    "user": {
        "email": "hloyflmqno@ya.ru",
        "name": "IdfoujkkRu"
    }
}
HTTP/1.1 200 OK
Date: Sun, 30 Jun 2024 15:27:56 GMT
Content-Type: application/json; charset=utf-8
Transfer-Encoding: chunked
Connection: keep-alive
X-Powered-By: Express
Access-Control-Allow-Origin: *
ETag: W/"16d-53T37wMosuYS280lq0dIjc9DAyQ"
CF-Cache-Status: DYNAMIC
Report-To: {"endpoints":[{"url":"https:\/\/a.nel.cloudflare.com\/report\/v4?s=mp%2BlQkCcehiqAo9OqqGUyKELOwhVCKZ%2FIhR3kvOAbam3uo3MxtR%2FZZQYgrypbagxTg%2BkOXGMfs9BkZrSKjzd6ClUIHVsgzPuPO3t0q2pm3W4BwlbS%2FIGJ6EMEtjtoXBRZSKhfFfmduMXz6%2FWaWhMxgzkC4Y%3D"}],"group":"cf-nel","max_age":604800}
NEL: {"success_fraction":0,"report_to":"cf-nel","max_age":604800}
Server: cloudflare
CF-RAY: 89bf2eebbd4b65f5-AMS
Content-Encoding: gzip
alt-svc: h3=":443"; ma=86400

{
    "success": true,
    "accessToken": "Bearer eyJhbGciOiJIUzI1NiIsInR5cCI6IkpXVCJ9.eyJpZCI6IjY2ODE3OTdjOWVkMjgwMDAxYjQ1OTYyYSIsImlhdCI6MTcxOTc2MTI3NiwiZXhwIjoxNzE5NzYyNDc2fQ.ky1oc90NkGvdGCmavpL-0ZzteEyZprHpp5WCLzV228w",
    "refreshToken": "ed4ba8aa56cd3d40ca78f3cf206a668415a5c8c9449bb2d4e14db19086754490bf8be4ac7acd2ac9",
    "user": {
        "email": "hloyflmqno@ya.ru",
        "name": "IdfoujkkRu"
    }
}
HTTP/1.1 200 OK
Date: Sun, 30 Jun 2024 15:27:56 GMT
Content-Type: application/json; charset=utf-8
Transfer-Encoding: chunked
Connection: keep-alive
X-Powered-By: Express
Access-Control-Allow-Origin: *
ETag: W/"16d-53T37wMosuYS280lq0dIjc9DAyQ"
CF-Cache-Status: DYNAMIC
Report-To: {"endpoints":[{"url":"https:\/\/a.nel.cloudflare.com\/report\/v4?s=mp%2BlQkCcehiqAo9OqqGUyKELOwhVCKZ%2FIhR3kvOAbam3uo3MxtR%2FZZQYgrypbagxTg%2BkOXGMfs9BkZrSKjzd6ClUIHVsgzPuPO3t0q2pm3W4BwlbS%2FIGJ6EMEtjtoXBRZSKhfFfmduMXz6%2FWaWhMxgzkC4Y%3D"}],"group":"cf-nel","max_age":604800}
NEL: {"success_fraction":0,"report_to":"cf-nel","max_age":604800}
Server: cloudflare
CF-RAY: 89bf2eebbd4b65f5-AMS
Content-Encoding: gzip
alt-svc: h3=":443"; ma=86400

{
    "success": true,
    "accessToken": "Bearer eyJhbGciOiJIUzI1NiIsInR5cCI6IkpXVCJ9.eyJpZCI6IjY2ODE3OTdjOWVkMjgwMDAxYjQ1OTYyYSIsImlhdCI6MTcxOTc2MTI3NiwiZXhwIjoxNzE5NzYyNDc2fQ.ky1oc90NkGvdGCmavpL-0ZzteEyZprHpp5WCLzV228w",
    "refreshToken": "ed4ba8aa56cd3d40ca78f3cf206a668415a5c8c9449bb2d4e14db19086754490bf8be4ac7acd2ac9",
    "user": {
        "email": "hloyflmqno@ya.ru",
        "name": "IdfoujkkRu"
    }
}
HTTP/1.1 200 OK
Date: Sun, 30 Jun 2024 15:27:56 GMT
Content-Type: application/json; charset=utf-8
Transfer-Encoding: chunked
Connection: keep-alive
X-Powered-By: Express
Access-Control-Allow-Origin: *
ETag: W/"16d-53T37wMosuYS280lq0dIjc9DAyQ"
CF-Cache-Status: DYNAMIC
Report-To: {"endpoints":[{"url":"https:\/\/a.nel.cloudflare.com\/report\/v4?s=mp%2BlQkCcehiqAo9OqqGUyKELOwhVCKZ%2FIhR3kvOAbam3uo3MxtR%2FZZQYgrypbagxTg%2BkOXGMfs9BkZrSKjzd6ClUIHVsgzPuPO3t0q2pm3W4BwlbS%2FIGJ6EMEtjtoXBRZSKhfFfmduMXz6%2FWaWhMxgzkC4Y%3D"}],"group":"cf-nel","max_age":604800}
NEL: {"success_fraction":0,"report_to":"cf-nel","max_age":604800}
Server: cloudflare
CF-RAY: 89bf2eebbd4b65f5-AMS
Content-Encoding: gzip
alt-svc: h3=":443"; ma=86400

{
    "success": true,
    "accessToken": "Bearer eyJhbGciOiJIUzI1NiIsInR5cCI6IkpXVCJ9.eyJpZCI6IjY2ODE3OTdjOWVkMjgwMDAxYjQ1OTYyYSIsImlhdCI6MTcxOTc2MTI3NiwiZXhwIjoxNzE5NzYyNDc2fQ.ky1oc90NkGvdGCmavpL-0ZzteEyZprHpp5WCLzV228w",
    "refreshToken": "ed4ba8aa56cd3d40ca78f3cf206a668415a5c8c9449bb2d4e14db19086754490bf8be4ac7acd2ac9",
    "user": {
        "email": "hloyflmqno@ya.ru",
        "name": "IdfoujkkRu"
    }
}
HTTP/1.1 200 OK
Date: Sun, 30 Jun 2024 15:27:56 GMT
Content-Type: application/json; charset=utf-8
Transfer-Encoding: chunked
Connection: keep-alive
X-Powered-By: Express
Access-Control-Allow-Origin: *
ETag: W/"16d-53T37wMosuYS280lq0dIjc9DAyQ"
CF-Cache-Status: DYNAMIC
Report-To: {"endpoints":[{"url":"https:\/\/a.nel.cloudflare.com\/report\/v4?s=mp%2BlQkCcehiqAo9OqqGUyKELOwhVCKZ%2FIhR3kvOAbam3uo3MxtR%2FZZQYgrypbagxTg%2BkOXGMfs9BkZrSKjzd6ClUIHVsgzPuPO3t0q2pm3W4BwlbS%2FIGJ6EMEtjtoXBRZSKhfFfmduMXz6%2FWaWhMxgzkC4Y%3D"}],"group":"cf-nel","max_age":604800}
NEL: {"success_fraction":0,"report_to":"cf-nel","max_age":604800}
Server: cloudflare
CF-RAY: 89bf2eebbd4b65f5-AMS
Content-Encoding: gzip
alt-svc: h3=":443"; ma=86400

{
    "success": true,
    "accessToken": "Bearer eyJhbGciOiJIUzI1NiIsInR5cCI6IkpXVCJ9.eyJpZCI6IjY2ODE3OTdjOWVkMjgwMDAxYjQ1OTYyYSIsImlhdCI6MTcxOTc2MTI3NiwiZXhwIjoxNzE5NzYyNDc2fQ.ky1oc90NkGvdGCmavpL-0ZzteEyZprHpp5WCLzV228w",
    "refreshToken": "ed4ba8aa56cd3d40ca78f3cf206a668415a5c8c9449bb2d4e14db19086754490bf8be4ac7acd2ac9",
    "user": {
        "email": "hloyflmqno@ya.ru",
        "name": "IdfoujkkRu"
    }
}
HTTP/1.1 200 OK
Date: Sun, 30 Jun 2024 15:27:56 GMT
Content-Type: application/json; charset=utf-8
Transfer-Encoding: chunked
Connection: keep-alive
X-Powered-By: Express
Access-Control-Allow-Origin: *
ETag: W/"16d-53T37wMosuYS280lq0dIjc9DAyQ"
CF-Cache-Status: DYNAMIC
Report-To: {"endpoints":[{"url":"https:\/\/a.nel.cloudflare.com\/report\/v4?s=mp%2BlQkCcehiqAo9OqqGUyKELOwhVCKZ%2FIhR3kvOAbam3uo3MxtR%2FZZQYgrypbagxTg%2BkOXGMfs9BkZrSKjzd6ClUIHVsgzPuPO3t0q2pm3W4BwlbS%2FIGJ6EMEtjtoXBRZSKhfFfmduMXz6%2FWaWhMxgzkC4Y%3D"}],"group":"cf-nel","max_age":604800}
NEL: {"success_fraction":0,"report_to":"cf-nel","max_age":604800}
Server: cloudflare
CF-RAY: 89bf2eebbd4b65f5-AMS
Content-Encoding: gzip
alt-svc: h3=":443"; ma=86400

{
    "success": true,
    "accessToken": "Bearer eyJhbGciOiJIUzI1NiIsInR5cCI6IkpXVCJ9.eyJpZCI6IjY2ODE3OTdjOWVkMjgwMDAxYjQ1OTYyYSIsImlhdCI6MTcxOTc2MTI3NiwiZXhwIjoxNzE5NzYyNDc2fQ.ky1oc90NkGvdGCmavpL-0ZzteEyZprHpp5WCLzV228w",
    "refreshToken": "ed4ba8aa56cd3d40ca78f3cf206a668415a5c8c9449bb2d4e14db19086754490bf8be4ac7acd2ac9",
    "user": {
        "email": "hloyflmqno@ya.ru",
        "name": "IdfoujkkRu"
    }
}
HTTP/1.1 200 OK
Date: Sun, 30 Jun 2024 15:27:56 GMT
Content-Type: application/json; charset=utf-8
Transfer-Encoding: chunked
Connection: keep-alive
X-Powered-By: Express
Access-Control-Allow-Origin: *
ETag: W/"16d-53T37wMosuYS280lq0dIjc9DAyQ"
CF-Cache-Status: DYNAMIC
Report-To: {"endpoints":[{"url":"https:\/\/a.nel.cloudflare.com\/report\/v4?s=mp%2BlQkCcehiqAo9OqqGUyKELOwhVCKZ%2FIhR3kvOAbam3uo3MxtR%2FZZQYgrypbagxTg%2BkOXGMfs9BkZrSKjzd6ClUIHVsgzPuPO3t0q2pm3W4BwlbS%2FIGJ6EMEtjtoXBRZSKhfFfmduMXz6%2FWaWhMxgzkC4Y%3D"}],"group":"cf-nel","max_age":604800}
NEL: {"success_fraction":0,"report_to":"cf-nel","max_age":604800}
Server: cloudflare
CF-RAY: 89bf2eebbd4b65f5-AMS
Content-Encoding: gzip
alt-svc: h3=":443"; ma=86400

{
    "success": true,
    "accessToken": "Bearer eyJhbGciOiJIUzI1NiIsInR5cCI6IkpXVCJ9.eyJpZCI6IjY2ODE3OTdjOWVkMjgwMDAxYjQ1OTYyYSIsImlhdCI6MTcxOTc2MTI3NiwiZXhwIjoxNzE5NzYyNDc2fQ.ky1oc90NkGvdGCmavpL-0ZzteEyZprHpp5WCLzV228w",
    "refreshToken": "ed4ba8aa56cd3d40ca78f3cf206a668415a5c8c9449bb2d4e14db19086754490bf8be4ac7acd2ac9",
    "user": {
        "email": "hloyflmqno@ya.ru",
        "name": "IdfoujkkRu"
    }
}
HTTP/1.1 200 OK
Date: Sun, 30 Jun 2024 15:27:56 GMT
Content-Type: application/json; charset=utf-8
Transfer-Encoding: chunked
Connection: keep-alive
X-Powered-By: Express
Access-Control-Allow-Origin: *
ETag: W/"16d-53T37wMosuYS280lq0dIjc9DAyQ"
CF-Cache-Status: DYNAMIC
Report-To: {"endpoints":[{"url":"https:\/\/a.nel.cloudflare.com\/report\/v4?s=mp%2BlQkCcehiqAo9OqqGUyKELOwhVCKZ%2FIhR3kvOAbam3uo3MxtR%2FZZQYgrypbagxTg%2BkOXGMfs9BkZrSKjzd6ClUIHVsgzPuPO3t0q2pm3W4BwlbS%2FIGJ6EMEtjtoXBRZSKhfFfmduMXz6%2FWaWhMxgzkC4Y%3D"}],"group":"cf-nel","max_age":604800}
NEL: {"success_fraction":0,"report_to":"cf-nel","max_age":604800}
Server: cloudflare
CF-RAY: 89bf2eebbd4b65f5-AMS
Content-Encoding: gzip
alt-svc: h3=":443"; ma=86400

{
    "success": true,
    "accessToken": "Bearer eyJhbGciOiJIUzI1NiIsInR5cCI6IkpXVCJ9.eyJpZCI6IjY2ODE3OTdjOWVkMjgwMDAxYjQ1OTYyYSIsImlhdCI6MTcxOTc2MTI3NiwiZXhwIjoxNzE5NzYyNDc2fQ.ky1oc90NkGvdGCmavpL-0ZzteEyZprHpp5WCLzV228w",
    "refreshToken": "ed4ba8aa56cd3d40ca78f3cf206a668415a5c8c9449bb2d4e14db19086754490bf8be4ac7acd2ac9",
    "user": {
        "email": "hloyflmqno@ya.ru",
        "name": "IdfoujkkRu"
    }
}
HTTP/1.1 200 OK
Date: Sun, 30 Jun 2024 15:27:56 GMT
Content-Type: application/json; charset=utf-8
Transfer-Encoding: chunked
Connection: keep-alive
X-Powered-By: Express
Access-Control-Allow-Origin: *
ETag: W/"16d-53T37wMosuYS280lq0dIjc9DAyQ"
CF-Cache-Status: DYNAMIC
Report-To: {"endpoints":[{"url":"https:\/\/a.nel.cloudflare.com\/report\/v4?s=mp%2BlQkCcehiqAo9OqqGUyKELOwhVCKZ%2FIhR3kvOAbam3uo3MxtR%2FZZQYgrypbagxTg%2BkOXGMfs9BkZrSKjzd6ClUIHVsgzPuPO3t0q2pm3W4BwlbS%2FIGJ6EMEtjtoXBRZSKhfFfmduMXz6%2FWaWhMxgzkC4Y%3D"}],"group":"cf-nel","max_age":604800}
NEL: {"success_fraction":0,"report_to":"cf-nel","max_age":604800}
Server: cloudflare
CF-RAY: 89bf2eebbd4b65f5-AMS
Content-Encoding: gzip
alt-svc: h3=":443"; ma=86400

{
    "success": true,
    "accessToken": "Bearer eyJhbGciOiJIUzI1NiIsInR5cCI6IkpXVCJ9.eyJpZCI6IjY2ODE3OTdjOWVkMjgwMDAxYjQ1OTYyYSIsImlhdCI6MTcxOTc2MTI3NiwiZXhwIjoxNzE5NzYyNDc2fQ.ky1oc90NkGvdGCmavpL-0ZzteEyZprHpp5WCLzV228w",
    "refreshToken": "ed4ba8aa56cd3d40ca78f3cf206a668415a5c8c9449bb2d4e14db19086754490bf8be4ac7acd2ac9",
    "user": {
        "email": "hloyflmqno@ya.ru",
        "name": "IdfoujkkRu"
    }
}
HTTP/1.1 200 OK
Date: Sun, 30 Jun 2024 15:27:56 GMT
Content-Type: application/json; charset=utf-8
Transfer-Encoding: chunked
Connection: keep-alive
X-Powered-By: Express
Access-Control-Allow-Origin: *
ETag: W/"16d-53T37wMosuYS280lq0dIjc9DAyQ"
CF-Cache-Status: DYNAMIC
Report-To: {"endpoints":[{"url":"https:\/\/a.nel.cloudflare.com\/report\/v4?s=mp%2BlQkCcehiqAo9OqqGUyKELOwhVCKZ%2FIhR3kvOAbam3uo3MxtR%2FZZQYgrypbagxTg%2BkOXGMfs9BkZrSKjzd6ClUIHVsgzPuPO3t0q2pm3W4BwlbS%2FIGJ6EMEtjtoXBRZSKhfFfmduMXz6%2FWaWhMxgzkC4Y%3D"}],"group":"cf-nel","max_age":604800}
NEL: {"success_fraction":0,"report_to":"cf-nel","max_age":604800}
Server: cloudflare
CF-RAY: 89bf2eebbd4b65f5-AMS
Content-Encoding: gzip
alt-svc: h3=":443"; ma=86400

{
    "success": true,
    "accessToken": "Bearer eyJhbGciOiJIUzI1NiIsInR5cCI6IkpXVCJ9.eyJpZCI6IjY2ODE3OTdjOWVkMjgwMDAxYjQ1OTYyYSIsImlhdCI6MTcxOTc2MTI3NiwiZXhwIjoxNzE5NzYyNDc2fQ.ky1oc90NkGvdGCmavpL-0ZzteEyZprHpp5WCLzV228w",
    "refreshToken": "ed4ba8aa56cd3d40ca78f3cf206a668415a5c8c9449bb2d4e14db19086754490bf8be4ac7acd2ac9",
    "user": {
        "email": "hloyflmqno@ya.ru",
        "name": "IdfoujkkRu"
    }
}
HTTP/1.1 200 OK
Date: Sun, 30 Jun 2024 15:27:56 GMT
Content-Type: application/json; charset=utf-8
Transfer-Encoding: chunked
Connection: keep-alive
X-Powered-By: Express
Access-Control-Allow-Origin: *
ETag: W/"16d-53T37wMosuYS280lq0dIjc9DAyQ"
CF-Cache-Status: DYNAMIC
Report-To: {"endpoints":[{"url":"https:\/\/a.nel.cloudflare.com\/report\/v4?s=mp%2BlQkCcehiqAo9OqqGUyKELOwhVCKZ%2FIhR3kvOAbam3uo3MxtR%2FZZQYgrypbagxTg%2BkOXGMfs9BkZrSKjzd6ClUIHVsgzPuPO3t0q2pm3W4BwlbS%2FIGJ6EMEtjtoXBRZSKhfFfmduMXz6%2FWaWhMxgzkC4Y%3D"}],"group":"cf-nel","max_age":604800}
NEL: {"success_fraction":0,"report_to":"cf-nel","max_age":604800}
Server: cloudflare
CF-RAY: 89bf2eebbd4b65f5-AMS
Content-Encoding: gzip
alt-svc: h3=":443"; ma=86400

{
    "success": true,
    "accessToken": "Bearer eyJhbGciOiJIUzI1NiIsInR5cCI6IkpXVCJ9.eyJpZCI6IjY2ODE3OTdjOWVkMjgwMDAxYjQ1OTYyYSIsImlhdCI6MTcxOTc2MTI3NiwiZXhwIjoxNzE5NzYyNDc2fQ.ky1oc90NkGvdGCmavpL-0ZzteEyZprHpp5WCLzV228w",
    "refreshToken": "ed4ba8aa56cd3d40ca78f3cf206a668415a5c8c9449bb2d4e14db19086754490bf8be4ac7acd2ac9",
    "user": {
        "email": "hloyflmqno@ya.ru",
        "name": "IdfoujkkRu"
    }
}
HTTP/1.1 200 OK
Date: Sun, 30 Jun 2024 15:27:56 GMT
Content-Type: application/json; charset=utf-8
Transfer-Encoding: chunked
Connection: keep-alive
X-Powered-By: Express
Access-Control-Allow-Origin: *
ETag: W/"16d-53T37wMosuYS280lq0dIjc9DAyQ"
CF-Cache-Status: DYNAMIC
Report-To: {"endpoints":[{"url":"https:\/\/a.nel.cloudflare.com\/report\/v4?s=mp%2BlQkCcehiqAo9OqqGUyKELOwhVCKZ%2FIhR3kvOAbam3uo3MxtR%2FZZQYgrypbagxTg%2BkOXGMfs9BkZrSKjzd6ClUIHVsgzPuPO3t0q2pm3W4BwlbS%2FIGJ6EMEtjtoXBRZSKhfFfmduMXz6%2FWaWhMxgzkC4Y%3D"}],"group":"cf-nel","max_age":604800}
NEL: {"success_fraction":0,"report_to":"cf-nel","max_age":604800}
Server: cloudflare
CF-RAY: 89bf2eebbd4b65f5-AMS
Content-Encoding: gzip
alt-svc: h3=":443"; ma=86400

{
    "success": true,
    "accessToken": "Bearer eyJhbGciOiJIUzI1NiIsInR5cCI6IkpXVCJ9.eyJpZCI6IjY2ODE3OTdjOWVkMjgwMDAxYjQ1OTYyYSIsImlhdCI6MTcxOTc2MTI3NiwiZXhwIjoxNzE5NzYyNDc2fQ.ky1oc90NkGvdGCmavpL-0ZzteEyZprHpp5WCLzV228w",
    "refreshToken": "ed4ba8aa56cd3d40ca78f3cf206a668415a5c8c9449bb2d4e14db19086754490bf8be4ac7acd2ac9",
    "user": {
        "email": "hloyflmqno@ya.ru",
        "name": "IdfoujkkRu"
    }
}
HTTP/1.1 200 OK
Date: Sun, 30 Jun 2024 15:27:56 GMT
Content-Type: application/json; charset=utf-8
Transfer-Encoding: chunked
Connection: keep-alive
X-Powered-By: Express
Access-Control-Allow-Origin: *
ETag: W/"16d-53T37wMosuYS280lq0dIjc9DAyQ"
CF-Cache-Status: DYNAMIC
Report-To: {"endpoints":[{"url":"https:\/\/a.nel.cloudflare.com\/report\/v4?s=mp%2BlQkCcehiqAo9OqqGUyKELOwhVCKZ%2FIhR3kvOAbam3uo3MxtR%2FZZQYgrypbagxTg%2BkOXGMfs9BkZrSKjzd6ClUIHVsgzPuPO3t0q2pm3W4BwlbS%2FIGJ6EMEtjtoXBRZSKhfFfmduMXz6%2FWaWhMxgzkC4Y%3D"}],"group":"cf-nel","max_age":604800}
NEL: {"success_fraction":0,"report_to":"cf-nel","max_age":604800}
Server: cloudflare
CF-RAY: 89bf2eebbd4b65f5-AMS
Content-Encoding: gzip
alt-svc: h3=":443"; ma=86400

{
    "success": true,
    "accessToken": "Bearer eyJhbGciOiJIUzI1NiIsInR5cCI6IkpXVCJ9.eyJpZCI6IjY2ODE3OTdjOWVkMjgwMDAxYjQ1OTYyYSIsImlhdCI6MTcxOTc2MTI3NiwiZXhwIjoxNzE5NzYyNDc2fQ.ky1oc90NkGvdGCmavpL-0ZzteEyZprHpp5WCLzV228w",
    "refreshToken": "ed4ba8aa56cd3d40ca78f3cf206a668415a5c8c9449bb2d4e14db19086754490bf8be4ac7acd2ac9",
    "user": {
        "email": "hloyflmqno@ya.ru",
        "name": "IdfoujkkRu"
    }
}
HTTP/1.1 200 OK
Date: Sun, 30 Jun 2024 15:27:56 GMT
Content-Type: application/json; charset=utf-8
Transfer-Encoding: chunked
Connection: keep-alive
X-Powered-By: Express
Access-Control-Allow-Origin: *
ETag: W/"16d-53T37wMosuYS280lq0dIjc9DAyQ"
CF-Cache-Status: DYNAMIC
Report-To: {"endpoints":[{"url":"https:\/\/a.nel.cloudflare.com\/report\/v4?s=mp%2BlQkCcehiqAo9OqqGUyKELOwhVCKZ%2FIhR3kvOAbam3uo3MxtR%2FZZQYgrypbagxTg%2BkOXGMfs9BkZrSKjzd6ClUIHVsgzPuPO3t0q2pm3W4BwlbS%2FIGJ6EMEtjtoXBRZSKhfFfmduMXz6%2FWaWhMxgzkC4Y%3D"}],"group":"cf-nel","max_age":604800}
NEL: {"success_fraction":0,"report_to":"cf-nel","max_age":604800}
Server: cloudflare
CF-RAY: 89bf2eebbd4b65f5-AMS
Content-Encoding: gzip
alt-svc: h3=":443"; ma=86400

{
    "success": true,
    "accessToken": "Bearer eyJhbGciOiJIUzI1NiIsInR5cCI6IkpXVCJ9.eyJpZCI6IjY2ODE3OTdjOWVkMjgwMDAxYjQ1OTYyYSIsImlhdCI6MTcxOTc2MTI3NiwiZXhwIjoxNzE5NzYyNDc2fQ.ky1oc90NkGvdGCmavpL-0ZzteEyZprHpp5WCLzV228w",
    "refreshToken": "ed4ba8aa56cd3d40ca78f3cf206a668415a5c8c9449bb2d4e14db19086754490bf8be4ac7acd2ac9",
    "user": {
        "email": "hloyflmqno@ya.ru",
        "name": "IdfoujkkRu"
    }
}
HTTP/1.1 200 OK
Date: Sun, 30 Jun 2024 15:27:56 GMT
Content-Type: application/json; charset=utf-8
Transfer-Encoding: chunked
Connection: keep-alive
X-Powered-By: Express
Access-Control-Allow-Origin: *
ETag: W/"16d-53T37wMosuYS280lq0dIjc9DAyQ"
CF-Cache-Status: DYNAMIC
Report-To: {"endpoints":[{"url":"https:\/\/a.nel.cloudflare.com\/report\/v4?s=mp%2BlQkCcehiqAo9OqqGUyKELOwhVCKZ%2FIhR3kvOAbam3uo3MxtR%2FZZQYgrypbagxTg%2BkOXGMfs9BkZrSKjzd6ClUIHVsgzPuPO3t0q2pm3W4BwlbS%2FIGJ6EMEtjtoXBRZSKhfFfmduMXz6%2FWaWhMxgzkC4Y%3D"}],"group":"cf-nel","max_age":604800}
NEL: {"success_fraction":0,"report_to":"cf-nel","max_age":604800}
Server: cloudflare
CF-RAY: 89bf2eebbd4b65f5-AMS
Content-Encoding: gzip
alt-svc: h3=":443"; ma=86400

{
    "success": true,
    "accessToken": "Bearer eyJhbGciOiJIUzI1NiIsInR5cCI6IkpXVCJ9.eyJpZCI6IjY2ODE3OTdjOWVkMjgwMDAxYjQ1OTYyYSIsImlhdCI6MTcxOTc2MTI3NiwiZXhwIjoxNzE5NzYyNDc2fQ.ky1oc90NkGvdGCmavpL-0ZzteEyZprHpp5WCLzV228w",
    "refreshToken": "ed4ba8aa56cd3d40ca78f3cf206a668415a5c8c9449bb2d4e14db19086754490bf8be4ac7acd2ac9",
    "user": {
        "email": "hloyflmqno@ya.ru",
        "name": "IdfoujkkRu"
    }
}
HTTP/1.1 200 OK
Date: Sun, 30 Jun 2024 15:27:56 GMT
Content-Type: application/json; charset=utf-8
Transfer-Encoding: chunked
Connection: keep-alive
X-Powered-By: Express
Access-Control-Allow-Origin: *
ETag: W/"16d-53T37wMosuYS280lq0dIjc9DAyQ"
CF-Cache-Status: DYNAMIC
Report-To: {"endpoints":[{"url":"https:\/\/a.nel.cloudflare.com\/report\/v4?s=mp%2BlQkCcehiqAo9OqqGUyKELOwhVCKZ%2FIhR3kvOAbam3uo3MxtR%2FZZQYgrypbagxTg%2BkOXGMfs9BkZrSKjzd6ClUIHVsgzPuPO3t0q2pm3W4BwlbS%2FIGJ6EMEtjtoXBRZSKhfFfmduMXz6%2FWaWhMxgzkC4Y%3D"}],"group":"cf-nel","max_age":604800}
NEL: {"success_fraction":0,"report_to":"cf-nel","max_age":604800}
Server: cloudflare
CF-RAY: 89bf2eebbd4b65f5-AMS
Content-Encoding: gzip
alt-svc: h3=":443"; ma=86400

{
    "success": true,
    "accessToken": "Bearer eyJhbGciOiJIUzI1NiIsInR5cCI6IkpXVCJ9.eyJpZCI6IjY2ODE3OTdjOWVkMjgwMDAxYjQ1OTYyYSIsImlhdCI6MTcxOTc2MTI3NiwiZXhwIjoxNzE5NzYyNDc2fQ.ky1oc90NkGvdGCmavpL-0ZzteEyZprHpp5WCLzV228w",
    "refreshToken": "ed4ba8aa56cd3d40ca78f3cf206a668415a5c8c9449bb2d4e14db19086754490bf8be4ac7acd2ac9",
    "user": {
        "email": "hloyflmqno@ya.ru",
        "name": "IdfoujkkRu"
    }
}
HTTP/1.1 200 OK
Date: Sun, 30 Jun 2024 15:27:56 GMT
Content-Type: application/json; charset=utf-8
Transfer-Encoding: chunked
Connection: keep-alive
X-Powered-By: Express
Access-Control-Allow-Origin: *
ETag: W/"16d-53T37wMosuYS280lq0dIjc9DAyQ"
CF-Cache-Status: DYNAMIC
Report-To: {"endpoints":[{"url":"https:\/\/a.nel.cloudflare.com\/report\/v4?s=mp%2BlQkCcehiqAo9OqqGUyKELOwhVCKZ%2FIhR3kvOAbam3uo3MxtR%2FZZQYgrypbagxTg%2BkOXGMfs9BkZrSKjzd6ClUIHVsgzPuPO3t0q2pm3W4BwlbS%2FIGJ6EMEtjtoXBRZSKhfFfmduMXz6%2FWaWhMxgzkC4Y%3D"}],"group":"cf-nel","max_age":604800}
NEL: {"success_fraction":0,"report_to":"cf-nel","max_age":604800}
Server: cloudflare
CF-RAY: 89bf2eebbd4b65f5-AMS
Content-Encoding: gzip
alt-svc: h3=":443"; ma=86400

{
    "success": true,
    "accessToken": "Bearer eyJhbGciOiJIUzI1NiIsInR5cCI6IkpXVCJ9.eyJpZCI6IjY2ODE3OTdjOWVkMjgwMDAxYjQ1OTYyYSIsImlhdCI6MTcxOTc2MTI3NiwiZXhwIjoxNzE5NzYyNDc2fQ.ky1oc90NkGvdGCmavpL-0ZzteEyZprHpp5WCLzV228w",
    "refreshToken": "ed4ba8aa56cd3d40ca78f3cf206a668415a5c8c9449bb2d4e14db19086754490bf8be4ac7acd2ac9",
    "user": {
        "email": "hloyflmqno@ya.ru",
        "name": "IdfoujkkRu"
    }
}
HTTP/1.1 200 OK
Date: Sun, 30 Jun 2024 15:27:56 GMT
Content-Type: application/json; charset=utf-8
Transfer-Encoding: chunked
Connection: keep-alive
X-Powered-By: Express
Access-Control-Allow-Origin: *
ETag: W/"16d-53T37wMosuYS280lq0dIjc9DAyQ"
CF-Cache-Status: DYNAMIC
Report-To: {"endpoints":[{"url":"https:\/\/a.nel.cloudflare.com\/report\/v4?s=mp%2BlQkCcehiqAo9OqqGUyKELOwhVCKZ%2FIhR3kvOAbam3uo3MxtR%2FZZQYgrypbagxTg%2BkOXGMfs9BkZrSKjzd6ClUIHVsgzPuPO3t0q2pm3W4BwlbS%2FIGJ6EMEtjtoXBRZSKhfFfmduMXz6%2FWaWhMxgzkC4Y%3D"}],"group":"cf-nel","max_age":604800}
NEL: {"success_fraction":0,"report_to":"cf-nel","max_age":604800}
Server: cloudflare
CF-RAY: 89bf2eebbd4b65f5-AMS
Content-Encoding: gzip
alt-svc: h3=":443"; ma=86400

{
    "success": true,
    "accessToken": "Bearer eyJhbGciOiJIUzI1NiIsInR5cCI6IkpXVCJ9.eyJpZCI6IjY2ODE3OTdjOWVkMjgwMDAxYjQ1OTYyYSIsImlhdCI6MTcxOTc2MTI3NiwiZXhwIjoxNzE5NzYyNDc2fQ.ky1oc90NkGvdGCmavpL-0ZzteEyZprHpp5WCLzV228w",
    "refreshToken": "ed4ba8aa56cd3d40ca78f3cf206a668415a5c8c9449bb2d4e14db19086754490bf8be4ac7acd2ac9",
    "user": {
        "email": "hloyflmqno@ya.ru",
        "name": "IdfoujkkRu"
    }
}
HTTP/1.1 200 OK
Date: Sun, 30 Jun 2024 15:27:56 GMT
Content-Type: application/json; charset=utf-8
Transfer-Encoding: chunked
Connection: keep-alive
X-Powered-By: Express
Access-Control-Allow-Origin: *
ETag: W/"16d-53T37wMosuYS280lq0dIjc9DAyQ"
CF-Cache-Status: DYNAMIC
Report-To: {"endpoints":[{"url":"https:\/\/a.nel.cloudflare.com\/report\/v4?s=mp%2BlQkCcehiqAo9OqqGUyKELOwhVCKZ%2FIhR3kvOAbam3uo3MxtR%2FZZQYgrypbagxTg%2BkOXGMfs9BkZrSKjzd6ClUIHVsgzPuPO3t0q2pm3W4BwlbS%2FIGJ6EMEtjtoXBRZSKhfFfmduMXz6%2FWaWhMxgzkC4Y%3D"}],"group":"cf-nel","max_age":604800}
NEL: {"success_fraction":0,"report_to":"cf-nel","max_age":604800}
Server: cloudflare
CF-RAY: 89bf2eebbd4b65f5-AMS
Content-Encoding: gzip
alt-svc: h3=":443"; ma=86400

{
    "success": true,
    "accessToken": "Bearer eyJhbGciOiJIUzI1NiIsInR5cCI6IkpXVCJ9.eyJpZCI6IjY2ODE3OTdjOWVkMjgwMDAxYjQ1OTYyYSIsImlhdCI6MTcxOTc2MTI3NiwiZXhwIjoxNzE5NzYyNDc2fQ.ky1oc90NkGvdGCmavpL-0ZzteEyZprHpp5WCLzV228w",
    "refreshToken": "ed4ba8aa56cd3d40ca78f3cf206a668415a5c8c9449bb2d4e14db19086754490bf8be4ac7acd2ac9",
    "user": {
        "email": "hloyflmqno@ya.ru",
        "name": "IdfoujkkRu"
    }
}
HTTP/1.1 200 OK
Date: Sun, 30 Jun 2024 15:27:56 GMT
Content-Type: application/json; charset=utf-8
Transfer-Encoding: chunked
Connection: keep-alive
X-Powered-By: Express
Access-Control-Allow-Origin: *
ETag: W/"16d-53T37wMosuYS280lq0dIjc9DAyQ"
CF-Cache-Status: DYNAMIC
Report-To: {"endpoints":[{"url":"https:\/\/a.nel.cloudflare.com\/report\/v4?s=mp%2BlQkCcehiqAo9OqqGUyKELOwhVCKZ%2FIhR3kvOAbam3uo3MxtR%2FZZQYgrypbagxTg%2BkOXGMfs9BkZrSKjzd6ClUIHVsgzPuPO3t0q2pm3W4BwlbS%2FIGJ6EMEtjtoXBRZSKhfFfmduMXz6%2FWaWhMxgzkC4Y%3D"}],"group":"cf-nel","max_age":604800}
NEL: {"success_fraction":0,"report_to":"cf-nel","max_age":604800}
Server: cloudflare
CF-RAY: 89bf2eebbd4b65f5-AMS
Content-Encoding: gzip
alt-svc: h3=":443"; ma=86400

{
    "success": true,
    "accessToken": "Bearer eyJhbGciOiJIUzI1NiIsInR5cCI6IkpXVCJ9.eyJpZCI6IjY2ODE3OTdjOWVkMjgwMDAxYjQ1OTYyYSIsImlhdCI6MTcxOTc2MTI3NiwiZXhwIjoxNzE5NzYyNDc2fQ.ky1oc90NkGvdGCmavpL-0ZzteEyZprHpp5WCLzV228w",
    "refreshToken": "ed4ba8aa56cd3d40ca78f3cf206a668415a5c8c9449bb2d4e14db19086754490bf8be4ac7acd2ac9",
    "user": {
        "email": "hloyflmqno@ya.ru",
        "name": "IdfoujkkRu"
    }
}
HTTP/1.1 200 OK
Date: Sun, 30 Jun 2024 15:27:56 GMT
Content-Type: application/json; charset=utf-8
Transfer-Encoding: chunked
Connection: keep-alive
X-Powered-By: Express
Access-Control-Allow-Origin: *
ETag: W/"16d-53T37wMosuYS280lq0dIjc9DAyQ"
CF-Cache-Status: DYNAMIC
Report-To: {"endpoints":[{"url":"https:\/\/a.nel.cloudflare.com\/report\/v4?s=mp%2BlQkCcehiqAo9OqqGUyKELOwhVCKZ%2FIhR3kvOAbam3uo3MxtR%2FZZQYgrypbagxTg%2BkOXGMfs9BkZrSKjzd6ClUIHVsgzPuPO3t0q2pm3W4BwlbS%2FIGJ6EMEtjtoXBRZSKhfFfmduMXz6%2FWaWhMxgzkC4Y%3D"}],"group":"cf-nel","max_age":604800}
NEL: {"success_fraction":0,"report_to":"cf-nel","max_age":604800}
Server: cloudflare
CF-RAY: 89bf2eebbd4b65f5-AMS
Content-Encoding: gzip
alt-svc: h3=":443"; ma=86400

{
    "success": true,
    "accessToken": "Bearer eyJhbGciOiJIUzI1NiIsInR5cCI6IkpXVCJ9.eyJpZCI6IjY2ODE3OTdjOWVkMjgwMDAxYjQ1OTYyYSIsImlhdCI6MTcxOTc2MTI3NiwiZXhwIjoxNzE5NzYyNDc2fQ.ky1oc90NkGvdGCmavpL-0ZzteEyZprHpp5WCLzV228w",
    "refreshToken": "ed4ba8aa56cd3d40ca78f3cf206a668415a5c8c9449bb2d4e14db19086754490bf8be4ac7acd2ac9",
    "user": {
        "email": "hloyflmqno@ya.ru",
        "name": "IdfoujkkRu"
    }
}
HTTP/1.1 200 OK
Date: Sun, 30 Jun 2024 15:27:56 GMT
Content-Type: application/json; charset=utf-8
Transfer-Encoding: chunked
Connection: keep-alive
X-Powered-By: Express
Access-Control-Allow-Origin: *
ETag: W/"16d-53T37wMosuYS280lq0dIjc9DAyQ"
CF-Cache-Status: DYNAMIC
Report-To: {"endpoints":[{"url":"https:\/\/a.nel.cloudflare.com\/report\/v4?s=mp%2BlQkCcehiqAo9OqqGUyKELOwhVCKZ%2FIhR3kvOAbam3uo3MxtR%2FZZQYgrypbagxTg%2BkOXGMfs9BkZrSKjzd6ClUIHVsgzPuPO3t0q2pm3W4BwlbS%2FIGJ6EMEtjtoXBRZSKhfFfmduMXz6%2FWaWhMxgzkC4Y%3D"}],"group":"cf-nel","max_age":604800}
NEL: {"success_fraction":0,"report_to":"cf-nel","max_age":604800}
Server: cloudflare
CF-RAY: 89bf2eebbd4b65f5-AMS
Content-Encoding: gzip
alt-svc: h3=":443"; ma=86400

{
    "success": true,
    "accessToken": "Bearer eyJhbGciOiJIUzI1NiIsInR5cCI6IkpXVCJ9.eyJpZCI6IjY2ODE3OTdjOWVkMjgwMDAxYjQ1OTYyYSIsImlhdCI6MTcxOTc2MTI3NiwiZXhwIjoxNzE5NzYyNDc2fQ.ky1oc90NkGvdGCmavpL-0ZzteEyZprHpp5WCLzV228w",
    "refreshToken": "ed4ba8aa56cd3d40ca78f3cf206a668415a5c8c9449bb2d4e14db19086754490bf8be4ac7acd2ac9",
    "user": {
        "email": "hloyflmqno@ya.ru",
        "name": "IdfoujkkRu"
    }
}
HTTP/1.1 200 OK
Date: Sun, 30 Jun 2024 15:27:56 GMT
Content-Type: application/json; charset=utf-8
Transfer-Encoding: chunked
Connection: keep-alive
X-Powered-By: Express
Access-Control-Allow-Origin: *
ETag: W/"16d-53T37wMosuYS280lq0dIjc9DAyQ"
CF-Cache-Status: DYNAMIC
Report-To: {"endpoints":[{"url":"https:\/\/a.nel.cloudflare.com\/report\/v4?s=mp%2BlQkCcehiqAo9OqqGUyKELOwhVCKZ%2FIhR3kvOAbam3uo3MxtR%2FZZQYgrypbagxTg%2BkOXGMfs9BkZrSKjzd6ClUIHVsgzPuPO3t0q2pm3W4BwlbS%2FIGJ6EMEtjtoXBRZSKhfFfmduMXz6%2FWaWhMxgzkC4Y%3D"}],"group":"cf-nel","max_age":604800}
NEL: {"success_fraction":0,"report_to":"cf-nel","max_age":604800}
Server: cloudflare
CF-RAY: 89bf2eebbd4b65f5-AMS
Content-Encoding: gzip
alt-svc: h3=":443"; ma=86400

{
    "success": true,
    "accessToken": "Bearer eyJhbGciOiJIUzI1NiIsInR5cCI6IkpXVCJ9.eyJpZCI6IjY2ODE3OTdjOWVkMjgwMDAxYjQ1OTYyYSIsImlhdCI6MTcxOTc2MTI3NiwiZXhwIjoxNzE5NzYyNDc2fQ.ky1oc90NkGvdGCmavpL-0ZzteEyZprHpp5WCLzV228w",
    "refreshToken": "ed4ba8aa56cd3d40ca78f3cf206a668415a5c8c9449bb2d4e14db19086754490bf8be4ac7acd2ac9",
    "user": {
        "email": "hloyflmqno@ya.ru",
        "name": "IdfoujkkRu"
    }
}
HTTP/1.1 200 OK
Date: Sun, 30 Jun 2024 15:27:56 GMT
Content-Type: application/json; charset=utf-8
Transfer-Encoding: chunked
Connection: keep-alive
X-Powered-By: Express
Access-Control-Allow-Origin: *
ETag: W/"16d-53T37wMosuYS280lq0dIjc9DAyQ"
CF-Cache-Status: DYNAMIC
Report-To: {"endpoints":[{"url":"https:\/\/a.nel.cloudflare.com\/report\/v4?s=mp%2BlQkCcehiqAo9OqqGUyKELOwhVCKZ%2FIhR3kvOAbam3uo3MxtR%2FZZQYgrypbagxTg%2BkOXGMfs9BkZrSKjzd6ClUIHVsgzPuPO3t0q2pm3W4BwlbS%2FIGJ6EMEtjtoXBRZSKhfFfmduMXz6%2FWaWhMxgzkC4Y%3D"}],"group":"cf-nel","max_age":604800}
NEL: {"success_fraction":0,"report_to":"cf-nel","max_age":604800}
Server: cloudflare
CF-RAY: 89bf2eebbd4b65f5-AMS
Content-Encoding: gzip
alt-svc: h3=":443"; ma=86400

{
    "success": true,
    "accessToken": "Bearer eyJhbGciOiJIUzI1NiIsInR5cCI6IkpXVCJ9.eyJpZCI6IjY2ODE3OTdjOWVkMjgwMDAxYjQ1OTYyYSIsImlhdCI6MTcxOTc2MTI3NiwiZXhwIjoxNzE5NzYyNDc2fQ.ky1oc90NkGvdGCmavpL-0ZzteEyZprHpp5WCLzV228w",
    "refreshToken": "ed4ba8aa56cd3d40ca78f3cf206a668415a5c8c9449bb2d4e14db19086754490bf8be4ac7acd2ac9",
    "user": {
        "email": "hloyflmqno@ya.ru",
        "name": "IdfoujkkRu"
    }
}
HTTP/1.1 200 OK
Date: Sun, 30 Jun 2024 15:27:56 GMT
Content-Type: application/json; charset=utf-8
Transfer-Encoding: chunked
Connection: keep-alive
X-Powered-By: Express
Access-Control-Allow-Origin: *
ETag: W/"16d-53T37wMosuYS280lq0dIjc9DAyQ"
CF-Cache-Status: DYNAMIC
Report-To: {"endpoints":[{"url":"https:\/\/a.nel.cloudflare.com\/report\/v4?s=mp%2BlQkCcehiqAo9OqqGUyKELOwhVCKZ%2FIhR3kvOAbam3uo3MxtR%2FZZQYgrypbagxTg%2BkOXGMfs9BkZrSKjzd6ClUIHVsgzPuPO3t0q2pm3W4BwlbS%2FIGJ6EMEtjtoXBRZSKhfFfmduMXz6%2FWaWhMxgzkC4Y%3D"}],"group":"cf-nel","max_age":604800}
NEL: {"success_fraction":0,"report_to":"cf-nel","max_age":604800}
Server: cloudflare
CF-RAY: 89bf2eebbd4b65f5-AMS
Content-Encoding: gzip
alt-svc: h3=":443"; ma=86400

{
    "success": true,
    "accessToken": "Bearer eyJhbGciOiJIUzI1NiIsInR5cCI6IkpXVCJ9.eyJpZCI6IjY2ODE3OTdjOWVkMjgwMDAxYjQ1OTYyYSIsImlhdCI6MTcxOTc2MTI3NiwiZXhwIjoxNzE5NzYyNDc2fQ.ky1oc90NkGvdGCmavpL-0ZzteEyZprHpp5WCLzV228w",
    "refreshToken": "ed4ba8aa56cd3d40ca78f3cf206a668415a5c8c9449bb2d4e14db19086754490bf8be4ac7acd2ac9",
    "user": {
        "email": "hloyflmqno@ya.ru",
        "name": "IdfoujkkRu"
    }
}
HTTP/1.1 200 OK
Date: Sun, 30 Jun 2024 15:27:56 GMT
Content-Type: application/json; charset=utf-8
Transfer-Encoding: chunked
Connection: keep-alive
X-Powered-By: Express
Access-Control-Allow-Origin: *
ETag: W/"16d-53T37wMosuYS280lq0dIjc9DAyQ"
CF-Cache-Status: DYNAMIC
Report-To: {"endpoints":[{"url":"https:\/\/a.nel.cloudflare.com\/report\/v4?s=mp%2BlQkCcehiqAo9OqqGUyKELOwhVCKZ%2FIhR3kvOAbam3uo3MxtR%2FZZQYgrypbagxTg%2BkOXGMfs9BkZrSKjzd6ClUIHVsgzPuPO3t0q2pm3W4BwlbS%2FIGJ6EMEtjtoXBRZSKhfFfmduMXz6%2FWaWhMxgzkC4Y%3D"}],"group":"cf-nel","max_age":604800}
NEL: {"success_fraction":0,"report_to":"cf-nel","max_age":604800}
Server: cloudflare
CF-RAY: 89bf2eebbd4b65f5-AMS
Content-Encoding: gzip
alt-svc: h3=":443"; ma=86400

{
    "success": true,
    "accessToken": "Bearer eyJhbGciOiJIUzI1NiIsInR5cCI6IkpXVCJ9.eyJpZCI6IjY2ODE3OTdjOWVkMjgwMDAxYjQ1OTYyYSIsImlhdCI6MTcxOTc2MTI3NiwiZXhwIjoxNzE5NzYyNDc2fQ.ky1oc90NkGvdGCmavpL-0ZzteEyZprHpp5WCLzV228w",
    "refreshToken": "ed4ba8aa56cd3d40ca78f3cf206a668415a5c8c9449bb2d4e14db19086754490bf8be4ac7acd2ac9",
    "user": {
        "email": "hloyflmqno@ya.ru",
        "name": "IdfoujkkRu"
    }
}
HTTP/1.1 200 OK
Date: Sun, 30 Jun 2024 15:27:56 GMT
Content-Type: application/json; charset=utf-8
Transfer-Encoding: chunked
Connection: keep-alive
X-Powered-By: Express
Access-Control-Allow-Origin: *
ETag: W/"16d-53T37wMosuYS280lq0dIjc9DAyQ"
CF-Cache-Status: DYNAMIC
Report-To: {"endpoints":[{"url":"https:\/\/a.nel.cloudflare.com\/report\/v4?s=mp%2BlQkCcehiqAo9OqqGUyKELOwhVCKZ%2FIhR3kvOAbam3uo3MxtR%2FZZQYgrypbagxTg%2BkOXGMfs9BkZrSKjzd6ClUIHVsgzPuPO3t0q2pm3W4BwlbS%2FIGJ6EMEtjtoXBRZSKhfFfmduMXz6%2FWaWhMxgzkC4Y%3D"}],"group":"cf-nel","max_age":604800}
NEL: {"success_fraction":0,"report_to":"cf-nel","max_age":604800}
Server: cloudflare
CF-RAY: 89bf2eebbd4b65f5-AMS
Content-Encoding: gzip
alt-svc: h3=":443"; ma=86400

{
    "success": true,
    "accessToken": "Bearer eyJhbGciOiJIUzI1NiIsInR5cCI6IkpXVCJ9.eyJpZCI6IjY2ODE3OTdjOWVkMjgwMDAxYjQ1OTYyYSIsImlhdCI6MTcxOTc2MTI3NiwiZXhwIjoxNzE5NzYyNDc2fQ.ky1oc90NkGvdGCmavpL-0ZzteEyZprHpp5WCLzV228w",
    "refreshToken": "ed4ba8aa56cd3d40ca78f3cf206a668415a5c8c9449bb2d4e14db19086754490bf8be4ac7acd2ac9",
    "user": {
        "email": "hloyflmqno@ya.ru",
        "name": "IdfoujkkRu"
    }
}
HTTP/1.1 200 OK
Date: Sun, 30 Jun 2024 15:27:56 GMT
Content-Type: application/json; charset=utf-8
Transfer-Encoding: chunked
Connection: keep-alive
X-Powered-By: Express
Access-Control-Allow-Origin: *
ETag: W/"16d-53T37wMosuYS280lq0dIjc9DAyQ"
CF-Cache-Status: DYNAMIC
Report-To: {"endpoints":[{"url":"https:\/\/a.nel.cloudflare.com\/report\/v4?s=mp%2BlQkCcehiqAo9OqqGUyKELOwhVCKZ%2FIhR3kvOAbam3uo3MxtR%2FZZQYgrypbagxTg%2BkOXGMfs9BkZrSKjzd6ClUIHVsgzPuPO3t0q2pm3W4BwlbS%2FIGJ6EMEtjtoXBRZSKhfFfmduMXz6%2FWaWhMxgzkC4Y%3D"}],"group":"cf-nel","max_age":604800}
NEL: {"success_fraction":0,"report_to":"cf-nel","max_age":604800}
Server: cloudflare
CF-RAY: 89bf2eebbd4b65f5-AMS
Content-Encoding: gzip
alt-svc: h3=":443"; ma=86400

{
    "success": true,
    "accessToken": "Bearer eyJhbGciOiJIUzI1NiIsInR5cCI6IkpXVCJ9.eyJpZCI6IjY2ODE3OTdjOWVkMjgwMDAxYjQ1OTYyYSIsImlhdCI6MTcxOTc2MTI3NiwiZXhwIjoxNzE5NzYyNDc2fQ.ky1oc90NkGvdGCmavpL-0ZzteEyZprHpp5WCLzV228w",
    "refreshToken": "ed4ba8aa56cd3d40ca78f3cf206a668415a5c8c9449bb2d4e14db19086754490bf8be4ac7acd2ac9",
    "user": {
        "email": "hloyflmqno@ya.ru",
        "name": "IdfoujkkRu"
    }
}
HTTP/1.1 200 OK
Date: Sun, 30 Jun 2024 15:27:56 GMT
Content-Type: application/json; charset=utf-8
Transfer-Encoding: chunked
Connection: keep-alive
X-Powered-By: Express
Access-Control-Allow-Origin: *
ETag: W/"16d-53T37wMosuYS280lq0dIjc9DAyQ"
CF-Cache-Status: DYNAMIC
Report-To: {"endpoints":[{"url":"https:\/\/a.nel.cloudflare.com\/report\/v4?s=mp%2BlQkCcehiqAo9OqqGUyKELOwhVCKZ%2FIhR3kvOAbam3uo3MxtR%2FZZQYgrypbagxTg%2BkOXGMfs9BkZrSKjzd6ClUIHVsgzPuPO3t0q2pm3W4BwlbS%2FIGJ6EMEtjtoXBRZSKhfFfmduMXz6%2FWaWhMxgzkC4Y%3D"}],"group":"cf-nel","max_age":604800}
NEL: {"success_fraction":0,"report_to":"cf-nel","max_age":604800}
Server: cloudflare
CF-RAY: 89bf2eebbd4b65f5-AMS
Content-Encoding: gzip
alt-svc: h3=":443"; ma=86400

{
    "success": true,
    "accessToken": "Bearer eyJhbGciOiJIUzI1NiIsInR5cCI6IkpXVCJ9.eyJpZCI6IjY2ODE3OTdjOWVkMjgwMDAxYjQ1OTYyYSIsImlhdCI6MTcxOTc2MTI3NiwiZXhwIjoxNzE5NzYyNDc2fQ.ky1oc90NkGvdGCmavpL-0ZzteEyZprHpp5WCLzV228w",
    "refreshToken": "ed4ba8aa56cd3d40ca78f3cf206a668415a5c8c9449bb2d4e14db19086754490bf8be4ac7acd2ac9",
    "user": {
        "email": "hloyflmqno@ya.ru",
        "name": "IdfoujkkRu"
    }
}
HTTP/1.1 200 OK
Date: Sun, 30 Jun 2024 15:27:56 GMT
Content-Type: application/json; charset=utf-8
Transfer-Encoding: chunked
Connection: keep-alive
X-Powered-By: Express
Access-Control-Allow-Origin: *
ETag: W/"16d-53T37wMosuYS280lq0dIjc9DAyQ"
CF-Cache-Status: DYNAMIC
Report-To: {"endpoints":[{"url":"https:\/\/a.nel.cloudflare.com\/report\/v4?s=mp%2BlQkCcehiqAo9OqqGUyKELOwhVCKZ%2FIhR3kvOAbam3uo3MxtR%2FZZQYgrypbagxTg%2BkOXGMfs9BkZrSKjzd6ClUIHVsgzPuPO3t0q2pm3W4BwlbS%2FIGJ6EMEtjtoXBRZSKhfFfmduMXz6%2FWaWhMxgzkC4Y%3D"}],"group":"cf-nel","max_age":604800}
NEL: {"success_fraction":0,"report_to":"cf-nel","max_age":604800}
Server: cloudflare
CF-RAY: 89bf2eebbd4b65f5-AMS
Content-Encoding: gzip
alt-svc: h3=":443"; ma=86400

{
    "success": true,
    "accessToken": "Bearer eyJhbGciOiJIUzI1NiIsInR5cCI6IkpXVCJ9.eyJpZCI6IjY2ODE3OTdjOWVkMjgwMDAxYjQ1OTYyYSIsImlhdCI6MTcxOTc2MTI3NiwiZXhwIjoxNzE5NzYyNDc2fQ.ky1oc90NkGvdGCmavpL-0ZzteEyZprHpp5WCLzV228w",
    "refreshToken": "ed4ba8aa56cd3d40ca78f3cf206a668415a5c8c9449bb2d4e14db19086754490bf8be4ac7acd2ac9",
    "user": {
        "email": "hloyflmqno@ya.ru",
        "name": "IdfoujkkRu"
    }
}
HTTP/1.1 200 OK
Date: Sun, 30 Jun 2024 15:27:56 GMT
Content-Type: application/json; charset=utf-8
Transfer-Encoding: chunked
Connection: keep-alive
X-Powered-By: Express
Access-Control-Allow-Origin: *
ETag: W/"16d-53T37wMosuYS280lq0dIjc9DAyQ"
CF-Cache-Status: DYNAMIC
Report-To: {"endpoints":[{"url":"https:\/\/a.nel.cloudflare.com\/report\/v4?s=mp%2BlQkCcehiqAo9OqqGUyKELOwhVCKZ%2FIhR3kvOAbam3uo3MxtR%2FZZQYgrypbagxTg%2BkOXGMfs9BkZrSKjzd6ClUIHVsgzPuPO3t0q2pm3W4BwlbS%2FIGJ6EMEtjtoXBRZSKhfFfmduMXz6%2FWaWhMxgzkC4Y%3D"}],"group":"cf-nel","max_age":604800}
NEL: {"success_fraction":0,"report_to":"cf-nel","max_age":604800}
Server: cloudflare
CF-RAY: 89bf2eebbd4b65f5-AMS
Content-Encoding: gzip
alt-svc: h3=":443"; ma=86400

{
    "success": true,
    "accessToken": "Bearer eyJhbGciOiJIUzI1NiIsInR5cCI6IkpXVCJ9.eyJpZCI6IjY2ODE3OTdjOWVkMjgwMDAxYjQ1OTYyYSIsImlhdCI6MTcxOTc2MTI3NiwiZXhwIjoxNzE5NzYyNDc2fQ.ky1oc90NkGvdGCmavpL-0ZzteEyZprHpp5WCLzV228w",
    "refreshToken": "ed4ba8aa56cd3d40ca78f3cf206a668415a5c8c9449bb2d4e14db19086754490bf8be4ac7acd2ac9",
    "user": {
        "email": "hloyflmqno@ya.ru",
        "name": "IdfoujkkRu"
    }
}
HTTP/1.1 200 OK
Date: Sun, 30 Jun 2024 15:27:56 GMT
Content-Type: application/json; charset=utf-8
Transfer-Encoding: chunked
Connection: keep-alive
X-Powered-By: Express
Access-Control-Allow-Origin: *
ETag: W/"16d-53T37wMosuYS280lq0dIjc9DAyQ"
CF-Cache-Status: DYNAMIC
Report-To: {"endpoints":[{"url":"https:\/\/a.nel.cloudflare.com\/report\/v4?s=mp%2BlQkCcehiqAo9OqqGUyKELOwhVCKZ%2FIhR3kvOAbam3uo3MxtR%2FZZQYgrypbagxTg%2BkOXGMfs9BkZrSKjzd6ClUIHVsgzPuPO3t0q2pm3W4BwlbS%2FIGJ6EMEtjtoXBRZSKhfFfmduMXz6%2FWaWhMxgzkC4Y%3D"}],"group":"cf-nel","max_age":604800}
NEL: {"success_fraction":0,"report_to":"cf-nel","max_age":604800}
Server: cloudflare
CF-RAY: 89bf2eebbd4b65f5-AMS
Content-Encoding: gzip
alt-svc: h3=":443"; ma=86400

{
    "success": true,
    "accessToken": "Bearer eyJhbGciOiJIUzI1NiIsInR5cCI6IkpXVCJ9.eyJpZCI6IjY2ODE3OTdjOWVkMjgwMDAxYjQ1OTYyYSIsImlhdCI6MTcxOTc2MTI3NiwiZXhwIjoxNzE5NzYyNDc2fQ.ky1oc90NkGvdGCmavpL-0ZzteEyZprHpp5WCLzV228w",
    "refreshToken": "ed4ba8aa56cd3d40ca78f3cf206a668415a5c8c9449bb2d4e14db19086754490bf8be4ac7acd2ac9",
    "user": {
        "email": "hloyflmqno@ya.ru",
        "name": "IdfoujkkRu"
    }
}
HTTP/1.1 200 OK
Date: Sun, 30 Jun 2024 15:27:56 GMT
Content-Type: application/json; charset=utf-8
Transfer-Encoding: chunked
Connection: keep-alive
X-Powered-By: Express
Access-Control-Allow-Origin: *
ETag: W/"16d-53T37wMosuYS280lq0dIjc9DAyQ"
CF-Cache-Status: DYNAMIC
Report-To: {"endpoints":[{"url":"https:\/\/a.nel.cloudflare.com\/report\/v4?s=mp%2BlQkCcehiqAo9OqqGUyKELOwhVCKZ%2FIhR3kvOAbam3uo3MxtR%2FZZQYgrypbagxTg%2BkOXGMfs9BkZrSKjzd6ClUIHVsgzPuPO3t0q2pm3W4BwlbS%2FIGJ6EMEtjtoXBRZSKhfFfmduMXz6%2FWaWhMxgzkC4Y%3D"}],"group":"cf-nel","max_age":604800}
NEL: {"success_fraction":0,"report_to":"cf-nel","max_age":604800}
Server: cloudflare
CF-RAY: 89bf2eebbd4b65f5-AMS
Content-Encoding: gzip
alt-svc: h3=":443"; ma=86400

{
    "success": true,
    "accessToken": "Bearer eyJhbGciOiJIUzI1NiIsInR5cCI6IkpXVCJ9.eyJpZCI6IjY2ODE3OTdjOWVkMjgwMDAxYjQ1OTYyYSIsImlhdCI6MTcxOTc2MTI3NiwiZXhwIjoxNzE5NzYyNDc2fQ.ky1oc90NkGvdGCmavpL-0ZzteEyZprHpp5WCLzV228w",
    "refreshToken": "ed4ba8aa56cd3d40ca78f3cf206a668415a5c8c9449bb2d4e14db19086754490bf8be4ac7acd2ac9",
    "user": {
        "email": "hloyflmqno@ya.ru",
        "name": "IdfoujkkRu"
    }
}
HTTP/1.1 200 OK
Date: Sun, 30 Jun 2024 15:27:56 GMT
Content-Type: application/json; charset=utf-8
Transfer-Encoding: chunked
Connection: keep-alive
X-Powered-By: Express
Access-Control-Allow-Origin: *
ETag: W/"16d-53T37wMosuYS280lq0dIjc9DAyQ"
CF-Cache-Status: DYNAMIC
Report-To: {"endpoints":[{"url":"https:\/\/a.nel.cloudflare.com\/report\/v4?s=mp%2BlQkCcehiqAo9OqqGUyKELOwhVCKZ%2FIhR3kvOAbam3uo3MxtR%2FZZQYgrypbagxTg%2BkOXGMfs9BkZrSKjzd6ClUIHVsgzPuPO3t0q2pm3W4BwlbS%2FIGJ6EMEtjtoXBRZSKhfFfmduMXz6%2FWaWhMxgzkC4Y%3D"}],"group":"cf-nel","max_age":604800}
NEL: {"success_fraction":0,"report_to":"cf-nel","max_age":604800}
Server: cloudflare
CF-RAY: 89bf2eebbd4b65f5-AMS
Content-Encoding: gzip
alt-svc: h3=":443"; ma=86400

{
    "success": true,
    "accessToken": "Bearer eyJhbGciOiJIUzI1NiIsInR5cCI6IkpXVCJ9.eyJpZCI6IjY2ODE3OTdjOWVkMjgwMDAxYjQ1OTYyYSIsImlhdCI6MTcxOTc2MTI3NiwiZXhwIjoxNzE5NzYyNDc2fQ.ky1oc90NkGvdGCmavpL-0ZzteEyZprHpp5WCLzV228w",
    "refreshToken": "ed4ba8aa56cd3d40ca78f3cf206a668415a5c8c9449bb2d4e14db19086754490bf8be4ac7acd2ac9",
    "user": {
        "email": "hloyflmqno@ya.ru",
        "name": "IdfoujkkRu"
    }
}
HTTP/1.1 200 OK
Date: Sun, 30 Jun 2024 15:27:56 GMT
Content-Type: application/json; charset=utf-8
Transfer-Encoding: chunked
Connection: keep-alive
X-Powered-By: Express
Access-Control-Allow-Origin: *
ETag: W/"16d-53T37wMosuYS280lq0dIjc9DAyQ"
CF-Cache-Status: DYNAMIC
Report-To: {"endpoints":[{"url":"https:\/\/a.nel.cloudflare.com\/report\/v4?s=mp%2BlQkCcehiqAo9OqqGUyKELOwhVCKZ%2FIhR3kvOAbam3uo3MxtR%2FZZQYgrypbagxTg%2BkOXGMfs9BkZrSKjzd6ClUIHVsgzPuPO3t0q2pm3W4BwlbS%2FIGJ6EMEtjtoXBRZSKhfFfmduMXz6%2FWaWhMxgzkC4Y%3D"}],"group":"cf-nel","max_age":604800}
NEL: {"success_fraction":0,"report_to":"cf-nel","max_age":604800}
Server: cloudflare
CF-RAY: 89bf2eebbd4b65f5-AMS
Content-Encoding: gzip
alt-svc: h3=":443"; ma=86400

{
    "success": true,
    "accessToken": "Bearer eyJhbGciOiJIUzI1NiIsInR5cCI6IkpXVCJ9.eyJpZCI6IjY2ODE3OTdjOWVkMjgwMDAxYjQ1OTYyYSIsImlhdCI6MTcxOTc2MTI3NiwiZXhwIjoxNzE5NzYyNDc2fQ.ky1oc90NkGvdGCmavpL-0ZzteEyZprHpp5WCLzV228w",
    "refreshToken": "ed4ba8aa56cd3d40ca78f3cf206a668415a5c8c9449bb2d4e14db19086754490bf8be4ac7acd2ac9",
    "user": {
        "email": "hloyflmqno@ya.ru",
        "name": "IdfoujkkRu"
    }
}
HTTP/1.1 200 OK
Date: Sun, 30 Jun 2024 15:27:56 GMT
Content-Type: application/json; charset=utf-8
Transfer-Encoding: chunked
Connection: keep-alive
X-Powered-By: Express
Access-Control-Allow-Origin: *
ETag: W/"16d-53T37wMosuYS280lq0dIjc9DAyQ"
CF-Cache-Status: DYNAMIC
Report-To: {"endpoints":[{"url":"https:\/\/a.nel.cloudflare.com\/report\/v4?s=mp%2BlQkCcehiqAo9OqqGUyKELOwhVCKZ%2FIhR3kvOAbam3uo3MxtR%2FZZQYgrypbagxTg%2BkOXGMfs9BkZrSKjzd6ClUIHVsgzPuPO3t0q2pm3W4BwlbS%2FIGJ6EMEtjtoXBRZSKhfFfmduMXz6%2FWaWhMxgzkC4Y%3D"}],"group":"cf-nel","max_age":604800}
NEL: {"success_fraction":0,"report_to":"cf-nel","max_age":604800}
Server: cloudflare
CF-RAY: 89bf2eebbd4b65f5-AMS
Content-Encoding: gzip
alt-svc: h3=":443"; ma=86400

{
    "success": true,
    "accessToken": "Bearer eyJhbGciOiJIUzI1NiIsInR5cCI6IkpXVCJ9.eyJpZCI6IjY2ODE3OTdjOWVkMjgwMDAxYjQ1OTYyYSIsImlhdCI6MTcxOTc2MTI3NiwiZXhwIjoxNzE5NzYyNDc2fQ.ky1oc90NkGvdGCmavpL-0ZzteEyZprHpp5WCLzV228w",
    "refreshToken": "ed4ba8aa56cd3d40ca78f3cf206a668415a5c8c9449bb2d4e14db19086754490bf8be4ac7acd2ac9",
    "user": {
        "email": "hloyflmqno@ya.ru",
        "name": "IdfoujkkRu"
    }
}
HTTP/1.1 200 OK
Date: Sun, 30 Jun 2024 15:27:56 GMT
Content-Type: application/json; charset=utf-8
Transfer-Encoding: chunked
Connection: keep-alive
X-Powered-By: Express
Access-Control-Allow-Origin: *
ETag: W/"16d-53T37wMosuYS280lq0dIjc9DAyQ"
CF-Cache-Status: DYNAMIC
Report-To: {"endpoints":[{"url":"https:\/\/a.nel.cloudflare.com\/report\/v4?s=mp%2BlQkCcehiqAo9OqqGUyKELOwhVCKZ%2FIhR3kvOAbam3uo3MxtR%2FZZQYgrypbagxTg%2BkOXGMfs9BkZrSKjzd6ClUIHVsgzPuPO3t0q2pm3W4BwlbS%2FIGJ6EMEtjtoXBRZSKhfFfmduMXz6%2FWaWhMxgzkC4Y%3D"}],"group":"cf-nel","max_age":604800}
NEL: {"success_fraction":0,"report_to":"cf-nel","max_age":604800}
Server: cloudflare
CF-RAY: 89bf2eebbd4b65f5-AMS
Content-Encoding: gzip
alt-svc: h3=":443"; ma=86400

{
    "success": true,
    "accessToken": "Bearer eyJhbGciOiJIUzI1NiIsInR5cCI6IkpXVCJ9.eyJpZCI6IjY2ODE3OTdjOWVkMjgwMDAxYjQ1OTYyYSIsImlhdCI6MTcxOTc2MTI3NiwiZXhwIjoxNzE5NzYyNDc2fQ.ky1oc90NkGvdGCmavpL-0ZzteEyZprHpp5WCLzV228w",
    "refreshToken": "ed4ba8aa56cd3d40ca78f3cf206a668415a5c8c9449bb2d4e14db19086754490bf8be4ac7acd2ac9",
    "user": {
        "email": "hloyflmqno@ya.ru",
        "name": "IdfoujkkRu"
    }
}
HTTP/1.1 200 OK
Date: Sun, 30 Jun 2024 15:27:56 GMT
Content-Type: application/json; charset=utf-8
Transfer-Encoding: chunked
Connection: keep-alive
X-Powered-By: Express
Access-Control-Allow-Origin: *
ETag: W/"16d-53T37wMosuYS280lq0dIjc9DAyQ"
CF-Cache-Status: DYNAMIC
Report-To: {"endpoints":[{"url":"https:\/\/a.nel.cloudflare.com\/report\/v4?s=mp%2BlQkCcehiqAo9OqqGUyKELOwhVCKZ%2FIhR3kvOAbam3uo3MxtR%2FZZQYgrypbagxTg%2BkOXGMfs9BkZrSKjzd6ClUIHVsgzPuPO3t0q2pm3W4BwlbS%2FIGJ6EMEtjtoXBRZSKhfFfmduMXz6%2FWaWhMxgzkC4Y%3D"}],"group":"cf-nel","max_age":604800}
NEL: {"success_fraction":0,"report_to":"cf-nel","max_age":604800}
Server: cloudflare
CF-RAY: 89bf2eebbd4b65f5-AMS
Content-Encoding: gzip
alt-svc: h3=":443"; ma=86400

{
    "success": true,
    "accessToken": "Bearer eyJhbGciOiJIUzI1NiIsInR5cCI6IkpXVCJ9.eyJpZCI6IjY2ODE3OTdjOWVkMjgwMDAxYjQ1OTYyYSIsImlhdCI6MTcxOTc2MTI3NiwiZXhwIjoxNzE5NzYyNDc2fQ.ky1oc90NkGvdGCmavpL-0ZzteEyZprHpp5WCLzV228w",
    "refreshToken": "ed4ba8aa56cd3d40ca78f3cf206a668415a5c8c9449bb2d4e14db19086754490bf8be4ac7acd2ac9",
    "user": {
        "email": "hloyflmqno@ya.ru",
        "name": "IdfoujkkRu"
    }
}
HTTP/1.1 200 OK
Date: Sun, 30 Jun 2024 15:27:56 GMT
Content-Type: application/json; charset=utf-8
Transfer-Encoding: chunked
Connection: keep-alive
X-Powered-By: Express
Access-Control-Allow-Origin: *
ETag: W/"16d-53T37wMosuYS280lq0dIjc9DAyQ"
CF-Cache-Status: DYNAMIC
Report-To: {"endpoints":[{"url":"https:\/\/a.nel.cloudflare.com\/report\/v4?s=mp%2BlQkCcehiqAo9OqqGUyKELOwhVCKZ%2FIhR3kvOAbam3uo3MxtR%2FZZQYgrypbagxTg%2BkOXGMfs9BkZrSKjzd6ClUIHVsgzPuPO3t0q2pm3W4BwlbS%2FIGJ6EMEtjtoXBRZSKhfFfmduMXz6%2FWaWhMxgzkC4Y%3D"}],"group":"cf-nel","max_age":604800}
NEL: {"success_fraction":0,"report_to":"cf-nel","max_age":604800}
Server: cloudflare
CF-RAY: 89bf2eebbd4b65f5-AMS
Content-Encoding: gzip
alt-svc: h3=":443"; ma=86400

{
    "success": true,
    "accessToken": "Bearer eyJhbGciOiJIUzI1NiIsInR5cCI6IkpXVCJ9.eyJpZCI6IjY2ODE3OTdjOWVkMjgwMDAxYjQ1OTYyYSIsImlhdCI6MTcxOTc2MTI3NiwiZXhwIjoxNzE5NzYyNDc2fQ.ky1oc90NkGvdGCmavpL-0ZzteEyZprHpp5WCLzV228w",
    "refreshToken": "ed4ba8aa56cd3d40ca78f3cf206a668415a5c8c9449bb2d4e14db19086754490bf8be4ac7acd2ac9",
    "user": {
        "email": "hloyflmqno@ya.ru",
        "name": "IdfoujkkRu"
    }
}
Request method:	PATCH
Request URI:	https://stellarburgers.nomoreparties.site/api/auth/user
Proxy:			<none>
Request params:	<none>
Query params:	<none>
Form params:	<none>
Path params:	<none>
Headers:		authorization=Bearer eyJhbGciOiJIUzI1NiIsInR5cCI6IkpXVCJ9.eyJpZCI6IjY2ODE3OTdjOWVkMjgwMDAxYjQ1OTYyYSIsImlhdCI6MTcxOTc2MTI3NiwiZXhwIjoxNzE5NzYyNDc2fQ.ky1oc90NkGvdGCmavpL-0ZzteEyZprHpp5WCLzV228w
				Accept=*/*
				Content-Type=application/json
Cookies:		<none>
Multiparts:		<none>
Body:
{
    "email": "newhLOyflMQnO@ya.ru",
    "password": "WJQArGIprU",
    "name": "IdfoujkkRu"
}
Request method:	PATCH
Request URI:	https://stellarburgers.nomoreparties.site/api/auth/user
Proxy:			<none>
Request params:	<none>
Query params:	<none>
Form params:	<none>
Path params:	<none>
Headers:		authorization=Bearer eyJhbGciOiJIUzI1NiIsInR5cCI6IkpXVCJ9.eyJpZCI6IjY2ODE3OTdjOWVkMjgwMDAxYjQ1OTYyYSIsImlhdCI6MTcxOTc2MTI3NiwiZXhwIjoxNzE5NzYyNDc2fQ.ky1oc90NkGvdGCmavpL-0ZzteEyZprHpp5WCLzV228w
				Accept=*/*
				Content-Type=application/json
Cookies:		<none>
Multiparts:		<none>
Body:
{
    "email": "newhLOyflMQnO@ya.ru",
    "password": "WJQArGIprU",
    "name": "IdfoujkkRu"
}
Request method:	PATCH
Request URI:	https://stellarburgers.nomoreparties.site/api/auth/user
Proxy:			<none>
Request params:	<none>
Query params:	<none>
Form params:	<none>
Path params:	<none>
Headers:		authorization=Bearer eyJhbGciOiJIUzI1NiIsInR5cCI6IkpXVCJ9.eyJpZCI6IjY2ODE3OTdjOWVkMjgwMDAxYjQ1OTYyYSIsImlhdCI6MTcxOTc2MTI3NiwiZXhwIjoxNzE5NzYyNDc2fQ.ky1oc90NkGvdGCmavpL-0ZzteEyZprHpp5WCLzV228w
				Accept=*/*
				Content-Type=application/json
Cookies:		<none>
Multiparts:		<none>
Body:
{
    "email": "newhLOyflMQnO@ya.ru",
    "password": "WJQArGIprU",
    "name": "IdfoujkkRu"
}
Request method:	PATCH
Request URI:	https://stellarburgers.nomoreparties.site/api/auth/user
Proxy:			<none>
Request params:	<none>
Query params:	<none>
Form params:	<none>
Path params:	<none>
Headers:		authorization=Bearer eyJhbGciOiJIUzI1NiIsInR5cCI6IkpXVCJ9.eyJpZCI6IjY2ODE3OTdjOWVkMjgwMDAxYjQ1OTYyYSIsImlhdCI6MTcxOTc2MTI3NiwiZXhwIjoxNzE5NzYyNDc2fQ.ky1oc90NkGvdGCmavpL-0ZzteEyZprHpp5WCLzV228w
				Accept=*/*
				Content-Type=application/json
Cookies:		<none>
Multiparts:		<none>
Body:
{
    "email": "newhLOyflMQnO@ya.ru",
    "password": "WJQArGIprU",
    "name": "IdfoujkkRu"
}
Request method:	PATCH
Request URI:	https://stellarburgers.nomoreparties.site/api/auth/user
Proxy:			<none>
Request params:	<none>
Query params:	<none>
Form params:	<none>
Path params:	<none>
Headers:		authorization=Bearer eyJhbGciOiJIUzI1NiIsInR5cCI6IkpXVCJ9.eyJpZCI6IjY2ODE3OTdjOWVkMjgwMDAxYjQ1OTYyYSIsImlhdCI6MTcxOTc2MTI3NiwiZXhwIjoxNzE5NzYyNDc2fQ.ky1oc90NkGvdGCmavpL-0ZzteEyZprHpp5WCLzV228w
				Accept=*/*
				Content-Type=application/json
Cookies:		<none>
Multiparts:		<none>
Body:
{
    "email": "newhLOyflMQnO@ya.ru",
    "password": "WJQArGIprU",
    "name": "IdfoujkkRu"
}
Request method:	PATCH
Request URI:	https://stellarburgers.nomoreparties.site/api/auth/user
Proxy:			<none>
Request params:	<none>
Query params:	<none>
Form params:	<none>
Path params:	<none>
Headers:		authorization=Bearer eyJhbGciOiJIUzI1NiIsInR5cCI6IkpXVCJ9.eyJpZCI6IjY2ODE3OTdjOWVkMjgwMDAxYjQ1OTYyYSIsImlhdCI6MTcxOTc2MTI3NiwiZXhwIjoxNzE5NzYyNDc2fQ.ky1oc90NkGvdGCmavpL-0ZzteEyZprHpp5WCLzV228w
				Accept=*/*
				Content-Type=application/json
Cookies:		<none>
Multiparts:		<none>
Body:
{
    "email": "newhLOyflMQnO@ya.ru",
    "password": "WJQArGIprU",
    "name": "IdfoujkkRu"
}
Request method:	PATCH
Request URI:	https://stellarburgers.nomoreparties.site/api/auth/user
Proxy:			<none>
Request params:	<none>
Query params:	<none>
Form params:	<none>
Path params:	<none>
Headers:		authorization=Bearer eyJhbGciOiJIUzI1NiIsInR5cCI6IkpXVCJ9.eyJpZCI6IjY2ODE3OTdjOWVkMjgwMDAxYjQ1OTYyYSIsImlhdCI6MTcxOTc2MTI3NiwiZXhwIjoxNzE5NzYyNDc2fQ.ky1oc90NkGvdGCmavpL-0ZzteEyZprHpp5WCLzV228w
				Accept=*/*
				Content-Type=application/json
Cookies:		<none>
Multiparts:		<none>
Body:
{
    "email": "newhLOyflMQnO@ya.ru",
    "password": "WJQArGIprU",
    "name": "IdfoujkkRu"
}
Request method:	PATCH
Request URI:	https://stellarburgers.nomoreparties.site/api/auth/user
Proxy:			<none>
Request params:	<none>
Query params:	<none>
Form params:	<none>
Path params:	<none>
Headers:		authorization=Bearer eyJhbGciOiJIUzI1NiIsInR5cCI6IkpXVCJ9.eyJpZCI6IjY2ODE3OTdjOWVkMjgwMDAxYjQ1OTYyYSIsImlhdCI6MTcxOTc2MTI3NiwiZXhwIjoxNzE5NzYyNDc2fQ.ky1oc90NkGvdGCmavpL-0ZzteEyZprHpp5WCLzV228w
				Accept=*/*
				Content-Type=application/json
Cookies:		<none>
Multiparts:		<none>
Body:
{
    "email": "newhLOyflMQnO@ya.ru",
    "password": "WJQArGIprU",
    "name": "IdfoujkkRu"
}
Request method:	PATCH
Request URI:	https://stellarburgers.nomoreparties.site/api/auth/user
Proxy:			<none>
Request params:	<none>
Query params:	<none>
Form params:	<none>
Path params:	<none>
Headers:		authorization=Bearer eyJhbGciOiJIUzI1NiIsInR5cCI6IkpXVCJ9.eyJpZCI6IjY2ODE3OTdjOWVkMjgwMDAxYjQ1OTYyYSIsImlhdCI6MTcxOTc2MTI3NiwiZXhwIjoxNzE5NzYyNDc2fQ.ky1oc90NkGvdGCmavpL-0ZzteEyZprHpp5WCLzV228w
				Accept=*/*
				Content-Type=application/json
Cookies:		<none>
Multiparts:		<none>
Body:
{
    "email": "newhLOyflMQnO@ya.ru",
    "password": "WJQArGIprU",
    "name": "IdfoujkkRu"
}
Request method:	PATCH
Request URI:	https://stellarburgers.nomoreparties.site/api/auth/user
Proxy:			<none>
Request params:	<none>
Query params:	<none>
Form params:	<none>
Path params:	<none>
Headers:		authorization=Bearer eyJhbGciOiJIUzI1NiIsInR5cCI6IkpXVCJ9.eyJpZCI6IjY2ODE3OTdjOWVkMjgwMDAxYjQ1OTYyYSIsImlhdCI6MTcxOTc2MTI3NiwiZXhwIjoxNzE5NzYyNDc2fQ.ky1oc90NkGvdGCmavpL-0ZzteEyZprHpp5WCLzV228w
				Accept=*/*
				Content-Type=application/json
Cookies:		<none>
Multiparts:		<none>
Body:
{
    "email": "newhLOyflMQnO@ya.ru",
    "password": "WJQArGIprU",
    "name": "IdfoujkkRu"
}
Request method:	PATCH
Request URI:	https://stellarburgers.nomoreparties.site/api/auth/user
Proxy:			<none>
Request params:	<none>
Query params:	<none>
Form params:	<none>
Path params:	<none>
Headers:		authorization=Bearer eyJhbGciOiJIUzI1NiIsInR5cCI6IkpXVCJ9.eyJpZCI6IjY2ODE3OTdjOWVkMjgwMDAxYjQ1OTYyYSIsImlhdCI6MTcxOTc2MTI3NiwiZXhwIjoxNzE5NzYyNDc2fQ.ky1oc90NkGvdGCmavpL-0ZzteEyZprHpp5WCLzV228w
				Accept=*/*
				Content-Type=application/json
Cookies:		<none>
Multiparts:		<none>
Body:
{
    "email": "newhLOyflMQnO@ya.ru",
    "password": "WJQArGIprU",
    "name": "IdfoujkkRu"
}
Request method:	PATCH
Request URI:	https://stellarburgers.nomoreparties.site/api/auth/user
Proxy:			<none>
Request params:	<none>
Query params:	<none>
Form params:	<none>
Path params:	<none>
Headers:		authorization=Bearer eyJhbGciOiJIUzI1NiIsInR5cCI6IkpXVCJ9.eyJpZCI6IjY2ODE3OTdjOWVkMjgwMDAxYjQ1OTYyYSIsImlhdCI6MTcxOTc2MTI3NiwiZXhwIjoxNzE5NzYyNDc2fQ.ky1oc90NkGvdGCmavpL-0ZzteEyZprHpp5WCLzV228w
				Accept=*/*
				Content-Type=application/json
Cookies:		<none>
Multiparts:		<none>
Body:
{
    "email": "newhLOyflMQnO@ya.ru",
    "password": "WJQArGIprU",
    "name": "IdfoujkkRu"
}
Request method:	PATCH
Request URI:	https://stellarburgers.nomoreparties.site/api/auth/user
Proxy:			<none>
Request params:	<none>
Query params:	<none>
Form params:	<none>
Path params:	<none>
Headers:		authorization=Bearer eyJhbGciOiJIUzI1NiIsInR5cCI6IkpXVCJ9.eyJpZCI6IjY2ODE3OTdjOWVkMjgwMDAxYjQ1OTYyYSIsImlhdCI6MTcxOTc2MTI3NiwiZXhwIjoxNzE5NzYyNDc2fQ.ky1oc90NkGvdGCmavpL-0ZzteEyZprHpp5WCLzV228w
				Accept=*/*
				Content-Type=application/json
Cookies:		<none>
Multiparts:		<none>
Body:
{
    "email": "newhLOyflMQnO@ya.ru",
    "password": "WJQArGIprU",
    "name": "IdfoujkkRu"
}
Request method:	PATCH
Request URI:	https://stellarburgers.nomoreparties.site/api/auth/user
Proxy:			<none>
Request params:	<none>
Query params:	<none>
Form params:	<none>
Path params:	<none>
Headers:		authorization=Bearer eyJhbGciOiJIUzI1NiIsInR5cCI6IkpXVCJ9.eyJpZCI6IjY2ODE3OTdjOWVkMjgwMDAxYjQ1OTYyYSIsImlhdCI6MTcxOTc2MTI3NiwiZXhwIjoxNzE5NzYyNDc2fQ.ky1oc90NkGvdGCmavpL-0ZzteEyZprHpp5WCLzV228w
				Accept=*/*
				Content-Type=application/json
Cookies:		<none>
Multiparts:		<none>
Body:
{
    "email": "newhLOyflMQnO@ya.ru",
    "password": "WJQArGIprU",
    "name": "IdfoujkkRu"
}
Request method:	PATCH
Request URI:	https://stellarburgers.nomoreparties.site/api/auth/user
Proxy:			<none>
Request params:	<none>
Query params:	<none>
Form params:	<none>
Path params:	<none>
Headers:		authorization=Bearer eyJhbGciOiJIUzI1NiIsInR5cCI6IkpXVCJ9.eyJpZCI6IjY2ODE3OTdjOWVkMjgwMDAxYjQ1OTYyYSIsImlhdCI6MTcxOTc2MTI3NiwiZXhwIjoxNzE5NzYyNDc2fQ.ky1oc90NkGvdGCmavpL-0ZzteEyZprHpp5WCLzV228w
				Accept=*/*
				Content-Type=application/json
Cookies:		<none>
Multiparts:		<none>
Body:
{
    "email": "newhLOyflMQnO@ya.ru",
    "password": "WJQArGIprU",
    "name": "IdfoujkkRu"
}
Request method:	PATCH
Request URI:	https://stellarburgers.nomoreparties.site/api/auth/user
Proxy:			<none>
Request params:	<none>
Query params:	<none>
Form params:	<none>
Path params:	<none>
Headers:		authorization=Bearer eyJhbGciOiJIUzI1NiIsInR5cCI6IkpXVCJ9.eyJpZCI6IjY2ODE3OTdjOWVkMjgwMDAxYjQ1OTYyYSIsImlhdCI6MTcxOTc2MTI3NiwiZXhwIjoxNzE5NzYyNDc2fQ.ky1oc90NkGvdGCmavpL-0ZzteEyZprHpp5WCLzV228w
				Accept=*/*
				Content-Type=application/json
Cookies:		<none>
Multiparts:		<none>
Body:
{
    "email": "newhLOyflMQnO@ya.ru",
    "password": "WJQArGIprU",
    "name": "IdfoujkkRu"
}
Request method:	PATCH
Request URI:	https://stellarburgers.nomoreparties.site/api/auth/user
Proxy:			<none>
Request params:	<none>
Query params:	<none>
Form params:	<none>
Path params:	<none>
Headers:		authorization=Bearer eyJhbGciOiJIUzI1NiIsInR5cCI6IkpXVCJ9.eyJpZCI6IjY2ODE3OTdjOWVkMjgwMDAxYjQ1OTYyYSIsImlhdCI6MTcxOTc2MTI3NiwiZXhwIjoxNzE5NzYyNDc2fQ.ky1oc90NkGvdGCmavpL-0ZzteEyZprHpp5WCLzV228w
				Accept=*/*
				Content-Type=application/json
Cookies:		<none>
Multiparts:		<none>
Body:
{
    "email": "newhLOyflMQnO@ya.ru",
    "password": "WJQArGIprU",
    "name": "IdfoujkkRu"
}
Request method:	PATCH
Request URI:	https://stellarburgers.nomoreparties.site/api/auth/user
Proxy:			<none>
Request params:	<none>
Query params:	<none>
Form params:	<none>
Path params:	<none>
Headers:		authorization=Bearer eyJhbGciOiJIUzI1NiIsInR5cCI6IkpXVCJ9.eyJpZCI6IjY2ODE3OTdjOWVkMjgwMDAxYjQ1OTYyYSIsImlhdCI6MTcxOTc2MTI3NiwiZXhwIjoxNzE5NzYyNDc2fQ.ky1oc90NkGvdGCmavpL-0ZzteEyZprHpp5WCLzV228w
				Accept=*/*
				Content-Type=application/json
Cookies:		<none>
Multiparts:		<none>
Body:
{
    "email": "newhLOyflMQnO@ya.ru",
    "password": "WJQArGIprU",
    "name": "IdfoujkkRu"
}
Request method:	PATCH
Request URI:	https://stellarburgers.nomoreparties.site/api/auth/user
Proxy:			<none>
Request params:	<none>
Query params:	<none>
Form params:	<none>
Path params:	<none>
Headers:		authorization=Bearer eyJhbGciOiJIUzI1NiIsInR5cCI6IkpXVCJ9.eyJpZCI6IjY2ODE3OTdjOWVkMjgwMDAxYjQ1OTYyYSIsImlhdCI6MTcxOTc2MTI3NiwiZXhwIjoxNzE5NzYyNDc2fQ.ky1oc90NkGvdGCmavpL-0ZzteEyZprHpp5WCLzV228w
				Accept=*/*
				Content-Type=application/json
Cookies:		<none>
Multiparts:		<none>
Body:
{
    "email": "newhLOyflMQnO@ya.ru",
    "password": "WJQArGIprU",
    "name": "IdfoujkkRu"
}
Request method:	PATCH
Request URI:	https://stellarburgers.nomoreparties.site/api/auth/user
Proxy:			<none>
Request params:	<none>
Query params:	<none>
Form params:	<none>
Path params:	<none>
Headers:		authorization=Bearer eyJhbGciOiJIUzI1NiIsInR5cCI6IkpXVCJ9.eyJpZCI6IjY2ODE3OTdjOWVkMjgwMDAxYjQ1OTYyYSIsImlhdCI6MTcxOTc2MTI3NiwiZXhwIjoxNzE5NzYyNDc2fQ.ky1oc90NkGvdGCmavpL-0ZzteEyZprHpp5WCLzV228w
				Accept=*/*
				Content-Type=application/json
Cookies:		<none>
Multiparts:		<none>
Body:
{
    "email": "newhLOyflMQnO@ya.ru",
    "password": "WJQArGIprU",
    "name": "IdfoujkkRu"
}
Request method:	PATCH
Request URI:	https://stellarburgers.nomoreparties.site/api/auth/user
Proxy:			<none>
Request params:	<none>
Query params:	<none>
Form params:	<none>
Path params:	<none>
Headers:		authorization=Bearer eyJhbGciOiJIUzI1NiIsInR5cCI6IkpXVCJ9.eyJpZCI6IjY2ODE3OTdjOWVkMjgwMDAxYjQ1OTYyYSIsImlhdCI6MTcxOTc2MTI3NiwiZXhwIjoxNzE5NzYyNDc2fQ.ky1oc90NkGvdGCmavpL-0ZzteEyZprHpp5WCLzV228w
				Accept=*/*
				Content-Type=application/json
Cookies:		<none>
Multiparts:		<none>
Body:
{
    "email": "newhLOyflMQnO@ya.ru",
    "password": "WJQArGIprU",
    "name": "IdfoujkkRu"
}
Request method:	PATCH
Request URI:	https://stellarburgers.nomoreparties.site/api/auth/user
Proxy:			<none>
Request params:	<none>
Query params:	<none>
Form params:	<none>
Path params:	<none>
Headers:		authorization=Bearer eyJhbGciOiJIUzI1NiIsInR5cCI6IkpXVCJ9.eyJpZCI6IjY2ODE3OTdjOWVkMjgwMDAxYjQ1OTYyYSIsImlhdCI6MTcxOTc2MTI3NiwiZXhwIjoxNzE5NzYyNDc2fQ.ky1oc90NkGvdGCmavpL-0ZzteEyZprHpp5WCLzV228w
				Accept=*/*
				Content-Type=application/json
Cookies:		<none>
Multiparts:		<none>
Body:
{
    "email": "newhLOyflMQnO@ya.ru",
    "password": "WJQArGIprU",
    "name": "IdfoujkkRu"
}
Request method:	PATCH
Request URI:	https://stellarburgers.nomoreparties.site/api/auth/user
Proxy:			<none>
Request params:	<none>
Query params:	<none>
Form params:	<none>
Path params:	<none>
Headers:		authorization=Bearer eyJhbGciOiJIUzI1NiIsInR5cCI6IkpXVCJ9.eyJpZCI6IjY2ODE3OTdjOWVkMjgwMDAxYjQ1OTYyYSIsImlhdCI6MTcxOTc2MTI3NiwiZXhwIjoxNzE5NzYyNDc2fQ.ky1oc90NkGvdGCmavpL-0ZzteEyZprHpp5WCLzV228w
				Accept=*/*
				Content-Type=application/json
Cookies:		<none>
Multiparts:		<none>
Body:
{
    "email": "newhLOyflMQnO@ya.ru",
    "password": "WJQArGIprU",
    "name": "IdfoujkkRu"
}
Request method:	PATCH
Request URI:	https://stellarburgers.nomoreparties.site/api/auth/user
Proxy:			<none>
Request params:	<none>
Query params:	<none>
Form params:	<none>
Path params:	<none>
Headers:		authorization=Bearer eyJhbGciOiJIUzI1NiIsInR5cCI6IkpXVCJ9.eyJpZCI6IjY2ODE3OTdjOWVkMjgwMDAxYjQ1OTYyYSIsImlhdCI6MTcxOTc2MTI3NiwiZXhwIjoxNzE5NzYyNDc2fQ.ky1oc90NkGvdGCmavpL-0ZzteEyZprHpp5WCLzV228w
				Accept=*/*
				Content-Type=application/json
Cookies:		<none>
Multiparts:		<none>
Body:
{
    "email": "newhLOyflMQnO@ya.ru",
    "password": "WJQArGIprU",
    "name": "IdfoujkkRu"
}
Request method:	PATCH
Request URI:	https://stellarburgers.nomoreparties.site/api/auth/user
Proxy:			<none>
Request params:	<none>
Query params:	<none>
Form params:	<none>
Path params:	<none>
Headers:		authorization=Bearer eyJhbGciOiJIUzI1NiIsInR5cCI6IkpXVCJ9.eyJpZCI6IjY2ODE3OTdjOWVkMjgwMDAxYjQ1OTYyYSIsImlhdCI6MTcxOTc2MTI3NiwiZXhwIjoxNzE5NzYyNDc2fQ.ky1oc90NkGvdGCmavpL-0ZzteEyZprHpp5WCLzV228w
				Accept=*/*
				Content-Type=application/json
Cookies:		<none>
Multiparts:		<none>
Body:
{
    "email": "newhLOyflMQnO@ya.ru",
    "password": "WJQArGIprU",
    "name": "IdfoujkkRu"
}
Request method:	PATCH
Request URI:	https://stellarburgers.nomoreparties.site/api/auth/user
Proxy:			<none>
Request params:	<none>
Query params:	<none>
Form params:	<none>
Path params:	<none>
Headers:		authorization=Bearer eyJhbGciOiJIUzI1NiIsInR5cCI6IkpXVCJ9.eyJpZCI6IjY2ODE3OTdjOWVkMjgwMDAxYjQ1OTYyYSIsImlhdCI6MTcxOTc2MTI3NiwiZXhwIjoxNzE5NzYyNDc2fQ.ky1oc90NkGvdGCmavpL-0ZzteEyZprHpp5WCLzV228w
				Accept=*/*
				Content-Type=application/json
Cookies:		<none>
Multiparts:		<none>
Body:
{
    "email": "newhLOyflMQnO@ya.ru",
    "password": "WJQArGIprU",
    "name": "IdfoujkkRu"
}
Request method:	PATCH
Request URI:	https://stellarburgers.nomoreparties.site/api/auth/user
Proxy:			<none>
Request params:	<none>
Query params:	<none>
Form params:	<none>
Path params:	<none>
Headers:		authorization=Bearer eyJhbGciOiJIUzI1NiIsInR5cCI6IkpXVCJ9.eyJpZCI6IjY2ODE3OTdjOWVkMjgwMDAxYjQ1OTYyYSIsImlhdCI6MTcxOTc2MTI3NiwiZXhwIjoxNzE5NzYyNDc2fQ.ky1oc90NkGvdGCmavpL-0ZzteEyZprHpp5WCLzV228w
				Accept=*/*
				Content-Type=application/json
Cookies:		<none>
Multiparts:		<none>
Body:
{
    "email": "newhLOyflMQnO@ya.ru",
    "password": "WJQArGIprU",
    "name": "IdfoujkkRu"
}
Request method:	PATCH
Request URI:	https://stellarburgers.nomoreparties.site/api/auth/user
Proxy:			<none>
Request params:	<none>
Query params:	<none>
Form params:	<none>
Path params:	<none>
Headers:		authorization=Bearer eyJhbGciOiJIUzI1NiIsInR5cCI6IkpXVCJ9.eyJpZCI6IjY2ODE3OTdjOWVkMjgwMDAxYjQ1OTYyYSIsImlhdCI6MTcxOTc2MTI3NiwiZXhwIjoxNzE5NzYyNDc2fQ.ky1oc90NkGvdGCmavpL-0ZzteEyZprHpp5WCLzV228w
				Accept=*/*
				Content-Type=application/json
Cookies:		<none>
Multiparts:		<none>
Body:
{
    "email": "newhLOyflMQnO@ya.ru",
    "password": "WJQArGIprU",
    "name": "IdfoujkkRu"
}
Request method:	PATCH
Request URI:	https://stellarburgers.nomoreparties.site/api/auth/user
Proxy:			<none>
Request params:	<none>
Query params:	<none>
Form params:	<none>
Path params:	<none>
Headers:		authorization=Bearer eyJhbGciOiJIUzI1NiIsInR5cCI6IkpXVCJ9.eyJpZCI6IjY2ODE3OTdjOWVkMjgwMDAxYjQ1OTYyYSIsImlhdCI6MTcxOTc2MTI3NiwiZXhwIjoxNzE5NzYyNDc2fQ.ky1oc90NkGvdGCmavpL-0ZzteEyZprHpp5WCLzV228w
				Accept=*/*
				Content-Type=application/json
Cookies:		<none>
Multiparts:		<none>
Body:
{
    "email": "newhLOyflMQnO@ya.ru",
    "password": "WJQArGIprU",
    "name": "IdfoujkkRu"
}
Request method:	PATCH
Request URI:	https://stellarburgers.nomoreparties.site/api/auth/user
Proxy:			<none>
Request params:	<none>
Query params:	<none>
Form params:	<none>
Path params:	<none>
Headers:		authorization=Bearer eyJhbGciOiJIUzI1NiIsInR5cCI6IkpXVCJ9.eyJpZCI6IjY2ODE3OTdjOWVkMjgwMDAxYjQ1OTYyYSIsImlhdCI6MTcxOTc2MTI3NiwiZXhwIjoxNzE5NzYyNDc2fQ.ky1oc90NkGvdGCmavpL-0ZzteEyZprHpp5WCLzV228w
				Accept=*/*
				Content-Type=application/json
Cookies:		<none>
Multiparts:		<none>
Body:
{
    "email": "newhLOyflMQnO@ya.ru",
    "password": "WJQArGIprU",
    "name": "IdfoujkkRu"
}
Request method:	PATCH
Request URI:	https://stellarburgers.nomoreparties.site/api/auth/user
Proxy:			<none>
Request params:	<none>
Query params:	<none>
Form params:	<none>
Path params:	<none>
Headers:		authorization=Bearer eyJhbGciOiJIUzI1NiIsInR5cCI6IkpXVCJ9.eyJpZCI6IjY2ODE3OTdjOWVkMjgwMDAxYjQ1OTYyYSIsImlhdCI6MTcxOTc2MTI3NiwiZXhwIjoxNzE5NzYyNDc2fQ.ky1oc90NkGvdGCmavpL-0ZzteEyZprHpp5WCLzV228w
				Accept=*/*
				Content-Type=application/json
Cookies:		<none>
Multiparts:		<none>
Body:
{
    "email": "newhLOyflMQnO@ya.ru",
    "password": "WJQArGIprU",
    "name": "IdfoujkkRu"
}
Request method:	PATCH
Request URI:	https://stellarburgers.nomoreparties.site/api/auth/user
Proxy:			<none>
Request params:	<none>
Query params:	<none>
Form params:	<none>
Path params:	<none>
Headers:		authorization=Bearer eyJhbGciOiJIUzI1NiIsInR5cCI6IkpXVCJ9.eyJpZCI6IjY2ODE3OTdjOWVkMjgwMDAxYjQ1OTYyYSIsImlhdCI6MTcxOTc2MTI3NiwiZXhwIjoxNzE5NzYyNDc2fQ.ky1oc90NkGvdGCmavpL-0ZzteEyZprHpp5WCLzV228w
				Accept=*/*
				Content-Type=application/json
Cookies:		<none>
Multiparts:		<none>
Body:
{
    "email": "newhLOyflMQnO@ya.ru",
    "password": "WJQArGIprU",
    "name": "IdfoujkkRu"
}
Request method:	PATCH
Request URI:	https://stellarburgers.nomoreparties.site/api/auth/user
Proxy:			<none>
Request params:	<none>
Query params:	<none>
Form params:	<none>
Path params:	<none>
Headers:		authorization=Bearer eyJhbGciOiJIUzI1NiIsInR5cCI6IkpXVCJ9.eyJpZCI6IjY2ODE3OTdjOWVkMjgwMDAxYjQ1OTYyYSIsImlhdCI6MTcxOTc2MTI3NiwiZXhwIjoxNzE5NzYyNDc2fQ.ky1oc90NkGvdGCmavpL-0ZzteEyZprHpp5WCLzV228w
				Accept=*/*
				Content-Type=application/json
Cookies:		<none>
Multiparts:		<none>
Body:
{
    "email": "newhLOyflMQnO@ya.ru",
    "password": "WJQArGIprU",
    "name": "IdfoujkkRu"
}
Request method:	PATCH
Request URI:	https://stellarburgers.nomoreparties.site/api/auth/user
Proxy:			<none>
Request params:	<none>
Query params:	<none>
Form params:	<none>
Path params:	<none>
Headers:		authorization=Bearer eyJhbGciOiJIUzI1NiIsInR5cCI6IkpXVCJ9.eyJpZCI6IjY2ODE3OTdjOWVkMjgwMDAxYjQ1OTYyYSIsImlhdCI6MTcxOTc2MTI3NiwiZXhwIjoxNzE5NzYyNDc2fQ.ky1oc90NkGvdGCmavpL-0ZzteEyZprHpp5WCLzV228w
				Accept=*/*
				Content-Type=application/json
Cookies:		<none>
Multiparts:		<none>
Body:
{
    "email": "newhLOyflMQnO@ya.ru",
    "password": "WJQArGIprU",
    "name": "IdfoujkkRu"
}
Request method:	PATCH
Request URI:	https://stellarburgers.nomoreparties.site/api/auth/user
Proxy:			<none>
Request params:	<none>
Query params:	<none>
Form params:	<none>
Path params:	<none>
Headers:		authorization=Bearer eyJhbGciOiJIUzI1NiIsInR5cCI6IkpXVCJ9.eyJpZCI6IjY2ODE3OTdjOWVkMjgwMDAxYjQ1OTYyYSIsImlhdCI6MTcxOTc2MTI3NiwiZXhwIjoxNzE5NzYyNDc2fQ.ky1oc90NkGvdGCmavpL-0ZzteEyZprHpp5WCLzV228w
				Accept=*/*
				Content-Type=application/json
Cookies:		<none>
Multiparts:		<none>
Body:
{
    "email": "newhLOyflMQnO@ya.ru",
    "password": "WJQArGIprU",
    "name": "IdfoujkkRu"
}
Request method:	PATCH
Request URI:	https://stellarburgers.nomoreparties.site/api/auth/user
Proxy:			<none>
Request params:	<none>
Query params:	<none>
Form params:	<none>
Path params:	<none>
Headers:		authorization=Bearer eyJhbGciOiJIUzI1NiIsInR5cCI6IkpXVCJ9.eyJpZCI6IjY2ODE3OTdjOWVkMjgwMDAxYjQ1OTYyYSIsImlhdCI6MTcxOTc2MTI3NiwiZXhwIjoxNzE5NzYyNDc2fQ.ky1oc90NkGvdGCmavpL-0ZzteEyZprHpp5WCLzV228w
				Accept=*/*
				Content-Type=application/json
Cookies:		<none>
Multiparts:		<none>
Body:
{
    "email": "newhLOyflMQnO@ya.ru",
    "password": "WJQArGIprU",
    "name": "IdfoujkkRu"
}
Request method:	PATCH
Request URI:	https://stellarburgers.nomoreparties.site/api/auth/user
Proxy:			<none>
Request params:	<none>
Query params:	<none>
Form params:	<none>
Path params:	<none>
Headers:		authorization=Bearer eyJhbGciOiJIUzI1NiIsInR5cCI6IkpXVCJ9.eyJpZCI6IjY2ODE3OTdjOWVkMjgwMDAxYjQ1OTYyYSIsImlhdCI6MTcxOTc2MTI3NiwiZXhwIjoxNzE5NzYyNDc2fQ.ky1oc90NkGvdGCmavpL-0ZzteEyZprHpp5WCLzV228w
				Accept=*/*
				Content-Type=application/json
Cookies:		<none>
Multiparts:		<none>
Body:
{
    "email": "newhLOyflMQnO@ya.ru",
    "password": "WJQArGIprU",
    "name": "IdfoujkkRu"
}
Request method:	PATCH
Request URI:	https://stellarburgers.nomoreparties.site/api/auth/user
Proxy:			<none>
Request params:	<none>
Query params:	<none>
Form params:	<none>
Path params:	<none>
Headers:		authorization=Bearer eyJhbGciOiJIUzI1NiIsInR5cCI6IkpXVCJ9.eyJpZCI6IjY2ODE3OTdjOWVkMjgwMDAxYjQ1OTYyYSIsImlhdCI6MTcxOTc2MTI3NiwiZXhwIjoxNzE5NzYyNDc2fQ.ky1oc90NkGvdGCmavpL-0ZzteEyZprHpp5WCLzV228w
				Accept=*/*
				Content-Type=application/json
Cookies:		<none>
Multiparts:		<none>
Body:
{
    "email": "newhLOyflMQnO@ya.ru",
    "password": "WJQArGIprU",
    "name": "IdfoujkkRu"
}
Request method:	PATCH
Request URI:	https://stellarburgers.nomoreparties.site/api/auth/user
Proxy:			<none>
Request params:	<none>
Query params:	<none>
Form params:	<none>
Path params:	<none>
Headers:		authorization=Bearer eyJhbGciOiJIUzI1NiIsInR5cCI6IkpXVCJ9.eyJpZCI6IjY2ODE3OTdjOWVkMjgwMDAxYjQ1OTYyYSIsImlhdCI6MTcxOTc2MTI3NiwiZXhwIjoxNzE5NzYyNDc2fQ.ky1oc90NkGvdGCmavpL-0ZzteEyZprHpp5WCLzV228w
				Accept=*/*
				Content-Type=application/json
Cookies:		<none>
Multiparts:		<none>
Body:
{
    "email": "newhLOyflMQnO@ya.ru",
    "password": "WJQArGIprU",
    "name": "IdfoujkkRu"
}
HTTP/1.1 200 OK
Date: Sun, 30 Jun 2024 15:27:57 GMT
Content-Type: application/json; charset=utf-8
Transfer-Encoding: chunked
Connection: keep-alive
X-Powered-By: Express
Access-Control-Allow-Origin: *
ETag: W/"4b-tKFhm376iDFP+VGwVic21RxrTD8"
CF-Cache-Status: DYNAMIC
Report-To: {"endpoints":[{"url":"https:\/\/a.nel.cloudflare.com\/report\/v4?s=WVgutnQVSQTtEGyVsmxnFNg%2B4jNJrlPQAZKu%2F4RUmXrvYjEIkkQroWJVAtWLawZq2S0882jyNQ9571%2Fxtifo%2Bn0IfiEogSDeicthVTQX7At97bYLQPgbRSiB92fg62lKao9kI3dmELqCrrwF66r%2B098s6eM%3D"}],"group":"cf-nel","max_age":604800}
NEL: {"success_fraction":0,"report_to":"cf-nel","max_age":604800}
Server: cloudflare
CF-RAY: 89bf2eeddd39b960-AMS
Content-Encoding: gzip
alt-svc: h3=":443"; ma=86400

{
    "success": true,
    "user": {
        "email": "newhloyflmqno@ya.ru",
        "name": "IdfoujkkRu"
    }
}
HTTP/1.1 200 OK
Date: Sun, 30 Jun 2024 15:27:57 GMT
Content-Type: application/json; charset=utf-8
Transfer-Encoding: chunked
Connection: keep-alive
X-Powered-By: Express
Access-Control-Allow-Origin: *
ETag: W/"4b-tKFhm376iDFP+VGwVic21RxrTD8"
CF-Cache-Status: DYNAMIC
Report-To: {"endpoints":[{"url":"https:\/\/a.nel.cloudflare.com\/report\/v4?s=WVgutnQVSQTtEGyVsmxnFNg%2B4jNJrlPQAZKu%2F4RUmXrvYjEIkkQroWJVAtWLawZq2S0882jyNQ9571%2Fxtifo%2Bn0IfiEogSDeicthVTQX7At97bYLQPgbRSiB92fg62lKao9kI3dmELqCrrwF66r%2B098s6eM%3D"}],"group":"cf-nel","max_age":604800}
NEL: {"success_fraction":0,"report_to":"cf-nel","max_age":604800}
Server: cloudflare
CF-RAY: 89bf2eeddd39b960-AMS
Content-Encoding: gzip
alt-svc: h3=":443"; ma=86400

{
    "success": true,
    "user": {
        "email": "newhloyflmqno@ya.ru",
        "name": "IdfoujkkRu"
    }
}
HTTP/1.1 200 OK
Date: Sun, 30 Jun 2024 15:27:57 GMT
Content-Type: application/json; charset=utf-8
Transfer-Encoding: chunked
Connection: keep-alive
X-Powered-By: Express
Access-Control-Allow-Origin: *
ETag: W/"4b-tKFhm376iDFP+VGwVic21RxrTD8"
CF-Cache-Status: DYNAMIC
Report-To: {"endpoints":[{"url":"https:\/\/a.nel.cloudflare.com\/report\/v4?s=WVgutnQVSQTtEGyVsmxnFNg%2B4jNJrlPQAZKu%2F4RUmXrvYjEIkkQroWJVAtWLawZq2S0882jyNQ9571%2Fxtifo%2Bn0IfiEogSDeicthVTQX7At97bYLQPgbRSiB92fg62lKao9kI3dmELqCrrwF66r%2B098s6eM%3D"}],"group":"cf-nel","max_age":604800}
NEL: {"success_fraction":0,"report_to":"cf-nel","max_age":604800}
Server: cloudflare
CF-RAY: 89bf2eeddd39b960-AMS
Content-Encoding: gzip
alt-svc: h3=":443"; ma=86400

{
    "success": true,
    "user": {
        "email": "newhloyflmqno@ya.ru",
        "name": "IdfoujkkRu"
    }
}
HTTP/1.1 200 OK
Date: Sun, 30 Jun 2024 15:27:57 GMT
Content-Type: application/json; charset=utf-8
Transfer-Encoding: chunked
Connection: keep-alive
X-Powered-By: Express
Access-Control-Allow-Origin: *
ETag: W/"4b-tKFhm376iDFP+VGwVic21RxrTD8"
CF-Cache-Status: DYNAMIC
Report-To: {"endpoints":[{"url":"https:\/\/a.nel.cloudflare.com\/report\/v4?s=WVgutnQVSQTtEGyVsmxnFNg%2B4jNJrlPQAZKu%2F4RUmXrvYjEIkkQroWJVAtWLawZq2S0882jyNQ9571%2Fxtifo%2Bn0IfiEogSDeicthVTQX7At97bYLQPgbRSiB92fg62lKao9kI3dmELqCrrwF66r%2B098s6eM%3D"}],"group":"cf-nel","max_age":604800}
NEL: {"success_fraction":0,"report_to":"cf-nel","max_age":604800}
Server: cloudflare
CF-RAY: 89bf2eeddd39b960-AMS
Content-Encoding: gzip
alt-svc: h3=":443"; ma=86400

{
    "success": true,
    "user": {
        "email": "newhloyflmqno@ya.ru",
        "name": "IdfoujkkRu"
    }
}
HTTP/1.1 200 OK
Date: Sun, 30 Jun 2024 15:27:57 GMT
Content-Type: application/json; charset=utf-8
Transfer-Encoding: chunked
Connection: keep-alive
X-Powered-By: Express
Access-Control-Allow-Origin: *
ETag: W/"4b-tKFhm376iDFP+VGwVic21RxrTD8"
CF-Cache-Status: DYNAMIC
Report-To: {"endpoints":[{"url":"https:\/\/a.nel.cloudflare.com\/report\/v4?s=WVgutnQVSQTtEGyVsmxnFNg%2B4jNJrlPQAZKu%2F4RUmXrvYjEIkkQroWJVAtWLawZq2S0882jyNQ9571%2Fxtifo%2Bn0IfiEogSDeicthVTQX7At97bYLQPgbRSiB92fg62lKao9kI3dmELqCrrwF66r%2B098s6eM%3D"}],"group":"cf-nel","max_age":604800}
NEL: {"success_fraction":0,"report_to":"cf-nel","max_age":604800}
Server: cloudflare
CF-RAY: 89bf2eeddd39b960-AMS
Content-Encoding: gzip
alt-svc: h3=":443"; ma=86400

{
    "success": true,
    "user": {
        "email": "newhloyflmqno@ya.ru",
        "name": "IdfoujkkRu"
    }
}
HTTP/1.1 200 OK
Date: Sun, 30 Jun 2024 15:27:57 GMT
Content-Type: application/json; charset=utf-8
Transfer-Encoding: chunked
Connection: keep-alive
X-Powered-By: Express
Access-Control-Allow-Origin: *
ETag: W/"4b-tKFhm376iDFP+VGwVic21RxrTD8"
CF-Cache-Status: DYNAMIC
Report-To: {"endpoints":[{"url":"https:\/\/a.nel.cloudflare.com\/report\/v4?s=WVgutnQVSQTtEGyVsmxnFNg%2B4jNJrlPQAZKu%2F4RUmXrvYjEIkkQroWJVAtWLawZq2S0882jyNQ9571%2Fxtifo%2Bn0IfiEogSDeicthVTQX7At97bYLQPgbRSiB92fg62lKao9kI3dmELqCrrwF66r%2B098s6eM%3D"}],"group":"cf-nel","max_age":604800}
NEL: {"success_fraction":0,"report_to":"cf-nel","max_age":604800}
Server: cloudflare
CF-RAY: 89bf2eeddd39b960-AMS
Content-Encoding: gzip
alt-svc: h3=":443"; ma=86400

{
    "success": true,
    "user": {
        "email": "newhloyflmqno@ya.ru",
        "name": "IdfoujkkRu"
    }
}
HTTP/1.1 200 OK
Date: Sun, 30 Jun 2024 15:27:57 GMT
Content-Type: application/json; charset=utf-8
Transfer-Encoding: chunked
Connection: keep-alive
X-Powered-By: Express
Access-Control-Allow-Origin: *
ETag: W/"4b-tKFhm376iDFP+VGwVic21RxrTD8"
CF-Cache-Status: DYNAMIC
Report-To: {"endpoints":[{"url":"https:\/\/a.nel.cloudflare.com\/report\/v4?s=WVgutnQVSQTtEGyVsmxnFNg%2B4jNJrlPQAZKu%2F4RUmXrvYjEIkkQroWJVAtWLawZq2S0882jyNQ9571%2Fxtifo%2Bn0IfiEogSDeicthVTQX7At97bYLQPgbRSiB92fg62lKao9kI3dmELqCrrwF66r%2B098s6eM%3D"}],"group":"cf-nel","max_age":604800}
NEL: {"success_fraction":0,"report_to":"cf-nel","max_age":604800}
Server: cloudflare
CF-RAY: 89bf2eeddd39b960-AMS
Content-Encoding: gzip
alt-svc: h3=":443"; ma=86400

{
    "success": true,
    "user": {
        "email": "newhloyflmqno@ya.ru",
        "name": "IdfoujkkRu"
    }
}
HTTP/1.1 200 OK
Date: Sun, 30 Jun 2024 15:27:57 GMT
Content-Type: application/json; charset=utf-8
Transfer-Encoding: chunked
Connection: keep-alive
X-Powered-By: Express
Access-Control-Allow-Origin: *
ETag: W/"4b-tKFhm376iDFP+VGwVic21RxrTD8"
CF-Cache-Status: DYNAMIC
Report-To: {"endpoints":[{"url":"https:\/\/a.nel.cloudflare.com\/report\/v4?s=WVgutnQVSQTtEGyVsmxnFNg%2B4jNJrlPQAZKu%2F4RUmXrvYjEIkkQroWJVAtWLawZq2S0882jyNQ9571%2Fxtifo%2Bn0IfiEogSDeicthVTQX7At97bYLQPgbRSiB92fg62lKao9kI3dmELqCrrwF66r%2B098s6eM%3D"}],"group":"cf-nel","max_age":604800}
NEL: {"success_fraction":0,"report_to":"cf-nel","max_age":604800}
Server: cloudflare
CF-RAY: 89bf2eeddd39b960-AMS
Content-Encoding: gzip
alt-svc: h3=":443"; ma=86400

{
    "success": true,
    "user": {
        "email": "newhloyflmqno@ya.ru",
        "name": "IdfoujkkRu"
    }
}
HTTP/1.1 200 OK
Date: Sun, 30 Jun 2024 15:27:57 GMT
Content-Type: application/json; charset=utf-8
Transfer-Encoding: chunked
Connection: keep-alive
X-Powered-By: Express
Access-Control-Allow-Origin: *
ETag: W/"4b-tKFhm376iDFP+VGwVic21RxrTD8"
CF-Cache-Status: DYNAMIC
Report-To: {"endpoints":[{"url":"https:\/\/a.nel.cloudflare.com\/report\/v4?s=WVgutnQVSQTtEGyVsmxnFNg%2B4jNJrlPQAZKu%2F4RUmXrvYjEIkkQroWJVAtWLawZq2S0882jyNQ9571%2Fxtifo%2Bn0IfiEogSDeicthVTQX7At97bYLQPgbRSiB92fg62lKao9kI3dmELqCrrwF66r%2B098s6eM%3D"}],"group":"cf-nel","max_age":604800}
NEL: {"success_fraction":0,"report_to":"cf-nel","max_age":604800}
Server: cloudflare
CF-RAY: 89bf2eeddd39b960-AMS
Content-Encoding: gzip
alt-svc: h3=":443"; ma=86400

{
    "success": true,
    "user": {
        "email": "newhloyflmqno@ya.ru",
        "name": "IdfoujkkRu"
    }
}
HTTP/1.1 200 OK
Date: Sun, 30 Jun 2024 15:27:57 GMT
Content-Type: application/json; charset=utf-8
Transfer-Encoding: chunked
Connection: keep-alive
X-Powered-By: Express
Access-Control-Allow-Origin: *
ETag: W/"4b-tKFhm376iDFP+VGwVic21RxrTD8"
CF-Cache-Status: DYNAMIC
Report-To: {"endpoints":[{"url":"https:\/\/a.nel.cloudflare.com\/report\/v4?s=WVgutnQVSQTtEGyVsmxnFNg%2B4jNJrlPQAZKu%2F4RUmXrvYjEIkkQroWJVAtWLawZq2S0882jyNQ9571%2Fxtifo%2Bn0IfiEogSDeicthVTQX7At97bYLQPgbRSiB92fg62lKao9kI3dmELqCrrwF66r%2B098s6eM%3D"}],"group":"cf-nel","max_age":604800}
NEL: {"success_fraction":0,"report_to":"cf-nel","max_age":604800}
Server: cloudflare
CF-RAY: 89bf2eeddd39b960-AMS
Content-Encoding: gzip
alt-svc: h3=":443"; ma=86400

{
    "success": true,
    "user": {
        "email": "newhloyflmqno@ya.ru",
        "name": "IdfoujkkRu"
    }
}
HTTP/1.1 200 OK
Date: Sun, 30 Jun 2024 15:27:57 GMT
Content-Type: application/json; charset=utf-8
Transfer-Encoding: chunked
Connection: keep-alive
X-Powered-By: Express
Access-Control-Allow-Origin: *
ETag: W/"4b-tKFhm376iDFP+VGwVic21RxrTD8"
CF-Cache-Status: DYNAMIC
Report-To: {"endpoints":[{"url":"https:\/\/a.nel.cloudflare.com\/report\/v4?s=WVgutnQVSQTtEGyVsmxnFNg%2B4jNJrlPQAZKu%2F4RUmXrvYjEIkkQroWJVAtWLawZq2S0882jyNQ9571%2Fxtifo%2Bn0IfiEogSDeicthVTQX7At97bYLQPgbRSiB92fg62lKao9kI3dmELqCrrwF66r%2B098s6eM%3D"}],"group":"cf-nel","max_age":604800}
NEL: {"success_fraction":0,"report_to":"cf-nel","max_age":604800}
Server: cloudflare
CF-RAY: 89bf2eeddd39b960-AMS
Content-Encoding: gzip
alt-svc: h3=":443"; ma=86400

{
    "success": true,
    "user": {
        "email": "newhloyflmqno@ya.ru",
        "name": "IdfoujkkRu"
    }
}
HTTP/1.1 200 OK
Date: Sun, 30 Jun 2024 15:27:57 GMT
Content-Type: application/json; charset=utf-8
Transfer-Encoding: chunked
Connection: keep-alive
X-Powered-By: Express
Access-Control-Allow-Origin: *
ETag: W/"4b-tKFhm376iDFP+VGwVic21RxrTD8"
CF-Cache-Status: DYNAMIC
Report-To: {"endpoints":[{"url":"https:\/\/a.nel.cloudflare.com\/report\/v4?s=WVgutnQVSQTtEGyVsmxnFNg%2B4jNJrlPQAZKu%2F4RUmXrvYjEIkkQroWJVAtWLawZq2S0882jyNQ9571%2Fxtifo%2Bn0IfiEogSDeicthVTQX7At97bYLQPgbRSiB92fg62lKao9kI3dmELqCrrwF66r%2B098s6eM%3D"}],"group":"cf-nel","max_age":604800}
NEL: {"success_fraction":0,"report_to":"cf-nel","max_age":604800}
Server: cloudflare
CF-RAY: 89bf2eeddd39b960-AMS
Content-Encoding: gzip
alt-svc: h3=":443"; ma=86400

{
    "success": true,
    "user": {
        "email": "newhloyflmqno@ya.ru",
        "name": "IdfoujkkRu"
    }
}
HTTP/1.1 200 OK
Date: Sun, 30 Jun 2024 15:27:57 GMT
Content-Type: application/json; charset=utf-8
Transfer-Encoding: chunked
Connection: keep-alive
X-Powered-By: Express
Access-Control-Allow-Origin: *
ETag: W/"4b-tKFhm376iDFP+VGwVic21RxrTD8"
CF-Cache-Status: DYNAMIC
Report-To: {"endpoints":[{"url":"https:\/\/a.nel.cloudflare.com\/report\/v4?s=WVgutnQVSQTtEGyVsmxnFNg%2B4jNJrlPQAZKu%2F4RUmXrvYjEIkkQroWJVAtWLawZq2S0882jyNQ9571%2Fxtifo%2Bn0IfiEogSDeicthVTQX7At97bYLQPgbRSiB92fg62lKao9kI3dmELqCrrwF66r%2B098s6eM%3D"}],"group":"cf-nel","max_age":604800}
NEL: {"success_fraction":0,"report_to":"cf-nel","max_age":604800}
Server: cloudflare
CF-RAY: 89bf2eeddd39b960-AMS
Content-Encoding: gzip
alt-svc: h3=":443"; ma=86400

{
    "success": true,
    "user": {
        "email": "newhloyflmqno@ya.ru",
        "name": "IdfoujkkRu"
    }
}
HTTP/1.1 200 OK
Date: Sun, 30 Jun 2024 15:27:57 GMT
Content-Type: application/json; charset=utf-8
Transfer-Encoding: chunked
Connection: keep-alive
X-Powered-By: Express
Access-Control-Allow-Origin: *
ETag: W/"4b-tKFhm376iDFP+VGwVic21RxrTD8"
CF-Cache-Status: DYNAMIC
Report-To: {"endpoints":[{"url":"https:\/\/a.nel.cloudflare.com\/report\/v4?s=WVgutnQVSQTtEGyVsmxnFNg%2B4jNJrlPQAZKu%2F4RUmXrvYjEIkkQroWJVAtWLawZq2S0882jyNQ9571%2Fxtifo%2Bn0IfiEogSDeicthVTQX7At97bYLQPgbRSiB92fg62lKao9kI3dmELqCrrwF66r%2B098s6eM%3D"}],"group":"cf-nel","max_age":604800}
NEL: {"success_fraction":0,"report_to":"cf-nel","max_age":604800}
Server: cloudflare
CF-RAY: 89bf2eeddd39b960-AMS
Content-Encoding: gzip
alt-svc: h3=":443"; ma=86400

{
    "success": true,
    "user": {
        "email": "newhloyflmqno@ya.ru",
        "name": "IdfoujkkRu"
    }
}
HTTP/1.1 200 OK
Date: Sun, 30 Jun 2024 15:27:57 GMT
Content-Type: application/json; charset=utf-8
Transfer-Encoding: chunked
Connection: keep-alive
X-Powered-By: Express
Access-Control-Allow-Origin: *
ETag: W/"4b-tKFhm376iDFP+VGwVic21RxrTD8"
CF-Cache-Status: DYNAMIC
Report-To: {"endpoints":[{"url":"https:\/\/a.nel.cloudflare.com\/report\/v4?s=WVgutnQVSQTtEGyVsmxnFNg%2B4jNJrlPQAZKu%2F4RUmXrvYjEIkkQroWJVAtWLawZq2S0882jyNQ9571%2Fxtifo%2Bn0IfiEogSDeicthVTQX7At97bYLQPgbRSiB92fg62lKao9kI3dmELqCrrwF66r%2B098s6eM%3D"}],"group":"cf-nel","max_age":604800}
NEL: {"success_fraction":0,"report_to":"cf-nel","max_age":604800}
Server: cloudflare
CF-RAY: 89bf2eeddd39b960-AMS
Content-Encoding: gzip
alt-svc: h3=":443"; ma=86400

{
    "success": true,
    "user": {
        "email": "newhloyflmqno@ya.ru",
        "name": "IdfoujkkRu"
    }
}
HTTP/1.1 200 OK
Date: Sun, 30 Jun 2024 15:27:57 GMT
Content-Type: application/json; charset=utf-8
Transfer-Encoding: chunked
Connection: keep-alive
X-Powered-By: Express
Access-Control-Allow-Origin: *
ETag: W/"4b-tKFhm376iDFP+VGwVic21RxrTD8"
CF-Cache-Status: DYNAMIC
Report-To: {"endpoints":[{"url":"https:\/\/a.nel.cloudflare.com\/report\/v4?s=WVgutnQVSQTtEGyVsmxnFNg%2B4jNJrlPQAZKu%2F4RUmXrvYjEIkkQroWJVAtWLawZq2S0882jyNQ9571%2Fxtifo%2Bn0IfiEogSDeicthVTQX7At97bYLQPgbRSiB92fg62lKao9kI3dmELqCrrwF66r%2B098s6eM%3D"}],"group":"cf-nel","max_age":604800}
NEL: {"success_fraction":0,"report_to":"cf-nel","max_age":604800}
Server: cloudflare
CF-RAY: 89bf2eeddd39b960-AMS
Content-Encoding: gzip
alt-svc: h3=":443"; ma=86400

{
    "success": true,
    "user": {
        "email": "newhloyflmqno@ya.ru",
        "name": "IdfoujkkRu"
    }
}
HTTP/1.1 200 OK
Date: Sun, 30 Jun 2024 15:27:57 GMT
Content-Type: application/json; charset=utf-8
Transfer-Encoding: chunked
Connection: keep-alive
X-Powered-By: Express
Access-Control-Allow-Origin: *
ETag: W/"4b-tKFhm376iDFP+VGwVic21RxrTD8"
CF-Cache-Status: DYNAMIC
Report-To: {"endpoints":[{"url":"https:\/\/a.nel.cloudflare.com\/report\/v4?s=WVgutnQVSQTtEGyVsmxnFNg%2B4jNJrlPQAZKu%2F4RUmXrvYjEIkkQroWJVAtWLawZq2S0882jyNQ9571%2Fxtifo%2Bn0IfiEogSDeicthVTQX7At97bYLQPgbRSiB92fg62lKao9kI3dmELqCrrwF66r%2B098s6eM%3D"}],"group":"cf-nel","max_age":604800}
NEL: {"success_fraction":0,"report_to":"cf-nel","max_age":604800}
Server: cloudflare
CF-RAY: 89bf2eeddd39b960-AMS
Content-Encoding: gzip
alt-svc: h3=":443"; ma=86400

{
    "success": true,
    "user": {
        "email": "newhloyflmqno@ya.ru",
        "name": "IdfoujkkRu"
    }
}
HTTP/1.1 200 OK
Date: Sun, 30 Jun 2024 15:27:57 GMT
Content-Type: application/json; charset=utf-8
Transfer-Encoding: chunked
Connection: keep-alive
X-Powered-By: Express
Access-Control-Allow-Origin: *
ETag: W/"4b-tKFhm376iDFP+VGwVic21RxrTD8"
CF-Cache-Status: DYNAMIC
Report-To: {"endpoints":[{"url":"https:\/\/a.nel.cloudflare.com\/report\/v4?s=WVgutnQVSQTtEGyVsmxnFNg%2B4jNJrlPQAZKu%2F4RUmXrvYjEIkkQroWJVAtWLawZq2S0882jyNQ9571%2Fxtifo%2Bn0IfiEogSDeicthVTQX7At97bYLQPgbRSiB92fg62lKao9kI3dmELqCrrwF66r%2B098s6eM%3D"}],"group":"cf-nel","max_age":604800}
NEL: {"success_fraction":0,"report_to":"cf-nel","max_age":604800}
Server: cloudflare
CF-RAY: 89bf2eeddd39b960-AMS
Content-Encoding: gzip
alt-svc: h3=":443"; ma=86400

{
    "success": true,
    "user": {
        "email": "newhloyflmqno@ya.ru",
        "name": "IdfoujkkRu"
    }
}
HTTP/1.1 200 OK
Date: Sun, 30 Jun 2024 15:27:57 GMT
Content-Type: application/json; charset=utf-8
Transfer-Encoding: chunked
Connection: keep-alive
X-Powered-By: Express
Access-Control-Allow-Origin: *
ETag: W/"4b-tKFhm376iDFP+VGwVic21RxrTD8"
CF-Cache-Status: DYNAMIC
Report-To: {"endpoints":[{"url":"https:\/\/a.nel.cloudflare.com\/report\/v4?s=WVgutnQVSQTtEGyVsmxnFNg%2B4jNJrlPQAZKu%2F4RUmXrvYjEIkkQroWJVAtWLawZq2S0882jyNQ9571%2Fxtifo%2Bn0IfiEogSDeicthVTQX7At97bYLQPgbRSiB92fg62lKao9kI3dmELqCrrwF66r%2B098s6eM%3D"}],"group":"cf-nel","max_age":604800}
NEL: {"success_fraction":0,"report_to":"cf-nel","max_age":604800}
Server: cloudflare
CF-RAY: 89bf2eeddd39b960-AMS
Content-Encoding: gzip
alt-svc: h3=":443"; ma=86400

{
    "success": true,
    "user": {
        "email": "newhloyflmqno@ya.ru",
        "name": "IdfoujkkRu"
    }
}
HTTP/1.1 200 OK
Date: Sun, 30 Jun 2024 15:27:57 GMT
Content-Type: application/json; charset=utf-8
Transfer-Encoding: chunked
Connection: keep-alive
X-Powered-By: Express
Access-Control-Allow-Origin: *
ETag: W/"4b-tKFhm376iDFP+VGwVic21RxrTD8"
CF-Cache-Status: DYNAMIC
Report-To: {"endpoints":[{"url":"https:\/\/a.nel.cloudflare.com\/report\/v4?s=WVgutnQVSQTtEGyVsmxnFNg%2B4jNJrlPQAZKu%2F4RUmXrvYjEIkkQroWJVAtWLawZq2S0882jyNQ9571%2Fxtifo%2Bn0IfiEogSDeicthVTQX7At97bYLQPgbRSiB92fg62lKao9kI3dmELqCrrwF66r%2B098s6eM%3D"}],"group":"cf-nel","max_age":604800}
NEL: {"success_fraction":0,"report_to":"cf-nel","max_age":604800}
Server: cloudflare
CF-RAY: 89bf2eeddd39b960-AMS
Content-Encoding: gzip
alt-svc: h3=":443"; ma=86400

{
    "success": true,
    "user": {
        "email": "newhloyflmqno@ya.ru",
        "name": "IdfoujkkRu"
    }
}
HTTP/1.1 200 OK
Date: Sun, 30 Jun 2024 15:27:57 GMT
Content-Type: application/json; charset=utf-8
Transfer-Encoding: chunked
Connection: keep-alive
X-Powered-By: Express
Access-Control-Allow-Origin: *
ETag: W/"4b-tKFhm376iDFP+VGwVic21RxrTD8"
CF-Cache-Status: DYNAMIC
Report-To: {"endpoints":[{"url":"https:\/\/a.nel.cloudflare.com\/report\/v4?s=WVgutnQVSQTtEGyVsmxnFNg%2B4jNJrlPQAZKu%2F4RUmXrvYjEIkkQroWJVAtWLawZq2S0882jyNQ9571%2Fxtifo%2Bn0IfiEogSDeicthVTQX7At97bYLQPgbRSiB92fg62lKao9kI3dmELqCrrwF66r%2B098s6eM%3D"}],"group":"cf-nel","max_age":604800}
NEL: {"success_fraction":0,"report_to":"cf-nel","max_age":604800}
Server: cloudflare
CF-RAY: 89bf2eeddd39b960-AMS
Content-Encoding: gzip
alt-svc: h3=":443"; ma=86400

{
    "success": true,
    "user": {
        "email": "newhloyflmqno@ya.ru",
        "name": "IdfoujkkRu"
    }
}
HTTP/1.1 200 OK
Date: Sun, 30 Jun 2024 15:27:57 GMT
Content-Type: application/json; charset=utf-8
Transfer-Encoding: chunked
Connection: keep-alive
X-Powered-By: Express
Access-Control-Allow-Origin: *
ETag: W/"4b-tKFhm376iDFP+VGwVic21RxrTD8"
CF-Cache-Status: DYNAMIC
Report-To: {"endpoints":[{"url":"https:\/\/a.nel.cloudflare.com\/report\/v4?s=WVgutnQVSQTtEGyVsmxnFNg%2B4jNJrlPQAZKu%2F4RUmXrvYjEIkkQroWJVAtWLawZq2S0882jyNQ9571%2Fxtifo%2Bn0IfiEogSDeicthVTQX7At97bYLQPgbRSiB92fg62lKao9kI3dmELqCrrwF66r%2B098s6eM%3D"}],"group":"cf-nel","max_age":604800}
NEL: {"success_fraction":0,"report_to":"cf-nel","max_age":604800}
Server: cloudflare
CF-RAY: 89bf2eeddd39b960-AMS
Content-Encoding: gzip
alt-svc: h3=":443"; ma=86400

{
    "success": true,
    "user": {
        "email": "newhloyflmqno@ya.ru",
        "name": "IdfoujkkRu"
    }
}
HTTP/1.1 200 OK
Date: Sun, 30 Jun 2024 15:27:57 GMT
Content-Type: application/json; charset=utf-8
Transfer-Encoding: chunked
Connection: keep-alive
X-Powered-By: Express
Access-Control-Allow-Origin: *
ETag: W/"4b-tKFhm376iDFP+VGwVic21RxrTD8"
CF-Cache-Status: DYNAMIC
Report-To: {"endpoints":[{"url":"https:\/\/a.nel.cloudflare.com\/report\/v4?s=WVgutnQVSQTtEGyVsmxnFNg%2B4jNJrlPQAZKu%2F4RUmXrvYjEIkkQroWJVAtWLawZq2S0882jyNQ9571%2Fxtifo%2Bn0IfiEogSDeicthVTQX7At97bYLQPgbRSiB92fg62lKao9kI3dmELqCrrwF66r%2B098s6eM%3D"}],"group":"cf-nel","max_age":604800}
NEL: {"success_fraction":0,"report_to":"cf-nel","max_age":604800}
Server: cloudflare
CF-RAY: 89bf2eeddd39b960-AMS
Content-Encoding: gzip
alt-svc: h3=":443"; ma=86400

{
    "success": true,
    "user": {
        "email": "newhloyflmqno@ya.ru",
        "name": "IdfoujkkRu"
    }
}
HTTP/1.1 200 OK
Date: Sun, 30 Jun 2024 15:27:57 GMT
Content-Type: application/json; charset=utf-8
Transfer-Encoding: chunked
Connection: keep-alive
X-Powered-By: Express
Access-Control-Allow-Origin: *
ETag: W/"4b-tKFhm376iDFP+VGwVic21RxrTD8"
CF-Cache-Status: DYNAMIC
Report-To: {"endpoints":[{"url":"https:\/\/a.nel.cloudflare.com\/report\/v4?s=WVgutnQVSQTtEGyVsmxnFNg%2B4jNJrlPQAZKu%2F4RUmXrvYjEIkkQroWJVAtWLawZq2S0882jyNQ9571%2Fxtifo%2Bn0IfiEogSDeicthVTQX7At97bYLQPgbRSiB92fg62lKao9kI3dmELqCrrwF66r%2B098s6eM%3D"}],"group":"cf-nel","max_age":604800}
NEL: {"success_fraction":0,"report_to":"cf-nel","max_age":604800}
Server: cloudflare
CF-RAY: 89bf2eeddd39b960-AMS
Content-Encoding: gzip
alt-svc: h3=":443"; ma=86400

{
    "success": true,
    "user": {
        "email": "newhloyflmqno@ya.ru",
        "name": "IdfoujkkRu"
    }
}
HTTP/1.1 200 OK
Date: Sun, 30 Jun 2024 15:27:57 GMT
Content-Type: application/json; charset=utf-8
Transfer-Encoding: chunked
Connection: keep-alive
X-Powered-By: Express
Access-Control-Allow-Origin: *
ETag: W/"4b-tKFhm376iDFP+VGwVic21RxrTD8"
CF-Cache-Status: DYNAMIC
Report-To: {"endpoints":[{"url":"https:\/\/a.nel.cloudflare.com\/report\/v4?s=WVgutnQVSQTtEGyVsmxnFNg%2B4jNJrlPQAZKu%2F4RUmXrvYjEIkkQroWJVAtWLawZq2S0882jyNQ9571%2Fxtifo%2Bn0IfiEogSDeicthVTQX7At97bYLQPgbRSiB92fg62lKao9kI3dmELqCrrwF66r%2B098s6eM%3D"}],"group":"cf-nel","max_age":604800}
NEL: {"success_fraction":0,"report_to":"cf-nel","max_age":604800}
Server: cloudflare
CF-RAY: 89bf2eeddd39b960-AMS
Content-Encoding: gzip
alt-svc: h3=":443"; ma=86400

{
    "success": true,
    "user": {
        "email": "newhloyflmqno@ya.ru",
        "name": "IdfoujkkRu"
    }
}
HTTP/1.1 200 OK
Date: Sun, 30 Jun 2024 15:27:57 GMT
Content-Type: application/json; charset=utf-8
Transfer-Encoding: chunked
Connection: keep-alive
X-Powered-By: Express
Access-Control-Allow-Origin: *
ETag: W/"4b-tKFhm376iDFP+VGwVic21RxrTD8"
CF-Cache-Status: DYNAMIC
Report-To: {"endpoints":[{"url":"https:\/\/a.nel.cloudflare.com\/report\/v4?s=WVgutnQVSQTtEGyVsmxnFNg%2B4jNJrlPQAZKu%2F4RUmXrvYjEIkkQroWJVAtWLawZq2S0882jyNQ9571%2Fxtifo%2Bn0IfiEogSDeicthVTQX7At97bYLQPgbRSiB92fg62lKao9kI3dmELqCrrwF66r%2B098s6eM%3D"}],"group":"cf-nel","max_age":604800}
NEL: {"success_fraction":0,"report_to":"cf-nel","max_age":604800}
Server: cloudflare
CF-RAY: 89bf2eeddd39b960-AMS
Content-Encoding: gzip
alt-svc: h3=":443"; ma=86400

{
    "success": true,
    "user": {
        "email": "newhloyflmqno@ya.ru",
        "name": "IdfoujkkRu"
    }
}
HTTP/1.1 200 OK
Date: Sun, 30 Jun 2024 15:27:57 GMT
Content-Type: application/json; charset=utf-8
Transfer-Encoding: chunked
Connection: keep-alive
X-Powered-By: Express
Access-Control-Allow-Origin: *
ETag: W/"4b-tKFhm376iDFP+VGwVic21RxrTD8"
CF-Cache-Status: DYNAMIC
Report-To: {"endpoints":[{"url":"https:\/\/a.nel.cloudflare.com\/report\/v4?s=WVgutnQVSQTtEGyVsmxnFNg%2B4jNJrlPQAZKu%2F4RUmXrvYjEIkkQroWJVAtWLawZq2S0882jyNQ9571%2Fxtifo%2Bn0IfiEogSDeicthVTQX7At97bYLQPgbRSiB92fg62lKao9kI3dmELqCrrwF66r%2B098s6eM%3D"}],"group":"cf-nel","max_age":604800}
NEL: {"success_fraction":0,"report_to":"cf-nel","max_age":604800}
Server: cloudflare
CF-RAY: 89bf2eeddd39b960-AMS
Content-Encoding: gzip
alt-svc: h3=":443"; ma=86400

{
    "success": true,
    "user": {
        "email": "newhloyflmqno@ya.ru",
        "name": "IdfoujkkRu"
    }
}
HTTP/1.1 200 OK
Date: Sun, 30 Jun 2024 15:27:57 GMT
Content-Type: application/json; charset=utf-8
Transfer-Encoding: chunked
Connection: keep-alive
X-Powered-By: Express
Access-Control-Allow-Origin: *
ETag: W/"4b-tKFhm376iDFP+VGwVic21RxrTD8"
CF-Cache-Status: DYNAMIC
Report-To: {"endpoints":[{"url":"https:\/\/a.nel.cloudflare.com\/report\/v4?s=WVgutnQVSQTtEGyVsmxnFNg%2B4jNJrlPQAZKu%2F4RUmXrvYjEIkkQroWJVAtWLawZq2S0882jyNQ9571%2Fxtifo%2Bn0IfiEogSDeicthVTQX7At97bYLQPgbRSiB92fg62lKao9kI3dmELqCrrwF66r%2B098s6eM%3D"}],"group":"cf-nel","max_age":604800}
NEL: {"success_fraction":0,"report_to":"cf-nel","max_age":604800}
Server: cloudflare
CF-RAY: 89bf2eeddd39b960-AMS
Content-Encoding: gzip
alt-svc: h3=":443"; ma=86400

{
    "success": true,
    "user": {
        "email": "newhloyflmqno@ya.ru",
        "name": "IdfoujkkRu"
    }
}
HTTP/1.1 200 OK
Date: Sun, 30 Jun 2024 15:27:57 GMT
Content-Type: application/json; charset=utf-8
Transfer-Encoding: chunked
Connection: keep-alive
X-Powered-By: Express
Access-Control-Allow-Origin: *
ETag: W/"4b-tKFhm376iDFP+VGwVic21RxrTD8"
CF-Cache-Status: DYNAMIC
Report-To: {"endpoints":[{"url":"https:\/\/a.nel.cloudflare.com\/report\/v4?s=WVgutnQVSQTtEGyVsmxnFNg%2B4jNJrlPQAZKu%2F4RUmXrvYjEIkkQroWJVAtWLawZq2S0882jyNQ9571%2Fxtifo%2Bn0IfiEogSDeicthVTQX7At97bYLQPgbRSiB92fg62lKao9kI3dmELqCrrwF66r%2B098s6eM%3D"}],"group":"cf-nel","max_age":604800}
NEL: {"success_fraction":0,"report_to":"cf-nel","max_age":604800}
Server: cloudflare
CF-RAY: 89bf2eeddd39b960-AMS
Content-Encoding: gzip
alt-svc: h3=":443"; ma=86400

{
    "success": true,
    "user": {
        "email": "newhloyflmqno@ya.ru",
        "name": "IdfoujkkRu"
    }
}
HTTP/1.1 200 OK
Date: Sun, 30 Jun 2024 15:27:57 GMT
Content-Type: application/json; charset=utf-8
Transfer-Encoding: chunked
Connection: keep-alive
X-Powered-By: Express
Access-Control-Allow-Origin: *
ETag: W/"4b-tKFhm376iDFP+VGwVic21RxrTD8"
CF-Cache-Status: DYNAMIC
Report-To: {"endpoints":[{"url":"https:\/\/a.nel.cloudflare.com\/report\/v4?s=WVgutnQVSQTtEGyVsmxnFNg%2B4jNJrlPQAZKu%2F4RUmXrvYjEIkkQroWJVAtWLawZq2S0882jyNQ9571%2Fxtifo%2Bn0IfiEogSDeicthVTQX7At97bYLQPgbRSiB92fg62lKao9kI3dmELqCrrwF66r%2B098s6eM%3D"}],"group":"cf-nel","max_age":604800}
NEL: {"success_fraction":0,"report_to":"cf-nel","max_age":604800}
Server: cloudflare
CF-RAY: 89bf2eeddd39b960-AMS
Content-Encoding: gzip
alt-svc: h3=":443"; ma=86400

{
    "success": true,
    "user": {
        "email": "newhloyflmqno@ya.ru",
        "name": "IdfoujkkRu"
    }
}
HTTP/1.1 200 OK
Date: Sun, 30 Jun 2024 15:27:57 GMT
Content-Type: application/json; charset=utf-8
Transfer-Encoding: chunked
Connection: keep-alive
X-Powered-By: Express
Access-Control-Allow-Origin: *
ETag: W/"4b-tKFhm376iDFP+VGwVic21RxrTD8"
CF-Cache-Status: DYNAMIC
Report-To: {"endpoints":[{"url":"https:\/\/a.nel.cloudflare.com\/report\/v4?s=WVgutnQVSQTtEGyVsmxnFNg%2B4jNJrlPQAZKu%2F4RUmXrvYjEIkkQroWJVAtWLawZq2S0882jyNQ9571%2Fxtifo%2Bn0IfiEogSDeicthVTQX7At97bYLQPgbRSiB92fg62lKao9kI3dmELqCrrwF66r%2B098s6eM%3D"}],"group":"cf-nel","max_age":604800}
NEL: {"success_fraction":0,"report_to":"cf-nel","max_age":604800}
Server: cloudflare
CF-RAY: 89bf2eeddd39b960-AMS
Content-Encoding: gzip
alt-svc: h3=":443"; ma=86400

{
    "success": true,
    "user": {
        "email": "newhloyflmqno@ya.ru",
        "name": "IdfoujkkRu"
    }
}
HTTP/1.1 200 OK
Date: Sun, 30 Jun 2024 15:27:57 GMT
Content-Type: application/json; charset=utf-8
Transfer-Encoding: chunked
Connection: keep-alive
X-Powered-By: Express
Access-Control-Allow-Origin: *
ETag: W/"4b-tKFhm376iDFP+VGwVic21RxrTD8"
CF-Cache-Status: DYNAMIC
Report-To: {"endpoints":[{"url":"https:\/\/a.nel.cloudflare.com\/report\/v4?s=WVgutnQVSQTtEGyVsmxnFNg%2B4jNJrlPQAZKu%2F4RUmXrvYjEIkkQroWJVAtWLawZq2S0882jyNQ9571%2Fxtifo%2Bn0IfiEogSDeicthVTQX7At97bYLQPgbRSiB92fg62lKao9kI3dmELqCrrwF66r%2B098s6eM%3D"}],"group":"cf-nel","max_age":604800}
NEL: {"success_fraction":0,"report_to":"cf-nel","max_age":604800}
Server: cloudflare
CF-RAY: 89bf2eeddd39b960-AMS
Content-Encoding: gzip
alt-svc: h3=":443"; ma=86400

{
    "success": true,
    "user": {
        "email": "newhloyflmqno@ya.ru",
        "name": "IdfoujkkRu"
    }
}
HTTP/1.1 200 OK
Date: Sun, 30 Jun 2024 15:27:57 GMT
Content-Type: application/json; charset=utf-8
Transfer-Encoding: chunked
Connection: keep-alive
X-Powered-By: Express
Access-Control-Allow-Origin: *
ETag: W/"4b-tKFhm376iDFP+VGwVic21RxrTD8"
CF-Cache-Status: DYNAMIC
Report-To: {"endpoints":[{"url":"https:\/\/a.nel.cloudflare.com\/report\/v4?s=WVgutnQVSQTtEGyVsmxnFNg%2B4jNJrlPQAZKu%2F4RUmXrvYjEIkkQroWJVAtWLawZq2S0882jyNQ9571%2Fxtifo%2Bn0IfiEogSDeicthVTQX7At97bYLQPgbRSiB92fg62lKao9kI3dmELqCrrwF66r%2B098s6eM%3D"}],"group":"cf-nel","max_age":604800}
NEL: {"success_fraction":0,"report_to":"cf-nel","max_age":604800}
Server: cloudflare
CF-RAY: 89bf2eeddd39b960-AMS
Content-Encoding: gzip
alt-svc: h3=":443"; ma=86400

{
    "success": true,
    "user": {
        "email": "newhloyflmqno@ya.ru",
        "name": "IdfoujkkRu"
    }
}
HTTP/1.1 200 OK
Date: Sun, 30 Jun 2024 15:27:57 GMT
Content-Type: application/json; charset=utf-8
Transfer-Encoding: chunked
Connection: keep-alive
X-Powered-By: Express
Access-Control-Allow-Origin: *
ETag: W/"4b-tKFhm376iDFP+VGwVic21RxrTD8"
CF-Cache-Status: DYNAMIC
Report-To: {"endpoints":[{"url":"https:\/\/a.nel.cloudflare.com\/report\/v4?s=WVgutnQVSQTtEGyVsmxnFNg%2B4jNJrlPQAZKu%2F4RUmXrvYjEIkkQroWJVAtWLawZq2S0882jyNQ9571%2Fxtifo%2Bn0IfiEogSDeicthVTQX7At97bYLQPgbRSiB92fg62lKao9kI3dmELqCrrwF66r%2B098s6eM%3D"}],"group":"cf-nel","max_age":604800}
NEL: {"success_fraction":0,"report_to":"cf-nel","max_age":604800}
Server: cloudflare
CF-RAY: 89bf2eeddd39b960-AMS
Content-Encoding: gzip
alt-svc: h3=":443"; ma=86400

{
    "success": true,
    "user": {
        "email": "newhloyflmqno@ya.ru",
        "name": "IdfoujkkRu"
    }
}
HTTP/1.1 200 OK
Date: Sun, 30 Jun 2024 15:27:57 GMT
Content-Type: application/json; charset=utf-8
Transfer-Encoding: chunked
Connection: keep-alive
X-Powered-By: Express
Access-Control-Allow-Origin: *
ETag: W/"4b-tKFhm376iDFP+VGwVic21RxrTD8"
CF-Cache-Status: DYNAMIC
Report-To: {"endpoints":[{"url":"https:\/\/a.nel.cloudflare.com\/report\/v4?s=WVgutnQVSQTtEGyVsmxnFNg%2B4jNJrlPQAZKu%2F4RUmXrvYjEIkkQroWJVAtWLawZq2S0882jyNQ9571%2Fxtifo%2Bn0IfiEogSDeicthVTQX7At97bYLQPgbRSiB92fg62lKao9kI3dmELqCrrwF66r%2B098s6eM%3D"}],"group":"cf-nel","max_age":604800}
NEL: {"success_fraction":0,"report_to":"cf-nel","max_age":604800}
Server: cloudflare
CF-RAY: 89bf2eeddd39b960-AMS
Content-Encoding: gzip
alt-svc: h3=":443"; ma=86400

{
    "success": true,
    "user": {
        "email": "newhloyflmqno@ya.ru",
        "name": "IdfoujkkRu"
    }
}
HTTP/1.1 200 OK
Date: Sun, 30 Jun 2024 15:27:57 GMT
Content-Type: application/json; charset=utf-8
Transfer-Encoding: chunked
Connection: keep-alive
X-Powered-By: Express
Access-Control-Allow-Origin: *
ETag: W/"4b-tKFhm376iDFP+VGwVic21RxrTD8"
CF-Cache-Status: DYNAMIC
Report-To: {"endpoints":[{"url":"https:\/\/a.nel.cloudflare.com\/report\/v4?s=WVgutnQVSQTtEGyVsmxnFNg%2B4jNJrlPQAZKu%2F4RUmXrvYjEIkkQroWJVAtWLawZq2S0882jyNQ9571%2Fxtifo%2Bn0IfiEogSDeicthVTQX7At97bYLQPgbRSiB92fg62lKao9kI3dmELqCrrwF66r%2B098s6eM%3D"}],"group":"cf-nel","max_age":604800}
NEL: {"success_fraction":0,"report_to":"cf-nel","max_age":604800}
Server: cloudflare
CF-RAY: 89bf2eeddd39b960-AMS
Content-Encoding: gzip
alt-svc: h3=":443"; ma=86400

{
    "success": true,
    "user": {
        "email": "newhloyflmqno@ya.ru",
        "name": "IdfoujkkRu"
    }
}
HTTP/1.1 200 OK
Date: Sun, 30 Jun 2024 15:27:57 GMT
Content-Type: application/json; charset=utf-8
Transfer-Encoding: chunked
Connection: keep-alive
X-Powered-By: Express
Access-Control-Allow-Origin: *
ETag: W/"4b-tKFhm376iDFP+VGwVic21RxrTD8"
CF-Cache-Status: DYNAMIC
Report-To: {"endpoints":[{"url":"https:\/\/a.nel.cloudflare.com\/report\/v4?s=WVgutnQVSQTtEGyVsmxnFNg%2B4jNJrlPQAZKu%2F4RUmXrvYjEIkkQroWJVAtWLawZq2S0882jyNQ9571%2Fxtifo%2Bn0IfiEogSDeicthVTQX7At97bYLQPgbRSiB92fg62lKao9kI3dmELqCrrwF66r%2B098s6eM%3D"}],"group":"cf-nel","max_age":604800}
NEL: {"success_fraction":0,"report_to":"cf-nel","max_age":604800}
Server: cloudflare
CF-RAY: 89bf2eeddd39b960-AMS
Content-Encoding: gzip
alt-svc: h3=":443"; ma=86400

{
    "success": true,
    "user": {
        "email": "newhloyflmqno@ya.ru",
        "name": "IdfoujkkRu"
    }
}
HTTP/1.1 200 OK
Date: Sun, 30 Jun 2024 15:27:57 GMT
Content-Type: application/json; charset=utf-8
Transfer-Encoding: chunked
Connection: keep-alive
X-Powered-By: Express
Access-Control-Allow-Origin: *
ETag: W/"4b-tKFhm376iDFP+VGwVic21RxrTD8"
CF-Cache-Status: DYNAMIC
Report-To: {"endpoints":[{"url":"https:\/\/a.nel.cloudflare.com\/report\/v4?s=WVgutnQVSQTtEGyVsmxnFNg%2B4jNJrlPQAZKu%2F4RUmXrvYjEIkkQroWJVAtWLawZq2S0882jyNQ9571%2Fxtifo%2Bn0IfiEogSDeicthVTQX7At97bYLQPgbRSiB92fg62lKao9kI3dmELqCrrwF66r%2B098s6eM%3D"}],"group":"cf-nel","max_age":604800}
NEL: {"success_fraction":0,"report_to":"cf-nel","max_age":604800}
Server: cloudflare
CF-RAY: 89bf2eeddd39b960-AMS
Content-Encoding: gzip
alt-svc: h3=":443"; ma=86400

{
    "success": true,
    "user": {
        "email": "newhloyflmqno@ya.ru",
        "name": "IdfoujkkRu"
    }
}
HTTP/1.1 200 OK
Date: Sun, 30 Jun 2024 15:27:57 GMT
Content-Type: application/json; charset=utf-8
Transfer-Encoding: chunked
Connection: keep-alive
X-Powered-By: Express
Access-Control-Allow-Origin: *
ETag: W/"4b-tKFhm376iDFP+VGwVic21RxrTD8"
CF-Cache-Status: DYNAMIC
Report-To: {"endpoints":[{"url":"https:\/\/a.nel.cloudflare.com\/report\/v4?s=WVgutnQVSQTtEGyVsmxnFNg%2B4jNJrlPQAZKu%2F4RUmXrvYjEIkkQroWJVAtWLawZq2S0882jyNQ9571%2Fxtifo%2Bn0IfiEogSDeicthVTQX7At97bYLQPgbRSiB92fg62lKao9kI3dmELqCrrwF66r%2B098s6eM%3D"}],"group":"cf-nel","max_age":604800}
NEL: {"success_fraction":0,"report_to":"cf-nel","max_age":604800}
Server: cloudflare
CF-RAY: 89bf2eeddd39b960-AMS
Content-Encoding: gzip
alt-svc: h3=":443"; ma=86400

{
    "success": true,
    "user": {
        "email": "newhloyflmqno@ya.ru",
        "name": "IdfoujkkRu"
    }
}
Request method:	DELETE
Request URI:	https://stellarburgers.nomoreparties.site/api/auth/user
Proxy:			<none>
Request params:	<none>
Query params:	<none>
Form params:	<none>
Path params:	<none>
Headers:		authorization=Bearer eyJhbGciOiJIUzI1NiIsInR5cCI6IkpXVCJ9.eyJpZCI6IjY2ODE3OTdjOWVkMjgwMDAxYjQ1OTYyYSIsImlhdCI6MTcxOTc2MTI3NiwiZXhwIjoxNzE5NzYyNDc2fQ.ky1oc90NkGvdGCmavpL-0ZzteEyZprHpp5WCLzV228w
				Accept=*/*
				Content-Type=application/json
Cookies:		<none>
Multiparts:		<none>
Body:			<none>
Request method:	DELETE
Request URI:	https://stellarburgers.nomoreparties.site/api/auth/user
Proxy:			<none>
Request params:	<none>
Query params:	<none>
Form params:	<none>
Path params:	<none>
Headers:		authorization=Bearer eyJhbGciOiJIUzI1NiIsInR5cCI6IkpXVCJ9.eyJpZCI6IjY2ODE3OTdjOWVkMjgwMDAxYjQ1OTYyYSIsImlhdCI6MTcxOTc2MTI3NiwiZXhwIjoxNzE5NzYyNDc2fQ.ky1oc90NkGvdGCmavpL-0ZzteEyZprHpp5WCLzV228w
				Accept=*/*
				Content-Type=application/json
Cookies:		<none>
Multiparts:		<none>
Body:			<none>
Request method:	DELETE
Request URI:	https://stellarburgers.nomoreparties.site/api/auth/user
Proxy:			<none>
Request params:	<none>
Query params:	<none>
Form params:	<none>
Path params:	<none>
Headers:		authorization=Bearer eyJhbGciOiJIUzI1NiIsInR5cCI6IkpXVCJ9.eyJpZCI6IjY2ODE3OTdjOWVkMjgwMDAxYjQ1OTYyYSIsImlhdCI6MTcxOTc2MTI3NiwiZXhwIjoxNzE5NzYyNDc2fQ.ky1oc90NkGvdGCmavpL-0ZzteEyZprHpp5WCLzV228w
				Accept=*/*
				Content-Type=application/json
Cookies:		<none>
Multiparts:		<none>
Body:			<none>
Request method:	DELETE
Request URI:	https://stellarburgers.nomoreparties.site/api/auth/user
Proxy:			<none>
Request params:	<none>
Query params:	<none>
Form params:	<none>
Path params:	<none>
Headers:		authorization=Bearer eyJhbGciOiJIUzI1NiIsInR5cCI6IkpXVCJ9.eyJpZCI6IjY2ODE3OTdjOWVkMjgwMDAxYjQ1OTYyYSIsImlhdCI6MTcxOTc2MTI3NiwiZXhwIjoxNzE5NzYyNDc2fQ.ky1oc90NkGvdGCmavpL-0ZzteEyZprHpp5WCLzV228w
				Accept=*/*
				Content-Type=application/json
Cookies:		<none>
Multiparts:		<none>
Body:			<none>
Request method:	DELETE
Request URI:	https://stellarburgers.nomoreparties.site/api/auth/user
Proxy:			<none>
Request params:	<none>
Query params:	<none>
Form params:	<none>
Path params:	<none>
Headers:		authorization=Bearer eyJhbGciOiJIUzI1NiIsInR5cCI6IkpXVCJ9.eyJpZCI6IjY2ODE3OTdjOWVkMjgwMDAxYjQ1OTYyYSIsImlhdCI6MTcxOTc2MTI3NiwiZXhwIjoxNzE5NzYyNDc2fQ.ky1oc90NkGvdGCmavpL-0ZzteEyZprHpp5WCLzV228w
				Accept=*/*
				Content-Type=application/json
Cookies:		<none>
Multiparts:		<none>
Body:			<none>
Request method:	DELETE
Request URI:	https://stellarburgers.nomoreparties.site/api/auth/user
Proxy:			<none>
Request params:	<none>
Query params:	<none>
Form params:	<none>
Path params:	<none>
Headers:		authorization=Bearer eyJhbGciOiJIUzI1NiIsInR5cCI6IkpXVCJ9.eyJpZCI6IjY2ODE3OTdjOWVkMjgwMDAxYjQ1OTYyYSIsImlhdCI6MTcxOTc2MTI3NiwiZXhwIjoxNzE5NzYyNDc2fQ.ky1oc90NkGvdGCmavpL-0ZzteEyZprHpp5WCLzV228w
				Accept=*/*
				Content-Type=application/json
Cookies:		<none>
Multiparts:		<none>
Body:			<none>
Request method:	DELETE
Request URI:	https://stellarburgers.nomoreparties.site/api/auth/user
Proxy:			<none>
Request params:	<none>
Query params:	<none>
Form params:	<none>
Path params:	<none>
Headers:		authorization=Bearer eyJhbGciOiJIUzI1NiIsInR5cCI6IkpXVCJ9.eyJpZCI6IjY2ODE3OTdjOWVkMjgwMDAxYjQ1OTYyYSIsImlhdCI6MTcxOTc2MTI3NiwiZXhwIjoxNzE5NzYyNDc2fQ.ky1oc90NkGvdGCmavpL-0ZzteEyZprHpp5WCLzV228w
				Accept=*/*
				Content-Type=application/json
Cookies:		<none>
Multiparts:		<none>
Body:			<none>
Request method:	DELETE
Request URI:	https://stellarburgers.nomoreparties.site/api/auth/user
Proxy:			<none>
Request params:	<none>
Query params:	<none>
Form params:	<none>
Path params:	<none>
Headers:		authorization=Bearer eyJhbGciOiJIUzI1NiIsInR5cCI6IkpXVCJ9.eyJpZCI6IjY2ODE3OTdjOWVkMjgwMDAxYjQ1OTYyYSIsImlhdCI6MTcxOTc2MTI3NiwiZXhwIjoxNzE5NzYyNDc2fQ.ky1oc90NkGvdGCmavpL-0ZzteEyZprHpp5WCLzV228w
				Accept=*/*
				Content-Type=application/json
Cookies:		<none>
Multiparts:		<none>
Body:			<none>
Request method:	DELETE
Request URI:	https://stellarburgers.nomoreparties.site/api/auth/user
Proxy:			<none>
Request params:	<none>
Query params:	<none>
Form params:	<none>
Path params:	<none>
Headers:		authorization=Bearer eyJhbGciOiJIUzI1NiIsInR5cCI6IkpXVCJ9.eyJpZCI6IjY2ODE3OTdjOWVkMjgwMDAxYjQ1OTYyYSIsImlhdCI6MTcxOTc2MTI3NiwiZXhwIjoxNzE5NzYyNDc2fQ.ky1oc90NkGvdGCmavpL-0ZzteEyZprHpp5WCLzV228w
				Accept=*/*
				Content-Type=application/json
Cookies:		<none>
Multiparts:		<none>
Body:			<none>
Request method:	DELETE
Request URI:	https://stellarburgers.nomoreparties.site/api/auth/user
Proxy:			<none>
Request params:	<none>
Query params:	<none>
Form params:	<none>
Path params:	<none>
Headers:		authorization=Bearer eyJhbGciOiJIUzI1NiIsInR5cCI6IkpXVCJ9.eyJpZCI6IjY2ODE3OTdjOWVkMjgwMDAxYjQ1OTYyYSIsImlhdCI6MTcxOTc2MTI3NiwiZXhwIjoxNzE5NzYyNDc2fQ.ky1oc90NkGvdGCmavpL-0ZzteEyZprHpp5WCLzV228w
				Accept=*/*
				Content-Type=application/json
Cookies:		<none>
Multiparts:		<none>
Body:			<none>
Request method:	DELETE
Request URI:	https://stellarburgers.nomoreparties.site/api/auth/user
Proxy:			<none>
Request params:	<none>
Query params:	<none>
Form params:	<none>
Path params:	<none>
Headers:		authorization=Bearer eyJhbGciOiJIUzI1NiIsInR5cCI6IkpXVCJ9.eyJpZCI6IjY2ODE3OTdjOWVkMjgwMDAxYjQ1OTYyYSIsImlhdCI6MTcxOTc2MTI3NiwiZXhwIjoxNzE5NzYyNDc2fQ.ky1oc90NkGvdGCmavpL-0ZzteEyZprHpp5WCLzV228w
				Accept=*/*
				Content-Type=application/json
Cookies:		<none>
Multiparts:		<none>
Body:			<none>
Request method:	DELETE
Request URI:	https://stellarburgers.nomoreparties.site/api/auth/user
Proxy:			<none>
Request params:	<none>
Query params:	<none>
Form params:	<none>
Path params:	<none>
Headers:		authorization=Bearer eyJhbGciOiJIUzI1NiIsInR5cCI6IkpXVCJ9.eyJpZCI6IjY2ODE3OTdjOWVkMjgwMDAxYjQ1OTYyYSIsImlhdCI6MTcxOTc2MTI3NiwiZXhwIjoxNzE5NzYyNDc2fQ.ky1oc90NkGvdGCmavpL-0ZzteEyZprHpp5WCLzV228w
				Accept=*/*
				Content-Type=application/json
Cookies:		<none>
Multiparts:		<none>
Body:			<none>
Request method:	DELETE
Request URI:	https://stellarburgers.nomoreparties.site/api/auth/user
Proxy:			<none>
Request params:	<none>
Query params:	<none>
Form params:	<none>
Path params:	<none>
Headers:		authorization=Bearer eyJhbGciOiJIUzI1NiIsInR5cCI6IkpXVCJ9.eyJpZCI6IjY2ODE3OTdjOWVkMjgwMDAxYjQ1OTYyYSIsImlhdCI6MTcxOTc2MTI3NiwiZXhwIjoxNzE5NzYyNDc2fQ.ky1oc90NkGvdGCmavpL-0ZzteEyZprHpp5WCLzV228w
				Accept=*/*
				Content-Type=application/json
Cookies:		<none>
Multiparts:		<none>
Body:			<none>
Request method:	DELETE
Request URI:	https://stellarburgers.nomoreparties.site/api/auth/user
Proxy:			<none>
Request params:	<none>
Query params:	<none>
Form params:	<none>
Path params:	<none>
Headers:		authorization=Bearer eyJhbGciOiJIUzI1NiIsInR5cCI6IkpXVCJ9.eyJpZCI6IjY2ODE3OTdjOWVkMjgwMDAxYjQ1OTYyYSIsImlhdCI6MTcxOTc2MTI3NiwiZXhwIjoxNzE5NzYyNDc2fQ.ky1oc90NkGvdGCmavpL-0ZzteEyZprHpp5WCLzV228w
				Accept=*/*
				Content-Type=application/json
Cookies:		<none>
Multiparts:		<none>
Body:			<none>
Request method:	DELETE
Request URI:	https://stellarburgers.nomoreparties.site/api/auth/user
Proxy:			<none>
Request params:	<none>
Query params:	<none>
Form params:	<none>
Path params:	<none>
Headers:		authorization=Bearer eyJhbGciOiJIUzI1NiIsInR5cCI6IkpXVCJ9.eyJpZCI6IjY2ODE3OTdjOWVkMjgwMDAxYjQ1OTYyYSIsImlhdCI6MTcxOTc2MTI3NiwiZXhwIjoxNzE5NzYyNDc2fQ.ky1oc90NkGvdGCmavpL-0ZzteEyZprHpp5WCLzV228w
				Accept=*/*
				Content-Type=application/json
Cookies:		<none>
Multiparts:		<none>
Body:			<none>
Request method:	DELETE
Request URI:	https://stellarburgers.nomoreparties.site/api/auth/user
Proxy:			<none>
Request params:	<none>
Query params:	<none>
Form params:	<none>
Path params:	<none>
Headers:		authorization=Bearer eyJhbGciOiJIUzI1NiIsInR5cCI6IkpXVCJ9.eyJpZCI6IjY2ODE3OTdjOWVkMjgwMDAxYjQ1OTYyYSIsImlhdCI6MTcxOTc2MTI3NiwiZXhwIjoxNzE5NzYyNDc2fQ.ky1oc90NkGvdGCmavpL-0ZzteEyZprHpp5WCLzV228w
				Accept=*/*
				Content-Type=application/json
Cookies:		<none>
Multiparts:		<none>
Body:			<none>
Request method:	DELETE
Request URI:	https://stellarburgers.nomoreparties.site/api/auth/user
Proxy:			<none>
Request params:	<none>
Query params:	<none>
Form params:	<none>
Path params:	<none>
Headers:		authorization=Bearer eyJhbGciOiJIUzI1NiIsInR5cCI6IkpXVCJ9.eyJpZCI6IjY2ODE3OTdjOWVkMjgwMDAxYjQ1OTYyYSIsImlhdCI6MTcxOTc2MTI3NiwiZXhwIjoxNzE5NzYyNDc2fQ.ky1oc90NkGvdGCmavpL-0ZzteEyZprHpp5WCLzV228w
				Accept=*/*
				Content-Type=application/json
Cookies:		<none>
Multiparts:		<none>
Body:			<none>
Request method:	DELETE
Request URI:	https://stellarburgers.nomoreparties.site/api/auth/user
Proxy:			<none>
Request params:	<none>
Query params:	<none>
Form params:	<none>
Path params:	<none>
Headers:		authorization=Bearer eyJhbGciOiJIUzI1NiIsInR5cCI6IkpXVCJ9.eyJpZCI6IjY2ODE3OTdjOWVkMjgwMDAxYjQ1OTYyYSIsImlhdCI6MTcxOTc2MTI3NiwiZXhwIjoxNzE5NzYyNDc2fQ.ky1oc90NkGvdGCmavpL-0ZzteEyZprHpp5WCLzV228w
				Accept=*/*
				Content-Type=application/json
Cookies:		<none>
Multiparts:		<none>
Body:			<none>
Request method:	DELETE
Request URI:	https://stellarburgers.nomoreparties.site/api/auth/user
Proxy:			<none>
Request params:	<none>
Query params:	<none>
Form params:	<none>
Path params:	<none>
Headers:		authorization=Bearer eyJhbGciOiJIUzI1NiIsInR5cCI6IkpXVCJ9.eyJpZCI6IjY2ODE3OTdjOWVkMjgwMDAxYjQ1OTYyYSIsImlhdCI6MTcxOTc2MTI3NiwiZXhwIjoxNzE5NzYyNDc2fQ.ky1oc90NkGvdGCmavpL-0ZzteEyZprHpp5WCLzV228w
				Accept=*/*
				Content-Type=application/json
Cookies:		<none>
Multiparts:		<none>
Body:			<none>
Request method:	DELETE
Request URI:	https://stellarburgers.nomoreparties.site/api/auth/user
Proxy:			<none>
Request params:	<none>
Query params:	<none>
Form params:	<none>
Path params:	<none>
Headers:		authorization=Bearer eyJhbGciOiJIUzI1NiIsInR5cCI6IkpXVCJ9.eyJpZCI6IjY2ODE3OTdjOWVkMjgwMDAxYjQ1OTYyYSIsImlhdCI6MTcxOTc2MTI3NiwiZXhwIjoxNzE5NzYyNDc2fQ.ky1oc90NkGvdGCmavpL-0ZzteEyZprHpp5WCLzV228w
				Accept=*/*
				Content-Type=application/json
Cookies:		<none>
Multiparts:		<none>
Body:			<none>
Request method:	DELETE
Request URI:	https://stellarburgers.nomoreparties.site/api/auth/user
Proxy:			<none>
Request params:	<none>
Query params:	<none>
Form params:	<none>
Path params:	<none>
Headers:		authorization=Bearer eyJhbGciOiJIUzI1NiIsInR5cCI6IkpXVCJ9.eyJpZCI6IjY2ODE3OTdjOWVkMjgwMDAxYjQ1OTYyYSIsImlhdCI6MTcxOTc2MTI3NiwiZXhwIjoxNzE5NzYyNDc2fQ.ky1oc90NkGvdGCmavpL-0ZzteEyZprHpp5WCLzV228w
				Accept=*/*
				Content-Type=application/json
Cookies:		<none>
Multiparts:		<none>
Body:			<none>
Request method:	DELETE
Request URI:	https://stellarburgers.nomoreparties.site/api/auth/user
Proxy:			<none>
Request params:	<none>
Query params:	<none>
Form params:	<none>
Path params:	<none>
Headers:		authorization=Bearer eyJhbGciOiJIUzI1NiIsInR5cCI6IkpXVCJ9.eyJpZCI6IjY2ODE3OTdjOWVkMjgwMDAxYjQ1OTYyYSIsImlhdCI6MTcxOTc2MTI3NiwiZXhwIjoxNzE5NzYyNDc2fQ.ky1oc90NkGvdGCmavpL-0ZzteEyZprHpp5WCLzV228w
				Accept=*/*
				Content-Type=application/json
Cookies:		<none>
Multiparts:		<none>
Body:			<none>
Request method:	DELETE
Request URI:	https://stellarburgers.nomoreparties.site/api/auth/user
Proxy:			<none>
Request params:	<none>
Query params:	<none>
Form params:	<none>
Path params:	<none>
Headers:		authorization=Bearer eyJhbGciOiJIUzI1NiIsInR5cCI6IkpXVCJ9.eyJpZCI6IjY2ODE3OTdjOWVkMjgwMDAxYjQ1OTYyYSIsImlhdCI6MTcxOTc2MTI3NiwiZXhwIjoxNzE5NzYyNDc2fQ.ky1oc90NkGvdGCmavpL-0ZzteEyZprHpp5WCLzV228w
				Accept=*/*
				Content-Type=application/json
Cookies:		<none>
Multiparts:		<none>
Body:			<none>
Request method:	DELETE
Request URI:	https://stellarburgers.nomoreparties.site/api/auth/user
Proxy:			<none>
Request params:	<none>
Query params:	<none>
Form params:	<none>
Path params:	<none>
Headers:		authorization=Bearer eyJhbGciOiJIUzI1NiIsInR5cCI6IkpXVCJ9.eyJpZCI6IjY2ODE3OTdjOWVkMjgwMDAxYjQ1OTYyYSIsImlhdCI6MTcxOTc2MTI3NiwiZXhwIjoxNzE5NzYyNDc2fQ.ky1oc90NkGvdGCmavpL-0ZzteEyZprHpp5WCLzV228w
				Accept=*/*
				Content-Type=application/json
Cookies:		<none>
Multiparts:		<none>
Body:			<none>
Request method:	DELETE
Request URI:	https://stellarburgers.nomoreparties.site/api/auth/user
Proxy:			<none>
Request params:	<none>
Query params:	<none>
Form params:	<none>
Path params:	<none>
Headers:		authorization=Bearer eyJhbGciOiJIUzI1NiIsInR5cCI6IkpXVCJ9.eyJpZCI6IjY2ODE3OTdjOWVkMjgwMDAxYjQ1OTYyYSIsImlhdCI6MTcxOTc2MTI3NiwiZXhwIjoxNzE5NzYyNDc2fQ.ky1oc90NkGvdGCmavpL-0ZzteEyZprHpp5WCLzV228w
				Accept=*/*
				Content-Type=application/json
Cookies:		<none>
Multiparts:		<none>
Body:			<none>
Request method:	DELETE
Request URI:	https://stellarburgers.nomoreparties.site/api/auth/user
Proxy:			<none>
Request params:	<none>
Query params:	<none>
Form params:	<none>
Path params:	<none>
Headers:		authorization=Bearer eyJhbGciOiJIUzI1NiIsInR5cCI6IkpXVCJ9.eyJpZCI6IjY2ODE3OTdjOWVkMjgwMDAxYjQ1OTYyYSIsImlhdCI6MTcxOTc2MTI3NiwiZXhwIjoxNzE5NzYyNDc2fQ.ky1oc90NkGvdGCmavpL-0ZzteEyZprHpp5WCLzV228w
				Accept=*/*
				Content-Type=application/json
Cookies:		<none>
Multiparts:		<none>
Body:			<none>
Request method:	DELETE
Request URI:	https://stellarburgers.nomoreparties.site/api/auth/user
Proxy:			<none>
Request params:	<none>
Query params:	<none>
Form params:	<none>
Path params:	<none>
Headers:		authorization=Bearer eyJhbGciOiJIUzI1NiIsInR5cCI6IkpXVCJ9.eyJpZCI6IjY2ODE3OTdjOWVkMjgwMDAxYjQ1OTYyYSIsImlhdCI6MTcxOTc2MTI3NiwiZXhwIjoxNzE5NzYyNDc2fQ.ky1oc90NkGvdGCmavpL-0ZzteEyZprHpp5WCLzV228w
				Accept=*/*
				Content-Type=application/json
Cookies:		<none>
Multiparts:		<none>
Body:			<none>
Request method:	DELETE
Request URI:	https://stellarburgers.nomoreparties.site/api/auth/user
Proxy:			<none>
Request params:	<none>
Query params:	<none>
Form params:	<none>
Path params:	<none>
Headers:		authorization=Bearer eyJhbGciOiJIUzI1NiIsInR5cCI6IkpXVCJ9.eyJpZCI6IjY2ODE3OTdjOWVkMjgwMDAxYjQ1OTYyYSIsImlhdCI6MTcxOTc2MTI3NiwiZXhwIjoxNzE5NzYyNDc2fQ.ky1oc90NkGvdGCmavpL-0ZzteEyZprHpp5WCLzV228w
				Accept=*/*
				Content-Type=application/json
Cookies:		<none>
Multiparts:		<none>
Body:			<none>
Request method:	DELETE
Request URI:	https://stellarburgers.nomoreparties.site/api/auth/user
Proxy:			<none>
Request params:	<none>
Query params:	<none>
Form params:	<none>
Path params:	<none>
Headers:		authorization=Bearer eyJhbGciOiJIUzI1NiIsInR5cCI6IkpXVCJ9.eyJpZCI6IjY2ODE3OTdjOWVkMjgwMDAxYjQ1OTYyYSIsImlhdCI6MTcxOTc2MTI3NiwiZXhwIjoxNzE5NzYyNDc2fQ.ky1oc90NkGvdGCmavpL-0ZzteEyZprHpp5WCLzV228w
				Accept=*/*
				Content-Type=application/json
Cookies:		<none>
Multiparts:		<none>
Body:			<none>
Request method:	DELETE
Request URI:	https://stellarburgers.nomoreparties.site/api/auth/user
Proxy:			<none>
Request params:	<none>
Query params:	<none>
Form params:	<none>
Path params:	<none>
Headers:		authorization=Bearer eyJhbGciOiJIUzI1NiIsInR5cCI6IkpXVCJ9.eyJpZCI6IjY2ODE3OTdjOWVkMjgwMDAxYjQ1OTYyYSIsImlhdCI6MTcxOTc2MTI3NiwiZXhwIjoxNzE5NzYyNDc2fQ.ky1oc90NkGvdGCmavpL-0ZzteEyZprHpp5WCLzV228w
				Accept=*/*
				Content-Type=application/json
Cookies:		<none>
Multiparts:		<none>
Body:			<none>
Request method:	DELETE
Request URI:	https://stellarburgers.nomoreparties.site/api/auth/user
Proxy:			<none>
Request params:	<none>
Query params:	<none>
Form params:	<none>
Path params:	<none>
Headers:		authorization=Bearer eyJhbGciOiJIUzI1NiIsInR5cCI6IkpXVCJ9.eyJpZCI6IjY2ODE3OTdjOWVkMjgwMDAxYjQ1OTYyYSIsImlhdCI6MTcxOTc2MTI3NiwiZXhwIjoxNzE5NzYyNDc2fQ.ky1oc90NkGvdGCmavpL-0ZzteEyZprHpp5WCLzV228w
				Accept=*/*
				Content-Type=application/json
Cookies:		<none>
Multiparts:		<none>
Body:			<none>
Request method:	DELETE
Request URI:	https://stellarburgers.nomoreparties.site/api/auth/user
Proxy:			<none>
Request params:	<none>
Query params:	<none>
Form params:	<none>
Path params:	<none>
Headers:		authorization=Bearer eyJhbGciOiJIUzI1NiIsInR5cCI6IkpXVCJ9.eyJpZCI6IjY2ODE3OTdjOWVkMjgwMDAxYjQ1OTYyYSIsImlhdCI6MTcxOTc2MTI3NiwiZXhwIjoxNzE5NzYyNDc2fQ.ky1oc90NkGvdGCmavpL-0ZzteEyZprHpp5WCLzV228w
				Accept=*/*
				Content-Type=application/json
Cookies:		<none>
Multiparts:		<none>
Body:			<none>
Request method:	DELETE
Request URI:	https://stellarburgers.nomoreparties.site/api/auth/user
Proxy:			<none>
Request params:	<none>
Query params:	<none>
Form params:	<none>
Path params:	<none>
Headers:		authorization=Bearer eyJhbGciOiJIUzI1NiIsInR5cCI6IkpXVCJ9.eyJpZCI6IjY2ODE3OTdjOWVkMjgwMDAxYjQ1OTYyYSIsImlhdCI6MTcxOTc2MTI3NiwiZXhwIjoxNzE5NzYyNDc2fQ.ky1oc90NkGvdGCmavpL-0ZzteEyZprHpp5WCLzV228w
				Accept=*/*
				Content-Type=application/json
Cookies:		<none>
Multiparts:		<none>
Body:			<none>
Request method:	DELETE
Request URI:	https://stellarburgers.nomoreparties.site/api/auth/user
Proxy:			<none>
Request params:	<none>
Query params:	<none>
Form params:	<none>
Path params:	<none>
Headers:		authorization=Bearer eyJhbGciOiJIUzI1NiIsInR5cCI6IkpXVCJ9.eyJpZCI6IjY2ODE3OTdjOWVkMjgwMDAxYjQ1OTYyYSIsImlhdCI6MTcxOTc2MTI3NiwiZXhwIjoxNzE5NzYyNDc2fQ.ky1oc90NkGvdGCmavpL-0ZzteEyZprHpp5WCLzV228w
				Accept=*/*
				Content-Type=application/json
Cookies:		<none>
Multiparts:		<none>
Body:			<none>
Request method:	DELETE
Request URI:	https://stellarburgers.nomoreparties.site/api/auth/user
Proxy:			<none>
Request params:	<none>
Query params:	<none>
Form params:	<none>
Path params:	<none>
Headers:		authorization=Bearer eyJhbGciOiJIUzI1NiIsInR5cCI6IkpXVCJ9.eyJpZCI6IjY2ODE3OTdjOWVkMjgwMDAxYjQ1OTYyYSIsImlhdCI6MTcxOTc2MTI3NiwiZXhwIjoxNzE5NzYyNDc2fQ.ky1oc90NkGvdGCmavpL-0ZzteEyZprHpp5WCLzV228w
				Accept=*/*
				Content-Type=application/json
Cookies:		<none>
Multiparts:		<none>
Body:			<none>
Request method:	DELETE
Request URI:	https://stellarburgers.nomoreparties.site/api/auth/user
Proxy:			<none>
Request params:	<none>
Query params:	<none>
Form params:	<none>
Path params:	<none>
Headers:		authorization=Bearer eyJhbGciOiJIUzI1NiIsInR5cCI6IkpXVCJ9.eyJpZCI6IjY2ODE3OTdjOWVkMjgwMDAxYjQ1OTYyYSIsImlhdCI6MTcxOTc2MTI3NiwiZXhwIjoxNzE5NzYyNDc2fQ.ky1oc90NkGvdGCmavpL-0ZzteEyZprHpp5WCLzV228w
				Accept=*/*
				Content-Type=application/json
Cookies:		<none>
Multiparts:		<none>
Body:			<none>
Request method:	DELETE
Request URI:	https://stellarburgers.nomoreparties.site/api/auth/user
Proxy:			<none>
Request params:	<none>
Query params:	<none>
Form params:	<none>
Path params:	<none>
Headers:		authorization=Bearer eyJhbGciOiJIUzI1NiIsInR5cCI6IkpXVCJ9.eyJpZCI6IjY2ODE3OTdjOWVkMjgwMDAxYjQ1OTYyYSIsImlhdCI6MTcxOTc2MTI3NiwiZXhwIjoxNzE5NzYyNDc2fQ.ky1oc90NkGvdGCmavpL-0ZzteEyZprHpp5WCLzV228w
				Accept=*/*
				Content-Type=application/json
Cookies:		<none>
Multiparts:		<none>
Body:			<none>
Request method:	DELETE
Request URI:	https://stellarburgers.nomoreparties.site/api/auth/user
Proxy:			<none>
Request params:	<none>
Query params:	<none>
Form params:	<none>
Path params:	<none>
Headers:		authorization=Bearer eyJhbGciOiJIUzI1NiIsInR5cCI6IkpXVCJ9.eyJpZCI6IjY2ODE3OTdjOWVkMjgwMDAxYjQ1OTYyYSIsImlhdCI6MTcxOTc2MTI3NiwiZXhwIjoxNzE5NzYyNDc2fQ.ky1oc90NkGvdGCmavpL-0ZzteEyZprHpp5WCLzV228w
				Accept=*/*
				Content-Type=application/json
Cookies:		<none>
Multiparts:		<none>
Body:			<none>
Request method:	DELETE
Request URI:	https://stellarburgers.nomoreparties.site/api/auth/user
Proxy:			<none>
Request params:	<none>
Query params:	<none>
Form params:	<none>
Path params:	<none>
Headers:		authorization=Bearer eyJhbGciOiJIUzI1NiIsInR5cCI6IkpXVCJ9.eyJpZCI6IjY2ODE3OTdjOWVkMjgwMDAxYjQ1OTYyYSIsImlhdCI6MTcxOTc2MTI3NiwiZXhwIjoxNzE5NzYyNDc2fQ.ky1oc90NkGvdGCmavpL-0ZzteEyZprHpp5WCLzV228w
				Accept=*/*
				Content-Type=application/json
Cookies:		<none>
Multiparts:		<none>
Body:			<none>
Request method:	DELETE
Request URI:	https://stellarburgers.nomoreparties.site/api/auth/user
Proxy:			<none>
Request params:	<none>
Query params:	<none>
Form params:	<none>
Path params:	<none>
Headers:		authorization=Bearer eyJhbGciOiJIUzI1NiIsInR5cCI6IkpXVCJ9.eyJpZCI6IjY2ODE3OTdjOWVkMjgwMDAxYjQ1OTYyYSIsImlhdCI6MTcxOTc2MTI3NiwiZXhwIjoxNzE5NzYyNDc2fQ.ky1oc90NkGvdGCmavpL-0ZzteEyZprHpp5WCLzV228w
				Accept=*/*
				Content-Type=application/json
Cookies:		<none>
Multiparts:		<none>
Body:			<none>
HTTP/1.1 202 Accepted
Date: Sun, 30 Jun 2024 15:27:57 GMT
Content-Type: application/json; charset=utf-8
Content-Length: 54
Connection: keep-alive
X-Powered-By: Express
Access-Control-Allow-Origin: *
ETag: W/"36-hDmZnQ3Ou/ynnqAeC6TYmyseuzY"
CF-Cache-Status: DYNAMIC
Report-To: {"endpoints":[{"url":"https:\/\/a.nel.cloudflare.com\/report\/v4?s=BRTTB2oJ6hSQdaOrrfCAXSYzRu2BpKlnrmeiVRvqypEsAMygd5stBCnfhMgBUtnbOyI0wIhXDQhgqw1tY9YH%2BUuTD3DitEFVJVnNQzNnMqBu9j%2F5MX%2BC0vg6r0iTQJDM%2F84jic3KzGfHuP%2FF6dhLlAhdTDA%3D"}],"group":"cf-nel","max_age":604800}
NEL: {"success_fraction":0,"report_to":"cf-nel","max_age":604800}
Server: cloudflare
CF-RAY: 89bf2eef2b319d3a-DME
alt-svc: h3=":443"; ma=86400

{
    "success": true,
    "message": "User successfully removed"
}
HTTP/1.1 202 Accepted
Date: Sun, 30 Jun 2024 15:27:57 GMT
Content-Type: application/json; charset=utf-8
Content-Length: 54
Connection: keep-alive
X-Powered-By: Express
Access-Control-Allow-Origin: *
ETag: W/"36-hDmZnQ3Ou/ynnqAeC6TYmyseuzY"
CF-Cache-Status: DYNAMIC
Report-To: {"endpoints":[{"url":"https:\/\/a.nel.cloudflare.com\/report\/v4?s=BRTTB2oJ6hSQdaOrrfCAXSYzRu2BpKlnrmeiVRvqypEsAMygd5stBCnfhMgBUtnbOyI0wIhXDQhgqw1tY9YH%2BUuTD3DitEFVJVnNQzNnMqBu9j%2F5MX%2BC0vg6r0iTQJDM%2F84jic3KzGfHuP%2FF6dhLlAhdTDA%3D"}],"group":"cf-nel","max_age":604800}
NEL: {"success_fraction":0,"report_to":"cf-nel","max_age":604800}
Server: cloudflare
CF-RAY: 89bf2eef2b319d3a-DME
alt-svc: h3=":443"; ma=86400

{
    "success": true,
    "message": "User successfully removed"
}
HTTP/1.1 202 Accepted
Date: Sun, 30 Jun 2024 15:27:57 GMT
Content-Type: application/json; charset=utf-8
Content-Length: 54
Connection: keep-alive
X-Powered-By: Express
Access-Control-Allow-Origin: *
ETag: W/"36-hDmZnQ3Ou/ynnqAeC6TYmyseuzY"
CF-Cache-Status: DYNAMIC
Report-To: {"endpoints":[{"url":"https:\/\/a.nel.cloudflare.com\/report\/v4?s=BRTTB2oJ6hSQdaOrrfCAXSYzRu2BpKlnrmeiVRvqypEsAMygd5stBCnfhMgBUtnbOyI0wIhXDQhgqw1tY9YH%2BUuTD3DitEFVJVnNQzNnMqBu9j%2F5MX%2BC0vg6r0iTQJDM%2F84jic3KzGfHuP%2FF6dhLlAhdTDA%3D"}],"group":"cf-nel","max_age":604800}
NEL: {"success_fraction":0,"report_to":"cf-nel","max_age":604800}
Server: cloudflare
CF-RAY: 89bf2eef2b319d3a-DME
alt-svc: h3=":443"; ma=86400

{
    "success": true,
    "message": "User successfully removed"
}
HTTP/1.1 202 Accepted
Date: Sun, 30 Jun 2024 15:27:57 GMT
Content-Type: application/json; charset=utf-8
Content-Length: 54
Connection: keep-alive
X-Powered-By: Express
Access-Control-Allow-Origin: *
ETag: W/"36-hDmZnQ3Ou/ynnqAeC6TYmyseuzY"
CF-Cache-Status: DYNAMIC
Report-To: {"endpoints":[{"url":"https:\/\/a.nel.cloudflare.com\/report\/v4?s=BRTTB2oJ6hSQdaOrrfCAXSYzRu2BpKlnrmeiVRvqypEsAMygd5stBCnfhMgBUtnbOyI0wIhXDQhgqw1tY9YH%2BUuTD3DitEFVJVnNQzNnMqBu9j%2F5MX%2BC0vg6r0iTQJDM%2F84jic3KzGfHuP%2FF6dhLlAhdTDA%3D"}],"group":"cf-nel","max_age":604800}
NEL: {"success_fraction":0,"report_to":"cf-nel","max_age":604800}
Server: cloudflare
CF-RAY: 89bf2eef2b319d3a-DME
alt-svc: h3=":443"; ma=86400

{
    "success": true,
    "message": "User successfully removed"
}
HTTP/1.1 202 Accepted
Date: Sun, 30 Jun 2024 15:27:57 GMT
Content-Type: application/json; charset=utf-8
Content-Length: 54
Connection: keep-alive
X-Powered-By: Express
Access-Control-Allow-Origin: *
ETag: W/"36-hDmZnQ3Ou/ynnqAeC6TYmyseuzY"
CF-Cache-Status: DYNAMIC
Report-To: {"endpoints":[{"url":"https:\/\/a.nel.cloudflare.com\/report\/v4?s=BRTTB2oJ6hSQdaOrrfCAXSYzRu2BpKlnrmeiVRvqypEsAMygd5stBCnfhMgBUtnbOyI0wIhXDQhgqw1tY9YH%2BUuTD3DitEFVJVnNQzNnMqBu9j%2F5MX%2BC0vg6r0iTQJDM%2F84jic3KzGfHuP%2FF6dhLlAhdTDA%3D"}],"group":"cf-nel","max_age":604800}
NEL: {"success_fraction":0,"report_to":"cf-nel","max_age":604800}
Server: cloudflare
CF-RAY: 89bf2eef2b319d3a-DME
alt-svc: h3=":443"; ma=86400

{
    "success": true,
    "message": "User successfully removed"
}
HTTP/1.1 202 Accepted
Date: Sun, 30 Jun 2024 15:27:57 GMT
Content-Type: application/json; charset=utf-8
Content-Length: 54
Connection: keep-alive
X-Powered-By: Express
Access-Control-Allow-Origin: *
ETag: W/"36-hDmZnQ3Ou/ynnqAeC6TYmyseuzY"
CF-Cache-Status: DYNAMIC
Report-To: {"endpoints":[{"url":"https:\/\/a.nel.cloudflare.com\/report\/v4?s=BRTTB2oJ6hSQdaOrrfCAXSYzRu2BpKlnrmeiVRvqypEsAMygd5stBCnfhMgBUtnbOyI0wIhXDQhgqw1tY9YH%2BUuTD3DitEFVJVnNQzNnMqBu9j%2F5MX%2BC0vg6r0iTQJDM%2F84jic3KzGfHuP%2FF6dhLlAhdTDA%3D"}],"group":"cf-nel","max_age":604800}
NEL: {"success_fraction":0,"report_to":"cf-nel","max_age":604800}
Server: cloudflare
CF-RAY: 89bf2eef2b319d3a-DME
alt-svc: h3=":443"; ma=86400

{
    "success": true,
    "message": "User successfully removed"
}
HTTP/1.1 202 Accepted
Date: Sun, 30 Jun 2024 15:27:57 GMT
Content-Type: application/json; charset=utf-8
Content-Length: 54
Connection: keep-alive
X-Powered-By: Express
Access-Control-Allow-Origin: *
ETag: W/"36-hDmZnQ3Ou/ynnqAeC6TYmyseuzY"
CF-Cache-Status: DYNAMIC
Report-To: {"endpoints":[{"url":"https:\/\/a.nel.cloudflare.com\/report\/v4?s=BRTTB2oJ6hSQdaOrrfCAXSYzRu2BpKlnrmeiVRvqypEsAMygd5stBCnfhMgBUtnbOyI0wIhXDQhgqw1tY9YH%2BUuTD3DitEFVJVnNQzNnMqBu9j%2F5MX%2BC0vg6r0iTQJDM%2F84jic3KzGfHuP%2FF6dhLlAhdTDA%3D"}],"group":"cf-nel","max_age":604800}
NEL: {"success_fraction":0,"report_to":"cf-nel","max_age":604800}
Server: cloudflare
CF-RAY: 89bf2eef2b319d3a-DME
alt-svc: h3=":443"; ma=86400

{
    "success": true,
    "message": "User successfully removed"
}
HTTP/1.1 202 Accepted
Date: Sun, 30 Jun 2024 15:27:57 GMT
Content-Type: application/json; charset=utf-8
Content-Length: 54
Connection: keep-alive
X-Powered-By: Express
Access-Control-Allow-Origin: *
ETag: W/"36-hDmZnQ3Ou/ynnqAeC6TYmyseuzY"
CF-Cache-Status: DYNAMIC
Report-To: {"endpoints":[{"url":"https:\/\/a.nel.cloudflare.com\/report\/v4?s=BRTTB2oJ6hSQdaOrrfCAXSYzRu2BpKlnrmeiVRvqypEsAMygd5stBCnfhMgBUtnbOyI0wIhXDQhgqw1tY9YH%2BUuTD3DitEFVJVnNQzNnMqBu9j%2F5MX%2BC0vg6r0iTQJDM%2F84jic3KzGfHuP%2FF6dhLlAhdTDA%3D"}],"group":"cf-nel","max_age":604800}
NEL: {"success_fraction":0,"report_to":"cf-nel","max_age":604800}
Server: cloudflare
CF-RAY: 89bf2eef2b319d3a-DME
alt-svc: h3=":443"; ma=86400

{
    "success": true,
    "message": "User successfully removed"
}
HTTP/1.1 202 Accepted
Date: Sun, 30 Jun 2024 15:27:57 GMT
Content-Type: application/json; charset=utf-8
Content-Length: 54
Connection: keep-alive
X-Powered-By: Express
Access-Control-Allow-Origin: *
ETag: W/"36-hDmZnQ3Ou/ynnqAeC6TYmyseuzY"
CF-Cache-Status: DYNAMIC
Report-To: {"endpoints":[{"url":"https:\/\/a.nel.cloudflare.com\/report\/v4?s=BRTTB2oJ6hSQdaOrrfCAXSYzRu2BpKlnrmeiVRvqypEsAMygd5stBCnfhMgBUtnbOyI0wIhXDQhgqw1tY9YH%2BUuTD3DitEFVJVnNQzNnMqBu9j%2F5MX%2BC0vg6r0iTQJDM%2F84jic3KzGfHuP%2FF6dhLlAhdTDA%3D"}],"group":"cf-nel","max_age":604800}
NEL: {"success_fraction":0,"report_to":"cf-nel","max_age":604800}
Server: cloudflare
CF-RAY: 89bf2eef2b319d3a-DME
alt-svc: h3=":443"; ma=86400

{
    "success": true,
    "message": "User successfully removed"
}
HTTP/1.1 202 Accepted
Date: Sun, 30 Jun 2024 15:27:57 GMT
Content-Type: application/json; charset=utf-8
Content-Length: 54
Connection: keep-alive
X-Powered-By: Express
Access-Control-Allow-Origin: *
ETag: W/"36-hDmZnQ3Ou/ynnqAeC6TYmyseuzY"
CF-Cache-Status: DYNAMIC
Report-To: {"endpoints":[{"url":"https:\/\/a.nel.cloudflare.com\/report\/v4?s=BRTTB2oJ6hSQdaOrrfCAXSYzRu2BpKlnrmeiVRvqypEsAMygd5stBCnfhMgBUtnbOyI0wIhXDQhgqw1tY9YH%2BUuTD3DitEFVJVnNQzNnMqBu9j%2F5MX%2BC0vg6r0iTQJDM%2F84jic3KzGfHuP%2FF6dhLlAhdTDA%3D"}],"group":"cf-nel","max_age":604800}
NEL: {"success_fraction":0,"report_to":"cf-nel","max_age":604800}
Server: cloudflare
CF-RAY: 89bf2eef2b319d3a-DME
alt-svc: h3=":443"; ma=86400

{
    "success": true,
    "message": "User successfully removed"
}
HTTP/1.1 202 Accepted
Date: Sun, 30 Jun 2024 15:27:57 GMT
Content-Type: application/json; charset=utf-8
Content-Length: 54
Connection: keep-alive
X-Powered-By: Express
Access-Control-Allow-Origin: *
ETag: W/"36-hDmZnQ3Ou/ynnqAeC6TYmyseuzY"
CF-Cache-Status: DYNAMIC
Report-To: {"endpoints":[{"url":"https:\/\/a.nel.cloudflare.com\/report\/v4?s=BRTTB2oJ6hSQdaOrrfCAXSYzRu2BpKlnrmeiVRvqypEsAMygd5stBCnfhMgBUtnbOyI0wIhXDQhgqw1tY9YH%2BUuTD3DitEFVJVnNQzNnMqBu9j%2F5MX%2BC0vg6r0iTQJDM%2F84jic3KzGfHuP%2FF6dhLlAhdTDA%3D"}],"group":"cf-nel","max_age":604800}
NEL: {"success_fraction":0,"report_to":"cf-nel","max_age":604800}
Server: cloudflare
CF-RAY: 89bf2eef2b319d3a-DME
alt-svc: h3=":443"; ma=86400

{
    "success": true,
    "message": "User successfully removed"
}
HTTP/1.1 202 Accepted
Date: Sun, 30 Jun 2024 15:27:57 GMT
Content-Type: application/json; charset=utf-8
Content-Length: 54
Connection: keep-alive
X-Powered-By: Express
Access-Control-Allow-Origin: *
ETag: W/"36-hDmZnQ3Ou/ynnqAeC6TYmyseuzY"
CF-Cache-Status: DYNAMIC
Report-To: {"endpoints":[{"url":"https:\/\/a.nel.cloudflare.com\/report\/v4?s=BRTTB2oJ6hSQdaOrrfCAXSYzRu2BpKlnrmeiVRvqypEsAMygd5stBCnfhMgBUtnbOyI0wIhXDQhgqw1tY9YH%2BUuTD3DitEFVJVnNQzNnMqBu9j%2F5MX%2BC0vg6r0iTQJDM%2F84jic3KzGfHuP%2FF6dhLlAhdTDA%3D"}],"group":"cf-nel","max_age":604800}
NEL: {"success_fraction":0,"report_to":"cf-nel","max_age":604800}
Server: cloudflare
CF-RAY: 89bf2eef2b319d3a-DME
alt-svc: h3=":443"; ma=86400

{
    "success": true,
    "message": "User successfully removed"
}
HTTP/1.1 202 Accepted
Date: Sun, 30 Jun 2024 15:27:57 GMT
Content-Type: application/json; charset=utf-8
Content-Length: 54
Connection: keep-alive
X-Powered-By: Express
Access-Control-Allow-Origin: *
ETag: W/"36-hDmZnQ3Ou/ynnqAeC6TYmyseuzY"
CF-Cache-Status: DYNAMIC
Report-To: {"endpoints":[{"url":"https:\/\/a.nel.cloudflare.com\/report\/v4?s=BRTTB2oJ6hSQdaOrrfCAXSYzRu2BpKlnrmeiVRvqypEsAMygd5stBCnfhMgBUtnbOyI0wIhXDQhgqw1tY9YH%2BUuTD3DitEFVJVnNQzNnMqBu9j%2F5MX%2BC0vg6r0iTQJDM%2F84jic3KzGfHuP%2FF6dhLlAhdTDA%3D"}],"group":"cf-nel","max_age":604800}
NEL: {"success_fraction":0,"report_to":"cf-nel","max_age":604800}
Server: cloudflare
CF-RAY: 89bf2eef2b319d3a-DME
alt-svc: h3=":443"; ma=86400

{
    "success": true,
    "message": "User successfully removed"
}
HTTP/1.1 202 Accepted
Date: Sun, 30 Jun 2024 15:27:57 GMT
Content-Type: application/json; charset=utf-8
Content-Length: 54
Connection: keep-alive
X-Powered-By: Express
Access-Control-Allow-Origin: *
ETag: W/"36-hDmZnQ3Ou/ynnqAeC6TYmyseuzY"
CF-Cache-Status: DYNAMIC
Report-To: {"endpoints":[{"url":"https:\/\/a.nel.cloudflare.com\/report\/v4?s=BRTTB2oJ6hSQdaOrrfCAXSYzRu2BpKlnrmeiVRvqypEsAMygd5stBCnfhMgBUtnbOyI0wIhXDQhgqw1tY9YH%2BUuTD3DitEFVJVnNQzNnMqBu9j%2F5MX%2BC0vg6r0iTQJDM%2F84jic3KzGfHuP%2FF6dhLlAhdTDA%3D"}],"group":"cf-nel","max_age":604800}
NEL: {"success_fraction":0,"report_to":"cf-nel","max_age":604800}
Server: cloudflare
CF-RAY: 89bf2eef2b319d3a-DME
alt-svc: h3=":443"; ma=86400

{
    "success": true,
    "message": "User successfully removed"
}
HTTP/1.1 202 Accepted
Date: Sun, 30 Jun 2024 15:27:57 GMT
Content-Type: application/json; charset=utf-8
Content-Length: 54
Connection: keep-alive
X-Powered-By: Express
Access-Control-Allow-Origin: *
ETag: W/"36-hDmZnQ3Ou/ynnqAeC6TYmyseuzY"
CF-Cache-Status: DYNAMIC
Report-To: {"endpoints":[{"url":"https:\/\/a.nel.cloudflare.com\/report\/v4?s=BRTTB2oJ6hSQdaOrrfCAXSYzRu2BpKlnrmeiVRvqypEsAMygd5stBCnfhMgBUtnbOyI0wIhXDQhgqw1tY9YH%2BUuTD3DitEFVJVnNQzNnMqBu9j%2F5MX%2BC0vg6r0iTQJDM%2F84jic3KzGfHuP%2FF6dhLlAhdTDA%3D"}],"group":"cf-nel","max_age":604800}
NEL: {"success_fraction":0,"report_to":"cf-nel","max_age":604800}
Server: cloudflare
CF-RAY: 89bf2eef2b319d3a-DME
alt-svc: h3=":443"; ma=86400

{
    "success": true,
    "message": "User successfully removed"
}
HTTP/1.1 202 Accepted
Date: Sun, 30 Jun 2024 15:27:57 GMT
Content-Type: application/json; charset=utf-8
Content-Length: 54
Connection: keep-alive
X-Powered-By: Express
Access-Control-Allow-Origin: *
ETag: W/"36-hDmZnQ3Ou/ynnqAeC6TYmyseuzY"
CF-Cache-Status: DYNAMIC
Report-To: {"endpoints":[{"url":"https:\/\/a.nel.cloudflare.com\/report\/v4?s=BRTTB2oJ6hSQdaOrrfCAXSYzRu2BpKlnrmeiVRvqypEsAMygd5stBCnfhMgBUtnbOyI0wIhXDQhgqw1tY9YH%2BUuTD3DitEFVJVnNQzNnMqBu9j%2F5MX%2BC0vg6r0iTQJDM%2F84jic3KzGfHuP%2FF6dhLlAhdTDA%3D"}],"group":"cf-nel","max_age":604800}
NEL: {"success_fraction":0,"report_to":"cf-nel","max_age":604800}
Server: cloudflare
CF-RAY: 89bf2eef2b319d3a-DME
alt-svc: h3=":443"; ma=86400

{
    "success": true,
    "message": "User successfully removed"
}
HTTP/1.1 202 Accepted
Date: Sun, 30 Jun 2024 15:27:57 GMT
Content-Type: application/json; charset=utf-8
Content-Length: 54
Connection: keep-alive
X-Powered-By: Express
Access-Control-Allow-Origin: *
ETag: W/"36-hDmZnQ3Ou/ynnqAeC6TYmyseuzY"
CF-Cache-Status: DYNAMIC
Report-To: {"endpoints":[{"url":"https:\/\/a.nel.cloudflare.com\/report\/v4?s=BRTTB2oJ6hSQdaOrrfCAXSYzRu2BpKlnrmeiVRvqypEsAMygd5stBCnfhMgBUtnbOyI0wIhXDQhgqw1tY9YH%2BUuTD3DitEFVJVnNQzNnMqBu9j%2F5MX%2BC0vg6r0iTQJDM%2F84jic3KzGfHuP%2FF6dhLlAhdTDA%3D"}],"group":"cf-nel","max_age":604800}
NEL: {"success_fraction":0,"report_to":"cf-nel","max_age":604800}
Server: cloudflare
CF-RAY: 89bf2eef2b319d3a-DME
alt-svc: h3=":443"; ma=86400

{
    "success": true,
    "message": "User successfully removed"
}
HTTP/1.1 202 Accepted
Date: Sun, 30 Jun 2024 15:27:57 GMT
Content-Type: application/json; charset=utf-8
Content-Length: 54
Connection: keep-alive
X-Powered-By: Express
Access-Control-Allow-Origin: *
ETag: W/"36-hDmZnQ3Ou/ynnqAeC6TYmyseuzY"
CF-Cache-Status: DYNAMIC
Report-To: {"endpoints":[{"url":"https:\/\/a.nel.cloudflare.com\/report\/v4?s=BRTTB2oJ6hSQdaOrrfCAXSYzRu2BpKlnrmeiVRvqypEsAMygd5stBCnfhMgBUtnbOyI0wIhXDQhgqw1tY9YH%2BUuTD3DitEFVJVnNQzNnMqBu9j%2F5MX%2BC0vg6r0iTQJDM%2F84jic3KzGfHuP%2FF6dhLlAhdTDA%3D"}],"group":"cf-nel","max_age":604800}
NEL: {"success_fraction":0,"report_to":"cf-nel","max_age":604800}
Server: cloudflare
CF-RAY: 89bf2eef2b319d3a-DME
alt-svc: h3=":443"; ma=86400

{
    "success": true,
    "message": "User successfully removed"
}
HTTP/1.1 202 Accepted
Date: Sun, 30 Jun 2024 15:27:57 GMT
Content-Type: application/json; charset=utf-8
Content-Length: 54
Connection: keep-alive
X-Powered-By: Express
Access-Control-Allow-Origin: *
ETag: W/"36-hDmZnQ3Ou/ynnqAeC6TYmyseuzY"
CF-Cache-Status: DYNAMIC
Report-To: {"endpoints":[{"url":"https:\/\/a.nel.cloudflare.com\/report\/v4?s=BRTTB2oJ6hSQdaOrrfCAXSYzRu2BpKlnrmeiVRvqypEsAMygd5stBCnfhMgBUtnbOyI0wIhXDQhgqw1tY9YH%2BUuTD3DitEFVJVnNQzNnMqBu9j%2F5MX%2BC0vg6r0iTQJDM%2F84jic3KzGfHuP%2FF6dhLlAhdTDA%3D"}],"group":"cf-nel","max_age":604800}
NEL: {"success_fraction":0,"report_to":"cf-nel","max_age":604800}
Server: cloudflare
CF-RAY: 89bf2eef2b319d3a-DME
alt-svc: h3=":443"; ma=86400

{
    "success": true,
    "message": "User successfully removed"
}
HTTP/1.1 202 Accepted
Date: Sun, 30 Jun 2024 15:27:57 GMT
Content-Type: application/json; charset=utf-8
Content-Length: 54
Connection: keep-alive
X-Powered-By: Express
Access-Control-Allow-Origin: *
ETag: W/"36-hDmZnQ3Ou/ynnqAeC6TYmyseuzY"
CF-Cache-Status: DYNAMIC
Report-To: {"endpoints":[{"url":"https:\/\/a.nel.cloudflare.com\/report\/v4?s=BRTTB2oJ6hSQdaOrrfCAXSYzRu2BpKlnrmeiVRvqypEsAMygd5stBCnfhMgBUtnbOyI0wIhXDQhgqw1tY9YH%2BUuTD3DitEFVJVnNQzNnMqBu9j%2F5MX%2BC0vg6r0iTQJDM%2F84jic3KzGfHuP%2FF6dhLlAhdTDA%3D"}],"group":"cf-nel","max_age":604800}
NEL: {"success_fraction":0,"report_to":"cf-nel","max_age":604800}
Server: cloudflare
CF-RAY: 89bf2eef2b319d3a-DME
alt-svc: h3=":443"; ma=86400

{
    "success": true,
    "message": "User successfully removed"
}
HTTP/1.1 202 Accepted
Date: Sun, 30 Jun 2024 15:27:57 GMT
Content-Type: application/json; charset=utf-8
Content-Length: 54
Connection: keep-alive
X-Powered-By: Express
Access-Control-Allow-Origin: *
ETag: W/"36-hDmZnQ3Ou/ynnqAeC6TYmyseuzY"
CF-Cache-Status: DYNAMIC
Report-To: {"endpoints":[{"url":"https:\/\/a.nel.cloudflare.com\/report\/v4?s=BRTTB2oJ6hSQdaOrrfCAXSYzRu2BpKlnrmeiVRvqypEsAMygd5stBCnfhMgBUtnbOyI0wIhXDQhgqw1tY9YH%2BUuTD3DitEFVJVnNQzNnMqBu9j%2F5MX%2BC0vg6r0iTQJDM%2F84jic3KzGfHuP%2FF6dhLlAhdTDA%3D"}],"group":"cf-nel","max_age":604800}
NEL: {"success_fraction":0,"report_to":"cf-nel","max_age":604800}
Server: cloudflare
CF-RAY: 89bf2eef2b319d3a-DME
alt-svc: h3=":443"; ma=86400

{
    "success": true,
    "message": "User successfully removed"
}
HTTP/1.1 202 Accepted
Date: Sun, 30 Jun 2024 15:27:57 GMT
Content-Type: application/json; charset=utf-8
Content-Length: 54
Connection: keep-alive
X-Powered-By: Express
Access-Control-Allow-Origin: *
ETag: W/"36-hDmZnQ3Ou/ynnqAeC6TYmyseuzY"
CF-Cache-Status: DYNAMIC
Report-To: {"endpoints":[{"url":"https:\/\/a.nel.cloudflare.com\/report\/v4?s=BRTTB2oJ6hSQdaOrrfCAXSYzRu2BpKlnrmeiVRvqypEsAMygd5stBCnfhMgBUtnbOyI0wIhXDQhgqw1tY9YH%2BUuTD3DitEFVJVnNQzNnMqBu9j%2F5MX%2BC0vg6r0iTQJDM%2F84jic3KzGfHuP%2FF6dhLlAhdTDA%3D"}],"group":"cf-nel","max_age":604800}
NEL: {"success_fraction":0,"report_to":"cf-nel","max_age":604800}
Server: cloudflare
CF-RAY: 89bf2eef2b319d3a-DME
alt-svc: h3=":443"; ma=86400

{
    "success": true,
    "message": "User successfully removed"
}
HTTP/1.1 202 Accepted
Date: Sun, 30 Jun 2024 15:27:57 GMT
Content-Type: application/json; charset=utf-8
Content-Length: 54
Connection: keep-alive
X-Powered-By: Express
Access-Control-Allow-Origin: *
ETag: W/"36-hDmZnQ3Ou/ynnqAeC6TYmyseuzY"
CF-Cache-Status: DYNAMIC
Report-To: {"endpoints":[{"url":"https:\/\/a.nel.cloudflare.com\/report\/v4?s=BRTTB2oJ6hSQdaOrrfCAXSYzRu2BpKlnrmeiVRvqypEsAMygd5stBCnfhMgBUtnbOyI0wIhXDQhgqw1tY9YH%2BUuTD3DitEFVJVnNQzNnMqBu9j%2F5MX%2BC0vg6r0iTQJDM%2F84jic3KzGfHuP%2FF6dhLlAhdTDA%3D"}],"group":"cf-nel","max_age":604800}
NEL: {"success_fraction":0,"report_to":"cf-nel","max_age":604800}
Server: cloudflare
CF-RAY: 89bf2eef2b319d3a-DME
alt-svc: h3=":443"; ma=86400

{
    "success": true,
    "message": "User successfully removed"
}
HTTP/1.1 202 Accepted
Date: Sun, 30 Jun 2024 15:27:57 GMT
Content-Type: application/json; charset=utf-8
Content-Length: 54
Connection: keep-alive
X-Powered-By: Express
Access-Control-Allow-Origin: *
ETag: W/"36-hDmZnQ3Ou/ynnqAeC6TYmyseuzY"
CF-Cache-Status: DYNAMIC
Report-To: {"endpoints":[{"url":"https:\/\/a.nel.cloudflare.com\/report\/v4?s=BRTTB2oJ6hSQdaOrrfCAXSYzRu2BpKlnrmeiVRvqypEsAMygd5stBCnfhMgBUtnbOyI0wIhXDQhgqw1tY9YH%2BUuTD3DitEFVJVnNQzNnMqBu9j%2F5MX%2BC0vg6r0iTQJDM%2F84jic3KzGfHuP%2FF6dhLlAhdTDA%3D"}],"group":"cf-nel","max_age":604800}
NEL: {"success_fraction":0,"report_to":"cf-nel","max_age":604800}
Server: cloudflare
CF-RAY: 89bf2eef2b319d3a-DME
alt-svc: h3=":443"; ma=86400

{
    "success": true,
    "message": "User successfully removed"
}
HTTP/1.1 202 Accepted
Date: Sun, 30 Jun 2024 15:27:57 GMT
Content-Type: application/json; charset=utf-8
Content-Length: 54
Connection: keep-alive
X-Powered-By: Express
Access-Control-Allow-Origin: *
ETag: W/"36-hDmZnQ3Ou/ynnqAeC6TYmyseuzY"
CF-Cache-Status: DYNAMIC
Report-To: {"endpoints":[{"url":"https:\/\/a.nel.cloudflare.com\/report\/v4?s=BRTTB2oJ6hSQdaOrrfCAXSYzRu2BpKlnrmeiVRvqypEsAMygd5stBCnfhMgBUtnbOyI0wIhXDQhgqw1tY9YH%2BUuTD3DitEFVJVnNQzNnMqBu9j%2F5MX%2BC0vg6r0iTQJDM%2F84jic3KzGfHuP%2FF6dhLlAhdTDA%3D"}],"group":"cf-nel","max_age":604800}
NEL: {"success_fraction":0,"report_to":"cf-nel","max_age":604800}
Server: cloudflare
CF-RAY: 89bf2eef2b319d3a-DME
alt-svc: h3=":443"; ma=86400

{
    "success": true,
    "message": "User successfully removed"
}
HTTP/1.1 202 Accepted
Date: Sun, 30 Jun 2024 15:27:57 GMT
Content-Type: application/json; charset=utf-8
Content-Length: 54
Connection: keep-alive
X-Powered-By: Express
Access-Control-Allow-Origin: *
ETag: W/"36-hDmZnQ3Ou/ynnqAeC6TYmyseuzY"
CF-Cache-Status: DYNAMIC
Report-To: {"endpoints":[{"url":"https:\/\/a.nel.cloudflare.com\/report\/v4?s=BRTTB2oJ6hSQdaOrrfCAXSYzRu2BpKlnrmeiVRvqypEsAMygd5stBCnfhMgBUtnbOyI0wIhXDQhgqw1tY9YH%2BUuTD3DitEFVJVnNQzNnMqBu9j%2F5MX%2BC0vg6r0iTQJDM%2F84jic3KzGfHuP%2FF6dhLlAhdTDA%3D"}],"group":"cf-nel","max_age":604800}
NEL: {"success_fraction":0,"report_to":"cf-nel","max_age":604800}
Server: cloudflare
CF-RAY: 89bf2eef2b319d3a-DME
alt-svc: h3=":443"; ma=86400

{
    "success": true,
    "message": "User successfully removed"
}
HTTP/1.1 202 Accepted
Date: Sun, 30 Jun 2024 15:27:57 GMT
Content-Type: application/json; charset=utf-8
Content-Length: 54
Connection: keep-alive
X-Powered-By: Express
Access-Control-Allow-Origin: *
ETag: W/"36-hDmZnQ3Ou/ynnqAeC6TYmyseuzY"
CF-Cache-Status: DYNAMIC
Report-To: {"endpoints":[{"url":"https:\/\/a.nel.cloudflare.com\/report\/v4?s=BRTTB2oJ6hSQdaOrrfCAXSYzRu2BpKlnrmeiVRvqypEsAMygd5stBCnfhMgBUtnbOyI0wIhXDQhgqw1tY9YH%2BUuTD3DitEFVJVnNQzNnMqBu9j%2F5MX%2BC0vg6r0iTQJDM%2F84jic3KzGfHuP%2FF6dhLlAhdTDA%3D"}],"group":"cf-nel","max_age":604800}
NEL: {"success_fraction":0,"report_to":"cf-nel","max_age":604800}
Server: cloudflare
CF-RAY: 89bf2eef2b319d3a-DME
alt-svc: h3=":443"; ma=86400

{
    "success": true,
    "message": "User successfully removed"
}
HTTP/1.1 202 Accepted
Date: Sun, 30 Jun 2024 15:27:57 GMT
Content-Type: application/json; charset=utf-8
Content-Length: 54
Connection: keep-alive
X-Powered-By: Express
Access-Control-Allow-Origin: *
ETag: W/"36-hDmZnQ3Ou/ynnqAeC6TYmyseuzY"
CF-Cache-Status: DYNAMIC
Report-To: {"endpoints":[{"url":"https:\/\/a.nel.cloudflare.com\/report\/v4?s=BRTTB2oJ6hSQdaOrrfCAXSYzRu2BpKlnrmeiVRvqypEsAMygd5stBCnfhMgBUtnbOyI0wIhXDQhgqw1tY9YH%2BUuTD3DitEFVJVnNQzNnMqBu9j%2F5MX%2BC0vg6r0iTQJDM%2F84jic3KzGfHuP%2FF6dhLlAhdTDA%3D"}],"group":"cf-nel","max_age":604800}
NEL: {"success_fraction":0,"report_to":"cf-nel","max_age":604800}
Server: cloudflare
CF-RAY: 89bf2eef2b319d3a-DME
alt-svc: h3=":443"; ma=86400

{
    "success": true,
    "message": "User successfully removed"
}
HTTP/1.1 202 Accepted
Date: Sun, 30 Jun 2024 15:27:57 GMT
Content-Type: application/json; charset=utf-8
Content-Length: 54
Connection: keep-alive
X-Powered-By: Express
Access-Control-Allow-Origin: *
ETag: W/"36-hDmZnQ3Ou/ynnqAeC6TYmyseuzY"
CF-Cache-Status: DYNAMIC
Report-To: {"endpoints":[{"url":"https:\/\/a.nel.cloudflare.com\/report\/v4?s=BRTTB2oJ6hSQdaOrrfCAXSYzRu2BpKlnrmeiVRvqypEsAMygd5stBCnfhMgBUtnbOyI0wIhXDQhgqw1tY9YH%2BUuTD3DitEFVJVnNQzNnMqBu9j%2F5MX%2BC0vg6r0iTQJDM%2F84jic3KzGfHuP%2FF6dhLlAhdTDA%3D"}],"group":"cf-nel","max_age":604800}
NEL: {"success_fraction":0,"report_to":"cf-nel","max_age":604800}
Server: cloudflare
CF-RAY: 89bf2eef2b319d3a-DME
alt-svc: h3=":443"; ma=86400

{
    "success": true,
    "message": "User successfully removed"
}
HTTP/1.1 202 Accepted
Date: Sun, 30 Jun 2024 15:27:57 GMT
Content-Type: application/json; charset=utf-8
Content-Length: 54
Connection: keep-alive
X-Powered-By: Express
Access-Control-Allow-Origin: *
ETag: W/"36-hDmZnQ3Ou/ynnqAeC6TYmyseuzY"
CF-Cache-Status: DYNAMIC
Report-To: {"endpoints":[{"url":"https:\/\/a.nel.cloudflare.com\/report\/v4?s=BRTTB2oJ6hSQdaOrrfCAXSYzRu2BpKlnrmeiVRvqypEsAMygd5stBCnfhMgBUtnbOyI0wIhXDQhgqw1tY9YH%2BUuTD3DitEFVJVnNQzNnMqBu9j%2F5MX%2BC0vg6r0iTQJDM%2F84jic3KzGfHuP%2FF6dhLlAhdTDA%3D"}],"group":"cf-nel","max_age":604800}
NEL: {"success_fraction":0,"report_to":"cf-nel","max_age":604800}
Server: cloudflare
CF-RAY: 89bf2eef2b319d3a-DME
alt-svc: h3=":443"; ma=86400

{
    "success": true,
    "message": "User successfully removed"
}
HTTP/1.1 202 Accepted
Date: Sun, 30 Jun 2024 15:27:57 GMT
Content-Type: application/json; charset=utf-8
Content-Length: 54
Connection: keep-alive
X-Powered-By: Express
Access-Control-Allow-Origin: *
ETag: W/"36-hDmZnQ3Ou/ynnqAeC6TYmyseuzY"
CF-Cache-Status: DYNAMIC
Report-To: {"endpoints":[{"url":"https:\/\/a.nel.cloudflare.com\/report\/v4?s=BRTTB2oJ6hSQdaOrrfCAXSYzRu2BpKlnrmeiVRvqypEsAMygd5stBCnfhMgBUtnbOyI0wIhXDQhgqw1tY9YH%2BUuTD3DitEFVJVnNQzNnMqBu9j%2F5MX%2BC0vg6r0iTQJDM%2F84jic3KzGfHuP%2FF6dhLlAhdTDA%3D"}],"group":"cf-nel","max_age":604800}
NEL: {"success_fraction":0,"report_to":"cf-nel","max_age":604800}
Server: cloudflare
CF-RAY: 89bf2eef2b319d3a-DME
alt-svc: h3=":443"; ma=86400

{
    "success": true,
    "message": "User successfully removed"
}
HTTP/1.1 202 Accepted
Date: Sun, 30 Jun 2024 15:27:57 GMT
Content-Type: application/json; charset=utf-8
Content-Length: 54
Connection: keep-alive
X-Powered-By: Express
Access-Control-Allow-Origin: *
ETag: W/"36-hDmZnQ3Ou/ynnqAeC6TYmyseuzY"
CF-Cache-Status: DYNAMIC
Report-To: {"endpoints":[{"url":"https:\/\/a.nel.cloudflare.com\/report\/v4?s=BRTTB2oJ6hSQdaOrrfCAXSYzRu2BpKlnrmeiVRvqypEsAMygd5stBCnfhMgBUtnbOyI0wIhXDQhgqw1tY9YH%2BUuTD3DitEFVJVnNQzNnMqBu9j%2F5MX%2BC0vg6r0iTQJDM%2F84jic3KzGfHuP%2FF6dhLlAhdTDA%3D"}],"group":"cf-nel","max_age":604800}
NEL: {"success_fraction":0,"report_to":"cf-nel","max_age":604800}
Server: cloudflare
CF-RAY: 89bf2eef2b319d3a-DME
alt-svc: h3=":443"; ma=86400

{
    "success": true,
    "message": "User successfully removed"
}
HTTP/1.1 202 Accepted
Date: Sun, 30 Jun 2024 15:27:57 GMT
Content-Type: application/json; charset=utf-8
Content-Length: 54
Connection: keep-alive
X-Powered-By: Express
Access-Control-Allow-Origin: *
ETag: W/"36-hDmZnQ3Ou/ynnqAeC6TYmyseuzY"
CF-Cache-Status: DYNAMIC
Report-To: {"endpoints":[{"url":"https:\/\/a.nel.cloudflare.com\/report\/v4?s=BRTTB2oJ6hSQdaOrrfCAXSYzRu2BpKlnrmeiVRvqypEsAMygd5stBCnfhMgBUtnbOyI0wIhXDQhgqw1tY9YH%2BUuTD3DitEFVJVnNQzNnMqBu9j%2F5MX%2BC0vg6r0iTQJDM%2F84jic3KzGfHuP%2FF6dhLlAhdTDA%3D"}],"group":"cf-nel","max_age":604800}
NEL: {"success_fraction":0,"report_to":"cf-nel","max_age":604800}
Server: cloudflare
CF-RAY: 89bf2eef2b319d3a-DME
alt-svc: h3=":443"; ma=86400

{
    "success": true,
    "message": "User successfully removed"
}
HTTP/1.1 202 Accepted
Date: Sun, 30 Jun 2024 15:27:57 GMT
Content-Type: application/json; charset=utf-8
Content-Length: 54
Connection: keep-alive
X-Powered-By: Express
Access-Control-Allow-Origin: *
ETag: W/"36-hDmZnQ3Ou/ynnqAeC6TYmyseuzY"
CF-Cache-Status: DYNAMIC
Report-To: {"endpoints":[{"url":"https:\/\/a.nel.cloudflare.com\/report\/v4?s=BRTTB2oJ6hSQdaOrrfCAXSYzRu2BpKlnrmeiVRvqypEsAMygd5stBCnfhMgBUtnbOyI0wIhXDQhgqw1tY9YH%2BUuTD3DitEFVJVnNQzNnMqBu9j%2F5MX%2BC0vg6r0iTQJDM%2F84jic3KzGfHuP%2FF6dhLlAhdTDA%3D"}],"group":"cf-nel","max_age":604800}
NEL: {"success_fraction":0,"report_to":"cf-nel","max_age":604800}
Server: cloudflare
CF-RAY: 89bf2eef2b319d3a-DME
alt-svc: h3=":443"; ma=86400

{
    "success": true,
    "message": "User successfully removed"
}
HTTP/1.1 202 Accepted
Date: Sun, 30 Jun 2024 15:27:57 GMT
Content-Type: application/json; charset=utf-8
Content-Length: 54
Connection: keep-alive
X-Powered-By: Express
Access-Control-Allow-Origin: *
ETag: W/"36-hDmZnQ3Ou/ynnqAeC6TYmyseuzY"
CF-Cache-Status: DYNAMIC
Report-To: {"endpoints":[{"url":"https:\/\/a.nel.cloudflare.com\/report\/v4?s=BRTTB2oJ6hSQdaOrrfCAXSYzRu2BpKlnrmeiVRvqypEsAMygd5stBCnfhMgBUtnbOyI0wIhXDQhgqw1tY9YH%2BUuTD3DitEFVJVnNQzNnMqBu9j%2F5MX%2BC0vg6r0iTQJDM%2F84jic3KzGfHuP%2FF6dhLlAhdTDA%3D"}],"group":"cf-nel","max_age":604800}
NEL: {"success_fraction":0,"report_to":"cf-nel","max_age":604800}
Server: cloudflare
CF-RAY: 89bf2eef2b319d3a-DME
alt-svc: h3=":443"; ma=86400

{
    "success": true,
    "message": "User successfully removed"
}
HTTP/1.1 202 Accepted
Date: Sun, 30 Jun 2024 15:27:57 GMT
Content-Type: application/json; charset=utf-8
Content-Length: 54
Connection: keep-alive
X-Powered-By: Express
Access-Control-Allow-Origin: *
ETag: W/"36-hDmZnQ3Ou/ynnqAeC6TYmyseuzY"
CF-Cache-Status: DYNAMIC
Report-To: {"endpoints":[{"url":"https:\/\/a.nel.cloudflare.com\/report\/v4?s=BRTTB2oJ6hSQdaOrrfCAXSYzRu2BpKlnrmeiVRvqypEsAMygd5stBCnfhMgBUtnbOyI0wIhXDQhgqw1tY9YH%2BUuTD3DitEFVJVnNQzNnMqBu9j%2F5MX%2BC0vg6r0iTQJDM%2F84jic3KzGfHuP%2FF6dhLlAhdTDA%3D"}],"group":"cf-nel","max_age":604800}
NEL: {"success_fraction":0,"report_to":"cf-nel","max_age":604800}
Server: cloudflare
CF-RAY: 89bf2eef2b319d3a-DME
alt-svc: h3=":443"; ma=86400

{
    "success": true,
    "message": "User successfully removed"
}
HTTP/1.1 202 Accepted
Date: Sun, 30 Jun 2024 15:27:57 GMT
Content-Type: application/json; charset=utf-8
Content-Length: 54
Connection: keep-alive
X-Powered-By: Express
Access-Control-Allow-Origin: *
ETag: W/"36-hDmZnQ3Ou/ynnqAeC6TYmyseuzY"
CF-Cache-Status: DYNAMIC
Report-To: {"endpoints":[{"url":"https:\/\/a.nel.cloudflare.com\/report\/v4?s=BRTTB2oJ6hSQdaOrrfCAXSYzRu2BpKlnrmeiVRvqypEsAMygd5stBCnfhMgBUtnbOyI0wIhXDQhgqw1tY9YH%2BUuTD3DitEFVJVnNQzNnMqBu9j%2F5MX%2BC0vg6r0iTQJDM%2F84jic3KzGfHuP%2FF6dhLlAhdTDA%3D"}],"group":"cf-nel","max_age":604800}
NEL: {"success_fraction":0,"report_to":"cf-nel","max_age":604800}
Server: cloudflare
CF-RAY: 89bf2eef2b319d3a-DME
alt-svc: h3=":443"; ma=86400

{
    "success": true,
    "message": "User successfully removed"
}
HTTP/1.1 202 Accepted
Date: Sun, 30 Jun 2024 15:27:57 GMT
Content-Type: application/json; charset=utf-8
Content-Length: 54
Connection: keep-alive
X-Powered-By: Express
Access-Control-Allow-Origin: *
ETag: W/"36-hDmZnQ3Ou/ynnqAeC6TYmyseuzY"
CF-Cache-Status: DYNAMIC
Report-To: {"endpoints":[{"url":"https:\/\/a.nel.cloudflare.com\/report\/v4?s=BRTTB2oJ6hSQdaOrrfCAXSYzRu2BpKlnrmeiVRvqypEsAMygd5stBCnfhMgBUtnbOyI0wIhXDQhgqw1tY9YH%2BUuTD3DitEFVJVnNQzNnMqBu9j%2F5MX%2BC0vg6r0iTQJDM%2F84jic3KzGfHuP%2FF6dhLlAhdTDA%3D"}],"group":"cf-nel","max_age":604800}
NEL: {"success_fraction":0,"report_to":"cf-nel","max_age":604800}
Server: cloudflare
CF-RAY: 89bf2eef2b319d3a-DME
alt-svc: h3=":443"; ma=86400

{
    "success": true,
    "message": "User successfully removed"
}
HTTP/1.1 202 Accepted
Date: Sun, 30 Jun 2024 15:27:57 GMT
Content-Type: application/json; charset=utf-8
Content-Length: 54
Connection: keep-alive
X-Powered-By: Express
Access-Control-Allow-Origin: *
ETag: W/"36-hDmZnQ3Ou/ynnqAeC6TYmyseuzY"
CF-Cache-Status: DYNAMIC
Report-To: {"endpoints":[{"url":"https:\/\/a.nel.cloudflare.com\/report\/v4?s=BRTTB2oJ6hSQdaOrrfCAXSYzRu2BpKlnrmeiVRvqypEsAMygd5stBCnfhMgBUtnbOyI0wIhXDQhgqw1tY9YH%2BUuTD3DitEFVJVnNQzNnMqBu9j%2F5MX%2BC0vg6r0iTQJDM%2F84jic3KzGfHuP%2FF6dhLlAhdTDA%3D"}],"group":"cf-nel","max_age":604800}
NEL: {"success_fraction":0,"report_to":"cf-nel","max_age":604800}
Server: cloudflare
CF-RAY: 89bf2eef2b319d3a-DME
alt-svc: h3=":443"; ma=86400

{
    "success": true,
    "message": "User successfully removed"
}
HTTP/1.1 202 Accepted
Date: Sun, 30 Jun 2024 15:27:57 GMT
Content-Type: application/json; charset=utf-8
Content-Length: 54
Connection: keep-alive
X-Powered-By: Express
Access-Control-Allow-Origin: *
ETag: W/"36-hDmZnQ3Ou/ynnqAeC6TYmyseuzY"
CF-Cache-Status: DYNAMIC
Report-To: {"endpoints":[{"url":"https:\/\/a.nel.cloudflare.com\/report\/v4?s=BRTTB2oJ6hSQdaOrrfCAXSYzRu2BpKlnrmeiVRvqypEsAMygd5stBCnfhMgBUtnbOyI0wIhXDQhgqw1tY9YH%2BUuTD3DitEFVJVnNQzNnMqBu9j%2F5MX%2BC0vg6r0iTQJDM%2F84jic3KzGfHuP%2FF6dhLlAhdTDA%3D"}],"group":"cf-nel","max_age":604800}
NEL: {"success_fraction":0,"report_to":"cf-nel","max_age":604800}
Server: cloudflare
CF-RAY: 89bf2eef2b319d3a-DME
alt-svc: h3=":443"; ma=86400

{
    "success": true,
    "message": "User successfully removed"
}
]]></system-out>
  </testcase>
</testsuite>